04.06.2019 21:18:09.267 [0000228c] ??? OSM handle == NULL error=2
04.06.2019 21:18:09.267 [0000228c] ^^^ SC trying session1
--- [2]
04.06.2019 21:18:09.267 [0000228c] --- App --- Immersive Display PRO v3.0.5 (01.01.2019)
04.06.2019 21:18:09.267 [0000228c] --- OS 6:2 Microsoft Windows 8 Professional (build 9200), 64-bit 7(0) 8(1) 8.1(0) 10(0)
04.06.2019 21:18:09.267 [0000228c] --- Process64 C:\Program Files\Intel\WiFi\bin\iwrap.exe
04.06.2019 21:18:09.267 [0000228c] --- CmdLine [/CMD:18 1]
04.06.2019 21:18:09.267 [0000228c] --- Enumerating displays ...
04.06.2019 21:18:09.267 [0000228c] --- SM_CMONITORS         = 1
04.06.2019 21:18:09.267 [0000228c] --- SM_SAMEDISPLAYFORMAT = 1
04.06.2019 21:18:09.267 [0000228c] --- SM_XVIRTUALSCREEN    = 0
04.06.2019 21:18:09.267 [0000228c] --- SM_YVIRTUALSCREEN    = 0
04.06.2019 21:18:09.267 [0000228c] --- SM_CXVIRTUALSCREEN   = 1024
04.06.2019 21:18:09.267 [0000228c] --- SM_CYVIRTUALSCREEN   = 768
04.06.2019 21:18:09.267 [0000228c] --- SM_CXCURSOR          = 32
04.06.2019 21:18:09.267 [0000228c] ??? No displays enumerated. Retry later
04.06.2019 21:18:09.282 [0000228c] --- hookD3D9
04.06.2019 21:18:09.283 [0000228c] --- DirectX9 dll=72ce0000
04.06.2019 21:18:09.325 [0000228c] --- DirectX9 API detected
04.06.2019 21:18:09.325 [0000228c] --- DirectX9Ex API detected
04.06.2019 21:18:09.325 [0000228c] --- i1: InterfaceProc1
04.06.2019 21:18:09.326 [0000228c] --- DXGI dll=a1720000
04.06.2019 21:18:09.347 [0000228c] --- DirectX DXGI API CreateDXGIFactory detected 1
04.06.2019 21:18:09.368 [0000228c] --- DirectX DXGI API CreateDXGIFactory1 detected 1
04.06.2019 21:18:09.389 [0000228c] --- DirectX DXGI API CreateDXGIFactory2 detected 1
04.06.2019 21:18:09.389 [0000228c] --- DirectX DXGI API detected
04.06.2019 21:18:09.389 [0000228c] --- DirectX D3D12 API detected hd3d12=9a880000
04.06.2019 21:18:09.410 [0000228c] --- DirectX D3D12 API detected 1
04.06.2019 21:18:09.410 [0000228c] --- hookOpenGL
04.06.2019 21:18:09.550 [0000228c] --- OpenGL API detected
04.06.2019 21:18:10.612 [0000228c] --- PROCESS DETACH
