05.06.2019 10:57:07.001 [0000212c] ??? OSM handle == NULL error=2
05.06.2019 10:57:07.001 [0000212c] ^^^ SC trying session1
--- [2]
05.06.2019 10:57:07.001 [0000212c] --- App --- Immersive Display PRO v3.0.5 (01.01.2019)
05.06.2019 10:57:07.001 [0000212c] --- OS 6:2 Microsoft Windows 8 Professional (build 9200), 64-bit 7(0) 8(1) 8.1(0) 10(0)
05.06.2019 10:57:07.001 [0000212c] --- Process32 C:\Program Files (x86)\Intel\Intel(R) Management Engine Components\LMS\LMS.exe
05.06.2019 10:57:07.001 [0000212c] --- CmdLine ["C:\Program Files (x86)\Intel\Intel(R) Management Engine Components\LMS\LMS.exe"]
05.06.2019 10:57:07.001 [0000212c] --- Enumerating displays ...
05.06.2019 10:57:07.001 [0000212c] --- SM_CMONITORS         = 1
05.06.2019 10:57:07.001 [0000212c] --- SM_SAMEDISPLAYFORMAT = 1
05.06.2019 10:57:07.001 [0000212c] --- SM_XVIRTUALSCREEN    = 0
05.06.2019 10:57:07.001 [0000212c] --- SM_YVIRTUALSCREEN    = 0
05.06.2019 10:57:07.001 [0000212c] --- SM_CXVIRTUALSCREEN   = 1024
05.06.2019 10:57:07.001 [0000212c] --- SM_CYVIRTUALSCREEN   = 768
05.06.2019 10:57:07.001 [0000212c] --- SM_CXCURSOR          = 32
05.06.2019 10:57:07.001 [0000212c] ??? No displays enumerated. Retry later
05.06.2019 10:57:07.001 [0000212c] --- hookD3D9
05.06.2019 10:57:07.001 [0000212c] --- DirectX9 dll=71410000
05.06.2019 10:57:07.048 [0000212c] --- DirectX9 API detected
05.06.2019 10:57:07.048 [0000212c] --- DirectX9Ex API detected
05.06.2019 10:57:07.048 [0000212c] --- i1: InterfaceProc1
05.06.2019 10:57:07.048 [0000212c] --- DXGI dll=72320000
05.06.2019 10:57:07.064 [0000212c] --- DirectX DXGI API CreateDXGIFactory detected 1
05.06.2019 10:57:07.095 [0000212c] --- DirectX DXGI API CreateDXGIFactory1 detected 1
05.06.2019 10:57:07.111 [0000212c] --- DirectX DXGI API CreateDXGIFactory2 detected 1
05.06.2019 10:57:07.111 [0000212c] --- DirectX DXGI API detected
05.06.2019 10:57:07.126 [0000212c] --- DirectX D3D12 API detected hd3d12=721b0000
05.06.2019 10:57:07.142 [0000212c] --- DirectX D3D12 API detected 1
05.06.2019 10:57:07.142 [0000212c] --- hookOpenGL
05.06.2019 10:57:07.298 [0000212c] --- OpenGL API detected
05.06.2019 11:09:44.092 [0000212c] --- PROCESS DETACH
