05.06.2019 11:16:17.129 [00002344] --- App --- Immersive Display PRO v3.0.5 (01.01.2019)
05.06.2019 11:16:17.129 [00002344] --- OS 6:2 Microsoft Windows 8 Professional (build 9200), 64-bit 7(0) 8(1) 8.1(0) 10(0)
05.06.2019 11:16:17.129 [00002344] --- Process64 C:\Program Files (x86)\Kindel Systems\MCE Controller\MCEControl.exe
05.06.2019 11:16:17.129 [00002344] --- CmdLine ["C:\Program Files (x86)\Kindel Systems\MCE Controller\MCEControl.exe" ]
05.06.2019 11:16:17.129 [00002344] --- Enumerating displays ...
05.06.2019 11:16:17.130 [00002344] --- Device N[\\.\DISPLAY1] S[Radeon RX 580 Series] M[Generic PnP Monitor] F[desktop primary ]
05.06.2019 11:16:17.131 [00002344] --- Device N[\\.\DISPLAY2] S[Radeon RX 580 Series] M[] F[]
05.06.2019 11:16:17.131 [00002344] --- Device N[\\.\DISPLAY3] S[Radeon RX 580 Series] M[] F[]
05.06.2019 11:16:17.132 [00002344] --- Device N[\\.\DISPLAY4] S[Radeon RX 580 Series] M[] F[]
05.06.2019 11:16:17.132 [00002344] --- Device N[\\.\DISPLAY5] S[Radeon RX 580 Series] M[] F[]
05.06.2019 11:16:17.133 [00002344] --- Device N[\\.\DISPLAY6] S[Radeon RX 580 Series] M[] F[]
05.06.2019 11:16:17.133 [00002344] --- Device N[\\.\DISPLAY7] S[Radeon RX 580 Series] M[] F[]
05.06.2019 11:16:17.134 [00002344] --- Device N[\\.\DISPLAY8] S[Radeon RX 580 Series] M[] F[]
05.06.2019 11:16:17.134 [00002344] --- SM_CMONITORS         = 1
05.06.2019 11:16:17.134 [00002344] --- SM_SAMEDISPLAYFORMAT = 1
05.06.2019 11:16:17.134 [00002344] --- SM_XVIRTUALSCREEN    = 0
05.06.2019 11:16:17.134 [00002344] --- SM_YVIRTUALSCREEN    = 0
05.06.2019 11:16:17.134 [00002344] --- SM_CXVIRTUALSCREEN   = 3840
05.06.2019 11:16:17.134 [00002344] --- SM_CYVIRTUALSCREEN   = 1200
05.06.2019 11:16:17.134 [00002344] --- SM_CXCURSOR          = 32
05.06.2019 11:16:17.136 [00002344] --- [\\.\DISPLAY1] [Radeon RX 580 Series] [MONITOR\ADVEF2D\{4d36e96e-e325-11ce-bfc1-08002be10318}\0017] [Generic PnP Monitor]
05.06.2019 11:16:17.136 [00002344] --- Enumerated 1 displays
05.06.2019 11:16:17.136 [00002344] --- Displays initialized
05.06.2019 11:16:17.136 [00002344] --- Displays[0] M[00010001] HDC[1e010b61] GDC[16010b59] L=0 T=0 R=3840 B=1200 RECT[0,0 3840x1200] N[\\.\DISPLAY1] M[Generic PnP Monitor] F[1] PROJ[2x1] MAPS[2]
05.06.2019 11:16:17.136 [00002344] ---    Grouping G[0] N[0] GD[]
05.06.2019 11:16:17.136 [00002344] --- ---
05.06.2019 11:16:17.137 [00002344] --- hookD3D9
05.06.2019 11:16:17.137 [00002344] --- DirectX9 dll=feaf0000
05.06.2019 11:16:17.184 [00002344] --- DirectX9 API detected
05.06.2019 11:16:17.184 [00002344] --- DirectX9Ex API detected
05.06.2019 11:16:17.184 [00002344] --- i1: InterfaceProc1
05.06.2019 11:16:17.185 [00002344] --- interfaceFunc1 [\\.\DISPLAY1] totalMaps=2
05.06.2019 11:16:17.185 [00002344] --- DXGI dll=2d520000
05.06.2019 11:16:17.208 [00002344] --- DirectX DXGI API CreateDXGIFactory detected 1
05.06.2019 11:16:17.231 [00002344] --- DirectX DXGI API CreateDXGIFactory1 detected 1
05.06.2019 11:16:17.254 [00002344] --- DirectX DXGI API CreateDXGIFactory2 detected 1
05.06.2019 11:16:17.254 [00002344] --- DirectX DXGI API detected
05.06.2019 11:16:17.255 [00002344] --- DirectX D3D12 API detected hd3d12=26cf0000
05.06.2019 11:16:17.278 [00002344] --- DirectX D3D12 API detected 1
05.06.2019 11:16:17.278 [00002344] --- hookOpenGL
05.06.2019 11:16:17.439 [00002344] --- OpenGL API detected
