05.06.2019 11:19:29.992 [00001e28] ??? OSM handle == NULL error=2
05.06.2019 11:19:29.992 [00001e28] ^^^ SC trying session1
--- [2]
05.06.2019 11:19:29.993 [00001e28] --- App --- Immersive Display PRO v3.0.5 (01.01.2019)
05.06.2019 11:19:29.993 [00001e28] --- OS 6:2 Microsoft Windows 8 Professional (build 9200), 64-bit 7(0) 8(1) 8.1(0) 10(0)
05.06.2019 11:19:29.993 [00001e28] --- Process64 C:\Program Files\Intel\SUR\QUEENCREEK\x64\esrv_svc.exe
05.06.2019 11:19:29.993 [00001e28] --- CmdLine ["C:\Program Files\Intel\SUR\QUEENCREEK\x64\esrv_svc.exe" "--run_as_user_process" ]
05.06.2019 11:19:29.993 [00001e28] --- Enumerating displays ...
05.06.2019 11:19:29.993 [00001e28] --- SM_CMONITORS         = 1
05.06.2019 11:19:29.993 [00001e28] --- SM_SAMEDISPLAYFORMAT = 1
05.06.2019 11:19:29.993 [00001e28] --- SM_XVIRTUALSCREEN    = 0
05.06.2019 11:19:29.993 [00001e28] --- SM_YVIRTUALSCREEN    = 0
05.06.2019 11:19:29.993 [00001e28] --- SM_CXVIRTUALSCREEN   = 1024
05.06.2019 11:19:29.993 [00001e28] --- SM_CYVIRTUALSCREEN   = 768
05.06.2019 11:19:29.993 [00001e28] --- SM_CXCURSOR          = 32
05.06.2019 11:19:29.993 [00001e28] ??? No displays enumerated. Retry later
05.06.2019 11:19:29.993 [00001e28] --- hookD3D9
05.06.2019 11:19:29.993 [00001e28] --- DirectX9 dll=feaf0000
05.06.2019 11:19:30.031 [00001e28] --- DirectX9 API detected
05.06.2019 11:19:30.031 [00001e28] --- DirectX9Ex API detected
05.06.2019 11:19:30.031 [00001e28] --- i1: InterfaceProc1
05.06.2019 11:19:30.031 [00001e28] --- DXGI dll=2d520000
05.06.2019 11:19:30.050 [00001e28] --- DirectX DXGI API CreateDXGIFactory detected 1
05.06.2019 11:19:30.068 [00001e28] --- DirectX DXGI API CreateDXGIFactory1 detected 1
05.06.2019 11:19:30.087 [00001e28] --- DirectX DXGI API CreateDXGIFactory2 detected 1
05.06.2019 11:19:30.087 [00001e28] --- DirectX DXGI API detected
05.06.2019 11:19:30.087 [00001e28] --- DirectX D3D12 API detected hd3d12=26cf0000
05.06.2019 11:19:30.106 [00001e28] --- DirectX D3D12 API detected 1
05.06.2019 11:19:30.106 [00001e28] --- hookOpenGL
05.06.2019 11:19:30.234 [00001e28] --- OpenGL API detected
05.06.2019 11:19:30.287 [00001e28] --- PROCESS DETACH
