04.06.2019 21:43:18.439 [00001f8c] --- App --- Immersive Display PRO v3.0.5 (01.01.2019)
04.06.2019 21:43:18.439 [00001f8c] --- OS 6:2 Microsoft Windows 8 Professional (build 9200), 64-bit 7(0) 8(1) 8.1(0) 10(0)
04.06.2019 21:43:18.439 [00001f8c] --- Process64 C:\Users\own\scoop\apps\git\current\cmd\git.exe
04.06.2019 21:43:18.439 [00001f8c] --- CmdLine ["C:\Users\own\scoop\apps\git\current\cmd\git.exe"  pull]
04.06.2019 21:43:18.439 [00001f8c] --- Enumerating displays ...
04.06.2019 21:43:18.439 [00001f8c] --- Device N[\\.\DISPLAY1] S[Radeon RX 580 Series] M[Generic PnP Monitor] F[desktop primary ]
04.06.2019 21:43:18.439 [00001f8c] --- Device N[\\.\DISPLAY2] S[Radeon RX 580 Series] M[] F[]
04.06.2019 21:43:18.439 [00001f8c] --- Device N[\\.\DISPLAY3] S[Radeon RX 580 Series] M[] F[]
04.06.2019 21:43:18.439 [00001f8c] --- Device N[\\.\DISPLAY4] S[Radeon RX 580 Series] M[] F[]
04.06.2019 21:43:18.439 [00001f8c] --- Device N[\\.\DISPLAY5] S[Radeon RX 580 Series] M[] F[]
04.06.2019 21:43:18.455 [00001f8c] --- Device N[\\.\DISPLAY6] S[Radeon RX 580 Series] M[] F[]
04.06.2019 21:43:18.455 [00001f8c] --- Device N[\\.\DISPLAY7] S[Radeon RX 580 Series] M[] F[]
04.06.2019 21:43:18.455 [00001f8c] --- Device N[\\.\DISPLAY8] S[Radeon RX 580 Series] M[] F[]
04.06.2019 21:43:18.455 [00001f8c] --- SM_CMONITORS         = 1
04.06.2019 21:43:18.455 [00001f8c] --- SM_SAMEDISPLAYFORMAT = 1
04.06.2019 21:43:18.455 [00001f8c] --- SM_XVIRTUALSCREEN    = 0
04.06.2019 21:43:18.455 [00001f8c] --- SM_YVIRTUALSCREEN    = 0
04.06.2019 21:43:18.455 [00001f8c] --- SM_CXVIRTUALSCREEN   = 1920
04.06.2019 21:43:18.455 [00001f8c] --- SM_CYVIRTUALSCREEN   = 1200
04.06.2019 21:43:18.455 [00001f8c] --- SM_CXCURSOR          = 32
04.06.2019 21:43:18.455 [00001f8c] --- [\\.\DISPLAY1] [Radeon RX 580 Series] [MONITOR\SECA70B\{4d36e96e-e325-11ce-bfc1-08002be10318}\0016] [Generic PnP Monitor]
04.06.2019 21:43:18.455 [00001f8c] --- Enumerated 1 displays
04.06.2019 21:43:18.455 [00001f8c] --- Displays initialized
04.06.2019 21:43:18.455 [00001f8c] --- Displays[0] M[00010001] HDC[0b010bfb] GDC[5a010c53] L=0 T=0 R=1920 B=1200 RECT[0,0 1920x1200] N[\\.\DISPLAY1] M[Generic PnP Monitor] F[1] PROJ[0x0] MAPS[0]
04.06.2019 21:43:18.455 [00001f8c] ---    Grouping G[0] N[0] GD[]
04.06.2019 21:43:18.455 [00001f8c] --- ---
04.06.2019 21:43:18.455 [00001f8c] --- hookD3D9
04.06.2019 21:43:18.455 [00001f8c] --- DirectX9 dll=55e50000
04.06.2019 21:43:18.502 [00001f8c] --- DirectX9 API detected
04.06.2019 21:43:18.502 [00001f8c] --- DirectX9Ex API detected
04.06.2019 21:43:18.502 [00001f8c] --- i1: InterfaceProc1
04.06.2019 21:43:18.502 [00001f8c] --- DXGI dll=85810000
04.06.2019 21:43:18.517 [00001f8c] --- DirectX DXGI API CreateDXGIFactory detected 1
04.06.2019 21:43:18.533 [00001f8c] --- DirectX DXGI API CreateDXGIFactory1 detected 1
04.06.2019 21:43:18.564 [00001f8c] --- DirectX DXGI API CreateDXGIFactory2 detected 1
04.06.2019 21:43:18.564 [00001f8c] --- DirectX DXGI API detected
04.06.2019 21:43:18.564 [00001f8c] --- DirectX D3D12 API detected hd3d12=7ed40000
04.06.2019 21:43:18.580 [00001f8c] --- DirectX D3D12 API detected 1
04.06.2019 21:43:18.580 [00001f8c] --- hookOpenGL
04.06.2019 21:43:18.736 [00001f8c] --- OpenGL API detected
04.06.2019 21:43:25.627 [00001f8c] --- PROCESS DETACH
