05.06.2019 11:10:21.042 [00001824] ??? OSM handle == NULL error=2
05.06.2019 11:10:21.042 [00001824] ^^^ SC trying session1
05.06.2019 11:10:21.042 [00001824] ??? OSM handle == NULL error=2
05.06.2019 11:10:21.042 [00001824] ^^^ SC trying session2
05.06.2019 11:10:21.042 [00001824] ??? OSM handle == NULL error=3
05.06.2019 11:10:21.042 [00001824] --- DXGI dll=72830000
05.06.2019 11:10:21.074 [00001824] --- DirectX DXGI API CreateDXGIFactory detected 1
05.06.2019 11:10:21.089 [00001824] --- DirectX DXGI API CreateDXGIFactory1 detected 1
05.06.2019 11:10:21.105 [00001824] --- DirectX DXGI API CreateDXGIFactory2 detected 1
05.06.2019 11:10:21.105 [00001824] --- DirectX DXGI API detected
05.06.2019 11:10:21.105 [00001824] --- DirectX D3D12 API detected hd3d12=72610000
05.06.2019 11:10:21.136 [00001824] --- DirectX D3D12 API detected 1
05.06.2019 11:10:21.136 [00001824] ??? OSM handle == NULL error=2
05.06.2019 11:10:21.136 [00001824] ^^^ SC trying session1
05.06.2019 11:10:21.136 [00001824] ??? OSM handle == NULL error=2
05.06.2019 11:10:21.136 [00001824] ^^^ SC trying session2
05.06.2019 11:10:21.136 [00001824] ??? OSM handle == NULL error=3
05.06.2019 11:10:21.136 [00001824] ??? OSM handle == NULL error=2
05.06.2019 11:10:21.136 [00001824] ^^^ SC trying session1
05.06.2019 11:10:21.136 [00001824] ??? OSM handle == NULL error=2
05.06.2019 11:10:21.136 [00001824] ^^^ SC trying session2
05.06.2019 11:10:21.136 [00001824] ??? OSM handle == NULL error=3
05.06.2019 11:10:21.964 [00001824] ??? OSM handle == NULL error=2
05.06.2019 11:10:21.964 [00001824] ^^^ SC trying session1
05.06.2019 11:10:21.964 [00001824] ??? OSM handle == NULL error=2
05.06.2019 11:10:21.964 [00001824] ^^^ SC trying session2
05.06.2019 11:10:21.964 [00001824] ??? OSM handle == NULL error=3
05.06.2019 11:10:22.011 [000013d0] ??? OSM handle == NULL error=2
05.06.2019 11:10:22.011 [000013d0] ^^^ SC trying session1
05.06.2019 11:10:22.011 [000013d0] ??? OSM handle == NULL error=2
05.06.2019 11:10:22.011 [000013d0] ^^^ SC trying session2
05.06.2019 11:10:22.011 [000013d0] ??? OSM handle == NULL error=3
05.06.2019 11:10:22.026 [000013d0] ??? OSM handle == NULL error=2
05.06.2019 11:10:22.026 [000013d0] ^^^ SC trying session1
05.06.2019 11:10:22.026 [000013d0] ??? OSM handle == NULL error=2
05.06.2019 11:10:22.026 [000013d0] ^^^ SC trying session2
05.06.2019 11:10:22.026 [000013d0] ??? OSM handle == NULL error=3
--- [37]
05.06.2019 11:10:42.592 [000013d0] --- App --- Immersive Display PRO v3.0.5 (01.01.2019)
05.06.2019 11:10:42.592 [000013d0] --- OS 6:2 Microsoft Windows 8 Professional (build 9200), 64-bit 7(0) 8(1) 8.1(0) 10(0)
05.06.2019 11:10:42.592 [000013d0] --- Process32 C:\Program Files (x86)\TeamViewer\TeamViewer.exe
05.06.2019 11:10:42.592 [000013d0] --- CmdLine ["C:\Program Files (x86)\TeamViewer\TeamViewer.exe"]
05.06.2019 11:10:42.592 [000013d0] --- Enumerating displays ...
05.06.2019 11:10:42.592 [000013d0] --- Device N[\\.\DISPLAY1] S[Radeon RX 580 Series] M[Generic PnP Monitor] F[desktop primary ]
05.06.2019 11:10:42.607 [000013d0] --- Device N[\\.\DISPLAY2] S[Radeon RX 580 Series] M[] F[]
05.06.2019 11:10:42.607 [000013d0] --- Device N[\\.\DISPLAY3] S[Radeon RX 580 Series] M[] F[]
05.06.2019 11:10:42.607 [000013d0] --- Device N[\\.\DISPLAY4] S[Radeon RX 580 Series] M[] F[]
05.06.2019 11:10:42.607 [000013d0] --- Device N[\\.\DISPLAY5] S[Radeon RX 580 Series] M[] F[]
05.06.2019 11:10:42.607 [000013d0] --- Device N[\\.\DISPLAY6] S[Radeon RX 580 Series] M[] F[]
05.06.2019 11:10:42.607 [000013d0] --- Device N[\\.\DISPLAY7] S[Radeon RX 580 Series] M[] F[]
05.06.2019 11:10:42.607 [000013d0] --- Device N[\\.\DISPLAY8] S[Radeon RX 580 Series] M[] F[]
05.06.2019 11:10:42.607 [000013d0] --- SM_CMONITORS         = 1
05.06.2019 11:10:42.607 [000013d0] --- SM_SAMEDISPLAYFORMAT = 1
05.06.2019 11:10:42.607 [000013d0] --- SM_XVIRTUALSCREEN    = 0
05.06.2019 11:10:42.607 [000013d0] --- SM_YVIRTUALSCREEN    = 0
05.06.2019 11:10:42.607 [000013d0] --- SM_CXVIRTUALSCREEN   = 3840
05.06.2019 11:10:42.607 [000013d0] --- SM_CYVIRTUALSCREEN   = 1200
05.06.2019 11:10:42.607 [000013d0] --- SM_CXCURSOR          = 32
05.06.2019 11:10:42.607 [000013d0] --- [\\.\DISPLAY1] [Radeon RX 580 Series] [MONITOR\ADVEF2D\{4d36e96e-e325-11ce-bfc1-08002be10318}\0017] [Generic PnP Monitor]
05.06.2019 11:10:42.607 [000013d0] --- Enumerated 1 displays
05.06.2019 11:10:42.607 [000013d0] --- Displays initialized
05.06.2019 11:10:42.607 [000013d0] --- Displays[0] M[00010001] HDC[1f010c8e] GDC[10010c8a] L=0 T=0 R=3840 B=1200 RECT[0,0 3840x1200] N[\\.\DISPLAY1] M[Generic PnP Monitor] F[1] PROJ[2x1] MAPS[2]
05.06.2019 11:10:42.607 [000013d0] ---    Grouping G[0] N[0] GD[]
05.06.2019 11:10:42.607 [000013d0] --- ---
