04.06.2019 21:13:45.450 [00001a80] --- App --- Immersive Display PRO v3.0.5 (01.01.2019)
04.06.2019 21:13:45.450 [00001a80] --- OS 6:2 Microsoft Windows 8 Professional (build 9200), 64-bit 7(0) 8(1) 8.1(0) 10(0)
04.06.2019 21:13:45.450 [00001a80] --- Process32 C:\Windows\syswow64\MsiExec.exe
04.06.2019 21:13:45.450 [00001a80] --- CmdLine [C:\Windows\syswow64\MsiExec.exe -Embedding 2AD1CAB2C1AB524721A2A2E098DBABDE]
04.06.2019 21:13:45.450 [00001a80] --- Enumerating displays ...
04.06.2019 21:13:45.450 [00001a80] --- Device N[\\.\DISPLAY1] S[Radeon RX 580 Series] M[Generic PnP Monitor] F[desktop primary ]
04.06.2019 21:13:45.451 [00001a80] --- Device N[\\.\DISPLAY2] S[Radeon RX 580 Series] M[] F[]
04.06.2019 21:13:45.452 [00001a80] --- Device N[\\.\DISPLAY3] S[Radeon RX 580 Series] M[] F[]
04.06.2019 21:13:45.452 [00001a80] --- Device N[\\.\DISPLAY4] S[Radeon RX 580 Series] M[] F[]
04.06.2019 21:13:45.452 [00001a80] --- Device N[\\.\DISPLAY5] S[Radeon RX 580 Series] M[] F[]
04.06.2019 21:13:45.453 [00001a80] --- Device N[\\.\DISPLAY6] S[Radeon RX 580 Series] M[] F[]
04.06.2019 21:13:45.453 [00001a80] --- Device N[\\.\DISPLAY7] S[Radeon RX 580 Series] M[] F[]
04.06.2019 21:13:45.454 [00001a80] --- Device N[\\.\DISPLAY8] S[Radeon RX 580 Series] M[] F[]
04.06.2019 21:13:45.454 [00001a80] --- SM_CMONITORS         = 1
04.06.2019 21:13:45.454 [00001a80] --- SM_SAMEDISPLAYFORMAT = 1
04.06.2019 21:13:45.454 [00001a80] --- SM_XVIRTUALSCREEN    = 0
04.06.2019 21:13:45.454 [00001a80] --- SM_YVIRTUALSCREEN    = 0
04.06.2019 21:13:45.454 [00001a80] --- SM_CXVIRTUALSCREEN   = 3840
04.06.2019 21:13:45.454 [00001a80] --- SM_CYVIRTUALSCREEN   = 1200
04.06.2019 21:13:45.454 [00001a80] --- SM_CXCURSOR          = 32
04.06.2019 21:13:45.457 [00001a80] --- [\\.\DISPLAY1] [Radeon RX 580 Series] [MONITOR\ADVEF2D\{4d36e96e-e325-11ce-bfc1-08002be10318}\0013] [Generic PnP Monitor]
04.06.2019 21:13:45.458 [00001a80] --- Enumerated 1 displays
04.06.2019 21:13:45.458 [00001a80] --- Displays initialized
04.06.2019 21:13:45.458 [00001a80] --- Displays[0] M[00010001] HDC[10010fe7] GDC[25011295] L=0 T=0 R=3840 B=1200 RECT[0,0 3840x1200] N[\\.\DISPLAY1] M[Generic PnP Monitor] F[1] PROJ[2x1] MAPS[2]
04.06.2019 21:13:45.458 [00001a80] ---    Grouping G[0] N[0] GD[]
04.06.2019 21:13:45.458 [00001a80] --- ---
04.06.2019 21:13:45.458 [00001a80] --- hookD3D9
04.06.2019 21:13:45.459 [00001a80] --- DirectX9 dll=71460000
04.06.2019 21:13:45.492 [00001a80] --- DirectX9 API detected
04.06.2019 21:13:45.492 [00001a80] --- DirectX9Ex API detected
04.06.2019 21:13:45.492 [00001a80] --- i1: InterfaceProc1
04.06.2019 21:13:45.492 [00001a80] --- interfaceFunc1 [\\.\DISPLAY1] totalMaps=2
04.06.2019 21:13:45.493 [00001a80] --- DXGI dll=724a0000
04.06.2019 21:13:45.510 [00001a80] --- DirectX DXGI API CreateDXGIFactory detected 1
04.06.2019 21:13:45.527 [00001a80] --- DirectX DXGI API CreateDXGIFactory1 detected 1
04.06.2019 21:13:45.543 [00001a80] --- DirectX DXGI API CreateDXGIFactory2 detected 1
04.06.2019 21:13:45.543 [00001a80] --- DirectX DXGI API detected
04.06.2019 21:13:45.544 [00001a80] --- DirectX D3D12 API detected hd3d12=72330000
04.06.2019 21:13:45.560 [00001a80] --- DirectX D3D12 API detected 1
04.06.2019 21:13:45.560 [00001a80] --- hookOpenGL
04.06.2019 21:13:45.692 [00001a80] --- OpenGL API detected
04.06.2019 21:13:46.640 [00001a80] --- PROCESS DETACH
