04.06.2019 14:07:07.967 [0000127c] --- App --- Immersive Display PRO v3.0.5 (01.01.2019)
04.06.2019 14:07:07.967 [0000127c] --- OS 6:2 Microsoft Windows 8 Professional (build 9200), 64-bit 7(0) 8(1) 8.1(0) 10(0)
04.06.2019 14:07:07.967 [0000127c] --- Process32 C:\Users\own\AppData\Local\Temp\is-LADPU.tmp\vcredist_x64_110.exe
04.06.2019 14:07:07.967 [0000127c] --- CmdLine ["C:\Users\own\AppData\Local\Temp\is-LADPU.tmp\vcredist_x64_110.exe" /q /norestart]
04.06.2019 14:07:07.967 [0000127c] --- Enumerating displays ...
04.06.2019 14:07:07.967 [0000127c] --- Device N[\\.\DISPLAY1] S[Radeon RX 580 Series] M[Generic PnP Monitor] F[desktop primary ]
04.06.2019 14:07:07.968 [0000127c] --- Device N[\\.\DISPLAY2] S[Radeon RX 580 Series] M[] F[]
04.06.2019 14:07:07.969 [0000127c] --- Device N[\\.\DISPLAY3] S[Radeon RX 580 Series] M[] F[]
04.06.2019 14:07:07.969 [0000127c] --- Device N[\\.\DISPLAY4] S[Radeon RX 580 Series] M[] F[]
04.06.2019 14:07:07.970 [0000127c] --- Device N[\\.\DISPLAY5] S[Radeon RX 580 Series] M[] F[]
04.06.2019 14:07:07.971 [0000127c] --- Device N[\\.\DISPLAY6] S[Radeon RX 580 Series] M[] F[]
04.06.2019 14:07:07.971 [0000127c] --- Device N[\\.\DISPLAY7] S[Radeon RX 580 Series] M[] F[]
04.06.2019 14:07:07.972 [0000127c] --- Device N[\\.\DISPLAY8] S[Radeon RX 580 Series] M[] F[]
04.06.2019 14:07:07.972 [0000127c] --- SM_CMONITORS         = 1
04.06.2019 14:07:07.972 [0000127c] --- SM_SAMEDISPLAYFORMAT = 1
04.06.2019 14:07:07.972 [0000127c] --- SM_XVIRTUALSCREEN    = 0
04.06.2019 14:07:07.972 [0000127c] --- SM_YVIRTUALSCREEN    = 0
04.06.2019 14:07:07.972 [0000127c] --- SM_CXVIRTUALSCREEN   = 3840
04.06.2019 14:07:07.972 [0000127c] --- SM_CYVIRTUALSCREEN   = 1200
04.06.2019 14:07:07.972 [0000127c] --- SM_CXCURSOR          = 32
04.06.2019 14:07:07.974 [0000127c] --- [\\.\DISPLAY1] [Radeon RX 580 Series] [MONITOR\ADVEF2D\{4d36e96e-e325-11ce-bfc1-08002be10318}\0013] [Generic PnP Monitor]
04.06.2019 14:07:07.975 [0000127c] --- Enumerated 1 displays
04.06.2019 14:07:07.975 [0000127c] --- Displays initialized
04.06.2019 14:07:07.975 [0000127c] --- Displays[0] M[00010001] HDC[900111e0] GDC[450111ea] L=0 T=0 R=3840 B=1200 RECT[0,0 3840x1200] N[\\.\DISPLAY1] M[Generic PnP Monitor] F[1] PROJ[2x1] MAPS[2]
04.06.2019 14:07:07.975 [0000127c] ---    Grouping G[0] N[0] GD[]
04.06.2019 14:07:07.975 [0000127c] --- ---
04.06.2019 14:07:07.975 [0000127c] --- hookD3D9
04.06.2019 14:07:07.976 [0000127c] --- DirectX9 dll=710b0000
04.06.2019 14:07:08.004 [0000127c] --- DirectX9 API detected
04.06.2019 14:07:08.004 [0000127c] --- DirectX9Ex API detected
04.06.2019 14:07:08.004 [0000127c] --- i1: InterfaceProc1
04.06.2019 14:07:08.004 [0000127c] --- interfaceFunc1 [\\.\DISPLAY1] totalMaps=2
04.06.2019 14:07:08.004 [0000127c] --- DXGI dll=727a0000
04.06.2019 14:07:08.018 [0000127c] --- DirectX DXGI API CreateDXGIFactory detected 1
04.06.2019 14:07:08.032 [0000127c] --- DirectX DXGI API CreateDXGIFactory1 detected 1
04.06.2019 14:07:08.046 [0000127c] --- DirectX DXGI API CreateDXGIFactory2 detected 1
04.06.2019 14:07:08.046 [0000127c] --- DirectX DXGI API detected
04.06.2019 14:07:08.047 [0000127c] --- DirectX D3D12 API detected hd3d12=72630000
04.06.2019 14:07:08.061 [0000127c] --- DirectX D3D12 API detected 1
04.06.2019 14:07:08.061 [0000127c] --- hookOpenGL
04.06.2019 14:07:08.173 [0000127c] --- OpenGL API detected
04.06.2019 14:07:18.443 [0000127c] --- PROCESS DETACH
