05.06.2019 11:40:01.599 [00001fd8] --- App --- Immersive Display PRO v3.0.5 (01.01.2019)
05.06.2019 11:40:01.599 [00001fd8] --- OS 6:2 Microsoft Windows 8 Professional (build 9200), 64-bit 7(0) 8(1) 8.1(0) 10(0)
05.06.2019 11:40:01.599 [00001fd8] --- Process64 C:\Users\own\scoop\apps\git\2.21.0.windows.1\mingw64\libexec\git-core\git.exe
05.06.2019 11:40:01.599 [00001fd8] --- CmdLine [git merge FETCH_HEAD]
05.06.2019 11:40:01.599 [00001fd8] --- Enumerating displays ...
05.06.2019 11:40:01.600 [00001fd8] --- Device N[\\.\DISPLAY1] S[Radeon RX 580 Series] M[Generic PnP Monitor] F[desktop primary ]
05.06.2019 11:40:01.600 [00001fd8] --- Device N[\\.\DISPLAY2] S[Radeon RX 580 Series] M[] F[]
05.06.2019 11:40:01.601 [00001fd8] --- Device N[\\.\DISPLAY3] S[Radeon RX 580 Series] M[] F[]
05.06.2019 11:40:01.601 [00001fd8] --- Device N[\\.\DISPLAY4] S[Radeon RX 580 Series] M[] F[]
05.06.2019 11:40:01.602 [00001fd8] --- Device N[\\.\DISPLAY5] S[Radeon RX 580 Series] M[] F[]
05.06.2019 11:40:01.602 [00001fd8] --- Device N[\\.\DISPLAY6] S[Radeon RX 580 Series] M[] F[]
05.06.2019 11:40:01.603 [00001fd8] --- Device N[\\.\DISPLAY7] S[Radeon RX 580 Series] M[] F[]
05.06.2019 11:40:01.603 [00001fd8] --- Device N[\\.\DISPLAY8] S[Radeon RX 580 Series] M[] F[]
05.06.2019 11:40:01.603 [00001fd8] --- SM_CMONITORS         = 1
05.06.2019 11:40:01.603 [00001fd8] --- SM_SAMEDISPLAYFORMAT = 1
05.06.2019 11:40:01.603 [00001fd8] --- SM_XVIRTUALSCREEN    = 0
05.06.2019 11:40:01.604 [00001fd8] --- SM_YVIRTUALSCREEN    = 0
05.06.2019 11:40:01.604 [00001fd8] --- SM_CXVIRTUALSCREEN   = 3840
05.06.2019 11:40:01.604 [00001fd8] --- SM_CYVIRTUALSCREEN   = 1200
05.06.2019 11:40:01.604 [00001fd8] --- SM_CXCURSOR          = 32
05.06.2019 11:40:01.606 [00001fd8] --- [\\.\DISPLAY1] [Radeon RX 580 Series] [MONITOR\ADVEF2D\{4d36e96e-e325-11ce-bfc1-08002be10318}\0017] [Generic PnP Monitor]
05.06.2019 11:40:01.606 [00001fd8] --- Enumerated 1 displays
05.06.2019 11:40:01.606 [00001fd8] --- Displays initialized
05.06.2019 11:40:01.606 [00001fd8] --- Displays[0] M[00010001] HDC[4801069c] GDC[83010649] L=0 T=0 R=3840 B=1200 RECT[0,0 3840x1200] N[\\.\DISPLAY1] M[Generic PnP Monitor] F[1] PROJ[2x1] MAPS[2]
05.06.2019 11:40:01.606 [00001fd8] ---    Grouping G[0] N[0] GD[]
05.06.2019 11:40:01.606 [00001fd8] --- ---
05.06.2019 11:40:01.606 [00001fd8] --- hookD3D9
05.06.2019 11:40:01.607 [00001fd8] --- DirectX9 dll=73ec0000
05.06.2019 11:40:01.653 [00001fd8] --- DirectX9 API detected
05.06.2019 11:40:01.653 [00001fd8] --- DirectX9Ex API detected
05.06.2019 11:40:01.653 [00001fd8] --- i1: InterfaceProc1
05.06.2019 11:40:01.653 [00001fd8] --- interfaceFunc1 [\\.\DISPLAY1] totalMaps=2
05.06.2019 11:40:01.654 [00001fd8] --- DXGI dll=9d860000
05.06.2019 11:40:01.677 [00001fd8] --- DirectX DXGI API CreateDXGIFactory detected 1
05.06.2019 11:40:01.700 [00001fd8] --- DirectX DXGI API CreateDXGIFactory1 detected 1
05.06.2019 11:40:01.723 [00001fd8] --- DirectX DXGI API CreateDXGIFactory2 detected 1
05.06.2019 11:40:01.723 [00001fd8] --- DirectX DXGI API detected
05.06.2019 11:40:01.724 [00001fd8] --- DirectX D3D12 API detected hd3d12=96fa0000
05.06.2019 11:40:01.747 [00001fd8] --- DirectX D3D12 API detected 1
05.06.2019 11:40:01.747 [00001fd8] --- hookOpenGL
05.06.2019 11:40:01.912 [00001fd8] --- OpenGL API detected
05.06.2019 11:40:01.967 [00001fd8] --- PROCESS DETACH
