05.06.2019 11:18:29.200 [00001ff8] ??? OSM handle == NULL error=2
05.06.2019 11:18:29.200 [00001ff8] ^^^ SC trying session1
--- [2]
05.06.2019 11:18:29.200 [00001ff8] --- App --- Immersive Display PRO v3.0.5 (01.01.2019)
05.06.2019 11:18:29.200 [00001ff8] --- OS 6:2 Microsoft Windows 8 Professional (build 9200), 64-bit 7(0) 8(1) 8.1(0) 10(0)
05.06.2019 11:18:29.200 [00001ff8] --- Process32 C:\Program Files\Intel\SUR\QUEENCREEK\Updater\bin\IntelSoftwareAssetManagerService.exe
05.06.2019 11:18:29.200 [00001ff8] --- CmdLine ["C:\Program Files\Intel\SUR\QUEENCREEK\Updater\bin\IntelSoftwareAssetManagerService.exe"]
05.06.2019 11:18:29.200 [00001ff8] --- Enumerating displays ...
05.06.2019 11:18:29.200 [00001ff8] --- SM_CMONITORS         = 1
05.06.2019 11:18:29.200 [00001ff8] --- SM_SAMEDISPLAYFORMAT = 1
05.06.2019 11:18:29.200 [00001ff8] --- SM_XVIRTUALSCREEN    = 0
05.06.2019 11:18:29.200 [00001ff8] --- SM_YVIRTUALSCREEN    = 0
05.06.2019 11:18:29.200 [00001ff8] --- SM_CXVIRTUALSCREEN   = 1024
05.06.2019 11:18:29.200 [00001ff8] --- SM_CYVIRTUALSCREEN   = 768
05.06.2019 11:18:29.200 [00001ff8] --- SM_CXCURSOR          = 32
05.06.2019 11:18:29.200 [00001ff8] ??? No displays enumerated. Retry later
05.06.2019 11:18:29.200 [00001ff8] --- hookD3D9
05.06.2019 11:18:29.202 [00001ff8] --- DirectX9 dll=01cb0000
05.06.2019 11:18:29.239 [00001ff8] --- DirectX9 API detected
05.06.2019 11:18:29.239 [00001ff8] --- DirectX9Ex API detected
05.06.2019 11:18:29.239 [00001ff8] --- i1: InterfaceProc1
05.06.2019 11:18:29.240 [00001ff8] --- DXGI dll=72b20000
05.06.2019 11:18:29.258 [00001ff8] --- DirectX DXGI API CreateDXGIFactory detected 1
05.06.2019 11:18:29.277 [00001ff8] --- DirectX DXGI API CreateDXGIFactory1 detected 1
05.06.2019 11:18:29.296 [00001ff8] --- DirectX DXGI API CreateDXGIFactory2 detected 1
05.06.2019 11:18:29.296 [00001ff8] --- DirectX DXGI API detected
05.06.2019 11:18:29.296 [00001ff8] --- DirectX D3D12 API detected hd3d12=729b0000
05.06.2019 11:18:29.314 [00001ff8] --- DirectX D3D12 API detected 1
05.06.2019 11:18:29.314 [00001ff8] --- hookOpenGL
05.06.2019 11:18:29.463 [00001ff8] --- OpenGL API detected
05.06.2019 11:19:00.538 [00001ff8] --- PROCESS DETACH
