04.06.2019 21:49:47.011 [00000008] ??? OSM handle == NULL error=2
04.06.2019 21:49:47.011 [00000008] ^^^ SC trying session1
04.06.2019 21:49:47.011 [00000008] ??? OSM handle == NULL error=2
04.06.2019 21:49:47.011 [00000008] ^^^ SC trying session2
04.06.2019 21:49:47.011 [00000008] ??? OSM handle == NULL error=3
04.06.2019 21:49:47.011 [00000008] --- DXGI dll=b1270000
04.06.2019 21:49:47.011 [00000008] --- DirectX DXGI API CreateDXGIFactory detected 1
04.06.2019 21:49:47.027 [00000008] --- DirectX DXGI API CreateDXGIFactory1 detected 1
04.06.2019 21:49:47.027 [00000008] --- DirectX DXGI API CreateDXGIFactory2 detected 1
04.06.2019 21:49:47.027 [00000008] --- DirectX DXGI API detected
04.06.2019 21:49:47.027 [00000008] --- DirectX D3D11 API detected 1
04.06.2019 21:49:47.042 [00000008] --- DirectX D3D12 API detected hd3d12=aa8c0000
04.06.2019 21:49:47.042 [00000008] --- DirectX D3D12 API detected 1
04.06.2019 21:49:47.042 [00000008] ??? OSM handle == NULL error=2
04.06.2019 21:49:47.042 [00000008] ^^^ SC trying session1
04.06.2019 21:49:47.042 [00000008] ??? OSM handle == NULL error=2
04.06.2019 21:49:47.042 [00000008] ^^^ SC trying session2
04.06.2019 21:49:47.042 [00000008] ??? OSM handle == NULL error=3
04.06.2019 21:49:47.042 [00000008] ??? OSM handle == NULL error=2
04.06.2019 21:49:47.042 [00000008] ^^^ SC trying session1
04.06.2019 21:49:47.042 [00000008] ??? OSM handle == NULL error=2
04.06.2019 21:49:47.042 [00000008] ^^^ SC trying session2
04.06.2019 21:49:47.042 [00000008] ??? OSM handle == NULL error=3
04.06.2019 21:49:47.042 [00000008] ??? OSM handle == NULL error=2
04.06.2019 21:49:47.042 [00000008] ^^^ SC trying session1
04.06.2019 21:49:47.042 [00000008] ??? OSM handle == NULL error=2
04.06.2019 21:49:47.042 [00000008] ^^^ SC trying session2
04.06.2019 21:49:47.042 [00000008] ??? OSM handle == NULL error=3
04.06.2019 21:49:47.042 [0000077c] ??? OSM handle == NULL error=2
04.06.2019 21:49:47.042 [0000077c] ^^^ SC trying session1
04.06.2019 21:49:47.042 [0000077c] ??? OSM handle == NULL error=2
04.06.2019 21:49:47.042 [0000077c] ^^^ SC trying session2
04.06.2019 21:49:47.042 [0000077c] ??? OSM handle == NULL error=3
04.06.2019 21:49:47.105 [00000774] --- D3D11CreateDevice ADAPTER NULL
04.06.2019 21:49:47.105 [00000774] ??? OSM handle == NULL error=2
04.06.2019 21:49:47.105 [00000774] ^^^ SC trying session1
04.06.2019 21:49:47.105 [00000774] ??? OSM handle == NULL error=2
04.06.2019 21:49:47.105 [00000774] ^^^ SC trying session2
04.06.2019 21:49:47.105 [00000774] ??? OSM handle == NULL error=3
04.06.2019 21:49:47.183 [00000774] --- Device FeatureLevel -> 0000b000
04.06.2019 21:49:47.198 [00000774] ??? OSM handle == NULL error=2
04.06.2019 21:49:47.198 [00000774] ^^^ SC trying session1
04.06.2019 21:49:47.198 [00000774] ??? OSM handle == NULL error=2
04.06.2019 21:49:47.198 [00000774] ^^^ SC trying session2
04.06.2019 21:49:47.198 [00000774] ??? OSM handle == NULL error=3
04.06.2019 21:49:47.214 [0000077c] --- D3D11CreateDevice ADAPTER Description=Radeon RX 580 Series
04.06.2019 21:49:47.214 [0000077c] --- Device FeatureLevels[0]=0000a100
04.06.2019 21:49:47.214 [0000077c] --- D3D11CreateDevice ADAPTER Description=Radeon RX 580 Series
04.06.2019 21:49:47.214 [0000077c] --- Device FeatureLevels[0]=0000c100
04.06.2019 21:49:47.214 [0000077c] --- Device FeatureLevels[1]=0000c000
04.06.2019 21:49:47.214 [0000077c] --- Device FeatureLevels[2]=0000b100
04.06.2019 21:49:47.214 [0000077c] --- Device FeatureLevels[3]=0000b000
04.06.2019 21:49:47.214 [0000077c] --- Device FeatureLevels[4]=0000a100
04.06.2019 21:49:47.214 [0000077c] --- Device FeatureLevels[5]=0000a000
04.06.2019 21:49:47.214 [0000077c] --- Device FeatureLevels[6]=00009300
04.06.2019 21:49:47.214 [0000077c] --- Device FeatureLevels[7]=00009200
04.06.2019 21:49:47.214 [0000077c] --- Device FeatureLevels[8]=00009100
04.06.2019 21:49:47.214 [0000077c] --- Device FeatureLevel -> 0000c000
04.06.2019 21:49:49.823 [0000077c] ??? OSM handle == NULL error=2
04.06.2019 21:49:49.823 [0000077c] ^^^ SC trying session1
04.06.2019 21:49:49.823 [0000077c] ??? OSM handle == NULL error=2
04.06.2019 21:49:49.823 [0000077c] ^^^ SC trying session2
04.06.2019 21:49:49.823 [0000077c] ??? OSM handle == NULL error=3
04.06.2019 21:49:50.260 [0000077c] ??? OSM handle == NULL error=2
04.06.2019 21:49:50.260 [0000077c] ^^^ SC trying session1
04.06.2019 21:49:50.260 [0000077c] ??? OSM handle == NULL error=2
04.06.2019 21:49:50.260 [0000077c] ^^^ SC trying session2
04.06.2019 21:49:50.260 [0000077c] ??? OSM handle == NULL error=3
04.06.2019 21:49:50.948 [00000774] ??? OSM handle == NULL error=2
04.06.2019 21:49:50.948 [00000774] ^^^ SC trying session1
04.06.2019 21:49:50.948 [00000774] ??? OSM handle == NULL error=2
04.06.2019 21:49:50.948 [00000774] ^^^ SC trying session2
04.06.2019 21:49:50.948 [00000774] ??? OSM handle == NULL error=3
04.06.2019 21:49:51.104 [00000774] ??? OSM handle == NULL error=2
04.06.2019 21:49:51.104 [00000774] ^^^ SC trying session1
04.06.2019 21:49:51.104 [00000774] ??? OSM handle == NULL error=2
04.06.2019 21:49:51.104 [00000774] ^^^ SC trying session2
04.06.2019 21:49:51.104 [00000774] ??? OSM handle == NULL error=3
--- [78]
04.06.2019 21:50:13.241 [0000077c] --- App --- Immersive Display PRO v3.0.5 (01.01.2019)
04.06.2019 21:50:13.241 [0000077c] --- OS 6:2 Microsoft Windows 8 Professional (build 9200), 64-bit 7(0) 8(1) 8.1(0) 10(0)
04.06.2019 21:50:13.241 [0000077c] --- Process64 C:\WINDOWS\system32\dwm.exe
04.06.2019 21:50:13.241 [0000077c] --- CmdLine ["dwm.exe"]
04.06.2019 21:50:13.241 [0000077c] --- Enumerating displays ...
04.06.2019 21:50:13.944 [0000077c] --- Device N[\\.\DISPLAY1] S[Radeon RX 580 Series] M[Generic PnP Monitor] F[desktop primary ]
04.06.2019 21:50:13.944 [0000077c] --- Device N[\\.\DISPLAY2] S[Radeon RX 580 Series] M[] F[]
04.06.2019 21:50:13.944 [0000077c] --- Device N[\\.\DISPLAY3] S[Radeon RX 580 Series] M[] F[]
04.06.2019 21:50:13.944 [0000077c] --- Device N[\\.\DISPLAY4] S[Radeon RX 580 Series] M[] F[]
04.06.2019 21:50:13.959 [0000077c] --- Device N[\\.\DISPLAY5] S[Radeon RX 580 Series] M[] F[]
04.06.2019 21:50:13.959 [0000077c] --- Device N[\\.\DISPLAY6] S[Radeon RX 580 Series] M[] F[]
04.06.2019 21:50:13.975 [0000077c] --- Device N[\\.\DISPLAY7] S[Radeon RX 580 Series] M[] F[]
04.06.2019 21:50:13.991 [0000077c] --- Device N[\\.\DISPLAY8] S[Radeon RX 580 Series] M[] F[]
04.06.2019 21:50:13.991 [0000077c] --- SM_CMONITORS         = 1
04.06.2019 21:50:13.991 [0000077c] --- SM_SAMEDISPLAYFORMAT = 1
04.06.2019 21:50:13.991 [0000077c] --- SM_XVIRTUALSCREEN    = 0
04.06.2019 21:50:13.991 [0000077c] --- SM_YVIRTUALSCREEN    = 0
04.06.2019 21:50:13.991 [0000077c] --- SM_CXVIRTUALSCREEN   = 3840
04.06.2019 21:50:13.991 [0000077c] --- SM_CYVIRTUALSCREEN   = 1200
04.06.2019 21:50:13.991 [0000077c] --- SM_CXCURSOR          = 32
04.06.2019 21:50:13.991 [0000077c] --- [\\.\DISPLAY1] [Radeon RX 580 Series] [MONITOR\ADVEF2D\{4d36e96e-e325-11ce-bfc1-08002be10318}\0017] [Generic PnP Monitor]
04.06.2019 21:50:13.991 [0000077c] --- Enumerated 1 displays
04.06.2019 21:50:13.991 [0000077c] --- Displays initialized
04.06.2019 21:50:13.991 [0000077c] --- Displays[0] M[00010001] HDC[110105aa] GDC[30010c9d] L=0 T=0 R=3840 B=1200 RECT[0,0 3840x1200] N[\\.\DISPLAY1] M[Generic PnP Monitor] F[1] PROJ[0x0] MAPS[0]
04.06.2019 21:50:13.991 [0000077c] ---    Grouping G[0] N[0] GD[]
04.06.2019 21:50:13.991 [0000077c] --- ---
