04.06.2019 21:35:26.704 [000020b4] ??? OSM handle == NULL error=2
04.06.2019 21:35:26.704 [000020b4] ^^^ SC trying session1
--- [2]
04.06.2019 21:35:26.704 [000020b4] --- App --- Immersive Display PRO v3.0.5 (01.01.2019)
04.06.2019 21:35:26.704 [000020b4] --- OS 6:2 Microsoft Windows 8 Professional (build 9200), 64-bit 7(0) 8(1) 8.1(0) 10(0)
04.06.2019 21:35:26.704 [000020b4] --- Process32 C:\Program Files (x86)\Google\Update\GoogleUpdate.exe
04.06.2019 21:35:26.704 [000020b4] --- CmdLine ["C:\Program Files (x86)\Google\Update\GoogleUpdate.exe" /svc]
04.06.2019 21:35:26.704 [000020b4] --- Enumerating displays ...
04.06.2019 21:35:26.704 [000020b4] --- SM_CMONITORS         = 1
04.06.2019 21:35:26.704 [000020b4] --- SM_SAMEDISPLAYFORMAT = 1
04.06.2019 21:35:26.704 [000020b4] --- SM_XVIRTUALSCREEN    = 0
04.06.2019 21:35:26.704 [000020b4] --- SM_YVIRTUALSCREEN    = 0
04.06.2019 21:35:26.704 [000020b4] --- SM_CXVIRTUALSCREEN   = 1024
04.06.2019 21:35:26.704 [000020b4] --- SM_CYVIRTUALSCREEN   = 768
04.06.2019 21:35:26.704 [000020b4] --- SM_CXCURSOR          = 32
04.06.2019 21:35:26.704 [000020b4] ??? No displays enumerated. Retry later
04.06.2019 21:35:26.704 [000020b4] --- hookD3D9
04.06.2019 21:35:26.704 [000020b4] --- DirectX9 dll=716e0000
04.06.2019 21:35:26.751 [000020b4] --- DirectX9 API detected
04.06.2019 21:35:26.751 [000020b4] --- DirectX9Ex API detected
04.06.2019 21:35:26.751 [000020b4] --- i1: InterfaceProc1
04.06.2019 21:35:26.751 [000020b4] --- DXGI dll=725f0000
04.06.2019 21:35:26.767 [000020b4] --- DirectX DXGI API CreateDXGIFactory detected 1
04.06.2019 21:35:26.782 [000020b4] --- DirectX DXGI API CreateDXGIFactory1 detected 1
04.06.2019 21:35:26.813 [000020b4] --- DirectX DXGI API CreateDXGIFactory2 detected 1
04.06.2019 21:35:26.813 [000020b4] --- DirectX DXGI API detected
04.06.2019 21:35:26.813 [000020b4] --- DirectX D3D12 API detected hd3d12=72480000
04.06.2019 21:35:26.829 [000020b4] --- DirectX D3D12 API detected 1
04.06.2019 21:35:26.829 [000020b4] --- hookOpenGL
04.06.2019 21:35:26.985 [000020b4] --- OpenGL API detected
04.06.2019 21:35:27.095 [000020b4] --- PROCESS DETACH
