05.06.2019 10:42:08.486 [00001d5c] --- Immersive Display PRO v3.0.5
05.06.2019 10:42:08.486 [00001d5c] --- OS 6:2 Microsoft Windows 8 Professional (build 9200), 64-bit 7(0) 8(1) 8.1(0) 10(0)
05.06.2019 10:42:08.486 [00001d5c] --- SCREEN \\.\DISPLAY1
05.06.2019 10:42:08.486 [00001d5c] ------ LogicalDPI=96.000000 Scale=1.000000
05.06.2019 10:42:08.486 [00001d5c] ------ DevicePixelRatio=1.000000
05.06.2019 10:42:08.533 [00001d5c] --- Removed 0 log file(s)
05.06.2019 10:42:08.533 [00001d5c] --- ACL changed for C:\WARP000\
05.06.2019 10:42:09.063 [00001d5c] --- LicAppName=Immersive Display PRO
05.06.2019 10:42:09.063 [00001d5c] --- L1
05.06.2019 10:42:09.500 [00001d5c] --- EK2C58
05.06.2019 10:42:10.406 [00001d5c] --- DM103
05.06.2019 10:42:11.422 [00001d5c] --- LD=20190109 SD=20190101
05.06.2019 10:42:11.422 [00001d5c] --- ###[UzNZOU5YME0yNDg4OTBM]###
05.06.2019 10:42:12.145 [00001d5c] --- Displays 1/2 [20] SGD=2560932 SSC=31904
05.06.2019 10:42:12.145 [00001d5c] --- Shared 31904+5121864 5153768
05.06.2019 10:42:12.145 [00001d5c] ### PageSize=4096
05.06.2019 10:42:12.145 [00001d5c] ### MinimumApplicationAddress=00010000
05.06.2019 10:42:12.145 [00001d5c] ### MaximumApplicationAddress=7ffeffff
05.06.2019 10:42:12.145 [00001d5c] ### AllocationGranularity=65536
05.06.2019 10:42:12.145 [00001d5c] ### Res=28
05.06.2019 10:42:12.145 [00001d5c] ### BaseAddress=07cf0000
05.06.2019 10:42:12.145 [00001d5c] ### AllocationBase=07cf0000
05.06.2019 10:42:12.145 [00001d5c] ### AllocationProtect=00000004
05.06.2019 10:42:12.145 [00001d5c] ### RegionSize=5156864
05.06.2019 10:42:12.145 [00001d5c] ### State=00001000
05.06.2019 10:42:12.145 [00001d5c] ### Protect=00000004
05.06.2019 10:42:12.145 [00001d5c] ### Type=00040000
05.06.2019 10:42:12.145 [00001d5c] --- Config 07cf0000 ZERO(0) 31904 + 5121864
05.06.2019 10:42:12.145 [00001d5c] --- Config 07cf0000 ZERO(1)
05.06.2019 10:42:12.145 [00001d5c] --- Config 07cf0000 ZERO(2)
05.06.2019 10:42:12.145 [00001d5c] --- R [12]->37
05.06.2019 10:42:12.145 [00001d5c] --- MP 3
05.06.2019 10:42:12.145 [00001d5c] --- Config 07cf0000
05.06.2019 10:42:12.145 [00001d5c] --- Config logsFolder=C:\WARP000\logs\
05.06.2019 10:42:12.145 [00001d5c] --- Config imagesFolder=C:\WARP000\images\
05.06.2019 10:42:12.145 [00001d5c] --- Config configsFolder=C:\WARP000\config\
05.06.2019 10:42:12.145 [00001d5c] --- Enumerating displays ...
05.06.2019 10:42:12.145 [00001d5c] --- Device N[\\.\DISPLAY1] S[Radeon RX 580 Series] M[Generic PnP Monitor] F[desktop primary ]
05.06.2019 10:42:12.145 [00001d5c] --- Device N[\\.\DISPLAY2] S[Radeon RX 580 Series] M[] F[]
05.06.2019 10:42:12.145 [00001d5c] --- Device N[\\.\DISPLAY3] S[Radeon RX 580 Series] M[] F[]
05.06.2019 10:42:12.145 [00001d5c] --- Device N[\\.\DISPLAY4] S[Radeon RX 580 Series] M[] F[]
05.06.2019 10:42:12.145 [00001d5c] --- Device N[\\.\DISPLAY5] S[Radeon RX 580 Series] M[] F[]
05.06.2019 10:42:12.145 [00001d5c] --- Device N[\\.\DISPLAY6] S[Radeon RX 580 Series] M[] F[]
05.06.2019 10:42:12.145 [00001d5c] --- Device N[\\.\DISPLAY7] S[Radeon RX 580 Series] M[] F[]
05.06.2019 10:42:12.145 [00001d5c] --- Device N[\\.\DISPLAY8] S[Radeon RX 580 Series] M[] F[]
05.06.2019 10:42:12.145 [00001d5c] --- SM_CMONITORS         = 1
05.06.2019 10:42:12.145 [00001d5c] --- SM_SAMEDISPLAYFORMAT = 1
05.06.2019 10:42:12.145 [00001d5c] --- SM_XVIRTUALSCREEN    = 0
05.06.2019 10:42:12.145 [00001d5c] --- SM_YVIRTUALSCREEN    = 0
05.06.2019 10:42:12.145 [00001d5c] --- SM_CXVIRTUALSCREEN   = 3840
05.06.2019 10:42:12.145 [00001d5c] --- SM_CYVIRTUALSCREEN   = 1200
05.06.2019 10:42:12.145 [00001d5c] --- SM_CXCURSOR          = 32
05.06.2019 10:42:12.176 [00001d5c] --- [\\.\DISPLAY1] [Radeon RX 580 Series] [MONITOR\ADVEF2D\{4d36e96e-e325-11ce-bfc1-08002be10318}\0017] [Generic PnP Monitor]
05.06.2019 10:42:12.176 [00001d5c] --- Enumerated 1 displays
05.06.2019 10:42:12.176 [00001d5c] --- Displays initialized
05.06.2019 10:42:12.176 [00001d5c] --- Displays[0] M[00010001] HDC[15010bd4] GDC[61010768] L=0 T=0 R=3840 B=1200 RECT[0,0 3840x1200] N[\\.\DISPLAY1] M[Generic PnP Monitor] F[1] PROJ[0x0] MAPS[0]
05.06.2019 10:42:12.176 [00001d5c] ---    Grouping G[0] N[0] GD[]
05.06.2019 10:42:12.176 [00001d5c] --- ---
05.06.2019 10:42:12.192 [00001d5c] --- Model:Config file C:\WARP000\config\config.dat does not exist
05.06.2019 10:42:12.192 [00001d5c] --- Model:Config file LCC[1]
05.06.2019 10:42:12.192 [00001d5c] --- Model:Config file CC[2]
05.06.2019 10:42:12.192 [00001d5c] --- Preferences loaded
05.06.2019 10:42:12.192 [00001d5c] ------ startMinimized 0
05.06.2019 10:42:12.192 [00001d5c] ------ showTrayNotifications 0
05.06.2019 10:42:12.192 [00001d5c] ------ autoStartDesktopWarping 1
05.06.2019 10:42:12.192 [00001d5c] ------ autoStartDesktopWarpingDelaySeconds 3
05.06.2019 10:42:12.192 [00001d5c] ------ warpCursor 1
05.06.2019 10:42:12.192 [00001d5c] ------ hideSystemCursor 0
05.06.2019 10:42:12.192 [00001d5c] ------ samplingDesktop 2
05.06.2019 10:42:12.192 [00001d5c] ------ samplingDXGL 2
05.06.2019 10:42:12.192 [00001d5c] ------ useFXAA 0
05.06.2019 10:42:12.192 [00001d5c] ------ useFXAAPresetIndex 0
05.06.2019 10:42:12.192 [00001d5c] ------ updateRateMS 20
05.06.2019 10:42:12.192 [00001d5c] ------ enableVNCControl 0
05.06.2019 10:42:12.192 [00001d5c] ------ vncPort 5900
05.06.2019 10:42:12.192 [00001d5c] ------ vncPassword 1234
05.06.2019 10:42:12.192 [00001d5c] ------ enableTelnet 0
05.06.2019 10:42:12.192 [00001d5c] ------ remoteTelnetPort 6600
05.06.2019 10:42:12.192 [00001d5c] ------ overrideDesktopRotation 0
05.06.2019 10:42:12.192 [00001d5c] ------ forcedDesktopRotation 0
05.06.2019 10:42:12.192 [00001d5c] ------ forcedScissorsRotation 0
05.06.2019 10:42:12.192 [00001d5c] ------ checkForDisplayConfigChange 0
05.06.2019 10:42:12.192 [00001d5c] ------ cropEdges 0
05.06.2019 10:42:12.192 [00001d5c] ------ cropPixels 0
05.06.2019 10:42:12.192 [00001d5c] ------ removeWindowFrame 0
05.06.2019 10:42:12.192 [00001d5c] ------ skipWarpChildWindows 0
05.06.2019 10:42:12.192 [00001d5c] ------ openGLTextureOffset 0
05.06.2019 10:42:12.192 [00001d5c] ------ disable_DX9 0
05.06.2019 10:42:12.192 [00001d5c] ------ disable_DX10 0
05.06.2019 10:42:12.192 [00001d5c] ------ disable_DX11 0
05.06.2019 10:42:12.192 [00001d5c] ------ disable_DX12 0
05.06.2019 10:42:12.192 [00001d5c] ------ disable_OpenGL 0
05.06.2019 10:42:12.192 [00001d5c] ------ disable_Vulkan 1
05.06.2019 10:42:12.192 [00001d5c] ------ forcePreserveBB_DX9 0
05.06.2019 10:42:12.192 [00001d5c] ------ forcePreserveBB_DX10 0
05.06.2019 10:42:12.192 [00001d5c] ------ forcePreserveBB_DX11 0
05.06.2019 10:42:12.192 [00001d5c] ------ forcePreserveBB_DX12 0
05.06.2019 10:42:12.192 [00001d5c] ------ forcePreserveBB_OpenGL 0
05.06.2019 10:42:12.192 [00001d5c] ------ forcePreserveBB_Vulkan 0
05.06.2019 10:42:12.192 [00001d5c] ------ enableDebanding 0
05.06.2019 10:42:12.192 [00001d5c] ------ enableWindowsSessionShutdown 0
05.06.2019 10:42:12.192 [00001d5c] ------ ignoreDWMInFullScreen 1
05.06.2019 10:42:12.207 [00001d5c] --- Excludes loaded 3
05.06.2019 10:42:12.207 [00001d5c] ------ Exclude Path=MQTT_Json_Movie_MOC.exe DX9=1 DX10=1 DX11=1 DX12=1 OGL=1 VULKAN=1 StopDWM7=0
05.06.2019 10:42:12.207 [00001d5c] ------ Exclude Path=chrome.exe DX9=1 DX10=1 DX11=1 DX12=1 OGL=1 VULKAN=1 StopDWM7=0
05.06.2019 10:42:12.207 [00001d5c] ------ Exclude Path=chrome.exe DX9=1 DX10=1 DX11=1 DX12=1 OGL=1 VULKAN=1 StopDWM7=0
05.06.2019 10:42:12.207 [00001d5c] --- Sets configSet=1
05.06.2019 10:42:12.207 [00001d5c] --- Sets configSetFile[1]=C:\WARP000\config\20190509.dat
05.06.2019 10:42:12.207 [00001d5c] --- Sets configSetFile[2]=C:\WARP000\config\config2.dat
05.06.2019 10:42:12.207 [00001d5c] --- Sets configSetFile[3]=C:\WARP000\config\config3.dat
05.06.2019 10:42:12.207 [00001d5c] --- Sets configSetFile[4]=C:\WARP000\config\config4.dat
05.06.2019 10:42:12.207 [00001d5c] --- Sets configSetFile[5]=C:\WARP000\config\config5.dat
05.06.2019 10:42:12.207 [00001d5c] --- Sets configSetFile[6]=C:\WARP000\config\config6.dat
05.06.2019 10:42:12.207 [00001d5c] --- Sets configSetFile[7]=C:\WARP000\config\config7.dat
05.06.2019 10:42:12.207 [00001d5c] --- Sets configSetFile[8]=C:\WARP000\config\config8.dat
05.06.2019 10:42:12.223 [00001d5c] --- Loaded Displays[0] \\.\DISPLAY1 Generic PnP Monitor L=0 T=0 R=3840 B=1200 loadedDisplaysWithPositionAndSize=1
05.06.2019 10:42:12.254 [00001d5c] --- Displays loaded
05.06.2019 10:42:12.254 [00001d5c] --- Displays[0] M[00010001] HDC[15010bd4] GDC[61010768] L=0 T=0 R=3840 B=1200 RECT[0,0 3840x1200] N[\\.\DISPLAY1] M[Generic PnP Monitor] F[1] PROJ[2x1] MAPS[2]
05.06.2019 10:42:12.254 [00001d5c] ---    Grouping G[0] N[0] GD[]
05.06.2019 10:42:12.254 [00001d5c] --- Model:Config file C:\WARP000\config\20190509.dat loaded
05.06.2019 10:42:12.254 [00001d5c] --- Model:Config file LCC[3]
05.06.2019 10:42:12.254 [00001d5c] --- Model:Config file CC[4]
05.06.2019 10:42:12.254 [00001d5c] --- Sets manager selectSet[1]->1
05.06.2019 10:42:12.270 [00001d5c] --- Schedules STOP
05.06.2019 10:42:12.270 [00001d5c] --- Schedules STOP
05.06.2019 10:42:12.270 [00001d5c] --- Autoruns 0
05.06.2019 10:42:12.285 [00001d5c] $$$ Immersive Display PRO v3.0.5 (01.01.2019)
05.06.2019 10:42:12.285 [00001d5c] $$$ 6:2 Microsoft Windows 8 Professional (build 9200), 64-bit 7(0) 8(1) 8.1(0) 10(0)
05.06.2019 10:42:12.506 [00001d5c] $$$ P64[00001e6c] [git.exe][C:\Users\own\scoop\shims\git.exe] started
05.06.2019 10:42:12.605 [00001d5c] --- Run all autoruns
05.06.2019 10:42:12.902 [00001d5c] $$$ P64[00001ea4] [git.exe][C:\Users\own\scoop\apps\git\current\cmd\git.exe] started
05.06.2019 10:42:13.074 [00001d5c] $$$ P64[00001e94] [RadeonSettings.exe][C:\Program Files\AMD\CNext\CNext\RadeonSettings.exe] started
05.06.2019 10:42:13.371 [00001d5c] $$$ P64[00001ecc] [git.exe][C:\Users\own\scoop\apps\git\2.21.0.windows.1\mingw64\bin\git.exe] started
05.06.2019 10:42:13.855 [00001d5c] $$$ P64[00001eec] [git.exe][C:\Users\own\scoop\apps\git\2.21.0.windows.1\mingw64\libexec\git-core\git.exe] started
05.06.2019 10:42:14.230 [00001d5c] $$$ P64[00001f0c] [RSServCmd.exe][C:\Program Files\AMD\CNext\CNext\RSServCmd.exe] started
05.06.2019 10:42:14.293 [00001d5c] $$$ P64[00001f20] [git.exe][C:\Users\own\scoop\apps\git\2.21.0.windows.1\mingw64\libexec\git-core\git.exe] started
05.06.2019 10:42:14.808 [00001d5c] $$$ P64[00001f74] [git-remote-https.exe][C:\Users\own\scoop\apps\git\2.21.0.windows.1\mingw64\libexec\git-core\git-remote-https.exe] started
05.06.2019 10:42:14.808 [00001d5c] $$$ P64[00001fa4] [AMDRSServ.exe][C:\Program Files\AMD\CNext\CNext\AMDRSServ.exe] started
05.06.2019 10:42:15.499 [00001d5c] --- onToggleDesktopWarp isDWMAvailable=1
05.06.2019 10:42:15.499 [00001d5c] --- onToggleDesktopWarp TOGGLED
05.06.2019 10:42:15.499 [00001d5c] $$$ incremented dwmRestartCount=1
05.06.2019 10:42:16.309 [00001d5c] $$$ P64[00001388] [git.exe][C:\Users\own\scoop\apps\git\2.21.0.windows.1\mingw64\libexec\git-core\git.exe] started
05.06.2019 10:42:16.341 [00001d5c] $$$ P32[000013fc] [TeamViewer.exe][C:\Program Files (x86)\TeamViewer\TeamViewer.exe] started
05.06.2019 10:42:16.450 [00001d5c] $$$ P64[0000102c] [dwm.exe][C:\WINDOWS\system32\dwm.exe] started
05.06.2019 10:42:16.669 [00001d5c] $$$ P64[000014ec] [amdow.exe][C:\Program Files\AMD\CNext\CNext\amdow.exe] started
05.06.2019 10:42:16.809 [00001d5c] $$$ P64[00000ccc] [git.exe][C:\Users\own\scoop\apps\git\2.21.0.windows.1\mingw64\libexec\git-core\git.exe] started
05.06.2019 10:42:17.435 [00001d5c] $$$ P64[00001df0] [git.exe][C:\Users\own\scoop\apps\git\2.21.0.windows.1\mingw64\libexec\git-core\git.exe] started
05.06.2019 10:42:17.995 [00001d5c] $$$ P64[00001f9c] [git.exe][C:\Users\own\scoop\apps\git\2.21.0.windows.1\mingw64\libexec\git-core\git.exe] started
05.06.2019 10:42:30.991 [00001d5c] --- instanceMessageReceived Wake up!
05.06.2019 10:42:39.584 [00001d5c] --- Configure START IDV=1
05.06.2019 10:42:39.899 [00001d5c] --- WarpGraphicsScene resize 3840x1200
05.06.2019 10:42:39.980 [00001d5c] $$$ P64[00001f0c] [dwm.exe][C:\WINDOWS\system32\dwm.exe] started
05.06.2019 10:42:41.020 [00001d5c] --- OpenGLContext OGLValid=1 SFCValid=1 -> 1
05.06.2019 10:42:41.036 [00001d5c] --- QWarpGraphicsGLWindow TYPE: [OpenGL]
05.06.2019 10:42:41.036 [00001d5c] --- QWarpGraphicsGLWindow VENDOR: [ATI Technologies Inc.]
05.06.2019 10:42:41.036 [00001d5c] --- QWarpGraphicsGLWindow RENDERER: [Radeon RX 580 Series]
05.06.2019 10:42:41.036 [00001d5c] --- QWarpGraphicsGLWindow VERSION: [4.6.13558 Compatibility Profile Context 26.20.11015.5009]
05.06.2019 10:42:41.036 [00001d5c] --- QWarpGraphicsGLWindow FORMAT: VER[4.6]
05.06.2019 10:42:41.052 [00001d5c] --- QWarpGraphicsGLWindow FORMAT: SAMPLES[4]
05.06.2019 10:42:41.052 [00001d5c] --- OpenGLContext FBOValid=1 3840x1200
05.06.2019 10:42:41.083 [00001d5c] --- Looking for C:/WARP000/images/mapping_3360x1200.map
05.06.2019 10:42:41.145 [00001d5c] $$$ P64[00001f3c] [MCEControl.exe][C:\Program Files (x86)\Kindel Systems\MCE Controller\MCEControl.exe] started
05.06.2019 10:43:13.172 [00001d5c] --- WarpGraphicsScene resize 10x10
05.06.2019 10:43:13.186 [00001d5c] --- OpenGLContext FBOValid=1 10x10
05.06.2019 10:43:13.373 [00001d5c] --- Configure END
05.06.2019 10:43:14.103 [00001d5c] $$$ P64[00001f1c] [dwm.exe][C:\WINDOWS\system32\dwm.exe] started
05.06.2019 10:43:19.476 [00001d5c] $$$ incremented dwmRestartCount=2
05.06.2019 10:43:20.373 [00001d5c] $$$ P64[00001c78] [dwm.exe][C:\WINDOWS\system32\dwm.exe] started
05.06.2019 10:43:27.699 [00001d5c] $$$ incremented dwmRestartCount=3
05.06.2019 10:43:28.542 [00001d5c] $$$ P64[00000818] [dwm.exe][C:\WINDOWS\system32\dwm.exe] started
05.06.2019 10:43:32.714 [00001d5c] --- Configure START IDV=1
05.06.2019 10:43:32.935 [00001d5c] --- WarpGraphicsScene resize 3840x1200
05.06.2019 10:43:33.012 [00001d5c] $$$ P64[00001f08] [dwm.exe][C:\WINDOWS\system32\dwm.exe] started
05.06.2019 10:43:33.644 [00001d5c] --- OpenGLContext OGLValid=1 SFCValid=1 -> 1
05.06.2019 10:43:33.832 [00001d5c] --- QWarpGraphicsGLWindow TYPE: [OpenGL]
05.06.2019 10:43:33.832 [00001d5c] --- QWarpGraphicsGLWindow VENDOR: [ATI Technologies Inc.]
05.06.2019 10:43:33.832 [00001d5c] --- QWarpGraphicsGLWindow RENDERER: [Radeon RX 580 Series]
05.06.2019 10:43:33.832 [00001d5c] --- QWarpGraphicsGLWindow VERSION: [4.6.13558 Compatibility Profile Context 26.20.11015.5009]
05.06.2019 10:43:33.832 [00001d5c] --- QWarpGraphicsGLWindow FORMAT: VER[4.6]
05.06.2019 10:43:33.832 [00001d5c] --- QWarpGraphicsGLWindow FORMAT: SAMPLES[4]
05.06.2019 10:43:33.832 [00001d5c] --- OpenGLContext FBOValid=1 3840x1200
05.06.2019 10:43:33.847 [00001d5c] --- Looking for C:/WARP000/images/mapping_3360x1200.map
05.06.2019 10:43:52.187 [00001d5c] $$$ P64[00001f78] [AUEPLauncher.exe][C:\Program Files\AMD\Performance Profile Client\AUEPLauncher.exe] started
05.06.2019 10:43:52.656 [00001d5c] $$$ P64[00001a70] [AUEPMaster.exe][C:\Program Files\AMD\Performance Profile Client\AUEPMaster.exe] started
05.06.2019 10:43:52.968 [00001d5c] $$$ P64[00001d74] [esrv_svc.exe][C:\Program Files\Intel\SUR\QUEENCREEK\x64\esrv_svc.exe] started
05.06.2019 10:43:54.311 [00001d5c] $$$ P32[0000119c] [GoogleUpdate.exe][C:\Program Files (x86)\Google\Update\GoogleUpdate.exe] started
05.06.2019 10:43:54.717 [00001d5c] $$$ P32[0000205c] [GoogleUpdate.exe][C:\Program Files (x86)\Google\Update\GoogleUpdate.exe] started
05.06.2019 10:43:54.842 [00001d5c] $$$ P32[0000206c] [jhi_service.exe][C:\Program Files (x86)\Intel\Intel(R) Management Engine Components\DAL\jhi_service.exe] started
05.06.2019 10:43:55.139 [00001d5c] $$$ P32[00002084] [GoogleCrashHandler.exe][C:\Program Files (x86)\Google\Update\1.3.34.11\GoogleCrashHandler.exe] started
05.06.2019 10:43:55.155 [00001d5c] $$$ P64[0000208c] [GoogleCrashHandler64.exe][C:\Program Files (x86)\Google\Update\1.3.34.11\GoogleCrashHandler64.exe] started
05.06.2019 10:43:55.436 [00001d5c] $$$ P32[000020ac] [LMS.exe][C:\Program Files (x86)\Intel\Intel(R) Management Engine Components\LMS\LMS.exe] started
05.06.2019 10:43:59.561 [00001d5c] $$$ P64[000021b0] [AUEPUF.exe][C:\Program Files\AMD\Performance Profile Client\AUEPUF.exe] started
05.06.2019 10:44:52.534 [00001d5c] $$$ P32[000022f4] [IntelSoftwareAssetManagerService.exe][C:\Program Files\Intel\SUR\QUEENCREEK\Updater\bin\IntelSoftwareAssetManagerService.exe] started
05.06.2019 10:44:54.347 [00001d5c] $$$ P32[00002348] [wmiprvse.exe][C:\WINDOWS\sysWOW64\wbem\wmiprvse.exe] started
05.06.2019 10:45:52.380 [00001d5c] $$$ P64[0000204c] [task.exe][C:\Program Files\Intel\SUR\QUEENCREEK\x64\task.exe] started
05.06.2019 10:45:52.817 [00001d5c] $$$ P64[0000205c] [esrv.exe][C:\Program Files\Intel\SUR\QUEENCREEK\x64\esrv.exe] started
05.06.2019 10:45:53.630 [00001d5c] $$$ P64[0000212c] [esrv_svc.exe][C:\Program Files\Intel\SUR\QUEENCREEK\x64\esrv_svc.exe] started
05.06.2019 10:46:05.176 [00001d5c] --- WarpGraphicsScene resize 10x10
05.06.2019 10:46:05.187 [00001d5c] --- OpenGLContext FBOValid=1 10x10
05.06.2019 10:46:05.376 [00001d5c] --- Configure END
05.06.2019 10:46:06.142 [00001d5c] $$$ P64[0000100c] [dwm.exe][C:\WINDOWS\system32\dwm.exe] started
05.06.2019 10:46:11.712 [00001d5c] --- Model:Config file LCC[7]
05.06.2019 10:46:11.712 [00001d5c] --- Model:Config file C:\WARP000\config\20190509.dat saved CC[8]
05.06.2019 10:46:15.333 [00001d5c] --- Model:Config file LCC[9]
05.06.2019 10:46:15.333 [00001d5c] --- Model:Config file C:\WARP000\config\20190509.dat saved CC[10]
05.06.2019 10:46:16.782 [00001d5c] --- Model:Config file LCC[11]
05.06.2019 10:46:16.782 [00001d5c] --- Model:Config file C:\WARP000\config\20190509.dat saved CC[12]
05.06.2019 10:46:18.305 [00001d5c] --- Model:Config file LCC[13]
05.06.2019 10:46:18.305 [00001d5c] --- Model:Config file C:\WARP000\config\20190509.dat saved CC[14]
05.06.2019 10:46:20.919 [00001d5c] --- Model:Config file LCC[15]
05.06.2019 10:46:20.919 [00001d5c] --- Model:Config file C:\WARP000\config\20190509.dat saved CC[16]
05.06.2019 10:46:22.723 [00001d5c] --- Model:Config file LCC[17]
05.06.2019 10:46:22.723 [00001d5c] --- Model:Config file C:\WARP000\config\20190509.dat saved CC[18]
05.06.2019 10:46:24.455 [00001d5c] --- Model:Config file LCC[19]
05.06.2019 10:46:24.455 [00001d5c] --- Model:Config file C:\WARP000\config\20190509.dat saved CC[20]
05.06.2019 10:46:26.425 [00001d5c] --- Model:Config file LCC[21]
05.06.2019 10:46:26.425 [00001d5c] --- Model:Config file C:\WARP000\config\20190509.dat saved CC[22]
05.06.2019 10:46:40.499 [00001d5c] !!! onWindowsSessionEnded 0
