05.06.2019 10:35:30.964 [00000f30] ??? OSM handle == NULL error=2
05.06.2019 10:35:30.964 [00000f30] ^^^ SC trying session1
--- [2]
05.06.2019 10:35:30.964 [00000f30] --- App --- Immersive Display PRO v3.0.5 (01.01.2019)
05.06.2019 10:35:30.964 [00000f30] --- OS 6:2 Microsoft Windows 8 Professional (build 9200), 64-bit 7(0) 8(1) 8.1(0) 10(0)
05.06.2019 10:35:30.964 [00000f30] --- Process32 C:\Program Files (x86)\Google\Update\GoogleUpdate.exe
05.06.2019 10:35:30.964 [00000f30] --- CmdLine ["C:\Program Files (x86)\Google\Update\GoogleUpdate.exe" /svc]
05.06.2019 10:35:30.965 [00000f30] --- Enumerating displays ...
05.06.2019 10:35:30.965 [00000f30] --- SM_CMONITORS         = 1
05.06.2019 10:35:30.965 [00000f30] --- SM_SAMEDISPLAYFORMAT = 1
05.06.2019 10:35:30.965 [00000f30] --- SM_XVIRTUALSCREEN    = 0
05.06.2019 10:35:30.965 [00000f30] --- SM_YVIRTUALSCREEN    = 0
05.06.2019 10:35:30.965 [00000f30] --- SM_CXVIRTUALSCREEN   = 1024
05.06.2019 10:35:30.965 [00000f30] --- SM_CYVIRTUALSCREEN   = 768
05.06.2019 10:35:30.965 [00000f30] --- SM_CXCURSOR          = 32
05.06.2019 10:35:30.965 [00000f30] ??? No displays enumerated. Retry later
05.06.2019 10:35:30.965 [00000f30] --- hookD3D9
05.06.2019 10:35:30.966 [00000f30] --- DirectX9 dll=717f0000
05.06.2019 10:35:30.993 [00000f30] --- DirectX9 API detected
05.06.2019 10:35:30.993 [00000f30] --- DirectX9Ex API detected
05.06.2019 10:35:30.993 [00000f30] --- i1: InterfaceProc1
05.06.2019 10:35:30.993 [00000f30] --- DXGI dll=72790000
05.06.2019 10:35:31.006 [00000f30] --- DirectX DXGI API CreateDXGIFactory detected 1
05.06.2019 10:35:31.020 [00000f30] --- DirectX DXGI API CreateDXGIFactory1 detected 1
05.06.2019 10:35:31.033 [00000f30] --- DirectX DXGI API CreateDXGIFactory2 detected 1
05.06.2019 10:35:31.033 [00000f30] --- DirectX DXGI API detected
05.06.2019 10:35:31.033 [00000f30] --- DirectX D3D12 API detected hd3d12=72590000
05.06.2019 10:35:31.046 [00000f30] --- DirectX D3D12 API detected 1
05.06.2019 10:35:31.047 [00000f30] --- hookOpenGL
05.06.2019 10:35:31.151 [00000f30] --- OpenGL API detected
05.06.2019 10:35:31.552 [00000f30] --- PROCESS DETACH
