05.06.2019 12:00:45.473 [00002028] --- App --- Immersive Display PRO v3.0.5 (01.01.2019)
05.06.2019 12:00:45.473 [00002028] --- OS 6:2 Microsoft Windows 8 Professional (build 9200), 64-bit 7(0) 8(1) 8.1(0) 10(0)
05.06.2019 12:00:45.473 [00002028] --- Process64 C:\Users\own\scoop\apps\git\current\cmd\git.exe
05.06.2019 12:00:45.473 [00002028] --- CmdLine ["C:\Users\own\scoop\apps\git\current\cmd\git.exe"  commit -m "add resources"]
05.06.2019 12:00:45.473 [00002028] --- Enumerating displays ...
05.06.2019 12:00:45.474 [00002028] --- Device N[\\.\DISPLAY1] S[Radeon RX 580 Series] M[Generic PnP Monitor] F[desktop primary ]
05.06.2019 12:00:45.475 [00002028] --- Device N[\\.\DISPLAY2] S[Radeon RX 580 Series] M[] F[]
05.06.2019 12:00:45.475 [00002028] --- Device N[\\.\DISPLAY3] S[Radeon RX 580 Series] M[] F[]
05.06.2019 12:00:45.476 [00002028] --- Device N[\\.\DISPLAY4] S[Radeon RX 580 Series] M[] F[]
05.06.2019 12:00:45.476 [00002028] --- Device N[\\.\DISPLAY5] S[Radeon RX 580 Series] M[] F[]
05.06.2019 12:00:45.477 [00002028] --- Device N[\\.\DISPLAY6] S[Radeon RX 580 Series] M[] F[]
05.06.2019 12:00:45.477 [00002028] --- Device N[\\.\DISPLAY7] S[Radeon RX 580 Series] M[] F[]
05.06.2019 12:00:45.478 [00002028] --- Device N[\\.\DISPLAY8] S[Radeon RX 580 Series] M[] F[]
05.06.2019 12:00:45.478 [00002028] --- SM_CMONITORS         = 1
05.06.2019 12:00:45.478 [00002028] --- SM_SAMEDISPLAYFORMAT = 1
05.06.2019 12:00:45.478 [00002028] --- SM_XVIRTUALSCREEN    = 0
05.06.2019 12:00:45.478 [00002028] --- SM_YVIRTUALSCREEN    = 0
05.06.2019 12:00:45.478 [00002028] --- SM_CXVIRTUALSCREEN   = 3840
05.06.2019 12:00:45.478 [00002028] --- SM_CYVIRTUALSCREEN   = 1200
05.06.2019 12:00:45.478 [00002028] --- SM_CXCURSOR          = 32
05.06.2019 12:00:45.480 [00002028] --- [\\.\DISPLAY1] [Radeon RX 580 Series] [MONITOR\ADVEF2D\{4d36e96e-e325-11ce-bfc1-08002be10318}\0017] [Generic PnP Monitor]
05.06.2019 12:00:45.481 [00002028] --- Enumerated 1 displays
05.06.2019 12:00:45.481 [00002028] --- Displays initialized
05.06.2019 12:00:45.481 [00002028] --- Displays[0] M[00010001] HDC[e4011458] GDC[840114a3] L=0 T=0 R=3840 B=1200 RECT[0,0 3840x1200] N[\\.\DISPLAY1] M[Generic PnP Monitor] F[1] PROJ[2x1] MAPS[2]
05.06.2019 12:00:45.481 [00002028] ---    Grouping G[0] N[0] GD[]
05.06.2019 12:00:45.481 [00002028] --- ---
05.06.2019 12:00:45.481 [00002028] --- hookD3D9
05.06.2019 12:00:45.482 [00002028] --- DirectX9 dll=670a0000
05.06.2019 12:00:45.549 [00002028] --- DirectX9 API detected
05.06.2019 12:00:45.549 [00002028] --- DirectX9Ex API detected
05.06.2019 12:00:45.549 [00002028] --- i1: InterfaceProc1
05.06.2019 12:00:45.549 [00002028] --- interfaceFunc1 [\\.\DISPLAY1] totalMaps=2
05.06.2019 12:00:45.550 [00002028] --- DXGI dll=95b60000
05.06.2019 12:00:45.579 [00002028] --- DirectX DXGI API CreateDXGIFactory detected 1
05.06.2019 12:00:45.609 [00002028] --- DirectX DXGI API CreateDXGIFactory1 detected 1
05.06.2019 12:00:45.638 [00002028] --- DirectX DXGI API CreateDXGIFactory2 detected 1
05.06.2019 12:00:45.638 [00002028] --- DirectX DXGI API detected
05.06.2019 12:00:45.639 [00002028] --- DirectX D3D12 API detected hd3d12=8f360000
05.06.2019 12:00:45.672 [00002028] --- DirectX D3D12 API detected 1
05.06.2019 12:00:45.672 [00002028] --- hookOpenGL
05.06.2019 12:00:45.911 [00002028] --- OpenGL API detected
05.06.2019 12:00:47.140 [00002028] --- PROCESS DETACH
