04.06.2019 13:45:52.550 [00000500] ??? OSM handle == NULL error=2
04.06.2019 13:45:52.550 [00000500] ^^^ SC trying session1
--- [2]
04.06.2019 13:45:52.550 [00000500] --- App --- Immersive Display PRO v3.0.5 (01.01.2019)
04.06.2019 13:45:52.550 [00000500] --- OS 6:2 Microsoft Windows 8 Professional (build 9200), 64-bit 7(0) 8(1) 8.1(0) 10(0)
04.06.2019 13:45:52.550 [00000500] --- Process32 C:\Program Files (x86)\Google\Update\GoogleUpdate.exe
04.06.2019 13:45:52.550 [00000500] --- CmdLine ["C:\Program Files (x86)\Google\Update\GoogleUpdate.exe" /c]
04.06.2019 13:45:52.550 [00000500] --- Enumerating displays ...
04.06.2019 13:45:52.550 [00000500] --- SM_CMONITORS         = 1
04.06.2019 13:45:52.550 [00000500] --- SM_SAMEDISPLAYFORMAT = 1
04.06.2019 13:45:52.550 [00000500] --- SM_XVIRTUALSCREEN    = 0
04.06.2019 13:45:52.550 [00000500] --- SM_YVIRTUALSCREEN    = 0
04.06.2019 13:45:52.550 [00000500] --- SM_CXVIRTUALSCREEN   = 1024
04.06.2019 13:45:52.550 [00000500] --- SM_CYVIRTUALSCREEN   = 768
04.06.2019 13:45:52.550 [00000500] --- SM_CXCURSOR          = 32
04.06.2019 13:45:52.550 [00000500] ??? No displays enumerated. Retry later
04.06.2019 13:45:52.551 [00000500] --- hookD3D9
04.06.2019 13:45:52.552 [00000500] --- DirectX9 dll=710b0000
04.06.2019 13:45:52.589 [00000500] --- DirectX9 API detected
04.06.2019 13:45:52.589 [00000500] --- DirectX9Ex API detected
04.06.2019 13:45:52.589 [00000500] --- i1: InterfaceProc1
04.06.2019 13:45:52.590 [00000500] --- DXGI dll=727a0000
04.06.2019 13:45:52.609 [00000500] --- DirectX DXGI API CreateDXGIFactory detected 1
04.06.2019 13:45:52.627 [00000500] --- DirectX DXGI API CreateDXGIFactory1 detected 1
04.06.2019 13:45:52.646 [00000500] --- DirectX DXGI API CreateDXGIFactory2 detected 1
04.06.2019 13:45:52.646 [00000500] --- DirectX DXGI API detected
04.06.2019 13:45:52.647 [00000500] --- DirectX D3D12 API detected hd3d12=72630000
04.06.2019 13:45:52.666 [00000500] --- DirectX D3D12 API detected 1
04.06.2019 13:45:52.666 [00000500] --- hookOpenGL
04.06.2019 13:45:52.833 [00000500] --- OpenGL API detected
04.06.2019 13:45:52.903 [00000500] --- PROCESS DETACH
