04.06.2019 15:41:04.904 [00000440] ??? OSM handle == NULL error=2
04.06.2019 15:41:04.904 [00000440] ^^^ SC trying session1
--- [2]
04.06.2019 15:41:04.904 [00000440] --- App --- Immersive Display PRO v3.0.5 (01.01.2019)
04.06.2019 15:41:04.904 [00000440] --- OS 6:2 Microsoft Windows 8 Professional (build 9200), 64-bit 7(0) 8(1) 8.1(0) 10(0)
04.06.2019 15:41:04.904 [00000440] --- Process32 C:\Program Files (x86)\Intel\Intel(R) Management Engine Components\DAL\jhi_service.exe
04.06.2019 15:41:04.904 [00000440] --- CmdLine ["C:\Program Files (x86)\Intel\Intel(R) Management Engine Components\DAL\jhi_service.exe"]
04.06.2019 15:41:04.905 [00000440] --- Enumerating displays ...
04.06.2019 15:41:04.905 [00000440] --- SM_CMONITORS         = 1
04.06.2019 15:41:04.905 [00000440] --- SM_SAMEDISPLAYFORMAT = 1
04.06.2019 15:41:04.905 [00000440] --- SM_XVIRTUALSCREEN    = 0
04.06.2019 15:41:04.905 [00000440] --- SM_YVIRTUALSCREEN    = 0
04.06.2019 15:41:04.905 [00000440] --- SM_CXVIRTUALSCREEN   = 1024
04.06.2019 15:41:04.905 [00000440] --- SM_CYVIRTUALSCREEN   = 768
04.06.2019 15:41:04.905 [00000440] --- SM_CXCURSOR          = 32
04.06.2019 15:41:04.905 [00000440] ??? No displays enumerated. Retry later
04.06.2019 15:41:04.905 [00000440] --- hookD3D9
04.06.2019 15:41:04.906 [00000440] --- DirectX9 dll=71460000
04.06.2019 15:41:04.942 [00000440] --- DirectX9 API detected
04.06.2019 15:41:04.942 [00000440] --- DirectX9Ex API detected
04.06.2019 15:41:04.942 [00000440] --- i1: InterfaceProc1
04.06.2019 15:41:04.942 [00000440] --- DXGI dll=724a0000
04.06.2019 15:41:04.960 [00000440] --- DirectX DXGI API CreateDXGIFactory detected 1
04.06.2019 15:41:04.978 [00000440] --- DirectX DXGI API CreateDXGIFactory1 detected 1
04.06.2019 15:41:04.996 [00000440] --- DirectX DXGI API CreateDXGIFactory2 detected 1
04.06.2019 15:41:04.996 [00000440] --- DirectX DXGI API detected
04.06.2019 15:41:04.997 [00000440] --- DirectX D3D12 API detected hd3d12=72330000
04.06.2019 15:41:05.014 [00000440] --- DirectX D3D12 API detected 1
04.06.2019 15:41:05.015 [00000440] --- hookOpenGL
04.06.2019 15:41:05.156 [00000440] --- OpenGL API detected
