04.06.2019 14:07:08.280 [00000948] --- App --- Immersive Display PRO v3.0.5 (01.01.2019)
04.06.2019 14:07:08.280 [00000948] --- OS 6:2 Microsoft Windows 8 Professional (build 9200), 64-bit 7(0) 8(1) 8.1(0) 10(0)
04.06.2019 14:07:08.280 [00000948] --- Process32 C:\Users\own\AppData\Local\Temp\is-LADPU.tmp\vcredist_x64_110.exe
04.06.2019 14:07:08.280 [00000948] --- CmdLine ["C:\Users\own\AppData\Local\Temp\is-LADPU.tmp\vcredist_x64_110.exe" /q /norestart -burn.unelevated BurnPipe.{C3A10D70-8419-4F6F-AADB-C2936F307222} {88EA373C-4B9A-4CB1-849D-A62E1E08040F} 4380]
04.06.2019 14:07:08.280 [00000948] --- Enumerating displays ...
04.06.2019 14:07:08.281 [00000948] --- Device N[\\.\DISPLAY1] S[Radeon RX 580 Series] M[Generic PnP Monitor] F[desktop primary ]
04.06.2019 14:07:08.281 [00000948] --- Device N[\\.\DISPLAY2] S[Radeon RX 580 Series] M[] F[]
04.06.2019 14:07:08.281 [00000948] --- Device N[\\.\DISPLAY3] S[Radeon RX 580 Series] M[] F[]
04.06.2019 14:07:08.282 [00000948] --- Device N[\\.\DISPLAY4] S[Radeon RX 580 Series] M[] F[]
04.06.2019 14:07:08.282 [00000948] --- Device N[\\.\DISPLAY5] S[Radeon RX 580 Series] M[] F[]
04.06.2019 14:07:08.283 [00000948] --- Device N[\\.\DISPLAY6] S[Radeon RX 580 Series] M[] F[]
04.06.2019 14:07:08.283 [00000948] --- Device N[\\.\DISPLAY7] S[Radeon RX 580 Series] M[] F[]
04.06.2019 14:07:08.284 [00000948] --- Device N[\\.\DISPLAY8] S[Radeon RX 580 Series] M[] F[]
04.06.2019 14:07:08.284 [00000948] --- SM_CMONITORS         = 1
04.06.2019 14:07:08.284 [00000948] --- SM_SAMEDISPLAYFORMAT = 1
04.06.2019 14:07:08.284 [00000948] --- SM_XVIRTUALSCREEN    = 0
04.06.2019 14:07:08.284 [00000948] --- SM_YVIRTUALSCREEN    = 0
04.06.2019 14:07:08.284 [00000948] --- SM_CXVIRTUALSCREEN   = 3840
04.06.2019 14:07:08.284 [00000948] --- SM_CYVIRTUALSCREEN   = 1200
04.06.2019 14:07:08.284 [00000948] --- SM_CXCURSOR          = 32
04.06.2019 14:07:08.286 [00000948] --- [\\.\DISPLAY1] [Radeon RX 580 Series] [MONITOR\ADVEF2D\{4d36e96e-e325-11ce-bfc1-08002be10318}\0013] [Generic PnP Monitor]
04.06.2019 14:07:08.286 [00000948] --- Enumerated 1 displays
04.06.2019 14:07:08.286 [00000948] --- Displays initialized
04.06.2019 14:07:08.286 [00000948] --- Displays[0] M[00010001] HDC[900111e0] GDC[b30111b8] L=0 T=0 R=3840 B=1200 RECT[0,0 3840x1200] N[\\.\DISPLAY1] M[Generic PnP Monitor] F[1] PROJ[2x1] MAPS[2]
04.06.2019 14:07:08.286 [00000948] ---    Grouping G[0] N[0] GD[]
04.06.2019 14:07:08.286 [00000948] --- ---
04.06.2019 14:07:08.286 [00000948] --- hookD3D9
04.06.2019 14:07:08.287 [00000948] --- DirectX9 dll=710b0000
04.06.2019 14:07:08.315 [00000948] --- DirectX9 API detected
04.06.2019 14:07:08.315 [00000948] --- DirectX9Ex API detected
04.06.2019 14:07:08.315 [00000948] --- i1: InterfaceProc1
04.06.2019 14:07:08.315 [00000948] --- interfaceFunc1 [\\.\DISPLAY1] totalMaps=2
04.06.2019 14:07:08.316 [00000948] --- DXGI dll=727a0000
04.06.2019 14:07:08.330 [00000948] --- DirectX DXGI API CreateDXGIFactory detected 1
04.06.2019 14:07:08.344 [00000948] --- DirectX DXGI API CreateDXGIFactory1 detected 1
04.06.2019 14:07:08.358 [00000948] --- DirectX DXGI API CreateDXGIFactory2 detected 1
04.06.2019 14:07:08.358 [00000948] --- DirectX DXGI API detected
04.06.2019 14:07:08.358 [00000948] --- DirectX D3D12 API detected hd3d12=72630000
04.06.2019 14:07:08.372 [00000948] --- DirectX D3D12 API detected 1
04.06.2019 14:07:08.373 [00000948] --- hookOpenGL
04.06.2019 14:07:08.484 [00000948] --- OpenGL API detected
04.06.2019 14:07:18.372 [00000948] --- PROCESS DETACH
