04.06.2019 21:56:14.027 [00001920] ??? OSM handle == NULL error=2
04.06.2019 21:56:14.027 [00001920] ^^^ SC trying session1
--- [2]
04.06.2019 21:56:14.028 [00001920] --- App --- Immersive Display PRO v3.0.5 (01.01.2019)
04.06.2019 21:56:14.028 [00001920] --- OS 6:2 Microsoft Windows 8 Professional (build 9200), 64-bit 7(0) 8(1) 8.1(0) 10(0)
04.06.2019 21:56:14.028 [00001920] --- Process32 C:\Program Files (x86)\Google\Update\GoogleUpdate.exe
04.06.2019 21:56:14.028 [00001920] --- CmdLine ["C:\Program Files (x86)\Google\Update\GoogleUpdate.exe" /c]
04.06.2019 21:56:14.028 [00001920] --- Enumerating displays ...
04.06.2019 21:56:14.028 [00001920] --- SM_CMONITORS         = 1
04.06.2019 21:56:14.028 [00001920] --- SM_SAMEDISPLAYFORMAT = 1
04.06.2019 21:56:14.028 [00001920] --- SM_XVIRTUALSCREEN    = 0
04.06.2019 21:56:14.028 [00001920] --- SM_YVIRTUALSCREEN    = 0
04.06.2019 21:56:14.028 [00001920] --- SM_CXVIRTUALSCREEN   = 1024
04.06.2019 21:56:14.028 [00001920] --- SM_CYVIRTUALSCREEN   = 768
04.06.2019 21:56:14.028 [00001920] --- SM_CXCURSOR          = 32
04.06.2019 21:56:14.028 [00001920] ??? No displays enumerated. Retry later
04.06.2019 21:56:14.028 [00001920] --- hookD3D9
04.06.2019 21:56:14.029 [00001920] --- DirectX9 dll=717f0000
04.06.2019 21:56:14.066 [00001920] --- DirectX9 API detected
04.06.2019 21:56:14.066 [00001920] --- DirectX9Ex API detected
04.06.2019 21:56:14.066 [00001920] --- i1: InterfaceProc1
04.06.2019 21:56:14.067 [00001920] --- DXGI dll=72790000
04.06.2019 21:56:14.085 [00001920] --- DirectX DXGI API CreateDXGIFactory detected 1
04.06.2019 21:56:14.103 [00001920] --- DirectX DXGI API CreateDXGIFactory1 detected 1
04.06.2019 21:56:14.121 [00001920] --- DirectX DXGI API CreateDXGIFactory2 detected 1
04.06.2019 21:56:14.122 [00001920] --- DirectX DXGI API detected
04.06.2019 21:56:14.122 [00001920] --- DirectX D3D12 API detected hd3d12=72590000
04.06.2019 21:56:14.139 [00001920] --- DirectX D3D12 API detected 1
04.06.2019 21:56:14.139 [00001920] --- hookOpenGL
04.06.2019 21:56:14.296 [00001920] --- OpenGL API detected
04.06.2019 21:56:14.363 [00001920] --- PROCESS DETACH
