05.06.2019 11:17:28.878 [00001f14] ??? OSM handle == NULL error=2
05.06.2019 11:17:28.878 [00001f14] ^^^ SC trying session1
--- [2]
05.06.2019 11:17:28.878 [00001f14] --- App --- Immersive Display PRO v3.0.5 (01.01.2019)
05.06.2019 11:17:28.878 [00001f14] --- OS 6:2 Microsoft Windows 8 Professional (build 9200), 64-bit 7(0) 8(1) 8.1(0) 10(0)
05.06.2019 11:17:28.878 [00001f14] --- Process64 C:\Program Files\AMD\Performance Profile Client\AUEPLauncher.exe
05.06.2019 11:17:28.878 [00001f14] --- CmdLine ["C:\Program Files\AMD\Performance Profile Client\AUEPLauncher.exe"]
05.06.2019 11:17:28.878 [00001f14] --- Enumerating displays ...
05.06.2019 11:17:28.878 [00001f14] --- SM_CMONITORS         = 1
05.06.2019 11:17:28.878 [00001f14] --- SM_SAMEDISPLAYFORMAT = 1
05.06.2019 11:17:28.878 [00001f14] --- SM_XVIRTUALSCREEN    = 0
05.06.2019 11:17:28.878 [00001f14] --- SM_YVIRTUALSCREEN    = 0
05.06.2019 11:17:28.878 [00001f14] --- SM_CXVIRTUALSCREEN   = 1024
05.06.2019 11:17:28.878 [00001f14] --- SM_CYVIRTUALSCREEN   = 768
05.06.2019 11:17:28.878 [00001f14] --- SM_CXCURSOR          = 32
05.06.2019 11:17:28.878 [00001f14] ??? No displays enumerated. Retry later
05.06.2019 11:17:28.878 [00001f14] --- hookD3D9
05.06.2019 11:17:28.879 [00001f14] --- DirectX9 dll=feaf0000
05.06.2019 11:17:28.910 [00001f14] --- DirectX9 API detected
05.06.2019 11:17:28.910 [00001f14] --- DirectX9Ex API detected
05.06.2019 11:17:28.910 [00001f14] --- i1: InterfaceProc1
05.06.2019 11:17:28.911 [00001f14] --- DXGI dll=2d520000
05.06.2019 11:17:28.926 [00001f14] --- DirectX DXGI API CreateDXGIFactory detected 1
05.06.2019 11:17:28.941 [00001f14] --- DirectX DXGI API CreateDXGIFactory1 detected 1
05.06.2019 11:17:28.957 [00001f14] --- DirectX DXGI API CreateDXGIFactory2 detected 1
05.06.2019 11:17:28.957 [00001f14] --- DirectX DXGI API detected
05.06.2019 11:17:28.957 [00001f14] --- DirectX D3D12 API detected hd3d12=26cf0000
05.06.2019 11:17:28.972 [00001f14] --- DirectX D3D12 API detected 1
05.06.2019 11:17:28.972 [00001f14] --- hookOpenGL
05.06.2019 11:17:29.079 [00001f14] --- OpenGL API detected
