05.06.2019 02:35:21.590 [00000770] ??? OSM handle == NULL error=2
05.06.2019 02:35:21.590 [00000770] ^^^ SC trying session1
--- [2]
05.06.2019 02:35:21.590 [00000770] --- App --- Immersive Display PRO v3.0.5 (01.01.2019)
05.06.2019 02:35:21.590 [00000770] --- OS 6:2 Microsoft Windows 8 Professional (build 9200), 64-bit 7(0) 8(1) 8.1(0) 10(0)
05.06.2019 02:35:21.590 [00000770] --- Process32 C:\Program Files (x86)\Google\Update\GoogleUpdate.exe
05.06.2019 02:35:21.590 [00000770] --- CmdLine ["C:\Program Files (x86)\Google\Update\GoogleUpdate.exe" /ua /installsource scheduler]
05.06.2019 02:35:21.590 [00000770] --- Enumerating displays ...
05.06.2019 02:35:21.590 [00000770] --- SM_CMONITORS         = 1
05.06.2019 02:35:21.590 [00000770] --- SM_SAMEDISPLAYFORMAT = 1
05.06.2019 02:35:21.590 [00000770] --- SM_XVIRTUALSCREEN    = 0
05.06.2019 02:35:21.590 [00000770] --- SM_YVIRTUALSCREEN    = 0
05.06.2019 02:35:21.590 [00000770] --- SM_CXVIRTUALSCREEN   = 1024
05.06.2019 02:35:21.590 [00000770] --- SM_CYVIRTUALSCREEN   = 768
05.06.2019 02:35:21.590 [00000770] --- SM_CXCURSOR          = 32
05.06.2019 02:35:21.590 [00000770] ??? No displays enumerated. Retry later
05.06.2019 02:35:21.590 [00000770] --- hookD3D9
05.06.2019 02:35:21.591 [00000770] --- DirectX9 dll=717f0000
05.06.2019 02:35:21.618 [00000770] --- DirectX9 API detected
05.06.2019 02:35:21.618 [00000770] --- DirectX9Ex API detected
05.06.2019 02:35:21.618 [00000770] --- i1: InterfaceProc1
05.06.2019 02:35:21.618 [00000770] --- DXGI dll=72790000
05.06.2019 02:35:21.631 [00000770] --- DirectX DXGI API CreateDXGIFactory detected 1
05.06.2019 02:35:21.644 [00000770] --- DirectX DXGI API CreateDXGIFactory1 detected 1
05.06.2019 02:35:21.657 [00000770] --- DirectX DXGI API CreateDXGIFactory2 detected 1
05.06.2019 02:35:21.657 [00000770] --- DirectX DXGI API detected
05.06.2019 02:35:21.657 [00000770] --- DirectX D3D12 API detected hd3d12=72590000
05.06.2019 02:35:21.670 [00000770] --- DirectX D3D12 API detected 1
05.06.2019 02:35:21.670 [00000770] --- hookOpenGL
05.06.2019 02:35:21.779 [00000770] --- OpenGL API detected
05.06.2019 02:35:21.840 [00000770] --- PROCESS DETACH
