04.06.2019 21:17:34.083 [0000107c] --- App --- Immersive Display PRO v3.0.5 (01.01.2019)
04.06.2019 21:17:34.083 [0000107c] --- OS 6:2 Microsoft Windows 8 Professional (build 9200), 64-bit 7(0) 8(1) 8.1(0) 10(0)
04.06.2019 21:17:34.083 [0000107c] --- Process32 C:\Windows\syswow64\MsiExec.exe
04.06.2019 21:17:34.083 [0000107c] --- CmdLine [C:\Windows\syswow64\MsiExec.exe -Embedding 169C047E19F6E67AA1079811B6596BBD E Global\MSI0000]
04.06.2019 21:17:34.083 [0000107c] --- Enumerating displays ...
04.06.2019 21:17:34.084 [0000107c] --- Device N[\\.\DISPLAY10] S[Radeon RX 580 Series] M[Generic PnP Monitor] F[desktop ]
04.06.2019 21:17:34.085 [0000107c] --- Device N[\\.\DISPLAY11] S[Radeon RX 580 Series] M[Generic PnP Monitor] F[desktop primary ]
04.06.2019 21:17:34.086 [0000107c] --- Device N[\\.\DISPLAY12] S[Radeon RX 580 Series] M[] F[]
04.06.2019 21:17:34.087 [0000107c] --- Device N[\\.\DISPLAY13] S[Radeon RX 580 Series] M[] F[]
04.06.2019 21:17:34.088 [0000107c] --- Device N[\\.\DISPLAY14] S[Radeon RX 580 Series] M[] F[]
04.06.2019 21:17:34.089 [0000107c] --- Device N[\\.\DISPLAY15] S[Radeon RX 580 Series] M[] F[]
04.06.2019 21:17:34.089 [0000107c] --- SM_CMONITORS         = 2
04.06.2019 21:17:34.089 [0000107c] --- SM_SAMEDISPLAYFORMAT = 1
04.06.2019 21:17:34.089 [0000107c] --- SM_XVIRTUALSCREEN    = 0
04.06.2019 21:17:34.089 [0000107c] --- SM_YVIRTUALSCREEN    = 0
04.06.2019 21:17:34.089 [0000107c] --- SM_CXVIRTUALSCREEN   = 3840
04.06.2019 21:17:34.089 [0000107c] --- SM_CYVIRTUALSCREEN   = 1200
04.06.2019 21:17:34.089 [0000107c] --- SM_CXCURSOR          = 32
04.06.2019 21:17:34.094 [0000107c] --- [\\.\DISPLAY10] [Radeon RX 580 Series] [MONITOR\SECA70B\{4d36e96e-e325-11ce-bfc1-08002be10318}\0016] [Generic PnP Monitor]
04.06.2019 21:17:34.095 [0000107c] --- [\\.\DISPLAY11] [Radeon RX 580 Series] [MONITOR\SECA70B\{4d36e96e-e325-11ce-bfc1-08002be10318}\0015] [Generic PnP Monitor]
04.06.2019 21:17:34.095 [0000107c] --- Enumerated 2 displays
04.06.2019 21:17:34.095 [0000107c] --- Displays initialized
04.06.2019 21:17:34.095 [0000107c] --- Displays[0] M[001c09f1] HDC[5601115b] GDC[65010b84] L=1920 T=0 R=3840 B=1200 RECT[1920,0 1920x1200] N[\\.\DISPLAY10] M[Generic PnP Monitor] F[0] PROJ[2x1] MAPS[2]
04.06.2019 21:17:34.095 [0000107c] ---    Grouping G[0] N[0] GD[]
04.06.2019 21:17:34.095 [0000107c] --- Displays[1] M[001205fd] HDC[29010bda] GDC[df010cc1] L=0 T=0 R=1920 B=1200 RECT[0,0 1920x1200] N[\\.\DISPLAY11] M[Generic PnP Monitor] F[1] PROJ[0x0] MAPS[0]
04.06.2019 21:17:34.095 [0000107c] ---    Grouping G[0] N[0] GD[]
04.06.2019 21:17:34.095 [0000107c] --- ---
04.06.2019 21:17:34.095 [0000107c] --- hookD3D9
04.06.2019 21:17:34.097 [0000107c] --- DirectX9 dll=71460000
04.06.2019 21:17:34.139 [0000107c] --- DirectX9 API detected
04.06.2019 21:17:34.139 [0000107c] --- DirectX9Ex API detected
04.06.2019 21:17:34.139 [0000107c] --- i1: InterfaceProc1
04.06.2019 21:17:34.139 [0000107c] --- interfaceFunc1 [\\.\DISPLAY10] totalMaps=2
04.06.2019 21:17:34.139 [0000107c] --- DXGI dll=724a0000
04.06.2019 21:17:34.160 [0000107c] --- DirectX DXGI API CreateDXGIFactory detected 1
04.06.2019 21:17:34.180 [0000107c] --- DirectX DXGI API CreateDXGIFactory1 detected 1
04.06.2019 21:17:34.201 [0000107c] --- DirectX DXGI API CreateDXGIFactory2 detected 1
04.06.2019 21:17:34.201 [0000107c] --- DirectX DXGI API detected
04.06.2019 21:17:34.202 [0000107c] --- DirectX D3D12 API detected hd3d12=72330000
04.06.2019 21:17:34.223 [0000107c] --- DirectX D3D12 API detected 1
04.06.2019 21:17:34.223 [0000107c] --- hookOpenGL
04.06.2019 21:17:34.393 [0000107c] --- OpenGL API detected
04.06.2019 21:17:41.532 [0000107c] --- PROCESS DETACH
