04.06.2019 14:13:26.362 [000000f4] ??? OSM handle == NULL error=2
04.06.2019 14:13:26.362 [000000f4] ^^^ SC trying session1
--- [2]
04.06.2019 14:13:26.363 [000000f4] --- App --- Immersive Display PRO v3.0.5 (01.01.2019)
04.06.2019 14:13:26.363 [000000f4] --- OS 6:2 Microsoft Windows 8 Professional (build 9200), 64-bit 7(0) 8(1) 8.1(0) 10(0)
04.06.2019 14:13:26.363 [000000f4] --- Process64 C:\ProgramData\Microsoft\Windows Defender\platform\4.18.1905.4-0\MpCmdRun.exe
04.06.2019 14:13:26.363 [000000f4] --- CmdLine ["C:\ProgramData\Microsoft\Windows Defender\platform\4.18.1905.4-0\MpCmdRun.exe" SignatureUpdate -ScheduleJob -RestrictPrivileges]
04.06.2019 14:13:26.363 [000000f4] --- Enumerating displays ...
04.06.2019 14:13:26.363 [000000f4] --- SM_CMONITORS         = 1
04.06.2019 14:13:26.363 [000000f4] --- SM_SAMEDISPLAYFORMAT = 1
04.06.2019 14:13:26.363 [000000f4] --- SM_XVIRTUALSCREEN    = 0
04.06.2019 14:13:26.363 [000000f4] --- SM_YVIRTUALSCREEN    = 0
04.06.2019 14:13:26.363 [000000f4] --- SM_CXVIRTUALSCREEN   = 1024
04.06.2019 14:13:26.363 [000000f4] --- SM_CYVIRTUALSCREEN   = 768
04.06.2019 14:13:26.363 [000000f4] --- SM_CXCURSOR          = 32
04.06.2019 14:13:26.363 [000000f4] ??? No displays enumerated. Retry later
04.06.2019 14:13:26.363 [000000f4] --- hookD3D9
04.06.2019 14:13:26.364 [000000f4] --- DirectX9 dll=56cb0000
04.06.2019 14:13:26.392 [000000f4] --- DirectX9 API detected
04.06.2019 14:13:26.392 [000000f4] --- DirectX9Ex API detected
04.06.2019 14:13:26.392 [000000f4] --- i1: InterfaceProc1
04.06.2019 14:13:26.392 [000000f4] --- DXGI dll=7ce30000
04.06.2019 14:13:26.406 [000000f4] --- DirectX DXGI API CreateDXGIFactory detected 1
04.06.2019 14:13:26.420 [000000f4] --- DirectX DXGI API CreateDXGIFactory1 detected 1
04.06.2019 14:13:26.434 [000000f4] --- DirectX DXGI API CreateDXGIFactory2 detected 1
04.06.2019 14:13:26.435 [000000f4] --- DirectX DXGI API detected
04.06.2019 14:13:26.435 [000000f4] --- DirectX D3D12 API detected hd3d12=75c40000
04.06.2019 14:13:26.449 [000000f4] --- DirectX D3D12 API detected 1
04.06.2019 14:13:26.449 [000000f4] --- hookOpenGL
04.06.2019 14:13:26.546 [000000f4] --- OpenGL API detected
04.06.2019 14:13:26.604 [000000f4] --- PROCESS DETACH
