05.06.2019 11:57:28.895 [00000470] --- App --- Immersive Display PRO v3.0.5 (01.01.2019)
05.06.2019 11:57:28.895 [00000470] --- OS 6:2 Microsoft Windows 8 Professional (build 9200), 64-bit 7(0) 8(1) 8.1(0) 10(0)
05.06.2019 11:57:28.895 [00000470] --- Process64 C:\Users\own\scoop\apps\git\2.21.0.windows.1\mingw64\bin\git.exe
05.06.2019 11:57:28.895 [00000470] --- CmdLine [git.exe  push]
05.06.2019 11:57:28.896 [00000470] --- Enumerating displays ...
05.06.2019 11:57:28.896 [00000470] --- Device N[\\.\DISPLAY1] S[Radeon RX 580 Series] M[Generic PnP Monitor] F[desktop primary ]
05.06.2019 11:57:28.897 [00000470] --- Device N[\\.\DISPLAY2] S[Radeon RX 580 Series] M[] F[]
05.06.2019 11:57:28.898 [00000470] --- Device N[\\.\DISPLAY3] S[Radeon RX 580 Series] M[] F[]
05.06.2019 11:57:28.898 [00000470] --- Device N[\\.\DISPLAY4] S[Radeon RX 580 Series] M[] F[]
05.06.2019 11:57:28.899 [00000470] --- Device N[\\.\DISPLAY5] S[Radeon RX 580 Series] M[] F[]
05.06.2019 11:57:28.899 [00000470] --- Device N[\\.\DISPLAY6] S[Radeon RX 580 Series] M[] F[]
05.06.2019 11:57:28.900 [00000470] --- Device N[\\.\DISPLAY7] S[Radeon RX 580 Series] M[] F[]
05.06.2019 11:57:28.901 [00000470] --- Device N[\\.\DISPLAY8] S[Radeon RX 580 Series] M[] F[]
05.06.2019 11:57:28.901 [00000470] --- SM_CMONITORS         = 1
05.06.2019 11:57:28.901 [00000470] --- SM_SAMEDISPLAYFORMAT = 1
05.06.2019 11:57:28.901 [00000470] --- SM_XVIRTUALSCREEN    = 0
05.06.2019 11:57:28.901 [00000470] --- SM_YVIRTUALSCREEN    = 0
05.06.2019 11:57:28.901 [00000470] --- SM_CXVIRTUALSCREEN   = 3840
05.06.2019 11:57:28.901 [00000470] --- SM_CYVIRTUALSCREEN   = 1200
05.06.2019 11:57:28.901 [00000470] --- SM_CXCURSOR          = 32
05.06.2019 11:57:28.903 [00000470] --- [\\.\DISPLAY1] [Radeon RX 580 Series] [MONITOR\ADVEF2D\{4d36e96e-e325-11ce-bfc1-08002be10318}\0017] [Generic PnP Monitor]
05.06.2019 11:57:28.904 [00000470] --- Enumerated 1 displays
05.06.2019 11:57:28.904 [00000470] --- Displays initialized
05.06.2019 11:57:28.904 [00000470] --- Displays[0] M[00010001] HDC[f9010f12] GDC[b3011228] L=0 T=0 R=3840 B=1200 RECT[0,0 3840x1200] N[\\.\DISPLAY1] M[Generic PnP Monitor] F[1] PROJ[2x1] MAPS[2]
05.06.2019 11:57:28.904 [00000470] ---    Grouping G[0] N[0] GD[]
05.06.2019 11:57:28.904 [00000470] --- ---
05.06.2019 11:57:28.904 [00000470] --- hookD3D9
05.06.2019 11:57:28.905 [00000470] --- DirectX9 dll=670a0000
05.06.2019 11:57:28.963 [00000470] --- DirectX9 API detected
05.06.2019 11:57:28.963 [00000470] --- DirectX9Ex API detected
05.06.2019 11:57:28.963 [00000470] --- i1: InterfaceProc1
05.06.2019 11:57:28.963 [00000470] --- interfaceFunc1 [\\.\DISPLAY1] totalMaps=2
05.06.2019 11:57:28.963 [00000470] --- DXGI dll=95b60000
05.06.2019 11:57:28.992 [00000470] --- DirectX DXGI API CreateDXGIFactory detected 1
05.06.2019 11:57:29.021 [00000470] --- DirectX DXGI API CreateDXGIFactory1 detected 1
05.06.2019 11:57:29.050 [00000470] --- DirectX DXGI API CreateDXGIFactory2 detected 1
05.06.2019 11:57:29.050 [00000470] --- DirectX DXGI API detected
05.06.2019 11:57:29.051 [00000470] --- DirectX D3D12 API detected hd3d12=8f360000
05.06.2019 11:57:29.079 [00000470] --- DirectX D3D12 API detected 1
05.06.2019 11:57:29.079 [00000470] --- hookOpenGL
05.06.2019 11:57:29.283 [00000470] --- OpenGL API detected
05.06.2019 11:58:05.228 [00000470] --- PROCESS DETACH
