04.06.2019 21:55:00.816 [00002334] --- App --- Immersive Display PRO v3.0.5 (01.01.2019)
04.06.2019 21:55:00.816 [00002334] --- OS 6:2 Microsoft Windows 8 Professional (build 9200), 64-bit 7(0) 8(1) 8.1(0) 10(0)
04.06.2019 21:55:00.816 [00002334] --- Process64 C:\Program Files (x86)\Kindel Systems\MCE Controller\MCEControl.exe
04.06.2019 21:55:00.816 [00002334] --- CmdLine ["C:\Program Files (x86)\Kindel Systems\MCE Controller\MCEControl.exe" ]
04.06.2019 21:55:00.816 [00002334] --- Enumerating displays ...
04.06.2019 21:55:00.817 [00002334] --- Device N[\\.\DISPLAY1] S[Radeon RX 580 Series] M[Generic PnP Monitor] F[desktop primary ]
04.06.2019 21:55:00.817 [00002334] --- Device N[\\.\DISPLAY2] S[Radeon RX 580 Series] M[] F[]
04.06.2019 21:55:00.818 [00002334] --- Device N[\\.\DISPLAY3] S[Radeon RX 580 Series] M[] F[]
04.06.2019 21:55:00.818 [00002334] --- Device N[\\.\DISPLAY4] S[Radeon RX 580 Series] M[] F[]
04.06.2019 21:55:00.819 [00002334] --- Device N[\\.\DISPLAY5] S[Radeon RX 580 Series] M[] F[]
04.06.2019 21:55:00.820 [00002334] --- Device N[\\.\DISPLAY6] S[Radeon RX 580 Series] M[] F[]
04.06.2019 21:55:00.820 [00002334] --- Device N[\\.\DISPLAY7] S[Radeon RX 580 Series] M[] F[]
04.06.2019 21:55:00.821 [00002334] --- Device N[\\.\DISPLAY8] S[Radeon RX 580 Series] M[] F[]
04.06.2019 21:55:00.821 [00002334] --- SM_CMONITORS         = 1
04.06.2019 21:55:00.821 [00002334] --- SM_SAMEDISPLAYFORMAT = 1
04.06.2019 21:55:00.821 [00002334] --- SM_XVIRTUALSCREEN    = 0
04.06.2019 21:55:00.821 [00002334] --- SM_YVIRTUALSCREEN    = 0
04.06.2019 21:55:00.821 [00002334] --- SM_CXVIRTUALSCREEN   = 3840
04.06.2019 21:55:00.821 [00002334] --- SM_CYVIRTUALSCREEN   = 1200
04.06.2019 21:55:00.821 [00002334] --- SM_CXCURSOR          = 32
04.06.2019 21:55:00.823 [00002334] --- [\\.\DISPLAY1] [Radeon RX 580 Series] [MONITOR\ADVEF2D\{4d36e96e-e325-11ce-bfc1-08002be10318}\0017] [Generic PnP Monitor]
04.06.2019 21:55:00.823 [00002334] --- Enumerated 1 displays
04.06.2019 21:55:00.823 [00002334] --- Displays initialized
04.06.2019 21:55:00.823 [00002334] --- Displays[0] M[00010001] HDC[40010c3a] GDC[b5010bc9] L=0 T=0 R=3840 B=1200 RECT[0,0 3840x1200] N[\\.\DISPLAY1] M[Generic PnP Monitor] F[1] PROJ[2x1] MAPS[2]
04.06.2019 21:55:00.823 [00002334] ---    Grouping G[0] N[0] GD[]
04.06.2019 21:55:00.823 [00002334] --- ---
04.06.2019 21:55:00.823 [00002334] --- hookD3D9
04.06.2019 21:55:00.824 [00002334] --- DirectX9 dll=d6de0000
04.06.2019 21:55:00.872 [00002334] --- DirectX9 API detected
04.06.2019 21:55:00.872 [00002334] --- DirectX9Ex API detected
04.06.2019 21:55:00.872 [00002334] --- i1: InterfaceProc1
04.06.2019 21:55:00.872 [00002334] --- interfaceFunc1 [\\.\DISPLAY1] totalMaps=2
04.06.2019 21:55:00.872 [00002334] --- DXGI dll=05830000
04.06.2019 21:55:00.896 [00002334] --- DirectX DXGI API CreateDXGIFactory detected 1
04.06.2019 21:55:00.919 [00002334] --- DirectX DXGI API CreateDXGIFactory1 detected 1
04.06.2019 21:55:00.942 [00002334] --- DirectX DXGI API CreateDXGIFactory2 detected 1
04.06.2019 21:55:00.942 [00002334] --- DirectX DXGI API detected
04.06.2019 21:55:00.943 [00002334] --- DirectX D3D12 API detected hd3d12=ff080000
04.06.2019 21:55:00.966 [00002334] --- DirectX D3D12 API detected 1
04.06.2019 21:55:00.966 [00002334] --- hookOpenGL
04.06.2019 21:55:01.130 [00002334] --- OpenGL API detected
