05.06.2019 11:12:19.363 [00001fa0] ??? OSM handle == NULL error=2
05.06.2019 11:12:19.363 [00001fa0] ^^^ SC trying session1
--- [2]
05.06.2019 11:12:19.363 [00001fa0] --- App --- Immersive Display PRO v3.0.5 (01.01.2019)
05.06.2019 11:12:19.363 [00001fa0] --- OS 6:2 Microsoft Windows 8 Professional (build 9200), 64-bit 7(0) 8(1) 8.1(0) 10(0)
05.06.2019 11:12:19.363 [00001fa0] --- Process64 C:\Program Files\AMD\Performance Profile Client\AUEPMaster.exe
05.06.2019 11:12:19.363 [00001fa0] --- CmdLine [AUEPMaster.exe]
05.06.2019 11:12:19.363 [00001fa0] --- Enumerating displays ...
05.06.2019 11:12:19.363 [00001fa0] --- SM_CMONITORS         = 1
05.06.2019 11:12:19.363 [00001fa0] --- SM_SAMEDISPLAYFORMAT = 1
05.06.2019 11:12:19.363 [00001fa0] --- SM_XVIRTUALSCREEN    = 0
05.06.2019 11:12:19.363 [00001fa0] --- SM_YVIRTUALSCREEN    = 0
05.06.2019 11:12:19.363 [00001fa0] --- SM_CXVIRTUALSCREEN   = 1024
05.06.2019 11:12:19.363 [00001fa0] --- SM_CYVIRTUALSCREEN   = 768
05.06.2019 11:12:19.363 [00001fa0] --- SM_CXCURSOR          = 32
05.06.2019 11:12:19.363 [00001fa0] ??? No displays enumerated. Retry later
05.06.2019 11:12:19.363 [00001fa0] --- hookD3D9
05.06.2019 11:12:19.364 [00001fa0] --- DirectX9 dll=1c9c0000
05.06.2019 11:12:19.405 [00001fa0] --- DirectX9 API detected
05.06.2019 11:12:19.405 [00001fa0] --- DirectX9Ex API detected
05.06.2019 11:12:19.405 [00001fa0] --- i1: InterfaceProc1
05.06.2019 11:12:19.406 [00001fa0] --- DXGI dll=4b3e0000
05.06.2019 11:12:19.426 [00001fa0] --- DirectX DXGI API CreateDXGIFactory detected 1
05.06.2019 11:12:19.447 [00001fa0] --- DirectX DXGI API CreateDXGIFactory1 detected 1
05.06.2019 11:12:19.468 [00001fa0] --- DirectX DXGI API CreateDXGIFactory2 detected 1
05.06.2019 11:12:19.468 [00001fa0] --- DirectX DXGI API detected
05.06.2019 11:12:19.468 [00001fa0] --- DirectX D3D12 API detected hd3d12=44950000
05.06.2019 11:12:19.489 [00001fa0] --- DirectX D3D12 API detected 1
05.06.2019 11:12:19.489 [00001fa0] --- hookOpenGL
05.06.2019 11:12:19.634 [00001fa0] --- OpenGL API detected
05.06.2019 11:13:02.715 [00001a1c] --- PROCESS DETACH
