04.06.2019 14:02:54.942 [000020b8] ??? OSM handle == NULL error=2
04.06.2019 14:02:54.942 [000020b8] ^^^ SC trying session1
--- [2]
04.06.2019 14:02:54.942 [000020b8] --- App --- Immersive Display PRO v3.0.5 (01.01.2019)
04.06.2019 14:02:54.942 [000020b8] --- OS 6:2 Microsoft Windows 8 Professional (build 9200), 64-bit 7(0) 8(1) 8.1(0) 10(0)
04.06.2019 14:02:54.942 [000020b8] --- Process64 C:\WINDOWS\SERVIC~1\NETWOR~1\AppData\Local\Temp\9ECA5E99-4C00-4283-AD62-3C4D8120CD7D\MpSigStub.exe
04.06.2019 14:02:54.942 [000020b8] --- CmdLine [C:\WINDOWS\SERVIC~1\NETWOR~1\AppData\Local\Temp\9ECA5E99-4C00-4283-AD62-3C4D8120CD7D\MpSigStub.exe /stub 1.1.15500.2 /payload 1.295.31.0 /program C:\WINDOWS\SERVIC~1\NETWOR~1\AppData\Local\Temp\mpam-7edf0f79.exe /q WD]
04.06.2019 14:02:54.942 [000020b8] --- Enumerating displays ...
04.06.2019 14:02:54.942 [000020b8] --- SM_CMONITORS         = 1
04.06.2019 14:02:54.942 [000020b8] --- SM_SAMEDISPLAYFORMAT = 1
04.06.2019 14:02:54.942 [000020b8] --- SM_XVIRTUALSCREEN    = 0
04.06.2019 14:02:54.942 [000020b8] --- SM_YVIRTUALSCREEN    = 0
04.06.2019 14:02:54.942 [000020b8] --- SM_CXVIRTUALSCREEN   = 1024
04.06.2019 14:02:54.942 [000020b8] --- SM_CYVIRTUALSCREEN   = 768
04.06.2019 14:02:54.942 [000020b8] --- SM_CXCURSOR          = 32
04.06.2019 14:02:54.942 [000020b8] ??? No displays enumerated. Retry later
04.06.2019 14:02:54.942 [000020b8] --- hookD3D9
04.06.2019 14:02:54.943 [000020b8] --- DirectX9 dll=56cb0000
04.06.2019 14:02:54.989 [000020b8] --- DirectX9 API detected
04.06.2019 14:02:54.989 [000020b8] --- DirectX9Ex API detected
04.06.2019 14:02:54.989 [000020b8] --- i1: InterfaceProc1
04.06.2019 14:02:54.990 [000020b8] --- DXGI dll=7ce30000
04.06.2019 14:02:55.012 [000020b8] --- DirectX DXGI API CreateDXGIFactory detected 1
04.06.2019 14:02:55.035 [000020b8] --- DirectX DXGI API CreateDXGIFactory1 detected 1
04.06.2019 14:02:55.058 [000020b8] --- DirectX DXGI API CreateDXGIFactory2 detected 1
04.06.2019 14:02:55.058 [000020b8] --- DirectX DXGI API detected
04.06.2019 14:02:55.058 [000020b8] --- DirectX D3D12 API detected hd3d12=75c40000
04.06.2019 14:02:55.081 [000020b8] --- DirectX D3D12 API detected 1
04.06.2019 14:02:55.081 [000020b8] --- hookOpenGL
04.06.2019 14:02:55.239 [000020b8] --- OpenGL API detected
04.06.2019 14:03:13.131 [000020b8] --- PROCESS DETACH
