05.06.2019 11:32:35.852 [00002364] ??? OSM handle == NULL error=2
05.06.2019 11:32:35.852 [00002364] ^^^ SC trying session1
--- [2]
05.06.2019 11:32:35.852 [00002364] --- App --- Immersive Display PRO v3.0.5 (01.01.2019)
05.06.2019 11:32:35.852 [00002364] --- OS 6:2 Microsoft Windows 8 Professional (build 9200), 64-bit 7(0) 8(1) 8.1(0) 10(0)
05.06.2019 11:32:35.852 [00002364] --- Process32 C:\Program Files\Intel\SUR\QUEENCREEK\Updater\bin\IntelSoftwareAssetManagerService.exe
05.06.2019 11:32:35.852 [00002364] --- CmdLine ["C:\Program Files\Intel\SUR\QUEENCREEK\Updater\bin\IntelSoftwareAssetManagerService.exe"]
05.06.2019 11:32:35.852 [00002364] --- Enumerating displays ...
05.06.2019 11:32:35.852 [00002364] --- SM_CMONITORS         = 1
05.06.2019 11:32:35.852 [00002364] --- SM_SAMEDISPLAYFORMAT = 1
05.06.2019 11:32:35.852 [00002364] --- SM_XVIRTUALSCREEN    = 0
05.06.2019 11:32:35.852 [00002364] --- SM_YVIRTUALSCREEN    = 0
05.06.2019 11:32:35.852 [00002364] --- SM_CXVIRTUALSCREEN   = 1024
05.06.2019 11:32:35.852 [00002364] --- SM_CYVIRTUALSCREEN   = 768
05.06.2019 11:32:35.852 [00002364] --- SM_CXCURSOR          = 32
05.06.2019 11:32:35.852 [00002364] ??? No displays enumerated. Retry later
05.06.2019 11:32:35.852 [00002364] --- hookD3D9
05.06.2019 11:32:35.852 [00002364] --- DirectX9 dll=01d50000
05.06.2019 11:32:35.884 [00002364] --- DirectX9 API detected
05.06.2019 11:32:35.884 [00002364] --- DirectX9Ex API detected
05.06.2019 11:32:35.884 [00002364] --- i1: InterfaceProc1
05.06.2019 11:32:35.884 [00002364] --- DXGI dll=72830000
05.06.2019 11:32:35.915 [00002364] --- DirectX DXGI API CreateDXGIFactory detected 1
05.06.2019 11:32:35.931 [00002364] --- DirectX DXGI API CreateDXGIFactory1 detected 1
05.06.2019 11:32:35.946 [00002364] --- DirectX DXGI API CreateDXGIFactory2 detected 1
05.06.2019 11:32:35.946 [00002364] --- DirectX DXGI API detected
05.06.2019 11:32:35.946 [00002364] --- DirectX D3D12 API detected hd3d12=72610000
05.06.2019 11:32:35.962 [00002364] --- DirectX D3D12 API detected 1
05.06.2019 11:32:35.962 [00002364] --- hookOpenGL
05.06.2019 11:32:36.118 [00002364] --- OpenGL API detected
05.06.2019 11:33:07.078 [00002364] --- PROCESS DETACH
