05.06.2019 11:29:32.863 [00000248] ??? OSM handle == NULL error=2
05.06.2019 11:29:32.863 [00000248] ^^^ SC trying session1
05.06.2019 11:29:32.863 [00000248] ??? OSM handle == NULL error=2
05.06.2019 11:29:32.863 [00000248] ^^^ SC trying session2
05.06.2019 11:29:32.863 [00000248] ??? OSM handle == NULL error=3
05.06.2019 11:29:32.863 [00000248] --- DXGI dll=bde70000
05.06.2019 11:29:32.863 [00000248] --- DirectX DXGI API CreateDXGIFactory detected 1
05.06.2019 11:29:32.878 [00000248] --- DirectX DXGI API CreateDXGIFactory1 detected 1
05.06.2019 11:29:32.878 [00000248] --- DirectX DXGI API CreateDXGIFactory2 detected 1
05.06.2019 11:29:32.878 [00000248] --- DirectX DXGI API detected
05.06.2019 11:29:32.878 [00000248] --- DirectX D3D11 API detected 1
05.06.2019 11:29:32.894 [00000248] --- DirectX D3D12 API detected hd3d12=b7540000
05.06.2019 11:29:32.894 [00000248] --- DirectX D3D12 API detected 1
05.06.2019 11:29:32.894 [00000248] ??? OSM handle == NULL error=2
05.06.2019 11:29:32.894 [00000248] ^^^ SC trying session1
05.06.2019 11:29:32.894 [00000248] ??? OSM handle == NULL error=2
05.06.2019 11:29:32.894 [00000248] ^^^ SC trying session2
05.06.2019 11:29:32.894 [00000248] ??? OSM handle == NULL error=3
05.06.2019 11:29:32.894 [00000248] ??? OSM handle == NULL error=2
05.06.2019 11:29:32.894 [00000248] ^^^ SC trying session1
05.06.2019 11:29:32.894 [00000248] ??? OSM handle == NULL error=2
05.06.2019 11:29:32.894 [00000248] ^^^ SC trying session2
05.06.2019 11:29:32.894 [00000248] ??? OSM handle == NULL error=3
05.06.2019 11:29:32.894 [00000248] ??? OSM handle == NULL error=2
05.06.2019 11:29:32.894 [00000248] ^^^ SC trying session1
05.06.2019 11:29:32.894 [00000248] ??? OSM handle == NULL error=2
05.06.2019 11:29:32.894 [00000248] ^^^ SC trying session2
05.06.2019 11:29:32.894 [00000248] ??? OSM handle == NULL error=3
05.06.2019 11:29:32.910 [00000754] ??? OSM handle == NULL error=2
05.06.2019 11:29:32.910 [00000754] ^^^ SC trying session1
05.06.2019 11:29:32.910 [00000754] ??? OSM handle == NULL error=2
05.06.2019 11:29:32.910 [00000754] ^^^ SC trying session2
05.06.2019 11:29:32.910 [00000754] ??? OSM handle == NULL error=3
05.06.2019 11:29:33.003 [00000730] --- D3D11CreateDevice ADAPTER NULL
05.06.2019 11:29:33.003 [00000730] ??? OSM handle == NULL error=2
05.06.2019 11:29:33.003 [00000730] ^^^ SC trying session1
05.06.2019 11:29:33.003 [00000730] ??? OSM handle == NULL error=2
05.06.2019 11:29:33.003 [00000730] ^^^ SC trying session2
05.06.2019 11:29:33.003 [00000730] ??? OSM handle == NULL error=3
05.06.2019 11:29:33.144 [00000730] --- Device FeatureLevel -> 0000b000
05.06.2019 11:29:33.160 [00000730] ??? OSM handle == NULL error=2
05.06.2019 11:29:33.160 [00000730] ^^^ SC trying session1
05.06.2019 11:29:33.160 [00000730] ??? OSM handle == NULL error=2
05.06.2019 11:29:33.160 [00000730] ^^^ SC trying session2
05.06.2019 11:29:33.160 [00000730] ??? OSM handle == NULL error=3
05.06.2019 11:29:33.175 [00000754] --- D3D11CreateDevice ADAPTER Description=Radeon RX 580 Series
05.06.2019 11:29:33.175 [00000754] --- Device FeatureLevels[0]=0000a100
05.06.2019 11:29:33.238 [00000754] --- D3D11CreateDevice ADAPTER Description=Radeon RX 580 Series
05.06.2019 11:29:33.238 [00000754] --- Device FeatureLevels[0]=0000c100
05.06.2019 11:29:33.238 [00000754] --- Device FeatureLevels[1]=0000c000
05.06.2019 11:29:33.238 [00000754] --- Device FeatureLevels[2]=0000b100
05.06.2019 11:29:33.238 [00000754] --- Device FeatureLevels[3]=0000b000
05.06.2019 11:29:33.238 [00000754] --- Device FeatureLevels[4]=0000a100
05.06.2019 11:29:33.238 [00000754] --- Device FeatureLevels[5]=0000a000
05.06.2019 11:29:33.238 [00000754] --- Device FeatureLevels[6]=00009300
05.06.2019 11:29:33.238 [00000754] --- Device FeatureLevels[7]=00009200
05.06.2019 11:29:33.238 [00000754] --- Device FeatureLevels[8]=00009100
05.06.2019 11:29:34.378 [00000754] --- Device FeatureLevel -> 0000c000
05.06.2019 11:29:34.534 [000007bc] ??? OSM handle == NULL error=2
05.06.2019 11:29:34.534 [000007bc] ^^^ SC trying session1
05.06.2019 11:29:34.534 [000007bc] ??? OSM handle == NULL error=2
05.06.2019 11:29:34.534 [000007bc] ^^^ SC trying session2
05.06.2019 11:29:34.534 [000007bc] ??? OSM handle == NULL error=3
05.06.2019 11:29:34.628 [00000730] ??? OSM handle == NULL error=2
05.06.2019 11:29:34.628 [00000730] ^^^ SC trying session1
05.06.2019 11:29:34.628 [00000730] ??? OSM handle == NULL error=2
05.06.2019 11:29:34.628 [00000730] ^^^ SC trying session2
05.06.2019 11:29:34.628 [00000730] ??? OSM handle == NULL error=3
05.06.2019 11:29:34.644 [00000754] --- D3D11CreateDevice ADAPTER Description=Radeon RX 580 Series
05.06.2019 11:29:34.644 [00000754] --- Device FeatureLevels[0]=0000a100
05.06.2019 11:29:34.644 [00000754] --- D3D11CreateDevice ADAPTER Description=Radeon RX 580 Series
05.06.2019 11:29:34.644 [00000754] --- Device FeatureLevels[0]=0000c100
05.06.2019 11:29:34.644 [00000754] --- Device FeatureLevels[1]=0000c000
05.06.2019 11:29:34.644 [00000754] --- Device FeatureLevels[2]=0000b100
05.06.2019 11:29:34.644 [00000754] --- Device FeatureLevels[3]=0000b000
05.06.2019 11:29:34.644 [00000754] --- Device FeatureLevels[4]=0000a100
05.06.2019 11:29:34.644 [00000754] --- Device FeatureLevels[5]=0000a000
05.06.2019 11:29:34.644 [00000754] --- Device FeatureLevels[6]=00009300
05.06.2019 11:29:34.644 [00000754] --- Device FeatureLevels[7]=00009200
05.06.2019 11:29:34.644 [00000754] --- Device FeatureLevels[8]=00009100
05.06.2019 11:29:34.644 [00000754] --- Device FeatureLevel -> 0000c000
05.06.2019 11:29:34.769 [00000730] ??? OSM handle == NULL error=2
05.06.2019 11:29:34.769 [00000730] ^^^ SC trying session1
05.06.2019 11:29:34.769 [00000730] ??? OSM handle == NULL error=2
05.06.2019 11:29:34.769 [00000730] ^^^ SC trying session2
05.06.2019 11:29:34.769 [00000730] ??? OSM handle == NULL error=3
05.06.2019 11:29:37.398 [00000754] ??? OSM handle == NULL error=2
05.06.2019 11:29:37.398 [00000754] ^^^ SC trying session1
05.06.2019 11:29:37.398 [00000754] ??? OSM handle == NULL error=2
05.06.2019 11:29:37.398 [00000754] ^^^ SC trying session2
05.06.2019 11:29:37.398 [00000754] ??? OSM handle == NULL error=3
--- [91]
05.06.2019 11:29:59.824 [00000754] --- App --- Immersive Display PRO v3.0.5 (01.01.2019)
05.06.2019 11:29:59.824 [00000754] --- OS 6:2 Microsoft Windows 8 Professional (build 9200), 64-bit 7(0) 8(1) 8.1(0) 10(0)
05.06.2019 11:29:59.824 [00000754] --- Process64 C:\WINDOWS\system32\dwm.exe
05.06.2019 11:29:59.824 [00000754] --- CmdLine ["dwm.exe"]
05.06.2019 11:29:59.824 [00000754] --- Enumerating displays ...
05.06.2019 11:29:59.855 [00000754] --- Device N[\\.\DISPLAY1] S[Radeon RX 580 Series] M[Generic PnP Monitor] F[desktop primary ]
05.06.2019 11:29:59.855 [00000754] --- Device N[\\.\DISPLAY2] S[Radeon RX 580 Series] M[] F[]
05.06.2019 11:29:59.855 [00000754] --- Device N[\\.\DISPLAY3] S[Radeon RX 580 Series] M[] F[]
05.06.2019 11:29:59.855 [00000754] --- Device N[\\.\DISPLAY4] S[Radeon RX 580 Series] M[] F[]
05.06.2019 11:29:59.855 [00000754] --- Device N[\\.\DISPLAY5] S[Radeon RX 580 Series] M[] F[]
05.06.2019 11:29:59.855 [00000754] --- Device N[\\.\DISPLAY6] S[Radeon RX 580 Series] M[] F[]
05.06.2019 11:29:59.855 [00000754] --- Device N[\\.\DISPLAY7] S[Radeon RX 580 Series] M[] F[]
05.06.2019 11:29:59.871 [00000754] --- Device N[\\.\DISPLAY8] S[Radeon RX 580 Series] M[] F[]
05.06.2019 11:29:59.871 [00000754] --- SM_CMONITORS         = 1
05.06.2019 11:29:59.871 [00000754] --- SM_SAMEDISPLAYFORMAT = 1
05.06.2019 11:29:59.871 [00000754] --- SM_XVIRTUALSCREEN    = 0
05.06.2019 11:29:59.871 [00000754] --- SM_YVIRTUALSCREEN    = 0
05.06.2019 11:29:59.871 [00000754] --- SM_CXVIRTUALSCREEN   = 3840
05.06.2019 11:29:59.871 [00000754] --- SM_CYVIRTUALSCREEN   = 1200
05.06.2019 11:29:59.871 [00000754] --- SM_CXCURSOR          = 32
05.06.2019 11:29:59.871 [00000754] --- [\\.\DISPLAY1] [Radeon RX 580 Series] [MONITOR\ADVEF2D\{4d36e96e-e325-11ce-bfc1-08002be10318}\0017] [Generic PnP Monitor]
05.06.2019 11:29:59.871 [00000754] --- Enumerated 1 displays
05.06.2019 11:29:59.871 [00000754] --- Displays initialized
05.06.2019 11:29:59.871 [00000754] --- Displays[0] M[00010001] HDC[4d010b1f] GDC[7a0105f1] L=0 T=0 R=3840 B=1200 RECT[0,0 3840x1200] N[\\.\DISPLAY1] M[Generic PnP Monitor] F[1] PROJ[0x0] MAPS[0]
05.06.2019 11:29:59.871 [00000754] ---    Grouping G[0] N[0] GD[]
05.06.2019 11:29:59.871 [00000754] --- ---
