05.06.2019 10:43:33.007 [00001fc0] --- App --- Immersive Display PRO v3.0.5 (01.01.2019)
05.06.2019 10:43:33.007 [00001fc0] --- OS 6:2 Microsoft Windows 8 Professional (build 9200), 64-bit 7(0) 8(1) 8.1(0) 10(0)
05.06.2019 10:43:33.007 [00001fc0] --- Process64 C:\WINDOWS\system32\dwm.exe
05.06.2019 10:43:33.007 [00001fc0] --- CmdLine ["dwm.exe"]
05.06.2019 10:43:33.007 [00001fc0] --- Enumerating displays ...
05.06.2019 10:43:33.007 [00001fc0] --- Device N[\\.\DISPLAY1] S[Radeon RX 580 Series] M[Generic PnP Monitor] F[desktop primary ]
05.06.2019 10:43:33.008 [00001fc0] --- Device N[\\.\DISPLAY2] S[Radeon RX 580 Series] M[] F[]
05.06.2019 10:43:33.009 [00001fc0] --- Device N[\\.\DISPLAY3] S[Radeon RX 580 Series] M[] F[]
05.06.2019 10:43:33.009 [00001fc0] --- Device N[\\.\DISPLAY4] S[Radeon RX 580 Series] M[] F[]
05.06.2019 10:43:33.010 [00001fc0] --- Device N[\\.\DISPLAY5] S[Radeon RX 580 Series] M[] F[]
05.06.2019 10:43:33.010 [00001fc0] --- Device N[\\.\DISPLAY6] S[Radeon RX 580 Series] M[] F[]
05.06.2019 10:43:33.011 [00001fc0] --- Device N[\\.\DISPLAY7] S[Radeon RX 580 Series] M[] F[]
05.06.2019 10:43:33.011 [00001fc0] --- Device N[\\.\DISPLAY8] S[Radeon RX 580 Series] M[] F[]
05.06.2019 10:43:33.011 [00001fc0] --- SM_CMONITORS         = 1
05.06.2019 10:43:33.011 [00001fc0] --- SM_SAMEDISPLAYFORMAT = 1
05.06.2019 10:43:33.011 [00001fc0] --- SM_XVIRTUALSCREEN    = 0
05.06.2019 10:43:33.011 [00001fc0] --- SM_YVIRTUALSCREEN    = 0
05.06.2019 10:43:33.011 [00001fc0] --- SM_CXVIRTUALSCREEN   = 3840
05.06.2019 10:43:33.011 [00001fc0] --- SM_CYVIRTUALSCREEN   = 1200
05.06.2019 10:43:33.011 [00001fc0] --- SM_CXCURSOR          = 32
05.06.2019 10:43:33.012 [00001fc0] ??? No displays enumerated. Retry later
05.06.2019 10:43:33.012 [00001fc0] --- hookD3D9
05.06.2019 10:43:33.013 [00001fc0] --- DirectX9 dll=328d0000
05.06.2019 10:43:33.058 [00001fc0] --- DirectX9 API detected
05.06.2019 10:43:33.058 [00001fc0] --- DirectX9Ex API detected
05.06.2019 10:43:33.058 [00001fc0] --- i1: InterfaceProc1
05.06.2019 10:43:33.058 [00001fc0] --- DXGI dll=61320000
05.06.2019 10:43:33.082 [00001fc0] --- DirectX DXGI API CreateDXGIFactory detected 1
05.06.2019 10:43:33.098 [00001fc0] --- DirectX DXGI API CreateDXGIFactory1 detected 1
05.06.2019 10:43:33.113 [00001fc0] --- DirectX DXGI API CreateDXGIFactory2 detected 1
05.06.2019 10:43:33.113 [00001fc0] --- DirectX DXGI API detected
05.06.2019 10:43:33.144 [00001fc0] --- DirectX D3D11 API detected 1
05.06.2019 10:43:33.144 [00001fc0] --- DirectX D3D12 API detected hd3d12=5a9e0000
05.06.2019 10:43:33.160 [00001fc0] --- DirectX D3D12 API detected 1
05.06.2019 10:43:33.160 [00001fc0] --- hookOpenGL
05.06.2019 10:43:33.316 [00001fc0] --- OpenGL API detected
05.06.2019 10:43:33.426 [00001fb0] --- D3D11CreateDevice ADAPTER NULL
05.06.2019 10:43:33.441 [000003d4] --- D3D11CreateDevice ADAPTER Description=Radeon RX 580 Series
05.06.2019 10:43:33.441 [000003d4] --- Device FeatureLevels[0]=0000a100
05.06.2019 10:43:33.441 [00001fb0] --- Device FeatureLevel -> 0000b000
05.06.2019 10:43:33.457 [000003d4] --- D3D11CreateDevice ADAPTER Description=Radeon RX 580 Series
05.06.2019 10:43:33.457 [000003d4] --- Device FeatureLevels[0]=0000c100
05.06.2019 10:43:33.457 [000003d4] --- Device FeatureLevels[1]=0000c000
05.06.2019 10:43:33.457 [000003d4] --- Device FeatureLevels[2]=0000b100
05.06.2019 10:43:33.457 [000003d4] --- Device FeatureLevels[3]=0000b000
05.06.2019 10:43:33.457 [000003d4] --- Device FeatureLevels[4]=0000a100
05.06.2019 10:43:33.457 [000003d4] --- Device FeatureLevels[5]=0000a000
05.06.2019 10:43:33.457 [000003d4] --- Device FeatureLevels[6]=00009300
05.06.2019 10:43:33.457 [000003d4] --- Device FeatureLevels[7]=00009200
05.06.2019 10:43:33.457 [000003d4] --- Device FeatureLevels[8]=00009100
05.06.2019 10:43:33.457 [000003d4] --- Device FeatureLevel -> 0000c000
05.06.2019 10:46:05.455 [00001c04] --- Restarting DWM
05.06.2019 10:46:05.658 [00001c04] --- Exiting DWM
05.06.2019 10:46:05.720 [00001c04] --- PROCESS DETACH
