05.06.2019 11:42:55.514 [00002078] ??? OSM handle == NULL error=2
05.06.2019 11:42:55.514 [00002078] ^^^ SC trying session1
--- [2]
05.06.2019 11:42:55.514 [00002078] --- App --- Immersive Display PRO v3.0.5 (01.01.2019)
05.06.2019 11:42:55.514 [00002078] --- OS 6:2 Microsoft Windows 8 Professional (build 9200), 64-bit 7(0) 8(1) 8.1(0) 10(0)
05.06.2019 11:42:55.514 [00002078] --- Process32 C:\Program Files (x86)\Intel\Intel(R) Management Engine Components\DAL\jhi_service.exe
05.06.2019 11:42:55.514 [00002078] --- CmdLine ["C:\Program Files (x86)\Intel\Intel(R) Management Engine Components\DAL\jhi_service.exe"]
05.06.2019 11:42:55.514 [00002078] --- Enumerating displays ...
05.06.2019 11:42:55.514 [00002078] --- SM_CMONITORS         = 1
05.06.2019 11:42:55.514 [00002078] --- SM_SAMEDISPLAYFORMAT = 1
05.06.2019 11:42:55.514 [00002078] --- SM_XVIRTUALSCREEN    = 0
05.06.2019 11:42:55.514 [00002078] --- SM_YVIRTUALSCREEN    = 0
05.06.2019 11:42:55.514 [00002078] --- SM_CXVIRTUALSCREEN   = 1024
05.06.2019 11:42:55.515 [00002078] --- SM_CYVIRTUALSCREEN   = 768
05.06.2019 11:42:55.515 [00002078] --- SM_CXCURSOR          = 32
05.06.2019 11:42:55.515 [00002078] ??? No displays enumerated. Retry later
05.06.2019 11:42:55.515 [00002078] --- hookD3D9
05.06.2019 11:42:55.516 [00002078] --- DirectX9 dll=70fc0000
05.06.2019 11:42:55.554 [00002078] --- DirectX9 API detected
05.06.2019 11:42:55.555 [00002078] --- DirectX9Ex API detected
05.06.2019 11:42:55.555 [00002078] --- i1: InterfaceProc1
05.06.2019 11:42:55.555 [00002078] --- DXGI dll=71f60000
05.06.2019 11:42:55.574 [00002078] --- DirectX DXGI API CreateDXGIFactory detected 1
05.06.2019 11:42:55.593 [00002078] --- DirectX DXGI API CreateDXGIFactory1 detected 1
05.06.2019 11:42:55.613 [00002078] --- DirectX DXGI API CreateDXGIFactory2 detected 1
05.06.2019 11:42:55.613 [00002078] --- DirectX DXGI API detected
05.06.2019 11:42:55.613 [00002078] --- DirectX D3D12 API detected hd3d12=71d60000
05.06.2019 11:42:55.632 [00002078] --- DirectX D3D12 API detected 1
05.06.2019 11:42:55.632 [00002078] --- hookOpenGL
05.06.2019 11:42:55.788 [00002078] --- OpenGL API detected
