04.06.2019 21:35:27.548 [00002150] ??? OSM handle == NULL error=2
04.06.2019 21:35:27.548 [00002150] ^^^ SC trying session1
--- [2]
04.06.2019 21:35:27.548 [00002150] --- App --- Immersive Display PRO v3.0.5 (01.01.2019)
04.06.2019 21:35:27.548 [00002150] --- OS 6:2 Microsoft Windows 8 Professional (build 9200), 64-bit 7(0) 8(1) 8.1(0) 10(0)
04.06.2019 21:35:27.548 [00002150] --- Process64 C:\Program Files (x86)\Google\Update\1.3.34.11\GoogleCrashHandler64.exe
04.06.2019 21:35:27.548 [00002150] --- CmdLine ["C:\Program Files (x86)\Google\Update\1.3.34.11\GoogleCrashHandler64.exe"]
04.06.2019 21:35:27.563 [00002150] --- Enumerating displays ...
04.06.2019 21:35:27.563 [00002150] --- SM_CMONITORS         = 1
04.06.2019 21:35:27.563 [00002150] --- SM_SAMEDISPLAYFORMAT = 1
04.06.2019 21:35:27.563 [00002150] --- SM_XVIRTUALSCREEN    = 0
04.06.2019 21:35:27.563 [00002150] --- SM_YVIRTUALSCREEN    = 0
04.06.2019 21:35:27.563 [00002150] --- SM_CXVIRTUALSCREEN   = 1024
04.06.2019 21:35:27.563 [00002150] --- SM_CYVIRTUALSCREEN   = 768
04.06.2019 21:35:27.563 [00002150] --- SM_CXCURSOR          = 32
04.06.2019 21:35:27.563 [00002150] ??? No displays enumerated. Retry later
04.06.2019 21:35:27.563 [00002150] --- hookD3D9
04.06.2019 21:35:27.563 [00002150] --- DirectX9 dll=eb9d0000
04.06.2019 21:35:27.610 [00002150] --- DirectX9 API detected
04.06.2019 21:35:27.610 [00002150] --- DirectX9Ex API detected
04.06.2019 21:35:27.610 [00002150] --- i1: InterfaceProc1
04.06.2019 21:35:27.610 [00002150] --- DXGI dll=15960000
04.06.2019 21:35:27.626 [00002150] --- DirectX DXGI API CreateDXGIFactory detected 1
04.06.2019 21:35:27.641 [00002150] --- DirectX DXGI API CreateDXGIFactory1 detected 1
04.06.2019 21:35:27.673 [00002150] --- DirectX DXGI API CreateDXGIFactory2 detected 1
04.06.2019 21:35:27.673 [00002150] --- DirectX DXGI API detected
04.06.2019 21:35:27.673 [00002150] --- DirectX D3D12 API detected hd3d12=0f0c0000
04.06.2019 21:35:27.688 [00002150] --- DirectX D3D12 API detected 1
04.06.2019 21:35:27.719 [00002150] --- hookOpenGL
04.06.2019 21:35:27.860 [00002150] --- OpenGL API detected
04.06.2019 21:35:27.938 [00002150] --- PROCESS DETACH
