05.06.2019 10:59:06.008 [000016f4] ??? OSM handle == NULL error=2
05.06.2019 10:59:06.008 [000016f4] ^^^ SC trying session1
--- [2]
05.06.2019 10:59:06.008 [000016f4] --- App --- Immersive Display PRO v3.0.5 (01.01.2019)
05.06.2019 10:59:06.008 [000016f4] --- OS 6:2 Microsoft Windows 8 Professional (build 9200), 64-bit 7(0) 8(1) 8.1(0) 10(0)
05.06.2019 10:59:06.008 [000016f4] --- Process64 C:\Program Files\Intel\SUR\QUEENCREEK\x64\esrv_svc.exe
05.06.2019 10:59:06.008 [000016f4] --- CmdLine ["C:\Program Files\Intel\SUR\QUEENCREEK\x64\esrv_svc.exe" "--run_as_user_process" ]
05.06.2019 10:59:06.008 [000016f4] --- Enumerating displays ...
05.06.2019 10:59:06.008 [000016f4] --- SM_CMONITORS         = 1
05.06.2019 10:59:06.008 [000016f4] --- SM_SAMEDISPLAYFORMAT = 1
05.06.2019 10:59:06.008 [000016f4] --- SM_XVIRTUALSCREEN    = 0
05.06.2019 10:59:06.008 [000016f4] --- SM_YVIRTUALSCREEN    = 0
05.06.2019 10:59:06.008 [000016f4] --- SM_CXVIRTUALSCREEN   = 1024
05.06.2019 10:59:06.008 [000016f4] --- SM_CYVIRTUALSCREEN   = 768
05.06.2019 10:59:06.008 [000016f4] --- SM_CXCURSOR          = 32
05.06.2019 10:59:06.008 [000016f4] ??? No displays enumerated. Retry later
05.06.2019 10:59:06.008 [000016f4] --- hookD3D9
05.06.2019 10:59:06.008 [000016f4] --- DirectX9 dll=a5ef0000
05.06.2019 10:59:06.055 [000016f4] --- DirectX9 API detected
05.06.2019 10:59:06.055 [000016f4] --- DirectX9Ex API detected
05.06.2019 10:59:06.055 [000016f4] --- i1: InterfaceProc1
05.06.2019 10:59:06.055 [000016f4] --- DXGI dll=d3330000
05.06.2019 10:59:06.071 [000016f4] --- DirectX DXGI API CreateDXGIFactory detected 1
05.06.2019 10:59:06.087 [000016f4] --- DirectX DXGI API CreateDXGIFactory1 detected 1
05.06.2019 10:59:06.118 [000016f4] --- DirectX DXGI API CreateDXGIFactory2 detected 1
05.06.2019 10:59:06.118 [000016f4] --- DirectX DXGI API detected
05.06.2019 10:59:06.118 [000016f4] --- DirectX D3D12 API detected hd3d12=cc750000
05.06.2019 10:59:06.133 [000016f4] --- DirectX D3D12 API detected 1
05.06.2019 10:59:06.133 [000016f4] --- hookOpenGL
05.06.2019 10:59:06.274 [000016f4] --- OpenGL API detected
05.06.2019 10:59:06.336 [000016f4] --- PROCESS DETACH
