04.06.2019 15:41:21.874 [000021ec] --- App --- Immersive Display PRO v3.0.5 (01.01.2019)
04.06.2019 15:41:21.874 [000021ec] --- OS 6:2 Microsoft Windows 8 Professional (build 9200), 64-bit 7(0) 8(1) 8.1(0) 10(0)
04.06.2019 15:41:21.874 [000021ec] --- Process64 C:\Program Files (x86)\Google\Chrome\Application\chrome.exe
04.06.2019 15:41:21.874 [000021ec] --- CmdLine ["C:\Program Files (x86)\Google\Chrome\Application\chrome.exe" --type=watcher --main-thread-id=8628 --on-initialized-event-handle=812 --parent-handle=816 /prefetch:6]
04.06.2019 15:41:21.874 [000021ec] --- Enumerating displays ...
04.06.2019 15:41:21.874 [000021ec] --- Device N[\\.\DISPLAY1] S[Radeon RX 580 Series] M[Generic PnP Monitor] F[desktop primary ]
04.06.2019 15:41:21.875 [000021ec] --- Device N[\\.\DISPLAY2] S[Radeon RX 580 Series] M[] F[]
04.06.2019 15:41:21.875 [000021ec] --- Device N[\\.\DISPLAY3] S[Radeon RX 580 Series] M[] F[]
04.06.2019 15:41:21.876 [000021ec] --- Device N[\\.\DISPLAY4] S[Radeon RX 580 Series] M[] F[]
04.06.2019 15:41:21.877 [000021ec] --- Device N[\\.\DISPLAY5] S[Radeon RX 580 Series] M[] F[]
04.06.2019 15:41:21.877 [000021ec] --- Device N[\\.\DISPLAY6] S[Radeon RX 580 Series] M[] F[]
04.06.2019 15:41:21.878 [000021ec] --- Device N[\\.\DISPLAY7] S[Radeon RX 580 Series] M[] F[]
04.06.2019 15:41:21.878 [000021ec] --- Device N[\\.\DISPLAY8] S[Radeon RX 580 Series] M[] F[]
04.06.2019 15:41:21.878 [000021ec] --- SM_CMONITORS         = 1
04.06.2019 15:41:21.878 [000021ec] --- SM_SAMEDISPLAYFORMAT = 1
04.06.2019 15:41:21.878 [000021ec] --- SM_XVIRTUALSCREEN    = 0
04.06.2019 15:41:21.878 [000021ec] --- SM_YVIRTUALSCREEN    = 0
04.06.2019 15:41:21.878 [000021ec] --- SM_CXVIRTUALSCREEN   = 3840
04.06.2019 15:41:21.878 [000021ec] --- SM_CYVIRTUALSCREEN   = 1200
04.06.2019 15:41:21.878 [000021ec] --- SM_CXCURSOR          = 32
04.06.2019 15:41:21.881 [000021ec] --- [\\.\DISPLAY1] [Radeon RX 580 Series] [MONITOR\ADVEF2D\{4d36e96e-e325-11ce-bfc1-08002be10318}\0013] [Generic PnP Monitor]
04.06.2019 15:41:21.882 [000021ec] --- Enumerated 1 displays
04.06.2019 15:41:21.882 [000021ec] --- Displays initialized
04.06.2019 15:41:21.882 [000021ec] --- Displays[0] M[00010001] HDC[d0010e9a] GDC[7a010ea9] L=0 T=0 R=3840 B=1200 RECT[0,0 3840x1200] N[\\.\DISPLAY1] M[Generic PnP Monitor] F[1] PROJ[2x1] MAPS[2]
04.06.2019 15:41:21.882 [000021ec] ---    Grouping G[0] N[0] GD[]
04.06.2019 15:41:21.882 [000021ec] --- ---
04.06.2019 15:41:21.882 [000021ec] --- i1:Executable chrome.exe is excluded DX9
04.06.2019 15:41:21.883 [000021ec] --- DXGI dll=a1720000
04.06.2019 15:41:21.918 [000021ec] --- DirectX DXGI API CreateDXGIFactory detected 1
04.06.2019 15:41:21.955 [000021ec] --- DirectX DXGI API CreateDXGIFactory1 detected 1
04.06.2019 15:41:21.998 [000021ec] --- DirectX DXGI API CreateDXGIFactory2 detected 1
04.06.2019 15:41:21.998 [000021ec] --- DirectX DXGI API detected
04.06.2019 15:41:21.999 [000021ec] --- DirectX D3D12 API detected hd3d12=9a880000
04.06.2019 15:41:22.039 [000021ec] --- DirectX D3D12 API detected 1
04.06.2019 15:41:22.039 [000021ec] --- i2: InterfaceProc1
04.06.2019 15:41:22.039 [000021ec] --- interfaceFunc1 [\\.\DISPLAY1] totalMaps=2
04.06.2019 15:41:22.040 [000021ec] --- i3:Executable chrome.exe is excluded OGL
04.06.2019 15:41:45.132 [000021ec] --- PROCESS DETACH
