04.06.2019 21:17:40.972 [000032c4] --- App --- Immersive Display PRO v3.0.5 (01.01.2019)
04.06.2019 21:17:40.972 [000032c4] --- OS 6:2 Microsoft Windows 8 Professional (build 9200), 64-bit 7(0) 8(1) 8.1(0) 10(0)
04.06.2019 21:17:40.972 [000032c4] --- Process64 C:\Program Files (x86)\Intel\Bluetooth\utilities\ibtcleandevnode.exe
04.06.2019 21:17:40.972 [000032c4] --- CmdLine ["C:\Program Files (x86)\Intel\Bluetooth\utilities\ibtcleandevnode.exe" {00000000-0000-0000-0000-000000000000} "USB\VID_8087&PID_07DC"]
04.06.2019 21:17:40.972 [000032c4] --- Enumerating displays ...
04.06.2019 21:17:40.973 [000032c4] --- Device N[\\.\DISPLAY10] S[Radeon RX 580 Series] M[Generic PnP Monitor] F[desktop ]
04.06.2019 21:17:40.974 [000032c4] --- Device N[\\.\DISPLAY11] S[Radeon RX 580 Series] M[Generic PnP Monitor] F[desktop primary ]
04.06.2019 21:17:40.975 [000032c4] --- Device N[\\.\DISPLAY12] S[Radeon RX 580 Series] M[] F[]
04.06.2019 21:17:40.976 [000032c4] --- Device N[\\.\DISPLAY13] S[Radeon RX 580 Series] M[] F[]
04.06.2019 21:17:40.977 [000032c4] --- Device N[\\.\DISPLAY14] S[Radeon RX 580 Series] M[] F[]
04.06.2019 21:17:40.978 [000032c4] --- Device N[\\.\DISPLAY15] S[Radeon RX 580 Series] M[] F[]
04.06.2019 21:17:40.978 [000032c4] --- SM_CMONITORS         = 2
04.06.2019 21:17:40.978 [000032c4] --- SM_SAMEDISPLAYFORMAT = 1
04.06.2019 21:17:40.978 [000032c4] --- SM_XVIRTUALSCREEN    = 0
04.06.2019 21:17:40.978 [000032c4] --- SM_YVIRTUALSCREEN    = 0
04.06.2019 21:17:40.978 [000032c4] --- SM_CXVIRTUALSCREEN   = 3840
04.06.2019 21:17:40.978 [000032c4] --- SM_CYVIRTUALSCREEN   = 1200
04.06.2019 21:17:40.978 [000032c4] --- SM_CXCURSOR          = 32
04.06.2019 21:17:40.982 [000032c4] --- [\\.\DISPLAY10] [Radeon RX 580 Series] [MONITOR\SECA70B\{4d36e96e-e325-11ce-bfc1-08002be10318}\0016] [Generic PnP Monitor]
04.06.2019 21:17:40.983 [000032c4] --- [\\.\DISPLAY11] [Radeon RX 580 Series] [MONITOR\SECA70B\{4d36e96e-e325-11ce-bfc1-08002be10318}\0015] [Generic PnP Monitor]
04.06.2019 21:17:40.984 [000032c4] --- Enumerated 2 displays
04.06.2019 21:17:40.984 [000032c4] --- Displays initialized
04.06.2019 21:17:40.984 [000032c4] --- Displays[0] M[001c09f1] HDC[5601115b] GDC[a9010d9a] L=1920 T=0 R=3840 B=1200 RECT[1920,0 1920x1200] N[\\.\DISPLAY10] M[Generic PnP Monitor] F[0] PROJ[2x1] MAPS[2]
04.06.2019 21:17:40.984 [000032c4] ---    Grouping G[0] N[0] GD[]
04.06.2019 21:17:40.984 [000032c4] --- Displays[1] M[001205fd] HDC[29010bda] GDC[f6010c79] L=0 T=0 R=1920 B=1200 RECT[0,0 1920x1200] N[\\.\DISPLAY11] M[Generic PnP Monitor] F[1] PROJ[0x0] MAPS[0]
04.06.2019 21:17:40.984 [000032c4] ---    Grouping G[0] N[0] GD[]
04.06.2019 21:17:40.984 [000032c4] --- ---
04.06.2019 21:17:40.984 [000032c4] --- hookD3D9
04.06.2019 21:17:40.985 [000032c4] --- DirectX9 dll=72ce0000
04.06.2019 21:17:41.028 [000032c4] --- DirectX9 API detected
04.06.2019 21:17:41.028 [000032c4] --- DirectX9Ex API detected
04.06.2019 21:17:41.028 [000032c4] --- i1: InterfaceProc1
04.06.2019 21:17:41.028 [000032c4] --- interfaceFunc1 [\\.\DISPLAY10] totalMaps=2
04.06.2019 21:17:41.028 [000032c4] --- DXGI dll=a1720000
04.06.2019 21:17:41.050 [000032c4] --- DirectX DXGI API CreateDXGIFactory detected 1
04.06.2019 21:17:41.071 [000032c4] --- DirectX DXGI API CreateDXGIFactory1 detected 1
04.06.2019 21:17:41.092 [000032c4] --- DirectX DXGI API CreateDXGIFactory2 detected 1
04.06.2019 21:17:41.092 [000032c4] --- DirectX DXGI API detected
04.06.2019 21:17:41.093 [000032c4] --- DirectX D3D12 API detected hd3d12=9a880000
04.06.2019 21:17:41.115 [000032c4] --- DirectX D3D12 API detected 1
04.06.2019 21:17:41.115 [000032c4] --- hookOpenGL
04.06.2019 21:17:41.264 [000032c4] --- OpenGL API detected
04.06.2019 21:17:41.432 [000032c4] --- PROCESS DETACH
