04.06.2019 14:05:24.297 [000015b8] --- App --- Immersive Display PRO v3.0.5 (01.01.2019)
04.06.2019 14:05:24.297 [000015b8] --- OS 6:2 Microsoft Windows 8 Professional (build 9200), 64-bit 7(0) 8(1) 8.1(0) 10(0)
04.06.2019 14:05:24.297 [000015b8] --- Process32 D:\test_VR\E1847_SCENE_LT_2019.0.1.1653_wManual_x64_Setup.exe
04.06.2019 14:05:24.297 [000015b8] --- CmdLine ["D:\test_VR\E1847_SCENE_LT_2019.0.1.1653_wManual_x64_Setup.exe" ]
04.06.2019 14:05:24.297 [000015b8] --- Enumerating displays ...
04.06.2019 14:05:24.298 [000015b8] --- Device N[\\.\DISPLAY1] S[Radeon RX 580 Series] M[Generic PnP Monitor] F[desktop primary ]
04.06.2019 14:05:24.298 [000015b8] --- Device N[\\.\DISPLAY2] S[Radeon RX 580 Series] M[] F[]
04.06.2019 14:05:24.299 [000015b8] --- Device N[\\.\DISPLAY3] S[Radeon RX 580 Series] M[] F[]
04.06.2019 14:05:24.299 [000015b8] --- Device N[\\.\DISPLAY4] S[Radeon RX 580 Series] M[] F[]
04.06.2019 14:05:24.299 [000015b8] --- Device N[\\.\DISPLAY5] S[Radeon RX 580 Series] M[] F[]
04.06.2019 14:05:24.300 [000015b8] --- Device N[\\.\DISPLAY6] S[Radeon RX 580 Series] M[] F[]
04.06.2019 14:05:24.300 [000015b8] --- Device N[\\.\DISPLAY7] S[Radeon RX 580 Series] M[] F[]
04.06.2019 14:05:24.301 [000015b8] --- Device N[\\.\DISPLAY8] S[Radeon RX 580 Series] M[] F[]
04.06.2019 14:05:24.301 [000015b8] --- SM_CMONITORS         = 1
04.06.2019 14:05:24.301 [000015b8] --- SM_SAMEDISPLAYFORMAT = 1
04.06.2019 14:05:24.301 [000015b8] --- SM_XVIRTUALSCREEN    = 0
04.06.2019 14:05:24.301 [000015b8] --- SM_YVIRTUALSCREEN    = 0
04.06.2019 14:05:24.301 [000015b8] --- SM_CXVIRTUALSCREEN   = 3840
04.06.2019 14:05:24.301 [000015b8] --- SM_CYVIRTUALSCREEN   = 1200
04.06.2019 14:05:24.301 [000015b8] --- SM_CXCURSOR          = 32
04.06.2019 14:05:24.303 [000015b8] --- [\\.\DISPLAY1] [Radeon RX 580 Series] [MONITOR\ADVEF2D\{4d36e96e-e325-11ce-bfc1-08002be10318}\0013] [Generic PnP Monitor]
04.06.2019 14:05:24.303 [000015b8] --- Enumerated 1 displays
04.06.2019 14:05:24.303 [000015b8] --- Displays initialized
04.06.2019 14:05:24.303 [000015b8] --- Displays[0] M[00010001] HDC[9f010680] GDC[b701011b] L=0 T=0 R=3840 B=1200 RECT[0,0 3840x1200] N[\\.\DISPLAY1] M[Generic PnP Monitor] F[1] PROJ[2x1] MAPS[2]
04.06.2019 14:05:24.303 [000015b8] ---    Grouping G[0] N[0] GD[]
04.06.2019 14:05:24.303 [000015b8] --- ---
04.06.2019 14:05:24.303 [000015b8] --- hookD3D9
04.06.2019 14:05:24.305 [000015b8] --- DirectX9 dll=710b0000
04.06.2019 14:05:24.332 [000015b8] --- DirectX9 API detected
04.06.2019 14:05:24.332 [000015b8] --- DirectX9Ex API detected
04.06.2019 14:05:24.332 [000015b8] --- i1: InterfaceProc1
04.06.2019 14:05:24.332 [000015b8] --- interfaceFunc1 [\\.\DISPLAY1] totalMaps=2
04.06.2019 14:05:24.332 [000015b8] --- DXGI dll=727a0000
04.06.2019 14:05:24.346 [000015b8] --- DirectX DXGI API CreateDXGIFactory detected 1
04.06.2019 14:05:24.360 [000015b8] --- DirectX DXGI API CreateDXGIFactory1 detected 1
04.06.2019 14:05:24.374 [000015b8] --- DirectX DXGI API CreateDXGIFactory2 detected 1
04.06.2019 14:05:24.374 [000015b8] --- DirectX DXGI API detected
04.06.2019 14:05:24.375 [000015b8] --- DirectX D3D12 API detected hd3d12=72630000
04.06.2019 14:05:24.389 [000015b8] --- DirectX D3D12 API detected 1
04.06.2019 14:05:24.389 [000015b8] --- hookOpenGL
04.06.2019 14:05:24.501 [000015b8] --- OpenGL API detected
04.06.2019 14:07:55.593 [000015b8] --- PROCESS DETACH
