05.06.2019 11:10:42.998 [00000758] --- App --- Immersive Display PRO v3.0.5 (01.01.2019)
05.06.2019 11:10:42.998 [00000758] --- OS 6:2 Microsoft Windows 8 Professional (build 9200), 64-bit 7(0) 8(1) 8.1(0) 10(0)
05.06.2019 11:10:42.998 [00000758] --- Process64 C:\Program Files\AMD\CNext\CNext\amdow.exe
05.06.2019 11:10:42.998 [00000758] --- CmdLine ["C:\Program Files\AMD\CNext\CNext\amdow.exe" 8064]
05.06.2019 11:10:42.998 [00000758] --- Enumerating displays ...
05.06.2019 11:10:42.998 [00000758] --- Device N[\\.\DISPLAY1] S[Radeon RX 580 Series] M[Generic PnP Monitor] F[desktop primary ]
05.06.2019 11:10:42.998 [00000758] --- Device N[\\.\DISPLAY2] S[Radeon RX 580 Series] M[] F[]
05.06.2019 11:10:42.998 [00000758] --- Device N[\\.\DISPLAY3] S[Radeon RX 580 Series] M[] F[]
05.06.2019 11:10:42.998 [00000758] --- Device N[\\.\DISPLAY4] S[Radeon RX 580 Series] M[] F[]
05.06.2019 11:10:42.998 [00000758] --- Device N[\\.\DISPLAY5] S[Radeon RX 580 Series] M[] F[]
05.06.2019 11:10:43.013 [00000758] --- Device N[\\.\DISPLAY6] S[Radeon RX 580 Series] M[] F[]
05.06.2019 11:10:43.013 [00000758] --- Device N[\\.\DISPLAY7] S[Radeon RX 580 Series] M[] F[]
05.06.2019 11:10:43.013 [00000758] --- Device N[\\.\DISPLAY8] S[Radeon RX 580 Series] M[] F[]
05.06.2019 11:10:43.013 [00000758] --- SM_CMONITORS         = 1
05.06.2019 11:10:43.013 [00000758] --- SM_SAMEDISPLAYFORMAT = 1
05.06.2019 11:10:43.013 [00000758] --- SM_XVIRTUALSCREEN    = 0
05.06.2019 11:10:43.013 [00000758] --- SM_YVIRTUALSCREEN    = 0
05.06.2019 11:10:43.013 [00000758] --- SM_CXVIRTUALSCREEN   = 3840
05.06.2019 11:10:43.013 [00000758] --- SM_CYVIRTUALSCREEN   = 1200
05.06.2019 11:10:43.013 [00000758] --- SM_CXCURSOR          = 32
05.06.2019 11:10:43.013 [00000758] --- [\\.\DISPLAY1] [Radeon RX 580 Series] [MONITOR\ADVEF2D\{4d36e96e-e325-11ce-bfc1-08002be10318}\0017] [Generic PnP Monitor]
05.06.2019 11:10:43.013 [00000758] --- Enumerated 1 displays
05.06.2019 11:10:43.013 [00000758] --- Displays initialized
05.06.2019 11:10:43.013 [00000758] --- Displays[0] M[00010001] HDC[1f010c8e] GDC[12010c82] L=0 T=0 R=3840 B=1200 RECT[0,0 3840x1200] N[\\.\DISPLAY1] M[Generic PnP Monitor] F[1] PROJ[2x1] MAPS[2]
05.06.2019 11:10:43.013 [00000758] ---    Grouping G[0] N[0] GD[]
05.06.2019 11:10:43.013 [00000758] --- ---
05.06.2019 11:10:43.013 [00000758] --- hookD3D9
05.06.2019 11:10:43.013 [00000758] --- DirectX9 dll=1c9c0000
05.06.2019 11:10:43.060 [00000758] --- DirectX9 API detected
05.06.2019 11:10:43.060 [00000758] --- DirectX9Ex API detected
05.06.2019 11:10:43.060 [00000758] --- i1: InterfaceProc1
05.06.2019 11:10:43.060 [00000758] --- interfaceFunc1 [\\.\DISPLAY1] totalMaps=2
05.06.2019 11:10:43.060 [00000758] --- DXGI dll=4b3e0000
05.06.2019 11:10:43.091 [00000758] --- DirectX DXGI API CreateDXGIFactory detected 1
05.06.2019 11:10:43.123 [00000758] --- DirectX DXGI API CreateDXGIFactory1 detected 1
05.06.2019 11:10:43.138 [00000758] --- DirectX DXGI API CreateDXGIFactory2 detected 1
05.06.2019 11:10:43.138 [00000758] --- DirectX DXGI API detected
05.06.2019 11:10:43.138 [00000758] --- DirectX D3D12 API detected hd3d12=44950000
05.06.2019 11:10:43.170 [00000758] --- DirectX D3D12 API detected 1
05.06.2019 11:10:43.170 [00000758] --- hookOpenGL
05.06.2019 11:10:43.357 [00000758] --- OpenGL API detected
