04.06.2019 21:11:28.081 [00002140] --- App --- Immersive Display PRO v3.0.5 (01.01.2019)
04.06.2019 21:11:28.081 [00002140] --- OS 6:2 Microsoft Windows 8 Professional (build 9200), 64-bit 7(0) 8(1) 8.1(0) 10(0)
04.06.2019 21:11:28.081 [00002140] --- Process64 C:\Program Files\Common Files\microsoft shared\ink\TabTip.exe
04.06.2019 21:11:28.081 [00002140] --- CmdLine [/QuitInfo:0000000000000204;0000000000000200;  ]
04.06.2019 21:11:28.081 [00002140] --- Enumerating displays ...
04.06.2019 21:11:28.082 [00002140] --- Device N[\\.\DISPLAY1] S[Radeon RX 580 Series] M[Generic PnP Monitor] F[desktop primary ]
04.06.2019 21:11:28.083 [00002140] --- Device N[\\.\DISPLAY2] S[Radeon RX 580 Series] M[] F[]
04.06.2019 21:11:28.083 [00002140] --- Device N[\\.\DISPLAY3] S[Radeon RX 580 Series] M[] F[]
04.06.2019 21:11:28.084 [00002140] --- Device N[\\.\DISPLAY4] S[Radeon RX 580 Series] M[] F[]
04.06.2019 21:11:28.084 [00002140] --- Device N[\\.\DISPLAY5] S[Radeon RX 580 Series] M[] F[]
04.06.2019 21:11:28.085 [00002140] --- Device N[\\.\DISPLAY6] S[Radeon RX 580 Series] M[] F[]
04.06.2019 21:11:28.085 [00002140] --- Device N[\\.\DISPLAY7] S[Radeon RX 580 Series] M[] F[]
04.06.2019 21:11:28.086 [00002140] --- Device N[\\.\DISPLAY8] S[Radeon RX 580 Series] M[] F[]
04.06.2019 21:11:28.086 [00002140] --- SM_CMONITORS         = 1
04.06.2019 21:11:28.086 [00002140] --- SM_SAMEDISPLAYFORMAT = 1
04.06.2019 21:11:28.086 [00002140] --- SM_XVIRTUALSCREEN    = 0
04.06.2019 21:11:28.086 [00002140] --- SM_YVIRTUALSCREEN    = 0
04.06.2019 21:11:28.086 [00002140] --- SM_CXVIRTUALSCREEN   = 3840
04.06.2019 21:11:28.086 [00002140] --- SM_CYVIRTUALSCREEN   = 1200
04.06.2019 21:11:28.086 [00002140] --- SM_CXCURSOR          = 32
04.06.2019 21:11:28.087 [00002140] ??? No displays enumerated. Retry later
04.06.2019 21:11:28.087 [00002140] --- hookD3D9
04.06.2019 21:11:28.088 [00002140] --- DirectX9 dll=72ce0000
04.06.2019 21:11:28.118 [00002140] --- DirectX9 API detected
04.06.2019 21:11:28.118 [00002140] --- DirectX9Ex API detected
04.06.2019 21:11:28.118 [00002140] --- i1: InterfaceProc1
04.06.2019 21:11:28.119 [00002140] --- DXGI dll=a1720000
04.06.2019 21:11:28.135 [00002140] --- DirectX DXGI API CreateDXGIFactory detected 1
04.06.2019 21:11:28.150 [00002140] --- DirectX DXGI API CreateDXGIFactory1 detected 1
04.06.2019 21:11:28.165 [00002140] --- DirectX DXGI API CreateDXGIFactory2 detected 1
04.06.2019 21:11:28.165 [00002140] --- DirectX DXGI API detected
04.06.2019 21:11:28.166 [00002140] --- DirectX D3D12 API detected hd3d12=9a880000
04.06.2019 21:11:28.181 [00002140] --- DirectX D3D12 API detected 1
04.06.2019 21:11:28.181 [00002140] --- hookOpenGL
04.06.2019 21:11:28.287 [00002140] --- OpenGL API detected
04.06.2019 21:11:28.353 [00002140] --- PROCESS DETACH
