04.06.2019 15:33:17.053 [00002358] --- App --- Immersive Display PRO v3.0.5 (01.01.2019)
04.06.2019 15:33:17.053 [00002358] --- OS 6:2 Microsoft Windows 8 Professional (build 9200), 64-bit 7(0) 8(1) 8.1(0) 10(0)
04.06.2019 15:33:17.053 [00002358] --- Process64 C:\boch-wall\UnityCrashHandler64.exe
04.06.2019 15:33:17.053 [00002358] --- CmdLine ["C:\boch-wall\UnityCrashHandler64.exe" "8860" "1834223996928" ]
04.06.2019 15:33:17.053 [00002358] --- Enumerating displays ...
04.06.2019 15:33:17.053 [00002358] --- Device N[\\.\DISPLAY1] S[Radeon RX 580 Series] M[Generic PnP Monitor] F[desktop primary ]
04.06.2019 15:33:17.054 [00002358] --- Device N[\\.\DISPLAY2] S[Radeon RX 580 Series] M[] F[]
04.06.2019 15:33:17.055 [00002358] --- Device N[\\.\DISPLAY3] S[Radeon RX 580 Series] M[] F[]
04.06.2019 15:33:17.055 [00002358] --- Device N[\\.\DISPLAY4] S[Radeon RX 580 Series] M[] F[]
04.06.2019 15:33:17.056 [00002358] --- Device N[\\.\DISPLAY5] S[Radeon RX 580 Series] M[] F[]
04.06.2019 15:33:17.056 [00002358] --- Device N[\\.\DISPLAY6] S[Radeon RX 580 Series] M[] F[]
04.06.2019 15:33:17.057 [00002358] --- Device N[\\.\DISPLAY7] S[Radeon RX 580 Series] M[] F[]
04.06.2019 15:33:17.057 [00002358] --- Device N[\\.\DISPLAY8] S[Radeon RX 580 Series] M[] F[]
04.06.2019 15:33:17.057 [00002358] --- SM_CMONITORS         = 1
04.06.2019 15:33:17.057 [00002358] --- SM_SAMEDISPLAYFORMAT = 1
04.06.2019 15:33:17.057 [00002358] --- SM_XVIRTUALSCREEN    = 0
04.06.2019 15:33:17.057 [00002358] --- SM_YVIRTUALSCREEN    = 0
04.06.2019 15:33:17.057 [00002358] --- SM_CXVIRTUALSCREEN   = 3840
04.06.2019 15:33:17.057 [00002358] --- SM_CYVIRTUALSCREEN   = 1200
04.06.2019 15:33:17.057 [00002358] --- SM_CXCURSOR          = 32
04.06.2019 15:33:17.060 [00002358] --- [\\.\DISPLAY1] [Radeon RX 580 Series] [MONITOR\ADVEF2D\{4d36e96e-e325-11ce-bfc1-08002be10318}\0013] [Generic PnP Monitor]
04.06.2019 15:33:17.060 [00002358] --- Enumerated 1 displays
04.06.2019 15:33:17.060 [00002358] --- Displays initialized
04.06.2019 15:33:17.060 [00002358] --- Displays[0] M[00010001] HDC[12010e07] GDC[1e010e33] L=0 T=0 R=3840 B=1200 RECT[0,0 3840x1200] N[\\.\DISPLAY1] M[Generic PnP Monitor] F[1] PROJ[2x1] MAPS[2]
04.06.2019 15:33:17.060 [00002358] ---    Grouping G[0] N[0] GD[]
04.06.2019 15:33:17.060 [00002358] --- ---
04.06.2019 15:33:17.060 [00002358] --- hookD3D9
04.06.2019 15:33:17.061 [00002358] --- DirectX9 dll=04650000
04.06.2019 15:33:17.112 [00002358] --- DirectX9 API detected
04.06.2019 15:33:17.112 [00002358] --- DirectX9Ex API detected
04.06.2019 15:33:17.112 [00002358] --- i1: InterfaceProc1
04.06.2019 15:33:17.112 [00002358] --- interfaceFunc1 [\\.\DISPLAY1] totalMaps=2
04.06.2019 15:33:17.112 [00002358] --- DXGI dll=29740000
04.06.2019 15:33:17.138 [00002358] --- DirectX DXGI API CreateDXGIFactory detected 1
04.06.2019 15:33:17.163 [00002358] --- DirectX DXGI API CreateDXGIFactory1 detected 1
04.06.2019 15:33:17.188 [00002358] --- DirectX DXGI API CreateDXGIFactory2 detected 1
04.06.2019 15:33:17.188 [00002358] --- DirectX DXGI API detected
04.06.2019 15:33:17.189 [00002358] --- DirectX D3D12 API detected hd3d12=22dc0000
04.06.2019 15:33:17.214 [00002358] --- DirectX D3D12 API detected 1
04.06.2019 15:33:17.214 [00002358] --- hookOpenGL
04.06.2019 15:33:17.390 [00002358] --- OpenGL API detected
04.06.2019 15:33:17.442 [00002358] --- PROCESS DETACH
