04.06.2019 15:41:04.793 [000017ac] ??? OSM handle == NULL error=2
04.06.2019 15:41:04.793 [000017ac] ^^^ SC trying session1
--- [2]
04.06.2019 15:41:04.794 [000017ac] --- App --- Immersive Display PRO v3.0.5 (01.01.2019)
04.06.2019 15:41:04.794 [000017ac] --- OS 6:2 Microsoft Windows 8 Professional (build 9200), 64-bit 7(0) 8(1) 8.1(0) 10(0)
04.06.2019 15:41:04.794 [000017ac] --- Process32 C:\Program Files (x86)\Google\Update\GoogleUpdate.exe
04.06.2019 15:41:04.794 [000017ac] --- CmdLine ["C:\Program Files (x86)\Google\Update\GoogleUpdate.exe" /c]
04.06.2019 15:41:04.794 [000017ac] --- Enumerating displays ...
04.06.2019 15:41:04.794 [000017ac] --- SM_CMONITORS         = 1
04.06.2019 15:41:04.794 [000017ac] --- SM_SAMEDISPLAYFORMAT = 1
04.06.2019 15:41:04.794 [000017ac] --- SM_XVIRTUALSCREEN    = 0
04.06.2019 15:41:04.794 [000017ac] --- SM_YVIRTUALSCREEN    = 0
04.06.2019 15:41:04.794 [000017ac] --- SM_CXVIRTUALSCREEN   = 1024
04.06.2019 15:41:04.794 [000017ac] --- SM_CYVIRTUALSCREEN   = 768
04.06.2019 15:41:04.794 [000017ac] --- SM_CXCURSOR          = 32
04.06.2019 15:41:04.794 [000017ac] ??? No displays enumerated. Retry later
04.06.2019 15:41:04.794 [000017ac] --- hookD3D9
04.06.2019 15:41:04.795 [000017ac] --- DirectX9 dll=71460000
04.06.2019 15:41:04.829 [000017ac] --- DirectX9 API detected
04.06.2019 15:41:04.829 [000017ac] --- DirectX9Ex API detected
04.06.2019 15:41:04.829 [000017ac] --- i1: InterfaceProc1
04.06.2019 15:41:04.829 [000017ac] --- DXGI dll=724a0000
04.06.2019 15:41:04.846 [000017ac] --- DirectX DXGI API CreateDXGIFactory detected 1
04.06.2019 15:41:04.863 [000017ac] --- DirectX DXGI API CreateDXGIFactory1 detected 1
04.06.2019 15:41:04.879 [000017ac] --- DirectX DXGI API CreateDXGIFactory2 detected 1
04.06.2019 15:41:04.879 [000017ac] --- DirectX DXGI API detected
04.06.2019 15:41:04.880 [000017ac] --- DirectX D3D12 API detected hd3d12=72330000
04.06.2019 15:41:04.897 [000017ac] --- DirectX D3D12 API detected 1
04.06.2019 15:41:04.897 [000017ac] --- hookOpenGL
04.06.2019 15:41:05.049 [000017ac] --- OpenGL API detected
04.06.2019 15:41:05.115 [000017ac] --- PROCESS DETACH
