04.06.2019 21:24:55.803 [00001ca0] ??? OSM handle == NULL error=2
04.06.2019 21:24:55.803 [00001ca0] ^^^ SC trying session1
04.06.2019 21:24:55.803 [00001ca0] ??? OSM handle == NULL error=2
04.06.2019 21:24:55.803 [00001ca0] ^^^ SC trying session2
04.06.2019 21:24:55.803 [00001ca0] ??? OSM handle == NULL error=3
04.06.2019 21:24:55.803 [00001ca0] --- DXGI dll=71d00000
04.06.2019 21:24:55.847 [00001ca0] --- DirectX DXGI API CreateDXGIFactory detected 1
04.06.2019 21:24:55.886 [00001ca0] --- DirectX DXGI API CreateDXGIFactory1 detected 1
04.06.2019 21:24:55.917 [00001ca0] --- DirectX DXGI API CreateDXGIFactory2 detected 1
04.06.2019 21:24:55.917 [00001ca0] --- DirectX DXGI API detected
04.06.2019 21:24:55.918 [00001ca0] --- DirectX D3D12 API detected hd3d12=71b90000
04.06.2019 21:24:55.953 [00001ca0] --- DirectX D3D12 API detected 1
04.06.2019 21:24:55.953 [00001ca0] ??? OSM handle == NULL error=2
04.06.2019 21:24:55.953 [00001ca0] ^^^ SC trying session1
04.06.2019 21:24:55.954 [00001ca0] ??? OSM handle == NULL error=2
04.06.2019 21:24:55.954 [00001ca0] ^^^ SC trying session2
04.06.2019 21:24:55.954 [00001ca0] ??? OSM handle == NULL error=3
04.06.2019 21:24:55.954 [00001ca0] ??? OSM handle == NULL error=2
04.06.2019 21:24:55.954 [00001ca0] ^^^ SC trying session1
04.06.2019 21:24:55.954 [00001ca0] ??? OSM handle == NULL error=2
04.06.2019 21:24:55.954 [00001ca0] ^^^ SC trying session2
04.06.2019 21:24:55.954 [00001ca0] ??? OSM handle == NULL error=3
04.06.2019 21:24:56.866 [00001ca0] ??? OSM handle == NULL error=2
04.06.2019 21:24:56.866 [00001ca0] ^^^ SC trying session1
04.06.2019 21:24:56.866 [00001ca0] ??? OSM handle == NULL error=2
04.06.2019 21:24:56.866 [00001ca0] ^^^ SC trying session2
04.06.2019 21:24:56.866 [00001ca0] ??? OSM handle == NULL error=3
04.06.2019 21:24:56.900 [000020a0] ??? OSM handle == NULL error=2
04.06.2019 21:24:56.900 [000020a0] ^^^ SC trying session1
04.06.2019 21:24:56.900 [000020a0] ??? OSM handle == NULL error=2
04.06.2019 21:24:56.900 [000020a0] ^^^ SC trying session2
04.06.2019 21:24:56.900 [000020a0] ??? OSM handle == NULL error=3
04.06.2019 21:24:56.918 [000020a0] ??? OSM handle == NULL error=2
04.06.2019 21:24:56.918 [000020a0] ^^^ SC trying session1
04.06.2019 21:24:56.918 [000020a0] ??? OSM handle == NULL error=2
04.06.2019 21:24:56.918 [000020a0] ^^^ SC trying session2
04.06.2019 21:24:56.918 [000020a0] ??? OSM handle == NULL error=3
--- [37]
04.06.2019 21:25:53.326 [000020a0] --- App --- Immersive Display PRO v3.0.5 (01.01.2019)
04.06.2019 21:25:53.326 [000020a0] --- OS 6:2 Microsoft Windows 8 Professional (build 9200), 64-bit 7(0) 8(1) 8.1(0) 10(0)
04.06.2019 21:25:53.326 [000020a0] --- Process32 C:\Program Files (x86)\TeamViewer\TeamViewer.exe
04.06.2019 21:25:53.326 [000020a0] --- CmdLine ["C:\Program Files (x86)\TeamViewer\TeamViewer.exe"]
04.06.2019 21:25:53.326 [000020a0] --- Enumerating displays ...
04.06.2019 21:25:53.327 [000020a0] --- Device N[\\.\DISPLAY1] S[Radeon RX 580 Series] M[] F[]
04.06.2019 21:25:53.329 [000020a0] --- Device N[\\.\DISPLAY2] S[Radeon RX 580 Series] M[Generic PnP Monitor] F[desktop primary ]
04.06.2019 21:25:53.331 [000020a0] --- Device N[\\.\DISPLAY3] S[Radeon RX 580 Series] M[] F[]
04.06.2019 21:25:53.333 [000020a0] --- Device N[\\.\DISPLAY4] S[Radeon RX 580 Series] M[] F[]
04.06.2019 21:25:53.334 [000020a0] --- Device N[\\.\DISPLAY5] S[Radeon RX 580 Series] M[] F[]
04.06.2019 21:25:53.335 [000020a0] --- Device N[\\.\DISPLAY6] S[Radeon RX 580 Series] M[] F[]
04.06.2019 21:25:53.336 [000020a0] --- Device N[\\.\DISPLAY7] S[Radeon RX 580 Series] M[] F[]
04.06.2019 21:25:53.338 [000020a0] --- Device N[\\.\DISPLAY8] S[Radeon RX 580 Series] M[] F[]
04.06.2019 21:25:53.338 [000020a0] --- SM_CMONITORS         = 1
04.06.2019 21:25:53.338 [000020a0] --- SM_SAMEDISPLAYFORMAT = 1
04.06.2019 21:25:53.338 [000020a0] --- SM_XVIRTUALSCREEN    = 0
04.06.2019 21:25:53.338 [000020a0] --- SM_YVIRTUALSCREEN    = 0
04.06.2019 21:25:53.338 [000020a0] --- SM_CXVIRTUALSCREEN   = 3840
04.06.2019 21:25:53.338 [000020a0] --- SM_CYVIRTUALSCREEN   = 1200
04.06.2019 21:25:53.338 [000020a0] --- SM_CXCURSOR          = 32
04.06.2019 21:25:53.341 [000020a0] --- [\\.\DISPLAY2] [Radeon RX 580 Series] [MONITOR\ADVEF2D\{4d36e96e-e325-11ce-bfc1-08002be10318}\0017] [Generic PnP Monitor]
04.06.2019 21:25:53.342 [000020a0] --- Enumerated 1 displays
04.06.2019 21:25:53.343 [000020a0] --- Displays initialized
04.06.2019 21:25:53.343 [000020a0] --- Displays[0] M[005c0511] HDC[0d01007e] GDC[1b010077] L=0 T=0 R=3840 B=1200 RECT[0,0 3840x1200] N[\\.\DISPLAY2] M[Generic PnP Monitor] F[1] PROJ[0x0] MAPS[0]
04.06.2019 21:25:53.343 [000020a0] ---    Grouping G[0] N[0] GD[]
04.06.2019 21:25:53.343 [000020a0] --- ---
