04.06.2019 19:35:32.457 [000017a8] ??? OSM handle == NULL error=2
04.06.2019 19:35:32.457 [000017a8] ^^^ SC trying session1
--- [2]
04.06.2019 19:35:32.457 [000017a8] --- App --- Immersive Display PRO v3.0.5 (01.01.2019)
04.06.2019 19:35:32.457 [000017a8] --- OS 6:2 Microsoft Windows 8 Professional (build 9200), 64-bit 7(0) 8(1) 8.1(0) 10(0)
04.06.2019 19:35:32.458 [000017a8] --- Process32 C:\Program Files (x86)\Google\Update\GoogleUpdate.exe
04.06.2019 19:35:32.458 [000017a8] --- CmdLine ["C:\Program Files (x86)\Google\Update\GoogleUpdate.exe" /svc]
04.06.2019 19:35:32.458 [000017a8] --- Enumerating displays ...
04.06.2019 19:35:32.458 [000017a8] --- SM_CMONITORS         = 1
04.06.2019 19:35:32.458 [000017a8] --- SM_SAMEDISPLAYFORMAT = 1
04.06.2019 19:35:32.458 [000017a8] --- SM_XVIRTUALSCREEN    = 0
04.06.2019 19:35:32.458 [000017a8] --- SM_YVIRTUALSCREEN    = 0
04.06.2019 19:35:32.458 [000017a8] --- SM_CXVIRTUALSCREEN   = 1024
04.06.2019 19:35:32.458 [000017a8] --- SM_CYVIRTUALSCREEN   = 768
04.06.2019 19:35:32.458 [000017a8] --- SM_CXCURSOR          = 32
04.06.2019 19:35:32.458 [000017a8] ??? No displays enumerated. Retry later
04.06.2019 19:35:32.458 [000017a8] --- hookD3D9
04.06.2019 19:35:32.460 [000017a8] --- DirectX9 dll=71460000
04.06.2019 19:35:32.495 [000017a8] --- DirectX9 API detected
04.06.2019 19:35:32.495 [000017a8] --- DirectX9Ex API detected
04.06.2019 19:35:32.495 [000017a8] --- i1: InterfaceProc1
04.06.2019 19:35:32.495 [000017a8] --- DXGI dll=724a0000
04.06.2019 19:35:32.512 [000017a8] --- DirectX DXGI API CreateDXGIFactory detected 1
04.06.2019 19:35:32.527 [000017a8] --- DirectX DXGI API CreateDXGIFactory1 detected 1
04.06.2019 19:35:32.544 [000017a8] --- DirectX DXGI API CreateDXGIFactory2 detected 1
04.06.2019 19:35:32.544 [000017a8] --- DirectX DXGI API detected
04.06.2019 19:35:32.546 [000017a8] --- DirectX D3D12 API detected hd3d12=72330000
04.06.2019 19:35:32.564 [000017a8] --- DirectX D3D12 API detected 1
04.06.2019 19:35:32.564 [000017a8] --- hookOpenGL
04.06.2019 19:35:32.696 [000017a8] --- OpenGL API detected
04.06.2019 19:35:33.225 [000017a8] --- PROCESS DETACH
