05.06.2019 11:05:04.743 [0000205c] ??? OSM handle == NULL error=2
05.06.2019 11:05:04.743 [0000205c] ^^^ SC trying session1
--- [2]
05.06.2019 11:05:04.743 [0000205c] --- App --- Immersive Display PRO v3.0.5 (01.01.2019)
05.06.2019 11:05:04.743 [0000205c] --- OS 6:2 Microsoft Windows 8 Professional (build 9200), 64-bit 7(0) 8(1) 8.1(0) 10(0)
05.06.2019 11:05:04.743 [0000205c] --- Process64 C:\ProgramData\Microsoft\Windows Defender\platform\4.18.1905.4-0\MpCmdRun.exe
05.06.2019 11:05:04.743 [0000205c] --- CmdLine ["C:\ProgramData\Microsoft\Windows Defender\platform\4.18.1905.4-0\MpCmdRun.exe" SignaturesUpdateService -ScheduleJob -UnmanagedUpdate]
05.06.2019 11:05:04.743 [0000205c] --- Enumerating displays ...
05.06.2019 11:05:04.743 [0000205c] --- SM_CMONITORS         = 1
05.06.2019 11:05:04.743 [0000205c] --- SM_SAMEDISPLAYFORMAT = 1
05.06.2019 11:05:04.743 [0000205c] --- SM_XVIRTUALSCREEN    = 0
05.06.2019 11:05:04.743 [0000205c] --- SM_YVIRTUALSCREEN    = 0
05.06.2019 11:05:04.743 [0000205c] --- SM_CXVIRTUALSCREEN   = 1024
05.06.2019 11:05:04.743 [0000205c] --- SM_CYVIRTUALSCREEN   = 768
05.06.2019 11:05:04.743 [0000205c] --- SM_CXCURSOR          = 32
05.06.2019 11:05:04.743 [0000205c] ??? No displays enumerated. Retry later
05.06.2019 11:05:04.743 [0000205c] --- hookD3D9
05.06.2019 11:05:04.743 [0000205c] --- DirectX9 dll=a5ef0000
05.06.2019 11:05:04.790 [0000205c] --- DirectX9 API detected
05.06.2019 11:05:04.790 [0000205c] --- DirectX9Ex API detected
05.06.2019 11:05:04.790 [0000205c] --- i1: InterfaceProc1
05.06.2019 11:05:04.790 [0000205c] --- DXGI dll=d3330000
05.06.2019 11:05:04.805 [0000205c] --- DirectX DXGI API CreateDXGIFactory detected 1
05.06.2019 11:05:04.821 [0000205c] --- DirectX DXGI API CreateDXGIFactory1 detected 1
05.06.2019 11:05:04.852 [0000205c] --- DirectX DXGI API CreateDXGIFactory2 detected 1
05.06.2019 11:05:04.852 [0000205c] --- DirectX DXGI API detected
05.06.2019 11:05:04.852 [0000205c] --- DirectX D3D12 API detected hd3d12=cc750000
05.06.2019 11:05:04.868 [0000205c] --- DirectX D3D12 API detected 1
05.06.2019 11:05:04.868 [0000205c] --- hookOpenGL
05.06.2019 11:05:05.008 [0000205c] --- OpenGL API detected
