04.06.2019 13:45:52.945 [00000998] ??? OSM handle == NULL error=2
04.06.2019 13:45:52.945 [00000998] ^^^ SC trying session1
--- [2]
04.06.2019 13:45:52.945 [00000998] --- App --- Immersive Display PRO v3.0.5 (01.01.2019)
04.06.2019 13:45:52.945 [00000998] --- OS 6:2 Microsoft Windows 8 Professional (build 9200), 64-bit 7(0) 8(1) 8.1(0) 10(0)
04.06.2019 13:45:52.945 [00000998] --- Process32 C:\Program Files (x86)\Google\Update\1.3.34.11\GoogleCrashHandler.exe
04.06.2019 13:45:52.945 [00000998] --- CmdLine ["C:\Program Files (x86)\Google\Update\1.3.34.11\GoogleCrashHandler.exe"]
04.06.2019 13:45:52.945 [00000998] --- Enumerating displays ...
04.06.2019 13:45:52.946 [00000998] --- SM_CMONITORS         = 1
04.06.2019 13:45:52.946 [00000998] --- SM_SAMEDISPLAYFORMAT = 1
04.06.2019 13:45:52.946 [00000998] --- SM_XVIRTUALSCREEN    = 0
04.06.2019 13:45:52.946 [00000998] --- SM_YVIRTUALSCREEN    = 0
04.06.2019 13:45:52.946 [00000998] --- SM_CXVIRTUALSCREEN   = 1024
04.06.2019 13:45:52.946 [00000998] --- SM_CYVIRTUALSCREEN   = 768
04.06.2019 13:45:52.946 [00000998] --- SM_CXCURSOR          = 32
04.06.2019 13:45:52.946 [00000998] ??? No displays enumerated. Retry later
04.06.2019 13:45:52.946 [00000998] --- hookD3D9
04.06.2019 13:45:52.948 [00000998] --- DirectX9 dll=710b0000
04.06.2019 13:45:52.987 [00000998] --- DirectX9 API detected
04.06.2019 13:45:52.987 [00000998] --- DirectX9Ex API detected
04.06.2019 13:45:52.987 [00000998] --- i1: InterfaceProc1
04.06.2019 13:45:52.987 [00000998] --- DXGI dll=727a0000
04.06.2019 13:45:53.008 [00000998] --- DirectX DXGI API CreateDXGIFactory detected 1
04.06.2019 13:45:53.029 [00000998] --- DirectX DXGI API CreateDXGIFactory1 detected 1
04.06.2019 13:45:53.049 [00000998] --- DirectX DXGI API CreateDXGIFactory2 detected 1
04.06.2019 13:45:53.049 [00000998] --- DirectX DXGI API detected
04.06.2019 13:45:53.050 [00000998] --- DirectX D3D12 API detected hd3d12=72630000
04.06.2019 13:45:53.071 [00000998] --- DirectX D3D12 API detected 1
04.06.2019 13:45:53.071 [00000998] --- hookOpenGL
04.06.2019 13:45:53.244 [00000998] --- OpenGL API detected
04.06.2019 13:45:53.298 [00000998] --- PROCESS DETACH
