04.06.2019 13:52:27.349 [000017ec] --- App --- Immersive Display PRO v3.0.5 (01.01.2019)
04.06.2019 13:52:27.349 [000017ec] --- OS 6:2 Microsoft Windows 8 Professional (build 9200), 64-bit 7(0) 8(1) 8.1(0) 10(0)
04.06.2019 13:52:27.349 [000017ec] --- Process64 C:\boch-wall\MQTT_Json_Movie_MOC.exe
04.06.2019 13:52:27.349 [000017ec] --- CmdLine ["C:\boch-wall\MQTT_Json_Movie_MOC.exe" ]
04.06.2019 13:52:27.349 [000017ec] --- Enumerating displays ...
04.06.2019 13:52:27.350 [000017ec] --- Device N[\\.\DISPLAY1] S[Radeon RX 580 Series] M[Generic PnP Monitor] F[desktop primary ]
04.06.2019 13:52:27.352 [000017ec] --- Device N[\\.\DISPLAY2] S[Radeon RX 580 Series] M[] F[]
04.06.2019 13:52:27.353 [000017ec] --- Device N[\\.\DISPLAY3] S[Radeon RX 580 Series] M[] F[]
04.06.2019 13:52:27.354 [000017ec] --- Device N[\\.\DISPLAY4] S[Radeon RX 580 Series] M[] F[]
04.06.2019 13:52:27.355 [000017ec] --- Device N[\\.\DISPLAY5] S[Radeon RX 580 Series] M[] F[]
04.06.2019 13:52:27.356 [000017ec] --- Device N[\\.\DISPLAY6] S[Radeon RX 580 Series] M[] F[]
04.06.2019 13:52:27.357 [000017ec] --- Device N[\\.\DISPLAY7] S[Radeon RX 580 Series] M[] F[]
04.06.2019 13:52:27.358 [000017ec] --- Device N[\\.\DISPLAY8] S[Radeon RX 580 Series] M[] F[]
04.06.2019 13:52:27.358 [000017ec] --- SM_CMONITORS         = 1
04.06.2019 13:52:27.358 [000017ec] --- SM_SAMEDISPLAYFORMAT = 1
04.06.2019 13:52:27.358 [000017ec] --- SM_XVIRTUALSCREEN    = 0
04.06.2019 13:52:27.358 [000017ec] --- SM_YVIRTUALSCREEN    = 0
04.06.2019 13:52:27.358 [000017ec] --- SM_CXVIRTUALSCREEN   = 3840
04.06.2019 13:52:27.358 [000017ec] --- SM_CYVIRTUALSCREEN   = 1200
04.06.2019 13:52:27.358 [000017ec] --- SM_CXCURSOR          = 32
04.06.2019 13:52:27.362 [000017ec] --- [\\.\DISPLAY1] [Radeon RX 580 Series] [MONITOR\ADVEF2D\{4d36e96e-e325-11ce-bfc1-08002be10318}\0013] [Generic PnP Monitor]
04.06.2019 13:52:27.363 [000017ec] --- Enumerated 1 displays
04.06.2019 13:52:27.363 [000017ec] --- Displays initialized
04.06.2019 13:52:27.363 [000017ec] --- Displays[0] M[00010001] HDC[67010d76] GDC[7d010113] L=0 T=0 R=3840 B=1200 RECT[0,0 3840x1200] N[\\.\DISPLAY1] M[Generic PnP Monitor] F[1] PROJ[2x1] MAPS[2]
04.06.2019 13:52:27.363 [000017ec] ---    Grouping G[0] N[0] GD[]
04.06.2019 13:52:27.363 [000017ec] --- ---
04.06.2019 13:52:27.363 [000017ec] --- i1:Executable MQTT_Json_Movie_MOC.exe is excluded DX9
04.06.2019 13:52:27.364 [000017ec] --- DXGI dll=7ce30000
04.06.2019 13:52:27.388 [000017ec] --- DirectX DXGI API CreateDXGIFactory detected 1
04.06.2019 13:52:27.412 [000017ec] --- DirectX DXGI API CreateDXGIFactory1 detected 1
04.06.2019 13:52:27.437 [000017ec] --- DirectX DXGI API CreateDXGIFactory2 detected 1
04.06.2019 13:52:27.437 [000017ec] --- DirectX DXGI API detected
04.06.2019 13:52:27.437 [000017ec] --- DirectX D3D12 API detected hd3d12=75c40000
04.06.2019 13:52:27.462 [000017ec] --- DirectX D3D12 API detected 1
04.06.2019 13:52:27.462 [000017ec] --- i2: InterfaceProc1
04.06.2019 13:52:27.462 [000017ec] --- interfaceFunc1 [\\.\DISPLAY1] totalMaps=2
04.06.2019 13:52:27.462 [000017ec] --- i3:Executable MQTT_Json_Movie_MOC.exe is excluded OGL
04.06.2019 13:52:27.937 [000017ec] --- CDXGIF Executable MQTT_Json_Movie_MOC.exe exclusion DX10(1), DX11(1), DX12(1)
04.06.2019 13:52:27.937 [000017ec] --- CDXGIF Executable MQTT_Json_Movie_MOC.exe is excluded DX10, DX11 or DX12
04.06.2019 13:52:27.955 [000017ec] --- CDXGIF Executable MQTT_Json_Movie_MOC.exe exclusion DX10(1), DX11(1), DX12(1)
04.06.2019 13:52:27.955 [000017ec] --- CDXGIF Executable MQTT_Json_Movie_MOC.exe is excluded DX10, DX11 or DX12
04.06.2019 13:52:28.157 [000017ec] --- CDXGIF Executable MQTT_Json_Movie_MOC.exe exclusion DX10(1), DX11(1), DX12(1)
04.06.2019 13:52:28.157 [000017ec] --- CDXGIF Executable MQTT_Json_Movie_MOC.exe is excluded DX10, DX11 or DX12
