04.06.2019 18:35:21.591 [00001b60] ??? OSM handle == NULL error=2
04.06.2019 18:35:21.591 [00001b60] ^^^ SC trying session1
--- [2]
04.06.2019 18:35:21.591 [00001b60] --- App --- Immersive Display PRO v3.0.5 (01.01.2019)
04.06.2019 18:35:21.591 [00001b60] --- OS 6:2 Microsoft Windows 8 Professional (build 9200), 64-bit 7(0) 8(1) 8.1(0) 10(0)
04.06.2019 18:35:21.591 [00001b60] --- Process32 C:\Program Files (x86)\Google\Update\GoogleUpdate.exe
04.06.2019 18:35:21.591 [00001b60] --- CmdLine ["C:\Program Files (x86)\Google\Update\GoogleUpdate.exe" /ua /installsource scheduler]
04.06.2019 18:35:21.591 [00001b60] --- Enumerating displays ...
04.06.2019 18:35:21.591 [00001b60] --- SM_CMONITORS         = 1
04.06.2019 18:35:21.591 [00001b60] --- SM_SAMEDISPLAYFORMAT = 1
04.06.2019 18:35:21.591 [00001b60] --- SM_XVIRTUALSCREEN    = 0
04.06.2019 18:35:21.591 [00001b60] --- SM_YVIRTUALSCREEN    = 0
04.06.2019 18:35:21.591 [00001b60] --- SM_CXVIRTUALSCREEN   = 1024
04.06.2019 18:35:21.591 [00001b60] --- SM_CYVIRTUALSCREEN   = 768
04.06.2019 18:35:21.591 [00001b60] --- SM_CXCURSOR          = 32
04.06.2019 18:35:21.591 [00001b60] ??? No displays enumerated. Retry later
04.06.2019 18:35:21.591 [00001b60] --- hookD3D9
04.06.2019 18:35:21.592 [00001b60] --- DirectX9 dll=71460000
04.06.2019 18:35:21.619 [00001b60] --- DirectX9 API detected
04.06.2019 18:35:21.619 [00001b60] --- DirectX9Ex API detected
04.06.2019 18:35:21.619 [00001b60] --- i1: InterfaceProc1
04.06.2019 18:35:21.619 [00001b60] --- DXGI dll=724a0000
04.06.2019 18:35:21.632 [00001b60] --- DirectX DXGI API CreateDXGIFactory detected 1
04.06.2019 18:35:21.645 [00001b60] --- DirectX DXGI API CreateDXGIFactory1 detected 1
04.06.2019 18:35:21.658 [00001b60] --- DirectX DXGI API CreateDXGIFactory2 detected 1
04.06.2019 18:35:21.658 [00001b60] --- DirectX DXGI API detected
04.06.2019 18:35:21.659 [00001b60] --- DirectX D3D12 API detected hd3d12=72330000
04.06.2019 18:35:21.672 [00001b60] --- DirectX D3D12 API detected 1
04.06.2019 18:35:21.672 [00001b60] --- hookOpenGL
04.06.2019 18:35:21.776 [00001b60] --- OpenGL API detected
04.06.2019 18:35:21.837 [00001b60] --- PROCESS DETACH
