04.06.2019 15:39:52.507 [00001f54] --- App --- Immersive Display PRO v3.0.5 (01.01.2019)
04.06.2019 15:39:52.507 [00001f54] --- OS 6:2 Microsoft Windows 8 Professional (build 9200), 64-bit 7(0) 8(1) 8.1(0) 10(0)
04.06.2019 15:39:52.507 [00001f54] --- Process64 C:\WINDOWS\system32\dwm.exe
04.06.2019 15:39:52.507 [00001f54] --- CmdLine ["dwm.exe"]
04.06.2019 15:39:52.507 [00001f54] --- Enumerating displays ...
04.06.2019 15:39:52.507 [00001f54] --- Device N[\\.\DISPLAY1] S[Radeon RX 580 Series] M[Generic PnP Monitor] F[desktop primary ]
04.06.2019 15:39:52.507 [00001f54] --- Device N[\\.\DISPLAY2] S[Radeon RX 580 Series] M[] F[]
04.06.2019 15:39:52.507 [00001f54] --- Device N[\\.\DISPLAY3] S[Radeon RX 580 Series] M[] F[]
04.06.2019 15:39:52.507 [00001f54] --- Device N[\\.\DISPLAY4] S[Radeon RX 580 Series] M[] F[]
04.06.2019 15:39:52.512 [00001f54] --- Device N[\\.\DISPLAY5] S[Radeon RX 580 Series] M[] F[]
04.06.2019 15:39:52.512 [00001f54] --- Device N[\\.\DISPLAY6] S[Radeon RX 580 Series] M[] F[]
04.06.2019 15:39:52.512 [00001f54] --- Device N[\\.\DISPLAY7] S[Radeon RX 580 Series] M[] F[]
04.06.2019 15:39:52.512 [00001f54] --- Device N[\\.\DISPLAY8] S[Radeon RX 580 Series] M[] F[]
04.06.2019 15:39:52.512 [00001f54] --- SM_CMONITORS         = 1
04.06.2019 15:39:52.512 [00001f54] --- SM_SAMEDISPLAYFORMAT = 1
04.06.2019 15:39:52.512 [00001f54] --- SM_XVIRTUALSCREEN    = 0
04.06.2019 15:39:52.512 [00001f54] --- SM_YVIRTUALSCREEN    = 0
04.06.2019 15:39:52.512 [00001f54] --- SM_CXVIRTUALSCREEN   = 3840
04.06.2019 15:39:52.512 [00001f54] --- SM_CYVIRTUALSCREEN   = 1200
04.06.2019 15:39:52.512 [00001f54] --- SM_CXCURSOR          = 32
04.06.2019 15:39:52.512 [00001f54] ??? No displays enumerated. Retry later
04.06.2019 15:39:52.512 [00001f54] --- hookD3D9
04.06.2019 15:39:52.512 [00001f54] --- DirectX9 dll=72ce0000
04.06.2019 15:39:52.562 [00001f54] --- DirectX9 API detected
04.06.2019 15:39:52.562 [00001f54] --- DirectX9Ex API detected
04.06.2019 15:39:52.562 [00001f54] --- i1: InterfaceProc1
04.06.2019 15:39:52.562 [00001f54] --- DXGI dll=a1720000
04.06.2019 15:39:52.587 [00001f54] --- DirectX DXGI API CreateDXGIFactory detected 1
04.06.2019 15:39:52.612 [00001f54] --- DirectX DXGI API CreateDXGIFactory1 detected 1
04.06.2019 15:39:52.632 [00001f54] --- DirectX DXGI API CreateDXGIFactory2 detected 1
04.06.2019 15:39:52.632 [00001f54] --- DirectX DXGI API detected
04.06.2019 15:39:52.657 [00001f54] --- DirectX D3D11 API detected 1
04.06.2019 15:39:52.657 [00001f54] --- DirectX D3D12 API detected hd3d12=9a880000
04.06.2019 15:39:52.682 [00001f54] --- DirectX D3D12 API detected 1
04.06.2019 15:39:52.682 [00001f54] --- hookOpenGL
04.06.2019 15:39:52.842 [00001f54] --- OpenGL API detected
04.06.2019 15:39:52.957 [00001ff8] --- D3D11CreateDevice ADAPTER Description=Radeon RX 580 Series
04.06.2019 15:39:52.957 [00001ff8] --- Device FeatureLevels[0]=0000a100
04.06.2019 15:39:52.957 [000002cc] --- D3D11CreateDevice ADAPTER NULL
04.06.2019 15:39:52.962 [00001ff8] --- D3D11CreateDevice ADAPTER Description=Radeon RX 580 Series
04.06.2019 15:39:52.962 [00001ff8] --- Device FeatureLevels[0]=0000c100
04.06.2019 15:39:52.962 [00001ff8] --- Device FeatureLevels[1]=0000c000
04.06.2019 15:39:52.962 [00001ff8] --- Device FeatureLevels[2]=0000b100
04.06.2019 15:39:52.962 [00001ff8] --- Device FeatureLevels[3]=0000b000
04.06.2019 15:39:52.962 [00001ff8] --- Device FeatureLevels[4]=0000a100
04.06.2019 15:39:52.962 [00001ff8] --- Device FeatureLevels[5]=0000a000
04.06.2019 15:39:52.962 [00001ff8] --- Device FeatureLevels[6]=00009300
04.06.2019 15:39:52.962 [00001ff8] --- Device FeatureLevels[7]=00009200
04.06.2019 15:39:52.962 [00001ff8] --- Device FeatureLevels[8]=00009100
04.06.2019 15:39:52.977 [000002cc] --- Device FeatureLevel -> 0000b000
04.06.2019 15:39:52.982 [00001ff8] --- Device FeatureLevel -> 0000c000
04.06.2019 15:39:53.162 [00001ff8] --- Win10SC_[01] Created
04.06.2019 15:39:53.162 [00001ff8] --- [\\.\DISPLAY1] [Radeon RX 580 Series] [MONITOR\ADVEF2D\{4d36e96e-e325-11ce-bfc1-08002be10318}\0013] [Generic PnP Monitor]
04.06.2019 15:39:53.162 [00001ff8] --- shim Winmm hLib=a0b30000
04.06.2019 15:39:53.162 [00001ff8] --- shim Winmm a0b36050, a0b35f10, a0b31060, a0b31040
04.06.2019 15:39:53.166 [00001ff8] --- WarpContext 0d984040 Output=01878f60 DeviceName=\\.\DISPLAY1 DesktopCoordinates(0,0 3840x1200) AttachedToDesktop=1 Rotation=1 (0)
04.06.2019 15:39:53.166 [00001ff8] --- WarpContext 0d984040 count 1
04.06.2019 15:39:53.166 [00001ff8] --- GMOC[01f8f2a8] DONE
04.06.2019 15:39:53.166 [00001ff8] --- WarpContext[0d984040] Monitor=00010001
04.06.2019 15:39:53.166 [00001ff8] --- D3DXWrapper trying d3dx11_43.dll
04.06.2019 15:39:53.166 [00001ff8] --- D3DXWrapper d3dx11_43.dll loaded
04.06.2019 15:39:53.166 [00001ff8] --- WarpContext[0d984040] D3DCompiler_47.DLL loaded directly
04.06.2019 15:39:53.166 [00001ff8] --- SCISSORS 1
04.06.2019 15:39:53.166 [00001ff8] --- ANISOTROPIC 4
04.06.2019 15:39:53.449 [00001ff8] --- WarpContext 0d984040 T(3840x1200) O(3840x1200) enableRotation=0 rotateDegrees=0
04.06.2019 15:39:53.478 [00001ff8] --- WarpContext[0d984040] CreateAllWarpingResources S=1 R=85 Warping=1
04.06.2019 15:39:53.478 [00001ff8] --- Cursor warping SSC=a47948e0
04.06.2019 15:39:53.479 [00001ff8] ### Cursor clear cache CC[0]
04.06.2019 15:39:53.479 [00001ff8] ### Present[0d984040] S
04.06.2019 15:39:53.480 [00001ff8] ### Present[0d984040] uSOPSAS
04.06.2019 15:39:53.481 [00001ff8] ### Present[0d984040] uSNPSAS
04.06.2019 15:39:53.481 [00001ff8] ### Present[0d984040] CR
04.06.2019 15:39:53.481 [00001ff8] ### Present[0d984040] OMSRT
04.06.2019 15:39:53.482 [00001ff8] ### Present[0d984040] uDC
04.06.2019 15:39:53.482 [00001ff8] ### Present[0d984040] OMSRT
04.06.2019 15:39:53.486 [00001ff8] ### Present[0d984040] uRBT
04.06.2019 15:39:53.486 [00001ff8] ### Present[0d984040] OMSRT
04.06.2019 15:39:53.486 [00001ff8] ### Present[0d984040] uDG
04.06.2019 15:39:53.486 [00001ff8] ### Present[0d984040] uROPSAS
04.06.2019 15:39:53.486 [00001ff8] ### Present[0d984040] E
04.06.2019 15:44:45.538 [00001ff8] --- D3D11CreateDevice ADAPTER Description=Microsoft Basic Render Driver
04.06.2019 15:44:45.538 [00001ff8] --- Device FeatureLevels[0]=0000a100
04.06.2019 15:44:45.539 [00001ff8] --- D3D11CreateDevice ADAPTER Description=Microsoft Basic Render Driver
04.06.2019 15:44:45.539 [00001ff8] --- Device FeatureLevels[0]=0000c100
04.06.2019 15:44:45.539 [00001ff8] --- Device FeatureLevels[1]=0000c000
04.06.2019 15:44:45.539 [00001ff8] --- Device FeatureLevels[2]=0000b100
04.06.2019 15:44:45.539 [00001ff8] --- Device FeatureLevels[3]=0000b000
04.06.2019 15:44:45.539 [00001ff8] --- Device FeatureLevels[4]=0000a100
04.06.2019 15:44:45.539 [00001ff8] --- Device FeatureLevels[5]=0000a000
04.06.2019 15:44:45.539 [00001ff8] --- Device FeatureLevels[6]=00009300
04.06.2019 15:44:45.539 [00001ff8] --- Device FeatureLevels[7]=00009200
04.06.2019 15:44:45.539 [00001ff8] --- Device FeatureLevels[8]=00009100
04.06.2019 15:44:45.541 [00001ff8] --- Device FeatureLevel -> 0000c100
04.06.2019 19:15:11.800 [00001ff8] --- D3D11CreateDevice ADAPTER Description=Microsoft Basic Render Driver
04.06.2019 19:15:11.800 [00001ff8] --- Device FeatureLevels[0]=0000a100
04.06.2019 19:15:11.801 [00001ff8] --- D3D11CreateDevice ADAPTER Description=Microsoft Basic Render Driver
04.06.2019 19:15:11.801 [00001ff8] --- Device FeatureLevels[0]=0000c100
04.06.2019 19:15:11.801 [00001ff8] --- Device FeatureLevels[1]=0000c000
04.06.2019 19:15:11.801 [00001ff8] --- Device FeatureLevels[2]=0000b100
04.06.2019 19:15:11.801 [00001ff8] --- Device FeatureLevels[3]=0000b000
04.06.2019 19:15:11.801 [00001ff8] --- Device FeatureLevels[4]=0000a100
04.06.2019 19:15:11.801 [00001ff8] --- Device FeatureLevels[5]=0000a000
04.06.2019 19:15:11.801 [00001ff8] --- Device FeatureLevels[6]=00009300
04.06.2019 19:15:11.801 [00001ff8] --- Device FeatureLevels[7]=00009200
04.06.2019 19:15:11.801 [00001ff8] --- Device FeatureLevels[8]=00009100
04.06.2019 19:15:11.803 [00001ff8] --- Device FeatureLevel -> 0000c100
04.06.2019 19:53:45.174 [00001ff8] --- D3D11CreateDevice ADAPTER Description=Microsoft Basic Render Driver
04.06.2019 19:53:45.174 [00001ff8] --- Device FeatureLevels[0]=0000a100
04.06.2019 19:53:45.176 [00001ff8] --- D3D11CreateDevice ADAPTER Description=Microsoft Basic Render Driver
04.06.2019 19:53:45.176 [00001ff8] --- Device FeatureLevels[0]=0000c100
04.06.2019 19:53:45.176 [00001ff8] --- Device FeatureLevels[1]=0000c000
04.06.2019 19:53:45.176 [00001ff8] --- Device FeatureLevels[2]=0000b100
04.06.2019 19:53:45.176 [00001ff8] --- Device FeatureLevels[3]=0000b000
04.06.2019 19:53:45.176 [00001ff8] --- Device FeatureLevels[4]=0000a100
04.06.2019 19:53:45.176 [00001ff8] --- Device FeatureLevels[5]=0000a000
04.06.2019 19:53:45.176 [00001ff8] --- Device FeatureLevels[6]=00009300
04.06.2019 19:53:45.176 [00001ff8] --- Device FeatureLevels[7]=00009200
04.06.2019 19:53:45.176 [00001ff8] --- Device FeatureLevels[8]=00009100
04.06.2019 19:53:45.177 [00001ff8] --- Device FeatureLevel -> 0000c100
04.06.2019 21:13:53.672 [00001ff8] --- GMOC[01f8f2a8] DONE
04.06.2019 21:13:53.673 [000013c8] --- D3D11CreateDevice ADAPTER NULL
04.06.2019 21:13:53.673 [00001ff8] --- DestroyWarp
04.06.2019 21:13:53.673 [00001ff8] --- WarpContext[0d984040] ReleaseAllWarpingResources R=-85
04.06.2019 21:13:53.673 [00001ff8] --- ~WarpContext 0d984040 count 1
04.06.2019 21:13:53.673 [000013c8] --- Device FeatureLevel -> 0000b000
