04.06.2019 22:35:21.589 [00001e94] ??? OSM handle == NULL error=2
04.06.2019 22:35:21.589 [00001e94] ^^^ SC trying session1
--- [2]
04.06.2019 22:35:21.590 [00001e94] --- App --- Immersive Display PRO v3.0.5 (01.01.2019)
04.06.2019 22:35:21.590 [00001e94] --- OS 6:2 Microsoft Windows 8 Professional (build 9200), 64-bit 7(0) 8(1) 8.1(0) 10(0)
04.06.2019 22:35:21.590 [00001e94] --- Process32 C:\Program Files (x86)\Google\Update\GoogleUpdate.exe
04.06.2019 22:35:21.590 [00001e94] --- CmdLine ["C:\Program Files (x86)\Google\Update\GoogleUpdate.exe" /ua /installsource scheduler]
04.06.2019 22:35:21.590 [00001e94] --- Enumerating displays ...
04.06.2019 22:35:21.590 [00001e94] --- SM_CMONITORS         = 1
04.06.2019 22:35:21.590 [00001e94] --- SM_SAMEDISPLAYFORMAT = 1
04.06.2019 22:35:21.590 [00001e94] --- SM_XVIRTUALSCREEN    = 0
04.06.2019 22:35:21.590 [00001e94] --- SM_YVIRTUALSCREEN    = 0
04.06.2019 22:35:21.590 [00001e94] --- SM_CXVIRTUALSCREEN   = 1024
04.06.2019 22:35:21.590 [00001e94] --- SM_CYVIRTUALSCREEN   = 768
04.06.2019 22:35:21.590 [00001e94] --- SM_CXCURSOR          = 32
04.06.2019 22:35:21.590 [00001e94] ??? No displays enumerated. Retry later
04.06.2019 22:35:21.590 [00001e94] --- hookD3D9
04.06.2019 22:35:21.591 [00001e94] --- DirectX9 dll=717f0000
04.06.2019 22:35:21.618 [00001e94] --- DirectX9 API detected
04.06.2019 22:35:21.618 [00001e94] --- DirectX9Ex API detected
04.06.2019 22:35:21.618 [00001e94] --- i1: InterfaceProc1
04.06.2019 22:35:21.618 [00001e94] --- DXGI dll=72790000
04.06.2019 22:35:21.632 [00001e94] --- DirectX DXGI API CreateDXGIFactory detected 1
04.06.2019 22:35:21.645 [00001e94] --- DirectX DXGI API CreateDXGIFactory1 detected 1
04.06.2019 22:35:21.658 [00001e94] --- DirectX DXGI API CreateDXGIFactory2 detected 1
04.06.2019 22:35:21.658 [00001e94] --- DirectX DXGI API detected
04.06.2019 22:35:21.658 [00001e94] --- DirectX D3D12 API detected hd3d12=72590000
04.06.2019 22:35:21.671 [00001e94] --- DirectX D3D12 API detected 1
04.06.2019 22:35:21.671 [00001e94] --- hookOpenGL
04.06.2019 22:35:21.776 [00001e94] --- OpenGL API detected
04.06.2019 22:35:21.837 [00001e94] --- PROCESS DETACH
