04.06.2019 20:15:06.230 [00001a8c] --- App --- Immersive Display PRO v3.0.5 (01.01.2019)
04.06.2019 20:15:06.230 [00001a8c] --- OS 6:2 Microsoft Windows 8 Professional (build 9200), 64-bit 7(0) 8(1) 8.1(0) 10(0)
04.06.2019 20:15:06.230 [00001a8c] --- Process64 C:\boch-wall\UnityCrashHandler64.exe
04.06.2019 20:15:06.230 [00001a8c] --- CmdLine ["C:\boch-wall\UnityCrashHandler64.exe" --attach 5712 2786529972224]
04.06.2019 20:15:06.230 [00001a8c] --- Enumerating displays ...
04.06.2019 20:15:06.231 [00001a8c] --- Device N[\\.\DISPLAY1] S[Radeon RX 580 Series] M[Generic PnP Monitor] F[desktop primary ]
04.06.2019 20:15:06.232 [00001a8c] --- Device N[\\.\DISPLAY2] S[Radeon RX 580 Series] M[] F[]
04.06.2019 20:15:06.233 [00001a8c] --- Device N[\\.\DISPLAY3] S[Radeon RX 580 Series] M[] F[]
04.06.2019 20:15:06.234 [00001a8c] --- Device N[\\.\DISPLAY4] S[Radeon RX 580 Series] M[] F[]
04.06.2019 20:15:06.235 [00001a8c] --- Device N[\\.\DISPLAY5] S[Radeon RX 580 Series] M[] F[]
04.06.2019 20:15:06.236 [00001a8c] --- Device N[\\.\DISPLAY6] S[Radeon RX 580 Series] M[] F[]
04.06.2019 20:15:06.237 [00001a8c] --- Device N[\\.\DISPLAY7] S[Radeon RX 580 Series] M[] F[]
04.06.2019 20:15:06.238 [00001a8c] --- Device N[\\.\DISPLAY8] S[Radeon RX 580 Series] M[] F[]
04.06.2019 20:15:06.238 [00001a8c] --- SM_CMONITORS         = 1
04.06.2019 20:15:06.238 [00001a8c] --- SM_SAMEDISPLAYFORMAT = 1
04.06.2019 20:15:06.238 [00001a8c] --- SM_XVIRTUALSCREEN    = 0
04.06.2019 20:15:06.238 [00001a8c] --- SM_YVIRTUALSCREEN    = 0
04.06.2019 20:15:06.238 [00001a8c] --- SM_CXVIRTUALSCREEN   = 3840
04.06.2019 20:15:06.238 [00001a8c] --- SM_CYVIRTUALSCREEN   = 1200
04.06.2019 20:15:06.238 [00001a8c] --- SM_CXCURSOR          = 32
04.06.2019 20:15:06.244 [00001a8c] --- [\\.\DISPLAY1] [Radeon RX 580 Series] [MONITOR\ADVEF2D\{4d36e96e-e325-11ce-bfc1-08002be10318}\0013] [Generic PnP Monitor]
04.06.2019 20:15:06.245 [00001a8c] --- Enumerated 1 displays
04.06.2019 20:15:06.245 [00001a8c] --- Displays initialized
04.06.2019 20:15:06.245 [00001a8c] --- Displays[0] M[00010001] HDC[480111bd] GDC[1001122b] L=0 T=0 R=3840 B=1200 RECT[0,0 3840x1200] N[\\.\DISPLAY1] M[Generic PnP Monitor] F[1] PROJ[2x1] MAPS[2]
04.06.2019 20:15:06.245 [00001a8c] ---    Grouping G[0] N[0] GD[]
04.06.2019 20:15:06.245 [00001a8c] --- ---
04.06.2019 20:15:06.245 [00001a8c] --- hookD3D9
04.06.2019 20:15:06.247 [00001a8c] --- DirectX9 dll=72ce0000
04.06.2019 20:15:06.299 [00001a8c] --- DirectX9 API detected
04.06.2019 20:15:06.299 [00001a8c] --- DirectX9Ex API detected
04.06.2019 20:15:06.299 [00001a8c] --- i1: InterfaceProc1
04.06.2019 20:15:06.300 [00001a8c] --- interfaceFunc1 [\\.\DISPLAY1] totalMaps=2
04.06.2019 20:15:06.300 [00001a8c] --- DXGI dll=a1720000
04.06.2019 20:15:06.328 [00001a8c] --- DirectX DXGI API CreateDXGIFactory detected 1
04.06.2019 20:15:06.356 [00001a8c] --- DirectX DXGI API CreateDXGIFactory1 detected 1
04.06.2019 20:15:06.386 [00001a8c] --- DirectX DXGI API CreateDXGIFactory2 detected 1
04.06.2019 20:15:06.386 [00001a8c] --- DirectX DXGI API detected
04.06.2019 20:15:06.387 [00001a8c] --- DirectX D3D12 API detected hd3d12=9a880000
04.06.2019 20:15:06.418 [00001a8c] --- DirectX D3D12 API detected 1
04.06.2019 20:15:06.418 [00001a8c] --- hookOpenGL
04.06.2019 20:15:06.621 [00001a8c] --- OpenGL API detected
04.06.2019 20:15:06.997 [00001a8c] --- PROCESS DETACH
