05.06.2019 12:00:50.349 [0000285c] --- App --- Immersive Display PRO v3.0.5 (01.01.2019)
05.06.2019 12:00:50.349 [0000285c] --- OS 6:2 Microsoft Windows 8 Professional (build 9200), 64-bit 7(0) 8(1) 8.1(0) 10(0)
05.06.2019 12:00:50.349 [0000285c] --- Process64 C:\Users\own\scoop\apps\git\2.21.0.windows.1\mingw64\libexec\git-core\git.exe
05.06.2019 12:00:50.350 [0000285c] --- CmdLine [git remote-https origin https://github.com/amoujhang/boch-wall.git]
05.06.2019 12:00:50.350 [0000285c] --- Enumerating displays ...
05.06.2019 12:00:50.350 [0000285c] --- Device N[\\.\DISPLAY1] S[Radeon RX 580 Series] M[Generic PnP Monitor] F[desktop primary ]
05.06.2019 12:00:50.351 [0000285c] --- Device N[\\.\DISPLAY2] S[Radeon RX 580 Series] M[] F[]
05.06.2019 12:00:50.351 [0000285c] --- Device N[\\.\DISPLAY3] S[Radeon RX 580 Series] M[] F[]
05.06.2019 12:00:50.352 [0000285c] --- Device N[\\.\DISPLAY4] S[Radeon RX 580 Series] M[] F[]
05.06.2019 12:00:50.352 [0000285c] --- Device N[\\.\DISPLAY5] S[Radeon RX 580 Series] M[] F[]
05.06.2019 12:00:50.353 [0000285c] --- Device N[\\.\DISPLAY6] S[Radeon RX 580 Series] M[] F[]
05.06.2019 12:00:50.354 [0000285c] --- Device N[\\.\DISPLAY7] S[Radeon RX 580 Series] M[] F[]
05.06.2019 12:00:50.354 [0000285c] --- Device N[\\.\DISPLAY8] S[Radeon RX 580 Series] M[] F[]
05.06.2019 12:00:50.354 [0000285c] --- SM_CMONITORS         = 1
05.06.2019 12:00:50.354 [0000285c] --- SM_SAMEDISPLAYFORMAT = 1
05.06.2019 12:00:50.354 [0000285c] --- SM_XVIRTUALSCREEN    = 0
05.06.2019 12:00:50.354 [0000285c] --- SM_YVIRTUALSCREEN    = 0
05.06.2019 12:00:50.354 [0000285c] --- SM_CXVIRTUALSCREEN   = 3840
05.06.2019 12:00:50.354 [0000285c] --- SM_CYVIRTUALSCREEN   = 1200
05.06.2019 12:00:50.354 [0000285c] --- SM_CXCURSOR          = 32
05.06.2019 12:00:50.357 [0000285c] --- [\\.\DISPLAY1] [Radeon RX 580 Series] [MONITOR\ADVEF2D\{4d36e96e-e325-11ce-bfc1-08002be10318}\0017] [Generic PnP Monitor]
05.06.2019 12:00:50.357 [0000285c] --- Enumerated 1 displays
05.06.2019 12:00:50.357 [0000285c] --- Displays initialized
05.06.2019 12:00:50.357 [0000285c] --- Displays[0] M[00010001] HDC[e4011458] GDC[ac011159] L=0 T=0 R=3840 B=1200 RECT[0,0 3840x1200] N[\\.\DISPLAY1] M[Generic PnP Monitor] F[1] PROJ[2x1] MAPS[2]
05.06.2019 12:00:50.357 [0000285c] ---    Grouping G[0] N[0] GD[]
05.06.2019 12:00:50.357 [0000285c] --- ---
05.06.2019 12:00:50.357 [0000285c] --- hookD3D9
05.06.2019 12:00:50.358 [0000285c] --- DirectX9 dll=670a0000
05.06.2019 12:00:50.417 [0000285c] --- DirectX9 API detected
05.06.2019 12:00:50.417 [0000285c] --- DirectX9Ex API detected
05.06.2019 12:00:50.417 [0000285c] --- i1: InterfaceProc1
05.06.2019 12:00:50.417 [0000285c] --- interfaceFunc1 [\\.\DISPLAY1] totalMaps=2
05.06.2019 12:00:50.418 [0000285c] --- DXGI dll=95b60000
05.06.2019 12:00:50.447 [0000285c] --- DirectX DXGI API CreateDXGIFactory detected 1
05.06.2019 12:00:50.476 [0000285c] --- DirectX DXGI API CreateDXGIFactory1 detected 1
05.06.2019 12:00:50.506 [0000285c] --- DirectX DXGI API CreateDXGIFactory2 detected 1
05.06.2019 12:00:50.506 [0000285c] --- DirectX DXGI API detected
05.06.2019 12:00:50.506 [0000285c] --- DirectX D3D12 API detected hd3d12=8f360000
05.06.2019 12:00:50.536 [0000285c] --- DirectX D3D12 API detected 1
05.06.2019 12:00:50.536 [0000285c] --- hookOpenGL
05.06.2019 12:00:50.741 [0000285c] --- OpenGL API detected
05.06.2019 12:01:02.419 [0000285c] --- PROCESS DETACH
