04.06.2019 21:16:39.051 [00002f70] --- App --- Immersive Display PRO v3.0.5 (01.01.2019)
04.06.2019 21:16:39.051 [00002f70] --- OS 6:2 Microsoft Windows 8 Professional (build 9200), 64-bit 7(0) 8(1) 8.1(0) 10(0)
04.06.2019 21:16:39.051 [00002f70] --- Process64 C:\Program Files (x86)\Google\Chrome\Application\chrome.exe
04.06.2019 21:16:39.051 [00002f70] --- CmdLine ["C:\Program Files (x86)\Google\Chrome\Application\chrome.exe" --type=crashpad-handler "--user-data-dir=C:\Users\own\AppData\Local\Google\Chrome\User Data" /prefetch:7 --monitor-self-annotation=ptype=crashpad-handler "--database=C:\Users\own\AppData\Local\Goo?]
04.06.2019 21:16:39.051 [00002f70] --- Enumerating displays ...
04.06.2019 21:16:39.053 [00002f70] --- Device N[\\.\DISPLAY10] S[Radeon RX 580 Series] M[Generic PnP Monitor] F[desktop ]
04.06.2019 21:16:39.054 [00002f70] --- Device N[\\.\DISPLAY11] S[Radeon RX 580 Series] M[Generic PnP Monitor] F[desktop primary ]
04.06.2019 21:16:39.055 [00002f70] --- Device N[\\.\DISPLAY12] S[Radeon RX 580 Series] M[] F[]
04.06.2019 21:16:39.056 [00002f70] --- Device N[\\.\DISPLAY13] S[Radeon RX 580 Series] M[] F[]
04.06.2019 21:16:39.057 [00002f70] --- Device N[\\.\DISPLAY14] S[Radeon RX 580 Series] M[] F[]
04.06.2019 21:16:39.058 [00002f70] --- Device N[\\.\DISPLAY15] S[Radeon RX 580 Series] M[] F[]
04.06.2019 21:16:39.058 [00002f70] --- SM_CMONITORS         = 2
04.06.2019 21:16:39.058 [00002f70] --- SM_SAMEDISPLAYFORMAT = 1
04.06.2019 21:16:39.058 [00002f70] --- SM_XVIRTUALSCREEN    = 0
04.06.2019 21:16:39.058 [00002f70] --- SM_YVIRTUALSCREEN    = 0
04.06.2019 21:16:39.058 [00002f70] --- SM_CXVIRTUALSCREEN   = 3840
04.06.2019 21:16:39.058 [00002f70] --- SM_CYVIRTUALSCREEN   = 1200
04.06.2019 21:16:39.058 [00002f70] --- SM_CXCURSOR          = 32
04.06.2019 21:16:39.063 [00002f70] --- [\\.\DISPLAY10] [Radeon RX 580 Series] [MONITOR\SECA70B\{4d36e96e-e325-11ce-bfc1-08002be10318}\0016] [Generic PnP Monitor]
04.06.2019 21:16:39.064 [00002f70] --- [\\.\DISPLAY11] [Radeon RX 580 Series] [MONITOR\SECA70B\{4d36e96e-e325-11ce-bfc1-08002be10318}\0015] [Generic PnP Monitor]
04.06.2019 21:16:39.065 [00002f70] --- Enumerated 2 displays
04.06.2019 21:16:39.065 [00002f70] --- Displays initialized
04.06.2019 21:16:39.065 [00002f70] --- Displays[0] M[001c09f1] HDC[5601115b] GDC[71010eba] L=1920 T=0 R=3840 B=1200 RECT[1920,0 1920x1200] N[\\.\DISPLAY10] M[Generic PnP Monitor] F[0] PROJ[2x1] MAPS[2]
04.06.2019 21:16:39.065 [00002f70] ---    Grouping G[0] N[0] GD[]
04.06.2019 21:16:39.065 [00002f70] --- Displays[1] M[001205fd] HDC[29010bda] GDC[36010efc] L=0 T=0 R=1920 B=1200 RECT[0,0 1920x1200] N[\\.\DISPLAY11] M[Generic PnP Monitor] F[1] PROJ[0x0] MAPS[0]
04.06.2019 21:16:39.065 [00002f70] ---    Grouping G[0] N[0] GD[]
04.06.2019 21:16:39.065 [00002f70] --- ---
04.06.2019 21:16:39.065 [00002f70] --- i1:Executable chrome.exe is excluded DX9
04.06.2019 21:16:39.065 [00002f70] --- DXGI dll=a1720000
04.06.2019 21:16:39.091 [00002f70] --- DirectX DXGI API CreateDXGIFactory detected 1
04.06.2019 21:16:39.117 [00002f70] --- DirectX DXGI API CreateDXGIFactory1 detected 1
04.06.2019 21:16:39.142 [00002f70] --- DirectX DXGI API CreateDXGIFactory2 detected 1
04.06.2019 21:16:39.142 [00002f70] --- DirectX DXGI API detected
04.06.2019 21:16:39.143 [00002f70] --- DirectX D3D12 API detected hd3d12=9a880000
04.06.2019 21:16:39.168 [00002f70] --- DirectX D3D12 API detected 1
04.06.2019 21:16:39.168 [00002f70] --- i2: InterfaceProc1
04.06.2019 21:16:39.168 [00002f70] --- interfaceFunc1 [\\.\DISPLAY10] totalMaps=2
04.06.2019 21:16:39.168 [00002f70] --- i3:Executable chrome.exe is excluded OGL
04.06.2019 21:16:39.198 [00002f70] --- PROCESS DETACH
