04.06.2019 21:56:12.112 [00001f5c] ??? OSM handle == NULL error=2
04.06.2019 21:56:12.112 [00001f5c] ^^^ SC trying session1
--- [2]
04.06.2019 21:56:12.112 [00001f5c] --- App --- Immersive Display PRO v3.0.5 (01.01.2019)
04.06.2019 21:56:12.112 [00001f5c] --- OS 6:2 Microsoft Windows 8 Professional (build 9200), 64-bit 7(0) 8(1) 8.1(0) 10(0)
04.06.2019 21:56:12.112 [00001f5c] --- Process64 C:\Program Files\AMD\Performance Profile Client\AUEPLauncher.exe
04.06.2019 21:56:12.112 [00001f5c] --- CmdLine ["C:\Program Files\AMD\Performance Profile Client\AUEPLauncher.exe"]
04.06.2019 21:56:12.112 [00001f5c] --- Enumerating displays ...
04.06.2019 21:56:12.112 [00001f5c] --- SM_CMONITORS         = 1
04.06.2019 21:56:12.112 [00001f5c] --- SM_SAMEDISPLAYFORMAT = 1
04.06.2019 21:56:12.112 [00001f5c] --- SM_XVIRTUALSCREEN    = 0
04.06.2019 21:56:12.112 [00001f5c] --- SM_YVIRTUALSCREEN    = 0
04.06.2019 21:56:12.112 [00001f5c] --- SM_CXVIRTUALSCREEN   = 1024
04.06.2019 21:56:12.112 [00001f5c] --- SM_CYVIRTUALSCREEN   = 768
04.06.2019 21:56:12.112 [00001f5c] --- SM_CXCURSOR          = 32
04.06.2019 21:56:12.112 [00001f5c] ??? No displays enumerated. Retry later
04.06.2019 21:56:12.112 [00001f5c] --- hookD3D9
04.06.2019 21:56:12.113 [00001f5c] --- DirectX9 dll=d6de0000
04.06.2019 21:56:12.145 [00001f5c] --- DirectX9 API detected
04.06.2019 21:56:12.145 [00001f5c] --- DirectX9Ex API detected
04.06.2019 21:56:12.145 [00001f5c] --- i1: InterfaceProc1
04.06.2019 21:56:12.145 [00001f5c] --- DXGI dll=05830000
04.06.2019 21:56:12.161 [00001f5c] --- DirectX DXGI API CreateDXGIFactory detected 1
04.06.2019 21:56:12.176 [00001f5c] --- DirectX DXGI API CreateDXGIFactory1 detected 1
04.06.2019 21:56:12.192 [00001f5c] --- DirectX DXGI API CreateDXGIFactory2 detected 1
04.06.2019 21:56:12.192 [00001f5c] --- DirectX DXGI API detected
04.06.2019 21:56:12.192 [00001f5c] --- DirectX D3D12 API detected hd3d12=ff080000
04.06.2019 21:56:12.208 [00001f5c] --- DirectX D3D12 API detected 1
04.06.2019 21:56:12.208 [00001f5c] --- hookOpenGL
04.06.2019 21:56:12.316 [00001f5c] --- OpenGL API detected
05.06.2019 10:41:25.407 [00001f78] --- PROCESS DETACH
