04.06.2019 21:32:43.029 [00001e7c] --- App --- Immersive Display PRO v3.0.5 (01.01.2019)
04.06.2019 21:32:43.029 [00001e7c] --- OS 6:2 Microsoft Windows 8 Professional (build 9200), 64-bit 7(0) 8(1) 8.1(0) 10(0)
04.06.2019 21:32:43.029 [00001e7c] --- Process32 C:\ProgramData\Package Cache\{f2e24019-b9cf-40fd-861f-1f67a73ec7e7}\Intel Driver and Support Assistant Installer.exe
04.06.2019 21:32:43.029 [00001e7c] --- CmdLine ["C:\ProgramData\Package Cache\{f2e24019-b9cf-40fd-861f-1f67a73ec7e7}\Intel Driver and Support Assistant Installer.exe" -q -burn.elevated BurnPipe.{DBEED59A-B9CB-4576-AC93-3EF1EB69D815} {0473C709-5B53-4167-9D26-243A76CBDB75} 9628]
04.06.2019 21:32:43.029 [00001e7c] --- Enumerating displays ...
04.06.2019 21:32:43.030 [00001e7c] --- Device N[\\.\DISPLAY1] S[Radeon RX 580 Series] M[Generic PnP Monitor] F[desktop primary ]
04.06.2019 21:32:43.031 [00001e7c] --- Device N[\\.\DISPLAY2] S[Radeon RX 580 Series] M[] F[]
04.06.2019 21:32:43.031 [00001e7c] --- Device N[\\.\DISPLAY3] S[Radeon RX 580 Series] M[] F[]
04.06.2019 21:32:43.032 [00001e7c] --- Device N[\\.\DISPLAY4] S[Radeon RX 580 Series] M[] F[]
04.06.2019 21:32:43.032 [00001e7c] --- Device N[\\.\DISPLAY5] S[Radeon RX 580 Series] M[] F[]
04.06.2019 21:32:43.033 [00001e7c] --- Device N[\\.\DISPLAY6] S[Radeon RX 580 Series] M[] F[]
04.06.2019 21:32:43.034 [00001e7c] --- Device N[\\.\DISPLAY7] S[Radeon RX 580 Series] M[] F[]
04.06.2019 21:32:43.034 [00001e7c] --- Device N[\\.\DISPLAY8] S[Radeon RX 580 Series] M[] F[]
04.06.2019 21:32:43.034 [00001e7c] --- SM_CMONITORS         = 1
04.06.2019 21:32:43.034 [00001e7c] --- SM_SAMEDISPLAYFORMAT = 1
04.06.2019 21:32:43.034 [00001e7c] --- SM_XVIRTUALSCREEN    = 0
04.06.2019 21:32:43.034 [00001e7c] --- SM_YVIRTUALSCREEN    = 0
04.06.2019 21:32:43.034 [00001e7c] --- SM_CXVIRTUALSCREEN   = 3840
04.06.2019 21:32:43.034 [00001e7c] --- SM_CYVIRTUALSCREEN   = 1200
04.06.2019 21:32:43.034 [00001e7c] --- SM_CXCURSOR          = 32
04.06.2019 21:32:43.036 [00001e7c] --- [\\.\DISPLAY1] [Radeon RX 580 Series] [MONITOR\ADVEF2D\{4d36e96e-e325-11ce-bfc1-08002be10318}\0017] [Generic PnP Monitor]
04.06.2019 21:32:43.036 [00001e7c] --- Enumerated 1 displays
04.06.2019 21:32:43.036 [00001e7c] --- Displays initialized
04.06.2019 21:32:43.036 [00001e7c] --- Displays[0] M[00010001] HDC[39010da1] GDC[80010de8] L=0 T=0 R=3840 B=1200 RECT[0,0 3840x1200] N[\\.\DISPLAY1] M[Generic PnP Monitor] F[1] PROJ[2x1] MAPS[2]
04.06.2019 21:32:43.036 [00001e7c] ---    Grouping G[0] N[0] GD[]
04.06.2019 21:32:43.036 [00001e7c] --- ---
04.06.2019 21:32:43.036 [00001e7c] --- hookD3D9
04.06.2019 21:32:43.038 [00001e7c] --- DirectX9 dll=71bf0000
04.06.2019 21:32:43.074 [00001e7c] --- DirectX9 API detected
04.06.2019 21:32:43.074 [00001e7c] --- DirectX9Ex API detected
04.06.2019 21:32:43.074 [00001e7c] --- i1: InterfaceProc1
04.06.2019 21:32:43.074 [00001e7c] --- interfaceFunc1 [\\.\DISPLAY1] totalMaps=2
04.06.2019 21:32:43.075 [00001e7c] --- DXGI dll=729d0000
04.06.2019 21:32:43.093 [00001e7c] --- DirectX DXGI API CreateDXGIFactory detected 1
04.06.2019 21:32:43.111 [00001e7c] --- DirectX DXGI API CreateDXGIFactory1 detected 1
04.06.2019 21:32:43.128 [00001e7c] --- DirectX DXGI API CreateDXGIFactory2 detected 1
04.06.2019 21:32:43.128 [00001e7c] --- DirectX DXGI API detected
04.06.2019 21:32:43.129 [00001e7c] --- DirectX D3D12 API detected hd3d12=72860000
04.06.2019 21:32:43.147 [00001e7c] --- DirectX D3D12 API detected 1
04.06.2019 21:32:43.147 [00001e7c] --- hookOpenGL
04.06.2019 21:32:43.289 [00001e7c] --- OpenGL API detected
04.06.2019 21:32:47.783 [00001e7c] --- PROCESS DETACH
