05.06.2019 11:42:53.786 [00001ebc] ??? OSM handle == NULL error=2
05.06.2019 11:42:53.786 [00001ebc] ^^^ SC trying session1
--- [2]
05.06.2019 11:42:53.786 [00001ebc] --- App --- Immersive Display PRO v3.0.5 (01.01.2019)
05.06.2019 11:42:53.786 [00001ebc] --- OS 6:2 Microsoft Windows 8 Professional (build 9200), 64-bit 7(0) 8(1) 8.1(0) 10(0)
05.06.2019 11:42:53.786 [00001ebc] --- Process64 C:\Program Files\AMD\Performance Profile Client\AUEPMaster.exe
05.06.2019 11:42:53.786 [00001ebc] --- CmdLine [AUEPMaster.exe]
05.06.2019 11:42:53.786 [00001ebc] --- Enumerating displays ...
05.06.2019 11:42:53.786 [00001ebc] --- SM_CMONITORS         = 1
05.06.2019 11:42:53.786 [00001ebc] --- SM_SAMEDISPLAYFORMAT = 1
05.06.2019 11:42:53.786 [00001ebc] --- SM_XVIRTUALSCREEN    = 0
05.06.2019 11:42:53.786 [00001ebc] --- SM_YVIRTUALSCREEN    = 0
05.06.2019 11:42:53.786 [00001ebc] --- SM_CXVIRTUALSCREEN   = 1024
05.06.2019 11:42:53.786 [00001ebc] --- SM_CYVIRTUALSCREEN   = 768
05.06.2019 11:42:53.786 [00001ebc] --- SM_CXCURSOR          = 32
05.06.2019 11:42:53.786 [00001ebc] ??? No displays enumerated. Retry later
05.06.2019 11:42:53.786 [00001ebc] --- hookD3D9
05.06.2019 11:42:53.787 [00001ebc] --- DirectX9 dll=670a0000
05.06.2019 11:42:53.818 [00001ebc] --- DirectX9 API detected
05.06.2019 11:42:53.818 [00001ebc] --- DirectX9Ex API detected
05.06.2019 11:42:53.818 [00001ebc] --- i1: InterfaceProc1
05.06.2019 11:42:53.819 [00001ebc] --- DXGI dll=95b60000
05.06.2019 11:42:53.834 [00001ebc] --- DirectX DXGI API CreateDXGIFactory detected 1
05.06.2019 11:42:53.849 [00001ebc] --- DirectX DXGI API CreateDXGIFactory1 detected 1
05.06.2019 11:42:53.865 [00001ebc] --- DirectX DXGI API CreateDXGIFactory2 detected 1
05.06.2019 11:42:53.865 [00001ebc] --- DirectX DXGI API detected
05.06.2019 11:42:53.865 [00001ebc] --- DirectX D3D12 API detected hd3d12=8f360000
05.06.2019 11:42:53.881 [00001ebc] --- DirectX D3D12 API detected 1
05.06.2019 11:42:53.881 [00001ebc] --- hookOpenGL
05.06.2019 11:42:53.993 [00001ebc] --- OpenGL API detected
