04.06.2019 21:17:06.406 [00003280] --- App --- Immersive Display PRO v3.0.5 (01.01.2019)
04.06.2019 21:17:06.407 [00003280] --- OS 6:2 Microsoft Windows 8 Professional (build 9200), 64-bit 7(0) 8(1) 8.1(0) 10(0)
04.06.2019 21:17:06.407 [00003280] --- Process32 C:\WINDOWS\Temp\sefA9BE.tmp\Setup.exe
04.06.2019 21:17:06.407 [00003280] --- CmdLine ["C:\WINDOWS\Temp\sefA9BE.tmp\Setup.exe" ]
04.06.2019 21:17:06.407 [00003280] --- Enumerating displays ...
04.06.2019 21:17:06.408 [00003280] --- Device N[\\.\DISPLAY10] S[Radeon RX 580 Series] M[Generic PnP Monitor] F[desktop ]
04.06.2019 21:17:06.409 [00003280] --- Device N[\\.\DISPLAY11] S[Radeon RX 580 Series] M[Generic PnP Monitor] F[desktop primary ]
04.06.2019 21:17:06.410 [00003280] --- Device N[\\.\DISPLAY12] S[Radeon RX 580 Series] M[] F[]
04.06.2019 21:17:06.411 [00003280] --- Device N[\\.\DISPLAY13] S[Radeon RX 580 Series] M[] F[]
04.06.2019 21:17:06.412 [00003280] --- Device N[\\.\DISPLAY14] S[Radeon RX 580 Series] M[] F[]
04.06.2019 21:17:06.413 [00003280] --- Device N[\\.\DISPLAY15] S[Radeon RX 580 Series] M[] F[]
04.06.2019 21:17:06.413 [00003280] --- SM_CMONITORS         = 2
04.06.2019 21:17:06.413 [00003280] --- SM_SAMEDISPLAYFORMAT = 1
04.06.2019 21:17:06.413 [00003280] --- SM_XVIRTUALSCREEN    = 0
04.06.2019 21:17:06.413 [00003280] --- SM_YVIRTUALSCREEN    = 0
04.06.2019 21:17:06.413 [00003280] --- SM_CXVIRTUALSCREEN   = 3840
04.06.2019 21:17:06.413 [00003280] --- SM_CYVIRTUALSCREEN   = 1200
04.06.2019 21:17:06.413 [00003280] --- SM_CXCURSOR          = 32
04.06.2019 21:17:06.417 [00003280] --- [\\.\DISPLAY10] [Radeon RX 580 Series] [MONITOR\SECA70B\{4d36e96e-e325-11ce-bfc1-08002be10318}\0016] [Generic PnP Monitor]
04.06.2019 21:17:06.418 [00003280] --- [\\.\DISPLAY11] [Radeon RX 580 Series] [MONITOR\SECA70B\{4d36e96e-e325-11ce-bfc1-08002be10318}\0015] [Generic PnP Monitor]
04.06.2019 21:17:06.418 [00003280] --- Enumerated 2 displays
04.06.2019 21:17:06.418 [00003280] --- Displays initialized
04.06.2019 21:17:06.418 [00003280] --- Displays[0] M[001c09f1] HDC[5601115b] GDC[6d010e0a] L=1920 T=0 R=3840 B=1200 RECT[1920,0 1920x1200] N[\\.\DISPLAY10] M[Generic PnP Monitor] F[0] PROJ[2x1] MAPS[2]
04.06.2019 21:17:06.418 [00003280] ---    Grouping G[0] N[0] GD[]
04.06.2019 21:17:06.418 [00003280] --- Displays[1] M[001205fd] HDC[29010bda] GDC[06010d4a] L=0 T=0 R=1920 B=1200 RECT[0,0 1920x1200] N[\\.\DISPLAY11] M[Generic PnP Monitor] F[1] PROJ[0x0] MAPS[0]
04.06.2019 21:17:06.418 [00003280] ---    Grouping G[0] N[0] GD[]
04.06.2019 21:17:06.419 [00003280] --- ---
04.06.2019 21:17:06.419 [00003280] --- hookD3D9
04.06.2019 21:17:06.419 [00003280] --- DirectX9 dll=71460000
04.06.2019 21:17:06.463 [00003280] --- DirectX9 API detected
04.06.2019 21:17:06.463 [00003280] --- DirectX9Ex API detected
04.06.2019 21:17:06.463 [00003280] --- i1: InterfaceProc1
04.06.2019 21:17:06.463 [00003280] --- interfaceFunc1 [\\.\DISPLAY10] totalMaps=2
04.06.2019 21:17:06.463 [00003280] --- DXGI dll=724a0000
04.06.2019 21:17:06.485 [00003280] --- DirectX DXGI API CreateDXGIFactory detected 1
04.06.2019 21:17:06.506 [00003280] --- DirectX DXGI API CreateDXGIFactory1 detected 1
04.06.2019 21:17:06.528 [00003280] --- DirectX DXGI API CreateDXGIFactory2 detected 1
04.06.2019 21:17:06.528 [00003280] --- DirectX DXGI API detected
04.06.2019 21:17:06.528 [00003280] --- DirectX D3D12 API detected hd3d12=72330000
04.06.2019 21:17:06.550 [00003280] --- DirectX D3D12 API detected 1
04.06.2019 21:17:06.550 [00003280] --- hookOpenGL
04.06.2019 21:17:06.722 [00003280] --- OpenGL API detected
04.06.2019 21:17:46.385 [00003280] --- PROCESS DETACH
