05.06.2019 11:31:37.307 [0000206c] ??? OSM handle == NULL error=2
05.06.2019 11:31:37.307 [0000206c] ^^^ SC trying session1
--- [2]
05.06.2019 11:31:37.307 [0000206c] --- App --- Immersive Display PRO v3.0.5 (01.01.2019)
05.06.2019 11:31:37.307 [0000206c] --- OS 6:2 Microsoft Windows 8 Professional (build 9200), 64-bit 7(0) 8(1) 8.1(0) 10(0)
05.06.2019 11:31:37.307 [0000206c] --- Process32 C:\Program Files (x86)\Google\Update\GoogleUpdate.exe
05.06.2019 11:31:37.307 [0000206c] --- CmdLine ["C:\Program Files (x86)\Google\Update\GoogleUpdate.exe" /svc]
05.06.2019 11:31:37.307 [0000206c] --- Enumerating displays ...
05.06.2019 11:31:37.307 [0000206c] --- SM_CMONITORS         = 1
05.06.2019 11:31:37.307 [0000206c] --- SM_SAMEDISPLAYFORMAT = 1
05.06.2019 11:31:37.307 [0000206c] --- SM_XVIRTUALSCREEN    = 0
05.06.2019 11:31:37.307 [0000206c] --- SM_YVIRTUALSCREEN    = 0
05.06.2019 11:31:37.307 [0000206c] --- SM_CXVIRTUALSCREEN   = 1024
05.06.2019 11:31:37.307 [0000206c] --- SM_CYVIRTUALSCREEN   = 768
05.06.2019 11:31:37.307 [0000206c] --- SM_CXCURSOR          = 32
05.06.2019 11:31:37.307 [0000206c] ??? No displays enumerated. Retry later
05.06.2019 11:31:37.307 [0000206c] --- hookD3D9
05.06.2019 11:31:37.307 [0000206c] --- DirectX9 dll=01c20000
05.06.2019 11:31:37.338 [0000206c] --- DirectX9 API detected
05.06.2019 11:31:37.338 [0000206c] --- DirectX9Ex API detected
05.06.2019 11:31:37.338 [0000206c] --- i1: InterfaceProc1
05.06.2019 11:31:37.338 [0000206c] --- DXGI dll=72830000
05.06.2019 11:31:37.370 [0000206c] --- DirectX DXGI API CreateDXGIFactory detected 1
05.06.2019 11:31:37.385 [0000206c] --- DirectX DXGI API CreateDXGIFactory1 detected 1
05.06.2019 11:31:37.401 [0000206c] --- DirectX DXGI API CreateDXGIFactory2 detected 1
05.06.2019 11:31:37.401 [0000206c] --- DirectX DXGI API detected
05.06.2019 11:31:37.401 [0000206c] --- DirectX D3D12 API detected hd3d12=72610000
05.06.2019 11:31:37.417 [0000206c] --- DirectX D3D12 API detected 1
05.06.2019 11:31:37.417 [0000206c] --- hookOpenGL
05.06.2019 11:31:37.573 [0000206c] --- OpenGL API detected
05.06.2019 11:31:37.666 [0000206c] --- PROCESS DETACH
