04.06.2019 15:14:13.615 [00000bc8] --- App --- Immersive Display PRO v3.0.5 (01.01.2019)
04.06.2019 15:14:13.615 [00000bc8] --- OS 6:2 Microsoft Windows 8 Professional (build 9200), 64-bit 7(0) 8(1) 8.1(0) 10(0)
04.06.2019 15:14:13.615 [00000bc8] --- Process64 C:\PROGRA~1\FARO\SCENEL~1\SCENEL~1.EXE
04.06.2019 15:14:13.615 [00000bc8] --- CmdLine ["C:\PROGRA~1\FARO\SCENEL~1\SCENEL~1.EXE" /dde]
04.06.2019 15:14:13.615 [00000bc8] --- Enumerating displays ...
04.06.2019 15:14:13.615 [00000bc8] --- Device N[\\.\DISPLAY1] S[Radeon RX 580 Series] M[Generic PnP Monitor] F[desktop primary ]
04.06.2019 15:14:13.616 [00000bc8] --- Device N[\\.\DISPLAY2] S[Radeon RX 580 Series] M[] F[]
04.06.2019 15:14:13.617 [00000bc8] --- Device N[\\.\DISPLAY3] S[Radeon RX 580 Series] M[] F[]
04.06.2019 15:14:13.617 [00000bc8] --- Device N[\\.\DISPLAY4] S[Radeon RX 580 Series] M[] F[]
04.06.2019 15:14:13.618 [00000bc8] --- Device N[\\.\DISPLAY5] S[Radeon RX 580 Series] M[] F[]
04.06.2019 15:14:13.618 [00000bc8] --- Device N[\\.\DISPLAY6] S[Radeon RX 580 Series] M[] F[]
04.06.2019 15:14:13.619 [00000bc8] --- Device N[\\.\DISPLAY7] S[Radeon RX 580 Series] M[] F[]
04.06.2019 15:14:13.619 [00000bc8] --- Device N[\\.\DISPLAY8] S[Radeon RX 580 Series] M[] F[]
04.06.2019 15:14:13.619 [00000bc8] --- SM_CMONITORS         = 1
04.06.2019 15:14:13.619 [00000bc8] --- SM_SAMEDISPLAYFORMAT = 1
04.06.2019 15:14:13.619 [00000bc8] --- SM_XVIRTUALSCREEN    = 0
04.06.2019 15:14:13.619 [00000bc8] --- SM_YVIRTUALSCREEN    = 0
04.06.2019 15:14:13.619 [00000bc8] --- SM_CXVIRTUALSCREEN   = 3840
04.06.2019 15:14:13.619 [00000bc8] --- SM_CYVIRTUALSCREEN   = 1200
04.06.2019 15:14:13.619 [00000bc8] --- SM_CXCURSOR          = 32
04.06.2019 15:14:13.622 [00000bc8] --- [\\.\DISPLAY1] [Radeon RX 580 Series] [MONITOR\ADVEF2D\{4d36e96e-e325-11ce-bfc1-08002be10318}\0013] [Generic PnP Monitor]
04.06.2019 15:14:13.622 [00000bc8] --- Enumerated 1 displays
04.06.2019 15:14:13.622 [00000bc8] --- Displays initialized
04.06.2019 15:14:13.622 [00000bc8] --- Displays[0] M[00010001] HDC[a0011470] GDC[df010bf2] L=0 T=0 R=3840 B=1200 RECT[0,0 3840x1200] N[\\.\DISPLAY1] M[Generic PnP Monitor] F[1] PROJ[2x1] MAPS[2]
04.06.2019 15:14:13.622 [00000bc8] ---    Grouping G[0] N[0] GD[]
04.06.2019 15:14:13.622 [00000bc8] --- ---
04.06.2019 15:14:13.622 [00000bc8] --- hookD3D9
04.06.2019 15:14:13.623 [00000bc8] --- DirectX9 dll=56cb0000
04.06.2019 15:14:13.659 [00000bc8] --- DirectX9 API detected
04.06.2019 15:14:13.659 [00000bc8] --- DirectX9Ex API detected
04.06.2019 15:14:13.659 [00000bc8] --- i1: InterfaceProc1
04.06.2019 15:14:13.659 [00000bc8] --- interfaceFunc1 [\\.\DISPLAY1] totalMaps=2
04.06.2019 15:14:13.659 [00000bc8] --- DXGI dll=7ce30000
04.06.2019 15:14:13.677 [00000bc8] --- DirectX DXGI API CreateDXGIFactory detected 1
04.06.2019 15:14:13.695 [00000bc8] --- DirectX DXGI API CreateDXGIFactory1 detected 1
04.06.2019 15:14:13.712 [00000bc8] --- DirectX DXGI API CreateDXGIFactory2 detected 1
04.06.2019 15:14:13.712 [00000bc8] --- DirectX DXGI API detected
04.06.2019 15:14:13.713 [00000bc8] --- DirectX D3D12 API detected hd3d12=75c40000
04.06.2019 15:14:13.730 [00000bc8] --- DirectX D3D12 API detected 1
04.06.2019 15:14:13.730 [00000bc8] --- hookOpenGL
04.06.2019 15:14:13.853 [00000bc8] --- OpenGL API detected
04.06.2019 15:14:14.523 [00000bc8] --- wglCreateLayerContext hdc=a7010678 iLayerPlane=0 hglrc=00010000
04.06.2019 15:14:14.523 [00000bc8] --- WWW H[001f0538] C[dummyGLContext] W[extension initializer] T[00000bc8] M[00010001] R[197,104 320x240] CR[0,0 300x197]
04.06.2019 15:14:14.523 [00000bc8] --- OpenGLWarpContext[16085040] HDC=a7010678 GLRC=00010000 HWND=001f0538 isFullscreen=0
04.06.2019 15:14:14.530 [00000bc8] --- wglDeleteContext 00010000
04.06.2019 15:14:14.530 [00000bc8] --- ~BaseWarpContext[16085040]
04.06.2019 15:14:23.911 [0000106c] --- wglCreateLayerContext hdc=23010604 iLayerPlane=0 hglrc=00020000
04.06.2019 15:14:23.911 [0000106c] --- WWW H[003004e6] C[Afx:0000000140000000:2b] W[] T[00000bc8] M[00010001] R[382,297 3002x773] CR[0,0 3002x773]
04.06.2019 15:14:23.911 [0000106c] --- PPP H[0009070a] C[Afx:ControlBar:40000000:8:10003:10] W[???????...] T[00000bc8] M[00010001] R[382,297 3002x773] CR[0,0 3002x773]
04.06.2019 15:14:23.911 [0000106c] --- PPP H[000705d2] C[Afx:0000000140000000:8:0000000000000000:0000000000000010:00000000007B06D7] W[???????...] T[00000bc8] M[00010001] R[382,297 3002x773] CR[0,0 3002x773]
04.06.2019 15:14:23.911 [0000106c] --- PPP H[000c0814] C[MDIClient] W[] T[00000bc8] M[00010001] R[379,275 3008x798] CR[0,0 3008x798]
04.06.2019 15:14:23.911 [0000106c] --- PPP H[0010080e] C[Afx:0000000140000000:8:0000000000010003:0000000000000000:00000000026708EB] W[20190326_oldhouse - SCENE LT 2019.0.1.1653] T[00000bc8] M[00010001] R[117,140 3278x960] CR[0,0 3262x921]
04.06.2019 15:14:23.911 [0000106c] --- OpenGLWarpContext[23d33040] HDC=23010604 GLRC=00020000 HWND=003004e6 isFullscreen=0
04.06.2019 15:14:24.510 [0000106c] --- UPP[23d33040] CHANGE Projector configuration for display(0) 0x0 -> 2x1 
04.06.2019 15:14:24.510 [0000106c] --- UPP[23d33040] CHANGE WindowsWarping 1
04.06.2019 15:14:24.510 [0000106c] --- UPP[23d33040] CHANGE DesktopWarping 1
04.06.2019 15:14:24.510 [0000106c] --- UPP[23d33040] CHANGE HWND[003004e6] Window rect changed 0,0 0x0 -> 382,297 3002x773
04.06.2019 15:14:24.510 [0000106c] --- UPP[23d33040] CHANGE HWND[003004e6] Client rect changed 0,0 0x0 -> 0,0 3002x773
04.06.2019 15:14:24.510 [0000106c] --- UPP[23d33040] CHANGE HWND[003004e6] Monitor changed 00000000 -> 00010001 
04.06.2019 15:14:24.510 [0000106c] --- UPP[00000000] RECREATE
04.06.2019 15:14:24.510 [0000106c] --- UPP[23d33040] SKIP (DWMRunning(1) or NOT WindowWarping(1))
04.06.2019 15:20:16.046 [0000106c] --- wglDeleteContext 00020000
04.06.2019 15:20:16.046 [0000106c] --- ~BaseWarpContext[23d33040]
04.06.2019 15:20:19.215 [00000bc8] --- PROCESS DETACH
