04.06.2019 21:40:14.473 [00002140] ??? OSM handle == NULL error=2
04.06.2019 21:40:14.473 [00002140] ^^^ SC trying session1
--- [2]
04.06.2019 21:40:14.473 [00002140] --- App --- Immersive Display PRO v3.0.5 (01.01.2019)
04.06.2019 21:40:14.473 [00002140] --- OS 6:2 Microsoft Windows 8 Professional (build 9200), 64-bit 7(0) 8(1) 8.1(0) 10(0)
04.06.2019 21:40:14.473 [00002140] --- Process64 C:\Program Files (x86)\Google\Update\1.3.34.11\GoogleCrashHandler64.exe
04.06.2019 21:40:14.473 [00002140] --- CmdLine ["C:\Program Files (x86)\Google\Update\1.3.34.11\GoogleCrashHandler64.exe"]
04.06.2019 21:40:14.473 [00002140] --- Enumerating displays ...
04.06.2019 21:40:14.473 [00002140] --- SM_CMONITORS         = 1
04.06.2019 21:40:14.473 [00002140] --- SM_SAMEDISPLAYFORMAT = 1
04.06.2019 21:40:14.486 [00002140] --- SM_XVIRTUALSCREEN    = 0
04.06.2019 21:40:14.486 [00002140] --- SM_YVIRTUALSCREEN    = 0
04.06.2019 21:40:14.486 [00002140] --- SM_CXVIRTUALSCREEN   = 1024
04.06.2019 21:40:14.486 [00002140] --- SM_CYVIRTUALSCREEN   = 768
04.06.2019 21:40:14.486 [00002140] --- SM_CXCURSOR          = 32
04.06.2019 21:40:14.486 [00002140] ??? No displays enumerated. Retry later
04.06.2019 21:40:14.486 [00002140] --- hookD3D9
04.06.2019 21:40:14.487 [00002140] --- DirectX9 dll=f7500000
04.06.2019 21:40:14.528 [00002140] --- DirectX9 API detected
04.06.2019 21:40:14.528 [00002140] --- DirectX9Ex API detected
04.06.2019 21:40:14.528 [00002140] --- i1: InterfaceProc1
04.06.2019 21:40:14.528 [00002140] --- DXGI dll=25e60000
04.06.2019 21:40:14.549 [00002140] --- DirectX DXGI API CreateDXGIFactory detected 1
04.06.2019 21:40:14.569 [00002140] --- DirectX DXGI API CreateDXGIFactory1 detected 1
04.06.2019 21:40:14.589 [00002140] --- DirectX DXGI API CreateDXGIFactory2 detected 1
04.06.2019 21:40:14.602 [00002140] --- DirectX DXGI API detected
04.06.2019 21:40:14.602 [00002140] --- DirectX D3D12 API detected hd3d12=1f560000
04.06.2019 21:40:14.623 [00002140] --- DirectX D3D12 API detected 1
04.06.2019 21:40:14.623 [00002140] --- hookOpenGL
04.06.2019 21:40:14.766 [00002140] --- OpenGL API detected
04.06.2019 21:40:14.819 [00002140] --- PROCESS DETACH
