04.06.2019 21:30:06.027 [00001b08] --- App --- Immersive Display PRO v3.0.5 (01.01.2019)
04.06.2019 21:30:06.027 [00001b08] --- OS 6:2 Microsoft Windows 8 Professional (build 9200), 64-bit 7(0) 8(1) 8.1(0) 10(0)
04.06.2019 21:30:06.027 [00001b08] --- Process64 C:\WINDOWS\system32\dwm.exe
04.06.2019 21:30:06.027 [00001b08] --- CmdLine ["dwm.exe"]
04.06.2019 21:30:06.027 [00001b08] --- Enumerating displays ...
04.06.2019 21:30:06.027 [00001b08] --- Device N[\\.\DISPLAY1] S[Radeon RX 580 Series] M[Generic PnP Monitor] F[desktop primary ]
04.06.2019 21:30:06.027 [00001b08] --- Device N[\\.\DISPLAY2] S[Radeon RX 580 Series] M[] F[]
04.06.2019 21:30:06.027 [00001b08] --- Device N[\\.\DISPLAY3] S[Radeon RX 580 Series] M[] F[]
04.06.2019 21:30:06.027 [00001b08] --- Device N[\\.\DISPLAY4] S[Radeon RX 580 Series] M[] F[]
04.06.2019 21:30:06.027 [00001b08] --- Device N[\\.\DISPLAY5] S[Radeon RX 580 Series] M[] F[]
04.06.2019 21:30:06.027 [00001b08] --- Device N[\\.\DISPLAY6] S[Radeon RX 580 Series] M[] F[]
04.06.2019 21:30:06.027 [00001b08] --- Device N[\\.\DISPLAY7] S[Radeon RX 580 Series] M[] F[]
04.06.2019 21:30:06.027 [00001b08] --- Device N[\\.\DISPLAY8] S[Radeon RX 580 Series] M[] F[]
04.06.2019 21:30:06.027 [00001b08] --- SM_CMONITORS         = 1
04.06.2019 21:30:06.027 [00001b08] --- SM_SAMEDISPLAYFORMAT = 1
04.06.2019 21:30:06.027 [00001b08] --- SM_XVIRTUALSCREEN    = 0
04.06.2019 21:30:06.027 [00001b08] --- SM_YVIRTUALSCREEN    = 0
04.06.2019 21:30:06.027 [00001b08] --- SM_CXVIRTUALSCREEN   = 3840
04.06.2019 21:30:06.027 [00001b08] --- SM_CYVIRTUALSCREEN   = 1200
04.06.2019 21:30:06.027 [00001b08] --- SM_CXCURSOR          = 32
04.06.2019 21:30:06.027 [00001b08] ??? No displays enumerated. Retry later
04.06.2019 21:30:06.027 [00001b08] --- hookD3D9
04.06.2019 21:30:06.027 [00001b08] --- DirectX9 dll=c62f0000
04.06.2019 21:30:06.089 [00001b08] --- DirectX9 API detected
04.06.2019 21:30:06.089 [00001b08] --- DirectX9Ex API detected
04.06.2019 21:30:06.089 [00001b08] --- i1: InterfaceProc1
04.06.2019 21:30:06.089 [00001b08] --- DXGI dll=e7110000
04.06.2019 21:30:06.121 [00001b08] --- DirectX DXGI API CreateDXGIFactory detected 1
04.06.2019 21:30:06.136 [00001b08] --- DirectX DXGI API CreateDXGIFactory1 detected 1
04.06.2019 21:30:06.168 [00001b08] --- DirectX DXGI API CreateDXGIFactory2 detected 1
04.06.2019 21:30:06.168 [00001b08] --- DirectX DXGI API detected
04.06.2019 21:30:06.199 [00001b08] --- DirectX D3D11 API detected 1
04.06.2019 21:30:06.199 [00001b08] --- DirectX D3D12 API detected hd3d12=e2850000
04.06.2019 21:30:06.230 [00001b08] --- DirectX D3D12 API detected 1
04.06.2019 21:30:06.230 [00001b08] --- hookOpenGL
04.06.2019 21:30:06.450 [00001b08] --- OpenGL API detected
04.06.2019 21:30:06.585 [00002458] --- D3D11CreateDevice ADAPTER NULL
04.06.2019 21:30:06.589 [00002440] --- D3D11CreateDevice ADAPTER Description=Radeon RX 580 Series
04.06.2019 21:30:06.589 [00002440] --- Device FeatureLevels[0]=0000a100
04.06.2019 21:30:06.605 [00002458] --- Device FeatureLevel -> 0000b000
04.06.2019 21:30:06.659 [00002440] --- D3D11CreateDevice ADAPTER Description=Radeon RX 580 Series
04.06.2019 21:30:06.659 [00002440] --- Device FeatureLevels[0]=0000c100
04.06.2019 21:30:06.659 [00002440] --- Device FeatureLevels[1]=0000c000
04.06.2019 21:30:06.659 [00002440] --- Device FeatureLevels[2]=0000b100
04.06.2019 21:30:06.659 [00002440] --- Device FeatureLevels[3]=0000b000
04.06.2019 21:30:06.659 [00002440] --- Device FeatureLevels[4]=0000a100
04.06.2019 21:30:06.659 [00002440] --- Device FeatureLevels[5]=0000a000
04.06.2019 21:30:06.659 [00002440] --- Device FeatureLevels[6]=00009300
04.06.2019 21:30:06.659 [00002440] --- Device FeatureLevels[7]=00009200
04.06.2019 21:30:06.659 [00002440] --- Device FeatureLevels[8]=00009100
04.06.2019 21:30:06.664 [00002440] --- Device FeatureLevel -> 0000c000
04.06.2019 21:30:06.831 [00002440] --- Win10SC_[01] Created
04.06.2019 21:30:06.834 [00002440] --- [\\.\DISPLAY1] [Radeon RX 580 Series] [MONITOR\ADVEF2D\{4d36e96e-e325-11ce-bfc1-08002be10318}\0017] [Generic PnP Monitor]
04.06.2019 21:30:06.834 [00002440] --- shim Winmm hLib=db5c0000
04.06.2019 21:30:06.834 [00002440] --- shim Winmm db5c6050, db5c5f10, db5c1060, db5c1040
04.06.2019 21:30:06.834 [00002440] --- WarpContext cc945040 Output=c2b20f50 DeviceName=\\.\DISPLAY1 DesktopCoordinates(0,0 3840x1200) AttachedToDesktop=1 Rotation=1 (0)
04.06.2019 21:30:06.835 [00002440] --- WarpContext cc945040 count 1
04.06.2019 21:30:06.835 [00002440] --- GMOC[c996a388] DONE
04.06.2019 21:30:06.835 [00002440] --- WarpContext[cc945040] Monitor=00010001
04.06.2019 21:30:06.835 [00002440] --- D3DXWrapper trying d3dx11_43.dll
04.06.2019 21:30:06.835 [00002440] --- D3DXWrapper d3dx11_43.dll loaded
04.06.2019 21:30:06.835 [00002440] --- WarpContext[cc945040] D3DCompiler_47.DLL loaded directly
04.06.2019 21:30:06.835 [00002440] --- SCISSORS 1
04.06.2019 21:30:06.835 [00002440] --- ANISOTROPIC 4
04.06.2019 21:30:07.115 [00002440] --- WarpContext cc945040 T(3840x1200) O(3840x1200) enableRotation=0 rotateDegrees=0
04.06.2019 21:30:07.146 [00002440] --- WarpContext[cc945040] CreateAllWarpingResources S=1 R=85 Warping=1
04.06.2019 21:30:07.146 [00002440] --- Cursor warping SSC=e99948e0
04.06.2019 21:30:07.146 [00002440] ### Cursor clear cache CC[0]
04.06.2019 21:30:07.146 [00002440] ### Present[cc945040] S
04.06.2019 21:30:07.146 [00002440] ### Present[cc945040] uSOPSAS
04.06.2019 21:30:07.146 [00002440] ### Present[cc945040] uSNPSAS
04.06.2019 21:30:07.146 [00002440] ### Present[cc945040] CR
04.06.2019 21:30:07.146 [00002440] ### Present[cc945040] OMSRT
04.06.2019 21:30:07.148 [00002440] ### Present[cc945040] uDC
04.06.2019 21:30:07.148 [00002440] ### Present[cc945040] OMSRT
04.06.2019 21:30:07.151 [00002440] ### Present[cc945040] uRBT
04.06.2019 21:30:07.151 [00002440] ### Present[cc945040] OMSRT
04.06.2019 21:30:07.151 [00002440] ### Present[cc945040] uDG
04.06.2019 21:30:07.151 [00002440] ### Present[cc945040] uROPSAS
04.06.2019 21:30:07.151 [00002440] ### Present[cc945040] E
04.06.2019 21:30:43.115 [00002440] --- GMOC[c996a388] DONE
