05.06.2019 10:58:06.336 [000020dc] ??? OSM handle == NULL error=2
05.06.2019 10:58:06.336 [000020dc] ^^^ SC trying session1
--- [2]
05.06.2019 10:58:06.336 [000020dc] --- App --- Immersive Display PRO v3.0.5 (01.01.2019)
05.06.2019 10:58:06.336 [000020dc] --- OS 6:2 Microsoft Windows 8 Professional (build 9200), 64-bit 7(0) 8(1) 8.1(0) 10(0)
05.06.2019 10:58:06.336 [000020dc] --- Process32 C:\WINDOWS\sysWOW64\wbem\wmiprvse.exe
05.06.2019 10:58:06.336 [000020dc] --- CmdLine [C:\WINDOWS\sysWOW64\wbem\wmiprvse.exe -Embedding]
05.06.2019 10:58:06.336 [000020dc] --- Enumerating displays ...
05.06.2019 10:58:06.336 [000020dc] --- SM_CMONITORS         = 1
05.06.2019 10:58:06.336 [000020dc] --- SM_SAMEDISPLAYFORMAT = 1
05.06.2019 10:58:06.336 [000020dc] --- SM_XVIRTUALSCREEN    = 0
05.06.2019 10:58:06.336 [000020dc] --- SM_YVIRTUALSCREEN    = 0
05.06.2019 10:58:06.336 [000020dc] --- SM_CXVIRTUALSCREEN   = 1024
05.06.2019 10:58:06.336 [000020dc] --- SM_CYVIRTUALSCREEN   = 768
05.06.2019 10:58:06.336 [000020dc] --- SM_CXCURSOR          = 32
05.06.2019 10:58:06.336 [000020dc] ??? No displays enumerated. Retry later
05.06.2019 10:58:06.336 [000020dc] --- hookD3D9
05.06.2019 10:58:06.336 [000020dc] --- DirectX9 dll=71410000
05.06.2019 10:58:06.382 [000020dc] --- DirectX9 API detected
05.06.2019 10:58:06.382 [000020dc] --- DirectX9Ex API detected
05.06.2019 10:58:06.382 [000020dc] --- i1: InterfaceProc1
05.06.2019 10:58:06.382 [000020dc] --- DXGI dll=72320000
05.06.2019 10:58:06.398 [000020dc] --- DirectX DXGI API CreateDXGIFactory detected 1
05.06.2019 10:58:06.414 [000020dc] --- DirectX DXGI API CreateDXGIFactory1 detected 1
05.06.2019 10:58:06.445 [000020dc] --- DirectX DXGI API CreateDXGIFactory2 detected 1
05.06.2019 10:58:06.445 [000020dc] --- DirectX DXGI API detected
05.06.2019 10:58:06.445 [000020dc] --- DirectX D3D12 API detected hd3d12=721b0000
05.06.2019 10:58:06.461 [000020dc] --- DirectX D3D12 API detected 1
05.06.2019 10:58:06.461 [000020dc] --- hookOpenGL
05.06.2019 10:58:06.632 [000020dc] --- OpenGL API detected
