05.06.2019 01:35:21.589 [000013f4] ??? OSM handle == NULL error=2
05.06.2019 01:35:21.589 [000013f4] ^^^ SC trying session1
--- [2]
05.06.2019 01:35:21.590 [000013f4] --- App --- Immersive Display PRO v3.0.5 (01.01.2019)
05.06.2019 01:35:21.590 [000013f4] --- OS 6:2 Microsoft Windows 8 Professional (build 9200), 64-bit 7(0) 8(1) 8.1(0) 10(0)
05.06.2019 01:35:21.590 [000013f4] --- Process32 C:\Program Files (x86)\Google\Update\GoogleUpdate.exe
05.06.2019 01:35:21.590 [000013f4] --- CmdLine ["C:\Program Files (x86)\Google\Update\GoogleUpdate.exe" /ua /installsource scheduler]
05.06.2019 01:35:21.590 [000013f4] --- Enumerating displays ...
05.06.2019 01:35:21.590 [000013f4] --- SM_CMONITORS         = 1
05.06.2019 01:35:21.590 [000013f4] --- SM_SAMEDISPLAYFORMAT = 1
05.06.2019 01:35:21.590 [000013f4] --- SM_XVIRTUALSCREEN    = 0
05.06.2019 01:35:21.590 [000013f4] --- SM_YVIRTUALSCREEN    = 0
05.06.2019 01:35:21.590 [000013f4] --- SM_CXVIRTUALSCREEN   = 1024
05.06.2019 01:35:21.590 [000013f4] --- SM_CYVIRTUALSCREEN   = 768
05.06.2019 01:35:21.590 [000013f4] --- SM_CXCURSOR          = 32
05.06.2019 01:35:21.590 [000013f4] ??? No displays enumerated. Retry later
05.06.2019 01:35:21.590 [000013f4] --- hookD3D9
05.06.2019 01:35:21.591 [000013f4] --- DirectX9 dll=717f0000
05.06.2019 01:35:21.618 [000013f4] --- DirectX9 API detected
05.06.2019 01:35:21.618 [000013f4] --- DirectX9Ex API detected
05.06.2019 01:35:21.618 [000013f4] --- i1: InterfaceProc1
05.06.2019 01:35:21.618 [000013f4] --- DXGI dll=72790000
05.06.2019 01:35:21.631 [000013f4] --- DirectX DXGI API CreateDXGIFactory detected 1
05.06.2019 01:35:21.644 [000013f4] --- DirectX DXGI API CreateDXGIFactory1 detected 1
05.06.2019 01:35:21.657 [000013f4] --- DirectX DXGI API CreateDXGIFactory2 detected 1
05.06.2019 01:35:21.657 [000013f4] --- DirectX DXGI API detected
05.06.2019 01:35:21.658 [000013f4] --- DirectX D3D12 API detected hd3d12=72590000
05.06.2019 01:35:21.671 [000013f4] --- DirectX D3D12 API detected 1
05.06.2019 01:35:21.671 [000013f4] --- hookOpenGL
05.06.2019 01:35:21.774 [000013f4] --- OpenGL API detected
05.06.2019 01:35:21.835 [000013f4] --- PROCESS DETACH
