04.06.2019 21:47:29.640 [00001ebc] --- App --- Immersive Display PRO v3.0.5 (01.01.2019)
04.06.2019 21:47:29.640 [00001ebc] --- OS 6:2 Microsoft Windows 8 Professional (build 9200), 64-bit 7(0) 8(1) 8.1(0) 10(0)
04.06.2019 21:47:29.640 [00001ebc] --- Process64 C:\Users\own\scoop\apps\git\2.21.0.windows.1\mingw64\bin\git.exe
04.06.2019 21:47:29.640 [00001ebc] --- CmdLine [git.exe  pull]
04.06.2019 21:47:29.640 [00001ebc] --- Enumerating displays ...
04.06.2019 21:47:29.640 [00001ebc] --- Device N[\\.\DISPLAY1] S[Radeon RX 580 Series] M[Generic PnP Monitor] F[desktop primary ]
04.06.2019 21:47:29.640 [00001ebc] --- Device N[\\.\DISPLAY2] S[Radeon RX 580 Series] M[] F[]
04.06.2019 21:47:29.640 [00001ebc] --- Device N[\\.\DISPLAY3] S[Radeon RX 580 Series] M[] F[]
04.06.2019 21:47:29.640 [00001ebc] --- Device N[\\.\DISPLAY4] S[Radeon RX 580 Series] M[] F[]
04.06.2019 21:47:29.640 [00001ebc] --- Device N[\\.\DISPLAY5] S[Radeon RX 580 Series] M[] F[]
04.06.2019 21:47:29.655 [00001ebc] --- Device N[\\.\DISPLAY6] S[Radeon RX 580 Series] M[] F[]
04.06.2019 21:47:29.655 [00001ebc] --- Device N[\\.\DISPLAY7] S[Radeon RX 580 Series] M[] F[]
04.06.2019 21:47:29.655 [00001ebc] --- Device N[\\.\DISPLAY8] S[Radeon RX 580 Series] M[] F[]
04.06.2019 21:47:29.655 [00001ebc] --- SM_CMONITORS         = 1
04.06.2019 21:47:29.655 [00001ebc] --- SM_SAMEDISPLAYFORMAT = 1
04.06.2019 21:47:29.655 [00001ebc] --- SM_XVIRTUALSCREEN    = 0
04.06.2019 21:47:29.655 [00001ebc] --- SM_YVIRTUALSCREEN    = 0
04.06.2019 21:47:29.655 [00001ebc] --- SM_CXVIRTUALSCREEN   = 1920
04.06.2019 21:47:29.655 [00001ebc] --- SM_CYVIRTUALSCREEN   = 1200
04.06.2019 21:47:29.655 [00001ebc] --- SM_CXCURSOR          = 32
04.06.2019 21:47:29.655 [00001ebc] --- [\\.\DISPLAY1] [Radeon RX 580 Series] [MONITOR\SECA70B\{4d36e96e-e325-11ce-bfc1-08002be10318}\0016] [Generic PnP Monitor]
04.06.2019 21:47:29.655 [00001ebc] --- Enumerated 1 displays
04.06.2019 21:47:29.655 [00001ebc] --- Displays initialized
04.06.2019 21:47:29.655 [00001ebc] --- Displays[0] M[00010001] HDC[15010be1] GDC[4a010c6e] L=0 T=0 R=1920 B=1200 RECT[0,0 1920x1200] N[\\.\DISPLAY1] M[Generic PnP Monitor] F[1] PROJ[0x0] MAPS[0]
04.06.2019 21:47:29.655 [00001ebc] ---    Grouping G[0] N[0] GD[]
04.06.2019 21:47:29.655 [00001ebc] --- ---
04.06.2019 21:47:29.655 [00001ebc] --- hookD3D9
04.06.2019 21:47:29.655 [00001ebc] --- DirectX9 dll=3bd30000
04.06.2019 21:47:29.702 [00001ebc] --- DirectX9 API detected
04.06.2019 21:47:29.702 [00001ebc] --- DirectX9Ex API detected
04.06.2019 21:47:29.702 [00001ebc] --- i1: InterfaceProc1
04.06.2019 21:47:29.702 [00001ebc] --- DXGI dll=6a890000
04.06.2019 21:47:29.718 [00001ebc] --- DirectX DXGI API CreateDXGIFactory detected 1
04.06.2019 21:47:29.733 [00001ebc] --- DirectX DXGI API CreateDXGIFactory1 detected 1
04.06.2019 21:47:29.764 [00001ebc] --- DirectX DXGI API CreateDXGIFactory2 detected 1
04.06.2019 21:47:29.764 [00001ebc] --- DirectX DXGI API detected
04.06.2019 21:47:29.764 [00001ebc] --- DirectX D3D12 API detected hd3d12=63e60000
04.06.2019 21:47:29.780 [00001ebc] --- DirectX D3D12 API detected 1
04.06.2019 21:47:29.780 [00001ebc] --- hookOpenGL
04.06.2019 21:47:29.921 [00001ebc] --- OpenGL API detected
04.06.2019 21:47:35.117 [00001ebc] --- PROCESS DETACH
