04.06.2019 21:25:34.057 [00001cd8] --- Immersive Display PRO v3.0.5
04.06.2019 21:25:34.057 [00001cd8] --- OS 6:2 Microsoft Windows 8 Professional (build 9200), 64-bit 7(0) 8(1) 8.1(0) 10(0)
04.06.2019 21:25:34.072 [00001cd8] --- SCREEN \\.\DISPLAY2
04.06.2019 21:25:34.072 [00001cd8] ------ LogicalDPI=96.000000 Scale=1.000000
04.06.2019 21:25:34.072 [00001cd8] ------ DevicePixelRatio=1.000000
04.06.2019 21:25:34.072 [00001cd8] --- SCREEN \\.\DISPLAY1
04.06.2019 21:25:34.072 [00001cd8] ------ LogicalDPI=96.000000 Scale=1.000000
04.06.2019 21:25:34.072 [00001cd8] ------ DevicePixelRatio=1.000000
04.06.2019 21:25:34.099 [00001cd8] --- Removed 0 log file(s)
04.06.2019 21:25:34.099 [00001cd8] --- ACL changed for C:\WARP000\
04.06.2019 21:25:34.510 [00001cd8] --- LicAppName=Immersive Display PRO
04.06.2019 21:25:34.510 [00001cd8] --- L1
04.06.2019 21:25:34.963 [00001cd8] --- DK2C57
04.06.2019 21:25:35.901 [00001cd8] --- DM104
04.06.2019 21:25:36.963 [00001cd8] --- LD=20190109 SD=20190101
04.06.2019 21:25:36.963 [00001cd8] --- ###[UzNZOU5YME0yNDg4OTBM]###
04.06.2019 21:25:37.510 [00001cd8] --- Displays 2/3 [20] SGD=2560932 SSC=31904
04.06.2019 21:25:37.510 [00001cd8] --- Shared 31904+7682796 7714700
04.06.2019 21:25:37.510 [00001cd8] ### PageSize=4096
04.06.2019 21:25:37.510 [00001cd8] ### MinimumApplicationAddress=00010000
04.06.2019 21:25:37.510 [00001cd8] ### MaximumApplicationAddress=7ffeffff
04.06.2019 21:25:37.510 [00001cd8] ### AllocationGranularity=65536
04.06.2019 21:25:37.510 [00001cd8] ### Res=28
04.06.2019 21:25:37.510 [00001cd8] ### BaseAddress=09590000
04.06.2019 21:25:37.510 [00001cd8] ### AllocationBase=09590000
04.06.2019 21:25:37.510 [00001cd8] ### AllocationProtect=00000004
04.06.2019 21:25:37.510 [00001cd8] ### RegionSize=7716864
04.06.2019 21:25:37.510 [00001cd8] ### State=00001000
04.06.2019 21:25:37.510 [00001cd8] ### Protect=00000004
04.06.2019 21:25:37.510 [00001cd8] ### Type=00040000
04.06.2019 21:25:37.510 [00001cd8] --- Config 09590000 ZERO(0) 31904 + 7682796
04.06.2019 21:25:37.510 [00001cd8] --- Config 09590000 ZERO(1)
04.06.2019 21:25:37.510 [00001cd8] --- Config 09590000 ZERO(2)
04.06.2019 21:25:37.510 [00001cd8] --- R [12]->48
04.06.2019 21:25:37.510 [00001cd8] --- MP 3
04.06.2019 21:25:37.510 [00001cd8] --- Config 09590000
04.06.2019 21:25:37.510 [00001cd8] --- Config logsFolder=C:\WARP000\logs\
04.06.2019 21:25:37.510 [00001cd8] --- Config imagesFolder=C:\WARP000\images\
04.06.2019 21:25:37.510 [00001cd8] --- Config configsFolder=C:\WARP000\config\
04.06.2019 21:25:37.510 [00001cd8] --- Enumerating displays ...
04.06.2019 21:25:37.510 [00001cd8] --- Device N[\\.\DISPLAY1] S[Radeon RX 580 Series] M[Generic PnP Monitor] F[desktop ]
04.06.2019 21:25:37.510 [00001cd8] --- Device N[\\.\DISPLAY2] S[Radeon RX 580 Series] M[Generic PnP Monitor] F[desktop primary ]
04.06.2019 21:25:37.510 [00001cd8] --- Device N[\\.\DISPLAY3] S[Radeon RX 580 Series] M[] F[]
04.06.2019 21:25:37.510 [00001cd8] --- Device N[\\.\DISPLAY4] S[Radeon RX 580 Series] M[] F[]
04.06.2019 21:25:37.510 [00001cd8] --- Device N[\\.\DISPLAY5] S[Radeon RX 580 Series] M[] F[]
04.06.2019 21:25:37.510 [00001cd8] --- Device N[\\.\DISPLAY6] S[Radeon RX 580 Series] M[] F[]
04.06.2019 21:25:37.525 [00001cd8] --- Device N[\\.\DISPLAY7] S[Radeon RX 580 Series] M[] F[]
04.06.2019 21:25:37.525 [00001cd8] --- Device N[\\.\DISPLAY8] S[Radeon RX 580 Series] M[] F[]
04.06.2019 21:25:37.525 [00001cd8] --- SM_CMONITORS         = 2
04.06.2019 21:25:37.525 [00001cd8] --- SM_SAMEDISPLAYFORMAT = 1
04.06.2019 21:25:37.525 [00001cd8] --- SM_XVIRTUALSCREEN    = 0
04.06.2019 21:25:37.525 [00001cd8] --- SM_YVIRTUALSCREEN    = 0
04.06.2019 21:25:37.525 [00001cd8] --- SM_CXVIRTUALSCREEN   = 3840
04.06.2019 21:25:37.525 [00001cd8] --- SM_CYVIRTUALSCREEN   = 1200
04.06.2019 21:25:37.525 [00001cd8] --- SM_CXCURSOR          = 32
04.06.2019 21:25:37.588 [00001cd8] --- [\\.\DISPLAY1] [Radeon RX 580 Series] [MONITOR\SECA70B\{4d36e96e-e325-11ce-bfc1-08002be10318}\0016] [Generic PnP Monitor]
04.06.2019 21:25:37.588 [00001cd8] --- [\\.\DISPLAY2] [Radeon RX 580 Series] [MONITOR\SECA70B\{4d36e96e-e325-11ce-bfc1-08002be10318}\0015] [Generic PnP Monitor]
04.06.2019 21:25:37.588 [00001cd8] --- Enumerated 2 displays
04.06.2019 21:25:37.588 [00001cd8] --- Displays initialized
04.06.2019 21:25:37.588 [00001cd8] --- Displays[0] M[00010003] HDC[9f0108c0] GDC[2c01092d] L=1920 T=0 R=3840 B=1200 RECT[1920,0 1920x1200] N[\\.\DISPLAY1] M[Generic PnP Monitor] F[0] PROJ[0x0] MAPS[0]
04.06.2019 21:25:37.588 [00001cd8] ---    Grouping G[0] N[0] GD[]
04.06.2019 21:25:37.588 [00001cd8] --- Displays[1] M[00010001] HDC[49010d05] GDC[5d010cb5] L=0 T=0 R=1920 B=1200 RECT[0,0 1920x1200] N[\\.\DISPLAY2] M[Generic PnP Monitor] F[1] PROJ[0x0] MAPS[0]
04.06.2019 21:25:37.588 [00001cd8] ---    Grouping G[0] N[0] GD[]
04.06.2019 21:25:37.588 [00001cd8] --- ---
04.06.2019 21:25:37.619 [00001cd8] --- Model:Config file C:\WARP000\config\config.dat does not exist
04.06.2019 21:25:37.619 [00001cd8] --- Model:Config file LCC[1]
04.06.2019 21:25:37.619 [00001cd8] --- Model:Config file CC[2]
04.06.2019 21:25:37.635 [00001cd8] --- Preferences loaded
04.06.2019 21:25:37.635 [00001cd8] ------ startMinimized 0
04.06.2019 21:25:37.635 [00001cd8] ------ showTrayNotifications 0
04.06.2019 21:25:37.635 [00001cd8] ------ autoStartDesktopWarping 1
04.06.2019 21:25:37.635 [00001cd8] ------ autoStartDesktopWarpingDelaySeconds 3
04.06.2019 21:25:37.635 [00001cd8] ------ warpCursor 1
04.06.2019 21:25:37.635 [00001cd8] ------ hideSystemCursor 0
04.06.2019 21:25:37.635 [00001cd8] ------ samplingDesktop 2
04.06.2019 21:25:37.635 [00001cd8] ------ samplingDXGL 2
04.06.2019 21:25:37.635 [00001cd8] ------ useFXAA 0
04.06.2019 21:25:37.635 [00001cd8] ------ useFXAAPresetIndex 0
04.06.2019 21:25:37.635 [00001cd8] ------ updateRateMS 20
04.06.2019 21:25:37.635 [00001cd8] ------ enableVNCControl 0
04.06.2019 21:25:37.635 [00001cd8] ------ vncPort 5900
04.06.2019 21:25:37.635 [00001cd8] ------ vncPassword 1234
04.06.2019 21:25:37.635 [00001cd8] ------ enableTelnet 0
04.06.2019 21:25:37.635 [00001cd8] ------ remoteTelnetPort 6600
04.06.2019 21:25:37.635 [00001cd8] ------ overrideDesktopRotation 0
04.06.2019 21:25:37.635 [00001cd8] ------ forcedDesktopRotation 0
04.06.2019 21:25:37.635 [00001cd8] ------ forcedScissorsRotation 0
04.06.2019 21:25:37.635 [00001cd8] ------ checkForDisplayConfigChange 0
04.06.2019 21:25:37.635 [00001cd8] ------ cropEdges 0
04.06.2019 21:25:37.635 [00001cd8] ------ cropPixels 0
04.06.2019 21:25:37.635 [00001cd8] ------ removeWindowFrame 0
04.06.2019 21:25:37.635 [00001cd8] ------ skipWarpChildWindows 0
04.06.2019 21:25:37.635 [00001cd8] ------ openGLTextureOffset 0
04.06.2019 21:25:37.635 [00001cd8] ------ disable_DX9 0
04.06.2019 21:25:37.635 [00001cd8] ------ disable_DX10 0
04.06.2019 21:25:37.635 [00001cd8] ------ disable_DX11 0
04.06.2019 21:25:37.635 [00001cd8] ------ disable_DX12 0
04.06.2019 21:25:37.635 [00001cd8] ------ disable_OpenGL 0
04.06.2019 21:25:37.635 [00001cd8] ------ disable_Vulkan 1
04.06.2019 21:25:37.635 [00001cd8] ------ forcePreserveBB_DX9 0
04.06.2019 21:25:37.635 [00001cd8] ------ forcePreserveBB_DX10 0
04.06.2019 21:25:37.635 [00001cd8] ------ forcePreserveBB_DX11 0
04.06.2019 21:25:37.635 [00001cd8] ------ forcePreserveBB_DX12 0
04.06.2019 21:25:37.635 [00001cd8] ------ forcePreserveBB_OpenGL 0
04.06.2019 21:25:37.635 [00001cd8] ------ forcePreserveBB_Vulkan 0
04.06.2019 21:25:37.635 [00001cd8] ------ enableDebanding 0
04.06.2019 21:25:37.635 [00001cd8] ------ enableWindowsSessionShutdown 0
04.06.2019 21:25:37.635 [00001cd8] ------ ignoreDWMInFullScreen 1
04.06.2019 21:25:37.635 [00001cd8] --- Excludes loaded 3
04.06.2019 21:25:37.635 [00001cd8] ------ Exclude Path=MQTT_Json_Movie_MOC.exe DX9=1 DX10=1 DX11=1 DX12=1 OGL=1 VULKAN=1 StopDWM7=0
04.06.2019 21:25:37.635 [00001cd8] ------ Exclude Path=chrome.exe DX9=1 DX10=1 DX11=1 DX12=1 OGL=1 VULKAN=1 StopDWM7=0
04.06.2019 21:25:37.635 [00001cd8] ------ Exclude Path=chrome.exe DX9=1 DX10=1 DX11=1 DX12=1 OGL=1 VULKAN=1 StopDWM7=0
04.06.2019 21:25:37.635 [00001cd8] --- Sets configSet=1
04.06.2019 21:25:37.635 [00001cd8] --- Sets configSetFile[1]=C:\WARP000\config\20190509.dat
04.06.2019 21:25:37.635 [00001cd8] --- Sets configSetFile[2]=C:\WARP000\config\config2.dat
04.06.2019 21:25:37.635 [00001cd8] --- Sets configSetFile[3]=C:\WARP000\config\config3.dat
04.06.2019 21:25:37.635 [00001cd8] --- Sets configSetFile[4]=C:\WARP000\config\config4.dat
04.06.2019 21:25:37.635 [00001cd8] --- Sets configSetFile[5]=C:\WARP000\config\config5.dat
04.06.2019 21:25:37.635 [00001cd8] --- Sets configSetFile[6]=C:\WARP000\config\config6.dat
04.06.2019 21:25:37.635 [00001cd8] --- Sets configSetFile[7]=C:\WARP000\config\config7.dat
04.06.2019 21:25:37.635 [00001cd8] --- Sets configSetFile[8]=C:\WARP000\config\config8.dat
04.06.2019 21:25:37.681 [00001cd8] --- Loaded Displays[0] \\.\DISPLAY1 Generic PnP Monitor L=0 T=0 R=3840 B=1200 loadedDisplaysWithPositionAndSize=1
04.06.2019 21:25:37.681 [00001cd8] ??? checkLoadedDisplayConfiguration Loaded Display[0][\\.\DISPLAY1] L=0 T=0 R=3840 B=1200 not in enumerated
04.06.2019 21:25:37.681 [00001cd8] --- Displays loaded
04.06.2019 21:25:37.681 [00001cd8] --- Displays[0] M[00010003] HDC[9f0108c0] GDC[2c01092d] L=1920 T=0 R=3840 B=1200 RECT[1920,0 1920x1200] N[\\.\DISPLAY1] M[Generic PnP Monitor] F[0] PROJ[0x0] MAPS[0]
04.06.2019 21:25:37.681 [00001cd8] ---    Grouping G[0] N[0] GD[]
04.06.2019 21:25:37.681 [00001cd8] --- Displays[1] M[00010001] HDC[49010d05] GDC[5d010cb5] L=0 T=0 R=1920 B=1200 RECT[0,0 1920x1200] N[\\.\DISPLAY2] M[Generic PnP Monitor] F[1] PROJ[0x0] MAPS[0]
04.06.2019 21:25:37.681 [00001cd8] ---    Grouping G[0] N[0] GD[]
04.06.2019 21:25:37.681 [00001cd8] --- Model:Config file C:\WARP000\config\20190509.dat loaded
04.06.2019 21:25:37.681 [00001cd8] --- Model:Config file LCC[3]
04.06.2019 21:25:37.681 [00001cd8] --- Model:Config file CC[4]
04.06.2019 21:25:37.681 [00001cd8] --- Sets manager selectSet[1]->1
04.06.2019 21:25:37.681 [00001cd8] --- Schedules STOP
04.06.2019 21:25:37.681 [00001cd8] --- Schedules STOP
04.06.2019 21:25:37.697 [00001cd8] --- Autoruns 0
04.06.2019 21:25:37.697 [00001cd8] $$$ Immersive Display PRO v3.0.5 (01.01.2019)
04.06.2019 21:25:37.697 [00001cd8] $$$ 6:2 Microsoft Windows 8 Professional (build 9200), 64-bit 7(0) 8(1) 8.1(0) 10(0)
04.06.2019 21:25:40.664 [00001cd8] $$$ P64[00001d14] [RadeonSettings.exe][C:\Program Files\AMD\CNext\CNext\RadeonSettings.exe] started
04.06.2019 21:25:41.164 [00001cd8] $$$ P64[00001ca4] [cncmd.exe][C:\Program Files\AMD\CNext\CNext\cncmd.exe] started
04.06.2019 21:25:43.775 [00001cd8] $$$ P64[00001cc8] [MCEControl.exe][C:\Program Files (x86)\Kindel Systems\MCE Controller\MCEControl.exe] started
04.06.2019 21:25:53.339 [00001cd8] $$$ P64[000002c0] [dwm.exe][C:\WINDOWS\system32\dwm.exe] started
04.06.2019 21:25:53.344 [00001cd8] $$$ P32[00001c9c] [TeamViewer.exe][C:\Program Files (x86)\TeamViewer\TeamViewer.exe] started
04.06.2019 21:26:21.737 [00001cd8] $$$ P64[00001ce4] [RadeonSettings.exe][C:\Program Files\AMD\CNext\CNext\RadeonSettings.exe] started
04.06.2019 21:26:22.221 [00001cd8] $$$ P64[00001f40] [cncmd.exe][C:\Program Files\AMD\CNext\CNext\cncmd.exe] started
04.06.2019 21:26:22.705 [00001cd8] $$$ P64[00001f2c] [RadeonSettings.exe][C:\Program Files\AMD\CNext\CNext\RadeonSettings.exe] started
04.06.2019 21:26:52.462 [00001cd8] $$$ P64[00001f0c] [CLI.exe][C:\Program Files (x86)\AMD\CNext\CCCSlim\CLI.exe] started
04.06.2019 21:26:53.201 [00001cd8] $$$ P64[00001a34] [AUEPLauncher.exe][C:\Program Files\AMD\Performance Profile Client\AUEPLauncher.exe] started
04.06.2019 21:26:53.654 [00001cd8] $$$ P64[00001eb8] [AUEPMaster.exe][C:\Program Files\AMD\Performance Profile Client\AUEPMaster.exe] started
04.06.2019 21:26:53.966 [00001cd8] $$$ P64[00001e3c] [esrv_svc.exe][C:\Program Files\Intel\SUR\QUEENCREEK\x64\esrv_svc.exe] started
04.06.2019 21:26:54.808 [00001cd8] $$$ P32[000024c8] [GoogleUpdate.exe][C:\Program Files (x86)\Google\Update\GoogleUpdate.exe] started
04.06.2019 21:26:55.214 [00001cd8] $$$ P32[00002500] [GoogleUpdate.exe][C:\Program Files (x86)\Google\Update\GoogleUpdate.exe] started
04.06.2019 21:26:55.339 [00001cd8] $$$ P32[00002510] [jhi_service.exe][C:\Program Files (x86)\Intel\Intel(R) Management Engine Components\DAL\jhi_service.exe] started
04.06.2019 21:26:55.621 [00001cd8] $$$ P32[0000252c] [GoogleCrashHandler.exe][C:\Program Files (x86)\Google\Update\1.3.34.11\GoogleCrashHandler.exe] started
04.06.2019 21:26:55.636 [00001cd8] $$$ P64[00002534] [GoogleCrashHandler64.exe][C:\Program Files (x86)\Google\Update\1.3.34.11\GoogleCrashHandler64.exe] started
04.06.2019 21:26:55.902 [00001cd8] $$$ P32[00002554] [LMS.exe][C:\Program Files (x86)\Intel\Intel(R) Management Engine Components\LMS\LMS.exe] started
04.06.2019 21:27:00.390 [00001cd8] $$$ P64[00002658] [AUEPUF.exe][C:\Program Files\AMD\Performance Profile Client\AUEPUF.exe] started
04.06.2019 21:27:03.584 [00001cd8] $$$ P64[00002684] [CLI.exe][C:\Program Files (x86)\AMD\CNext\CCCSlim\CLI.exe] started
04.06.2019 21:27:08.080 [00001cd8] $$$ P64[00002714] [chrome.exe][C:\Program Files (x86)\Google\Chrome\Application\chrome.exe] started
04.06.2019 21:27:08.330 [00001cd8] $$$ P64[00002724] [chrome.exe][C:\Program Files (x86)\Google\Chrome\Application\chrome.exe] started
04.06.2019 21:27:08.626 [00001cd8] $$$ P64[0000274c] [chrome.exe][C:\Program Files (x86)\Google\Chrome\Application\chrome.exe] started
04.06.2019 21:27:08.680 [00001cd8] $$$ P64[000027cc] [chrome.exe][C:\Program Files (x86)\Google\Chrome\Application\chrome.exe] started
04.06.2019 21:27:22.733 [00001cd8] $$$ P64[00002a40] [CLI.exe][C:\Program Files (x86)\AMD\CNext\CCCSlim\CLI.exe] started
04.06.2019 21:27:53.424 [00001cd8] $$$ P32[000026ac] [IntelSoftwareAssetManagerService.exe][C:\Program Files\Intel\SUR\QUEENCREEK\Updater\bin\IntelSoftwareAssetManagerService.exe] started
04.06.2019 21:27:55.159 [00001cd8] $$$ P32[00002944] [wmiprvse.exe][C:\WINDOWS\sysWOW64\wbem\wmiprvse.exe] started
04.06.2019 21:27:58.060 [00001cd8] --- Run all autoruns
04.06.2019 21:28:00.967 [00001cd8] --- onToggleDesktopWarp isDWMAvailable=1
04.06.2019 21:28:00.967 [00001cd8] --- onToggleDesktopWarp TOGGLED
04.06.2019 21:28:16.098 [00001cd8] --- Loaded Displays[0] \\.\DISPLAY1 Generic PnP Monitor L=0 T=0 R=3840 B=1200 loadedDisplaysWithPositionAndSize=1
04.06.2019 21:28:16.098 [00001cd8] ??? checkLoadedDisplayConfiguration Loaded Display[0][\\.\DISPLAY1] L=0 T=0 R=3840 B=1200 not in enumerated
04.06.2019 21:28:16.098 [00001cd8] --- Displays loaded
04.06.2019 21:28:16.098 [00001cd8] --- Displays[0] M[00010003] HDC[9f0108c0] GDC[2c01092d] L=1920 T=0 R=3840 B=1200 RECT[1920,0 1920x1200] N[\\.\DISPLAY1] M[Generic PnP Monitor] F[0] PROJ[0x0] MAPS[0]
04.06.2019 21:28:16.098 [00001cd8] ---    Grouping G[0] N[0] GD[]
04.06.2019 21:28:16.098 [00001cd8] --- Displays[1] M[00010001] HDC[49010d05] GDC[5d010cb5] L=0 T=0 R=1920 B=1200 RECT[0,0 1920x1200] N[\\.\DISPLAY2] M[Generic PnP Monitor] F[1] PROJ[0x0] MAPS[0]
04.06.2019 21:28:16.098 [00001cd8] ---    Grouping G[0] N[0] GD[]
04.06.2019 21:28:16.098 [00001cd8] --- Model:Config file C:\WARP000\config\20190509.dat loaded
04.06.2019 21:28:16.098 [00001cd8] --- Model:Config file LCC[5]
04.06.2019 21:28:16.098 [00001cd8] --- Model:Config file CC[6]
04.06.2019 21:28:16.098 [00001cd8] --- Sets manager loadAsConfig[C:\WARP000\config\20190509.dat]->1
04.06.2019 21:28:27.429 [00001cd8] $$$ P64[000027c8] [CLI.exe][C:\Program Files (x86)\AMD\CNext\CCCSlim\CLI.exe] started
04.06.2019 21:28:37.617 [00001cd8] !!! onWindowsSessionEnded 0
