04.06.2019 15:47:09.584 [00002490] --- App --- Immersive Display PRO v3.0.5 (01.01.2019)
04.06.2019 15:47:09.584 [00002490] --- OS 6:2 Microsoft Windows 8 Professional (build 9200), 64-bit 7(0) 8(1) 8.1(0) 10(0)
04.06.2019 15:47:09.584 [00002490] --- Process64 C:\Program Files (x86)\Google\Chrome\Application\chrome.exe
04.06.2019 15:47:09.584 [00002490] --- CmdLine ["C:\Program Files (x86)\Google\Chrome\Application\chrome.exe" http://192.168.2.100:8080/boch/private.html --incognito ]
04.06.2019 15:47:09.584 [00002490] --- Enumerating displays ...
04.06.2019 15:47:09.585 [00002490] --- Device N[\\.\DISPLAY1] S[Radeon RX 580 Series] M[Generic PnP Monitor] F[desktop primary ]
04.06.2019 15:47:09.586 [00002490] --- Device N[\\.\DISPLAY2] S[Radeon RX 580 Series] M[] F[]
04.06.2019 15:47:09.586 [00002490] --- Device N[\\.\DISPLAY3] S[Radeon RX 580 Series] M[] F[]
04.06.2019 15:47:09.587 [00002490] --- Device N[\\.\DISPLAY4] S[Radeon RX 580 Series] M[] F[]
04.06.2019 15:47:09.587 [00002490] --- Device N[\\.\DISPLAY5] S[Radeon RX 580 Series] M[] F[]
04.06.2019 15:47:09.588 [00002490] --- Device N[\\.\DISPLAY6] S[Radeon RX 580 Series] M[] F[]
04.06.2019 15:47:09.588 [00002490] --- Device N[\\.\DISPLAY7] S[Radeon RX 580 Series] M[] F[]
04.06.2019 15:47:09.589 [00002490] --- Device N[\\.\DISPLAY8] S[Radeon RX 580 Series] M[] F[]
04.06.2019 15:47:09.589 [00002490] --- SM_CMONITORS         = 1
04.06.2019 15:47:09.589 [00002490] --- SM_SAMEDISPLAYFORMAT = 1
04.06.2019 15:47:09.589 [00002490] --- SM_XVIRTUALSCREEN    = 0
04.06.2019 15:47:09.589 [00002490] --- SM_YVIRTUALSCREEN    = 0
04.06.2019 15:47:09.589 [00002490] --- SM_CXVIRTUALSCREEN   = 3840
04.06.2019 15:47:09.589 [00002490] --- SM_CYVIRTUALSCREEN   = 1200
04.06.2019 15:47:09.589 [00002490] --- SM_CXCURSOR          = 32
04.06.2019 15:47:09.591 [00002490] --- [\\.\DISPLAY1] [Radeon RX 580 Series] [MONITOR\ADVEF2D\{4d36e96e-e325-11ce-bfc1-08002be10318}\0013] [Generic PnP Monitor]
04.06.2019 15:47:09.592 [00002490] --- Enumerated 1 displays
04.06.2019 15:47:09.592 [00002490] --- Displays initialized
04.06.2019 15:47:09.592 [00002490] --- Displays[0] M[00010001] HDC[0d010b92] GDC[43010be7] L=0 T=0 R=3840 B=1200 RECT[0,0 3840x1200] N[\\.\DISPLAY1] M[Generic PnP Monitor] F[1] PROJ[2x1] MAPS[2]
04.06.2019 15:47:09.592 [00002490] ---    Grouping G[0] N[0] GD[]
04.06.2019 15:47:09.592 [00002490] --- ---
04.06.2019 15:47:09.592 [00002490] --- i1:Executable chrome.exe is excluded DX9
04.06.2019 15:47:09.592 [00002490] --- DXGI dll=a1720000
04.06.2019 15:47:09.620 [00002490] --- DirectX DXGI API CreateDXGIFactory detected 1
04.06.2019 15:47:09.646 [00002490] --- DirectX DXGI API CreateDXGIFactory1 detected 1
04.06.2019 15:47:09.673 [00002490] --- DirectX DXGI API CreateDXGIFactory2 detected 1
04.06.2019 15:47:09.673 [00002490] --- DirectX DXGI API detected
04.06.2019 15:47:09.674 [00002490] --- DirectX D3D12 API detected hd3d12=9a880000
04.06.2019 15:47:09.700 [00002490] --- DirectX D3D12 API detected 1
04.06.2019 15:47:09.700 [00002490] --- i2: InterfaceProc1
04.06.2019 15:47:09.700 [00002490] --- interfaceFunc1 [\\.\DISPLAY1] totalMaps=2
04.06.2019 15:47:09.700 [00002490] --- i3:Executable chrome.exe is excluded OGL
