04.06.2019 21:17:03.958 [00001a3c] --- App --- Immersive Display PRO v3.0.5 (01.01.2019)
04.06.2019 21:17:03.958 [00001a3c] --- OS 6:2 Microsoft Windows 8 Professional (build 9200), 64-bit 7(0) 8(1) 8.1(0) 10(0)
04.06.2019 21:17:03.958 [00001a3c] --- Process64 C:\Program Files\Common Files\microsoft shared\ink\TabTip.exe
04.06.2019 21:17:03.958 [00001a3c] --- CmdLine [/QuitInfo:0000000000000204;0000000000000200;  ]
04.06.2019 21:17:03.958 [00001a3c] --- Enumerating displays ...
04.06.2019 21:17:03.959 [00001a3c] --- Device N[\\.\DISPLAY10] S[Radeon RX 580 Series] M[Generic PnP Monitor] F[desktop ]
04.06.2019 21:17:03.960 [00001a3c] --- Device N[\\.\DISPLAY11] S[Radeon RX 580 Series] M[Generic PnP Monitor] F[desktop primary ]
04.06.2019 21:17:03.961 [00001a3c] --- Device N[\\.\DISPLAY12] S[Radeon RX 580 Series] M[] F[]
04.06.2019 21:17:03.962 [00001a3c] --- Device N[\\.\DISPLAY13] S[Radeon RX 580 Series] M[] F[]
04.06.2019 21:17:03.963 [00001a3c] --- Device N[\\.\DISPLAY14] S[Radeon RX 580 Series] M[] F[]
04.06.2019 21:17:03.964 [00001a3c] --- Device N[\\.\DISPLAY15] S[Radeon RX 580 Series] M[] F[]
04.06.2019 21:17:03.964 [00001a3c] --- SM_CMONITORS         = 2
04.06.2019 21:17:03.964 [00001a3c] --- SM_SAMEDISPLAYFORMAT = 1
04.06.2019 21:17:03.964 [00001a3c] --- SM_XVIRTUALSCREEN    = 0
04.06.2019 21:17:03.964 [00001a3c] --- SM_YVIRTUALSCREEN    = 0
04.06.2019 21:17:03.964 [00001a3c] --- SM_CXVIRTUALSCREEN   = 3840
04.06.2019 21:17:03.964 [00001a3c] --- SM_CYVIRTUALSCREEN   = 1200
04.06.2019 21:17:03.964 [00001a3c] --- SM_CXCURSOR          = 32
04.06.2019 21:17:03.964 [00001a3c] ??? No displays enumerated. Retry later
04.06.2019 21:17:03.964 [00001a3c] --- hookD3D9
04.06.2019 21:17:03.965 [00001a3c] --- DirectX9 dll=72ce0000
04.06.2019 21:17:04.007 [00001a3c] --- DirectX9 API detected
04.06.2019 21:17:04.008 [00001a3c] --- DirectX9Ex API detected
04.06.2019 21:17:04.008 [00001a3c] --- i1: InterfaceProc1
04.06.2019 21:17:04.008 [00001a3c] --- DXGI dll=a1720000
04.06.2019 21:17:04.030 [00001a3c] --- DirectX DXGI API CreateDXGIFactory detected 1
04.06.2019 21:17:04.052 [00001a3c] --- DirectX DXGI API CreateDXGIFactory1 detected 1
04.06.2019 21:17:04.074 [00001a3c] --- DirectX DXGI API CreateDXGIFactory2 detected 1
04.06.2019 21:17:04.074 [00001a3c] --- DirectX DXGI API detected
04.06.2019 21:17:04.075 [00001a3c] --- DirectX D3D12 API detected hd3d12=9a880000
04.06.2019 21:17:04.096 [00001a3c] --- DirectX D3D12 API detected 1
04.06.2019 21:17:04.096 [00001a3c] --- hookOpenGL
04.06.2019 21:17:04.250 [00001a3c] --- OpenGL API detected
04.06.2019 21:17:04.315 [00001a3c] --- PROCESS DETACH
