05.06.2019 08:35:21.901 [0000150c] ??? OSM handle == NULL error=2
05.06.2019 08:35:21.901 [0000150c] ^^^ SC trying session1
--- [2]
05.06.2019 08:35:21.902 [0000150c] --- App --- Immersive Display PRO v3.0.5 (01.01.2019)
05.06.2019 08:35:21.902 [0000150c] --- OS 6:2 Microsoft Windows 8 Professional (build 9200), 64-bit 7(0) 8(1) 8.1(0) 10(0)
05.06.2019 08:35:21.902 [0000150c] --- Process32 C:\Program Files (x86)\Google\Update\GoogleUpdate.exe
05.06.2019 08:35:21.902 [0000150c] --- CmdLine ["C:\Program Files (x86)\Google\Update\GoogleUpdate.exe" /c]
05.06.2019 08:35:21.902 [0000150c] --- Enumerating displays ...
05.06.2019 08:35:21.902 [0000150c] --- SM_CMONITORS         = 1
05.06.2019 08:35:21.902 [0000150c] --- SM_SAMEDISPLAYFORMAT = 1
05.06.2019 08:35:21.902 [0000150c] --- SM_XVIRTUALSCREEN    = 0
05.06.2019 08:35:21.902 [0000150c] --- SM_YVIRTUALSCREEN    = 0
05.06.2019 08:35:21.902 [0000150c] --- SM_CXVIRTUALSCREEN   = 1024
05.06.2019 08:35:21.902 [0000150c] --- SM_CYVIRTUALSCREEN   = 768
05.06.2019 08:35:21.902 [0000150c] --- SM_CXCURSOR          = 32
05.06.2019 08:35:21.902 [0000150c] ??? No displays enumerated. Retry later
05.06.2019 08:35:21.902 [0000150c] --- hookD3D9
05.06.2019 08:35:21.903 [0000150c] --- DirectX9 dll=717f0000
05.06.2019 08:35:21.930 [0000150c] --- DirectX9 API detected
05.06.2019 08:35:21.930 [0000150c] --- DirectX9Ex API detected
05.06.2019 08:35:21.930 [0000150c] --- i1: InterfaceProc1
05.06.2019 08:35:21.930 [0000150c] --- DXGI dll=72790000
05.06.2019 08:35:21.943 [0000150c] --- DirectX DXGI API CreateDXGIFactory detected 1
05.06.2019 08:35:21.956 [0000150c] --- DirectX DXGI API CreateDXGIFactory1 detected 1
05.06.2019 08:35:21.969 [0000150c] --- DirectX DXGI API CreateDXGIFactory2 detected 1
05.06.2019 08:35:21.969 [0000150c] --- DirectX DXGI API detected
05.06.2019 08:35:21.970 [0000150c] --- DirectX D3D12 API detected hd3d12=72590000
05.06.2019 08:35:21.983 [0000150c] --- DirectX D3D12 API detected 1
05.06.2019 08:35:21.983 [0000150c] --- hookOpenGL
05.06.2019 08:35:22.096 [0000150c] --- OpenGL API detected
05.06.2019 08:49:42.940 [0000150c] --- PROCESS DETACH
