04.06.2019 21:50:10.694 [00001f4c] --- App --- Immersive Display PRO v3.0.5 (01.01.2019)
04.06.2019 21:50:10.694 [00001f4c] --- OS 6:2 Microsoft Windows 8 Professional (build 9200), 64-bit 7(0) 8(1) 8.1(0) 10(0)
04.06.2019 21:50:10.694 [00001f4c] --- Process64 C:\Users\own\scoop\apps\git\2.21.0.windows.1\mingw64\libexec\git-core\git.exe
04.06.2019 21:50:10.694 [00001f4c] --- CmdLine [git remote-https origin https://github.com/amoujhang/boch-wall.git]
04.06.2019 21:50:10.694 [00001f4c] --- Enumerating displays ...
04.06.2019 21:50:10.694 [00001f4c] --- Device N[\\.\DISPLAY1] S[Radeon RX 580 Series] M[Generic PnP Monitor] F[desktop primary ]
04.06.2019 21:50:10.694 [00001f4c] --- Device N[\\.\DISPLAY2] S[Radeon RX 580 Series] M[] F[]
04.06.2019 21:50:10.694 [00001f4c] --- Device N[\\.\DISPLAY3] S[Radeon RX 580 Series] M[] F[]
04.06.2019 21:50:10.694 [00001f4c] --- Device N[\\.\DISPLAY4] S[Radeon RX 580 Series] M[] F[]
04.06.2019 21:50:10.694 [00001f4c] --- Device N[\\.\DISPLAY5] S[Radeon RX 580 Series] M[] F[]
04.06.2019 21:50:10.694 [00001f4c] --- Device N[\\.\DISPLAY6] S[Radeon RX 580 Series] M[] F[]
04.06.2019 21:50:10.710 [00001f4c] --- Device N[\\.\DISPLAY7] S[Radeon RX 580 Series] M[] F[]
04.06.2019 21:50:10.710 [00001f4c] --- Device N[\\.\DISPLAY8] S[Radeon RX 580 Series] M[] F[]
04.06.2019 21:50:10.710 [00001f4c] --- SM_CMONITORS         = 1
04.06.2019 21:50:10.710 [00001f4c] --- SM_SAMEDISPLAYFORMAT = 1
04.06.2019 21:50:10.710 [00001f4c] --- SM_XVIRTUALSCREEN    = 0
04.06.2019 21:50:10.710 [00001f4c] --- SM_YVIRTUALSCREEN    = 0
04.06.2019 21:50:10.710 [00001f4c] --- SM_CXVIRTUALSCREEN   = 1920
04.06.2019 21:50:10.710 [00001f4c] --- SM_CYVIRTUALSCREEN   = 1200
04.06.2019 21:50:10.710 [00001f4c] --- SM_CXCURSOR          = 32
04.06.2019 21:50:10.710 [00001f4c] --- [\\.\DISPLAY1] [Radeon RX 580 Series] [MONITOR\SECA70B\{4d36e96e-e325-11ce-bfc1-08002be10318}\0016] [Generic PnP Monitor]
04.06.2019 21:50:10.710 [00001f4c] --- Enumerated 1 displays
04.06.2019 21:50:10.710 [00001f4c] --- Displays initialized
04.06.2019 21:50:10.710 [00001f4c] --- Displays[0] M[00010001] HDC[15010be1] GDC[32010980] L=0 T=0 R=1920 B=1200 RECT[0,0 1920x1200] N[\\.\DISPLAY1] M[Generic PnP Monitor] F[1] PROJ[0x0] MAPS[0]
04.06.2019 21:50:10.710 [00001f4c] ---    Grouping G[0] N[0] GD[]
04.06.2019 21:50:10.710 [00001f4c] --- ---
04.06.2019 21:50:10.710 [00001f4c] --- hookD3D9
04.06.2019 21:50:10.710 [00001f4c] --- DirectX9 dll=82790000
04.06.2019 21:50:10.757 [00001f4c] --- DirectX9 API detected
04.06.2019 21:50:10.757 [00001f4c] --- DirectX9Ex API detected
04.06.2019 21:50:10.757 [00001f4c] --- i1: InterfaceProc1
04.06.2019 21:50:10.757 [00001f4c] --- DXGI dll=b1270000
04.06.2019 21:50:10.773 [00001f4c] --- DirectX DXGI API CreateDXGIFactory detected 1
04.06.2019 21:50:10.788 [00001f4c] --- DirectX DXGI API CreateDXGIFactory1 detected 1
04.06.2019 21:50:10.819 [00001f4c] --- DirectX DXGI API CreateDXGIFactory2 detected 1
04.06.2019 21:50:10.819 [00001f4c] --- DirectX DXGI API detected
04.06.2019 21:50:10.819 [00001f4c] --- DirectX D3D12 API detected hd3d12=aa8c0000
04.06.2019 21:50:10.835 [00001f4c] --- DirectX D3D12 API detected 1
04.06.2019 21:50:10.835 [00001f4c] --- hookOpenGL
04.06.2019 21:50:10.991 [00001f4c] --- OpenGL API detected
04.06.2019 21:50:15.062 [00001f4c] --- PROCESS DETACH
