05.06.2019 11:37:26.701 [00001c0c] ??? OSM handle == NULL error=2
05.06.2019 11:37:26.701 [00001c0c] ^^^ SC trying session1
--- [2]
05.06.2019 11:37:26.702 [00001c0c] --- App --- Immersive Display PRO v3.0.5 (01.01.2019)
05.06.2019 11:37:26.702 [00001c0c] --- OS 6:2 Microsoft Windows 8 Professional (build 9200), 64-bit 7(0) 8(1) 8.1(0) 10(0)
05.06.2019 11:37:26.702 [00001c0c] --- Process32 C:\Program Files (x86)\Google\Update\GoogleUpdate.exe
05.06.2019 11:37:26.702 [00001c0c] --- CmdLine ["C:\Program Files (x86)\Google\Update\GoogleUpdate.exe" /svc]
05.06.2019 11:37:26.702 [00001c0c] --- Enumerating displays ...
05.06.2019 11:37:26.702 [00001c0c] --- SM_CMONITORS         = 1
05.06.2019 11:37:26.702 [00001c0c] --- SM_SAMEDISPLAYFORMAT = 1
05.06.2019 11:37:26.702 [00001c0c] --- SM_XVIRTUALSCREEN    = 0
05.06.2019 11:37:26.702 [00001c0c] --- SM_YVIRTUALSCREEN    = 0
05.06.2019 11:37:26.702 [00001c0c] --- SM_CXVIRTUALSCREEN   = 1024
05.06.2019 11:37:26.702 [00001c0c] --- SM_CYVIRTUALSCREEN   = 768
05.06.2019 11:37:26.702 [00001c0c] --- SM_CXCURSOR          = 32
05.06.2019 11:37:26.702 [00001c0c] ??? No displays enumerated. Retry later
05.06.2019 11:37:26.702 [00001c0c] --- hookD3D9
05.06.2019 11:37:26.703 [00001c0c] --- DirectX9 dll=70ba0000
05.06.2019 11:37:26.739 [00001c0c] --- DirectX9 API detected
05.06.2019 11:37:26.739 [00001c0c] --- DirectX9Ex API detected
05.06.2019 11:37:26.739 [00001c0c] --- i1: InterfaceProc1
05.06.2019 11:37:26.740 [00001c0c] --- DXGI dll=71bd0000
05.06.2019 11:37:26.758 [00001c0c] --- DirectX DXGI API CreateDXGIFactory detected 1
05.06.2019 11:37:26.776 [00001c0c] --- DirectX DXGI API CreateDXGIFactory1 detected 1
05.06.2019 11:37:26.794 [00001c0c] --- DirectX DXGI API CreateDXGIFactory2 detected 1
05.06.2019 11:37:26.794 [00001c0c] --- DirectX DXGI API detected
05.06.2019 11:37:26.794 [00001c0c] --- DirectX D3D12 API detected hd3d12=02af0000
05.06.2019 11:37:26.812 [00001c0c] --- DirectX D3D12 API detected 1
05.06.2019 11:37:26.812 [00001c0c] --- hookOpenGL
05.06.2019 11:37:26.959 [00001c0c] --- OpenGL API detected
05.06.2019 11:37:27.050 [00001c0c] --- PROCESS DETACH
