05.06.2019 10:57:04.644 [00001240] ??? OSM handle == NULL error=2
05.06.2019 10:57:04.644 [00001240] ^^^ SC trying session1
--- [2]
05.06.2019 10:57:04.644 [00001240] --- App --- Immersive Display PRO v3.0.5 (01.01.2019)
05.06.2019 10:57:04.644 [00001240] --- OS 6:2 Microsoft Windows 8 Professional (build 9200), 64-bit 7(0) 8(1) 8.1(0) 10(0)
05.06.2019 10:57:04.644 [00001240] --- Process64 C:\Program Files\AMD\Performance Profile Client\AUEPMaster.exe
05.06.2019 10:57:04.644 [00001240] --- CmdLine [AUEPMaster.exe]
05.06.2019 10:57:04.644 [00001240] --- Enumerating displays ...
05.06.2019 10:57:04.644 [00001240] --- SM_CMONITORS         = 1
05.06.2019 10:57:04.644 [00001240] --- SM_SAMEDISPLAYFORMAT = 1
05.06.2019 10:57:04.644 [00001240] --- SM_XVIRTUALSCREEN    = 0
05.06.2019 10:57:04.644 [00001240] --- SM_YVIRTUALSCREEN    = 0
05.06.2019 10:57:04.644 [00001240] --- SM_CXVIRTUALSCREEN   = 1024
05.06.2019 10:57:04.644 [00001240] --- SM_CYVIRTUALSCREEN   = 768
05.06.2019 10:57:04.644 [00001240] --- SM_CXCURSOR          = 32
05.06.2019 10:57:04.644 [00001240] ??? No displays enumerated. Retry later
05.06.2019 10:57:04.644 [00001240] --- hookD3D9
05.06.2019 10:57:04.644 [00001240] --- DirectX9 dll=a5ef0000
05.06.2019 10:57:04.690 [00001240] --- DirectX9 API detected
05.06.2019 10:57:04.690 [00001240] --- DirectX9Ex API detected
05.06.2019 10:57:04.690 [00001240] --- i1: InterfaceProc1
05.06.2019 10:57:04.690 [00001240] --- DXGI dll=d3330000
05.06.2019 10:57:04.706 [00001240] --- DirectX DXGI API CreateDXGIFactory detected 1
05.06.2019 10:57:04.722 [00001240] --- DirectX DXGI API CreateDXGIFactory1 detected 1
05.06.2019 10:57:04.737 [00001240] --- DirectX DXGI API CreateDXGIFactory2 detected 1
05.06.2019 10:57:04.737 [00001240] --- DirectX DXGI API detected
05.06.2019 10:57:04.737 [00001240] --- DirectX D3D12 API detected hd3d12=cc750000
05.06.2019 10:57:04.753 [00001240] --- DirectX D3D12 API detected 1
05.06.2019 10:57:04.753 [00001240] --- hookOpenGL
05.06.2019 10:57:04.878 [00001240] --- OpenGL API detected
05.06.2019 11:09:44.002 [00001cec] --- PROCESS DETACH
