04.06.2019 21:23:08.733 [00000738] ??? OSM handle == NULL error=2
04.06.2019 21:23:08.733 [00000738] ^^^ SC trying session1
--- [2]
04.06.2019 21:23:08.733 [00000738] --- App --- Immersive Display PRO v3.0.5 (01.01.2019)
04.06.2019 21:23:08.733 [00000738] --- OS 6:2 Microsoft Windows 8 Professional (build 9200), 64-bit 7(0) 8(1) 8.1(0) 10(0)
04.06.2019 21:23:08.733 [00000738] --- Process32 C:\WINDOWS\syswow64\WOWReg32.exe
04.06.2019 21:23:08.733 [00000738] --- CmdLine ["C:\WINDOWS\syswow64\WOWReg32.exe" /RegionName {7aaeb57e-652d-4940-b87b-12525b4150b0} /SignalReady {57ac50c3-bb28-4490-822b-a14b5eb9c97f} /SignalComplete {0be24c0f-3423-4b6b-b0e6-a771a6e4b16f}]
04.06.2019 21:23:08.734 [00000738] --- Enumerating displays ...
04.06.2019 21:23:08.734 [00000738] --- SM_CMONITORS         = 1
04.06.2019 21:23:08.734 [00000738] --- SM_SAMEDISPLAYFORMAT = 1
04.06.2019 21:23:08.734 [00000738] --- SM_XVIRTUALSCREEN    = 0
04.06.2019 21:23:08.734 [00000738] --- SM_YVIRTUALSCREEN    = 0
04.06.2019 21:23:08.734 [00000738] --- SM_CXVIRTUALSCREEN   = 1024
04.06.2019 21:23:08.734 [00000738] --- SM_CYVIRTUALSCREEN   = 768
04.06.2019 21:23:08.734 [00000738] --- SM_CXCURSOR          = 32
04.06.2019 21:23:08.734 [00000738] ??? No displays enumerated. Retry later
04.06.2019 21:23:08.734 [00000738] --- hookD3D9
04.06.2019 21:23:08.735 [00000738] --- DirectX9 dll=04440000
04.06.2019 21:23:08.777 [00000738] --- DirectX9 API detected
04.06.2019 21:23:08.777 [00000738] --- DirectX9Ex API detected
04.06.2019 21:23:08.777 [00000738] --- i1: InterfaceProc1
04.06.2019 21:23:08.778 [00000738] --- DXGI dll=72680000
04.06.2019 21:23:08.798 [00000738] --- DirectX DXGI API CreateDXGIFactory detected 1
04.06.2019 21:23:08.818 [00000738] --- DirectX DXGI API CreateDXGIFactory1 detected 1
04.06.2019 21:23:08.839 [00000738] --- DirectX DXGI API CreateDXGIFactory2 detected 1
04.06.2019 21:23:08.839 [00000738] --- DirectX DXGI API detected
04.06.2019 21:23:08.839 [00000738] --- DirectX D3D12 API detected hd3d12=723f0000
04.06.2019 21:23:08.860 [00000738] --- DirectX D3D12 API detected 1
04.06.2019 21:23:08.860 [00000738] --- hookOpenGL
04.06.2019 21:23:09.025 [00000738] --- OpenGL API detected
