04.06.2019 13:45:52.981 [00001a64] ??? OSM handle == NULL error=2
04.06.2019 13:45:52.981 [00001a64] ^^^ SC trying session1
--- [2]
04.06.2019 13:45:52.981 [00001a64] --- App --- Immersive Display PRO v3.0.5 (01.01.2019)
04.06.2019 13:45:52.981 [00001a64] --- OS 6:2 Microsoft Windows 8 Professional (build 9200), 64-bit 7(0) 8(1) 8.1(0) 10(0)
04.06.2019 13:45:52.981 [00001a64] --- Process64 C:\Program Files (x86)\Google\Update\1.3.34.11\GoogleCrashHandler64.exe
04.06.2019 13:45:52.981 [00001a64] --- CmdLine ["C:\Program Files (x86)\Google\Update\1.3.34.11\GoogleCrashHandler64.exe"]
04.06.2019 13:45:52.981 [00001a64] --- Enumerating displays ...
04.06.2019 13:45:52.982 [00001a64] --- SM_CMONITORS         = 1
04.06.2019 13:45:52.982 [00001a64] --- SM_SAMEDISPLAYFORMAT = 1
04.06.2019 13:45:52.982 [00001a64] --- SM_XVIRTUALSCREEN    = 0
04.06.2019 13:45:52.982 [00001a64] --- SM_YVIRTUALSCREEN    = 0
04.06.2019 13:45:52.982 [00001a64] --- SM_CXVIRTUALSCREEN   = 1024
04.06.2019 13:45:52.982 [00001a64] --- SM_CYVIRTUALSCREEN   = 768
04.06.2019 13:45:52.982 [00001a64] --- SM_CXCURSOR          = 32
04.06.2019 13:45:52.982 [00001a64] ??? No displays enumerated. Retry later
04.06.2019 13:45:52.982 [00001a64] --- hookD3D9
04.06.2019 13:45:52.983 [00001a64] --- DirectX9 dll=56cb0000
04.06.2019 13:45:53.023 [00001a64] --- DirectX9 API detected
04.06.2019 13:45:53.023 [00001a64] --- DirectX9Ex API detected
04.06.2019 13:45:53.024 [00001a64] --- i1: InterfaceProc1
04.06.2019 13:45:53.024 [00001a64] --- DXGI dll=7ce30000
04.06.2019 13:45:53.044 [00001a64] --- DirectX DXGI API CreateDXGIFactory detected 1
04.06.2019 13:45:53.064 [00001a64] --- DirectX DXGI API CreateDXGIFactory1 detected 1
04.06.2019 13:45:53.086 [00001a64] --- DirectX DXGI API CreateDXGIFactory2 detected 1
04.06.2019 13:45:53.099 [00001a64] --- DirectX DXGI API detected
04.06.2019 13:45:53.099 [00001a64] --- DirectX D3D12 API detected hd3d12=75c40000
04.06.2019 13:45:53.120 [00001a64] --- DirectX D3D12 API detected 1
04.06.2019 13:45:53.120 [00001a64] --- hookOpenGL
04.06.2019 13:45:53.264 [00001a64] --- OpenGL API detected
04.06.2019 13:45:53.317 [00001a64] --- PROCESS DETACH
