04.06.2019 15:49:04.269 [000022c0] ??? OSM handle == NULL error=2
04.06.2019 15:49:04.269 [000022c0] ^^^ SC trying session1
--- [2]
04.06.2019 15:49:04.269 [000022c0] --- App --- Immersive Display PRO v3.0.5 (01.01.2019)
04.06.2019 15:49:04.269 [000022c0] --- OS 6:2 Microsoft Windows 8 Professional (build 9200), 64-bit 7(0) 8(1) 8.1(0) 10(0)
04.06.2019 15:49:04.269 [000022c0] --- Process64 C:\ProgramData\Microsoft\Windows Defender\platform\4.18.1905.4-0\MpCmdRun.exe
04.06.2019 15:49:04.269 [000022c0] --- CmdLine ["C:\ProgramData\Microsoft\Windows Defender\platform\4.18.1905.4-0\MpCmdRun.exe" SignaturesUpdateService -ScheduleJob -UnmanagedUpdate]
04.06.2019 15:49:04.269 [000022c0] --- Enumerating displays ...
04.06.2019 15:49:04.269 [000022c0] --- SM_CMONITORS         = 1
04.06.2019 15:49:04.270 [000022c0] --- SM_SAMEDISPLAYFORMAT = 1
04.06.2019 15:49:04.270 [000022c0] --- SM_XVIRTUALSCREEN    = 0
04.06.2019 15:49:04.270 [000022c0] --- SM_YVIRTUALSCREEN    = 0
04.06.2019 15:49:04.270 [000022c0] --- SM_CXVIRTUALSCREEN   = 1024
04.06.2019 15:49:04.270 [000022c0] --- SM_CYVIRTUALSCREEN   = 768
04.06.2019 15:49:04.270 [000022c0] --- SM_CXCURSOR          = 32
04.06.2019 15:49:04.270 [000022c0] ??? No displays enumerated. Retry later
04.06.2019 15:49:04.270 [000022c0] --- hookD3D9
04.06.2019 15:49:04.270 [000022c0] --- DirectX9 dll=72ce0000
04.06.2019 15:49:04.311 [000022c0] --- DirectX9 API detected
04.06.2019 15:49:04.311 [000022c0] --- DirectX9Ex API detected
04.06.2019 15:49:04.311 [000022c0] --- i1: InterfaceProc1
04.06.2019 15:49:04.311 [000022c0] --- DXGI dll=a1720000
04.06.2019 15:49:04.330 [000022c0] --- DirectX DXGI API CreateDXGIFactory detected 1
04.06.2019 15:49:04.351 [000022c0] --- DirectX DXGI API CreateDXGIFactory1 detected 1
04.06.2019 15:49:04.370 [000022c0] --- DirectX DXGI API CreateDXGIFactory2 detected 1
04.06.2019 15:49:04.370 [000022c0] --- DirectX DXGI API detected
04.06.2019 15:49:04.370 [000022c0] --- DirectX D3D12 API detected hd3d12=9a880000
04.06.2019 15:49:04.391 [000022c0] --- DirectX D3D12 API detected 1
04.06.2019 15:49:04.391 [000022c0] --- hookOpenGL
04.06.2019 15:49:04.529 [000022c0] --- OpenGL API detected
04.06.2019 15:56:01.379 [000022c0] --- PROCESS DETACH
