04.06.2019 21:27:08.064 [00002718] --- App --- Immersive Display PRO v3.0.5 (01.01.2019)
04.06.2019 21:27:08.064 [00002718] --- OS 6:2 Microsoft Windows 8 Professional (build 9200), 64-bit 7(0) 8(1) 8.1(0) 10(0)
04.06.2019 21:27:08.064 [00002718] --- Process64 C:\Program Files (x86)\Google\Chrome\Application\chrome.exe
04.06.2019 21:27:08.064 [00002718] --- CmdLine ["C:\Program Files (x86)\Google\Chrome\Application\chrome.exe" -- "http://www.amd.com/radeonsoftware-static"]
04.06.2019 21:27:08.064 [00002718] --- Enumerating displays ...
04.06.2019 21:27:08.064 [00002718] --- Device N[\\.\DISPLAY1] S[Radeon RX 580 Series] M[] F[]
04.06.2019 21:27:08.064 [00002718] --- Device N[\\.\DISPLAY2] S[Radeon RX 580 Series] M[Generic PnP Monitor] F[desktop primary ]
04.06.2019 21:27:08.064 [00002718] --- Device N[\\.\DISPLAY3] S[Radeon RX 580 Series] M[] F[]
04.06.2019 21:27:08.064 [00002718] --- Device N[\\.\DISPLAY4] S[Radeon RX 580 Series] M[] F[]
04.06.2019 21:27:08.064 [00002718] --- Device N[\\.\DISPLAY5] S[Radeon RX 580 Series] M[] F[]
04.06.2019 21:27:08.080 [00002718] --- Device N[\\.\DISPLAY6] S[Radeon RX 580 Series] M[] F[]
04.06.2019 21:27:08.080 [00002718] --- Device N[\\.\DISPLAY7] S[Radeon RX 580 Series] M[] F[]
04.06.2019 21:27:08.080 [00002718] --- Device N[\\.\DISPLAY8] S[Radeon RX 580 Series] M[] F[]
04.06.2019 21:27:08.080 [00002718] --- SM_CMONITORS         = 1
04.06.2019 21:27:08.080 [00002718] --- SM_SAMEDISPLAYFORMAT = 1
04.06.2019 21:27:08.080 [00002718] --- SM_XVIRTUALSCREEN    = 0
04.06.2019 21:27:08.080 [00002718] --- SM_YVIRTUALSCREEN    = 0
04.06.2019 21:27:08.080 [00002718] --- SM_CXVIRTUALSCREEN   = 3840
04.06.2019 21:27:08.080 [00002718] --- SM_CYVIRTUALSCREEN   = 1200
04.06.2019 21:27:08.080 [00002718] --- SM_CXCURSOR          = 32
04.06.2019 21:27:08.080 [00002718] --- [\\.\DISPLAY2] [Radeon RX 580 Series] [MONITOR\ADVEF2D\{4d36e96e-e325-11ce-bfc1-08002be10318}\0017] [Generic PnP Monitor]
04.06.2019 21:27:08.080 [00002718] --- Enumerated 1 displays
04.06.2019 21:27:08.080 [00002718] --- Displays initialized
04.06.2019 21:27:08.080 [00002718] --- Displays[0] M[002a057b] HDC[92010e17] GDC[7f010f06] L=0 T=0 R=3840 B=1200 RECT[0,0 3840x1200] N[\\.\DISPLAY2] M[Generic PnP Monitor] F[1] PROJ[0x0] MAPS[0]
04.06.2019 21:27:08.080 [00002718] ---    Grouping G[0] N[0] GD[]
04.06.2019 21:27:08.080 [00002718] --- ---
04.06.2019 21:27:08.080 [00002718] --- i1:Executable chrome.exe is excluded DX9
04.06.2019 21:27:08.080 [00002718] --- DXGI dll=7a520000
04.06.2019 21:27:08.111 [00002718] --- DirectX DXGI API CreateDXGIFactory detected 1
04.06.2019 21:27:08.142 [00002718] --- DirectX DXGI API CreateDXGIFactory1 detected 1
04.06.2019 21:27:08.173 [00002718] --- DirectX DXGI API CreateDXGIFactory2 detected 1
04.06.2019 21:27:08.173 [00002718] --- DirectX DXGI API detected
04.06.2019 21:27:08.173 [00002718] --- DirectX D3D12 API detected hd3d12=73c90000
04.06.2019 21:27:08.205 [00002718] --- DirectX D3D12 API detected 1
04.06.2019 21:27:08.205 [00002718] --- i2: InterfaceProc1
04.06.2019 21:27:08.205 [00002718] --- i3:Executable chrome.exe is excluded OGL
04.06.2019 21:27:19.587 [00002718] --- PROCESS DETACH
