05.06.2019 11:37:27.186 [00001d14] ??? OSM handle == NULL error=2
05.06.2019 11:37:27.186 [00001d14] ^^^ SC trying session1
--- [2]
05.06.2019 11:37:27.186 [00001d14] --- App --- Immersive Display PRO v3.0.5 (01.01.2019)
05.06.2019 11:37:27.186 [00001d14] --- OS 6:2 Microsoft Windows 8 Professional (build 9200), 64-bit 7(0) 8(1) 8.1(0) 10(0)
05.06.2019 11:37:27.186 [00001d14] --- Process32 C:\Program Files (x86)\Intel\Intel(R) Management Engine Components\DAL\jhi_service.exe
05.06.2019 11:37:27.186 [00001d14] --- CmdLine ["C:\Program Files (x86)\Intel\Intel(R) Management Engine Components\DAL\jhi_service.exe"]
05.06.2019 11:37:27.187 [00001d14] --- Enumerating displays ...
05.06.2019 11:37:27.187 [00001d14] --- SM_CMONITORS         = 1
05.06.2019 11:37:27.187 [00001d14] --- SM_SAMEDISPLAYFORMAT = 1
05.06.2019 11:37:27.187 [00001d14] --- SM_XVIRTUALSCREEN    = 0
05.06.2019 11:37:27.187 [00001d14] --- SM_YVIRTUALSCREEN    = 0
05.06.2019 11:37:27.187 [00001d14] --- SM_CXVIRTUALSCREEN   = 1024
05.06.2019 11:37:27.187 [00001d14] --- SM_CYVIRTUALSCREEN   = 768
05.06.2019 11:37:27.187 [00001d14] --- SM_CXCURSOR          = 32
05.06.2019 11:37:27.187 [00001d14] ??? No displays enumerated. Retry later
05.06.2019 11:37:27.187 [00001d14] --- hookD3D9
05.06.2019 11:37:27.188 [00001d14] --- DirectX9 dll=70ba0000
05.06.2019 11:37:27.226 [00001d14] --- DirectX9 API detected
05.06.2019 11:37:27.226 [00001d14] --- DirectX9Ex API detected
05.06.2019 11:37:27.226 [00001d14] --- i1: InterfaceProc1
05.06.2019 11:37:27.226 [00001d14] --- DXGI dll=71bd0000
05.06.2019 11:37:27.245 [00001d14] --- DirectX DXGI API CreateDXGIFactory detected 1
05.06.2019 11:37:27.265 [00001d14] --- DirectX DXGI API CreateDXGIFactory1 detected 1
05.06.2019 11:37:27.284 [00001d14] --- DirectX DXGI API CreateDXGIFactory2 detected 1
05.06.2019 11:37:27.284 [00001d14] --- DirectX DXGI API detected
05.06.2019 11:37:27.284 [00001d14] --- DirectX D3D12 API detected hd3d12=025d0000
05.06.2019 11:37:27.304 [00001d14] --- DirectX D3D12 API detected 1
05.06.2019 11:37:27.304 [00001d14] --- hookOpenGL
05.06.2019 11:37:27.454 [00001d14] --- OpenGL API detected
