05.06.2019 11:35:45.664 [00001e2c] --- App --- Immersive Display PRO v3.0.5 (01.01.2019)
05.06.2019 11:35:45.664 [00001e2c] --- OS 6:2 Microsoft Windows 8 Professional (build 9200), 64-bit 7(0) 8(1) 8.1(0) 10(0)
05.06.2019 11:35:45.664 [00001e2c] --- Process64 C:\Users\own\scoop\apps\git\current\cmd\git.exe
05.06.2019 11:35:45.664 [00001e2c] --- CmdLine ["C:\Users\own\scoop\apps\git\current\cmd\git.exe"  pull]
05.06.2019 11:35:45.664 [00001e2c] --- Enumerating displays ...
05.06.2019 11:35:45.664 [00001e2c] --- Device N[\\.\DISPLAY1] S[Radeon RX 580 Series] M[Generic PnP Monitor] F[desktop primary ]
05.06.2019 11:35:45.664 [00001e2c] --- Device N[\\.\DISPLAY2] S[Radeon RX 580 Series] M[] F[]
05.06.2019 11:35:45.664 [00001e2c] --- Device N[\\.\DISPLAY3] S[Radeon RX 580 Series] M[] F[]
05.06.2019 11:35:45.664 [00001e2c] --- Device N[\\.\DISPLAY4] S[Radeon RX 580 Series] M[] F[]
05.06.2019 11:35:45.664 [00001e2c] --- Device N[\\.\DISPLAY5] S[Radeon RX 580 Series] M[] F[]
05.06.2019 11:35:45.664 [00001e2c] --- Device N[\\.\DISPLAY6] S[Radeon RX 580 Series] M[] F[]
05.06.2019 11:35:45.664 [00001e2c] --- Device N[\\.\DISPLAY7] S[Radeon RX 580 Series] M[] F[]
05.06.2019 11:35:45.680 [00001e2c] --- Device N[\\.\DISPLAY8] S[Radeon RX 580 Series] M[] F[]
05.06.2019 11:35:45.680 [00001e2c] --- SM_CMONITORS         = 1
05.06.2019 11:35:45.680 [00001e2c] --- SM_SAMEDISPLAYFORMAT = 1
05.06.2019 11:35:45.680 [00001e2c] --- SM_XVIRTUALSCREEN    = 0
05.06.2019 11:35:45.680 [00001e2c] --- SM_YVIRTUALSCREEN    = 0
05.06.2019 11:35:45.680 [00001e2c] --- SM_CXVIRTUALSCREEN   = 3840
05.06.2019 11:35:45.680 [00001e2c] --- SM_CYVIRTUALSCREEN   = 1200
05.06.2019 11:35:45.680 [00001e2c] --- SM_CXCURSOR          = 32
05.06.2019 11:35:45.680 [00001e2c] --- [\\.\DISPLAY1] [Radeon RX 580 Series] [MONITOR\ADVEF2D\{4d36e96e-e325-11ce-bfc1-08002be10318}\0017] [Generic PnP Monitor]
05.06.2019 11:35:45.680 [00001e2c] --- Enumerated 1 displays
05.06.2019 11:35:45.680 [00001e2c] --- Displays initialized
05.06.2019 11:35:45.680 [00001e2c] --- Displays[0] M[00010001] HDC[4f010966] GDC[09010cd2] L=0 T=0 R=3840 B=1200 RECT[0,0 3840x1200] N[\\.\DISPLAY1] M[Generic PnP Monitor] F[1] PROJ[2x1] MAPS[2]
05.06.2019 11:35:45.680 [00001e2c] ---    Grouping G[0] N[0] GD[]
05.06.2019 11:35:45.680 [00001e2c] --- ---
05.06.2019 11:35:45.680 [00001e2c] --- hookD3D9
05.06.2019 11:35:45.680 [00001e2c] --- DirectX9 dll=5c690000
05.06.2019 11:35:45.727 [00001e2c] --- DirectX9 API detected
05.06.2019 11:35:45.727 [00001e2c] --- DirectX9Ex API detected
05.06.2019 11:35:45.727 [00001e2c] --- i1: InterfaceProc1
05.06.2019 11:35:45.727 [00001e2c] --- interfaceFunc1 [\\.\DISPLAY1] totalMaps=2
05.06.2019 11:35:45.727 [00001e2c] --- DXGI dll=8b0e0000
05.06.2019 11:35:45.742 [00001e2c] --- DirectX DXGI API CreateDXGIFactory detected 1
05.06.2019 11:35:45.773 [00001e2c] --- DirectX DXGI API CreateDXGIFactory1 detected 1
05.06.2019 11:35:45.789 [00001e2c] --- DirectX DXGI API CreateDXGIFactory2 detected 1
05.06.2019 11:35:45.789 [00001e2c] --- DirectX DXGI API detected
05.06.2019 11:35:45.789 [00001e2c] --- DirectX D3D12 API detected hd3d12=842e0000
05.06.2019 11:35:45.805 [00001e2c] --- DirectX D3D12 API detected 1
05.06.2019 11:35:45.805 [00001e2c] --- hookOpenGL
05.06.2019 11:35:45.961 [00001e2c] --- OpenGL API detected
05.06.2019 11:35:51.328 [00001e2c] --- PROCESS DETACH
