04.06.2019 21:14:27.520 [00002338] ??? OSM handle == NULL error=2
04.06.2019 21:14:27.520 [00002338] ^^^ SC trying session1
--- [2]
04.06.2019 21:14:27.520 [00002338] --- App --- Immersive Display PRO v3.0.5 (01.01.2019)
04.06.2019 21:14:27.520 [00002338] --- OS 6:2 Microsoft Windows 8 Professional (build 9200), 64-bit 7(0) 8(1) 8.1(0) 10(0)
04.06.2019 21:14:27.520 [00002338] --- Process32 C:\Windows\syswow64\MsiExec.exe
04.06.2019 21:14:27.520 [00002338] --- CmdLine [C:\Windows\syswow64\MsiExec.exe -Embedding 24394D3F85D4A3141E0B53BE5474EAB1 E Global\MSI0000]
04.06.2019 21:14:27.520 [00002338] --- Enumerating displays ...
04.06.2019 21:14:27.520 [00002338] --- SM_CMONITORS         = 1
04.06.2019 21:14:27.520 [00002338] --- SM_SAMEDISPLAYFORMAT = 1
04.06.2019 21:14:27.520 [00002338] --- SM_XVIRTUALSCREEN    = 0
04.06.2019 21:14:27.520 [00002338] --- SM_YVIRTUALSCREEN    = 0
04.06.2019 21:14:27.520 [00002338] --- SM_CXVIRTUALSCREEN   = 1024
04.06.2019 21:14:27.520 [00002338] --- SM_CYVIRTUALSCREEN   = 768
04.06.2019 21:14:27.520 [00002338] --- SM_CXCURSOR          = 32
04.06.2019 21:14:27.520 [00002338] ??? No displays enumerated. Retry later
04.06.2019 21:14:27.520 [00002338] --- hookD3D9
04.06.2019 21:14:27.520 [00002338] --- DirectX9 dll=71460000
04.06.2019 21:14:27.551 [00002338] --- DirectX9 API detected
04.06.2019 21:14:27.551 [00002338] --- DirectX9Ex API detected
04.06.2019 21:14:27.551 [00002338] --- i1: InterfaceProc1
04.06.2019 21:14:27.551 [00002338] --- DXGI dll=724a0000
04.06.2019 21:14:27.567 [00002338] --- DirectX DXGI API CreateDXGIFactory detected 1
04.06.2019 21:14:27.582 [00002338] --- DirectX DXGI API CreateDXGIFactory1 detected 1
04.06.2019 21:14:27.614 [00002338] --- DirectX DXGI API CreateDXGIFactory2 detected 1
04.06.2019 21:14:27.614 [00002338] --- DirectX DXGI API detected
04.06.2019 21:14:27.614 [00002338] --- DirectX D3D12 API detected hd3d12=72330000
04.06.2019 21:14:27.629 [00002338] --- DirectX D3D12 API detected 1
04.06.2019 21:14:27.629 [00002338] --- hookOpenGL
04.06.2019 21:14:27.754 [00002338] --- OpenGL API detected
04.06.2019 21:14:29.674 [00002338] --- PROCESS DETACH
