04.06.2019 21:35:44.924 [000023e4] --- App --- Immersive Display PRO v3.0.5 (01.01.2019)
04.06.2019 21:35:44.924 [000023e4] --- OS 6:2 Microsoft Windows 8 Professional (build 9200), 64-bit 7(0) 8(1) 8.1(0) 10(0)
04.06.2019 21:35:44.924 [000023e4] --- Process64 C:\WINDOWS\system32\dwm.exe
04.06.2019 21:35:44.924 [000023e4] --- CmdLine ["dwm.exe"]
04.06.2019 21:35:44.924 [000023e4] --- Enumerating displays ...
04.06.2019 21:35:44.924 [000023e4] --- Device N[\\.\DISPLAY1] S[Radeon RX 580 Series] M[Generic PnP Monitor] F[desktop primary ]
04.06.2019 21:35:44.940 [000023e4] --- Device N[\\.\DISPLAY2] S[Radeon RX 580 Series] M[] F[]
04.06.2019 21:35:44.940 [000023e4] --- Device N[\\.\DISPLAY3] S[Radeon RX 580 Series] M[] F[]
04.06.2019 21:35:44.940 [000023e4] --- Device N[\\.\DISPLAY4] S[Radeon RX 580 Series] M[] F[]
04.06.2019 21:35:44.940 [000023e4] --- Device N[\\.\DISPLAY5] S[Radeon RX 580 Series] M[] F[]
04.06.2019 21:35:44.940 [000023e4] --- Device N[\\.\DISPLAY6] S[Radeon RX 580 Series] M[] F[]
04.06.2019 21:35:44.940 [000023e4] --- Device N[\\.\DISPLAY7] S[Radeon RX 580 Series] M[] F[]
04.06.2019 21:35:44.940 [000023e4] --- Device N[\\.\DISPLAY8] S[Radeon RX 580 Series] M[] F[]
04.06.2019 21:35:44.940 [000023e4] --- SM_CMONITORS         = 1
04.06.2019 21:35:44.940 [000023e4] --- SM_SAMEDISPLAYFORMAT = 1
04.06.2019 21:35:44.940 [000023e4] --- SM_XVIRTUALSCREEN    = 0
04.06.2019 21:35:44.940 [000023e4] --- SM_YVIRTUALSCREEN    = 0
04.06.2019 21:35:44.940 [000023e4] --- SM_CXVIRTUALSCREEN   = 3840
04.06.2019 21:35:44.940 [000023e4] --- SM_CYVIRTUALSCREEN   = 1200
04.06.2019 21:35:44.940 [000023e4] --- SM_CXCURSOR          = 32
04.06.2019 21:35:44.940 [000023e4] ??? No displays enumerated. Retry later
04.06.2019 21:35:44.940 [000023e4] --- hookD3D9
04.06.2019 21:35:44.940 [000023e4] --- DirectX9 dll=eb9d0000
04.06.2019 21:35:44.986 [000023e4] --- DirectX9 API detected
04.06.2019 21:35:44.986 [000023e4] --- DirectX9Ex API detected
04.06.2019 21:35:44.986 [000023e4] --- i1: InterfaceProc1
04.06.2019 21:35:44.986 [000023e4] --- DXGI dll=15960000
04.06.2019 21:35:45.018 [000023e4] --- DirectX DXGI API CreateDXGIFactory detected 1
04.06.2019 21:35:45.049 [000023e4] --- DirectX DXGI API CreateDXGIFactory1 detected 1
04.06.2019 21:35:45.065 [000023e4] --- DirectX DXGI API CreateDXGIFactory2 detected 1
04.06.2019 21:35:45.065 [000023e4] --- DirectX DXGI API detected
04.06.2019 21:35:45.096 [000023e4] --- DirectX D3D11 API detected 1
04.06.2019 21:35:45.096 [000023e4] --- DirectX D3D12 API detected hd3d12=0f0c0000
04.06.2019 21:35:45.127 [000023e4] --- DirectX D3D12 API detected 1
04.06.2019 21:35:45.127 [000023e4] --- hookOpenGL
04.06.2019 21:35:45.315 [000023e4] --- OpenGL API detected
04.06.2019 21:35:45.439 [000023fc] --- D3D11CreateDevice ADAPTER Description=Radeon RX 580 Series
04.06.2019 21:35:45.439 [000023fc] --- Device FeatureLevels[0]=0000a100
04.06.2019 21:35:45.439 [000023f4] --- D3D11CreateDevice ADAPTER NULL
04.06.2019 21:35:45.439 [000023fc] --- D3D11CreateDevice ADAPTER Description=Radeon RX 580 Series
04.06.2019 21:35:45.439 [000023fc] --- Device FeatureLevels[0]=0000c100
04.06.2019 21:35:45.439 [000023fc] --- Device FeatureLevels[1]=0000c000
04.06.2019 21:35:45.439 [000023fc] --- Device FeatureLevels[2]=0000b100
04.06.2019 21:35:45.439 [000023fc] --- Device FeatureLevels[3]=0000b000
04.06.2019 21:35:45.439 [000023fc] --- Device FeatureLevels[4]=0000a100
04.06.2019 21:35:45.439 [000023fc] --- Device FeatureLevels[5]=0000a000
04.06.2019 21:35:45.439 [000023fc] --- Device FeatureLevels[6]=00009300
04.06.2019 21:35:45.439 [000023fc] --- Device FeatureLevels[7]=00009200
04.06.2019 21:35:45.439 [000023fc] --- Device FeatureLevels[8]=00009100
04.06.2019 21:35:45.455 [000023f4] --- Device FeatureLevel -> 0000b000
04.06.2019 21:35:45.455 [000023fc] --- Device FeatureLevel -> 0000c000
04.06.2019 21:35:45.627 [000023fc] --- Win10SC_[01] Created
04.06.2019 21:35:45.643 [000023fc] --- [\\.\DISPLAY1] [Radeon RX 580 Series] [MONITOR\ADVEF2D\{4d36e96e-e325-11ce-bfc1-08002be10318}\0017] [Generic PnP Monitor]
04.06.2019 21:35:45.643 [000023fc] --- shim Winmm hLib=14d70000
04.06.2019 21:35:45.643 [000023fc] --- shim Winmm 14d76050, 14d75f10, 14d71060, 14d71040
04.06.2019 21:35:45.645 [000023fc] --- WarpContext 16263040 Output=0bb0ff50 DeviceName=\\.\DISPLAY1 DesktopCoordinates(0,0 3840x1200) AttachedToDesktop=1 Rotation=1 (0)
04.06.2019 21:35:45.645 [000023fc] --- WarpContext 16263040 count 1
04.06.2019 21:35:45.645 [000023fc] --- GMOC[0c37cb88] DONE
04.06.2019 21:35:45.645 [000023fc] --- WarpContext[16263040] Monitor=00010001
04.06.2019 21:35:45.645 [000023fc] --- D3DXWrapper trying d3dx11_43.dll
04.06.2019 21:35:45.645 [000023fc] --- D3DXWrapper d3dx11_43.dll loaded
04.06.2019 21:35:45.645 [000023fc] --- WarpContext[16263040] D3DCompiler_47.DLL loaded directly
04.06.2019 21:35:45.645 [000023fc] --- SCISSORS 1
04.06.2019 21:35:45.645 [000023fc] --- ANISOTROPIC 4
04.06.2019 21:35:45.927 [000023fc] --- WarpContext 16263040 T(3840x1200) O(3840x1200) enableRotation=0 rotateDegrees=0
04.06.2019 21:35:45.948 [000023fc] --- WarpContext[16263040] CreateAllWarpingResources S=1 R=85 Warping=1
04.06.2019 21:35:45.948 [000023fc] --- Cursor warping SSC=1a2048e0
04.06.2019 21:35:45.949 [000023fc] ### Cursor clear cache CC[0]
04.06.2019 21:35:45.949 [000023fc] ### Present[16263040] S
04.06.2019 21:35:45.949 [000023fc] ### Present[16263040] uSOPSAS
04.06.2019 21:35:45.949 [000023fc] ### Present[16263040] uSNPSAS
04.06.2019 21:35:45.949 [000023fc] ### Present[16263040] CR
04.06.2019 21:35:45.949 [000023fc] ### Present[16263040] OMSRT
04.06.2019 21:35:45.951 [000023fc] ### Present[16263040] uDC
04.06.2019 21:35:45.951 [000023fc] ### Present[16263040] OMSRT
04.06.2019 21:35:45.955 [000023fc] ### Present[16263040] uRBT
04.06.2019 21:35:45.955 [000023fc] ### Present[16263040] OMSRT
04.06.2019 21:35:45.955 [000023fc] ### Present[16263040] uDG
04.06.2019 21:35:45.955 [000023fc] ### Present[16263040] uROPSAS
04.06.2019 21:35:45.955 [000023fc] ### Present[16263040] E
04.06.2019 21:35:49.162 [000023fc] --- BaseDWMWarpContext[16263040] CC changed LCC 12 != CC 14
04.06.2019 21:35:49.162 [000023fc] --- DestroyWarp
04.06.2019 21:35:49.162 [000023fc] --- WarpContext[16263040] ReleaseAllWarpingResources R=-85
04.06.2019 21:35:49.162 [000023fc] --- WarpContext[16263040] Monitor=00010001
04.06.2019 21:35:49.162 [000023fc] --- WarpContext[16263040] D3DCompiler_47.DLL loaded directly
04.06.2019 21:35:49.162 [000023fc] --- SCISSORS 1
04.06.2019 21:35:49.162 [000023fc] --- ANISOTROPIC 4
04.06.2019 21:35:49.428 [000023fc] --- WarpContext 16263040 T(3840x1200) O(3840x1200) enableRotation=0 rotateDegrees=0
04.06.2019 21:35:49.433 [000023fc] --- WarpContext[16263040] CreateAllWarpingResources S=1 R=85 Warping=1
04.06.2019 21:35:49.433 [000023fc] ### Cursor clear cache CC[1]
04.06.2019 21:35:49.434 [000023fc] ### Present[16263040] S
04.06.2019 21:35:49.434 [000023fc] ### Present[16263040] uSOPSAS
04.06.2019 21:35:49.434 [000023fc] ### Present[16263040] uSNPSAS
04.06.2019 21:35:49.434 [000023fc] ### Present[16263040] CR
04.06.2019 21:35:49.434 [000023fc] ### Present[16263040] OMSRT
04.06.2019 21:35:49.434 [000023fc] ### Present[16263040] uDC
04.06.2019 21:35:49.434 [000023fc] ### Present[16263040] OMSRT
04.06.2019 21:35:49.435 [000023fc] ### Present[16263040] uRBT
04.06.2019 21:35:49.435 [000023fc] ### Present[16263040] OMSRT
04.06.2019 21:35:49.435 [000023fc] ### Present[16263040] uDG
04.06.2019 21:35:49.435 [000023fc] ### Present[16263040] uROPSAS
04.06.2019 21:35:49.435 [000023fc] ### Present[16263040] E
04.06.2019 21:36:01.407 [000023fc] --- GMOC[0c37cb88] DONE
