04.06.2019 21:25:41.133 [00001c8c] --- App --- Immersive Display PRO v3.0.5 (01.01.2019)
04.06.2019 21:25:41.133 [00001c8c] --- OS 6:2 Microsoft Windows 8 Professional (build 9200), 64-bit 7(0) 8(1) 8.1(0) 10(0)
04.06.2019 21:25:41.133 [00001c8c] --- Process64 C:\Program Files\AMD\CNext\CNext\cncmd.exe
04.06.2019 21:25:41.133 [00001c8c] --- CmdLine ["C:\Program Files\AMD\CNext\CNext\cncmd.exe" show launcher]
04.06.2019 21:25:41.133 [00001c8c] --- Enumerating displays ...
04.06.2019 21:25:41.133 [00001c8c] --- Device N[\\.\DISPLAY1] S[Radeon RX 580 Series] M[Generic PnP Monitor] F[desktop ]
04.06.2019 21:25:41.148 [00001c8c] --- Device N[\\.\DISPLAY2] S[Radeon RX 580 Series] M[Generic PnP Monitor] F[desktop primary ]
04.06.2019 21:25:41.148 [00001c8c] --- Device N[\\.\DISPLAY3] S[Radeon RX 580 Series] M[] F[]
04.06.2019 21:25:41.148 [00001c8c] --- Device N[\\.\DISPLAY4] S[Radeon RX 580 Series] M[] F[]
04.06.2019 21:25:41.148 [00001c8c] --- Device N[\\.\DISPLAY5] S[Radeon RX 580 Series] M[] F[]
04.06.2019 21:25:41.148 [00001c8c] --- Device N[\\.\DISPLAY6] S[Radeon RX 580 Series] M[] F[]
04.06.2019 21:25:41.148 [00001c8c] --- Device N[\\.\DISPLAY7] S[Radeon RX 580 Series] M[] F[]
04.06.2019 21:25:41.148 [00001c8c] --- Device N[\\.\DISPLAY8] S[Radeon RX 580 Series] M[] F[]
04.06.2019 21:25:41.148 [00001c8c] --- SM_CMONITORS         = 2
04.06.2019 21:25:41.148 [00001c8c] --- SM_SAMEDISPLAYFORMAT = 1
04.06.2019 21:25:41.148 [00001c8c] --- SM_XVIRTUALSCREEN    = 0
04.06.2019 21:25:41.148 [00001c8c] --- SM_YVIRTUALSCREEN    = 0
04.06.2019 21:25:41.148 [00001c8c] --- SM_CXVIRTUALSCREEN   = 3840
04.06.2019 21:25:41.148 [00001c8c] --- SM_CYVIRTUALSCREEN   = 1200
04.06.2019 21:25:41.148 [00001c8c] --- SM_CXCURSOR          = 32
04.06.2019 21:25:41.164 [00001c8c] --- [\\.\DISPLAY1] [Radeon RX 580 Series] [MONITOR\SECA70B\{4d36e96e-e325-11ce-bfc1-08002be10318}\0016] [Generic PnP Monitor]
04.06.2019 21:25:41.164 [00001c8c] --- [\\.\DISPLAY2] [Radeon RX 580 Series] [MONITOR\SECA70B\{4d36e96e-e325-11ce-bfc1-08002be10318}\0015] [Generic PnP Monitor]
04.06.2019 21:25:41.164 [00001c8c] --- Enumerated 2 displays
04.06.2019 21:25:41.164 [00001c8c] --- Displays initialized
04.06.2019 21:25:41.164 [00001c8c] --- Displays[0] M[00010003] HDC[9f0108c0] GDC[78010cd8] L=1920 T=0 R=3840 B=1200 RECT[1920,0 1920x1200] N[\\.\DISPLAY1] M[Generic PnP Monitor] F[0] PROJ[0x0] MAPS[0]
04.06.2019 21:25:41.164 [00001c8c] ---    Grouping G[0] N[0] GD[]
04.06.2019 21:25:41.164 [00001c8c] --- Displays[1] M[00010001] HDC[49010d05] GDC[16010dbc] L=0 T=0 R=1920 B=1200 RECT[0,0 1920x1200] N[\\.\DISPLAY2] M[Generic PnP Monitor] F[1] PROJ[0x0] MAPS[0]
04.06.2019 21:25:41.164 [00001c8c] ---    Grouping G[0] N[0] GD[]
04.06.2019 21:25:41.164 [00001c8c] --- ---
04.06.2019 21:25:41.164 [00001c8c] --- hookD3D9
04.06.2019 21:25:41.164 [00001c8c] --- DirectX9 dll=68590000
04.06.2019 21:25:41.211 [00001c8c] --- DirectX9 API detected
04.06.2019 21:25:41.211 [00001c8c] --- DirectX9Ex API detected
04.06.2019 21:25:41.211 [00001c8c] --- i1: InterfaceProc1
04.06.2019 21:25:41.211 [00001c8c] --- DXGI dll=7a520000
04.06.2019 21:25:41.242 [00001c8c] --- DirectX DXGI API CreateDXGIFactory detected 1
04.06.2019 21:25:41.258 [00001c8c] --- DirectX DXGI API CreateDXGIFactory1 detected 1
04.06.2019 21:25:41.289 [00001c8c] --- DirectX DXGI API CreateDXGIFactory2 detected 1
04.06.2019 21:25:41.289 [00001c8c] --- DirectX DXGI API detected
04.06.2019 21:25:41.289 [00001c8c] --- DirectX D3D12 API detected hd3d12=73c90000
04.06.2019 21:25:41.320 [00001c8c] --- DirectX D3D12 API detected 1
04.06.2019 21:25:41.320 [00001c8c] --- hookOpenGL
04.06.2019 21:25:41.492 [00001c8c] --- OpenGL API detected
04.06.2019 21:25:44.066 [00001c8c] --- PROCESS DETACH
