04.06.2019 21:38:14.262 [00000b5c] ??? OSM handle == NULL error=2
04.06.2019 21:38:14.262 [00000b5c] ^^^ SC trying session1
04.06.2019 21:38:14.262 [00000b5c] ??? OSM handle == NULL error=2
04.06.2019 21:38:14.262 [00000b5c] ^^^ SC trying session2
04.06.2019 21:38:14.262 [00000b5c] ??? OSM handle == NULL error=3
04.06.2019 21:38:14.262 [00000b5c] --- DXGI dll=72ad0000
04.06.2019 21:38:14.278 [00000b5c] --- DirectX DXGI API CreateDXGIFactory detected 1
04.06.2019 21:38:14.309 [00000b5c] --- DirectX DXGI API CreateDXGIFactory1 detected 1
04.06.2019 21:38:14.325 [00000b5c] --- DirectX DXGI API CreateDXGIFactory2 detected 1
04.06.2019 21:38:14.325 [00000b5c] --- DirectX DXGI API detected
04.06.2019 21:38:14.325 [00000b5c] --- DirectX D3D12 API detected hd3d12=728b0000
04.06.2019 21:38:14.356 [00000b5c] --- DirectX D3D12 API detected 1
04.06.2019 21:38:14.356 [00000b5c] ??? OSM handle == NULL error=2
04.06.2019 21:38:14.356 [00000b5c] ^^^ SC trying session1
04.06.2019 21:38:14.356 [00000b5c] ??? OSM handle == NULL error=2
04.06.2019 21:38:14.356 [00000b5c] ^^^ SC trying session2
04.06.2019 21:38:14.356 [00000b5c] ??? OSM handle == NULL error=3
04.06.2019 21:38:14.356 [00000b5c] ??? OSM handle == NULL error=2
04.06.2019 21:38:14.356 [00000b5c] ^^^ SC trying session1
04.06.2019 21:38:14.356 [00000b5c] ??? OSM handle == NULL error=2
04.06.2019 21:38:14.356 [00000b5c] ^^^ SC trying session2
04.06.2019 21:38:14.356 [00000b5c] ??? OSM handle == NULL error=3
04.06.2019 21:38:15.199 [00000b5c] ??? OSM handle == NULL error=2
04.06.2019 21:38:15.199 [00000b5c] ^^^ SC trying session1
04.06.2019 21:38:15.199 [00000b5c] ??? OSM handle == NULL error=2
04.06.2019 21:38:15.199 [00000b5c] ^^^ SC trying session2
04.06.2019 21:38:15.199 [00000b5c] ??? OSM handle == NULL error=3
04.06.2019 21:38:15.231 [000014ac] ??? OSM handle == NULL error=2
04.06.2019 21:38:15.231 [000014ac] ^^^ SC trying session1
04.06.2019 21:38:15.231 [000014ac] ??? OSM handle == NULL error=2
04.06.2019 21:38:15.231 [000014ac] ^^^ SC trying session2
04.06.2019 21:38:15.231 [000014ac] ??? OSM handle == NULL error=3
04.06.2019 21:38:15.246 [000014ac] ??? OSM handle == NULL error=2
04.06.2019 21:38:15.246 [000014ac] ^^^ SC trying session1
04.06.2019 21:38:15.246 [000014ac] ??? OSM handle == NULL error=2
04.06.2019 21:38:15.246 [000014ac] ^^^ SC trying session2
04.06.2019 21:38:15.246 [000014ac] ??? OSM handle == NULL error=3
--- [37]
04.06.2019 21:38:36.230 [000014ac] --- App --- Immersive Display PRO v3.0.5 (01.01.2019)
04.06.2019 21:38:36.230 [000014ac] --- OS 6:2 Microsoft Windows 8 Professional (build 9200), 64-bit 7(0) 8(1) 8.1(0) 10(0)
04.06.2019 21:38:36.230 [000014ac] --- Process32 C:\Program Files (x86)\TeamViewer\TeamViewer.exe
04.06.2019 21:38:36.230 [000014ac] --- CmdLine ["C:\Program Files (x86)\TeamViewer\TeamViewer.exe"]
04.06.2019 21:38:36.230 [000014ac] --- Enumerating displays ...
04.06.2019 21:38:36.230 [000014ac] --- Device N[\\.\DISPLAY1] S[Radeon RX 580 Series] M[Generic PnP Monitor] F[desktop primary ]
04.06.2019 21:38:36.230 [000014ac] --- Device N[\\.\DISPLAY2] S[Radeon RX 580 Series] M[] F[]
04.06.2019 21:38:36.230 [000014ac] --- Device N[\\.\DISPLAY3] S[Radeon RX 580 Series] M[] F[]
04.06.2019 21:38:36.230 [000014ac] --- Device N[\\.\DISPLAY4] S[Radeon RX 580 Series] M[] F[]
04.06.2019 21:38:36.230 [000014ac] --- Device N[\\.\DISPLAY5] S[Radeon RX 580 Series] M[] F[]
04.06.2019 21:38:36.230 [000014ac] --- Device N[\\.\DISPLAY6] S[Radeon RX 580 Series] M[] F[]
04.06.2019 21:38:36.230 [000014ac] --- Device N[\\.\DISPLAY7] S[Radeon RX 580 Series] M[] F[]
04.06.2019 21:38:36.230 [000014ac] --- Device N[\\.\DISPLAY8] S[Radeon RX 580 Series] M[] F[]
04.06.2019 21:38:36.230 [000014ac] --- SM_CMONITORS         = 1
04.06.2019 21:38:36.230 [000014ac] --- SM_SAMEDISPLAYFORMAT = 1
04.06.2019 21:38:36.230 [000014ac] --- SM_XVIRTUALSCREEN    = 0
04.06.2019 21:38:36.230 [000014ac] --- SM_YVIRTUALSCREEN    = 0
04.06.2019 21:38:36.230 [000014ac] --- SM_CXVIRTUALSCREEN   = 3840
04.06.2019 21:38:36.230 [000014ac] --- SM_CYVIRTUALSCREEN   = 1200
04.06.2019 21:38:36.230 [000014ac] --- SM_CXCURSOR          = 32
04.06.2019 21:38:36.246 [000014ac] --- [\\.\DISPLAY1] [Radeon RX 580 Series] [MONITOR\ADVEF2D\{4d36e96e-e325-11ce-bfc1-08002be10318}\0017] [Generic PnP Monitor]
04.06.2019 21:38:36.246 [000014ac] --- Enumerated 1 displays
04.06.2019 21:38:36.246 [000014ac] --- Displays initialized
04.06.2019 21:38:36.246 [000014ac] --- Displays[0] M[00010001] HDC[1e010c9f] GDC[12010ca4] L=0 T=0 R=3840 B=1200 RECT[0,0 3840x1200] N[\\.\DISPLAY1] M[Generic PnP Monitor] F[1] PROJ[2x1] MAPS[2]
04.06.2019 21:38:36.246 [000014ac] ---    Grouping G[0] N[0] GD[]
04.06.2019 21:38:36.246 [000014ac] --- ---
