04.06.2019 15:34:02.664 [00002160] --- App --- Immersive Display PRO v3.0.5 (01.01.2019)
04.06.2019 15:34:02.664 [00002160] --- OS 6:2 Microsoft Windows 8 Professional (build 9200), 64-bit 7(0) 8(1) 8.1(0) 10(0)
04.06.2019 15:34:02.664 [00002160] --- Process64 C:\Program Files\AMD\Performance Profile Client\AUEPUF.exe
04.06.2019 15:34:02.664 [00002160] --- CmdLine [AUEPUF.exe]
04.06.2019 15:34:02.664 [00002160] --- Enumerating displays ...
04.06.2019 15:34:02.665 [00002160] --- Device N[\\.\DISPLAY1] S[Radeon RX 580 Series] M[Generic PnP Monitor] F[desktop primary ]
04.06.2019 15:34:02.666 [00002160] --- Device N[\\.\DISPLAY2] S[Radeon RX 580 Series] M[] F[]
04.06.2019 15:34:02.666 [00002160] --- Device N[\\.\DISPLAY3] S[Radeon RX 580 Series] M[] F[]
04.06.2019 15:34:02.667 [00002160] --- Device N[\\.\DISPLAY4] S[Radeon RX 580 Series] M[] F[]
04.06.2019 15:34:02.667 [00002160] --- Device N[\\.\DISPLAY5] S[Radeon RX 580 Series] M[] F[]
04.06.2019 15:34:02.668 [00002160] --- Device N[\\.\DISPLAY6] S[Radeon RX 580 Series] M[] F[]
04.06.2019 15:34:02.668 [00002160] --- Device N[\\.\DISPLAY7] S[Radeon RX 580 Series] M[] F[]
04.06.2019 15:34:02.669 [00002160] --- Device N[\\.\DISPLAY8] S[Radeon RX 580 Series] M[] F[]
04.06.2019 15:34:02.669 [00002160] --- SM_CMONITORS         = 1
04.06.2019 15:34:02.669 [00002160] --- SM_SAMEDISPLAYFORMAT = 1
04.06.2019 15:34:02.669 [00002160] --- SM_XVIRTUALSCREEN    = 0
04.06.2019 15:34:02.669 [00002160] --- SM_YVIRTUALSCREEN    = 0
04.06.2019 15:34:02.669 [00002160] --- SM_CXVIRTUALSCREEN   = 3840
04.06.2019 15:34:02.669 [00002160] --- SM_CYVIRTUALSCREEN   = 1200
04.06.2019 15:34:02.669 [00002160] --- SM_CXCURSOR          = 32
04.06.2019 15:34:02.671 [00002160] --- [\\.\DISPLAY1] [Radeon RX 580 Series] [MONITOR\ADVEF2D\{4d36e96e-e325-11ce-bfc1-08002be10318}\0013] [Generic PnP Monitor]
04.06.2019 15:34:02.672 [00002160] --- Enumerated 1 displays
04.06.2019 15:34:02.672 [00002160] --- Displays initialized
04.06.2019 15:34:02.672 [00002160] --- Displays[0] M[00010001] HDC[c7010da7] GDC[40010e41] L=0 T=0 R=3840 B=1200 RECT[0,0 3840x1200] N[\\.\DISPLAY1] M[Generic PnP Monitor] F[1] PROJ[2x1] MAPS[2]
04.06.2019 15:34:02.672 [00002160] ---    Grouping G[0] N[0] GD[]
04.06.2019 15:34:02.672 [00002160] --- ---
04.06.2019 15:34:02.672 [00002160] --- hookD3D9
04.06.2019 15:34:02.673 [00002160] --- DirectX9 dll=04650000
04.06.2019 15:34:02.711 [00002160] --- DirectX9 API detected
04.06.2019 15:34:02.711 [00002160] --- DirectX9Ex API detected
04.06.2019 15:34:02.711 [00002160] --- i1: InterfaceProc1
04.06.2019 15:34:02.711 [00002160] --- interfaceFunc1 [\\.\DISPLAY1] totalMaps=2
04.06.2019 15:34:02.711 [00002160] --- DXGI dll=29740000
04.06.2019 15:34:02.730 [00002160] --- DirectX DXGI API CreateDXGIFactory detected 1
04.06.2019 15:34:02.750 [00002160] --- DirectX DXGI API CreateDXGIFactory1 detected 1
04.06.2019 15:34:02.769 [00002160] --- DirectX DXGI API CreateDXGIFactory2 detected 1
04.06.2019 15:34:02.769 [00002160] --- DirectX DXGI API detected
04.06.2019 15:34:02.769 [00002160] --- DirectX D3D12 API detected hd3d12=22dc0000
04.06.2019 15:34:02.788 [00002160] --- DirectX D3D12 API detected 1
04.06.2019 15:34:02.788 [00002160] --- hookOpenGL
04.06.2019 15:34:02.922 [00002160] --- OpenGL API detected
