04.06.2019 21:47:11.955 [00000884] ??? OSM handle == NULL error=2
04.06.2019 21:47:11.955 [00000884] ^^^ SC trying session1
04.06.2019 21:47:11.955 [00000884] ??? OSM handle == NULL error=2
04.06.2019 21:47:11.955 [00000884] ^^^ SC trying session2
04.06.2019 21:47:11.955 [00000884] ??? OSM handle == NULL error=3
04.06.2019 21:47:11.955 [00000884] --- DXGI dll=72110000
04.06.2019 21:47:11.970 [00000884] --- DirectX DXGI API CreateDXGIFactory detected 1
04.06.2019 21:47:12.001 [00000884] --- DirectX DXGI API CreateDXGIFactory1 detected 1
04.06.2019 21:47:12.017 [00000884] --- DirectX DXGI API CreateDXGIFactory2 detected 1
04.06.2019 21:47:12.017 [00000884] --- DirectX DXGI API detected
04.06.2019 21:47:12.017 [00000884] --- DirectX D3D12 API detected hd3d12=71e80000
04.06.2019 21:47:12.048 [00000884] --- DirectX D3D12 API detected 1
04.06.2019 21:47:12.048 [00000884] ??? OSM handle == NULL error=2
04.06.2019 21:47:12.048 [00000884] ^^^ SC trying session1
04.06.2019 21:47:12.048 [00000884] ??? OSM handle == NULL error=2
04.06.2019 21:47:12.048 [00000884] ^^^ SC trying session2
04.06.2019 21:47:12.048 [00000884] ??? OSM handle == NULL error=3
04.06.2019 21:47:12.048 [00000884] ??? OSM handle == NULL error=2
04.06.2019 21:47:12.048 [00000884] ^^^ SC trying session1
04.06.2019 21:47:12.048 [00000884] ??? OSM handle == NULL error=2
04.06.2019 21:47:12.048 [00000884] ^^^ SC trying session2
04.06.2019 21:47:12.048 [00000884] ??? OSM handle == NULL error=3
04.06.2019 21:47:12.911 [00000884] ??? OSM handle == NULL error=2
04.06.2019 21:47:12.911 [00000884] ^^^ SC trying session1
04.06.2019 21:47:12.911 [00000884] ??? OSM handle == NULL error=2
04.06.2019 21:47:12.911 [00000884] ^^^ SC trying session2
04.06.2019 21:47:12.911 [00000884] ??? OSM handle == NULL error=3
04.06.2019 21:47:12.942 [00000f90] ??? OSM handle == NULL error=2
04.06.2019 21:47:12.942 [00000f90] ^^^ SC trying session1
04.06.2019 21:47:12.942 [00000f90] ??? OSM handle == NULL error=2
04.06.2019 21:47:12.942 [00000f90] ^^^ SC trying session2
04.06.2019 21:47:12.942 [00000f90] ??? OSM handle == NULL error=3
04.06.2019 21:47:12.958 [00000f90] ??? OSM handle == NULL error=2
04.06.2019 21:47:12.958 [00000f90] ^^^ SC trying session1
04.06.2019 21:47:12.958 [00000f90] ??? OSM handle == NULL error=2
04.06.2019 21:47:12.958 [00000f90] ^^^ SC trying session2
04.06.2019 21:47:12.958 [00000f90] ??? OSM handle == NULL error=3
--- [37]
04.06.2019 21:47:32.155 [00000f90] --- App --- Immersive Display PRO v3.0.5 (01.01.2019)
04.06.2019 21:47:32.155 [00000f90] --- OS 6:2 Microsoft Windows 8 Professional (build 9200), 64-bit 7(0) 8(1) 8.1(0) 10(0)
04.06.2019 21:47:32.155 [00000f90] --- Process32 C:\Program Files (x86)\TeamViewer\TeamViewer.exe
04.06.2019 21:47:32.155 [00000f90] --- CmdLine ["C:\Program Files (x86)\TeamViewer\TeamViewer.exe"]
04.06.2019 21:47:32.155 [00000f90] --- Enumerating displays ...
04.06.2019 21:47:32.155 [00000f90] --- Device N[\\.\DISPLAY1] S[Radeon RX 580 Series] M[Generic PnP Monitor] F[desktop primary ]
04.06.2019 21:47:32.155 [00000f90] --- Device N[\\.\DISPLAY2] S[Radeon RX 580 Series] M[] F[]
04.06.2019 21:47:32.155 [00000f90] --- Device N[\\.\DISPLAY3] S[Radeon RX 580 Series] M[] F[]
04.06.2019 21:47:32.155 [00000f90] --- Device N[\\.\DISPLAY4] S[Radeon RX 580 Series] M[] F[]
04.06.2019 21:47:32.170 [00000f90] --- Device N[\\.\DISPLAY5] S[Radeon RX 580 Series] M[] F[]
04.06.2019 21:47:32.170 [00000f90] --- Device N[\\.\DISPLAY6] S[Radeon RX 580 Series] M[] F[]
04.06.2019 21:47:32.201 [00000f90] --- Device N[\\.\DISPLAY7] S[Radeon RX 580 Series] M[] F[]
04.06.2019 21:47:32.201 [00000f90] --- Device N[\\.\DISPLAY8] S[Radeon RX 580 Series] M[] F[]
04.06.2019 21:47:32.201 [00000f90] --- SM_CMONITORS         = 1
04.06.2019 21:47:32.201 [00000f90] --- SM_SAMEDISPLAYFORMAT = 1
04.06.2019 21:47:32.201 [00000f90] --- SM_XVIRTUALSCREEN    = 0
04.06.2019 21:47:32.201 [00000f90] --- SM_YVIRTUALSCREEN    = 0
04.06.2019 21:47:32.201 [00000f90] --- SM_CXVIRTUALSCREEN   = 3840
04.06.2019 21:47:32.201 [00000f90] --- SM_CYVIRTUALSCREEN   = 1200
04.06.2019 21:47:32.201 [00000f90] --- SM_CXCURSOR          = 32
04.06.2019 21:47:32.201 [00000f90] --- [\\.\DISPLAY1] [Radeon RX 580 Series] [MONITOR\ADVEF2D\{4d36e96e-e325-11ce-bfc1-08002be10318}\0017] [Generic PnP Monitor]
04.06.2019 21:47:32.217 [00000f90] --- Enumerated 1 displays
04.06.2019 21:47:32.217 [00000f90] --- Displays initialized
04.06.2019 21:47:32.217 [00000f90] --- Displays[0] M[00010001] HDC[5d01002d] GDC[15010783] L=0 T=0 R=3840 B=1200 RECT[0,0 3840x1200] N[\\.\DISPLAY1] M[Generic PnP Monitor] F[1] PROJ[0x0] MAPS[0]
04.06.2019 21:47:32.217 [00000f90] ---    Grouping G[0] N[0] GD[]
04.06.2019 21:47:32.217 [00000f90] --- ---
