04.06.2019 21:54:34.657 [00001f7c] --- App --- Immersive Display PRO v3.0.5 (01.01.2019)
04.06.2019 21:54:34.657 [00001f7c] --- OS 6:2 Microsoft Windows 8 Professional (build 9200), 64-bit 7(0) 8(1) 8.1(0) 10(0)
04.06.2019 21:54:34.657 [00001f7c] --- Process64 C:\Users\own\scoop\apps\git\2.21.0.windows.1\mingw64\libexec\git-core\git-remote-https.exe
04.06.2019 21:54:34.657 [00001f7c] --- CmdLine [git-remote-https origin https://github.com/amoujhang/boch-wall.git]
04.06.2019 21:54:34.657 [00001f7c] --- Enumerating displays ...
04.06.2019 21:54:34.657 [00001f7c] --- Device N[\\.\DISPLAY1] S[Radeon RX 580 Series] M[Generic PnP Monitor] F[desktop primary ]
04.06.2019 21:54:34.657 [00001f7c] --- Device N[\\.\DISPLAY2] S[Radeon RX 580 Series] M[] F[]
04.06.2019 21:54:34.657 [00001f7c] --- Device N[\\.\DISPLAY3] S[Radeon RX 580 Series] M[] F[]
04.06.2019 21:54:34.657 [00001f7c] --- Device N[\\.\DISPLAY4] S[Radeon RX 580 Series] M[] F[]
04.06.2019 21:54:34.673 [00001f7c] --- Device N[\\.\DISPLAY5] S[Radeon RX 580 Series] M[] F[]
04.06.2019 21:54:34.673 [00001f7c] --- Device N[\\.\DISPLAY6] S[Radeon RX 580 Series] M[] F[]
04.06.2019 21:54:34.673 [00001f7c] --- Device N[\\.\DISPLAY7] S[Radeon RX 580 Series] M[] F[]
04.06.2019 21:54:34.673 [00001f7c] --- Device N[\\.\DISPLAY8] S[Radeon RX 580 Series] M[] F[]
04.06.2019 21:54:34.673 [00001f7c] --- SM_CMONITORS         = 1
04.06.2019 21:54:34.673 [00001f7c] --- SM_SAMEDISPLAYFORMAT = 1
04.06.2019 21:54:34.673 [00001f7c] --- SM_XVIRTUALSCREEN    = 0
04.06.2019 21:54:34.673 [00001f7c] --- SM_YVIRTUALSCREEN    = 0
04.06.2019 21:54:34.673 [00001f7c] --- SM_CXVIRTUALSCREEN   = 3840
04.06.2019 21:54:34.673 [00001f7c] --- SM_CYVIRTUALSCREEN   = 1200
04.06.2019 21:54:34.673 [00001f7c] --- SM_CXCURSOR          = 32
04.06.2019 21:54:34.673 [00001f7c] --- [\\.\DISPLAY1] [Radeon RX 580 Series] [MONITOR\ADVEF2D\{4d36e96e-e325-11ce-bfc1-08002be10318}\0017] [Generic PnP Monitor]
04.06.2019 21:54:34.673 [00001f7c] --- Enumerated 1 displays
04.06.2019 21:54:34.673 [00001f7c] --- Displays initialized
04.06.2019 21:54:34.673 [00001f7c] --- Displays[0] M[00010001] HDC[09010cb8] GDC[08010cb9] L=0 T=0 R=3840 B=1200 RECT[0,0 3840x1200] N[\\.\DISPLAY1] M[Generic PnP Monitor] F[1] PROJ[2x1] MAPS[2]
04.06.2019 21:54:34.673 [00001f7c] ---    Grouping G[0] N[0] GD[]
04.06.2019 21:54:34.673 [00001f7c] --- ---
04.06.2019 21:54:34.673 [00001f7c] --- hookD3D9
04.06.2019 21:54:34.673 [00001f7c] --- DirectX9 dll=d6de0000
04.06.2019 21:54:34.720 [00001f7c] --- DirectX9 API detected
04.06.2019 21:54:34.720 [00001f7c] --- DirectX9Ex API detected
04.06.2019 21:54:34.720 [00001f7c] --- i1: InterfaceProc1
04.06.2019 21:54:34.720 [00001f7c] --- interfaceFunc1 [\\.\DISPLAY1] totalMaps=2
04.06.2019 21:54:34.720 [00001f7c] --- DXGI dll=05830000
04.06.2019 21:54:34.735 [00001f7c] --- DirectX DXGI API CreateDXGIFactory detected 1
04.06.2019 21:54:34.766 [00001f7c] --- DirectX DXGI API CreateDXGIFactory1 detected 1
04.06.2019 21:54:34.782 [00001f7c] --- DirectX DXGI API CreateDXGIFactory2 detected 1
04.06.2019 21:54:34.782 [00001f7c] --- DirectX DXGI API detected
04.06.2019 21:54:34.782 [00001f7c] --- DirectX D3D12 API detected hd3d12=ff080000
04.06.2019 21:54:34.813 [00001f7c] --- DirectX D3D12 API detected 1
04.06.2019 21:54:34.813 [00001f7c] --- hookOpenGL
04.06.2019 21:54:34.970 [00001f7c] --- OpenGL API detected
04.06.2019 21:54:37.165 [00001f7c] --- PROCESS DETACH
