04.06.2019 21:50:15.182 [000018ac] --- App --- Immersive Display PRO v3.0.5 (01.01.2019)
04.06.2019 21:50:15.182 [000018ac] --- OS 6:2 Microsoft Windows 8 Professional (build 9200), 64-bit 7(0) 8(1) 8.1(0) 10(0)
04.06.2019 21:50:15.182 [000018ac] --- Process64 C:\Users\own\scoop\apps\git\2.21.0.windows.1\mingw64\libexec\git-core\git.exe
04.06.2019 21:50:15.182 [000018ac] --- CmdLine [git gc --auto]
04.06.2019 21:50:15.182 [000018ac] --- Enumerating displays ...
04.06.2019 21:50:15.182 [000018ac] --- Device N[\\.\DISPLAY1] S[Radeon RX 580 Series] M[Generic PnP Monitor] F[desktop primary ]
04.06.2019 21:50:15.182 [000018ac] --- Device N[\\.\DISPLAY2] S[Radeon RX 580 Series] M[] F[]
04.06.2019 21:50:15.182 [000018ac] --- Device N[\\.\DISPLAY3] S[Radeon RX 580 Series] M[] F[]
04.06.2019 21:50:15.182 [000018ac] --- Device N[\\.\DISPLAY4] S[Radeon RX 580 Series] M[] F[]
04.06.2019 21:50:15.182 [000018ac] --- Device N[\\.\DISPLAY5] S[Radeon RX 580 Series] M[] F[]
04.06.2019 21:50:15.182 [000018ac] --- Device N[\\.\DISPLAY6] S[Radeon RX 580 Series] M[] F[]
04.06.2019 21:50:15.182 [000018ac] --- Device N[\\.\DISPLAY7] S[Radeon RX 580 Series] M[] F[]
04.06.2019 21:50:15.182 [000018ac] --- Device N[\\.\DISPLAY8] S[Radeon RX 580 Series] M[] F[]
04.06.2019 21:50:15.182 [000018ac] --- SM_CMONITORS         = 1
04.06.2019 21:50:15.182 [000018ac] --- SM_SAMEDISPLAYFORMAT = 1
04.06.2019 21:50:15.182 [000018ac] --- SM_XVIRTUALSCREEN    = 0
04.06.2019 21:50:15.182 [000018ac] --- SM_YVIRTUALSCREEN    = 0
04.06.2019 21:50:15.182 [000018ac] --- SM_CXVIRTUALSCREEN   = 3840
04.06.2019 21:50:15.182 [000018ac] --- SM_CYVIRTUALSCREEN   = 1200
04.06.2019 21:50:15.182 [000018ac] --- SM_CXCURSOR          = 32
04.06.2019 21:50:15.192 [000018ac] --- [\\.\DISPLAY1] [Radeon RX 580 Series] [MONITOR\ADVEF2D\{4d36e96e-e325-11ce-bfc1-08002be10318}\0017] [Generic PnP Monitor]
04.06.2019 21:50:15.192 [000018ac] --- Enumerated 1 displays
04.06.2019 21:50:15.192 [000018ac] --- Displays initialized
04.06.2019 21:50:15.192 [000018ac] --- Displays[0] M[00010001] HDC[0b0105b4] GDC[060105b8] L=0 T=0 R=3840 B=1200 RECT[0,0 3840x1200] N[\\.\DISPLAY1] M[Generic PnP Monitor] F[1] PROJ[0x0] MAPS[0]
04.06.2019 21:50:15.192 [000018ac] ---    Grouping G[0] N[0] GD[]
04.06.2019 21:50:15.192 [000018ac] --- ---
04.06.2019 21:50:15.192 [000018ac] --- hookD3D9
04.06.2019 21:50:15.194 [000018ac] --- DirectX9 dll=82790000
04.06.2019 21:50:15.242 [000018ac] --- DirectX9 API detected
04.06.2019 21:50:15.242 [000018ac] --- DirectX9Ex API detected
04.06.2019 21:50:15.242 [000018ac] --- i1: InterfaceProc1
04.06.2019 21:50:15.242 [000018ac] --- DXGI dll=b1270000
04.06.2019 21:50:15.262 [000018ac] --- DirectX DXGI API CreateDXGIFactory detected 1
04.06.2019 21:50:15.282 [000018ac] --- DirectX DXGI API CreateDXGIFactory1 detected 1
04.06.2019 21:50:15.312 [000018ac] --- DirectX DXGI API CreateDXGIFactory2 detected 1
04.06.2019 21:50:15.312 [000018ac] --- DirectX DXGI API detected
04.06.2019 21:50:15.312 [000018ac] --- DirectX D3D12 API detected hd3d12=aa8c0000
04.06.2019 21:50:15.332 [000018ac] --- DirectX D3D12 API detected 1
04.06.2019 21:50:15.332 [000018ac] --- hookOpenGL
04.06.2019 21:50:15.494 [000018ac] --- OpenGL API detected
04.06.2019 21:50:15.562 [000018ac] --- PROCESS DETACH
