04.06.2019 21:37:00.451 [00001f4c] --- App --- Immersive Display PRO v3.0.5 (01.01.2019)
04.06.2019 21:37:00.451 [00001f4c] --- OS 6:2 Microsoft Windows 8 Professional (build 9200), 64-bit 7(0) 8(1) 8.1(0) 10(0)
04.06.2019 21:37:00.451 [00001f4c] --- Process64 C:\Users\own\scoop\apps\git\2.21.0.windows.1\mingw64\libexec\git-core\git-remote-https.exe
04.06.2019 21:37:00.451 [00001f4c] --- CmdLine [git-remote-https origin https://github.com/amoujhang/boch-wall.git]
04.06.2019 21:37:00.451 [00001f4c] --- Enumerating displays ...
04.06.2019 21:37:00.451 [00001f4c] --- Device N[\\.\DISPLAY1] S[Radeon RX 580 Series] M[Generic PnP Monitor] F[desktop primary ]
04.06.2019 21:37:00.451 [00001f4c] --- Device N[\\.\DISPLAY2] S[Radeon RX 580 Series] M[] F[]
04.06.2019 21:37:00.451 [00001f4c] --- Device N[\\.\DISPLAY3] S[Radeon RX 580 Series] M[] F[]
04.06.2019 21:37:00.467 [00001f4c] --- Device N[\\.\DISPLAY4] S[Radeon RX 580 Series] M[] F[]
04.06.2019 21:37:00.467 [00001f4c] --- Device N[\\.\DISPLAY5] S[Radeon RX 580 Series] M[] F[]
04.06.2019 21:37:00.467 [00001f4c] --- Device N[\\.\DISPLAY6] S[Radeon RX 580 Series] M[] F[]
04.06.2019 21:37:00.467 [00001f4c] --- Device N[\\.\DISPLAY7] S[Radeon RX 580 Series] M[] F[]
04.06.2019 21:37:00.467 [00001f4c] --- Device N[\\.\DISPLAY8] S[Radeon RX 580 Series] M[] F[]
04.06.2019 21:37:00.467 [00001f4c] --- SM_CMONITORS         = 1
04.06.2019 21:37:00.467 [00001f4c] --- SM_SAMEDISPLAYFORMAT = 1
04.06.2019 21:37:00.467 [00001f4c] --- SM_XVIRTUALSCREEN    = 0
04.06.2019 21:37:00.467 [00001f4c] --- SM_YVIRTUALSCREEN    = 0
04.06.2019 21:37:00.467 [00001f4c] --- SM_CXVIRTUALSCREEN   = 3840
04.06.2019 21:37:00.467 [00001f4c] --- SM_CYVIRTUALSCREEN   = 1200
04.06.2019 21:37:00.467 [00001f4c] --- SM_CXCURSOR          = 32
04.06.2019 21:37:00.498 [00001f4c] --- [\\.\DISPLAY1] [Radeon RX 580 Series] [MONITOR\ADVEF2D\{4d36e96e-e325-11ce-bfc1-08002be10318}\0017] [Generic PnP Monitor]
04.06.2019 21:37:00.498 [00001f4c] --- Enumerated 1 displays
04.06.2019 21:37:00.498 [00001f4c] --- Displays initialized
04.06.2019 21:37:00.498 [00001f4c] --- Displays[0] M[00010001] HDC[15010c94] GDC[30010c26] L=0 T=0 R=3840 B=1200 RECT[0,0 3840x1200] N[\\.\DISPLAY1] M[Generic PnP Monitor] F[1] PROJ[2x1] MAPS[2]
04.06.2019 21:37:00.498 [00001f4c] ---    Grouping G[0] N[0] GD[]
04.06.2019 21:37:00.498 [00001f4c] --- ---
04.06.2019 21:37:00.498 [00001f4c] --- hookD3D9
04.06.2019 21:37:00.498 [00001f4c] --- DirectX9 dll=f0480000
04.06.2019 21:37:00.545 [00001f4c] --- DirectX9 API detected
04.06.2019 21:37:00.545 [00001f4c] --- DirectX9Ex API detected
04.06.2019 21:37:00.545 [00001f4c] --- i1: InterfaceProc1
04.06.2019 21:37:00.545 [00001f4c] --- interfaceFunc1 [\\.\DISPLAY1] totalMaps=2
04.06.2019 21:37:00.545 [00001f4c] --- DXGI dll=1eea0000
04.06.2019 21:37:00.576 [00001f4c] --- DirectX DXGI API CreateDXGIFactory detected 1
04.06.2019 21:37:00.592 [00001f4c] --- DirectX DXGI API CreateDXGIFactory1 detected 1
04.06.2019 21:37:00.608 [00001f4c] --- DirectX DXGI API CreateDXGIFactory2 detected 1
04.06.2019 21:37:00.608 [00001f4c] --- DirectX DXGI API detected
04.06.2019 21:37:00.623 [00001f4c] --- DirectX D3D12 API detected hd3d12=18670000
04.06.2019 21:37:00.639 [00001f4c] --- DirectX D3D12 API detected 1
04.06.2019 21:37:00.639 [00001f4c] --- hookOpenGL
04.06.2019 21:37:00.795 [00001f4c] --- OpenGL API detected
04.06.2019 21:37:03.044 [00001f4c] --- PROCESS DETACH
