04.06.2019 21:14:07.763 [00002380] ??? OSM handle == NULL error=2
04.06.2019 21:14:07.763 [00002380] ^^^ SC trying session1
--- [2]
04.06.2019 21:14:07.763 [00002380] --- App --- Immersive Display PRO v3.0.5 (01.01.2019)
04.06.2019 21:14:07.763 [00002380] --- OS 6:2 Microsoft Windows 8 Professional (build 9200), 64-bit 7(0) 8(1) 8.1(0) 10(0)
04.06.2019 21:14:07.763 [00002380] --- Process32 C:\WINDOWS\syswow64\WOWReg32.exe
04.06.2019 21:14:07.764 [00002380] --- CmdLine ["C:\WINDOWS\syswow64\WOWReg32.exe" /RegionName {e42905ef-3be7-4c10-9182-df0b7fec7195} /SignalReady {f60918e5-24c6-408b-b98c-bf2cfb5126f5} /SignalComplete {8af10c61-60fd-424a-ad43-15d7d1a96162}]
04.06.2019 21:14:07.764 [00002380] --- Enumerating displays ...
04.06.2019 21:14:07.764 [00002380] --- SM_CMONITORS         = 1
04.06.2019 21:14:07.764 [00002380] --- SM_SAMEDISPLAYFORMAT = 1
04.06.2019 21:14:07.764 [00002380] --- SM_XVIRTUALSCREEN    = 0
04.06.2019 21:14:07.764 [00002380] --- SM_YVIRTUALSCREEN    = 0
04.06.2019 21:14:07.764 [00002380] --- SM_CXVIRTUALSCREEN   = 1024
04.06.2019 21:14:07.764 [00002380] --- SM_CYVIRTUALSCREEN   = 768
04.06.2019 21:14:07.764 [00002380] --- SM_CXCURSOR          = 32
04.06.2019 21:14:07.764 [00002380] ??? No displays enumerated. Retry later
04.06.2019 21:14:07.764 [00002380] --- hookD3D9
04.06.2019 21:14:07.765 [00002380] --- DirectX9 dll=71460000
04.06.2019 21:14:07.798 [00002380] --- DirectX9 API detected
04.06.2019 21:14:07.798 [00002380] --- DirectX9Ex API detected
04.06.2019 21:14:07.798 [00002380] --- i1: InterfaceProc1
04.06.2019 21:14:07.799 [00002380] --- DXGI dll=724a0000
04.06.2019 21:14:07.815 [00002380] --- DirectX DXGI API CreateDXGIFactory detected 1
04.06.2019 21:14:07.830 [00002380] --- DirectX DXGI API CreateDXGIFactory1 detected 1
04.06.2019 21:14:07.846 [00002380] --- DirectX DXGI API CreateDXGIFactory2 detected 1
04.06.2019 21:14:07.846 [00002380] --- DirectX DXGI API detected
04.06.2019 21:14:07.847 [00002380] --- DirectX D3D12 API detected hd3d12=72330000
04.06.2019 21:14:07.863 [00002380] --- DirectX D3D12 API detected 1
04.06.2019 21:14:07.863 [00002380] --- hookOpenGL
04.06.2019 21:14:07.991 [00002380] --- OpenGL API detected
