04.06.2019 21:29:58.353 [000027f0] --- Immersive Display PRO v3.0.5
04.06.2019 21:29:58.353 [000027f0] --- OS 6:2 Microsoft Windows 8 Professional (build 9200), 64-bit 7(0) 8(1) 8.1(0) 10(0)
04.06.2019 21:29:58.353 [000027f0] --- SCREEN \\.\DISPLAY1
04.06.2019 21:29:58.353 [000027f0] ------ LogicalDPI=96.000000 Scale=1.000000
04.06.2019 21:29:58.353 [000027f0] ------ DevicePixelRatio=1.000000
04.06.2019 21:29:58.384 [000027f0] --- Removed 0 log file(s)
04.06.2019 21:29:58.384 [000027f0] --- ACL changed for C:\WARP000\
04.06.2019 21:29:58.696 [000027f0] --- LicAppName=Immersive Display PRO
04.06.2019 21:29:58.697 [000027f0] --- L1
04.06.2019 21:29:59.204 [000027f0] --- DK2C64
04.06.2019 21:30:00.157 [000027f0] --- DM110
04.06.2019 21:30:01.220 [000027f0] --- LD=20190109 SD=20190101
04.06.2019 21:30:01.220 [000027f0] --- ###[UzNZOU5YME0yNDg4OTBM]###
04.06.2019 21:30:01.776 [000027f0] --- Displays 1/2 [20] SGD=2560932 SSC=31904
04.06.2019 21:30:01.776 [000027f0] --- Shared 31904+5121864 5153768
04.06.2019 21:30:01.776 [000027f0] ### PageSize=4096
04.06.2019 21:30:01.776 [000027f0] ### MinimumApplicationAddress=00010000
04.06.2019 21:30:01.776 [000027f0] ### MaximumApplicationAddress=7ffeffff
04.06.2019 21:30:01.776 [000027f0] ### AllocationGranularity=65536
04.06.2019 21:30:01.776 [000027f0] ### Res=28
04.06.2019 21:30:01.776 [000027f0] ### BaseAddress=0ab00000
04.06.2019 21:30:01.776 [000027f0] ### AllocationBase=0ab00000
04.06.2019 21:30:01.776 [000027f0] ### AllocationProtect=00000004
04.06.2019 21:30:01.776 [000027f0] ### RegionSize=5156864
04.06.2019 21:30:01.776 [000027f0] ### State=00001000
04.06.2019 21:30:01.776 [000027f0] ### Protect=00000004
04.06.2019 21:30:01.776 [000027f0] ### Type=00040000
04.06.2019 21:30:01.776 [000027f0] --- Config 0ab00000 ZERO(0) 31904 + 5121864
04.06.2019 21:30:01.776 [000027f0] --- Config 0ab00000 ZERO(1)
04.06.2019 21:30:01.778 [000027f0] --- Config 0ab00000 ZERO(2)
04.06.2019 21:30:01.778 [000027f0] --- R [12]->60
04.06.2019 21:30:01.778 [000027f0] --- MP 3
04.06.2019 21:30:01.778 [000027f0] --- Config 0ab00000
04.06.2019 21:30:01.778 [000027f0] --- Config logsFolder=C:\WARP000\logs\
04.06.2019 21:30:01.778 [000027f0] --- Config imagesFolder=C:\WARP000\images\
04.06.2019 21:30:01.778 [000027f0] --- Config configsFolder=C:\WARP000\config\
04.06.2019 21:30:01.778 [000027f0] --- Enumerating displays ...
04.06.2019 21:30:01.779 [000027f0] --- Device N[\\.\DISPLAY1] S[Radeon RX 580 Series] M[Generic PnP Monitor] F[desktop primary ]
04.06.2019 21:30:01.780 [000027f0] --- Device N[\\.\DISPLAY2] S[Radeon RX 580 Series] M[] F[]
04.06.2019 21:30:01.780 [000027f0] --- Device N[\\.\DISPLAY3] S[Radeon RX 580 Series] M[] F[]
04.06.2019 21:30:01.781 [000027f0] --- Device N[\\.\DISPLAY4] S[Radeon RX 580 Series] M[] F[]
04.06.2019 21:30:01.781 [000027f0] --- Device N[\\.\DISPLAY5] S[Radeon RX 580 Series] M[] F[]
04.06.2019 21:30:01.782 [000027f0] --- Device N[\\.\DISPLAY6] S[Radeon RX 580 Series] M[] F[]
04.06.2019 21:30:01.782 [000027f0] --- Device N[\\.\DISPLAY7] S[Radeon RX 580 Series] M[] F[]
04.06.2019 21:30:01.783 [000027f0] --- Device N[\\.\DISPLAY8] S[Radeon RX 580 Series] M[] F[]
04.06.2019 21:30:01.783 [000027f0] --- SM_CMONITORS         = 1
04.06.2019 21:30:01.783 [000027f0] --- SM_SAMEDISPLAYFORMAT = 1
04.06.2019 21:30:01.783 [000027f0] --- SM_XVIRTUALSCREEN    = 0
04.06.2019 21:30:01.783 [000027f0] --- SM_YVIRTUALSCREEN    = 0
04.06.2019 21:30:01.783 [000027f0] --- SM_CXVIRTUALSCREEN   = 3840
04.06.2019 21:30:01.783 [000027f0] --- SM_CYVIRTUALSCREEN   = 1200
04.06.2019 21:30:01.783 [000027f0] --- SM_CXCURSOR          = 32
04.06.2019 21:30:01.815 [000027f0] --- [\\.\DISPLAY1] [Radeon RX 580 Series] [MONITOR\ADVEF2D\{4d36e96e-e325-11ce-bfc1-08002be10318}\0017] [Generic PnP Monitor]
04.06.2019 21:30:01.816 [000027f0] --- Enumerated 1 displays
04.06.2019 21:30:01.816 [000027f0] --- Displays initialized
04.06.2019 21:30:01.816 [000027f0] --- Displays[0] M[00010001] HDC[0b0109ef] GDC[94010c61] L=0 T=0 R=3840 B=1200 RECT[0,0 3840x1200] N[\\.\DISPLAY1] M[Generic PnP Monitor] F[1] PROJ[0x0] MAPS[0]
04.06.2019 21:30:01.816 [000027f0] ---    Grouping G[0] N[0] GD[]
04.06.2019 21:30:01.816 [000027f0] --- ---
04.06.2019 21:30:01.833 [000027f0] --- Model:Config file C:\WARP000\config\config.dat does not exist
04.06.2019 21:30:01.834 [000027f0] --- Model:Config file LCC[1]
04.06.2019 21:30:01.834 [000027f0] --- Model:Config file CC[2]
04.06.2019 21:30:01.839 [000027f0] --- Preferences loaded
04.06.2019 21:30:01.839 [000027f0] ------ startMinimized 0
04.06.2019 21:30:01.839 [000027f0] ------ showTrayNotifications 0
04.06.2019 21:30:01.839 [000027f0] ------ autoStartDesktopWarping 1
04.06.2019 21:30:01.839 [000027f0] ------ autoStartDesktopWarpingDelaySeconds 3
04.06.2019 21:30:01.839 [000027f0] ------ warpCursor 1
04.06.2019 21:30:01.839 [000027f0] ------ hideSystemCursor 0
04.06.2019 21:30:01.839 [000027f0] ------ samplingDesktop 2
04.06.2019 21:30:01.839 [000027f0] ------ samplingDXGL 2
04.06.2019 21:30:01.839 [000027f0] ------ useFXAA 0
04.06.2019 21:30:01.839 [000027f0] ------ useFXAAPresetIndex 0
04.06.2019 21:30:01.839 [000027f0] ------ updateRateMS 20
04.06.2019 21:30:01.839 [000027f0] ------ enableVNCControl 0
04.06.2019 21:30:01.839 [000027f0] ------ vncPort 5900
04.06.2019 21:30:01.839 [000027f0] ------ vncPassword 1234
04.06.2019 21:30:01.839 [000027f0] ------ enableTelnet 0
04.06.2019 21:30:01.839 [000027f0] ------ remoteTelnetPort 6600
04.06.2019 21:30:01.839 [000027f0] ------ overrideDesktopRotation 0
04.06.2019 21:30:01.839 [000027f0] ------ forcedDesktopRotation 0
04.06.2019 21:30:01.839 [000027f0] ------ forcedScissorsRotation 0
04.06.2019 21:30:01.839 [000027f0] ------ checkForDisplayConfigChange 0
04.06.2019 21:30:01.839 [000027f0] ------ cropEdges 0
04.06.2019 21:30:01.839 [000027f0] ------ cropPixels 0
04.06.2019 21:30:01.839 [000027f0] ------ removeWindowFrame 0
04.06.2019 21:30:01.839 [000027f0] ------ skipWarpChildWindows 0
04.06.2019 21:30:01.839 [000027f0] ------ openGLTextureOffset 0
04.06.2019 21:30:01.839 [000027f0] ------ disable_DX9 0
04.06.2019 21:30:01.839 [000027f0] ------ disable_DX10 0
04.06.2019 21:30:01.839 [000027f0] ------ disable_DX11 0
04.06.2019 21:30:01.839 [000027f0] ------ disable_DX12 0
04.06.2019 21:30:01.839 [000027f0] ------ disable_OpenGL 0
04.06.2019 21:30:01.839 [000027f0] ------ disable_Vulkan 1
04.06.2019 21:30:01.839 [000027f0] ------ forcePreserveBB_DX9 0
04.06.2019 21:30:01.839 [000027f0] ------ forcePreserveBB_DX10 0
04.06.2019 21:30:01.839 [000027f0] ------ forcePreserveBB_DX11 0
04.06.2019 21:30:01.839 [000027f0] ------ forcePreserveBB_DX12 0
04.06.2019 21:30:01.839 [000027f0] ------ forcePreserveBB_OpenGL 0
04.06.2019 21:30:01.839 [000027f0] ------ forcePreserveBB_Vulkan 0
04.06.2019 21:30:01.839 [000027f0] ------ enableDebanding 0
04.06.2019 21:30:01.839 [000027f0] ------ enableWindowsSessionShutdown 0
04.06.2019 21:30:01.839 [000027f0] ------ ignoreDWMInFullScreen 1
04.06.2019 21:30:01.842 [000027f0] --- Excludes loaded 3
04.06.2019 21:30:01.842 [000027f0] ------ Exclude Path=MQTT_Json_Movie_MOC.exe DX9=1 DX10=1 DX11=1 DX12=1 OGL=1 VULKAN=1 StopDWM7=0
04.06.2019 21:30:01.842 [000027f0] ------ Exclude Path=chrome.exe DX9=1 DX10=1 DX11=1 DX12=1 OGL=1 VULKAN=1 StopDWM7=0
04.06.2019 21:30:01.842 [000027f0] ------ Exclude Path=chrome.exe DX9=1 DX10=1 DX11=1 DX12=1 OGL=1 VULKAN=1 StopDWM7=0
04.06.2019 21:30:01.844 [000027f0] --- Sets configSet=1
04.06.2019 21:30:01.844 [000027f0] --- Sets configSetFile[1]=C:\WARP000\config\20190509.dat
04.06.2019 21:30:01.844 [000027f0] --- Sets configSetFile[2]=C:\WARP000\config\config2.dat
04.06.2019 21:30:01.844 [000027f0] --- Sets configSetFile[3]=C:\WARP000\config\config3.dat
04.06.2019 21:30:01.844 [000027f0] --- Sets configSetFile[4]=C:\WARP000\config\config4.dat
04.06.2019 21:30:01.844 [000027f0] --- Sets configSetFile[5]=C:\WARP000\config\config5.dat
04.06.2019 21:30:01.845 [000027f0] --- Sets configSetFile[6]=C:\WARP000\config\config6.dat
04.06.2019 21:30:01.845 [000027f0] --- Sets configSetFile[7]=C:\WARP000\config\config7.dat
04.06.2019 21:30:01.845 [000027f0] --- Sets configSetFile[8]=C:\WARP000\config\config8.dat
04.06.2019 21:30:01.866 [000027f0] --- Loaded Displays[0] \\.\DISPLAY1 Generic PnP Monitor L=0 T=0 R=3840 B=1200 loadedDisplaysWithPositionAndSize=1
04.06.2019 21:30:01.899 [000027f0] --- Displays loaded
04.06.2019 21:30:01.899 [000027f0] --- Displays[0] M[00010001] HDC[0b0109ef] GDC[94010c61] L=0 T=0 R=3840 B=1200 RECT[0,0 3840x1200] N[\\.\DISPLAY1] M[Generic PnP Monitor] F[1] PROJ[2x1] MAPS[2]
04.06.2019 21:30:01.900 [000027f0] ---    Grouping G[0] N[0] GD[]
04.06.2019 21:30:01.900 [000027f0] --- Model:Config file C:\WARP000\config\20190509.dat loaded
04.06.2019 21:30:01.900 [000027f0] --- Model:Config file LCC[3]
04.06.2019 21:30:01.900 [000027f0] --- Model:Config file CC[4]
04.06.2019 21:30:01.900 [000027f0] --- Sets manager selectSet[1]->1
04.06.2019 21:30:01.911 [000027f0] --- Schedules STOP
04.06.2019 21:30:01.911 [000027f0] --- Schedules STOP
04.06.2019 21:30:01.914 [000027f0] --- Autoruns 0
04.06.2019 21:30:01.918 [000027f0] $$$ Immersive Display PRO v3.0.5 (01.01.2019)
04.06.2019 21:30:01.918 [000027f0] $$$ 6:2 Microsoft Windows 8 Professional (build 9200), 64-bit 7(0) 8(1) 8.1(0) 10(0)
04.06.2019 21:30:02.228 [000027f0] --- Run all autoruns
04.06.2019 21:30:04.010 [000027f0] $$$ P64[00002498] [chrome.exe][C:\Program Files (x86)\Google\Chrome\Application\chrome.exe] started
04.06.2019 21:30:05.131 [000027f0] --- onToggleDesktopWarp isDWMAvailable=1
04.06.2019 21:30:05.131 [000027f0] --- onToggleDesktopWarp TOGGLED
04.06.2019 21:30:05.131 [000027f0] $$$ incremented dwmRestartCount=1
04.06.2019 21:30:05.942 [000027f0] $$$ P32[00001d30] [TeamViewer.exe][C:\Program Files (x86)\TeamViewer\TeamViewer.exe] started
04.06.2019 21:30:06.027 [000027f0] $$$ P64[00001b90] [dwm.exe][C:\WINDOWS\system32\dwm.exe] started
04.06.2019 21:30:08.059 [000027f0] $$$ P64[00002544] [MCEControl.exe][C:\Program Files (x86)\Kindel Systems\MCE Controller\MCEControl.exe] started
04.06.2019 21:30:42.875 [000027f0] !!! onWindowsSessionEnded 0
