05.06.2019 10:42:39.975 [00001f10] --- App --- Immersive Display PRO v3.0.5 (01.01.2019)
05.06.2019 10:42:39.975 [00001f10] --- OS 6:2 Microsoft Windows 8 Professional (build 9200), 64-bit 7(0) 8(1) 8.1(0) 10(0)
05.06.2019 10:42:39.975 [00001f10] --- Process64 C:\WINDOWS\system32\dwm.exe
05.06.2019 10:42:39.975 [00001f10] --- CmdLine ["dwm.exe"]
05.06.2019 10:42:39.975 [00001f10] --- Enumerating displays ...
05.06.2019 10:42:39.976 [00001f10] --- Device N[\\.\DISPLAY1] S[Radeon RX 580 Series] M[Generic PnP Monitor] F[desktop primary ]
05.06.2019 10:42:39.976 [00001f10] --- Device N[\\.\DISPLAY2] S[Radeon RX 580 Series] M[] F[]
05.06.2019 10:42:39.977 [00001f10] --- Device N[\\.\DISPLAY3] S[Radeon RX 580 Series] M[] F[]
05.06.2019 10:42:39.977 [00001f10] --- Device N[\\.\DISPLAY4] S[Radeon RX 580 Series] M[] F[]
05.06.2019 10:42:39.978 [00001f10] --- Device N[\\.\DISPLAY5] S[Radeon RX 580 Series] M[] F[]
05.06.2019 10:42:39.978 [00001f10] --- Device N[\\.\DISPLAY6] S[Radeon RX 580 Series] M[] F[]
05.06.2019 10:42:39.979 [00001f10] --- Device N[\\.\DISPLAY7] S[Radeon RX 580 Series] M[] F[]
05.06.2019 10:42:39.979 [00001f10] --- Device N[\\.\DISPLAY8] S[Radeon RX 580 Series] M[] F[]
05.06.2019 10:42:39.979 [00001f10] --- SM_CMONITORS         = 1
05.06.2019 10:42:39.979 [00001f10] --- SM_SAMEDISPLAYFORMAT = 1
05.06.2019 10:42:39.979 [00001f10] --- SM_XVIRTUALSCREEN    = 0
05.06.2019 10:42:39.979 [00001f10] --- SM_YVIRTUALSCREEN    = 0
05.06.2019 10:42:39.979 [00001f10] --- SM_CXVIRTUALSCREEN   = 3840
05.06.2019 10:42:39.979 [00001f10] --- SM_CYVIRTUALSCREEN   = 1200
05.06.2019 10:42:39.979 [00001f10] --- SM_CXCURSOR          = 32
05.06.2019 10:42:39.980 [00001f10] ??? No displays enumerated. Retry later
05.06.2019 10:42:39.980 [00001f10] --- hookD3D9
05.06.2019 10:42:39.981 [00001f10] --- DirectX9 dll=328d0000
05.06.2019 10:42:40.021 [00001f10] --- DirectX9 API detected
05.06.2019 10:42:40.021 [00001f10] --- DirectX9Ex API detected
05.06.2019 10:42:40.021 [00001f10] --- i1: InterfaceProc1
05.06.2019 10:42:40.021 [00001f10] --- DXGI dll=61320000
05.06.2019 10:42:40.052 [00001f10] --- DirectX DXGI API CreateDXGIFactory detected 1
05.06.2019 10:42:40.068 [00001f10] --- DirectX DXGI API CreateDXGIFactory1 detected 1
05.06.2019 10:42:40.099 [00001f10] --- DirectX DXGI API CreateDXGIFactory2 detected 1
05.06.2019 10:42:40.099 [00001f10] --- DirectX DXGI API detected
05.06.2019 10:42:40.114 [00001f10] --- DirectX D3D11 API detected 1
05.06.2019 10:42:40.114 [00001f10] --- DirectX D3D12 API detected hd3d12=5a9e0000
05.06.2019 10:42:40.146 [00001f10] --- DirectX D3D12 API detected 1
05.06.2019 10:42:40.146 [00001f10] --- hookOpenGL
05.06.2019 10:42:40.317 [00001f10] --- OpenGL API detected
05.06.2019 10:42:40.427 [00001b64] --- D3D11CreateDevice ADAPTER NULL
05.06.2019 10:42:40.442 [000018bc] --- D3D11CreateDevice ADAPTER Description=Radeon RX 580 Series
05.06.2019 10:42:40.442 [000018bc] --- Device FeatureLevels[0]=0000a100
05.06.2019 10:42:40.442 [00001b64] --- Device FeatureLevel -> 0000b000
05.06.2019 10:42:40.458 [000018bc] --- D3D11CreateDevice ADAPTER Description=Radeon RX 580 Series
05.06.2019 10:42:40.458 [000018bc] --- Device FeatureLevels[0]=0000c100
05.06.2019 10:42:40.458 [000018bc] --- Device FeatureLevels[1]=0000c000
05.06.2019 10:42:40.458 [000018bc] --- Device FeatureLevels[2]=0000b100
05.06.2019 10:42:40.458 [000018bc] --- Device FeatureLevels[3]=0000b000
05.06.2019 10:42:40.458 [000018bc] --- Device FeatureLevels[4]=0000a100
05.06.2019 10:42:40.458 [000018bc] --- Device FeatureLevels[5]=0000a000
05.06.2019 10:42:40.458 [000018bc] --- Device FeatureLevels[6]=00009300
05.06.2019 10:42:40.458 [000018bc] --- Device FeatureLevels[7]=00009200
05.06.2019 10:42:40.458 [000018bc] --- Device FeatureLevels[8]=00009100
05.06.2019 10:42:40.458 [000018bc] --- Device FeatureLevel -> 0000c000
05.06.2019 10:43:13.432 [00001f70] --- Restarting DWM
05.06.2019 10:43:13.635 [00001f70] --- Exiting DWM
05.06.2019 10:43:13.697 [00001f70] --- PROCESS DETACH
