05.06.2019 05:35:21.589 [000023e0] ??? OSM handle == NULL error=2
05.06.2019 05:35:21.589 [000023e0] ^^^ SC trying session1
--- [2]
05.06.2019 05:35:21.590 [000023e0] --- App --- Immersive Display PRO v3.0.5 (01.01.2019)
05.06.2019 05:35:21.590 [000023e0] --- OS 6:2 Microsoft Windows 8 Professional (build 9200), 64-bit 7(0) 8(1) 8.1(0) 10(0)
05.06.2019 05:35:21.590 [000023e0] --- Process32 C:\Program Files (x86)\Google\Update\GoogleUpdate.exe
05.06.2019 05:35:21.590 [000023e0] --- CmdLine ["C:\Program Files (x86)\Google\Update\GoogleUpdate.exe" /ua /installsource scheduler]
05.06.2019 05:35:21.590 [000023e0] --- Enumerating displays ...
05.06.2019 05:35:21.590 [000023e0] --- SM_CMONITORS         = 1
05.06.2019 05:35:21.590 [000023e0] --- SM_SAMEDISPLAYFORMAT = 1
05.06.2019 05:35:21.590 [000023e0] --- SM_XVIRTUALSCREEN    = 0
05.06.2019 05:35:21.590 [000023e0] --- SM_YVIRTUALSCREEN    = 0
05.06.2019 05:35:21.590 [000023e0] --- SM_CXVIRTUALSCREEN   = 1024
05.06.2019 05:35:21.590 [000023e0] --- SM_CYVIRTUALSCREEN   = 768
05.06.2019 05:35:21.590 [000023e0] --- SM_CXCURSOR          = 32
05.06.2019 05:35:21.590 [000023e0] ??? No displays enumerated. Retry later
05.06.2019 05:35:21.590 [000023e0] --- hookD3D9
05.06.2019 05:35:21.591 [000023e0] --- DirectX9 dll=717f0000
05.06.2019 05:35:21.618 [000023e0] --- DirectX9 API detected
05.06.2019 05:35:21.618 [000023e0] --- DirectX9Ex API detected
05.06.2019 05:35:21.618 [000023e0] --- i1: InterfaceProc1
05.06.2019 05:35:21.618 [000023e0] --- DXGI dll=72790000
05.06.2019 05:35:21.631 [000023e0] --- DirectX DXGI API CreateDXGIFactory detected 1
05.06.2019 05:35:21.644 [000023e0] --- DirectX DXGI API CreateDXGIFactory1 detected 1
05.06.2019 05:35:21.657 [000023e0] --- DirectX DXGI API CreateDXGIFactory2 detected 1
05.06.2019 05:35:21.657 [000023e0] --- DirectX DXGI API detected
05.06.2019 05:35:21.657 [000023e0] --- DirectX D3D12 API detected hd3d12=72590000
05.06.2019 05:35:21.670 [000023e0] --- DirectX D3D12 API detected 1
05.06.2019 05:35:21.670 [000023e0] --- hookOpenGL
05.06.2019 05:35:21.775 [000023e0] --- OpenGL API detected
05.06.2019 05:35:42.672 [000023e0] --- PROCESS DETACH
