04.06.2019 15:33:56.786 [000018d0] ??? OSM handle == NULL error=2
04.06.2019 15:33:56.786 [000018d0] ^^^ SC trying session1
--- [2]
04.06.2019 15:33:56.786 [000018d0] --- App --- Immersive Display PRO v3.0.5 (01.01.2019)
04.06.2019 15:33:56.786 [000018d0] --- OS 6:2 Microsoft Windows 8 Professional (build 9200), 64-bit 7(0) 8(1) 8.1(0) 10(0)
04.06.2019 15:33:56.786 [000018d0] --- Process32 C:\Program Files (x86)\Intel\Intel(R) Management Engine Components\DAL\jhi_service.exe
04.06.2019 15:33:56.786 [000018d0] --- CmdLine ["C:\Program Files (x86)\Intel\Intel(R) Management Engine Components\DAL\jhi_service.exe"]
04.06.2019 15:33:56.786 [000018d0] --- Enumerating displays ...
04.06.2019 15:33:56.786 [000018d0] --- SM_CMONITORS         = 1
04.06.2019 15:33:56.786 [000018d0] --- SM_SAMEDISPLAYFORMAT = 1
04.06.2019 15:33:56.786 [000018d0] --- SM_XVIRTUALSCREEN    = 0
04.06.2019 15:33:56.786 [000018d0] --- SM_YVIRTUALSCREEN    = 0
04.06.2019 15:33:56.786 [000018d0] --- SM_CXVIRTUALSCREEN   = 1024
04.06.2019 15:33:56.786 [000018d0] --- SM_CYVIRTUALSCREEN   = 768
04.06.2019 15:33:56.786 [000018d0] --- SM_CXCURSOR          = 32
04.06.2019 15:33:56.786 [000018d0] ??? No displays enumerated. Retry later
04.06.2019 15:33:56.786 [000018d0] --- hookD3D9
04.06.2019 15:33:56.788 [000018d0] --- DirectX9 dll=70630000
04.06.2019 15:33:56.830 [000018d0] --- DirectX9 API detected
04.06.2019 15:33:56.830 [000018d0] --- DirectX9Ex API detected
04.06.2019 15:33:56.830 [000018d0] --- i1: InterfaceProc1
04.06.2019 15:33:56.831 [000018d0] --- DXGI dll=71b80000
04.06.2019 15:33:56.859 [000018d0] --- DirectX DXGI API CreateDXGIFactory detected 1
04.06.2019 15:33:56.880 [000018d0] --- DirectX DXGI API CreateDXGIFactory1 detected 1
04.06.2019 15:33:56.902 [000018d0] --- DirectX DXGI API CreateDXGIFactory2 detected 1
04.06.2019 15:33:56.902 [000018d0] --- DirectX DXGI API detected
04.06.2019 15:33:56.902 [000018d0] --- DirectX D3D12 API detected hd3d12=01cc0000
04.06.2019 15:33:56.924 [000018d0] --- DirectX D3D12 API detected 1
04.06.2019 15:33:56.924 [000018d0] --- hookOpenGL
04.06.2019 15:33:57.103 [000018d0] --- OpenGL API detected
