04.06.2019 19:34:07.055 [00002964] --- App --- Immersive Display PRO v3.0.5 (01.01.2019)
04.06.2019 19:34:07.056 [00002964] --- OS 6:2 Microsoft Windows 8 Professional (build 9200), 64-bit 7(0) 8(1) 8.1(0) 10(0)
04.06.2019 19:34:07.056 [00002964] --- Process64 C:\Program Files (x86)\Google\Chrome\Application\chrome.exe
04.06.2019 19:34:07.056 [00002964] --- CmdLine ["C:\Program Files (x86)\Google\Chrome\Application\chrome.exe" --type=watcher --main-thread-id=10936 --on-initialized-event-handle=796 --parent-handle=800 /prefetch:6]
04.06.2019 19:34:07.056 [00002964] --- Enumerating displays ...
04.06.2019 19:34:07.056 [00002964] --- Device N[\\.\DISPLAY1] S[Radeon RX 580 Series] M[Generic PnP Monitor] F[desktop primary ]
04.06.2019 19:34:07.057 [00002964] --- Device N[\\.\DISPLAY2] S[Radeon RX 580 Series] M[] F[]
04.06.2019 19:34:07.057 [00002964] --- Device N[\\.\DISPLAY3] S[Radeon RX 580 Series] M[] F[]
04.06.2019 19:34:07.058 [00002964] --- Device N[\\.\DISPLAY4] S[Radeon RX 580 Series] M[] F[]
04.06.2019 19:34:07.058 [00002964] --- Device N[\\.\DISPLAY5] S[Radeon RX 580 Series] M[] F[]
04.06.2019 19:34:07.059 [00002964] --- Device N[\\.\DISPLAY6] S[Radeon RX 580 Series] M[] F[]
04.06.2019 19:34:07.059 [00002964] --- Device N[\\.\DISPLAY7] S[Radeon RX 580 Series] M[] F[]
04.06.2019 19:34:07.060 [00002964] --- Device N[\\.\DISPLAY8] S[Radeon RX 580 Series] M[] F[]
04.06.2019 19:34:07.060 [00002964] --- SM_CMONITORS         = 1
04.06.2019 19:34:07.060 [00002964] --- SM_SAMEDISPLAYFORMAT = 1
04.06.2019 19:34:07.060 [00002964] --- SM_XVIRTUALSCREEN    = 0
04.06.2019 19:34:07.060 [00002964] --- SM_YVIRTUALSCREEN    = 0
04.06.2019 19:34:07.060 [00002964] --- SM_CXVIRTUALSCREEN   = 3840
04.06.2019 19:34:07.060 [00002964] --- SM_CYVIRTUALSCREEN   = 1200
04.06.2019 19:34:07.060 [00002964] --- SM_CXCURSOR          = 32
04.06.2019 19:34:07.062 [00002964] --- [\\.\DISPLAY1] [Radeon RX 580 Series] [MONITOR\ADVEF2D\{4d36e96e-e325-11ce-bfc1-08002be10318}\0013] [Generic PnP Monitor]
04.06.2019 19:34:07.063 [00002964] --- Enumerated 1 displays
04.06.2019 19:34:07.063 [00002964] --- Displays initialized
04.06.2019 19:34:07.063 [00002964] --- Displays[0] M[00010001] HDC[31011303] GDC[a601130b] L=0 T=0 R=3840 B=1200 RECT[0,0 3840x1200] N[\\.\DISPLAY1] M[Generic PnP Monitor] F[1] PROJ[2x1] MAPS[2]
04.06.2019 19:34:07.063 [00002964] ---    Grouping G[0] N[0] GD[]
04.06.2019 19:34:07.063 [00002964] --- ---
04.06.2019 19:34:07.063 [00002964] --- i1:Executable chrome.exe is excluded DX9
04.06.2019 19:34:07.064 [00002964] --- DXGI dll=a1720000
04.06.2019 19:34:07.085 [00002964] --- DirectX DXGI API CreateDXGIFactory detected 1
04.06.2019 19:34:07.113 [00002964] --- DirectX DXGI API CreateDXGIFactory1 detected 1
04.06.2019 19:34:07.144 [00002964] --- DirectX DXGI API CreateDXGIFactory2 detected 1
04.06.2019 19:34:07.144 [00002964] --- DirectX DXGI API detected
04.06.2019 19:34:07.145 [00002964] --- DirectX D3D12 API detected hd3d12=9a880000
04.06.2019 19:34:07.175 [00002964] --- DirectX D3D12 API detected 1
04.06.2019 19:34:07.175 [00002964] --- i2: InterfaceProc1
04.06.2019 19:34:07.175 [00002964] --- interfaceFunc1 [\\.\DISPLAY1] totalMaps=2
04.06.2019 19:34:07.175 [00002964] --- i3:Executable chrome.exe is excluded OGL
04.06.2019 19:53:38.623 [00002964] --- PROCESS DETACH
