04.06.2019 21:22:26.357 [00002120] --- App --- Immersive Display PRO v3.0.5 (01.01.2019)
04.06.2019 21:22:26.357 [00002120] --- OS 6:2 Microsoft Windows 8 Professional (build 9200), 64-bit 7(0) 8(1) 8.1(0) 10(0)
04.06.2019 21:22:26.357 [00002120] --- Process64 C:\AMD\Win10-64Bit-Radeon-Software-Adrenalin-2019-Edition-19.5.2-June3\Bin64\RadeonInstaller.exe
04.06.2019 21:22:26.357 [00002120] --- CmdLine ["C:\AMD\Win10-64Bit-Radeon-Software-Adrenalin-2019-Edition-19.5.2-June3\Bin64\RadeonInstaller.exe"  /IGNORE_UPGRADE]
04.06.2019 21:22:26.357 [00002120] --- Enumerating displays ...
04.06.2019 21:22:26.357 [00002120] --- Device N[\\.\DISPLAY1] S[Radeon RX 580 Series] M[Generic PnP Monitor] F[desktop ]
04.06.2019 21:22:26.357 [00002120] --- Device N[\\.\DISPLAY2] S[Radeon RX 580 Series] M[Generic PnP Monitor] F[desktop primary ]
04.06.2019 21:22:26.357 [00002120] --- Device N[\\.\DISPLAY3] S[Radeon RX 580 Series] M[] F[]
04.06.2019 21:22:26.357 [00002120] --- Device N[\\.\DISPLAY4] S[Radeon RX 580 Series] M[] F[]
04.06.2019 21:22:26.357 [00002120] --- Device N[\\.\DISPLAY5] S[Radeon RX 580 Series] M[] F[]
04.06.2019 21:22:26.357 [00002120] --- Device N[\\.\DISPLAY6] S[Radeon RX 580 Series] M[] F[]
04.06.2019 21:22:26.357 [00002120] --- SM_CMONITORS         = 2
04.06.2019 21:22:26.357 [00002120] --- SM_SAMEDISPLAYFORMAT = 1
04.06.2019 21:22:26.357 [00002120] --- SM_XVIRTUALSCREEN    = 0
04.06.2019 21:22:26.357 [00002120] --- SM_YVIRTUALSCREEN    = 0
04.06.2019 21:22:26.357 [00002120] --- SM_CXVIRTUALSCREEN   = 3840
04.06.2019 21:22:26.357 [00002120] --- SM_CYVIRTUALSCREEN   = 1200
04.06.2019 21:22:26.357 [00002120] --- SM_CXCURSOR          = 32
04.06.2019 21:22:26.372 [00002120] --- [\\.\DISPLAY1] [Radeon RX 580 Series] [MONITOR\SECA70B\{4d36e96e-e325-11ce-bfc1-08002be10318}\0016] [Generic PnP Monitor]
04.06.2019 21:22:26.372 [00002120] --- [\\.\DISPLAY2] [Radeon RX 580 Series] [MONITOR\SECA70B\{4d36e96e-e325-11ce-bfc1-08002be10318}\0015] [Generic PnP Monitor]
04.06.2019 21:22:26.372 [00002120] --- Enumerated 2 displays
04.06.2019 21:22:26.372 [00002120] --- Displays initialized
04.06.2019 21:22:26.372 [00002120] --- Displays[0] M[00010003] HDC[1b010d5e] GDC[9c010c15] L=1920 T=0 R=3840 B=1200 RECT[1920,0 1920x1200] N[\\.\DISPLAY1] M[Generic PnP Monitor] F[0] PROJ[0x0] MAPS[0]
04.06.2019 21:22:26.372 [00002120] ---    Grouping G[0] N[0] GD[]
04.06.2019 21:22:26.372 [00002120] --- Displays[1] M[00010001] HDC[d9010ca7] GDC[21010d64] L=0 T=0 R=1920 B=1200 RECT[0,0 1920x1200] N[\\.\DISPLAY2] M[Generic PnP Monitor] F[1] PROJ[0x0] MAPS[0]
04.06.2019 21:22:26.372 [00002120] ---    Grouping G[0] N[0] GD[]
04.06.2019 21:22:26.372 [00002120] --- ---
04.06.2019 21:22:26.372 [00002120] --- hookD3D9
04.06.2019 21:22:26.372 [00002120] --- DirectX9 dll=03460000
04.06.2019 21:22:26.416 [00002120] --- DirectX9 API detected
04.06.2019 21:22:26.416 [00002120] --- DirectX9Ex API detected
04.06.2019 21:22:26.416 [00002120] --- i1: InterfaceProc1
04.06.2019 21:22:26.416 [00002120] --- DXGI dll=1f3f0000
04.06.2019 21:22:26.435 [00002120] --- DirectX DXGI API CreateDXGIFactory detected 1
04.06.2019 21:22:26.455 [00002120] --- DirectX DXGI API CreateDXGIFactory1 detected 1
04.06.2019 21:22:26.475 [00002120] --- DirectX DXGI API CreateDXGIFactory2 detected 1
04.06.2019 21:22:26.475 [00002120] --- DirectX DXGI API detected
04.06.2019 21:22:26.476 [00002120] --- DirectX D3D12 API detected hd3d12=18bc0000
04.06.2019 21:22:26.495 [00002120] --- DirectX D3D12 API detected 1
04.06.2019 21:22:26.495 [00002120] --- hookOpenGL
04.06.2019 21:22:26.634 [00002120] --- OpenGL API detected
04.06.2019 21:22:28.997 [00002120] --- Direct3DCreate9 00000020 -> 16739840
04.06.2019 21:22:29.067 [00002120] --- Direct3DCreate9 00000020 -> 192bae00
04.06.2019 21:22:41.954 [00002120] --- Direct3DCreate9 00000020 -> 193614c0
04.06.2019 21:23:14.560 [00002120] --- Direct3DCreate9 00000020 -> 1dd49000
04.06.2019 21:24:12.199 [00002120] --- Direct3DCreate9 00000020 -> 1a0c7640
04.06.2019 21:24:12.269 [00002120] --- PROCESS DETACH
