05.06.2019 11:55:58.241 [00002494] --- App --- Immersive Display PRO v3.0.5 (01.01.2019)
05.06.2019 11:55:58.241 [00002494] --- OS 6:2 Microsoft Windows 8 Professional (build 9200), 64-bit 7(0) 8(1) 8.1(0) 10(0)
05.06.2019 11:55:58.241 [00002494] --- Process64 C:\Users\own\scoop\apps\git\current\cmd\git.exe
05.06.2019 11:55:58.241 [00002494] --- CmdLine ["C:\Users\own\scoop\apps\git\current\cmd\git.exe"  add MQTT_Json_Movie_MOC_Data\localSetting.xml]
05.06.2019 11:55:58.241 [00002494] --- Enumerating displays ...
05.06.2019 11:55:58.241 [00002494] --- Device N[\\.\DISPLAY1] S[Radeon RX 580 Series] M[Generic PnP Monitor] F[desktop primary ]
05.06.2019 11:55:58.242 [00002494] --- Device N[\\.\DISPLAY2] S[Radeon RX 580 Series] M[] F[]
05.06.2019 11:55:58.243 [00002494] --- Device N[\\.\DISPLAY3] S[Radeon RX 580 Series] M[] F[]
05.06.2019 11:55:58.243 [00002494] --- Device N[\\.\DISPLAY4] S[Radeon RX 580 Series] M[] F[]
05.06.2019 11:55:58.244 [00002494] --- Device N[\\.\DISPLAY5] S[Radeon RX 580 Series] M[] F[]
05.06.2019 11:55:58.244 [00002494] --- Device N[\\.\DISPLAY6] S[Radeon RX 580 Series] M[] F[]
05.06.2019 11:55:58.245 [00002494] --- Device N[\\.\DISPLAY7] S[Radeon RX 580 Series] M[] F[]
05.06.2019 11:55:58.245 [00002494] --- Device N[\\.\DISPLAY8] S[Radeon RX 580 Series] M[] F[]
05.06.2019 11:55:58.245 [00002494] --- SM_CMONITORS         = 1
05.06.2019 11:55:58.245 [00002494] --- SM_SAMEDISPLAYFORMAT = 1
05.06.2019 11:55:58.245 [00002494] --- SM_XVIRTUALSCREEN    = 0
05.06.2019 11:55:58.245 [00002494] --- SM_YVIRTUALSCREEN    = 0
05.06.2019 11:55:58.245 [00002494] --- SM_CXVIRTUALSCREEN   = 3840
05.06.2019 11:55:58.245 [00002494] --- SM_CYVIRTUALSCREEN   = 1200
05.06.2019 11:55:58.245 [00002494] --- SM_CXCURSOR          = 32
05.06.2019 11:55:58.248 [00002494] --- [\\.\DISPLAY1] [Radeon RX 580 Series] [MONITOR\ADVEF2D\{4d36e96e-e325-11ce-bfc1-08002be10318}\0017] [Generic PnP Monitor]
05.06.2019 11:55:58.249 [00002494] --- Enumerated 1 displays
05.06.2019 11:55:58.249 [00002494] --- Displays initialized
05.06.2019 11:55:58.249 [00002494] --- Displays[0] M[00010001] HDC[ad01122c] GDC[55010ef6] L=0 T=0 R=3840 B=1200 RECT[0,0 3840x1200] N[\\.\DISPLAY1] M[Generic PnP Monitor] F[1] PROJ[2x1] MAPS[2]
05.06.2019 11:55:58.249 [00002494] ---    Grouping G[0] N[0] GD[]
05.06.2019 11:55:58.249 [00002494] --- ---
05.06.2019 11:55:58.249 [00002494] --- hookD3D9
05.06.2019 11:55:58.250 [00002494] --- DirectX9 dll=670a0000
05.06.2019 11:55:58.305 [00002494] --- DirectX9 API detected
05.06.2019 11:55:58.305 [00002494] --- DirectX9Ex API detected
05.06.2019 11:55:58.305 [00002494] --- i1: InterfaceProc1
05.06.2019 11:55:58.305 [00002494] --- interfaceFunc1 [\\.\DISPLAY1] totalMaps=2
05.06.2019 11:55:58.306 [00002494] --- DXGI dll=95b60000
05.06.2019 11:55:58.334 [00002494] --- DirectX DXGI API CreateDXGIFactory detected 1
05.06.2019 11:55:58.362 [00002494] --- DirectX DXGI API CreateDXGIFactory1 detected 1
05.06.2019 11:55:58.390 [00002494] --- DirectX DXGI API CreateDXGIFactory2 detected 1
05.06.2019 11:55:58.390 [00002494] --- DirectX DXGI API detected
05.06.2019 11:55:58.391 [00002494] --- DirectX D3D12 API detected hd3d12=8f360000
05.06.2019 11:55:58.419 [00002494] --- DirectX D3D12 API detected 1
05.06.2019 11:55:58.419 [00002494] --- hookOpenGL
05.06.2019 11:55:58.627 [00002494] --- OpenGL API detected
05.06.2019 11:55:59.256 [00002494] --- PROCESS DETACH
