05.06.2019 10:57:04.159 [00001968] ??? OSM handle == NULL error=2
05.06.2019 10:57:04.159 [00001968] ^^^ SC trying session1
--- [2]
05.06.2019 10:57:04.159 [00001968] --- App --- Immersive Display PRO v3.0.5 (01.01.2019)
05.06.2019 10:57:04.159 [00001968] --- OS 6:2 Microsoft Windows 8 Professional (build 9200), 64-bit 7(0) 8(1) 8.1(0) 10(0)
05.06.2019 10:57:04.159 [00001968] --- Process64 C:\Program Files\AMD\Performance Profile Client\AUEPLauncher.exe
05.06.2019 10:57:04.159 [00001968] --- CmdLine ["C:\Program Files\AMD\Performance Profile Client\AUEPLauncher.exe"]
05.06.2019 10:57:04.159 [00001968] --- Enumerating displays ...
05.06.2019 10:57:04.159 [00001968] --- SM_CMONITORS         = 1
05.06.2019 10:57:04.159 [00001968] --- SM_SAMEDISPLAYFORMAT = 1
05.06.2019 10:57:04.159 [00001968] --- SM_XVIRTUALSCREEN    = 0
05.06.2019 10:57:04.159 [00001968] --- SM_YVIRTUALSCREEN    = 0
05.06.2019 10:57:04.159 [00001968] --- SM_CXVIRTUALSCREEN   = 1024
05.06.2019 10:57:04.159 [00001968] --- SM_CYVIRTUALSCREEN   = 768
05.06.2019 10:57:04.159 [00001968] --- SM_CXCURSOR          = 32
05.06.2019 10:57:04.159 [00001968] ??? No displays enumerated. Retry later
05.06.2019 10:57:04.159 [00001968] --- hookD3D9
05.06.2019 10:57:04.159 [00001968] --- DirectX9 dll=a5ef0000
05.06.2019 10:57:04.206 [00001968] --- DirectX9 API detected
05.06.2019 10:57:04.206 [00001968] --- DirectX9Ex API detected
05.06.2019 10:57:04.206 [00001968] --- i1: InterfaceProc1
05.06.2019 10:57:04.206 [00001968] --- DXGI dll=d3330000
05.06.2019 10:57:04.222 [00001968] --- DirectX DXGI API CreateDXGIFactory detected 1
05.06.2019 10:57:04.237 [00001968] --- DirectX DXGI API CreateDXGIFactory1 detected 1
05.06.2019 10:57:04.253 [00001968] --- DirectX DXGI API CreateDXGIFactory2 detected 1
05.06.2019 10:57:04.253 [00001968] --- DirectX DXGI API detected
05.06.2019 10:57:04.253 [00001968] --- DirectX D3D12 API detected hd3d12=cc750000
05.06.2019 10:57:04.269 [00001968] --- DirectX D3D12 API detected 1
05.06.2019 10:57:04.269 [00001968] --- hookOpenGL
05.06.2019 10:57:04.378 [00001968] --- OpenGL API detected
05.06.2019 11:09:44.059 [0000037c] --- PROCESS DETACH
