04.06.2019 21:30:03.994 [000024b4] --- App --- Immersive Display PRO v3.0.5 (01.01.2019)
04.06.2019 21:30:03.994 [000024b4] --- OS 6:2 Microsoft Windows 8 Professional (build 9200), 64-bit 7(0) 8(1) 8.1(0) 10(0)
04.06.2019 21:30:03.994 [000024b4] --- Process64 C:\Program Files (x86)\Google\Chrome\Application\chrome.exe
04.06.2019 21:30:03.994 [000024b4] --- CmdLine ["C:\Program Files (x86)\Google\Chrome\Application\chrome.exe" --type=utility --field-trial-handle=1848,9626073164370172043,8899717179331884551,131072 --lang=zh-TW --no-sandbox --service-request-channel-token=10018191458979075490 --mojo-platform-channel-handl?]
04.06.2019 21:30:03.994 [000024b4] --- Enumerating displays ...
04.06.2019 21:30:03.994 [000024b4] --- Device N[\\.\DISPLAY1] S[Radeon RX 580 Series] M[Generic PnP Monitor] F[desktop primary ]
04.06.2019 21:30:03.994 [000024b4] --- Device N[\\.\DISPLAY2] S[Radeon RX 580 Series] M[] F[]
04.06.2019 21:30:03.994 [000024b4] --- Device N[\\.\DISPLAY3] S[Radeon RX 580 Series] M[] F[]
04.06.2019 21:30:03.994 [000024b4] --- Device N[\\.\DISPLAY4] S[Radeon RX 580 Series] M[] F[]
04.06.2019 21:30:03.994 [000024b4] --- Device N[\\.\DISPLAY5] S[Radeon RX 580 Series] M[] F[]
04.06.2019 21:30:03.994 [000024b4] --- Device N[\\.\DISPLAY6] S[Radeon RX 580 Series] M[] F[]
04.06.2019 21:30:04.010 [000024b4] --- Device N[\\.\DISPLAY7] S[Radeon RX 580 Series] M[] F[]
04.06.2019 21:30:04.010 [000024b4] --- Device N[\\.\DISPLAY8] S[Radeon RX 580 Series] M[] F[]
04.06.2019 21:30:04.010 [000024b4] --- SM_CMONITORS         = 1
04.06.2019 21:30:04.010 [000024b4] --- SM_SAMEDISPLAYFORMAT = 1
04.06.2019 21:30:04.010 [000024b4] --- SM_XVIRTUALSCREEN    = 0
04.06.2019 21:30:04.010 [000024b4] --- SM_YVIRTUALSCREEN    = 0
04.06.2019 21:30:04.010 [000024b4] --- SM_CXVIRTUALSCREEN   = 3840
04.06.2019 21:30:04.010 [000024b4] --- SM_CYVIRTUALSCREEN   = 1200
04.06.2019 21:30:04.010 [000024b4] --- SM_CXCURSOR          = 32
04.06.2019 21:30:04.010 [000024b4] --- [\\.\DISPLAY1] [Radeon RX 580 Series] [MONITOR\ADVEF2D\{4d36e96e-e325-11ce-bfc1-08002be10318}\0017] [Generic PnP Monitor]
04.06.2019 21:30:04.010 [000024b4] --- Enumerated 1 displays
04.06.2019 21:30:04.010 [000024b4] --- Displays initialized
04.06.2019 21:30:04.010 [000024b4] --- Displays[0] M[00010001] HDC[0b0109ef] GDC[2201083b] L=0 T=0 R=3840 B=1200 RECT[0,0 3840x1200] N[\\.\DISPLAY1] M[Generic PnP Monitor] F[1] PROJ[2x1] MAPS[2]
04.06.2019 21:30:04.010 [000024b4] ---    Grouping G[0] N[0] GD[]
04.06.2019 21:30:04.010 [000024b4] --- ---
04.06.2019 21:30:04.010 [000024b4] --- i1:Executable chrome.exe is excluded DX9
04.06.2019 21:30:04.010 [000024b4] --- DXGI dll=e7110000
04.06.2019 21:30:04.041 [000024b4] --- DirectX DXGI API CreateDXGIFactory detected 1
04.06.2019 21:30:04.057 [000024b4] --- DirectX DXGI API CreateDXGIFactory1 detected 1
04.06.2019 21:30:04.088 [000024b4] --- DirectX DXGI API CreateDXGIFactory2 detected 1
04.06.2019 21:30:04.088 [000024b4] --- DirectX DXGI API detected
04.06.2019 21:30:04.088 [000024b4] --- DirectX D3D12 API detected hd3d12=e2850000
04.06.2019 21:30:04.119 [000024b4] --- DirectX D3D12 API detected 1
04.06.2019 21:30:04.119 [000024b4] --- i2: InterfaceProc1
04.06.2019 21:30:04.119 [000024b4] --- interfaceFunc1 [\\.\DISPLAY1] totalMaps=2
04.06.2019 21:30:04.119 [000024b4] --- i3:Executable chrome.exe is excluded OGL
04.06.2019 21:30:04.151 [000024b4] --- PROCESS DETACH
