05.06.2019 11:35:45.236 [00001dfc] --- App --- Immersive Display PRO v3.0.5 (01.01.2019)
05.06.2019 11:35:45.236 [00001dfc] --- OS 6:2 Microsoft Windows 8 Professional (build 9200), 64-bit 7(0) 8(1) 8.1(0) 10(0)
05.06.2019 11:35:45.236 [00001dfc] --- Process64 C:\Users\own\scoop\shims\git.exe
05.06.2019 11:35:45.236 [00001dfc] --- CmdLine [git  pull]
05.06.2019 11:35:45.236 [00001dfc] --- Enumerating displays ...
05.06.2019 11:35:45.236 [00001dfc] --- Device N[\\.\DISPLAY1] S[Radeon RX 580 Series] M[Generic PnP Monitor] F[desktop primary ]
05.06.2019 11:35:45.236 [00001dfc] --- Device N[\\.\DISPLAY2] S[Radeon RX 580 Series] M[] F[]
05.06.2019 11:35:45.236 [00001dfc] --- Device N[\\.\DISPLAY3] S[Radeon RX 580 Series] M[] F[]
05.06.2019 11:35:45.236 [00001dfc] --- Device N[\\.\DISPLAY4] S[Radeon RX 580 Series] M[] F[]
05.06.2019 11:35:45.236 [00001dfc] --- Device N[\\.\DISPLAY5] S[Radeon RX 580 Series] M[] F[]
05.06.2019 11:35:45.251 [00001dfc] --- Device N[\\.\DISPLAY6] S[Radeon RX 580 Series] M[] F[]
05.06.2019 11:35:45.251 [00001dfc] --- Device N[\\.\DISPLAY7] S[Radeon RX 580 Series] M[] F[]
05.06.2019 11:35:45.251 [00001dfc] --- Device N[\\.\DISPLAY8] S[Radeon RX 580 Series] M[] F[]
05.06.2019 11:35:45.251 [00001dfc] --- SM_CMONITORS         = 1
05.06.2019 11:35:45.251 [00001dfc] --- SM_SAMEDISPLAYFORMAT = 1
05.06.2019 11:35:45.251 [00001dfc] --- SM_XVIRTUALSCREEN    = 0
05.06.2019 11:35:45.251 [00001dfc] --- SM_YVIRTUALSCREEN    = 0
05.06.2019 11:35:45.251 [00001dfc] --- SM_CXVIRTUALSCREEN   = 3840
05.06.2019 11:35:45.251 [00001dfc] --- SM_CYVIRTUALSCREEN   = 1200
05.06.2019 11:35:45.251 [00001dfc] --- SM_CXCURSOR          = 32
05.06.2019 11:35:45.251 [00001dfc] --- [\\.\DISPLAY1] [Radeon RX 580 Series] [MONITOR\ADVEF2D\{4d36e96e-e325-11ce-bfc1-08002be10318}\0017] [Generic PnP Monitor]
05.06.2019 11:35:45.251 [00001dfc] --- Enumerated 1 displays
05.06.2019 11:35:45.251 [00001dfc] --- Displays initialized
05.06.2019 11:35:45.251 [00001dfc] --- Displays[0] M[00010001] HDC[4f010966] GDC[0d010cc3] L=0 T=0 R=3840 B=1200 RECT[0,0 3840x1200] N[\\.\DISPLAY1] M[Generic PnP Monitor] F[1] PROJ[2x1] MAPS[2]
05.06.2019 11:35:45.251 [00001dfc] ---    Grouping G[0] N[0] GD[]
05.06.2019 11:35:45.251 [00001dfc] --- ---
05.06.2019 11:35:45.251 [00001dfc] --- hookD3D9
05.06.2019 11:35:45.251 [00001dfc] --- DirectX9 dll=5c690000
05.06.2019 11:35:45.302 [00001dfc] --- DirectX9 API detected
05.06.2019 11:35:45.302 [00001dfc] --- DirectX9Ex API detected
05.06.2019 11:35:45.302 [00001dfc] --- i1: InterfaceProc1
05.06.2019 11:35:45.302 [00001dfc] --- interfaceFunc1 [\\.\DISPLAY1] totalMaps=2
05.06.2019 11:35:45.303 [00001dfc] --- DXGI dll=8b0e0000
05.06.2019 11:35:45.325 [00001dfc] --- DirectX DXGI API CreateDXGIFactory detected 1
05.06.2019 11:35:45.347 [00001dfc] --- DirectX DXGI API CreateDXGIFactory1 detected 1
05.06.2019 11:35:45.369 [00001dfc] --- DirectX DXGI API CreateDXGIFactory2 detected 1
05.06.2019 11:35:45.369 [00001dfc] --- DirectX DXGI API detected
05.06.2019 11:35:45.370 [00001dfc] --- DirectX D3D12 API detected hd3d12=842e0000
05.06.2019 11:35:45.383 [00001dfc] --- DirectX D3D12 API detected 1
05.06.2019 11:35:45.383 [00001dfc] --- hookOpenGL
05.06.2019 11:35:45.539 [00001dfc] --- OpenGL API detected
05.06.2019 11:35:51.387 [00001dfc] --- PROCESS DETACH
