04.06.2019 21:22:44.063 [000021b8] --- App --- Immersive Display PRO v3.0.5 (01.01.2019)
04.06.2019 21:22:44.063 [000021b8] --- OS 6:2 Microsoft Windows 8 Professional (build 9200), 64-bit 7(0) 8(1) 8.1(0) 10(0)
04.06.2019 21:22:44.063 [000021b8] --- Process32 C:\AMD\WIN10-~1.2-J\Packages\Drivers\Display\WT6A_INF\B342717\ccc2_install.exe
04.06.2019 21:22:44.063 [000021b8] --- CmdLine [C:\AMD\WIN10-~1.2-J\Packages\Drivers\Display\WT6A_INF\B342717\ccc2_install.exe /NCRC /S -EXTRACTONLY=YES /D=C:\Users\own\AppData\Local\Temp\AMDRSInstaller]
04.06.2019 21:22:44.063 [000021b8] --- Enumerating displays ...
04.06.2019 21:22:44.064 [000021b8] --- Device N[\\.\DISPLAY1] S[Radeon RX 580 Series] M[Generic PnP Monitor] F[desktop ]
04.06.2019 21:22:44.065 [000021b8] --- Device N[\\.\DISPLAY2] S[Radeon RX 580 Series] M[Generic PnP Monitor] F[desktop primary ]
04.06.2019 21:22:44.066 [000021b8] --- Device N[\\.\DISPLAY3] S[Radeon RX 580 Series] M[] F[]
04.06.2019 21:22:44.067 [000021b8] --- Device N[\\.\DISPLAY4] S[Radeon RX 580 Series] M[] F[]
04.06.2019 21:22:44.068 [000021b8] --- Device N[\\.\DISPLAY5] S[Radeon RX 580 Series] M[] F[]
04.06.2019 21:22:44.069 [000021b8] --- Device N[\\.\DISPLAY6] S[Radeon RX 580 Series] M[] F[]
04.06.2019 21:22:44.069 [000021b8] --- SM_CMONITORS         = 2
04.06.2019 21:22:44.069 [000021b8] --- SM_SAMEDISPLAYFORMAT = 1
04.06.2019 21:22:44.069 [000021b8] --- SM_XVIRTUALSCREEN    = 0
04.06.2019 21:22:44.069 [000021b8] --- SM_YVIRTUALSCREEN    = 0
04.06.2019 21:22:44.069 [000021b8] --- SM_CXVIRTUALSCREEN   = 3840
04.06.2019 21:22:44.069 [000021b8] --- SM_CYVIRTUALSCREEN   = 1200
04.06.2019 21:22:44.069 [000021b8] --- SM_CXCURSOR          = 32
04.06.2019 21:22:44.073 [000021b8] --- [\\.\DISPLAY1] [Radeon RX 580 Series] [MONITOR\SECA70B\{4d36e96e-e325-11ce-bfc1-08002be10318}\0016] [Generic PnP Monitor]
04.06.2019 21:22:44.074 [000021b8] --- [\\.\DISPLAY2] [Radeon RX 580 Series] [MONITOR\SECA70B\{4d36e96e-e325-11ce-bfc1-08002be10318}\0015] [Generic PnP Monitor]
04.06.2019 21:22:44.074 [000021b8] --- Enumerated 2 displays
04.06.2019 21:22:44.074 [000021b8] --- Displays initialized
04.06.2019 21:22:44.074 [000021b8] --- Displays[0] M[00010003] HDC[17010e12] GDC[2a010e29] L=1920 T=0 R=3840 B=1200 RECT[1920,0 1920x1200] N[\\.\DISPLAY1] M[Generic PnP Monitor] F[0] PROJ[0x0] MAPS[0]
04.06.2019 21:22:44.074 [000021b8] ---    Grouping G[0] N[0] GD[]
04.06.2019 21:22:44.074 [000021b8] --- Displays[1] M[00010001] HDC[32010e3d] GDC[3c010e34] L=0 T=0 R=1920 B=1200 RECT[0,0 1920x1200] N[\\.\DISPLAY2] M[Generic PnP Monitor] F[1] PROJ[0x0] MAPS[0]
04.06.2019 21:22:44.074 [000021b8] ---    Grouping G[0] N[0] GD[]
04.06.2019 21:22:44.074 [000021b8] --- ---
04.06.2019 21:22:44.074 [000021b8] --- hookD3D9
04.06.2019 21:22:44.075 [000021b8] --- DirectX9 dll=03db0000
04.06.2019 21:22:44.118 [000021b8] --- DirectX9 API detected
04.06.2019 21:22:44.118 [000021b8] --- DirectX9Ex API detected
04.06.2019 21:22:44.118 [000021b8] --- i1: InterfaceProc1
04.06.2019 21:22:44.119 [000021b8] --- DXGI dll=72680000
04.06.2019 21:22:44.140 [000021b8] --- DirectX DXGI API CreateDXGIFactory detected 1
04.06.2019 21:22:44.162 [000021b8] --- DirectX DXGI API CreateDXGIFactory1 detected 1
04.06.2019 21:22:44.184 [000021b8] --- DirectX DXGI API CreateDXGIFactory2 detected 1
04.06.2019 21:22:44.184 [000021b8] --- DirectX DXGI API detected
04.06.2019 21:22:44.184 [000021b8] --- DirectX D3D12 API detected hd3d12=723f0000
04.06.2019 21:22:44.206 [000021b8] --- DirectX D3D12 API detected 1
04.06.2019 21:22:44.206 [000021b8] --- hookOpenGL
04.06.2019 21:22:44.379 [000021b8] --- OpenGL API detected
04.06.2019 21:22:56.528 [000021b8] --- PROCESS DETACH
