05.06.2019 11:45:53.278 [000008ac] ??? OSM handle == NULL error=2
05.06.2019 11:45:53.278 [000008ac] ^^^ SC trying session1
--- [2]
05.06.2019 11:45:53.278 [000008ac] --- App --- Immersive Display PRO v3.0.5 (01.01.2019)
05.06.2019 11:45:53.278 [000008ac] --- OS 6:2 Microsoft Windows 8 Professional (build 9200), 64-bit 7(0) 8(1) 8.1(0) 10(0)
05.06.2019 11:45:53.278 [000008ac] --- Process32 C:\Program Files\Intel\SUR\QUEENCREEK\Updater\bin\IntelSoftwareAssetManagerService.exe
05.06.2019 11:45:53.278 [000008ac] --- CmdLine ["C:\Program Files\Intel\SUR\QUEENCREEK\Updater\bin\IntelSoftwareAssetManagerService.exe" --automatic]
05.06.2019 11:45:53.278 [000008ac] --- Enumerating displays ...
05.06.2019 11:45:53.278 [000008ac] --- SM_CMONITORS         = 1
05.06.2019 11:45:53.278 [000008ac] --- SM_SAMEDISPLAYFORMAT = 1
05.06.2019 11:45:53.278 [000008ac] --- SM_XVIRTUALSCREEN    = 0
05.06.2019 11:45:53.278 [000008ac] --- SM_YVIRTUALSCREEN    = 0
05.06.2019 11:45:53.278 [000008ac] --- SM_CXVIRTUALSCREEN   = 1024
05.06.2019 11:45:53.278 [000008ac] --- SM_CYVIRTUALSCREEN   = 768
05.06.2019 11:45:53.278 [000008ac] --- SM_CXCURSOR          = 32
05.06.2019 11:45:53.279 [000008ac] ??? No displays enumerated. Retry later
05.06.2019 11:45:53.279 [000008ac] --- hookD3D9
05.06.2019 11:45:53.280 [000008ac] --- DirectX9 dll=70fc0000
05.06.2019 11:45:53.318 [000008ac] --- DirectX9 API detected
05.06.2019 11:45:53.318 [000008ac] --- DirectX9Ex API detected
05.06.2019 11:45:53.318 [000008ac] --- i1: InterfaceProc1
05.06.2019 11:45:53.318 [000008ac] --- DXGI dll=71f60000
05.06.2019 11:45:53.337 [000008ac] --- DirectX DXGI API CreateDXGIFactory detected 1
05.06.2019 11:45:53.356 [000008ac] --- DirectX DXGI API CreateDXGIFactory1 detected 1
05.06.2019 11:45:53.375 [000008ac] --- DirectX DXGI API CreateDXGIFactory2 detected 1
05.06.2019 11:45:53.375 [000008ac] --- DirectX DXGI API detected
05.06.2019 11:45:53.375 [000008ac] --- DirectX D3D12 API detected hd3d12=71d60000
05.06.2019 11:45:53.394 [000008ac] --- DirectX D3D12 API detected 1
05.06.2019 11:45:53.394 [000008ac] --- hookOpenGL
05.06.2019 11:45:53.544 [000008ac] --- OpenGL API detected
05.06.2019 11:45:54.737 [000008ac] --- PROCESS DETACH
