04.06.2019 14:56:18.572 [0000037c] --- App --- Immersive Display PRO v3.0.5 (01.01.2019)
04.06.2019 14:56:18.572 [0000037c] --- OS 6:2 Microsoft Windows 8 Professional (build 9200), 64-bit 7(0) 8(1) 8.1(0) 10(0)
04.06.2019 14:56:18.572 [0000037c] --- Process64 C:\PROGRA~1\FARO\SCENEL~1\libcef_process.exe
04.06.2019 14:56:18.572 [0000037c] --- CmdLine [libcef_process.exe --type=renderer --disable-gpu-compositing --no-sandbox --enable-begin-frame-scheduling --disable-databases --lang=en-US --lang=zh-CN --log-file=cef_logfile.txt --log-severity=disable --enable-pinch --device-scale-factor=1 --num-raster-thre?]
04.06.2019 14:56:18.572 [0000037c] --- Enumerating displays ...
04.06.2019 14:56:18.573 [0000037c] --- Device N[\\.\DISPLAY1] S[Radeon RX 580 Series] M[Generic PnP Monitor] F[desktop primary ]
04.06.2019 14:56:18.573 [0000037c] --- Device N[\\.\DISPLAY2] S[Radeon RX 580 Series] M[] F[]
04.06.2019 14:56:18.574 [0000037c] --- Device N[\\.\DISPLAY3] S[Radeon RX 580 Series] M[] F[]
04.06.2019 14:56:18.574 [0000037c] --- Device N[\\.\DISPLAY4] S[Radeon RX 580 Series] M[] F[]
04.06.2019 14:56:18.575 [0000037c] --- Device N[\\.\DISPLAY5] S[Radeon RX 580 Series] M[] F[]
04.06.2019 14:56:18.575 [0000037c] --- Device N[\\.\DISPLAY6] S[Radeon RX 580 Series] M[] F[]
04.06.2019 14:56:18.576 [0000037c] --- Device N[\\.\DISPLAY7] S[Radeon RX 580 Series] M[] F[]
04.06.2019 14:56:18.576 [0000037c] --- Device N[\\.\DISPLAY8] S[Radeon RX 580 Series] M[] F[]
04.06.2019 14:56:18.576 [0000037c] --- SM_CMONITORS         = 1
04.06.2019 14:56:18.576 [0000037c] --- SM_SAMEDISPLAYFORMAT = 1
04.06.2019 14:56:18.576 [0000037c] --- SM_XVIRTUALSCREEN    = 0
04.06.2019 14:56:18.576 [0000037c] --- SM_YVIRTUALSCREEN    = 0
04.06.2019 14:56:18.576 [0000037c] --- SM_CXVIRTUALSCREEN   = 3840
04.06.2019 14:56:18.576 [0000037c] --- SM_CYVIRTUALSCREEN   = 1200
04.06.2019 14:56:18.576 [0000037c] --- SM_CXCURSOR          = 32
04.06.2019 14:56:18.579 [0000037c] --- [\\.\DISPLAY1] [Radeon RX 580 Series] [MONITOR\ADVEF2D\{4d36e96e-e325-11ce-bfc1-08002be10318}\0013] [Generic PnP Monitor]
04.06.2019 14:56:18.580 [0000037c] --- Enumerated 1 displays
04.06.2019 14:56:18.580 [0000037c] --- Displays initialized
04.06.2019 14:56:18.580 [0000037c] --- Displays[0] M[00010001] HDC[5b010e5f] GDC[9f011022] L=0 T=0 R=3840 B=1200 RECT[0,0 3840x1200] N[\\.\DISPLAY1] M[Generic PnP Monitor] F[1] PROJ[2x1] MAPS[2]
04.06.2019 14:56:18.580 [0000037c] ---    Grouping G[0] N[0] GD[]
04.06.2019 14:56:18.580 [0000037c] --- ---
04.06.2019 14:56:18.580 [0000037c] --- hookD3D9
04.06.2019 14:56:18.581 [0000037c] --- DirectX9 dll=56cb0000
04.06.2019 14:56:18.627 [0000037c] --- DirectX9 API detected
04.06.2019 14:56:18.627 [0000037c] --- DirectX9Ex API detected
04.06.2019 14:56:18.627 [0000037c] --- i1: InterfaceProc1
04.06.2019 14:56:18.627 [0000037c] --- interfaceFunc1 [\\.\DISPLAY1] totalMaps=2
04.06.2019 14:56:18.628 [0000037c] --- DXGI dll=7ce30000
04.06.2019 14:56:18.650 [0000037c] --- DirectX DXGI API CreateDXGIFactory detected 1
04.06.2019 14:56:18.670 [0000037c] --- DirectX DXGI API CreateDXGIFactory1 detected 1
04.06.2019 14:56:18.692 [0000037c] --- DirectX DXGI API CreateDXGIFactory2 detected 1
04.06.2019 14:56:18.692 [0000037c] --- DirectX DXGI API detected
04.06.2019 14:56:18.692 [0000037c] --- DirectX D3D12 API detected hd3d12=75c40000
04.06.2019 14:56:18.713 [0000037c] --- DirectX D3D12 API detected 1
04.06.2019 14:56:18.713 [0000037c] --- hookOpenGL
04.06.2019 14:56:18.863 [0000037c] --- OpenGL API detected
