05.06.2019 10:57:06.345 [000020ac] ??? OSM handle == NULL error=2
05.06.2019 10:57:06.345 [000020ac] ^^^ SC trying session1
--- [2]
05.06.2019 10:57:06.345 [000020ac] --- App --- Immersive Display PRO v3.0.5 (01.01.2019)
05.06.2019 10:57:06.345 [000020ac] --- OS 6:2 Microsoft Windows 8 Professional (build 9200), 64-bit 7(0) 8(1) 8.1(0) 10(0)
05.06.2019 10:57:06.345 [000020ac] --- Process32 C:\Program Files (x86)\Google\Update\GoogleUpdate.exe
05.06.2019 10:57:06.345 [000020ac] --- CmdLine ["C:\Program Files (x86)\Google\Update\GoogleUpdate.exe" /c]
05.06.2019 10:57:06.345 [000020ac] --- Enumerating displays ...
05.06.2019 10:57:06.345 [000020ac] --- SM_CMONITORS         = 1
05.06.2019 10:57:06.345 [000020ac] --- SM_SAMEDISPLAYFORMAT = 1
05.06.2019 10:57:06.345 [000020ac] --- SM_XVIRTUALSCREEN    = 0
05.06.2019 10:57:06.345 [000020ac] --- SM_YVIRTUALSCREEN    = 0
05.06.2019 10:57:06.345 [000020ac] --- SM_CXVIRTUALSCREEN   = 1024
05.06.2019 10:57:06.345 [000020ac] --- SM_CYVIRTUALSCREEN   = 768
05.06.2019 10:57:06.345 [000020ac] --- SM_CXCURSOR          = 32
05.06.2019 10:57:06.345 [000020ac] ??? No displays enumerated. Retry later
05.06.2019 10:57:06.345 [000020ac] --- hookD3D9
05.06.2019 10:57:06.345 [000020ac] --- DirectX9 dll=71410000
05.06.2019 10:57:06.392 [000020ac] --- DirectX9 API detected
05.06.2019 10:57:06.392 [000020ac] --- DirectX9Ex API detected
05.06.2019 10:57:06.392 [000020ac] --- i1: InterfaceProc1
05.06.2019 10:57:06.392 [000020ac] --- DXGI dll=72320000
05.06.2019 10:57:06.408 [000020ac] --- DirectX DXGI API CreateDXGIFactory detected 1
05.06.2019 10:57:06.424 [000020ac] --- DirectX DXGI API CreateDXGIFactory1 detected 1
05.06.2019 10:57:06.455 [000020ac] --- DirectX DXGI API CreateDXGIFactory2 detected 1
05.06.2019 10:57:06.455 [000020ac] --- DirectX DXGI API detected
05.06.2019 10:57:06.455 [000020ac] --- DirectX D3D12 API detected hd3d12=721b0000
05.06.2019 10:57:06.470 [000020ac] --- DirectX D3D12 API detected 1
05.06.2019 10:57:06.470 [000020ac] --- hookOpenGL
05.06.2019 10:57:06.658 [000020ac] --- OpenGL API detected
05.06.2019 10:57:06.736 [000020ac] --- PROCESS DETACH
