04.06.2019 21:23:59.177 [00002504] --- App --- Immersive Display PRO v3.0.5 (01.01.2019)
04.06.2019 21:23:59.177 [00002504] --- OS 6:2 Microsoft Windows 8 Professional (build 9200), 64-bit 7(0) 8(1) 8.1(0) 10(0)
04.06.2019 21:23:59.177 [00002504] --- Process64 C:\Program Files\AMD\CNext\CNext\RadeonSettings.exe
04.06.2019 21:23:59.177 [00002504] --- CmdLine [C:\Program Files\AMD\CNext\CNext\RadeonSettings.exe atlogon]
04.06.2019 21:23:59.177 [00002504] --- Enumerating displays ...
04.06.2019 21:23:59.179 [00002504] --- Device N[\\.\DISPLAY17] S[Radeon RX 580 Series] M[Generic PnP Monitor] F[desktop ]
04.06.2019 21:23:59.181 [00002504] --- Device N[\\.\DISPLAY18] S[Radeon RX 580 Series] M[Generic PnP Monitor] F[desktop primary ]
04.06.2019 21:23:59.182 [00002504] --- Device N[\\.\DISPLAY19] S[Radeon RX 580 Series] M[] F[]
04.06.2019 21:23:59.184 [00002504] --- Device N[\\.\DISPLAY20] S[Radeon RX 580 Series] M[] F[]
04.06.2019 21:23:59.186 [00002504] --- Device N[\\.\DISPLAY21] S[Radeon RX 580 Series] M[] F[]
04.06.2019 21:23:59.188 [00002504] --- Device N[\\.\DISPLAY22] S[Radeon RX 580 Series] M[] F[]
04.06.2019 21:23:59.189 [00002504] --- Device N[\\.\DISPLAY23] S[Radeon RX 580 Series] M[] F[]
04.06.2019 21:23:59.191 [00002504] --- Device N[\\.\DISPLAY24] S[Radeon RX 580 Series] M[] F[]
04.06.2019 21:23:59.191 [00002504] --- SM_CMONITORS         = 2
04.06.2019 21:23:59.191 [00002504] --- SM_SAMEDISPLAYFORMAT = 1
04.06.2019 21:23:59.191 [00002504] --- SM_XVIRTUALSCREEN    = 0
04.06.2019 21:23:59.191 [00002504] --- SM_YVIRTUALSCREEN    = 0
04.06.2019 21:23:59.191 [00002504] --- SM_CXVIRTUALSCREEN   = 3840
04.06.2019 21:23:59.191 [00002504] --- SM_CYVIRTUALSCREEN   = 1200
04.06.2019 21:23:59.191 [00002504] --- SM_CXCURSOR          = 32
04.06.2019 21:23:59.197 [00002504] --- [\\.\DISPLAY17] [Radeon RX 580 Series] [MONITOR\SECA70B\{4d36e96e-e325-11ce-bfc1-08002be10318}\0016] [Generic PnP Monitor]
04.06.2019 21:23:59.199 [00002504] --- [\\.\DISPLAY18] [Radeon RX 580 Series] [MONITOR\SECA70B\{4d36e96e-e325-11ce-bfc1-08002be10318}\0015] [Generic PnP Monitor]
04.06.2019 21:23:59.199 [00002504] --- Enumerated 2 displays
04.06.2019 21:23:59.199 [00002504] --- Displays initialized
04.06.2019 21:23:59.199 [00002504] --- Displays[0] M[006c0389] HDC[b1010e50] GDC[53010f00] L=1920 T=0 R=3840 B=1200 RECT[1920,0 1920x1200] N[\\.\DISPLAY17] M[Generic PnP Monitor] F[0] PROJ[0x0] MAPS[0]
04.06.2019 21:23:59.199 [00002504] ---    Grouping G[0] N[0] GD[]
04.06.2019 21:23:59.199 [00002504] --- Displays[1] M[00030503] HDC[29010707] GDC[b4010850] L=0 T=0 R=1920 B=1200 RECT[0,0 1920x1200] N[\\.\DISPLAY18] M[Generic PnP Monitor] F[1] PROJ[0x0] MAPS[0]
04.06.2019 21:23:59.199 [00002504] ---    Grouping G[0] N[0] GD[]
04.06.2019 21:23:59.199 [00002504] --- ---
04.06.2019 21:23:59.199 [00002504] --- hookD3D9
04.06.2019 21:23:59.199 [00002504] --- DirectX9 dll=03460000
04.06.2019 21:23:59.263 [00002504] --- DirectX9 API detected
04.06.2019 21:23:59.263 [00002504] --- DirectX9Ex API detected
04.06.2019 21:23:59.263 [00002504] --- i1: InterfaceProc1
04.06.2019 21:23:59.263 [00002504] --- DXGI dll=1f3f0000
04.06.2019 21:23:59.295 [00002504] --- DirectX DXGI API CreateDXGIFactory detected 1
04.06.2019 21:23:59.326 [00002504] --- DirectX DXGI API CreateDXGIFactory1 detected 1
04.06.2019 21:23:59.357 [00002504] --- DirectX DXGI API CreateDXGIFactory2 detected 1
04.06.2019 21:23:59.357 [00002504] --- DirectX DXGI API detected
04.06.2019 21:23:59.357 [00002504] --- DirectX D3D12 API detected hd3d12=18bc0000
04.06.2019 21:23:59.390 [00002504] --- DirectX D3D12 API detected 1
04.06.2019 21:23:59.390 [00002504] --- hookOpenGL
04.06.2019 21:23:59.610 [00002504] --- OpenGL API detected
