04.06.2019 21:17:03.972 [00001d64] --- App --- Immersive Display PRO v3.0.5 (01.01.2019)
04.06.2019 21:17:03.972 [00001d64] --- OS 6:2 Microsoft Windows 8 Professional (build 9200), 64-bit 7(0) 8(1) 8.1(0) 10(0)
04.06.2019 21:17:03.972 [00001d64] --- Process64 C:\Program Files (x86)\Intel\Driver and Support Assistant\DSAServiceHelper.exe
04.06.2019 21:17:03.972 [00001d64] --- CmdLine ["C:\Program Files (x86)\Intel\Driver and Support Assistant\DSAServiceHelper.exe" install 4239113518719209804 28805]
04.06.2019 21:17:03.972 [00001d64] --- Enumerating displays ...
04.06.2019 21:17:03.973 [00001d64] --- Device N[\\.\DISPLAY10] S[Radeon RX 580 Series] M[Generic PnP Monitor] F[desktop ]
04.06.2019 21:17:03.974 [00001d64] --- Device N[\\.\DISPLAY11] S[Radeon RX 580 Series] M[Generic PnP Monitor] F[desktop primary ]
04.06.2019 21:17:03.975 [00001d64] --- Device N[\\.\DISPLAY12] S[Radeon RX 580 Series] M[] F[]
04.06.2019 21:17:03.976 [00001d64] --- Device N[\\.\DISPLAY13] S[Radeon RX 580 Series] M[] F[]
04.06.2019 21:17:03.977 [00001d64] --- Device N[\\.\DISPLAY14] S[Radeon RX 580 Series] M[] F[]
04.06.2019 21:17:03.978 [00001d64] --- Device N[\\.\DISPLAY15] S[Radeon RX 580 Series] M[] F[]
04.06.2019 21:17:03.978 [00001d64] --- SM_CMONITORS         = 2
04.06.2019 21:17:03.978 [00001d64] --- SM_SAMEDISPLAYFORMAT = 1
04.06.2019 21:17:03.978 [00001d64] --- SM_XVIRTUALSCREEN    = 0
04.06.2019 21:17:03.978 [00001d64] --- SM_YVIRTUALSCREEN    = 0
04.06.2019 21:17:03.978 [00001d64] --- SM_CXVIRTUALSCREEN   = 3840
04.06.2019 21:17:03.978 [00001d64] --- SM_CYVIRTUALSCREEN   = 1200
04.06.2019 21:17:03.978 [00001d64] --- SM_CXCURSOR          = 32
04.06.2019 21:17:03.983 [00001d64] --- [\\.\DISPLAY10] [Radeon RX 580 Series] [MONITOR\SECA70B\{4d36e96e-e325-11ce-bfc1-08002be10318}\0016] [Generic PnP Monitor]
04.06.2019 21:17:03.984 [00001d64] --- [\\.\DISPLAY11] [Radeon RX 580 Series] [MONITOR\SECA70B\{4d36e96e-e325-11ce-bfc1-08002be10318}\0015] [Generic PnP Monitor]
04.06.2019 21:17:03.984 [00001d64] --- Enumerated 2 displays
04.06.2019 21:17:03.984 [00001d64] --- Displays initialized
04.06.2019 21:17:03.984 [00001d64] --- Displays[0] M[001c09f1] HDC[5601115b] GDC[e30114e7] L=1920 T=0 R=3840 B=1200 RECT[1920,0 1920x1200] N[\\.\DISPLAY10] M[Generic PnP Monitor] F[0] PROJ[2x1] MAPS[2]
04.06.2019 21:17:03.984 [00001d64] ---    Grouping G[0] N[0] GD[]
04.06.2019 21:17:03.984 [00001d64] --- Displays[1] M[001205fd] HDC[29010bda] GDC[63010dfc] L=0 T=0 R=1920 B=1200 RECT[0,0 1920x1200] N[\\.\DISPLAY11] M[Generic PnP Monitor] F[1] PROJ[0x0] MAPS[0]
04.06.2019 21:17:03.984 [00001d64] ---    Grouping G[0] N[0] GD[]
04.06.2019 21:17:03.984 [00001d64] --- ---
04.06.2019 21:17:03.984 [00001d64] --- hookD3D9
04.06.2019 21:17:03.985 [00001d64] --- DirectX9 dll=72ce0000
04.06.2019 21:17:04.029 [00001d64] --- DirectX9 API detected
04.06.2019 21:17:04.029 [00001d64] --- DirectX9Ex API detected
04.06.2019 21:17:04.029 [00001d64] --- i1: InterfaceProc1
04.06.2019 21:17:04.029 [00001d64] --- interfaceFunc1 [\\.\DISPLAY10] totalMaps=2
04.06.2019 21:17:04.030 [00001d64] --- DXGI dll=a1720000
04.06.2019 21:17:04.052 [00001d64] --- DirectX DXGI API CreateDXGIFactory detected 1
04.06.2019 21:17:04.074 [00001d64] --- DirectX DXGI API CreateDXGIFactory1 detected 1
04.06.2019 21:17:04.096 [00001d64] --- DirectX DXGI API CreateDXGIFactory2 detected 1
04.06.2019 21:17:04.096 [00001d64] --- DirectX DXGI API detected
04.06.2019 21:17:04.096 [00001d64] --- DirectX D3D12 API detected hd3d12=9a880000
04.06.2019 21:17:04.118 [00001d64] --- DirectX D3D12 API detected 1
04.06.2019 21:17:04.118 [00001d64] --- hookOpenGL
04.06.2019 21:17:04.269 [00001d64] --- OpenGL API detected
04.06.2019 21:17:04.495 [00001d64] --- PROCESS DETACH
