05.06.2019 11:25:29.409 [0000054c] ??? OSM handle == NULL error=2
05.06.2019 11:25:29.409 [0000054c] ^^^ SC trying session1
--- [2]
05.06.2019 11:25:29.410 [0000054c] --- App --- Immersive Display PRO v3.0.5 (01.01.2019)
05.06.2019 11:25:29.410 [0000054c] --- OS 6:2 Microsoft Windows 8 Professional (build 9200), 64-bit 7(0) 8(1) 8.1(0) 10(0)
05.06.2019 11:25:29.410 [0000054c] --- Process64 C:\ProgramData\Microsoft\Windows Defender\platform\4.18.1905.4-0\MpCmdRun.exe
05.06.2019 11:25:29.410 [0000054c] --- CmdLine ["C:\ProgramData\Microsoft\Windows Defender\platform\4.18.1905.4-0\MpCmdRun.exe" SignaturesUpdateService -ScheduleJob -UnmanagedUpdate]
05.06.2019 11:25:29.410 [0000054c] --- Enumerating displays ...
05.06.2019 11:25:29.410 [0000054c] --- SM_CMONITORS         = 1
05.06.2019 11:25:29.410 [0000054c] --- SM_SAMEDISPLAYFORMAT = 1
05.06.2019 11:25:29.410 [0000054c] --- SM_XVIRTUALSCREEN    = 0
05.06.2019 11:25:29.410 [0000054c] --- SM_YVIRTUALSCREEN    = 0
05.06.2019 11:25:29.410 [0000054c] --- SM_CXVIRTUALSCREEN   = 1024
05.06.2019 11:25:29.410 [0000054c] --- SM_CYVIRTUALSCREEN   = 768
05.06.2019 11:25:29.410 [0000054c] --- SM_CXCURSOR          = 32
05.06.2019 11:25:29.410 [0000054c] ??? No displays enumerated. Retry later
05.06.2019 11:25:29.410 [0000054c] --- hookD3D9
05.06.2019 11:25:29.411 [0000054c] --- DirectX9 dll=feaf0000
05.06.2019 11:25:29.447 [0000054c] --- DirectX9 API detected
05.06.2019 11:25:29.447 [0000054c] --- DirectX9Ex API detected
05.06.2019 11:25:29.447 [0000054c] --- i1: InterfaceProc1
05.06.2019 11:25:29.447 [0000054c] --- DXGI dll=2d520000
05.06.2019 11:25:29.465 [0000054c] --- DirectX DXGI API CreateDXGIFactory detected 1
05.06.2019 11:25:29.483 [0000054c] --- DirectX DXGI API CreateDXGIFactory1 detected 1
05.06.2019 11:25:29.501 [0000054c] --- DirectX DXGI API CreateDXGIFactory2 detected 1
05.06.2019 11:25:29.501 [0000054c] --- DirectX DXGI API detected
05.06.2019 11:25:29.501 [0000054c] --- DirectX D3D12 API detected hd3d12=26cf0000
05.06.2019 11:25:29.519 [0000054c] --- DirectX D3D12 API detected 1
05.06.2019 11:25:29.519 [0000054c] --- hookOpenGL
05.06.2019 11:25:29.643 [0000054c] --- OpenGL API detected
