04.06.2019 21:27:22.719 [00002a44] --- App --- Immersive Display PRO v3.0.5 (01.01.2019)
04.06.2019 21:27:22.719 [00002a44] --- OS 6:2 Microsoft Windows 8 Professional (build 9200), 64-bit 7(0) 8(1) 8.1(0) 10(0)
04.06.2019 21:27:22.719 [00002a44] --- Process64 C:\Program Files (x86)\AMD\CNext\CCCSlim\CLI.exe
04.06.2019 21:27:22.719 [00002a44] --- CmdLine ["C:\Program Files (x86)\AMD\CNext\CCCSlim\CLI.exe"  start dashboard LeafName=Leaf_DM_SLSMiddleMode]
04.06.2019 21:27:22.719 [00002a44] --- Enumerating displays ...
04.06.2019 21:27:22.719 [00002a44] --- Device N[\\.\DISPLAY1] S[Radeon RX 580 Series] M[] F[]
04.06.2019 21:27:22.719 [00002a44] --- Device N[\\.\DISPLAY2] S[Radeon RX 580 Series] M[Generic PnP Monitor] F[desktop primary ]
04.06.2019 21:27:22.719 [00002a44] --- Device N[\\.\DISPLAY3] S[Radeon RX 580 Series] M[] F[]
04.06.2019 21:27:22.719 [00002a44] --- Device N[\\.\DISPLAY4] S[Radeon RX 580 Series] M[] F[]
04.06.2019 21:27:22.719 [00002a44] --- Device N[\\.\DISPLAY5] S[Radeon RX 580 Series] M[] F[]
04.06.2019 21:27:22.719 [00002a44] --- Device N[\\.\DISPLAY6] S[Radeon RX 580 Series] M[] F[]
04.06.2019 21:27:22.719 [00002a44] --- Device N[\\.\DISPLAY7] S[Radeon RX 580 Series] M[] F[]
04.06.2019 21:27:22.719 [00002a44] --- Device N[\\.\DISPLAY8] S[Radeon RX 580 Series] M[] F[]
04.06.2019 21:27:22.719 [00002a44] --- SM_CMONITORS         = 1
04.06.2019 21:27:22.719 [00002a44] --- SM_SAMEDISPLAYFORMAT = 1
04.06.2019 21:27:22.719 [00002a44] --- SM_XVIRTUALSCREEN    = 0
04.06.2019 21:27:22.719 [00002a44] --- SM_YVIRTUALSCREEN    = 0
04.06.2019 21:27:22.719 [00002a44] --- SM_CXVIRTUALSCREEN   = 3840
04.06.2019 21:27:22.719 [00002a44] --- SM_CYVIRTUALSCREEN   = 1200
04.06.2019 21:27:22.719 [00002a44] --- SM_CXCURSOR          = 32
04.06.2019 21:27:22.733 [00002a44] --- [\\.\DISPLAY2] [Radeon RX 580 Series] [MONITOR\ADVEF2D\{4d36e96e-e325-11ce-bfc1-08002be10318}\0017] [Generic PnP Monitor]
04.06.2019 21:27:22.733 [00002a44] --- Enumerated 1 displays
04.06.2019 21:27:22.733 [00002a44] --- Displays initialized
04.06.2019 21:27:22.733 [00002a44] --- Displays[0] M[002a057b] HDC[4a010cda] GDC[75010e5d] L=0 T=0 R=3840 B=1200 RECT[0,0 3840x1200] N[\\.\DISPLAY2] M[Generic PnP Monitor] F[1] PROJ[0x0] MAPS[0]
04.06.2019 21:27:22.733 [00002a44] ---    Grouping G[0] N[0] GD[]
04.06.2019 21:27:22.733 [00002a44] --- ---
04.06.2019 21:27:22.733 [00002a44] --- hookD3D9
04.06.2019 21:27:22.733 [00002a44] --- DirectX9 dll=68590000
04.06.2019 21:27:22.783 [00002a44] --- DirectX9 API detected
04.06.2019 21:27:22.783 [00002a44] --- DirectX9Ex API detected
04.06.2019 21:27:22.783 [00002a44] --- i1: InterfaceProc1
04.06.2019 21:27:22.783 [00002a44] --- DXGI dll=7a520000
04.06.2019 21:27:22.819 [00002a44] --- DirectX DXGI API CreateDXGIFactory detected 1
04.06.2019 21:27:22.855 [00002a44] --- DirectX DXGI API CreateDXGIFactory1 detected 1
04.06.2019 21:27:22.882 [00002a44] --- DirectX DXGI API CreateDXGIFactory2 detected 1
04.06.2019 21:27:22.882 [00002a44] --- DirectX DXGI API detected
04.06.2019 21:27:22.882 [00002a44] --- DirectX D3D12 API detected hd3d12=73c90000
04.06.2019 21:27:22.916 [00002a44] --- DirectX D3D12 API detected 1
04.06.2019 21:27:22.917 [00002a44] --- hookOpenGL
04.06.2019 21:27:23.123 [00002a44] --- OpenGL API detected
