05.06.2019 11:56:29.271 [000027d8] --- App --- Immersive Display PRO v3.0.5 (01.01.2019)
05.06.2019 11:56:29.271 [000027d8] --- OS 6:2 Microsoft Windows 8 Professional (build 9200), 64-bit 7(0) 8(1) 8.1(0) 10(0)
05.06.2019 11:56:29.271 [000027d8] --- Process64 C:\Users\own\scoop\apps\git\current\cmd\git.exe
05.06.2019 11:56:29.271 [000027d8] --- CmdLine ["C:\Users\own\scoop\apps\git\current\cmd\git.exe"  add Flyput_Live\Flyput_Boch_Live_Data\localSetting.xml]
05.06.2019 11:56:29.271 [000027d8] --- Enumerating displays ...
05.06.2019 11:56:29.271 [000027d8] --- Device N[\\.\DISPLAY1] S[Radeon RX 580 Series] M[Generic PnP Monitor] F[desktop primary ]
05.06.2019 11:56:29.272 [000027d8] --- Device N[\\.\DISPLAY2] S[Radeon RX 580 Series] M[] F[]
05.06.2019 11:56:29.273 [000027d8] --- Device N[\\.\DISPLAY3] S[Radeon RX 580 Series] M[] F[]
05.06.2019 11:56:29.273 [000027d8] --- Device N[\\.\DISPLAY4] S[Radeon RX 580 Series] M[] F[]
05.06.2019 11:56:29.274 [000027d8] --- Device N[\\.\DISPLAY5] S[Radeon RX 580 Series] M[] F[]
05.06.2019 11:56:29.274 [000027d8] --- Device N[\\.\DISPLAY6] S[Radeon RX 580 Series] M[] F[]
05.06.2019 11:56:29.275 [000027d8] --- Device N[\\.\DISPLAY7] S[Radeon RX 580 Series] M[] F[]
05.06.2019 11:56:29.275 [000027d8] --- Device N[\\.\DISPLAY8] S[Radeon RX 580 Series] M[] F[]
05.06.2019 11:56:29.275 [000027d8] --- SM_CMONITORS         = 1
05.06.2019 11:56:29.275 [000027d8] --- SM_SAMEDISPLAYFORMAT = 1
05.06.2019 11:56:29.275 [000027d8] --- SM_XVIRTUALSCREEN    = 0
05.06.2019 11:56:29.275 [000027d8] --- SM_YVIRTUALSCREEN    = 0
05.06.2019 11:56:29.275 [000027d8] --- SM_CXVIRTUALSCREEN   = 3840
05.06.2019 11:56:29.275 [000027d8] --- SM_CYVIRTUALSCREEN   = 1200
05.06.2019 11:56:29.275 [000027d8] --- SM_CXCURSOR          = 32
05.06.2019 11:56:29.278 [000027d8] --- [\\.\DISPLAY1] [Radeon RX 580 Series] [MONITOR\ADVEF2D\{4d36e96e-e325-11ce-bfc1-08002be10318}\0017] [Generic PnP Monitor]
05.06.2019 11:56:29.279 [000027d8] --- Enumerated 1 displays
05.06.2019 11:56:29.279 [000027d8] --- Displays initialized
05.06.2019 11:56:29.279 [000027d8] --- Displays[0] M[00010001] HDC[89010fb7] GDC[ea010e0c] L=0 T=0 R=3840 B=1200 RECT[0,0 3840x1200] N[\\.\DISPLAY1] M[Generic PnP Monitor] F[1] PROJ[2x1] MAPS[2]
05.06.2019 11:56:29.279 [000027d8] ---    Grouping G[0] N[0] GD[]
05.06.2019 11:56:29.279 [000027d8] --- ---
05.06.2019 11:56:29.279 [000027d8] --- hookD3D9
05.06.2019 11:56:29.280 [000027d8] --- DirectX9 dll=670a0000
05.06.2019 11:56:29.335 [000027d8] --- DirectX9 API detected
05.06.2019 11:56:29.335 [000027d8] --- DirectX9Ex API detected
05.06.2019 11:56:29.335 [000027d8] --- i1: InterfaceProc1
05.06.2019 11:56:29.335 [000027d8] --- interfaceFunc1 [\\.\DISPLAY1] totalMaps=2
05.06.2019 11:56:29.336 [000027d8] --- DXGI dll=95b60000
05.06.2019 11:56:29.364 [000027d8] --- DirectX DXGI API CreateDXGIFactory detected 1
05.06.2019 11:56:29.392 [000027d8] --- DirectX DXGI API CreateDXGIFactory1 detected 1
05.06.2019 11:56:29.419 [000027d8] --- DirectX DXGI API CreateDXGIFactory2 detected 1
05.06.2019 11:56:29.419 [000027d8] --- DirectX DXGI API detected
05.06.2019 11:56:29.420 [000027d8] --- DirectX D3D12 API detected hd3d12=8f360000
05.06.2019 11:56:29.448 [000027d8] --- DirectX D3D12 API detected 1
05.06.2019 11:56:29.448 [000027d8] --- hookOpenGL
05.06.2019 11:56:29.645 [000027d8] --- OpenGL API detected
05.06.2019 11:56:30.244 [000027d8] --- PROCESS DETACH
