05.06.2019 08:35:22.222 [000008ec] ??? OSM handle == NULL error=2
05.06.2019 08:35:22.222 [000008ec] ^^^ SC trying session1
--- [2]
05.06.2019 08:35:22.223 [000008ec] --- App --- Immersive Display PRO v3.0.5 (01.01.2019)
05.06.2019 08:35:22.223 [000008ec] --- OS 6:2 Microsoft Windows 8 Professional (build 9200), 64-bit 7(0) 8(1) 8.1(0) 10(0)
05.06.2019 08:35:22.223 [000008ec] --- Process64 C:\Program Files (x86)\Google\Update\1.3.34.11\GoogleCrashHandler64.exe
05.06.2019 08:35:22.223 [000008ec] --- CmdLine ["C:\Program Files (x86)\Google\Update\1.3.34.11\GoogleCrashHandler64.exe"]
05.06.2019 08:35:22.223 [000008ec] --- Enumerating displays ...
05.06.2019 08:35:22.223 [000008ec] --- SM_CMONITORS         = 1
05.06.2019 08:35:22.223 [000008ec] --- SM_SAMEDISPLAYFORMAT = 1
05.06.2019 08:35:22.223 [000008ec] --- SM_XVIRTUALSCREEN    = 0
05.06.2019 08:35:22.223 [000008ec] --- SM_YVIRTUALSCREEN    = 0
05.06.2019 08:35:22.223 [000008ec] --- SM_CXVIRTUALSCREEN   = 1024
05.06.2019 08:35:22.223 [000008ec] --- SM_CYVIRTUALSCREEN   = 768
05.06.2019 08:35:22.224 [000008ec] --- SM_CXCURSOR          = 32
05.06.2019 08:35:22.224 [000008ec] ??? No displays enumerated. Retry later
05.06.2019 08:35:22.224 [000008ec] --- hookD3D9
05.06.2019 08:35:22.225 [000008ec] --- DirectX9 dll=d6de0000
05.06.2019 08:35:22.253 [000008ec] --- DirectX9 API detected
05.06.2019 08:35:22.254 [000008ec] --- DirectX9Ex API detected
05.06.2019 08:35:22.254 [000008ec] --- i1: InterfaceProc1
05.06.2019 08:35:22.254 [000008ec] --- DXGI dll=05830000
05.06.2019 08:35:22.269 [000008ec] --- DirectX DXGI API CreateDXGIFactory detected 1
05.06.2019 08:35:22.284 [000008ec] --- DirectX DXGI API CreateDXGIFactory1 detected 1
05.06.2019 08:35:22.298 [000008ec] --- DirectX DXGI API CreateDXGIFactory2 detected 1
05.06.2019 08:35:22.299 [000008ec] --- DirectX DXGI API detected
05.06.2019 08:35:22.299 [000008ec] --- DirectX D3D12 API detected hd3d12=ff080000
05.06.2019 08:35:22.314 [000008ec] --- DirectX D3D12 API detected 1
05.06.2019 08:35:22.314 [000008ec] --- hookOpenGL
05.06.2019 08:35:22.416 [000008ec] --- OpenGL API detected
05.06.2019 08:35:22.469 [000008ec] --- PROCESS DETACH
