04.06.2019 14:07:59.865 [00000518] --- App --- Immersive Display PRO v3.0.5 (01.01.2019)
04.06.2019 14:07:59.865 [00000518] --- OS 6:2 Microsoft Windows 8 Professional (build 9200), 64-bit 7(0) 8(1) 8.1(0) 10(0)
04.06.2019 14:07:59.865 [00000518] --- Process64 C:\Program Files\FARO\SCENE LT\SCENE LT.exe
04.06.2019 14:07:59.865 [00000518] --- CmdLine ["C:\Program Files\FARO\SCENE LT\SCENE LT.exe" ]
04.06.2019 14:07:59.865 [00000518] --- Enumerating displays ...
04.06.2019 14:07:59.866 [00000518] --- Device N[\\.\DISPLAY1] S[Radeon RX 580 Series] M[Generic PnP Monitor] F[desktop primary ]
04.06.2019 14:07:59.867 [00000518] --- Device N[\\.\DISPLAY2] S[Radeon RX 580 Series] M[] F[]
04.06.2019 14:07:59.867 [00000518] --- Device N[\\.\DISPLAY3] S[Radeon RX 580 Series] M[] F[]
04.06.2019 14:07:59.868 [00000518] --- Device N[\\.\DISPLAY4] S[Radeon RX 580 Series] M[] F[]
04.06.2019 14:07:59.868 [00000518] --- Device N[\\.\DISPLAY5] S[Radeon RX 580 Series] M[] F[]
04.06.2019 14:07:59.869 [00000518] --- Device N[\\.\DISPLAY6] S[Radeon RX 580 Series] M[] F[]
04.06.2019 14:07:59.869 [00000518] --- Device N[\\.\DISPLAY7] S[Radeon RX 580 Series] M[] F[]
04.06.2019 14:07:59.870 [00000518] --- Device N[\\.\DISPLAY8] S[Radeon RX 580 Series] M[] F[]
04.06.2019 14:07:59.870 [00000518] --- SM_CMONITORS         = 1
04.06.2019 14:07:59.870 [00000518] --- SM_SAMEDISPLAYFORMAT = 1
04.06.2019 14:07:59.870 [00000518] --- SM_XVIRTUALSCREEN    = 0
04.06.2019 14:07:59.870 [00000518] --- SM_YVIRTUALSCREEN    = 0
04.06.2019 14:07:59.870 [00000518] --- SM_CXVIRTUALSCREEN   = 3840
04.06.2019 14:07:59.870 [00000518] --- SM_CYVIRTUALSCREEN   = 1200
04.06.2019 14:07:59.870 [00000518] --- SM_CXCURSOR          = 32
04.06.2019 14:07:59.873 [00000518] --- [\\.\DISPLAY1] [Radeon RX 580 Series] [MONITOR\ADVEF2D\{4d36e96e-e325-11ce-bfc1-08002be10318}\0013] [Generic PnP Monitor]
04.06.2019 14:07:59.873 [00000518] --- Enumerated 1 displays
04.06.2019 14:07:59.873 [00000518] --- Displays initialized
04.06.2019 14:07:59.873 [00000518] --- Displays[0] M[00010001] HDC[62010119] GDC[590110d8] L=0 T=0 R=3840 B=1200 RECT[0,0 3840x1200] N[\\.\DISPLAY1] M[Generic PnP Monitor] F[1] PROJ[2x1] MAPS[2]
04.06.2019 14:07:59.873 [00000518] ---    Grouping G[0] N[0] GD[]
04.06.2019 14:07:59.873 [00000518] --- ---
04.06.2019 14:07:59.873 [00000518] --- hookD3D9
04.06.2019 14:07:59.874 [00000518] --- DirectX9 dll=56cb0000
04.06.2019 14:07:59.915 [00000518] --- DirectX9 API detected
04.06.2019 14:07:59.915 [00000518] --- DirectX9Ex API detected
04.06.2019 14:07:59.915 [00000518] --- i1: InterfaceProc1
04.06.2019 14:07:59.915 [00000518] --- interfaceFunc1 [\\.\DISPLAY1] totalMaps=2
04.06.2019 14:07:59.915 [00000518] --- DXGI dll=7ce30000
04.06.2019 14:07:59.936 [00000518] --- DirectX DXGI API CreateDXGIFactory detected 1
04.06.2019 14:07:59.955 [00000518] --- DirectX DXGI API CreateDXGIFactory1 detected 1
04.06.2019 14:07:59.976 [00000518] --- DirectX DXGI API CreateDXGIFactory2 detected 1
04.06.2019 14:07:59.976 [00000518] --- DirectX DXGI API detected
04.06.2019 14:07:59.976 [00000518] --- DirectX D3D12 API detected hd3d12=75c40000
04.06.2019 14:07:59.996 [00000518] --- DirectX D3D12 API detected 1
04.06.2019 14:07:59.996 [00000518] --- hookOpenGL
04.06.2019 14:08:00.139 [00000518] --- OpenGL API detected
04.06.2019 14:08:01.508 [00000518] --- wglCreateLayerContext hdc=26010c61 iLayerPlane=0 hglrc=00010000
04.06.2019 14:08:01.509 [00000518] --- WWW H[000d05d8] C[dummyGLContext] W[extension initializer] T[00000518] M[00010001] R[379,286 320x240] CR[0,0 300x197]
04.06.2019 14:08:01.509 [00000518] --- OpenGLWarpContext[1c8c9040] HDC=26010c61 GLRC=00010000 HWND=000d05d8 isFullscreen=0
04.06.2019 14:08:01.526 [00000518] --- wglDeleteContext 00010000
04.06.2019 14:08:01.526 [00000518] --- ~BaseWarpContext[1c8c9040]
04.06.2019 14:08:53.141 [000016ac] --- wglCreateLayerContext hdc=a601126d iLayerPlane=0 hglrc=00020000
04.06.2019 14:08:53.141 [000016ac] --- WWW H[0003077c] C[Afx:0000000140000000:2b] W[] T[00000518] M[00010001] R[1126,261 3002x773] CR[0,0 3002x773]
04.06.2019 14:08:53.141 [000016ac] --- PPP H[001b052e] C[Afx:ControlBar:40000000:8:10003:10] W[???????...] T[00000518] M[00010001] R[1126,261 3002x773] CR[0,0 3002x773]
04.06.2019 14:08:53.141 [000016ac] --- PPP H[000a06e4] C[Afx:0000000140000000:8:0000000000000000:0000000000000010:00000000007405F5] W[???????...] T[00000518] M[00010001] R[1126,261 3002x773] CR[0,0 3002x773]
04.06.2019 14:08:53.141 [000016ac] --- PPP H[000405ee] C[MDIClient] W[] T[00000518] M[00010001] R[1123,239 3008x798] CR[0,0 3008x798]
04.06.2019 14:08:53.141 [000016ac] --- PPP H[000205f4] C[Afx:0000000140000000:8:0000000000010003:0000000000000000:00000000012B046D] W[20190326_oldhouse* - SCENE LT 2019.0.1.1653] T[00000518] M[00010001] R[861,104 3278x960] CR[0,0 3262x921]
04.06.2019 14:08:53.141 [000016ac] --- OpenGLWarpContext[1ef1a040] HDC=a601126d GLRC=00020000 HWND=0003077c isFullscreen=0
04.06.2019 14:08:53.915 [000016ac] --- UPP[1ef1a040] CHANGE Projector configuration for display(0) 0x0 -> 2x1 
04.06.2019 14:08:53.915 [000016ac] --- UPP[1ef1a040] CHANGE WindowsWarping 1
04.06.2019 14:08:53.915 [000016ac] --- UPP[1ef1a040] CHANGE DesktopWarping 1
04.06.2019 14:08:53.915 [000016ac] --- UPP[1ef1a040] CHANGE HWND[0003077c] Window rect changed 0,0 0x0 -> 1126,261 3002x773
04.06.2019 14:08:53.915 [000016ac] --- UPP[1ef1a040] CHANGE HWND[0003077c] Client rect changed 0,0 0x0 -> 0,0 3002x773
04.06.2019 14:08:53.915 [000016ac] --- UPP[1ef1a040] CHANGE HWND[0003077c] Monitor changed 00000000 -> 00010001 
04.06.2019 14:08:53.915 [000016ac] --- UPP[00000000] RECREATE
04.06.2019 14:08:53.915 [000016ac] --- UPP[1ef1a040] SKIP (DWMRunning(1) or NOT WindowWarping(1))
04.06.2019 14:10:06.643 [000016ac] --- UPP[1ef1a040] CHANGE HWND[0003077c] Window rect changed 1126,261 3002x773 -> 976,311 3002x773
04.06.2019 14:10:06.698 [000016ac] --- UPP[1ef1a040] CHANGE HWND[0003077c] Window rect changed 976,311 3002x773 -> 629,366 3002x773
04.06.2019 14:10:06.880 [000016ac] --- UPP[1ef1a040] CHANGE HWND[0003077c] Window rect changed 629,366 3002x773 -> 450,376 3002x773
04.06.2019 14:10:06.931 [000016ac] --- UPP[1ef1a040] CHANGE HWND[0003077c] Window rect changed 450,376 3002x773 -> 397,374 3002x773
04.06.2019 14:10:06.983 [000016ac] --- UPP[1ef1a040] CHANGE HWND[0003077c] Window rect changed 397,374 3002x773 -> 344,355 3002x773
04.06.2019 14:11:10.214 [000016ac] --- UPP[1ef1a040] CHANGE HWND[0003077c] Window rect changed 344,355 3002x773 -> 218,333 3002x773
04.06.2019 14:11:14.740 [000016ac] --- UPP[1ef1a040] CHANGE HWND[0003077c] Window rect changed 218,333 3002x773 -> 420,317 3002x773
04.06.2019 14:11:22.166 [000016ac] --- UPP[1ef1a040] CHANGE HWND[0003077c] Window rect changed 420,317 3002x773 -> 1244,216 3002x773
04.06.2019 14:11:22.240 [000016ac] --- UPP[1ef1a040] CHANGE HWND[0003077c] Window rect changed 1244,216 3002x773 -> 1239,221 3002x773
04.06.2019 14:12:47.302 [000016ac] --- UPP[1ef1a040] CHANGE HWND[0003077c] Window rect changed 1239,221 3002x773 -> 1239,222 3002x773
04.06.2019 14:16:31.144 [000016ac] --- wglDeleteContext 00020000
04.06.2019 14:16:31.144 [000016ac] --- ~BaseWarpContext[1ef1a040]
04.06.2019 14:16:36.474 [0000059c] --- wglCreateLayerContext hdc=c50100f8 iLayerPlane=0 hglrc=00030000
04.06.2019 14:16:36.474 [0000059c] --- WWW H[000f04e6] C[Afx:0000000140000000:2b] W[] T[00000518] M[00010001] R[1239,222 3002x773] CR[0,0 3002x773]
04.06.2019 14:16:36.474 [0000059c] --- PPP H[000a0706] C[Afx:ControlBar:40000000:8:10003:10] W[???????...] T[00000518] M[00010001] R[1239,222 3002x773] CR[0,0 3002x773]
04.06.2019 14:16:36.474 [0000059c] --- PPP H[000a079c] C[Afx:0000000140000000:8:0000000000000000:0000000000000010:00000000007405F5] W[???????...] T[00000518] M[00010001] R[1239,222 3002x773] CR[0,0 3002x773]
04.06.2019 14:16:36.475 [0000059c] --- PPP H[000405ee] C[MDIClient] W[] T[00000518] M[00010001] R[1236,200 3008x798] CR[0,0 3008x798]
04.06.2019 14:16:36.475 [0000059c] --- PPP H[000205f4] C[Afx:0000000140000000:8:0000000000010003:0000000000000000:00000000012B046D] W[20190326_oldhouse* - SCENE LT 2019.0.1.1653] T[00000518] M[00010001] R[974,65 3278x960] CR[0,0 3262x921]
04.06.2019 14:16:36.475 [0000059c] --- OpenGLWarpContext[16ce0040] HDC=c50100f8 GLRC=00030000 HWND=000f04e6 isFullscreen=0
04.06.2019 14:16:37.090 [0000059c] --- UPP[16ce0040] CHANGE Projector configuration for display(0) 0x0 -> 2x1 
04.06.2019 14:16:37.090 [0000059c] --- UPP[16ce0040] CHANGE WindowsWarping 1
04.06.2019 14:16:37.090 [0000059c] --- UPP[16ce0040] CHANGE DesktopWarping 1
04.06.2019 14:16:37.090 [0000059c] --- UPP[16ce0040] CHANGE HWND[000f04e6] Window rect changed 0,0 0x0 -> 1239,222 3002x773
04.06.2019 14:16:37.090 [0000059c] --- UPP[16ce0040] CHANGE HWND[000f04e6] Client rect changed 0,0 0x0 -> 0,0 3002x773
04.06.2019 14:16:37.090 [0000059c] --- UPP[16ce0040] CHANGE HWND[000f04e6] Monitor changed 00000000 -> 00010001 
04.06.2019 14:16:37.090 [0000059c] --- UPP[00000000] RECREATE
04.06.2019 14:16:37.090 [0000059c] --- UPP[16ce0040] SKIP (DWMRunning(1) or NOT WindowWarping(1))
04.06.2019 14:17:52.039 [0000059c] --- UPP[16ce0040] CHANGE HWND[000f04e6] Window rect changed 1239,222 3002x773 -> 1236,220 250x778
04.06.2019 14:17:52.039 [0000059c] --- UPP[16ce0040] CHANGE HWND[000f04e6] Client rect changed 0,0 3002x773 -> 0,0 250x778
04.06.2019 14:17:52.039 [0000059c] --- UPP[00000000] RECREATE
04.06.2019 14:17:52.039 [0000059c] --- UPP[16ce0040] SKIP (DWMRunning(1) or NOT WindowWarping(1))
04.06.2019 14:17:52.243 [00000bcc] --- wglCreateLayerContext hdc=d5010cf3 iLayerPlane=0 hglrc=00010001
04.06.2019 14:17:52.243 [00000bcc] --- WWW H[000c0494] C[Afx:0000000140000000:2b] W[] T[00000518] M[00010001] R[1239,222 3002x773] CR[0,0 3002x773]
04.06.2019 14:17:52.243 [00000bcc] --- PPP H[00100442] C[Afx:ControlBar:40000000:8:10003:10] W[???????...] T[00000518] M[00010001] R[1239,222 3002x773] CR[0,0 3002x773]
04.06.2019 14:17:52.243 [00000bcc] --- PPP H[000f04da] C[Afx:0000000140000000:8:0000000000000000:0000000000000010:00000000007405F5] W[???????...] T[00000518] M[00010001] R[1239,222 3002x773] CR[0,0 3002x773]
04.06.2019 14:17:52.243 [00000bcc] --- PPP H[000405ee] C[MDIClient] W[] T[00000518] M[00010001] R[1236,200 3008x798] CR[0,0 3008x798]
04.06.2019 14:17:52.243 [00000bcc] --- PPP H[000205f4] C[Afx:0000000140000000:8:0000000000010003:0000000000000000:00000000012B046D] W[20190326_oldhouse* - SCENE LT 2019.0.1.1653] T[00000518] M[00010001] R[974,65 3278x960] CR[0,0 3262x921]
04.06.2019 14:17:52.243 [00000bcc] --- OpenGLWarpContext[38126040] HDC=d5010cf3 GLRC=00010001 HWND=000c0494 isFullscreen=0
04.06.2019 14:17:52.382 [0000059c] --- UPP[16ce0040] CHANGE HWND[000f04e6] Window rect changed 1236,220 250x778 -> 1239,222 3002x773
04.06.2019 14:17:52.382 [0000059c] --- UPP[16ce0040] CHANGE HWND[000f04e6] Client rect changed 0,0 250x778 -> 0,0 3002x773
04.06.2019 14:17:52.382 [0000059c] --- UPP[00000000] RECREATE
04.06.2019 14:17:52.382 [0000059c] --- UPP[16ce0040] SKIP (DWMRunning(1) or NOT WindowWarping(1))
04.06.2019 14:17:52.967 [00000bcc] --- UPP[38126040] CHANGE Projector configuration for display(0) 0x0 -> 2x1 
04.06.2019 14:17:52.967 [00000bcc] --- UPP[38126040] CHANGE WindowsWarping 1
04.06.2019 14:17:52.967 [00000bcc] --- UPP[38126040] CHANGE DesktopWarping 1
04.06.2019 14:17:52.967 [00000bcc] --- UPP[38126040] CHANGE HWND[000c0494] Window rect changed 0,0 0x0 -> 1239,222 3002x773
04.06.2019 14:17:52.967 [00000bcc] --- UPP[38126040] CHANGE HWND[000c0494] Client rect changed 0,0 0x0 -> 0,0 3002x773
04.06.2019 14:17:52.967 [00000bcc] --- UPP[38126040] CHANGE HWND[000c0494] Monitor changed 00000000 -> 00010001 
04.06.2019 14:17:52.967 [00000bcc] --- UPP[00000000] RECREATE
04.06.2019 14:17:52.967 [00000bcc] --- UPP[38126040] SKIP (DWMRunning(1) or NOT WindowWarping(1))
04.06.2019 14:18:26.644 [000023ac] --- wglCreateLayerContext hdc=6e0115a5 iLayerPlane=0 hglrc=00010002
04.06.2019 14:18:26.644 [000023ac] --- WWW H[00110226] C[Afx:0000000140000000:2b] W[] T[00000518] M[00010001] R[1239,222 3002x773] CR[0,0 3002x773]
04.06.2019 14:18:26.644 [000023ac] --- PPP H[00110848] C[Afx:ControlBar:40000000:8:10003:10] W[???????...] T[00000518] M[00010001] R[1239,222 3002x773] CR[0,0 3002x773]
04.06.2019 14:18:26.644 [000023ac] --- PPP H[00180438] C[Afx:0000000140000000:8:0000000000000000:0000000000000010:00000000007405F5] W[???????...] T[00000518] M[00010001] R[1239,222 3002x773] CR[0,0 3002x773]
04.06.2019 14:18:26.644 [000023ac] --- PPP H[000405ee] C[MDIClient] W[] T[00000518] M[00010001] R[1236,200 3008x798] CR[0,0 3008x798]
04.06.2019 14:18:26.644 [000023ac] --- PPP H[000205f4] C[Afx:0000000140000000:8:0000000000010003:0000000000000000:00000000012B046D] W[20190326_oldhouse* - SCENE LT 2019.0.1.1653] T[00000518] M[00010001] R[974,65 3278x960] CR[0,0 3262x921]
04.06.2019 14:18:26.644 [000023ac] --- OpenGLWarpContext[42c24040] HDC=6e0115a5 GLRC=00010002 HWND=00110226 isFullscreen=0
04.06.2019 14:18:27.229 [000023ac] --- UPP[42c24040] CHANGE Projector configuration for display(0) 0x0 -> 2x1 
04.06.2019 14:18:27.229 [000023ac] --- UPP[42c24040] CHANGE WindowsWarping 1
04.06.2019 14:18:27.229 [000023ac] --- UPP[42c24040] CHANGE DesktopWarping 1
04.06.2019 14:18:27.229 [000023ac] --- UPP[42c24040] CHANGE HWND[00110226] Window rect changed 0,0 0x0 -> 1239,222 3002x773
04.06.2019 14:18:27.229 [000023ac] --- UPP[42c24040] CHANGE HWND[00110226] Client rect changed 0,0 0x0 -> 0,0 3002x773
04.06.2019 14:18:27.229 [000023ac] --- UPP[42c24040] CHANGE HWND[00110226] Monitor changed 00000000 -> 00010001 
04.06.2019 14:18:27.229 [000023ac] --- UPP[00000000] RECREATE
04.06.2019 14:18:27.229 [000023ac] --- UPP[42c24040] SKIP (DWMRunning(1) or NOT WindowWarping(1))
04.06.2019 14:18:45.847 [000023ac] --- wglDeleteContext 00010002
04.06.2019 14:18:45.847 [000023ac] --- ~BaseWarpContext[42c24040]
04.06.2019 14:51:23.214 [00001854] --- wglCreateLayerContext hdc=a2010d6f iLayerPlane=0 hglrc=00020002
04.06.2019 14:51:23.215 [00001854] --- WWW H[000400c8] C[Afx:0000000140000000:2b] W[] T[00000518] M[00010001] R[1239,222 3002x773] CR[0,0 3002x773]
04.06.2019 14:51:23.215 [00001854] --- PPP H[00340772] C[Afx:ControlBar:40000000:8:10003:10] W[???????...] T[00000518] M[00010001] R[1239,222 3002x773] CR[0,0 3002x773]
04.06.2019 14:51:23.215 [00001854] --- PPP H[000800a2] C[Afx:0000000140000000:8:0000000000000000:0000000000000010:00000000007405F5] W[???????...] T[00000518] M[00010001] R[1239,222 3002x773] CR[0,0 3002x773]
04.06.2019 14:51:23.215 [00001854] --- PPP H[000405ee] C[MDIClient] W[] T[00000518] M[00010001] R[1236,200 3008x798] CR[0,0 3008x798]
04.06.2019 14:51:23.215 [00001854] --- PPP H[000205f4] C[Afx:0000000140000000:8:0000000000010003:0000000000000000:00000000012B046D] W[20190326_oldhouse* - SCENE LT 2019.0.1.1653] T[00000518] M[00010001] R[974,65 3278x960] CR[0,0 3262x921]
04.06.2019 14:51:23.215 [00001854] --- OpenGLWarpContext[21f16040] HDC=a2010d6f GLRC=00020002 HWND=000400c8 isFullscreen=0
04.06.2019 14:51:23.798 [00001854] --- UPP[21f16040] CHANGE Projector configuration for display(0) 0x0 -> 2x1 
04.06.2019 14:51:23.798 [00001854] --- UPP[21f16040] CHANGE WindowsWarping 1
04.06.2019 14:51:23.798 [00001854] --- UPP[21f16040] CHANGE DesktopWarping 1
04.06.2019 14:51:23.798 [00001854] --- UPP[21f16040] CHANGE HWND[000400c8] Window rect changed 0,0 0x0 -> 1239,222 3002x773
04.06.2019 14:51:23.798 [00001854] --- UPP[21f16040] CHANGE HWND[000400c8] Client rect changed 0,0 0x0 -> 0,0 3002x773
04.06.2019 14:51:23.798 [00001854] --- UPP[21f16040] CHANGE HWND[000400c8] Monitor changed 00000000 -> 00010001 
04.06.2019 14:51:23.798 [00001854] --- UPP[00000000] RECREATE
04.06.2019 14:51:23.798 [00001854] --- UPP[21f16040] SKIP (DWMRunning(1) or NOT WindowWarping(1))
04.06.2019 14:51:31.860 [00001554] --- wglCreateLayerContext hdc=bb011096 iLayerPlane=0 hglrc=00010003
04.06.2019 14:51:31.860 [00001554] --- WWW H[001f0474] C[Afx:0000000140000000:2b] W[] T[00000518] M[00010001] R[1239,222 3002x773] CR[0,0 3002x773]
04.06.2019 14:51:31.860 [00001554] --- PPP H[00120644] C[Afx:ControlBar:40000000:8:10003:10] W[???????...] T[00000518] M[00010001] R[1239,222 3002x773] CR[0,0 3002x773]
04.06.2019 14:51:31.860 [00001554] --- PPP H[001100c6] C[Afx:0000000140000000:8:0000000000000000:0000000000000010:00000000007405F5] W[???????...] T[00000518] M[00010001] R[1239,222 3002x773] CR[0,0 3002x773]
04.06.2019 14:51:31.860 [00001554] --- PPP H[000405ee] C[MDIClient] W[] T[00000518] M[00010001] R[1236,200 3008x798] CR[0,0 3008x798]
04.06.2019 14:51:31.861 [00001554] --- PPP H[000205f4] C[Afx:0000000140000000:8:0000000000010003:0000000000000000:00000000012B046D] W[20190326_oldhouse* - SCENE LT 2019.0.1.1653] T[00000518] M[00010001] R[974,65 3278x960] CR[0,0 3262x921]
04.06.2019 14:51:31.861 [00001554] --- OpenGLWarpContext[b2c16040] HDC=bb011096 GLRC=00010003 HWND=001f0474 isFullscreen=0
04.06.2019 14:51:32.428 [00001554] --- UPP[b2c16040] CHANGE Projector configuration for display(0) 0x0 -> 2x1 
04.06.2019 14:51:32.428 [00001554] --- UPP[b2c16040] CHANGE WindowsWarping 1
04.06.2019 14:51:32.428 [00001554] --- UPP[b2c16040] CHANGE DesktopWarping 1
04.06.2019 14:51:32.428 [00001554] --- UPP[b2c16040] CHANGE HWND[001f0474] Window rect changed 0,0 0x0 -> 1239,222 3002x773
04.06.2019 14:51:32.428 [00001554] --- UPP[b2c16040] CHANGE HWND[001f0474] Client rect changed 0,0 0x0 -> 0,0 3002x773
04.06.2019 14:51:32.428 [00001554] --- UPP[b2c16040] CHANGE HWND[001f0474] Monitor changed 00000000 -> 00010001 
04.06.2019 14:51:32.428 [00001554] --- UPP[00000000] RECREATE
04.06.2019 14:51:32.428 [00001554] --- UPP[b2c16040] SKIP (DWMRunning(1) or NOT WindowWarping(1))
04.06.2019 14:53:58.641 [00000784] --- wglCreateLayerContext hdc=bf011176 iLayerPlane=0 hglrc=00010004
04.06.2019 14:53:58.641 [00000784] --- WWW H[0013043e] C[Afx:0000000140000000:2b] W[] T[00000518] M[00010001] R[1239,222 3002x773] CR[0,0 3002x773]
04.06.2019 14:53:58.641 [00000784] --- PPP H[000300a6] C[Afx:ControlBar:40000000:8:10003:10] W[???????...] T[00000518] M[00010001] R[1239,222 3002x773] CR[0,0 3002x773]
04.06.2019 14:53:58.641 [00000784] --- PPP H[0031079e] C[Afx:0000000140000000:8:0000000000000000:0000000000000010:00000000007405F5] W[???????...] T[00000518] M[00010001] R[1239,222 3002x773] CR[0,0 3002x773]
04.06.2019 14:53:58.641 [00000784] --- PPP H[000405ee] C[MDIClient] W[] T[00000518] M[00010001] R[1236,200 3008x798] CR[0,0 3008x798]
04.06.2019 14:53:58.641 [00000784] --- PPP H[000205f4] C[Afx:0000000140000000:8:0000000000010003:0000000000000000:00000000012B046D] W[20190326_oldhouse* - SCENE LT 2019.0.1.1653] T[00000518] M[00010001] R[974,65 3278x960] CR[0,0 3262x921]
04.06.2019 14:53:58.641 [00000784] --- OpenGLWarpContext[3249c040] HDC=bf011176 GLRC=00010004 HWND=0013043e isFullscreen=0
04.06.2019 14:53:59.230 [00000784] --- UPP[3249c040] CHANGE Projector configuration for display(0) 0x0 -> 2x1 
04.06.2019 14:53:59.230 [00000784] --- UPP[3249c040] CHANGE WindowsWarping 1
04.06.2019 14:53:59.230 [00000784] --- UPP[3249c040] CHANGE DesktopWarping 1
04.06.2019 14:53:59.230 [00000784] --- UPP[3249c040] CHANGE HWND[0013043e] Window rect changed 0,0 0x0 -> 1239,222 3002x773
04.06.2019 14:53:59.230 [00000784] --- UPP[3249c040] CHANGE HWND[0013043e] Client rect changed 0,0 0x0 -> 0,0 3002x773
04.06.2019 14:53:59.230 [00000784] --- UPP[3249c040] CHANGE HWND[0013043e] Monitor changed 00000000 -> 00010001 
04.06.2019 14:53:59.230 [00000784] --- UPP[00000000] RECREATE
04.06.2019 14:53:59.230 [00000784] --- UPP[3249c040] SKIP (DWMRunning(1) or NOT WindowWarping(1))
04.06.2019 14:54:05.602 [00000008] --- wglCreateLayerContext hdc=1b011053 iLayerPlane=0 hglrc=00010005
04.06.2019 14:54:05.602 [00000008] --- WWW H[001304ea] C[Afx:0000000140000000:2b] W[] T[00000518] M[00010001] R[1239,222 3002x773] CR[0,0 3002x773]
04.06.2019 14:54:05.602 [00000008] --- PPP H[000e0444] C[Afx:ControlBar:40000000:8:10003:10] W[???????...] T[00000518] M[00010001] R[1239,222 3002x773] CR[0,0 3002x773]
04.06.2019 14:54:05.602 [00000008] --- PPP H[000d04e0] C[Afx:0000000140000000:8:0000000000000000:0000000000000010:00000000007405F5] W[???????...] T[00000518] M[00010001] R[1239,222 3002x773] CR[0,0 3002x773]
04.06.2019 14:54:05.602 [00000008] --- PPP H[000405ee] C[MDIClient] W[] T[00000518] M[00010001] R[1236,200 3008x798] CR[0,0 3008x798]
04.06.2019 14:54:05.603 [00000008] --- PPP H[000205f4] C[Afx:0000000140000000:8:0000000000010003:0000000000000000:00000000012B046D] W[20190326_oldhouse* - SCENE LT 2019.0.1.1653] T[00000518] M[00010001] R[974,65 3278x960] CR[0,0 3262x921]
04.06.2019 14:54:05.603 [00000008] --- OpenGLWarpContext[476f6040] HDC=1b011053 GLRC=00010005 HWND=001304ea isFullscreen=0
04.06.2019 14:54:06.172 [00000008] --- UPP[476f6040] CHANGE Projector configuration for display(0) 0x0 -> 2x1 
04.06.2019 14:54:06.172 [00000008] --- UPP[476f6040] CHANGE WindowsWarping 1
04.06.2019 14:54:06.172 [00000008] --- UPP[476f6040] CHANGE DesktopWarping 1
04.06.2019 14:54:06.172 [00000008] --- UPP[476f6040] CHANGE HWND[001304ea] Window rect changed 0,0 0x0 -> 1239,222 3002x773
04.06.2019 14:54:06.172 [00000008] --- UPP[476f6040] CHANGE HWND[001304ea] Client rect changed 0,0 0x0 -> 0,0 3002x773
04.06.2019 14:54:06.172 [00000008] --- UPP[476f6040] CHANGE HWND[001304ea] Monitor changed 00000000 -> 00010001 
04.06.2019 14:54:06.172 [00000008] --- UPP[00000000] RECREATE
04.06.2019 14:54:06.172 [00000008] --- UPP[476f6040] SKIP (DWMRunning(1) or NOT WindowWarping(1))
04.06.2019 14:54:57.294 [00000bcc] --- wglDeleteContext 00010001
04.06.2019 14:54:57.294 [00000bcc] --- ~BaseWarpContext[38126040]
