05.06.2019 11:57:10.239 [000027ec] --- App --- Immersive Display PRO v3.0.5 (01.01.2019)
05.06.2019 11:57:10.239 [000027ec] --- OS 6:2 Microsoft Windows 8 Professional (build 9200), 64-bit 7(0) 8(1) 8.1(0) 10(0)
05.06.2019 11:57:10.239 [000027ec] --- Process64 C:\Users\own\scoop\apps\git\current\cmd\git.exe
05.06.2019 11:57:10.239 [000027ec] --- CmdLine ["C:\Users\own\scoop\apps\git\current\cmd\git.exe"  config --global user.email "amoujhang@13techart.com"]
05.06.2019 11:57:10.239 [000027ec] --- Enumerating displays ...
05.06.2019 11:57:10.240 [000027ec] --- Device N[\\.\DISPLAY1] S[Radeon RX 580 Series] M[Generic PnP Monitor] F[desktop primary ]
05.06.2019 11:57:10.241 [000027ec] --- Device N[\\.\DISPLAY2] S[Radeon RX 580 Series] M[] F[]
05.06.2019 11:57:10.242 [000027ec] --- Device N[\\.\DISPLAY3] S[Radeon RX 580 Series] M[] F[]
05.06.2019 11:57:10.242 [000027ec] --- Device N[\\.\DISPLAY4] S[Radeon RX 580 Series] M[] F[]
05.06.2019 11:57:10.243 [000027ec] --- Device N[\\.\DISPLAY5] S[Radeon RX 580 Series] M[] F[]
05.06.2019 11:57:10.243 [000027ec] --- Device N[\\.\DISPLAY6] S[Radeon RX 580 Series] M[] F[]
05.06.2019 11:57:10.244 [000027ec] --- Device N[\\.\DISPLAY7] S[Radeon RX 580 Series] M[] F[]
05.06.2019 11:57:10.244 [000027ec] --- Device N[\\.\DISPLAY8] S[Radeon RX 580 Series] M[] F[]
05.06.2019 11:57:10.244 [000027ec] --- SM_CMONITORS         = 1
05.06.2019 11:57:10.244 [000027ec] --- SM_SAMEDISPLAYFORMAT = 1
05.06.2019 11:57:10.244 [000027ec] --- SM_XVIRTUALSCREEN    = 0
05.06.2019 11:57:10.244 [000027ec] --- SM_YVIRTUALSCREEN    = 0
05.06.2019 11:57:10.244 [000027ec] --- SM_CXVIRTUALSCREEN   = 3840
05.06.2019 11:57:10.244 [000027ec] --- SM_CYVIRTUALSCREEN   = 1200
05.06.2019 11:57:10.244 [000027ec] --- SM_CXCURSOR          = 32
05.06.2019 11:57:10.247 [000027ec] --- [\\.\DISPLAY1] [Radeon RX 580 Series] [MONITOR\ADVEF2D\{4d36e96e-e325-11ce-bfc1-08002be10318}\0017] [Generic PnP Monitor]
05.06.2019 11:57:10.247 [000027ec] --- Enumerated 1 displays
05.06.2019 11:57:10.247 [000027ec] --- Displays initialized
05.06.2019 11:57:10.247 [000027ec] --- Displays[0] M[00010001] HDC[89010fb7] GDC[90011234] L=0 T=0 R=3840 B=1200 RECT[0,0 3840x1200] N[\\.\DISPLAY1] M[Generic PnP Monitor] F[1] PROJ[2x1] MAPS[2]
05.06.2019 11:57:10.247 [000027ec] ---    Grouping G[0] N[0] GD[]
05.06.2019 11:57:10.247 [000027ec] --- ---
05.06.2019 11:57:10.247 [000027ec] --- hookD3D9
05.06.2019 11:57:10.248 [000027ec] --- DirectX9 dll=670a0000
05.06.2019 11:57:10.306 [000027ec] --- DirectX9 API detected
05.06.2019 11:57:10.306 [000027ec] --- DirectX9Ex API detected
05.06.2019 11:57:10.306 [000027ec] --- i1: InterfaceProc1
05.06.2019 11:57:10.306 [000027ec] --- interfaceFunc1 [\\.\DISPLAY1] totalMaps=2
05.06.2019 11:57:10.307 [000027ec] --- DXGI dll=95b60000
05.06.2019 11:57:10.336 [000027ec] --- DirectX DXGI API CreateDXGIFactory detected 1
05.06.2019 11:57:10.364 [000027ec] --- DirectX DXGI API CreateDXGIFactory1 detected 1
05.06.2019 11:57:10.392 [000027ec] --- DirectX DXGI API CreateDXGIFactory2 detected 1
05.06.2019 11:57:10.392 [000027ec] --- DirectX DXGI API detected
05.06.2019 11:57:10.393 [000027ec] --- DirectX D3D12 API detected hd3d12=8f360000
05.06.2019 11:57:10.422 [000027ec] --- DirectX D3D12 API detected 1
05.06.2019 11:57:10.422 [000027ec] --- hookOpenGL
05.06.2019 11:57:10.626 [000027ec] --- OpenGL API detected
05.06.2019 11:57:11.252 [000027ec] --- PROCESS DETACH
