05.06.2019 11:37:27.686 [00001e54] ??? OSM handle == NULL error=2
05.06.2019 11:37:27.686 [00001e54] ^^^ SC trying session1
--- [2]
05.06.2019 11:37:27.687 [00001e54] --- App --- Immersive Display PRO v3.0.5 (01.01.2019)
05.06.2019 11:37:27.687 [00001e54] --- OS 6:2 Microsoft Windows 8 Professional (build 9200), 64-bit 7(0) 8(1) 8.1(0) 10(0)
05.06.2019 11:37:27.687 [00001e54] --- Process32 C:\Program Files (x86)\Intel\Intel(R) Management Engine Components\LMS\LMS.exe
05.06.2019 11:37:27.687 [00001e54] --- CmdLine ["C:\Program Files (x86)\Intel\Intel(R) Management Engine Components\LMS\LMS.exe"]
05.06.2019 11:37:27.687 [00001e54] --- Enumerating displays ...
05.06.2019 11:37:27.687 [00001e54] --- SM_CMONITORS         = 1
05.06.2019 11:37:27.687 [00001e54] --- SM_SAMEDISPLAYFORMAT = 1
05.06.2019 11:37:27.687 [00001e54] --- SM_XVIRTUALSCREEN    = 0
05.06.2019 11:37:27.687 [00001e54] --- SM_YVIRTUALSCREEN    = 0
05.06.2019 11:37:27.687 [00001e54] --- SM_CXVIRTUALSCREEN   = 1024
05.06.2019 11:37:27.687 [00001e54] --- SM_CYVIRTUALSCREEN   = 768
05.06.2019 11:37:27.687 [00001e54] --- SM_CXCURSOR          = 32
05.06.2019 11:37:27.687 [00001e54] ??? No displays enumerated. Retry later
05.06.2019 11:37:27.687 [00001e54] --- hookD3D9
05.06.2019 11:37:27.688 [00001e54] --- DirectX9 dll=70ba0000
05.06.2019 11:37:27.729 [00001e54] --- DirectX9 API detected
05.06.2019 11:37:27.729 [00001e54] --- DirectX9Ex API detected
05.06.2019 11:37:27.729 [00001e54] --- i1: InterfaceProc1
05.06.2019 11:37:27.729 [00001e54] --- DXGI dll=71bd0000
05.06.2019 11:37:27.750 [00001e54] --- DirectX DXGI API CreateDXGIFactory detected 1
05.06.2019 11:37:27.770 [00001e54] --- DirectX DXGI API CreateDXGIFactory1 detected 1
05.06.2019 11:37:27.789 [00001e54] --- DirectX DXGI API CreateDXGIFactory2 detected 1
05.06.2019 11:37:27.789 [00001e54] --- DirectX DXGI API detected
05.06.2019 11:37:27.789 [00001e54] --- DirectX D3D12 API detected hd3d12=01e40000
05.06.2019 11:37:27.808 [00001e54] --- DirectX D3D12 API detected 1
05.06.2019 11:37:27.808 [00001e54] --- hookOpenGL
05.06.2019 11:37:27.952 [00001e54] --- OpenGL API detected
05.06.2019 11:39:02.316 [00001e54] --- PROCESS DETACH
