04.06.2019 21:57:14.199 [00001b6c] ??? OSM handle == NULL error=2
04.06.2019 21:57:14.199 [00001b6c] ^^^ SC trying session1
--- [2]
04.06.2019 21:57:14.199 [00001b6c] --- App --- Immersive Display PRO v3.0.5 (01.01.2019)
04.06.2019 21:57:14.199 [00001b6c] --- OS 6:2 Microsoft Windows 8 Professional (build 9200), 64-bit 7(0) 8(1) 8.1(0) 10(0)
04.06.2019 21:57:14.199 [00001b6c] --- Process32 C:\WINDOWS\sysWOW64\wbem\wmiprvse.exe
04.06.2019 21:57:14.199 [00001b6c] --- CmdLine [C:\WINDOWS\sysWOW64\wbem\wmiprvse.exe -Embedding]
04.06.2019 21:57:14.199 [00001b6c] --- Enumerating displays ...
04.06.2019 21:57:14.199 [00001b6c] --- SM_CMONITORS         = 1
04.06.2019 21:57:14.199 [00001b6c] --- SM_SAMEDISPLAYFORMAT = 1
04.06.2019 21:57:14.199 [00001b6c] --- SM_XVIRTUALSCREEN    = 0
04.06.2019 21:57:14.199 [00001b6c] --- SM_YVIRTUALSCREEN    = 0
04.06.2019 21:57:14.199 [00001b6c] --- SM_CXVIRTUALSCREEN   = 1024
04.06.2019 21:57:14.199 [00001b6c] --- SM_CYVIRTUALSCREEN   = 768
04.06.2019 21:57:14.199 [00001b6c] --- SM_CXCURSOR          = 32
04.06.2019 21:57:14.199 [00001b6c] ??? No displays enumerated. Retry later
04.06.2019 21:57:14.199 [00001b6c] --- hookD3D9
04.06.2019 21:57:14.200 [00001b6c] --- DirectX9 dll=717f0000
04.06.2019 21:57:14.239 [00001b6c] --- DirectX9 API detected
04.06.2019 21:57:14.239 [00001b6c] --- DirectX9Ex API detected
04.06.2019 21:57:14.239 [00001b6c] --- i1: InterfaceProc1
04.06.2019 21:57:14.239 [00001b6c] --- DXGI dll=72790000
04.06.2019 21:57:14.258 [00001b6c] --- DirectX DXGI API CreateDXGIFactory detected 1
04.06.2019 21:57:14.277 [00001b6c] --- DirectX DXGI API CreateDXGIFactory1 detected 1
04.06.2019 21:57:14.295 [00001b6c] --- DirectX DXGI API CreateDXGIFactory2 detected 1
04.06.2019 21:57:14.295 [00001b6c] --- DirectX DXGI API detected
04.06.2019 21:57:14.296 [00001b6c] --- DirectX D3D12 API detected hd3d12=72590000
04.06.2019 21:57:14.314 [00001b6c] --- DirectX D3D12 API detected 1
04.06.2019 21:57:14.315 [00001b6c] --- hookOpenGL
04.06.2019 21:57:14.464 [00001b6c] --- OpenGL API detected
