05.06.2019 11:34:36.708 [00002018] ??? OSM handle == NULL error=2
05.06.2019 11:34:36.708 [00002018] ^^^ SC trying session1
--- [2]
05.06.2019 11:34:36.708 [00002018] --- App --- Immersive Display PRO v3.0.5 (01.01.2019)
05.06.2019 11:34:36.708 [00002018] --- OS 6:2 Microsoft Windows 8 Professional (build 9200), 64-bit 7(0) 8(1) 8.1(0) 10(0)
05.06.2019 11:34:36.708 [00002018] --- Process32 C:\Program Files\Intel\SUR\QUEENCREEK\Updater\bin\IntelSoftwareAssetManagerService.exe
05.06.2019 11:34:36.708 [00002018] --- CmdLine ["C:\Program Files\Intel\SUR\QUEENCREEK\Updater\bin\IntelSoftwareAssetManagerService.exe" --automatic]
05.06.2019 11:34:36.708 [00002018] --- Enumerating displays ...
05.06.2019 11:34:36.708 [00002018] --- SM_CMONITORS         = 1
05.06.2019 11:34:36.708 [00002018] --- SM_SAMEDISPLAYFORMAT = 1
05.06.2019 11:34:36.708 [00002018] --- SM_XVIRTUALSCREEN    = 0
05.06.2019 11:34:36.708 [00002018] --- SM_YVIRTUALSCREEN    = 0
05.06.2019 11:34:36.708 [00002018] --- SM_CXVIRTUALSCREEN   = 1024
05.06.2019 11:34:36.708 [00002018] --- SM_CYVIRTUALSCREEN   = 768
05.06.2019 11:34:36.708 [00002018] --- SM_CXCURSOR          = 32
05.06.2019 11:34:36.708 [00002018] ??? No displays enumerated. Retry later
05.06.2019 11:34:36.708 [00002018] --- hookD3D9
05.06.2019 11:34:36.708 [00002018] --- DirectX9 dll=01bb0000
05.06.2019 11:34:36.739 [00002018] --- DirectX9 API detected
05.06.2019 11:34:36.739 [00002018] --- DirectX9Ex API detected
05.06.2019 11:34:36.739 [00002018] --- i1: InterfaceProc1
05.06.2019 11:34:36.739 [00002018] --- DXGI dll=72830000
05.06.2019 11:34:36.771 [00002018] --- DirectX DXGI API CreateDXGIFactory detected 1
05.06.2019 11:34:36.786 [00002018] --- DirectX DXGI API CreateDXGIFactory1 detected 1
05.06.2019 11:34:36.802 [00002018] --- DirectX DXGI API CreateDXGIFactory2 detected 1
05.06.2019 11:34:36.802 [00002018] --- DirectX DXGI API detected
05.06.2019 11:34:36.802 [00002018] --- DirectX D3D12 API detected hd3d12=72610000
05.06.2019 11:34:36.818 [00002018] --- DirectX D3D12 API detected 1
05.06.2019 11:34:36.818 [00002018] --- hookOpenGL
05.06.2019 11:34:36.974 [00002018] --- OpenGL API detected
05.06.2019 11:34:38.192 [00002018] --- PROCESS DETACH
