04.06.2019 21:47:24.795 [00001d68] --- Immersive Display PRO v3.0.5
04.06.2019 21:47:24.795 [00001d68] --- OS 6:2 Microsoft Windows 8 Professional (build 9200), 64-bit 7(0) 8(1) 8.1(0) 10(0)
04.06.2019 21:47:24.795 [00001d68] --- SCREEN \\.\DISPLAY1
04.06.2019 21:47:24.795 [00001d68] ------ LogicalDPI=96.000000 Scale=1.000000
04.06.2019 21:47:24.795 [00001d68] ------ DevicePixelRatio=1.000000
04.06.2019 21:47:24.826 [00001d68] --- Removed 0 log file(s)
04.06.2019 21:47:24.826 [00001d68] --- ACL changed for C:\WARP000\
04.06.2019 21:47:25.327 [00001d68] --- LicAppName=Immersive Display PRO
04.06.2019 21:47:25.342 [00001d68] --- L1
04.06.2019 21:47:25.795 [00001d68] --- EK1C57
04.06.2019 21:47:26.733 [00001d68] --- DM107
04.06.2019 21:47:27.779 [00001d68] --- LD=20190109 SD=20190101
04.06.2019 21:47:27.779 [00001d68] --- ###[UzNZOU5YME0yNDg4OTBM]###
04.06.2019 21:47:28.452 [00001d68] --- Displays 1/2 [20] SGD=2560932 SSC=31904
04.06.2019 21:47:28.452 [00001d68] --- Shared 31904+5121864 5153768
04.06.2019 21:47:28.452 [00001d68] ### PageSize=4096
04.06.2019 21:47:28.452 [00001d68] ### MinimumApplicationAddress=00010000
04.06.2019 21:47:28.452 [00001d68] ### MaximumApplicationAddress=7ffeffff
04.06.2019 21:47:28.452 [00001d68] ### AllocationGranularity=65536
04.06.2019 21:47:28.452 [00001d68] ### Res=28
04.06.2019 21:47:28.452 [00001d68] ### BaseAddress=07300000
04.06.2019 21:47:28.452 [00001d68] ### AllocationBase=07300000
04.06.2019 21:47:28.452 [00001d68] ### AllocationProtect=00000004
04.06.2019 21:47:28.452 [00001d68] ### RegionSize=5156864
04.06.2019 21:47:28.452 [00001d68] ### State=00001000
04.06.2019 21:47:28.452 [00001d68] ### Protect=00000004
04.06.2019 21:47:28.452 [00001d68] ### Type=00040000
04.06.2019 21:47:28.452 [00001d68] --- Config 07300000 ZERO(0) 31904 + 5121864
04.06.2019 21:47:28.452 [00001d68] --- Config 07300000 ZERO(1)
04.06.2019 21:47:28.452 [00001d68] --- Config 07300000 ZERO(2)
04.06.2019 21:47:28.452 [00001d68] --- R [12]->29
04.06.2019 21:47:28.452 [00001d68] --- MP 3
04.06.2019 21:47:28.452 [00001d68] --- Config 07300000
04.06.2019 21:47:28.452 [00001d68] --- Config logsFolder=C:\WARP000\logs\
04.06.2019 21:47:28.452 [00001d68] --- Config imagesFolder=C:\WARP000\images\
04.06.2019 21:47:28.452 [00001d68] --- Config configsFolder=C:\WARP000\config\
04.06.2019 21:47:28.452 [00001d68] --- Enumerating displays ...
04.06.2019 21:47:28.452 [00001d68] --- Device N[\\.\DISPLAY1] S[Radeon RX 580 Series] M[Generic PnP Monitor] F[desktop primary ]
04.06.2019 21:47:28.452 [00001d68] --- Device N[\\.\DISPLAY2] S[Radeon RX 580 Series] M[] F[]
04.06.2019 21:47:28.452 [00001d68] --- Device N[\\.\DISPLAY3] S[Radeon RX 580 Series] M[] F[]
04.06.2019 21:47:28.452 [00001d68] --- Device N[\\.\DISPLAY4] S[Radeon RX 580 Series] M[] F[]
04.06.2019 21:47:28.452 [00001d68] --- Device N[\\.\DISPLAY5] S[Radeon RX 580 Series] M[] F[]
04.06.2019 21:47:28.452 [00001d68] --- Device N[\\.\DISPLAY6] S[Radeon RX 580 Series] M[] F[]
04.06.2019 21:47:28.452 [00001d68] --- Device N[\\.\DISPLAY7] S[Radeon RX 580 Series] M[] F[]
04.06.2019 21:47:28.452 [00001d68] --- Device N[\\.\DISPLAY8] S[Radeon RX 580 Series] M[] F[]
04.06.2019 21:47:28.452 [00001d68] --- SM_CMONITORS         = 1
04.06.2019 21:47:28.452 [00001d68] --- SM_SAMEDISPLAYFORMAT = 1
04.06.2019 21:47:28.452 [00001d68] --- SM_XVIRTUALSCREEN    = 0
04.06.2019 21:47:28.452 [00001d68] --- SM_YVIRTUALSCREEN    = 0
04.06.2019 21:47:28.452 [00001d68] --- SM_CXVIRTUALSCREEN   = 1920
04.06.2019 21:47:28.452 [00001d68] --- SM_CYVIRTUALSCREEN   = 1200
04.06.2019 21:47:28.452 [00001d68] --- SM_CXCURSOR          = 32
04.06.2019 21:47:28.484 [00001d68] --- [\\.\DISPLAY1] [Radeon RX 580 Series] [MONITOR\SECA70B\{4d36e96e-e325-11ce-bfc1-08002be10318}\0016] [Generic PnP Monitor]
04.06.2019 21:47:28.484 [00001d68] --- Enumerated 1 displays
04.06.2019 21:47:28.484 [00001d68] --- Displays initialized
04.06.2019 21:47:28.484 [00001d68] --- Displays[0] M[00010001] HDC[15010be1] GDC[26010972] L=0 T=0 R=1920 B=1200 RECT[0,0 1920x1200] N[\\.\DISPLAY1] M[Generic PnP Monitor] F[1] PROJ[0x0] MAPS[0]
04.06.2019 21:47:28.484 [00001d68] ---    Grouping G[0] N[0] GD[]
04.06.2019 21:47:28.484 [00001d68] --- ---
04.06.2019 21:47:28.499 [00001d68] --- Model:Config file C:\WARP000\config\config.dat does not exist
04.06.2019 21:47:28.499 [00001d68] --- Model:Config file LCC[1]
04.06.2019 21:47:28.499 [00001d68] --- Model:Config file CC[2]
04.06.2019 21:47:28.499 [00001d68] --- Preferences loaded
04.06.2019 21:47:28.499 [00001d68] ------ startMinimized 0
04.06.2019 21:47:28.499 [00001d68] ------ showTrayNotifications 0
04.06.2019 21:47:28.499 [00001d68] ------ autoStartDesktopWarping 1
04.06.2019 21:47:28.499 [00001d68] ------ autoStartDesktopWarpingDelaySeconds 3
04.06.2019 21:47:28.499 [00001d68] ------ warpCursor 1
04.06.2019 21:47:28.499 [00001d68] ------ hideSystemCursor 0
04.06.2019 21:47:28.499 [00001d68] ------ samplingDesktop 2
04.06.2019 21:47:28.499 [00001d68] ------ samplingDXGL 2
04.06.2019 21:47:28.499 [00001d68] ------ useFXAA 0
04.06.2019 21:47:28.499 [00001d68] ------ useFXAAPresetIndex 0
04.06.2019 21:47:28.499 [00001d68] ------ updateRateMS 20
04.06.2019 21:47:28.499 [00001d68] ------ enableVNCControl 0
04.06.2019 21:47:28.499 [00001d68] ------ vncPort 5900
04.06.2019 21:47:28.499 [00001d68] ------ vncPassword 1234
04.06.2019 21:47:28.499 [00001d68] ------ enableTelnet 0
04.06.2019 21:47:28.499 [00001d68] ------ remoteTelnetPort 6600
04.06.2019 21:47:28.499 [00001d68] ------ overrideDesktopRotation 0
04.06.2019 21:47:28.499 [00001d68] ------ forcedDesktopRotation 0
04.06.2019 21:47:28.499 [00001d68] ------ forcedScissorsRotation 0
04.06.2019 21:47:28.499 [00001d68] ------ checkForDisplayConfigChange 0
04.06.2019 21:47:28.499 [00001d68] ------ cropEdges 0
04.06.2019 21:47:28.499 [00001d68] ------ cropPixels 0
04.06.2019 21:47:28.499 [00001d68] ------ removeWindowFrame 0
04.06.2019 21:47:28.499 [00001d68] ------ skipWarpChildWindows 0
04.06.2019 21:47:28.499 [00001d68] ------ openGLTextureOffset 0
04.06.2019 21:47:28.499 [00001d68] ------ disable_DX9 0
04.06.2019 21:47:28.499 [00001d68] ------ disable_DX10 0
04.06.2019 21:47:28.499 [00001d68] ------ disable_DX11 0
04.06.2019 21:47:28.499 [00001d68] ------ disable_DX12 0
04.06.2019 21:47:28.499 [00001d68] ------ disable_OpenGL 0
04.06.2019 21:47:28.499 [00001d68] ------ disable_Vulkan 1
04.06.2019 21:47:28.499 [00001d68] ------ forcePreserveBB_DX9 0
04.06.2019 21:47:28.499 [00001d68] ------ forcePreserveBB_DX10 0
04.06.2019 21:47:28.499 [00001d68] ------ forcePreserveBB_DX11 0
04.06.2019 21:47:28.499 [00001d68] ------ forcePreserveBB_DX12 0
04.06.2019 21:47:28.499 [00001d68] ------ forcePreserveBB_OpenGL 0
04.06.2019 21:47:28.499 [00001d68] ------ forcePreserveBB_Vulkan 0
04.06.2019 21:47:28.499 [00001d68] ------ enableDebanding 0
04.06.2019 21:47:28.499 [00001d68] ------ enableWindowsSessionShutdown 0
04.06.2019 21:47:28.499 [00001d68] ------ ignoreDWMInFullScreen 1
04.06.2019 21:47:28.515 [00001d68] --- Excludes loaded 3
04.06.2019 21:47:28.515 [00001d68] ------ Exclude Path=MQTT_Json_Movie_MOC.exe DX9=1 DX10=1 DX11=1 DX12=1 OGL=1 VULKAN=1 StopDWM7=0
04.06.2019 21:47:28.515 [00001d68] ------ Exclude Path=chrome.exe DX9=1 DX10=1 DX11=1 DX12=1 OGL=1 VULKAN=1 StopDWM7=0
04.06.2019 21:47:28.515 [00001d68] ------ Exclude Path=chrome.exe DX9=1 DX10=1 DX11=1 DX12=1 OGL=1 VULKAN=1 StopDWM7=0
04.06.2019 21:47:28.515 [00001d68] --- Sets configSet=1
04.06.2019 21:47:28.515 [00001d68] --- Sets configSetFile[1]=C:\WARP000\config\20190509.dat
04.06.2019 21:47:28.515 [00001d68] --- Sets configSetFile[2]=C:\WARP000\config\config2.dat
04.06.2019 21:47:28.515 [00001d68] --- Sets configSetFile[3]=C:\WARP000\config\config3.dat
04.06.2019 21:47:28.515 [00001d68] --- Sets configSetFile[4]=C:\WARP000\config\config4.dat
04.06.2019 21:47:28.515 [00001d68] --- Sets configSetFile[5]=C:\WARP000\config\config5.dat
04.06.2019 21:47:28.515 [00001d68] --- Sets configSetFile[6]=C:\WARP000\config\config6.dat
04.06.2019 21:47:28.515 [00001d68] --- Sets configSetFile[7]=C:\WARP000\config\config7.dat
04.06.2019 21:47:28.515 [00001d68] --- Sets configSetFile[8]=C:\WARP000\config\config8.dat
04.06.2019 21:47:28.546 [00001d68] --- Loaded Displays[0] \\.\DISPLAY1 Generic PnP Monitor L=0 T=0 R=3840 B=1200 loadedDisplaysWithPositionAndSize=1
04.06.2019 21:47:28.546 [00001d68] ??? checkLoadedDisplayConfiguration Loaded Display[0][\\.\DISPLAY1] L=0 T=0 R=3840 B=1200 not in enumerated
04.06.2019 21:47:28.546 [00001d68] --- Displays loaded
04.06.2019 21:47:28.546 [00001d68] --- Displays[0] M[00010001] HDC[15010be1] GDC[26010972] L=0 T=0 R=1920 B=1200 RECT[0,0 1920x1200] N[\\.\DISPLAY1] M[Generic PnP Monitor] F[1] PROJ[0x0] MAPS[0]
04.06.2019 21:47:28.546 [00001d68] ---    Grouping G[0] N[0] GD[]
04.06.2019 21:47:28.546 [00001d68] --- Model:Config file C:\WARP000\config\20190509.dat loaded
04.06.2019 21:47:28.546 [00001d68] --- Model:Config file LCC[3]
04.06.2019 21:47:28.546 [00001d68] --- Model:Config file CC[4]
04.06.2019 21:47:28.546 [00001d68] --- Sets manager selectSet[1]->1
04.06.2019 21:47:28.546 [00001d68] --- Schedules STOP
04.06.2019 21:47:28.546 [00001d68] --- Schedules STOP
04.06.2019 21:47:28.562 [00001d68] --- Autoruns 0
04.06.2019 21:47:28.562 [00001d68] $$$ Immersive Display PRO v3.0.5 (01.01.2019)
04.06.2019 21:47:28.562 [00001d68] $$$ 6:2 Microsoft Windows 8 Professional (build 9200), 64-bit 7(0) 8(1) 8.1(0) 10(0)
04.06.2019 21:47:28.796 [00001d68] $$$ P64[00001e74] [git.exe][C:\Users\own\scoop\shims\git.exe] started
04.06.2019 21:47:29.202 [00001d68] $$$ P64[00001ea0] [git.exe][C:\Users\own\scoop\apps\git\current\cmd\git.exe] started
04.06.2019 21:47:29.655 [00001d68] $$$ P64[00001eb8] [git.exe][C:\Users\own\scoop\apps\git\2.21.0.windows.1\mingw64\bin\git.exe] started
04.06.2019 21:47:30.124 [00001d68] $$$ P64[00001ecc] [git.exe][C:\Users\own\scoop\apps\git\2.21.0.windows.1\mingw64\libexec\git-core\git.exe] started
04.06.2019 21:47:30.561 [00001d68] $$$ P64[00001ef8] [git.exe][C:\Users\own\scoop\apps\git\2.21.0.windows.1\mingw64\libexec\git-core\git.exe] started
04.06.2019 21:47:31.061 [00001d68] $$$ P64[00001f0c] [git-remote-https.exe][C:\Users\own\scoop\apps\git\2.21.0.windows.1\mingw64\libexec\git-core\git-remote-https.exe] started
04.06.2019 21:47:32.217 [00001d68] $$$ P64[000002c0] [dwm.exe][C:\WINDOWS\system32\dwm.exe] started
04.06.2019 21:47:32.217 [00001d68] $$$ P32[00000888] [TeamViewer.exe][C:\Program Files (x86)\TeamViewer\TeamViewer.exe] started
04.06.2019 21:47:33.027 [00001d68] $$$ P64[00001110] [git.exe][C:\Users\own\scoop\apps\git\2.21.0.windows.1\mingw64\libexec\git-core\git.exe] started
04.06.2019 21:47:33.512 [00001d68] $$$ P64[00001bf4] [git.exe][C:\Users\own\scoop\apps\git\2.21.0.windows.1\mingw64\libexec\git-core\git.exe] started
04.06.2019 21:47:34.133 [00001d68] $$$ P64[00001d98] [git.exe][C:\Users\own\scoop\apps\git\2.21.0.windows.1\mingw64\libexec\git-core\git.exe] started
04.06.2019 21:47:34.680 [00001d68] $$$ P64[00000258] [git.exe][C:\Users\own\scoop\apps\git\2.21.0.windows.1\mingw64\libexec\git-core\git.exe] started
04.06.2019 21:47:57.173 [00001d68] $$$ P64[00001ffc] [MCEControl.exe][C:\Program Files (x86)\Kindel Systems\MCE Controller\MCEControl.exe] started
04.06.2019 21:48:29.647 [00001d68] !!! onWindowsSessionEnded 0
