05.06.2019 10:55:01.916 [00000248] ??? OSM handle == NULL error=2
05.06.2019 10:55:01.916 [00000248] ^^^ SC trying session1
05.06.2019 10:55:01.916 [00000248] ??? OSM handle == NULL error=2
05.06.2019 10:55:01.916 [00000248] ^^^ SC trying session2
05.06.2019 10:55:01.916 [00000248] ??? OSM handle == NULL error=3
05.06.2019 10:55:01.916 [00000248] --- DXGI dll=d3330000
05.06.2019 10:55:01.932 [00000248] --- DirectX DXGI API CreateDXGIFactory detected 1
05.06.2019 10:55:01.932 [00000248] --- DirectX DXGI API CreateDXGIFactory1 detected 1
05.06.2019 10:55:01.932 [00000248] --- DirectX DXGI API CreateDXGIFactory2 detected 1
05.06.2019 10:55:01.932 [00000248] --- DirectX DXGI API detected
05.06.2019 10:55:01.948 [00000248] --- DirectX D3D11 API detected 1
05.06.2019 10:55:01.948 [00000248] --- DirectX D3D12 API detected hd3d12=cc750000
05.06.2019 10:55:01.963 [00000248] --- DirectX D3D12 API detected 1
05.06.2019 10:55:01.963 [00000248] ??? OSM handle == NULL error=2
05.06.2019 10:55:01.963 [00000248] ^^^ SC trying session1
05.06.2019 10:55:01.963 [00000248] ??? OSM handle == NULL error=2
05.06.2019 10:55:01.963 [00000248] ^^^ SC trying session2
05.06.2019 10:55:01.963 [00000248] ??? OSM handle == NULL error=3
05.06.2019 10:55:01.963 [00000248] ??? OSM handle == NULL error=2
05.06.2019 10:55:01.963 [00000248] ^^^ SC trying session1
05.06.2019 10:55:01.963 [00000248] ??? OSM handle == NULL error=2
05.06.2019 10:55:01.963 [00000248] ^^^ SC trying session2
05.06.2019 10:55:01.963 [00000248] ??? OSM handle == NULL error=3
05.06.2019 10:55:01.963 [00000248] ??? OSM handle == NULL error=2
05.06.2019 10:55:01.963 [00000248] ^^^ SC trying session1
05.06.2019 10:55:01.963 [00000248] ??? OSM handle == NULL error=2
05.06.2019 10:55:01.963 [00000248] ^^^ SC trying session2
05.06.2019 10:55:01.963 [00000248] ??? OSM handle == NULL error=3
05.06.2019 10:55:01.963 [000007d4] ??? OSM handle == NULL error=2
05.06.2019 10:55:01.963 [000007d4] ^^^ SC trying session1
05.06.2019 10:55:01.963 [000007d4] ??? OSM handle == NULL error=2
05.06.2019 10:55:01.963 [000007d4] ^^^ SC trying session2
05.06.2019 10:55:01.963 [000007d4] ??? OSM handle == NULL error=3
05.06.2019 10:55:02.041 [000007cc] --- D3D11CreateDevice ADAPTER NULL
05.06.2019 10:55:02.057 [000007cc] ??? OSM handle == NULL error=2
05.06.2019 10:55:02.057 [000007cc] ^^^ SC trying session1
05.06.2019 10:55:02.057 [000007cc] ??? OSM handle == NULL error=2
05.06.2019 10:55:02.057 [000007cc] ^^^ SC trying session2
05.06.2019 10:55:02.057 [000007cc] ??? OSM handle == NULL error=3
05.06.2019 10:55:02.151 [000007cc] --- Device FeatureLevel -> 0000b000
05.06.2019 10:55:02.166 [000007cc] ??? OSM handle == NULL error=2
05.06.2019 10:55:02.166 [000007cc] ^^^ SC trying session1
05.06.2019 10:55:02.166 [000007cc] ??? OSM handle == NULL error=2
05.06.2019 10:55:02.166 [000007cc] ^^^ SC trying session2
05.06.2019 10:55:02.166 [000007cc] ??? OSM handle == NULL error=3
05.06.2019 10:55:02.197 [000007d4] --- D3D11CreateDevice ADAPTER Description=Radeon RX 580 Series
05.06.2019 10:55:02.197 [000007d4] --- Device FeatureLevels[0]=0000a100
05.06.2019 10:55:02.197 [000007d4] --- D3D11CreateDevice ADAPTER Description=Radeon RX 580 Series
05.06.2019 10:55:02.197 [000007d4] --- Device FeatureLevels[0]=0000c100
05.06.2019 10:55:02.197 [000007d4] --- Device FeatureLevels[1]=0000c000
05.06.2019 10:55:02.197 [000007d4] --- Device FeatureLevels[2]=0000b100
05.06.2019 10:55:02.197 [000007d4] --- Device FeatureLevels[3]=0000b000
05.06.2019 10:55:02.197 [000007d4] --- Device FeatureLevels[4]=0000a100
05.06.2019 10:55:02.197 [000007d4] --- Device FeatureLevels[5]=0000a000
05.06.2019 10:55:02.197 [000007d4] --- Device FeatureLevels[6]=00009300
05.06.2019 10:55:02.197 [000007d4] --- Device FeatureLevels[7]=00009200
05.06.2019 10:55:02.197 [000007d4] --- Device FeatureLevels[8]=00009100
05.06.2019 10:55:02.197 [000007d4] --- Device FeatureLevel -> 0000c000
05.06.2019 10:55:05.405 [000007d4] ??? OSM handle == NULL error=2
05.06.2019 10:55:05.405 [000007d4] ^^^ SC trying session1
05.06.2019 10:55:05.405 [000007d4] ??? OSM handle == NULL error=2
05.06.2019 10:55:05.405 [000007d4] ^^^ SC trying session2
05.06.2019 10:55:05.405 [000007d4] ??? OSM handle == NULL error=3
05.06.2019 10:55:06.093 [000007cc] ??? OSM handle == NULL error=2
05.06.2019 10:55:06.093 [000007cc] ^^^ SC trying session1
05.06.2019 10:55:06.093 [000007cc] ??? OSM handle == NULL error=2
05.06.2019 10:55:06.093 [000007cc] ^^^ SC trying session2
05.06.2019 10:55:06.093 [000007cc] ??? OSM handle == NULL error=3
05.06.2019 10:55:06.202 [000007cc] ??? OSM handle == NULL error=2
05.06.2019 10:55:06.202 [000007cc] ^^^ SC trying session1
05.06.2019 10:55:06.202 [000007cc] ??? OSM handle == NULL error=2
05.06.2019 10:55:06.202 [000007cc] ^^^ SC trying session2
05.06.2019 10:55:06.202 [000007cc] ??? OSM handle == NULL error=3
05.06.2019 10:55:06.514 [000007d4] ??? OSM handle == NULL error=2
05.06.2019 10:55:06.514 [000007d4] ^^^ SC trying session1
05.06.2019 10:55:06.514 [000007d4] ??? OSM handle == NULL error=2
05.06.2019 10:55:06.514 [000007d4] ^^^ SC trying session2
05.06.2019 10:55:06.514 [000007d4] ??? OSM handle == NULL error=3
--- [78]
05.06.2019 10:55:28.105 [000007d4] --- App --- Immersive Display PRO v3.0.5 (01.01.2019)
05.06.2019 10:55:28.105 [000007d4] --- OS 6:2 Microsoft Windows 8 Professional (build 9200), 64-bit 7(0) 8(1) 8.1(0) 10(0)
05.06.2019 10:55:28.105 [000007d4] --- Process64 C:\WINDOWS\system32\dwm.exe
05.06.2019 10:55:28.105 [000007d4] --- CmdLine ["dwm.exe"]
05.06.2019 10:55:28.105 [000007d4] --- Enumerating displays ...
05.06.2019 10:55:28.808 [000007d4] --- Device N[\\.\DISPLAY1] S[Radeon RX 580 Series] M[Generic PnP Monitor] F[desktop primary ]
05.06.2019 10:55:28.808 [000007d4] --- Device N[\\.\DISPLAY2] S[Radeon RX 580 Series] M[] F[]
05.06.2019 10:55:28.808 [000007d4] --- Device N[\\.\DISPLAY3] S[Radeon RX 580 Series] M[] F[]
05.06.2019 10:55:28.823 [000007d4] --- Device N[\\.\DISPLAY4] S[Radeon RX 580 Series] M[] F[]
05.06.2019 10:55:28.823 [000007d4] --- Device N[\\.\DISPLAY5] S[Radeon RX 580 Series] M[] F[]
05.06.2019 10:55:28.823 [000007d4] --- Device N[\\.\DISPLAY6] S[Radeon RX 580 Series] M[] F[]
05.06.2019 10:55:28.823 [000007d4] --- Device N[\\.\DISPLAY7] S[Radeon RX 580 Series] M[] F[]
05.06.2019 10:55:28.823 [000007d4] --- Device N[\\.\DISPLAY8] S[Radeon RX 580 Series] M[] F[]
05.06.2019 10:55:28.823 [000007d4] --- SM_CMONITORS         = 1
05.06.2019 10:55:28.823 [000007d4] --- SM_SAMEDISPLAYFORMAT = 1
05.06.2019 10:55:28.823 [000007d4] --- SM_XVIRTUALSCREEN    = 0
05.06.2019 10:55:28.823 [000007d4] --- SM_YVIRTUALSCREEN    = 0
05.06.2019 10:55:28.823 [000007d4] --- SM_CXVIRTUALSCREEN   = 3840
05.06.2019 10:55:28.823 [000007d4] --- SM_CYVIRTUALSCREEN   = 1200
05.06.2019 10:55:28.823 [000007d4] --- SM_CXCURSOR          = 32
05.06.2019 10:55:28.823 [000007d4] --- [\\.\DISPLAY1] [Radeon RX 580 Series] [MONITOR\ADVEF2D\{4d36e96e-e325-11ce-bfc1-08002be10318}\0017] [Generic PnP Monitor]
05.06.2019 10:55:28.839 [000007d4] --- Enumerated 1 displays
05.06.2019 10:55:28.839 [000007d4] --- Displays initialized
05.06.2019 10:55:28.839 [000007d4] --- Displays[0] M[00010001] HDC[23010732] GDC[67010b76] L=0 T=0 R=3840 B=1200 RECT[0,0 3840x1200] N[\\.\DISPLAY1] M[Generic PnP Monitor] F[1] PROJ[0x0] MAPS[0]
05.06.2019 10:55:28.839 [000007d4] ---    Grouping G[0] N[0] GD[]
05.06.2019 10:55:28.839 [000007d4] --- ---
05.06.2019 10:56:17.042 [000007c8] --- Restarting DWM
05.06.2019 10:56:17.245 [000007c8] --- Exiting DWM
05.06.2019 10:56:17.245 [000007c8] --- PROCESS DETACH
