05.06.2019 11:35:49.615 [000020c4] --- App --- Immersive Display PRO v3.0.5 (01.01.2019)
05.06.2019 11:35:49.615 [000020c4] --- OS 6:2 Microsoft Windows 8 Professional (build 9200), 64-bit 7(0) 8(1) 8.1(0) 10(0)
05.06.2019 11:35:49.615 [000020c4] --- Process64 C:\Users\own\scoop\apps\git\2.21.0.windows.1\mingw64\libexec\git-core\git.exe
05.06.2019 11:35:49.615 [000020c4] --- CmdLine [git rev-list --objects --stdin --not --all --quiet]
05.06.2019 11:35:49.615 [000020c4] --- Enumerating displays ...
05.06.2019 11:35:49.615 [000020c4] --- Device N[\\.\DISPLAY1] S[Radeon RX 580 Series] M[Generic PnP Monitor] F[desktop primary ]
05.06.2019 11:35:49.630 [000020c4] --- Device N[\\.\DISPLAY2] S[Radeon RX 580 Series] M[] F[]
05.06.2019 11:35:49.630 [000020c4] --- Device N[\\.\DISPLAY3] S[Radeon RX 580 Series] M[] F[]
05.06.2019 11:35:49.630 [000020c4] --- Device N[\\.\DISPLAY4] S[Radeon RX 580 Series] M[] F[]
05.06.2019 11:35:49.630 [000020c4] --- Device N[\\.\DISPLAY5] S[Radeon RX 580 Series] M[] F[]
05.06.2019 11:35:49.630 [000020c4] --- Device N[\\.\DISPLAY6] S[Radeon RX 580 Series] M[] F[]
05.06.2019 11:35:49.630 [000020c4] --- Device N[\\.\DISPLAY7] S[Radeon RX 580 Series] M[] F[]
05.06.2019 11:35:49.630 [000020c4] --- Device N[\\.\DISPLAY8] S[Radeon RX 580 Series] M[] F[]
05.06.2019 11:35:49.630 [000020c4] --- SM_CMONITORS         = 1
05.06.2019 11:35:49.630 [000020c4] --- SM_SAMEDISPLAYFORMAT = 1
05.06.2019 11:35:49.630 [000020c4] --- SM_XVIRTUALSCREEN    = 0
05.06.2019 11:35:49.630 [000020c4] --- SM_YVIRTUALSCREEN    = 0
05.06.2019 11:35:49.630 [000020c4] --- SM_CXVIRTUALSCREEN   = 3840
05.06.2019 11:35:49.630 [000020c4] --- SM_CYVIRTUALSCREEN   = 1200
05.06.2019 11:35:49.630 [000020c4] --- SM_CXCURSOR          = 32
05.06.2019 11:35:49.630 [000020c4] --- [\\.\DISPLAY1] [Radeon RX 580 Series] [MONITOR\ADVEF2D\{4d36e96e-e325-11ce-bfc1-08002be10318}\0017] [Generic PnP Monitor]
05.06.2019 11:35:49.630 [000020c4] --- Enumerated 1 displays
05.06.2019 11:35:49.630 [000020c4] --- Displays initialized
05.06.2019 11:35:49.630 [000020c4] --- Displays[0] M[00010001] HDC[1201017b] GDC[4301069b] L=0 T=0 R=3840 B=1200 RECT[0,0 3840x1200] N[\\.\DISPLAY1] M[Generic PnP Monitor] F[1] PROJ[2x1] MAPS[2]
05.06.2019 11:35:49.630 [000020c4] ---    Grouping G[0] N[0] GD[]
05.06.2019 11:35:49.630 [000020c4] --- ---
05.06.2019 11:35:49.630 [000020c4] --- hookD3D9
05.06.2019 11:35:49.646 [000020c4] --- DirectX9 dll=5c690000
05.06.2019 11:35:49.693 [000020c4] --- DirectX9 API detected
05.06.2019 11:35:49.693 [000020c4] --- DirectX9Ex API detected
05.06.2019 11:35:49.693 [000020c4] --- i1: InterfaceProc1
05.06.2019 11:35:49.693 [000020c4] --- interfaceFunc1 [\\.\DISPLAY1] totalMaps=2
05.06.2019 11:35:49.693 [000020c4] --- DXGI dll=8b0e0000
05.06.2019 11:35:49.724 [000020c4] --- DirectX DXGI API CreateDXGIFactory detected 1
05.06.2019 11:35:49.740 [000020c4] --- DirectX DXGI API CreateDXGIFactory1 detected 1
05.06.2019 11:35:49.771 [000020c4] --- DirectX DXGI API CreateDXGIFactory2 detected 1
05.06.2019 11:35:49.771 [000020c4] --- DirectX DXGI API detected
05.06.2019 11:35:49.771 [000020c4] --- DirectX D3D12 API detected hd3d12=842e0000
05.06.2019 11:35:49.802 [000020c4] --- DirectX D3D12 API detected 1
05.06.2019 11:35:49.802 [000020c4] --- hookOpenGL
05.06.2019 11:35:49.982 [000020c4] --- OpenGL API detected
05.06.2019 11:35:50.037 [000020c4] --- PROCESS DETACH
