05.06.2019 12:00:34.506 [000025ac] --- App --- Immersive Display PRO v3.0.5 (01.01.2019)
05.06.2019 12:00:34.506 [000025ac] --- OS 6:2 Microsoft Windows 8 Professional (build 9200), 64-bit 7(0) 8(1) 8.1(0) 10(0)
05.06.2019 12:00:34.506 [000025ac] --- Process64 C:\Users\own\scoop\shims\git.exe
05.06.2019 12:00:34.506 [000025ac] --- CmdLine [git  add update.bat]
05.06.2019 12:00:34.506 [000025ac] --- Enumerating displays ...
05.06.2019 12:00:34.506 [000025ac] --- Device N[\\.\DISPLAY1] S[Radeon RX 580 Series] M[Generic PnP Monitor] F[desktop primary ]
05.06.2019 12:00:34.507 [000025ac] --- Device N[\\.\DISPLAY2] S[Radeon RX 580 Series] M[] F[]
05.06.2019 12:00:34.508 [000025ac] --- Device N[\\.\DISPLAY3] S[Radeon RX 580 Series] M[] F[]
05.06.2019 12:00:34.509 [000025ac] --- Device N[\\.\DISPLAY4] S[Radeon RX 580 Series] M[] F[]
05.06.2019 12:00:34.509 [000025ac] --- Device N[\\.\DISPLAY5] S[Radeon RX 580 Series] M[] F[]
05.06.2019 12:00:34.510 [000025ac] --- Device N[\\.\DISPLAY6] S[Radeon RX 580 Series] M[] F[]
05.06.2019 12:00:34.510 [000025ac] --- Device N[\\.\DISPLAY7] S[Radeon RX 580 Series] M[] F[]
05.06.2019 12:00:34.511 [000025ac] --- Device N[\\.\DISPLAY8] S[Radeon RX 580 Series] M[] F[]
05.06.2019 12:00:34.511 [000025ac] --- SM_CMONITORS         = 1
05.06.2019 12:00:34.511 [000025ac] --- SM_SAMEDISPLAYFORMAT = 1
05.06.2019 12:00:34.511 [000025ac] --- SM_XVIRTUALSCREEN    = 0
05.06.2019 12:00:34.511 [000025ac] --- SM_YVIRTUALSCREEN    = 0
05.06.2019 12:00:34.511 [000025ac] --- SM_CXVIRTUALSCREEN   = 3840
05.06.2019 12:00:34.511 [000025ac] --- SM_CYVIRTUALSCREEN   = 1200
05.06.2019 12:00:34.511 [000025ac] --- SM_CXCURSOR          = 32
05.06.2019 12:00:34.514 [000025ac] --- [\\.\DISPLAY1] [Radeon RX 580 Series] [MONITOR\ADVEF2D\{4d36e96e-e325-11ce-bfc1-08002be10318}\0017] [Generic PnP Monitor]
05.06.2019 12:00:34.514 [000025ac] --- Enumerated 1 displays
05.06.2019 12:00:34.514 [000025ac] --- Displays initialized
05.06.2019 12:00:34.514 [000025ac] --- Displays[0] M[00010001] HDC[e4011458] GDC[4a011253] L=0 T=0 R=3840 B=1200 RECT[0,0 3840x1200] N[\\.\DISPLAY1] M[Generic PnP Monitor] F[1] PROJ[2x1] MAPS[2]
05.06.2019 12:00:34.514 [000025ac] ---    Grouping G[0] N[0] GD[]
05.06.2019 12:00:34.514 [000025ac] --- ---
05.06.2019 12:00:34.514 [000025ac] --- hookD3D9
05.06.2019 12:00:34.515 [000025ac] --- DirectX9 dll=670a0000
05.06.2019 12:00:34.574 [000025ac] --- DirectX9 API detected
05.06.2019 12:00:34.575 [000025ac] --- DirectX9Ex API detected
05.06.2019 12:00:34.575 [000025ac] --- i1: InterfaceProc1
05.06.2019 12:00:34.575 [000025ac] --- interfaceFunc1 [\\.\DISPLAY1] totalMaps=2
05.06.2019 12:00:34.575 [000025ac] --- DXGI dll=95b60000
05.06.2019 12:00:34.604 [000025ac] --- DirectX DXGI API CreateDXGIFactory detected 1
05.06.2019 12:00:34.634 [000025ac] --- DirectX DXGI API CreateDXGIFactory1 detected 1
05.06.2019 12:00:34.662 [000025ac] --- DirectX DXGI API CreateDXGIFactory2 detected 1
05.06.2019 12:00:34.662 [000025ac] --- DirectX DXGI API detected
05.06.2019 12:00:34.663 [000025ac] --- DirectX D3D12 API detected hd3d12=8f360000
05.06.2019 12:00:34.692 [000025ac] --- DirectX D3D12 API detected 1
05.06.2019 12:00:34.692 [000025ac] --- hookOpenGL
05.06.2019 12:00:34.901 [000025ac] --- OpenGL API detected
05.06.2019 12:00:36.126 [000025ac] --- PROCESS DETACH
