05.06.2019 12:00:55.943 [0000251c] --- App --- Immersive Display PRO v3.0.5 (01.01.2019)
05.06.2019 12:00:55.943 [0000251c] --- OS 6:2 Microsoft Windows 8 Professional (build 9200), 64-bit 7(0) 8(1) 8.1(0) 10(0)
05.06.2019 12:00:55.943 [0000251c] --- Process64 C:\Users\own\scoop\apps\git\2.21.0.windows.1\mingw64\libexec\git-core\git-credential-manager.exe
05.06.2019 12:00:55.943 [0000251c] --- CmdLine [git-credential-manager store]
05.06.2019 12:00:55.943 [0000251c] --- Enumerating displays ...
05.06.2019 12:00:55.944 [0000251c] --- Device N[\\.\DISPLAY1] S[Radeon RX 580 Series] M[Generic PnP Monitor] F[desktop primary ]
05.06.2019 12:00:55.944 [0000251c] --- Device N[\\.\DISPLAY2] S[Radeon RX 580 Series] M[] F[]
05.06.2019 12:00:55.944 [0000251c] --- Device N[\\.\DISPLAY3] S[Radeon RX 580 Series] M[] F[]
05.06.2019 12:00:55.945 [0000251c] --- Device N[\\.\DISPLAY4] S[Radeon RX 580 Series] M[] F[]
05.06.2019 12:00:55.945 [0000251c] --- Device N[\\.\DISPLAY5] S[Radeon RX 580 Series] M[] F[]
05.06.2019 12:00:55.946 [0000251c] --- Device N[\\.\DISPLAY6] S[Radeon RX 580 Series] M[] F[]
05.06.2019 12:00:55.946 [0000251c] --- Device N[\\.\DISPLAY7] S[Radeon RX 580 Series] M[] F[]
05.06.2019 12:00:55.947 [0000251c] --- Device N[\\.\DISPLAY8] S[Radeon RX 580 Series] M[] F[]
05.06.2019 12:00:55.947 [0000251c] --- SM_CMONITORS         = 1
05.06.2019 12:00:55.947 [0000251c] --- SM_SAMEDISPLAYFORMAT = 1
05.06.2019 12:00:55.947 [0000251c] --- SM_XVIRTUALSCREEN    = 0
05.06.2019 12:00:55.947 [0000251c] --- SM_YVIRTUALSCREEN    = 0
05.06.2019 12:00:55.947 [0000251c] --- SM_CXVIRTUALSCREEN   = 3840
05.06.2019 12:00:55.947 [0000251c] --- SM_CYVIRTUALSCREEN   = 1200
05.06.2019 12:00:55.947 [0000251c] --- SM_CXCURSOR          = 32
05.06.2019 12:00:55.949 [0000251c] --- [\\.\DISPLAY1] [Radeon RX 580 Series] [MONITOR\ADVEF2D\{4d36e96e-e325-11ce-bfc1-08002be10318}\0017] [Generic PnP Monitor]
05.06.2019 12:00:55.950 [0000251c] --- Enumerated 1 displays
05.06.2019 12:00:55.950 [0000251c] --- Displays initialized
05.06.2019 12:00:55.950 [0000251c] --- Displays[0] M[00010001] HDC[e4011458] GDC[750111d9] L=0 T=0 R=3840 B=1200 RECT[0,0 3840x1200] N[\\.\DISPLAY1] M[Generic PnP Monitor] F[1] PROJ[2x1] MAPS[2]
05.06.2019 12:00:55.950 [0000251c] ---    Grouping G[0] N[0] GD[]
05.06.2019 12:00:55.950 [0000251c] --- ---
05.06.2019 12:00:55.950 [0000251c] --- hookD3D9
05.06.2019 12:00:55.951 [0000251c] --- DirectX9 dll=670a0000
05.06.2019 12:00:56.002 [0000251c] --- DirectX9 API detected
05.06.2019 12:00:56.002 [0000251c] --- DirectX9Ex API detected
05.06.2019 12:00:56.003 [0000251c] --- i1: InterfaceProc1
05.06.2019 12:00:56.003 [0000251c] --- interfaceFunc1 [\\.\DISPLAY1] totalMaps=2
05.06.2019 12:00:56.003 [0000251c] --- DXGI dll=95b60000
05.06.2019 12:00:56.029 [0000251c] --- DirectX DXGI API CreateDXGIFactory detected 1
05.06.2019 12:00:56.054 [0000251c] --- DirectX DXGI API CreateDXGIFactory1 detected 1
05.06.2019 12:00:56.080 [0000251c] --- DirectX DXGI API CreateDXGIFactory2 detected 1
05.06.2019 12:00:56.080 [0000251c] --- DirectX DXGI API detected
05.06.2019 12:00:56.080 [0000251c] --- DirectX D3D12 API detected hd3d12=8f360000
05.06.2019 12:00:56.106 [0000251c] --- DirectX D3D12 API detected 1
05.06.2019 12:00:56.106 [0000251c] --- hookOpenGL
05.06.2019 12:00:56.286 [0000251c] --- OpenGL API detected
05.06.2019 12:00:56.488 [0000251c] --- PROCESS DETACH
