04.06.2019 19:25:55.821 [0000209c] --- App --- Immersive Display PRO v3.0.5 (01.01.2019)
04.06.2019 19:25:55.821 [0000209c] --- OS 6:2 Microsoft Windows 8 Professional (build 9200), 64-bit 7(0) 8(1) 8.1(0) 10(0)
04.06.2019 19:25:55.821 [0000209c] --- Process64 C:\Program Files (x86)\Google\Chrome\Application\chrome.exe
04.06.2019 19:25:55.821 [0000209c] --- CmdLine ["C:\Program Files (x86)\Google\Chrome\Application\chrome.exe" --type=utility --field-trial-handle=1884,5866689580197008461,7379730250231847254,131072 --lang=zh-TW --no-sandbox --service-request-channel-token=7842823881721201086 --mojo-platform-channel-handle?]
04.06.2019 19:25:55.821 [0000209c] --- Enumerating displays ...
04.06.2019 19:25:55.822 [0000209c] --- Device N[\\.\DISPLAY1] S[Radeon RX 580 Series] M[Generic PnP Monitor] F[desktop primary ]
04.06.2019 19:25:55.822 [0000209c] --- Device N[\\.\DISPLAY2] S[Radeon RX 580 Series] M[] F[]
04.06.2019 19:25:55.823 [0000209c] --- Device N[\\.\DISPLAY3] S[Radeon RX 580 Series] M[] F[]
04.06.2019 19:25:55.823 [0000209c] --- Device N[\\.\DISPLAY4] S[Radeon RX 580 Series] M[] F[]
04.06.2019 19:25:55.823 [0000209c] --- Device N[\\.\DISPLAY5] S[Radeon RX 580 Series] M[] F[]
04.06.2019 19:25:55.823 [0000209c] --- Device N[\\.\DISPLAY6] S[Radeon RX 580 Series] M[] F[]
04.06.2019 19:25:55.824 [0000209c] --- Device N[\\.\DISPLAY7] S[Radeon RX 580 Series] M[] F[]
04.06.2019 19:25:55.824 [0000209c] --- Device N[\\.\DISPLAY8] S[Radeon RX 580 Series] M[] F[]
04.06.2019 19:25:55.824 [0000209c] --- SM_CMONITORS         = 1
04.06.2019 19:25:55.824 [0000209c] --- SM_SAMEDISPLAYFORMAT = 1
04.06.2019 19:25:55.824 [0000209c] --- SM_XVIRTUALSCREEN    = 0
04.06.2019 19:25:55.824 [0000209c] --- SM_YVIRTUALSCREEN    = 0
04.06.2019 19:25:55.824 [0000209c] --- SM_CXVIRTUALSCREEN   = 3840
04.06.2019 19:25:55.824 [0000209c] --- SM_CYVIRTUALSCREEN   = 1200
04.06.2019 19:25:55.824 [0000209c] --- SM_CXCURSOR          = 32
04.06.2019 19:25:55.827 [0000209c] --- [\\.\DISPLAY1] [Radeon RX 580 Series] [MONITOR\ADVEF2D\{4d36e96e-e325-11ce-bfc1-08002be10318}\0013] [Generic PnP Monitor]
04.06.2019 19:25:55.827 [0000209c] --- Enumerated 1 displays
04.06.2019 19:25:55.827 [0000209c] --- Displays initialized
04.06.2019 19:25:55.827 [0000209c] --- Displays[0] M[00010001] HDC[b2010893] GDC[b70107f3] L=0 T=0 R=3840 B=1200 RECT[0,0 3840x1200] N[\\.\DISPLAY1] M[Generic PnP Monitor] F[1] PROJ[2x1] MAPS[2]
04.06.2019 19:25:55.827 [0000209c] ---    Grouping G[0] N[0] GD[]
04.06.2019 19:25:55.827 [0000209c] --- ---
04.06.2019 19:25:55.827 [0000209c] --- i1:Executable chrome.exe is excluded DX9
04.06.2019 19:25:55.828 [0000209c] --- DXGI dll=a1720000
04.06.2019 19:25:55.853 [0000209c] --- DirectX DXGI API CreateDXGIFactory detected 1
04.06.2019 19:25:55.877 [0000209c] --- DirectX DXGI API CreateDXGIFactory1 detected 1
04.06.2019 19:25:55.901 [0000209c] --- DirectX DXGI API CreateDXGIFactory2 detected 1
04.06.2019 19:25:55.901 [0000209c] --- DirectX DXGI API detected
04.06.2019 19:25:55.901 [0000209c] --- DirectX D3D12 API detected hd3d12=9a880000
04.06.2019 19:25:55.925 [0000209c] --- DirectX D3D12 API detected 1
04.06.2019 19:25:55.925 [0000209c] --- i2: InterfaceProc1
04.06.2019 19:25:55.925 [0000209c] --- interfaceFunc1 [\\.\DISPLAY1] totalMaps=2
04.06.2019 19:25:55.925 [0000209c] --- i3:Executable chrome.exe is excluded OGL
04.06.2019 19:25:55.958 [0000209c] --- PROCESS DETACH
