04.06.2019 21:56:14.403 [00001f3c] ??? OSM handle == NULL error=2
04.06.2019 21:56:14.403 [00001f3c] ^^^ SC trying session1
--- [2]
04.06.2019 21:56:14.403 [00001f3c] --- App --- Immersive Display PRO v3.0.5 (01.01.2019)
04.06.2019 21:56:14.403 [00001f3c] --- OS 6:2 Microsoft Windows 8 Professional (build 9200), 64-bit 7(0) 8(1) 8.1(0) 10(0)
04.06.2019 21:56:14.403 [00001f3c] --- Process32 C:\Program Files (x86)\Google\Update\1.3.34.11\GoogleCrashHandler.exe
04.06.2019 21:56:14.404 [00001f3c] --- CmdLine ["C:\Program Files (x86)\Google\Update\1.3.34.11\GoogleCrashHandler.exe"]
04.06.2019 21:56:14.404 [00001f3c] --- Enumerating displays ...
04.06.2019 21:56:14.404 [00001f3c] --- SM_CMONITORS         = 1
04.06.2019 21:56:14.404 [00001f3c] --- SM_SAMEDISPLAYFORMAT = 1
04.06.2019 21:56:14.404 [00001f3c] --- SM_XVIRTUALSCREEN    = 0
04.06.2019 21:56:14.404 [00001f3c] --- SM_YVIRTUALSCREEN    = 0
04.06.2019 21:56:14.404 [00001f3c] --- SM_CXVIRTUALSCREEN   = 1024
04.06.2019 21:56:14.404 [00001f3c] --- SM_CYVIRTUALSCREEN   = 768
04.06.2019 21:56:14.404 [00001f3c] --- SM_CXCURSOR          = 32
04.06.2019 21:56:14.405 [00001f3c] ??? No displays enumerated. Retry later
04.06.2019 21:56:14.405 [00001f3c] --- hookD3D9
04.06.2019 21:56:14.406 [00001f3c] --- DirectX9 dll=717f0000
04.06.2019 21:56:14.446 [00001f3c] --- DirectX9 API detected
04.06.2019 21:56:14.459 [00001f3c] --- DirectX9Ex API detected
04.06.2019 21:56:14.459 [00001f3c] --- i1: InterfaceProc1
04.06.2019 21:56:14.472 [00001f3c] --- DXGI dll=72790000
04.06.2019 21:56:14.493 [00001f3c] --- DirectX DXGI API CreateDXGIFactory detected 1
04.06.2019 21:56:14.512 [00001f3c] --- DirectX DXGI API CreateDXGIFactory1 detected 1
04.06.2019 21:56:14.546 [00001f3c] --- DirectX DXGI API CreateDXGIFactory2 detected 1
04.06.2019 21:56:14.558 [00001f3c] --- DirectX DXGI API detected
04.06.2019 21:56:14.558 [00001f3c] --- DirectX D3D12 API detected hd3d12=72590000
04.06.2019 21:56:14.579 [00001f3c] --- DirectX D3D12 API detected 1
04.06.2019 21:56:14.579 [00001f3c] --- hookOpenGL
04.06.2019 21:56:14.746 [00001f3c] --- OpenGL API detected
04.06.2019 21:56:14.799 [00001f3c] --- PROCESS DETACH
