04.06.2019 21:35:32.238 [00002304] --- App --- Immersive Display PRO v3.0.5 (01.01.2019)
04.06.2019 21:35:32.238 [00002304] --- OS 6:2 Microsoft Windows 8 Professional (build 9200), 64-bit 7(0) 8(1) 8.1(0) 10(0)
04.06.2019 21:35:32.238 [00002304] --- Process64 C:\Program Files\AMD\Performance Profile Client\AUEPUF.exe
04.06.2019 21:35:32.238 [00002304] --- CmdLine [AUEPUF.exe]
04.06.2019 21:35:32.238 [00002304] --- Enumerating displays ...
04.06.2019 21:35:32.238 [00002304] --- Device N[\\.\DISPLAY1] S[Radeon RX 580 Series] M[Generic PnP Monitor] F[desktop primary ]
04.06.2019 21:35:32.239 [00002304] --- Device N[\\.\DISPLAY2] S[Radeon RX 580 Series] M[] F[]
04.06.2019 21:35:32.239 [00002304] --- Device N[\\.\DISPLAY3] S[Radeon RX 580 Series] M[] F[]
04.06.2019 21:35:32.240 [00002304] --- Device N[\\.\DISPLAY4] S[Radeon RX 580 Series] M[] F[]
04.06.2019 21:35:32.240 [00002304] --- Device N[\\.\DISPLAY5] S[Radeon RX 580 Series] M[] F[]
04.06.2019 21:35:32.241 [00002304] --- Device N[\\.\DISPLAY6] S[Radeon RX 580 Series] M[] F[]
04.06.2019 21:35:32.241 [00002304] --- Device N[\\.\DISPLAY7] S[Radeon RX 580 Series] M[] F[]
04.06.2019 21:35:32.242 [00002304] --- Device N[\\.\DISPLAY8] S[Radeon RX 580 Series] M[] F[]
04.06.2019 21:35:32.242 [00002304] --- SM_CMONITORS         = 1
04.06.2019 21:35:32.242 [00002304] --- SM_SAMEDISPLAYFORMAT = 1
04.06.2019 21:35:32.242 [00002304] --- SM_XVIRTUALSCREEN    = 0
04.06.2019 21:35:32.242 [00002304] --- SM_YVIRTUALSCREEN    = 0
04.06.2019 21:35:32.242 [00002304] --- SM_CXVIRTUALSCREEN   = 3840
04.06.2019 21:35:32.242 [00002304] --- SM_CYVIRTUALSCREEN   = 1200
04.06.2019 21:35:32.242 [00002304] --- SM_CXCURSOR          = 32
04.06.2019 21:35:32.244 [00002304] --- [\\.\DISPLAY1] [Radeon RX 580 Series] [MONITOR\ADVEF2D\{4d36e96e-e325-11ce-bfc1-08002be10318}\0017] [Generic PnP Monitor]
04.06.2019 21:35:32.244 [00002304] --- Enumerated 1 displays
04.06.2019 21:35:32.244 [00002304] --- Displays initialized
04.06.2019 21:35:32.244 [00002304] --- Displays[0] M[00010001] HDC[2901093c] GDC[13010d5f] L=0 T=0 R=3840 B=1200 RECT[0,0 3840x1200] N[\\.\DISPLAY1] M[Generic PnP Monitor] F[1] PROJ[2x1] MAPS[2]
04.06.2019 21:35:32.244 [00002304] ---    Grouping G[0] N[0] GD[]
04.06.2019 21:35:32.244 [00002304] --- ---
04.06.2019 21:35:32.244 [00002304] --- hookD3D9
04.06.2019 21:35:32.245 [00002304] --- DirectX9 dll=eb9d0000
04.06.2019 21:35:32.281 [00002304] --- DirectX9 API detected
04.06.2019 21:35:32.281 [00002304] --- DirectX9Ex API detected
04.06.2019 21:35:32.281 [00002304] --- i1: InterfaceProc1
04.06.2019 21:35:32.281 [00002304] --- interfaceFunc1 [\\.\DISPLAY1] totalMaps=2
04.06.2019 21:35:32.282 [00002304] --- DXGI dll=15960000
04.06.2019 21:35:32.300 [00002304] --- DirectX DXGI API CreateDXGIFactory detected 1
04.06.2019 21:35:32.318 [00002304] --- DirectX DXGI API CreateDXGIFactory1 detected 1
04.06.2019 21:35:32.337 [00002304] --- DirectX DXGI API CreateDXGIFactory2 detected 1
04.06.2019 21:35:32.337 [00002304] --- DirectX DXGI API detected
04.06.2019 21:35:32.337 [00002304] --- DirectX D3D12 API detected hd3d12=0f0c0000
04.06.2019 21:35:32.356 [00002304] --- DirectX D3D12 API detected 1
04.06.2019 21:35:32.356 [00002304] --- hookOpenGL
04.06.2019 21:35:32.481 [00002304] --- OpenGL API detected
