05.06.2019 11:57:25.255 [0000229c] --- App --- Immersive Display PRO v3.0.5 (01.01.2019)
05.06.2019 11:57:25.255 [0000229c] --- OS 6:2 Microsoft Windows 8 Professional (build 9200), 64-bit 7(0) 8(1) 8.1(0) 10(0)
05.06.2019 11:57:25.255 [0000229c] --- Process64 C:\Users\own\scoop\apps\git\2.21.0.windows.1\mingw64\libexec\git-core\git.exe
05.06.2019 11:57:25.255 [0000229c] --- CmdLine [git gc --auto]
05.06.2019 11:57:25.255 [0000229c] --- Enumerating displays ...
05.06.2019 11:57:25.256 [0000229c] --- Device N[\\.\DISPLAY1] S[Radeon RX 580 Series] M[Generic PnP Monitor] F[desktop primary ]
05.06.2019 11:57:25.257 [0000229c] --- Device N[\\.\DISPLAY2] S[Radeon RX 580 Series] M[] F[]
05.06.2019 11:57:25.257 [0000229c] --- Device N[\\.\DISPLAY3] S[Radeon RX 580 Series] M[] F[]
05.06.2019 11:57:25.258 [0000229c] --- Device N[\\.\DISPLAY4] S[Radeon RX 580 Series] M[] F[]
05.06.2019 11:57:25.258 [0000229c] --- Device N[\\.\DISPLAY5] S[Radeon RX 580 Series] M[] F[]
05.06.2019 11:57:25.259 [0000229c] --- Device N[\\.\DISPLAY6] S[Radeon RX 580 Series] M[] F[]
05.06.2019 11:57:25.259 [0000229c] --- Device N[\\.\DISPLAY7] S[Radeon RX 580 Series] M[] F[]
05.06.2019 11:57:25.260 [0000229c] --- Device N[\\.\DISPLAY8] S[Radeon RX 580 Series] M[] F[]
05.06.2019 11:57:25.260 [0000229c] --- SM_CMONITORS         = 1
05.06.2019 11:57:25.260 [0000229c] --- SM_SAMEDISPLAYFORMAT = 1
05.06.2019 11:57:25.260 [0000229c] --- SM_XVIRTUALSCREEN    = 0
05.06.2019 11:57:25.260 [0000229c] --- SM_YVIRTUALSCREEN    = 0
05.06.2019 11:57:25.260 [0000229c] --- SM_CXVIRTUALSCREEN   = 3840
05.06.2019 11:57:25.260 [0000229c] --- SM_CYVIRTUALSCREEN   = 1200
05.06.2019 11:57:25.260 [0000229c] --- SM_CXCURSOR          = 32
05.06.2019 11:57:25.263 [0000229c] --- [\\.\DISPLAY1] [Radeon RX 580 Series] [MONITOR\ADVEF2D\{4d36e96e-e325-11ce-bfc1-08002be10318}\0017] [Generic PnP Monitor]
05.06.2019 11:57:25.263 [0000229c] --- Enumerated 1 displays
05.06.2019 11:57:25.263 [0000229c] --- Displays initialized
05.06.2019 11:57:25.263 [0000229c] --- Displays[0] M[00010001] HDC[f9010f12] GDC[8e0111da] L=0 T=0 R=3840 B=1200 RECT[0,0 3840x1200] N[\\.\DISPLAY1] M[Generic PnP Monitor] F[1] PROJ[2x1] MAPS[2]
05.06.2019 11:57:25.263 [0000229c] ---    Grouping G[0] N[0] GD[]
05.06.2019 11:57:25.263 [0000229c] --- ---
05.06.2019 11:57:25.263 [0000229c] --- hookD3D9
05.06.2019 11:57:25.264 [0000229c] --- DirectX9 dll=670a0000
05.06.2019 11:57:25.323 [0000229c] --- DirectX9 API detected
05.06.2019 11:57:25.323 [0000229c] --- DirectX9Ex API detected
05.06.2019 11:57:25.323 [0000229c] --- i1: InterfaceProc1
05.06.2019 11:57:25.323 [0000229c] --- interfaceFunc1 [\\.\DISPLAY1] totalMaps=2
05.06.2019 11:57:25.323 [0000229c] --- DXGI dll=95b60000
05.06.2019 11:57:25.353 [0000229c] --- DirectX DXGI API CreateDXGIFactory detected 1
05.06.2019 11:57:25.381 [0000229c] --- DirectX DXGI API CreateDXGIFactory1 detected 1
05.06.2019 11:57:25.410 [0000229c] --- DirectX DXGI API CreateDXGIFactory2 detected 1
05.06.2019 11:57:25.410 [0000229c] --- DirectX DXGI API detected
05.06.2019 11:57:25.411 [0000229c] --- DirectX D3D12 API detected hd3d12=8f360000
05.06.2019 11:57:25.440 [0000229c] --- DirectX D3D12 API detected 1
05.06.2019 11:57:25.440 [0000229c] --- hookOpenGL
05.06.2019 11:57:25.647 [0000229c] --- OpenGL API detected
05.06.2019 11:57:25.703 [0000229c] --- PROCESS DETACH
