04.06.2019 21:29:20.128 [00001d34] ??? OSM handle == NULL error=2
04.06.2019 21:29:20.128 [00001d34] ^^^ SC trying session1
04.06.2019 21:29:20.128 [00001d34] ??? OSM handle == NULL error=2
04.06.2019 21:29:20.128 [00001d34] ^^^ SC trying session2
04.06.2019 21:29:20.128 [00001d34] ??? OSM handle == NULL error=3
04.06.2019 21:29:20.129 [00001d34] --- DXGI dll=72b90000
04.06.2019 21:29:20.155 [00001d34] --- DirectX DXGI API CreateDXGIFactory detected 1
04.06.2019 21:29:20.182 [00001d34] --- DirectX DXGI API CreateDXGIFactory1 detected 1
04.06.2019 21:29:20.208 [00001d34] --- DirectX DXGI API CreateDXGIFactory2 detected 1
04.06.2019 21:29:20.208 [00001d34] --- DirectX DXGI API detected
04.06.2019 21:29:20.209 [00001d34] --- DirectX D3D12 API detected hd3d12=72910000
04.06.2019 21:29:20.234 [00001d34] --- DirectX D3D12 API detected 1
04.06.2019 21:29:20.234 [00001d34] ??? OSM handle == NULL error=2
04.06.2019 21:29:20.234 [00001d34] ^^^ SC trying session1
04.06.2019 21:29:20.234 [00001d34] ??? OSM handle == NULL error=2
04.06.2019 21:29:20.234 [00001d34] ^^^ SC trying session2
04.06.2019 21:29:20.234 [00001d34] ??? OSM handle == NULL error=3
04.06.2019 21:29:20.234 [00001d34] ??? OSM handle == NULL error=2
04.06.2019 21:29:20.234 [00001d34] ^^^ SC trying session1
04.06.2019 21:29:20.234 [00001d34] ??? OSM handle == NULL error=2
04.06.2019 21:29:20.234 [00001d34] ^^^ SC trying session2
04.06.2019 21:29:20.234 [00001d34] ??? OSM handle == NULL error=3
04.06.2019 21:29:21.134 [00001d34] ??? OSM handle == NULL error=2
04.06.2019 21:29:21.134 [00001d34] ^^^ SC trying session1
04.06.2019 21:29:21.134 [00001d34] ??? OSM handle == NULL error=2
04.06.2019 21:29:21.134 [00001d34] ^^^ SC trying session2
04.06.2019 21:29:21.134 [00001d34] ??? OSM handle == NULL error=3
04.06.2019 21:29:21.169 [00002140] ??? OSM handle == NULL error=2
04.06.2019 21:29:21.169 [00002140] ^^^ SC trying session1
04.06.2019 21:29:21.169 [00002140] ??? OSM handle == NULL error=2
04.06.2019 21:29:21.169 [00002140] ^^^ SC trying session2
04.06.2019 21:29:21.169 [00002140] ??? OSM handle == NULL error=3
04.06.2019 21:29:21.191 [00002140] ??? OSM handle == NULL error=2
04.06.2019 21:29:21.191 [00002140] ^^^ SC trying session1
04.06.2019 21:29:21.191 [00002140] ??? OSM handle == NULL error=2
04.06.2019 21:29:21.191 [00002140] ^^^ SC trying session2
04.06.2019 21:29:21.191 [00002140] ??? OSM handle == NULL error=3
--- [37]
04.06.2019 21:30:05.937 [00002140] --- App --- Immersive Display PRO v3.0.5 (01.01.2019)
04.06.2019 21:30:05.937 [00002140] --- OS 6:2 Microsoft Windows 8 Professional (build 9200), 64-bit 7(0) 8(1) 8.1(0) 10(0)
04.06.2019 21:30:05.937 [00002140] --- Process32 C:\Program Files (x86)\TeamViewer\TeamViewer.exe
04.06.2019 21:30:05.937 [00002140] --- CmdLine ["C:\Program Files (x86)\TeamViewer\TeamViewer.exe"]
04.06.2019 21:30:05.937 [00002140] --- Enumerating displays ...
04.06.2019 21:30:05.938 [00002140] --- Device N[\\.\DISPLAY1] S[Radeon RX 580 Series] M[Generic PnP Monitor] F[desktop primary ]
04.06.2019 21:30:05.938 [00002140] --- Device N[\\.\DISPLAY2] S[Radeon RX 580 Series] M[] F[]
04.06.2019 21:30:05.939 [00002140] --- Device N[\\.\DISPLAY3] S[Radeon RX 580 Series] M[] F[]
04.06.2019 21:30:05.939 [00002140] --- Device N[\\.\DISPLAY4] S[Radeon RX 580 Series] M[] F[]
04.06.2019 21:30:05.940 [00002140] --- Device N[\\.\DISPLAY5] S[Radeon RX 580 Series] M[] F[]
04.06.2019 21:30:05.940 [00002140] --- Device N[\\.\DISPLAY6] S[Radeon RX 580 Series] M[] F[]
04.06.2019 21:30:05.941 [00002140] --- Device N[\\.\DISPLAY7] S[Radeon RX 580 Series] M[] F[]
04.06.2019 21:30:05.941 [00002140] --- Device N[\\.\DISPLAY8] S[Radeon RX 580 Series] M[] F[]
04.06.2019 21:30:05.941 [00002140] --- SM_CMONITORS         = 1
04.06.2019 21:30:05.941 [00002140] --- SM_SAMEDISPLAYFORMAT = 1
04.06.2019 21:30:05.941 [00002140] --- SM_XVIRTUALSCREEN    = 0
04.06.2019 21:30:05.941 [00002140] --- SM_YVIRTUALSCREEN    = 0
04.06.2019 21:30:05.941 [00002140] --- SM_CXVIRTUALSCREEN   = 3840
04.06.2019 21:30:05.941 [00002140] --- SM_CYVIRTUALSCREEN   = 1200
04.06.2019 21:30:05.941 [00002140] --- SM_CXCURSOR          = 32
04.06.2019 21:30:05.942 [00002140] ??? No displays enumerated. Retry later
