05.06.2019 10:42:14.792 [00001fa8] --- App --- Immersive Display PRO v3.0.5 (01.01.2019)
05.06.2019 10:42:14.792 [00001fa8] --- OS 6:2 Microsoft Windows 8 Professional (build 9200), 64-bit 7(0) 8(1) 8.1(0) 10(0)
05.06.2019 10:42:14.792 [00001fa8] --- Process64 C:\Program Files\AMD\CNext\CNext\AMDRSServ.exe
05.06.2019 10:42:14.792 [00001fa8] --- CmdLine ["C:\Program Files\AMD\CNext\CNext\AMDRSServ.exe" ]
05.06.2019 10:42:14.792 [00001fa8] --- Enumerating displays ...
05.06.2019 10:42:14.792 [00001fa8] --- Device N[\\.\DISPLAY1] S[Radeon RX 580 Series] M[Generic PnP Monitor] F[desktop primary ]
05.06.2019 10:42:14.808 [00001fa8] --- Device N[\\.\DISPLAY2] S[Radeon RX 580 Series] M[] F[]
05.06.2019 10:42:14.808 [00001fa8] --- Device N[\\.\DISPLAY3] S[Radeon RX 580 Series] M[] F[]
05.06.2019 10:42:14.808 [00001fa8] --- Device N[\\.\DISPLAY4] S[Radeon RX 580 Series] M[] F[]
05.06.2019 10:42:14.808 [00001fa8] --- Device N[\\.\DISPLAY5] S[Radeon RX 580 Series] M[] F[]
05.06.2019 10:42:14.808 [00001fa8] --- Device N[\\.\DISPLAY6] S[Radeon RX 580 Series] M[] F[]
05.06.2019 10:42:14.808 [00001fa8] --- Device N[\\.\DISPLAY7] S[Radeon RX 580 Series] M[] F[]
05.06.2019 10:42:14.808 [00001fa8] --- Device N[\\.\DISPLAY8] S[Radeon RX 580 Series] M[] F[]
05.06.2019 10:42:14.808 [00001fa8] --- SM_CMONITORS         = 1
05.06.2019 10:42:14.808 [00001fa8] --- SM_SAMEDISPLAYFORMAT = 1
05.06.2019 10:42:14.808 [00001fa8] --- SM_XVIRTUALSCREEN    = 0
05.06.2019 10:42:14.808 [00001fa8] --- SM_YVIRTUALSCREEN    = 0
05.06.2019 10:42:14.808 [00001fa8] --- SM_CXVIRTUALSCREEN   = 3840
05.06.2019 10:42:14.808 [00001fa8] --- SM_CYVIRTUALSCREEN   = 1200
05.06.2019 10:42:14.808 [00001fa8] --- SM_CXCURSOR          = 32
05.06.2019 10:42:14.808 [00001fa8] --- [\\.\DISPLAY1] [Radeon RX 580 Series] [MONITOR\ADVEF2D\{4d36e96e-e325-11ce-bfc1-08002be10318}\0017] [Generic PnP Monitor]
05.06.2019 10:42:14.808 [00001fa8] --- Enumerated 1 displays
05.06.2019 10:42:14.808 [00001fa8] --- Displays initialized
05.06.2019 10:42:14.808 [00001fa8] --- Displays[0] M[00010001] HDC[0a010cb3] GDC[1e010bd4] L=0 T=0 R=3840 B=1200 RECT[0,0 3840x1200] N[\\.\DISPLAY1] M[Generic PnP Monitor] F[1] PROJ[2x1] MAPS[2]
05.06.2019 10:42:14.808 [00001fa8] ---    Grouping G[0] N[0] GD[]
05.06.2019 10:42:14.808 [00001fa8] --- ---
05.06.2019 10:42:14.808 [00001fa8] --- hookD3D9
05.06.2019 10:42:14.808 [00001fa8] --- DirectX9 dll=328d0000
05.06.2019 10:42:14.855 [00001fa8] --- DirectX9 API detected
05.06.2019 10:42:14.855 [00001fa8] --- DirectX9Ex API detected
05.06.2019 10:42:14.855 [00001fa8] --- i1: InterfaceProc1
05.06.2019 10:42:14.855 [00001fa8] --- interfaceFunc1 [\\.\DISPLAY1] totalMaps=2
05.06.2019 10:42:14.855 [00001fa8] --- DXGI dll=61320000
05.06.2019 10:42:14.886 [00001fa8] --- DirectX DXGI API CreateDXGIFactory detected 1
05.06.2019 10:42:14.902 [00001fa8] --- DirectX DXGI API CreateDXGIFactory1 detected 1
05.06.2019 10:42:14.933 [00001fa8] --- DirectX DXGI API CreateDXGIFactory2 detected 1
05.06.2019 10:42:14.933 [00001fa8] --- DirectX DXGI API detected
05.06.2019 10:42:14.933 [00001fa8] --- DirectX D3D12 API detected hd3d12=5a9e0000
05.06.2019 10:42:14.949 [00001fa8] --- DirectX D3D12 API detected 1
05.06.2019 10:42:14.949 [00001fa8] --- hookOpenGL
05.06.2019 10:42:15.121 [00001fa8] --- OpenGL API detected
05.06.2019 10:42:15.355 [00001fa8] --- wglCreateLayerContext hdc=060100d4 iLayerPlane=0 hglrc=00010000
05.06.2019 10:42:15.355 [00001fa8] --- WWW H[000503dc] C[AMDDVRGLWINCLASS] W[AMDGlWindow] T[00001fe4] M[00010001] R[0,0 136x39] CR[0,0 120x0]
05.06.2019 10:42:15.355 [00001fa8] --- OpenGLWarpContext[0ff6d040] HDC=060100d4 GLRC=00010000 HWND=000503dc isFullscreen=0
05.06.2019 10:42:15.370 [00001fa8] --- wglDeleteContext 00010000
05.06.2019 10:42:15.370 [00001fa8] --- ~BaseWarpContext[0ff6d040]
05.06.2019 10:42:15.386 [00001fa8] --- wglCreateContextAttribsARB -> attr=0x00002091
05.06.2019 10:42:15.386 [00001fa8] --- wglCreateContextAttribsARB -> val=0x00000004
05.06.2019 10:42:15.386 [00001fa8] ------ MAJOR_VERSION 4
05.06.2019 10:42:15.386 [00001fa8] --- wglCreateContextAttribsARB -> attr=0x00002092
05.06.2019 10:42:15.386 [00001fa8] --- wglCreateContextAttribsARB -> val=0x00000002
05.06.2019 10:42:15.386 [00001fa8] ------ MINOR_VERSION 2
05.06.2019 10:42:15.386 [00001fa8] --- wglCreateContextAttribsARB -> attr=0x00009126
05.06.2019 10:42:15.386 [00001fa8] --- wglCreateContextAttribsARB -> val=0x00000001
05.06.2019 10:42:15.386 [00001fa8] ------ WARNING PROFILE_MASK CORE_PROFILE
05.06.2019 10:42:15.386 [00001fa8] --- wglCreateContextAttribsARB IN orig 269c3630
05.06.2019 10:42:15.402 [00001fa8] --- wglCreateLayerContext hdc=060100d4 iLayerPlane=0 hglrc=00020000
05.06.2019 10:42:15.402 [00001fa8] --- WWW H[000503dc] C[AMDDVRGLWINCLASS] W[AMDGlWindow] T[00001fe4] M[00010001] R[0,0 136x39] CR[0,0 120x0]
05.06.2019 10:42:15.402 [00001fa8] --- OpenGLWarpContext[10282040] HDC=060100d4 GLRC=00020000 HWND=000503dc isFullscreen=0
05.06.2019 10:42:15.402 [00001fa8] --- wglCreateContextAttribsARB OUT -> 00020000
05.06.2019 10:42:15.433 [00001fa8] --- Direct3DCreate9Ex 0x00000020
05.06.2019 10:42:15.436 [00001fa8] --- Direct3D9Ex createDeviceEx[0efa8260] Adapter=0 DeviceType=1 hFocusWindow=00010010 BehaviorFlags=00000846 BackBufferWidth=1 BackBufferHeight=1 BackBufferFormat=21 BackBufferCount=0 MultiSampleType=0 MultiSampleQuality=0 SwapEffect=3 hDeviceWindow=00010010 Windowed=1 EnableAutoDepthStencil=0 AutoDepthStencilFormat=00000000 Flags=00000010 FullScreen_RefreshRateInHz=0 PresentationInterval=-2147483648
05.06.2019 10:42:15.467 [00001fa8] --- Direct3D9Ex createDeviceEx[0efa8260] disabledDX9=0
05.06.2019 10:42:15.467 [00001fa8] --- Direct3DDevice9Ex [0f278e90] hFocusWindow=00010010
05.06.2019 10:42:15.467 [00001fa8] --- WWW H[00010010] C[#32769] W[] T[0000032c] M[00010001] R[0,0 3840x1200] CR[0,0 3840x1200]
05.06.2019 10:42:15.467 [00001fa8] --- DX9WarpContext [1283d040]
05.06.2019 10:42:15.467 [00001fa8] ------ IN=00000000
05.06.2019 10:42:15.467 [00001fa8] ------ OUT=00000000
05.06.2019 10:42:15.467 [00001fa8] ------ BackBufferWidth=1
05.06.2019 10:42:15.467 [00001fa8] ------ BackBufferHeight=1
05.06.2019 10:42:15.467 [00001fa8] ------ BackBufferFormat=21
05.06.2019 10:42:15.467 [00001fa8] ------ BackBufferCount=1
05.06.2019 10:42:15.467 [00001fa8] ------ MultiSampleType=0
05.06.2019 10:42:15.467 [00001fa8] ------ MultiSampleQuality=0
05.06.2019 10:42:15.467 [00001fa8] ------ SwapEffect=3
05.06.2019 10:42:15.467 [00001fa8] ------ hDeviceWindow=00010010
05.06.2019 10:42:15.467 [00001fa8] ------ Windowed=1
05.06.2019 10:42:15.467 [00001fa8] ------ EnableAutoDepthStencil=0
05.06.2019 10:42:15.467 [00001fa8] ------ AutoDepthStencilFormat=0
05.06.2019 10:42:15.467 [00001fa8] ------ Flags=00000010
05.06.2019 10:42:15.467 [00001fa8] ------ FullScreen_RefreshRateInHz=0
05.06.2019 10:42:15.467 [00001fa8] ------ PresentationInterval=-2147483648
05.06.2019 10:42:15.467 [00001fa8] --- preserveBackBuffer=1
05.06.2019 10:42:15.467 [00001fa8] --- Direct3DDevice9Ex[0f278e90] hWindow=00010010
05.06.2019 10:42:15.467 [00001fa8] --- Direct3DDevice9Ex[0f278e90] BackBufferCount 1 BackBufferFormat 0015 1x1 SwapEffect 3 [D3DSWAPEFFECT_COPY] hDeviceWindow=00010010 Windowed=1 Flags 00000010 PresentationInterval -2147483648[80000000] MultiSampleType 00000000 MultiSampleQuality 0
05.06.2019 10:42:15.686 [00001fa8] --- wglCreateLayerContext hdc=060100d4 iLayerPlane=0 hglrc=00010001
05.06.2019 10:42:15.686 [00001fa8] --- WWW H[000503dc] C[AMDDVRGLWINCLASS] W[AMDGlWindow] T[00001fe4] M[00010001] R[0,0 136x39] CR[0,0 120x0]
05.06.2019 10:42:15.686 [00001fa8] --- OpenGLWarpContext[12f3a040] HDC=060100d4 GLRC=00010001 HWND=000503dc isFullscreen=0
05.06.2019 10:42:15.686 [00001fa8] --- wglDeleteContext 00010001
05.06.2019 10:42:15.686 [00001fa8] --- ~BaseWarpContext[12f3a040]
05.06.2019 10:42:15.702 [00001fa8] --- wglCreateLayerContext hdc=060100d4 iLayerPlane=0 hglrc=00020001
05.06.2019 10:42:15.702 [00001fa8] --- WWW H[000503dc] C[AMDDVRGLWINCLASS] W[AMDGlWindow] T[00001fe4] M[00010001] R[0,0 136x39] CR[0,0 120x0]
05.06.2019 10:42:15.702 [00001fa8] --- OpenGLWarpContext[13146040] HDC=060100d4 GLRC=00020001 HWND=000503dc isFullscreen=0
05.06.2019 10:42:16.341 [00001fa8] --- wglDeleteContext 00020001
05.06.2019 10:42:16.341 [00001fa8] --- ~BaseWarpContext[13146040]
