05.06.2019 11:57:27.880 [00002478] --- App --- Immersive Display PRO v3.0.5 (01.01.2019)
05.06.2019 11:57:27.880 [00002478] --- OS 6:2 Microsoft Windows 8 Professional (build 9200), 64-bit 7(0) 8(1) 8.1(0) 10(0)
05.06.2019 11:57:27.880 [00002478] --- Process64 C:\Users\own\scoop\shims\git.exe
05.06.2019 11:57:27.880 [00002478] --- CmdLine [git  push]
05.06.2019 11:57:27.880 [00002478] --- Enumerating displays ...
05.06.2019 11:57:27.881 [00002478] --- Device N[\\.\DISPLAY1] S[Radeon RX 580 Series] M[Generic PnP Monitor] F[desktop primary ]
05.06.2019 11:57:27.881 [00002478] --- Device N[\\.\DISPLAY2] S[Radeon RX 580 Series] M[] F[]
05.06.2019 11:57:27.882 [00002478] --- Device N[\\.\DISPLAY3] S[Radeon RX 580 Series] M[] F[]
05.06.2019 11:57:27.883 [00002478] --- Device N[\\.\DISPLAY4] S[Radeon RX 580 Series] M[] F[]
05.06.2019 11:57:27.883 [00002478] --- Device N[\\.\DISPLAY5] S[Radeon RX 580 Series] M[] F[]
05.06.2019 11:57:27.884 [00002478] --- Device N[\\.\DISPLAY6] S[Radeon RX 580 Series] M[] F[]
05.06.2019 11:57:27.884 [00002478] --- Device N[\\.\DISPLAY7] S[Radeon RX 580 Series] M[] F[]
05.06.2019 11:57:27.885 [00002478] --- Device N[\\.\DISPLAY8] S[Radeon RX 580 Series] M[] F[]
05.06.2019 11:57:27.885 [00002478] --- SM_CMONITORS         = 1
05.06.2019 11:57:27.885 [00002478] --- SM_SAMEDISPLAYFORMAT = 1
05.06.2019 11:57:27.885 [00002478] --- SM_XVIRTUALSCREEN    = 0
05.06.2019 11:57:27.885 [00002478] --- SM_YVIRTUALSCREEN    = 0
05.06.2019 11:57:27.885 [00002478] --- SM_CXVIRTUALSCREEN   = 3840
05.06.2019 11:57:27.885 [00002478] --- SM_CYVIRTUALSCREEN   = 1200
05.06.2019 11:57:27.885 [00002478] --- SM_CXCURSOR          = 32
05.06.2019 11:57:27.888 [00002478] --- [\\.\DISPLAY1] [Radeon RX 580 Series] [MONITOR\ADVEF2D\{4d36e96e-e325-11ce-bfc1-08002be10318}\0017] [Generic PnP Monitor]
05.06.2019 11:57:27.888 [00002478] --- Enumerated 1 displays
05.06.2019 11:57:27.888 [00002478] --- Displays initialized
05.06.2019 11:57:27.888 [00002478] --- Displays[0] M[00010001] HDC[f9010f12] GDC[bc01107b] L=0 T=0 R=3840 B=1200 RECT[0,0 3840x1200] N[\\.\DISPLAY1] M[Generic PnP Monitor] F[1] PROJ[2x1] MAPS[2]
05.06.2019 11:57:27.888 [00002478] ---    Grouping G[0] N[0] GD[]
05.06.2019 11:57:27.888 [00002478] --- ---
05.06.2019 11:57:27.888 [00002478] --- hookD3D9
05.06.2019 11:57:27.889 [00002478] --- DirectX9 dll=670a0000
05.06.2019 11:57:27.948 [00002478] --- DirectX9 API detected
05.06.2019 11:57:27.948 [00002478] --- DirectX9Ex API detected
05.06.2019 11:57:27.948 [00002478] --- i1: InterfaceProc1
05.06.2019 11:57:27.948 [00002478] --- interfaceFunc1 [\\.\DISPLAY1] totalMaps=2
05.06.2019 11:57:27.948 [00002478] --- DXGI dll=95b60000
05.06.2019 11:57:27.977 [00002478] --- DirectX DXGI API CreateDXGIFactory detected 1
05.06.2019 11:57:28.006 [00002478] --- DirectX DXGI API CreateDXGIFactory1 detected 1
05.06.2019 11:57:28.035 [00002478] --- DirectX DXGI API CreateDXGIFactory2 detected 1
05.06.2019 11:57:28.035 [00002478] --- DirectX DXGI API detected
05.06.2019 11:57:28.036 [00002478] --- DirectX D3D12 API detected hd3d12=8f360000
05.06.2019 11:57:28.064 [00002478] --- DirectX D3D12 API detected 1
05.06.2019 11:57:28.064 [00002478] --- hookOpenGL
05.06.2019 11:57:28.269 [00002478] --- OpenGL API detected
05.06.2019 11:58:05.343 [00002478] --- PROCESS DETACH
