04.06.2019 13:47:02.174 [000022e4] ??? OSM handle == NULL error=2
04.06.2019 13:47:02.174 [000022e4] ^^^ SC trying session1
--- [2]
04.06.2019 13:47:02.174 [000022e4] --- App --- Immersive Display PRO v3.0.5 (01.01.2019)
04.06.2019 13:47:02.174 [000022e4] --- OS 6:2 Microsoft Windows 8 Professional (build 9200), 64-bit 7(0) 8(1) 8.1(0) 10(0)
04.06.2019 13:47:02.175 [000022e4] --- Process32 C:\Program Files (x86)\Google\Update\GoogleUpdate.exe
04.06.2019 13:47:02.175 [000022e4] --- CmdLine ["C:\Program Files (x86)\Google\Update\GoogleUpdate.exe" /svc]
04.06.2019 13:47:02.175 [000022e4] --- Enumerating displays ...
04.06.2019 13:47:02.175 [000022e4] --- SM_CMONITORS         = 1
04.06.2019 13:47:02.175 [000022e4] --- SM_SAMEDISPLAYFORMAT = 1
04.06.2019 13:47:02.175 [000022e4] --- SM_XVIRTUALSCREEN    = 0
04.06.2019 13:47:02.175 [000022e4] --- SM_YVIRTUALSCREEN    = 0
04.06.2019 13:47:02.175 [000022e4] --- SM_CXVIRTUALSCREEN   = 1024
04.06.2019 13:47:02.175 [000022e4] --- SM_CYVIRTUALSCREEN   = 768
04.06.2019 13:47:02.175 [000022e4] --- SM_CXCURSOR          = 32
04.06.2019 13:47:02.175 [000022e4] ??? No displays enumerated. Retry later
04.06.2019 13:47:02.175 [000022e4] --- hookD3D9
04.06.2019 13:47:02.176 [000022e4] --- DirectX9 dll=710b0000
04.06.2019 13:47:02.214 [000022e4] --- DirectX9 API detected
04.06.2019 13:47:02.214 [000022e4] --- DirectX9Ex API detected
04.06.2019 13:47:02.214 [000022e4] --- i1: InterfaceProc1
04.06.2019 13:47:02.215 [000022e4] --- DXGI dll=727a0000
04.06.2019 13:47:02.234 [000022e4] --- DirectX DXGI API CreateDXGIFactory detected 1
04.06.2019 13:47:02.253 [000022e4] --- DirectX DXGI API CreateDXGIFactory1 detected 1
04.06.2019 13:47:02.272 [000022e4] --- DirectX DXGI API CreateDXGIFactory2 detected 1
04.06.2019 13:47:02.272 [000022e4] --- DirectX DXGI API detected
04.06.2019 13:47:02.273 [000022e4] --- DirectX D3D12 API detected hd3d12=72630000
04.06.2019 13:47:02.292 [000022e4] --- DirectX D3D12 API detected 1
04.06.2019 13:47:02.292 [000022e4] --- hookOpenGL
04.06.2019 13:47:02.445 [000022e4] --- OpenGL API detected
04.06.2019 13:47:02.849 [000022e4] --- PROCESS DETACH
