04.06.2019 21:26:22.206 [0000230c] --- App --- Immersive Display PRO v3.0.5 (01.01.2019)
04.06.2019 21:26:22.206 [0000230c] --- OS 6:2 Microsoft Windows 8 Professional (build 9200), 64-bit 7(0) 8(1) 8.1(0) 10(0)
04.06.2019 21:26:22.206 [0000230c] --- Process64 C:\Program Files\AMD\CNext\CNext\cncmd.exe
04.06.2019 21:26:22.206 [0000230c] --- CmdLine ["C:\Program Files\AMD\CNext\CNext\cncmd.exe" show launcher]
04.06.2019 21:26:22.206 [0000230c] --- Enumerating displays ...
04.06.2019 21:26:22.206 [0000230c] --- Device N[\\.\DISPLAY1] S[Radeon RX 580 Series] M[] F[]
04.06.2019 21:26:22.206 [0000230c] --- Device N[\\.\DISPLAY2] S[Radeon RX 580 Series] M[Generic PnP Monitor] F[desktop primary ]
04.06.2019 21:26:22.206 [0000230c] --- Device N[\\.\DISPLAY3] S[Radeon RX 580 Series] M[] F[]
04.06.2019 21:26:22.206 [0000230c] --- Device N[\\.\DISPLAY4] S[Radeon RX 580 Series] M[] F[]
04.06.2019 21:26:22.206 [0000230c] --- Device N[\\.\DISPLAY5] S[Radeon RX 580 Series] M[] F[]
04.06.2019 21:26:22.206 [0000230c] --- Device N[\\.\DISPLAY6] S[Radeon RX 580 Series] M[] F[]
04.06.2019 21:26:22.221 [0000230c] --- Device N[\\.\DISPLAY7] S[Radeon RX 580 Series] M[] F[]
04.06.2019 21:26:22.221 [0000230c] --- Device N[\\.\DISPLAY8] S[Radeon RX 580 Series] M[] F[]
04.06.2019 21:26:22.221 [0000230c] --- SM_CMONITORS         = 1
04.06.2019 21:26:22.221 [0000230c] --- SM_SAMEDISPLAYFORMAT = 1
04.06.2019 21:26:22.221 [0000230c] --- SM_XVIRTUALSCREEN    = 0
04.06.2019 21:26:22.221 [0000230c] --- SM_YVIRTUALSCREEN    = 0
04.06.2019 21:26:22.221 [0000230c] --- SM_CXVIRTUALSCREEN   = 3840
04.06.2019 21:26:22.221 [0000230c] --- SM_CYVIRTUALSCREEN   = 1200
04.06.2019 21:26:22.221 [0000230c] --- SM_CXCURSOR          = 32
04.06.2019 21:26:22.221 [0000230c] --- [\\.\DISPLAY2] [Radeon RX 580 Series] [MONITOR\ADVEF2D\{4d36e96e-e325-11ce-bfc1-08002be10318}\0017] [Generic PnP Monitor]
04.06.2019 21:26:22.221 [0000230c] --- Enumerated 1 displays
04.06.2019 21:26:22.221 [0000230c] --- Displays initialized
04.06.2019 21:26:22.221 [0000230c] --- Displays[0] M[005c0511] HDC[5a010c86] GDC[68010bfd] L=0 T=0 R=3840 B=1200 RECT[0,0 3840x1200] N[\\.\DISPLAY2] M[Generic PnP Monitor] F[1] PROJ[0x0] MAPS[0]
04.06.2019 21:26:22.221 [0000230c] ---    Grouping G[0] N[0] GD[]
04.06.2019 21:26:22.221 [0000230c] --- ---
04.06.2019 21:26:22.221 [0000230c] --- hookD3D9
04.06.2019 21:26:22.221 [0000230c] --- DirectX9 dll=68590000
04.06.2019 21:26:22.268 [0000230c] --- DirectX9 API detected
04.06.2019 21:26:22.268 [0000230c] --- DirectX9Ex API detected
04.06.2019 21:26:22.268 [0000230c] --- i1: InterfaceProc1
04.06.2019 21:26:22.268 [0000230c] --- DXGI dll=7a520000
04.06.2019 21:26:22.299 [0000230c] --- DirectX DXGI API CreateDXGIFactory detected 1
04.06.2019 21:26:22.331 [0000230c] --- DirectX DXGI API CreateDXGIFactory1 detected 1
04.06.2019 21:26:22.346 [0000230c] --- DirectX DXGI API CreateDXGIFactory2 detected 1
04.06.2019 21:26:22.346 [0000230c] --- DirectX DXGI API detected
04.06.2019 21:26:22.346 [0000230c] --- DirectX D3D12 API detected hd3d12=73c90000
04.06.2019 21:26:22.377 [0000230c] --- DirectX D3D12 API detected 1
04.06.2019 21:26:22.377 [0000230c] --- hookOpenGL
04.06.2019 21:26:22.565 [0000230c] --- OpenGL API detected
04.06.2019 21:26:25.007 [0000230c] --- PROCESS DETACH
