05.06.2019 11:43:55.342 [00002318] ??? OSM handle == NULL error=2
05.06.2019 11:43:55.342 [00002318] ^^^ SC trying session1
--- [2]
05.06.2019 11:43:55.342 [00002318] --- App --- Immersive Display PRO v3.0.5 (01.01.2019)
05.06.2019 11:43:55.342 [00002318] --- OS 6:2 Microsoft Windows 8 Professional (build 9200), 64-bit 7(0) 8(1) 8.1(0) 10(0)
05.06.2019 11:43:55.342 [00002318] --- Process32 C:\WINDOWS\sysWOW64\wbem\wmiprvse.exe
05.06.2019 11:43:55.342 [00002318] --- CmdLine [C:\WINDOWS\sysWOW64\wbem\wmiprvse.exe -Embedding]
05.06.2019 11:43:55.342 [00002318] --- Enumerating displays ...
05.06.2019 11:43:55.342 [00002318] --- SM_CMONITORS         = 1
05.06.2019 11:43:55.342 [00002318] --- SM_SAMEDISPLAYFORMAT = 1
05.06.2019 11:43:55.342 [00002318] --- SM_XVIRTUALSCREEN    = 0
05.06.2019 11:43:55.342 [00002318] --- SM_YVIRTUALSCREEN    = 0
05.06.2019 11:43:55.342 [00002318] --- SM_CXVIRTUALSCREEN   = 1024
05.06.2019 11:43:55.342 [00002318] --- SM_CYVIRTUALSCREEN   = 768
05.06.2019 11:43:55.342 [00002318] --- SM_CXCURSOR          = 32
05.06.2019 11:43:55.342 [00002318] ??? No displays enumerated. Retry later
05.06.2019 11:43:55.343 [00002318] --- hookD3D9
05.06.2019 11:43:55.344 [00002318] --- DirectX9 dll=70fc0000
05.06.2019 11:43:55.381 [00002318] --- DirectX9 API detected
05.06.2019 11:43:55.381 [00002318] --- DirectX9Ex API detected
05.06.2019 11:43:55.381 [00002318] --- i1: InterfaceProc1
05.06.2019 11:43:55.382 [00002318] --- DXGI dll=71f60000
05.06.2019 11:43:55.401 [00002318] --- DirectX DXGI API CreateDXGIFactory detected 1
05.06.2019 11:43:55.419 [00002318] --- DirectX DXGI API CreateDXGIFactory1 detected 1
05.06.2019 11:43:55.438 [00002318] --- DirectX DXGI API CreateDXGIFactory2 detected 1
05.06.2019 11:43:55.438 [00002318] --- DirectX DXGI API detected
05.06.2019 11:43:55.438 [00002318] --- DirectX D3D12 API detected hd3d12=71d60000
05.06.2019 11:43:55.458 [00002318] --- DirectX D3D12 API detected 1
05.06.2019 11:43:55.458 [00002318] --- hookOpenGL
05.06.2019 11:43:55.608 [00002318] --- OpenGL API detected
