05.06.2019 11:29:57.418 [00001f84] --- App --- Immersive Display PRO v3.0.5 (01.01.2019)
05.06.2019 11:29:57.418 [00001f84] --- OS 6:2 Microsoft Windows 8 Professional (build 9200), 64-bit 7(0) 8(1) 8.1(0) 10(0)
05.06.2019 11:29:57.418 [00001f84] --- Process64 C:\Users\own\scoop\apps\git\2.21.0.windows.1\mingw64\bin\git.exe
05.06.2019 11:29:57.418 [00001f84] --- CmdLine [git.exe  pull]
05.06.2019 11:29:57.418 [00001f84] --- Enumerating displays ...
05.06.2019 11:29:57.418 [00001f84] --- Device N[\\.\DISPLAY1] S[Radeon RX 580 Series] M[Generic PnP Monitor] F[desktop primary ]
05.06.2019 11:29:57.418 [00001f84] --- Device N[\\.\DISPLAY2] S[Radeon RX 580 Series] M[] F[]
05.06.2019 11:29:57.418 [00001f84] --- Device N[\\.\DISPLAY3] S[Radeon RX 580 Series] M[] F[]
05.06.2019 11:29:57.418 [00001f84] --- Device N[\\.\DISPLAY4] S[Radeon RX 580 Series] M[] F[]
05.06.2019 11:29:57.418 [00001f84] --- Device N[\\.\DISPLAY5] S[Radeon RX 580 Series] M[] F[]
05.06.2019 11:29:57.434 [00001f84] --- Device N[\\.\DISPLAY6] S[Radeon RX 580 Series] M[] F[]
05.06.2019 11:29:57.434 [00001f84] --- Device N[\\.\DISPLAY7] S[Radeon RX 580 Series] M[] F[]
05.06.2019 11:29:57.434 [00001f84] --- Device N[\\.\DISPLAY8] S[Radeon RX 580 Series] M[] F[]
05.06.2019 11:29:57.434 [00001f84] --- SM_CMONITORS         = 1
05.06.2019 11:29:57.434 [00001f84] --- SM_SAMEDISPLAYFORMAT = 1
05.06.2019 11:29:57.434 [00001f84] --- SM_XVIRTUALSCREEN    = 0
05.06.2019 11:29:57.434 [00001f84] --- SM_YVIRTUALSCREEN    = 0
05.06.2019 11:29:57.434 [00001f84] --- SM_CXVIRTUALSCREEN   = 1920
05.06.2019 11:29:57.434 [00001f84] --- SM_CYVIRTUALSCREEN   = 1200
05.06.2019 11:29:57.434 [00001f84] --- SM_CXCURSOR          = 32
05.06.2019 11:29:57.434 [00001f84] --- [\\.\DISPLAY1] [Radeon RX 580 Series] [MONITOR\SECA70B\{4d36e96e-e325-11ce-bfc1-08002be10318}\0016] [Generic PnP Monitor]
05.06.2019 11:29:57.434 [00001f84] --- Enumerated 1 displays
05.06.2019 11:29:57.434 [00001f84] --- Displays initialized
05.06.2019 11:29:57.434 [00001f84] --- Displays[0] M[00010001] HDC[4d010b1f] GDC[13010c2c] L=0 T=0 R=1920 B=1200 RECT[0,0 1920x1200] N[\\.\DISPLAY1] M[Generic PnP Monitor] F[1] PROJ[0x0] MAPS[0]
05.06.2019 11:29:57.434 [00001f84] ---    Grouping G[0] N[0] GD[]
05.06.2019 11:29:57.434 [00001f84] --- ---
05.06.2019 11:29:57.434 [00001f84] --- hookD3D9
05.06.2019 11:29:57.434 [00001f84] --- DirectX9 dll=90a20000
05.06.2019 11:29:57.481 [00001f84] --- DirectX9 API detected
05.06.2019 11:29:57.481 [00001f84] --- DirectX9Ex API detected
05.06.2019 11:29:57.481 [00001f84] --- i1: InterfaceProc1
05.06.2019 11:29:57.481 [00001f84] --- DXGI dll=bde70000
05.06.2019 11:29:57.497 [00001f84] --- DirectX DXGI API CreateDXGIFactory detected 1
05.06.2019 11:29:57.528 [00001f84] --- DirectX DXGI API CreateDXGIFactory1 detected 1
05.06.2019 11:29:57.543 [00001f84] --- DirectX DXGI API CreateDXGIFactory2 detected 1
05.06.2019 11:29:57.543 [00001f84] --- DirectX DXGI API detected
05.06.2019 11:29:57.543 [00001f84] --- DirectX D3D12 API detected hd3d12=b7540000
05.06.2019 11:29:57.559 [00001f84] --- DirectX D3D12 API detected 1
05.06.2019 11:29:57.559 [00001f84] --- hookOpenGL
05.06.2019 11:29:57.715 [00001f84] --- OpenGL API detected
05.06.2019 11:30:03.615 [00001f84] --- PROCESS DETACH
