04.06.2019 15:44:51.004 [000021d0] --- App --- Immersive Display PRO v3.0.5 (01.01.2019)
04.06.2019 15:44:51.004 [000021d0] --- OS 6:2 Microsoft Windows 8 Professional (build 9200), 64-bit 7(0) 8(1) 8.1(0) 10(0)
04.06.2019 15:44:51.004 [000021d0] --- Process64 C:\Program Files (x86)\Google\Chrome\Application\chrome.exe
04.06.2019 15:44:51.004 [000021d0] --- CmdLine ["C:\Program Files (x86)\Google\Chrome\Application\chrome.exe" --type=utility --field-trial-handle=1824,5269505011258465273,15384144350451765420,131072 --lang=zh-TW --service-sandbox-type=network --service-request-channel-token=16034322008970971322 --mojo-pla?]
04.06.2019 15:44:51.005 [000021d0] --- Enumerating displays ...
04.06.2019 15:44:51.005 [000021d0] --- Device N[\\.\DISPLAY1] S[Radeon RX 580 Series] M[Generic PnP Monitor] F[desktop primary ]
04.06.2019 15:44:51.006 [000021d0] --- Device N[\\.\DISPLAY2] S[Radeon RX 580 Series] M[] F[]
04.06.2019 15:44:51.007 [000021d0] --- Device N[\\.\DISPLAY3] S[Radeon RX 580 Series] M[] F[]
04.06.2019 15:44:51.007 [000021d0] --- Device N[\\.\DISPLAY4] S[Radeon RX 580 Series] M[] F[]
04.06.2019 15:44:51.008 [000021d0] --- Device N[\\.\DISPLAY5] S[Radeon RX 580 Series] M[] F[]
04.06.2019 15:44:51.009 [000021d0] --- Device N[\\.\DISPLAY6] S[Radeon RX 580 Series] M[] F[]
04.06.2019 15:44:51.009 [000021d0] --- Device N[\\.\DISPLAY7] S[Radeon RX 580 Series] M[] F[]
04.06.2019 15:44:51.010 [000021d0] --- Device N[\\.\DISPLAY8] S[Radeon RX 580 Series] M[] F[]
04.06.2019 15:44:51.010 [000021d0] --- SM_CMONITORS         = 1
04.06.2019 15:44:51.010 [000021d0] --- SM_SAMEDISPLAYFORMAT = 1
04.06.2019 15:44:51.010 [000021d0] --- SM_XVIRTUALSCREEN    = 0
04.06.2019 15:44:51.010 [000021d0] --- SM_YVIRTUALSCREEN    = 0
04.06.2019 15:44:51.010 [000021d0] --- SM_CXVIRTUALSCREEN   = 3840
04.06.2019 15:44:51.010 [000021d0] --- SM_CYVIRTUALSCREEN   = 1200
04.06.2019 15:44:51.010 [000021d0] --- SM_CXCURSOR          = 32
04.06.2019 15:44:51.014 [000021d0] --- [\\.\DISPLAY1] [Radeon RX 580 Series] [MONITOR\ADVEF2D\{4d36e96e-e325-11ce-bfc1-08002be10318}\0013] [Generic PnP Monitor]
04.06.2019 15:44:51.015 [000021d0] --- Enumerated 1 displays
04.06.2019 15:44:51.015 [000021d0] --- Displays initialized
04.06.2019 15:44:51.015 [000021d0] --- Displays[0] M[00010001] HDC[8001119a] GDC[050110cd] L=0 T=0 R=3840 B=1200 RECT[0,0 3840x1200] N[\\.\DISPLAY1] M[Generic PnP Monitor] F[1] PROJ[2x1] MAPS[2]
04.06.2019 15:44:51.015 [000021d0] ---    Grouping G[0] N[0] GD[]
04.06.2019 15:44:51.015 [000021d0] --- ---
04.06.2019 15:44:51.015 [000021d0] --- i1:Executable chrome.exe is excluded DX9
04.06.2019 15:44:51.015 [000021d0] --- DXGI dll=a1720000
04.06.2019 15:44:51.053 [000021d0] --- DirectX DXGI API CreateDXGIFactory detected 1
04.06.2019 15:44:51.094 [000021d0] --- DirectX DXGI API CreateDXGIFactory1 detected 1
04.06.2019 15:44:51.136 [000021d0] --- DirectX DXGI API CreateDXGIFactory2 detected 1
04.06.2019 15:44:51.136 [000021d0] --- DirectX DXGI API detected
04.06.2019 15:44:51.137 [000021d0] --- DirectX D3D12 API detected hd3d12=9a880000
04.06.2019 15:44:51.176 [000021d0] --- DirectX D3D12 API detected 1
04.06.2019 15:44:51.176 [000021d0] --- i2: InterfaceProc1
04.06.2019 15:44:51.176 [000021d0] --- interfaceFunc1 [\\.\DISPLAY1] totalMaps=2
04.06.2019 15:44:51.176 [000021d0] --- i3:Executable chrome.exe is excluded OGL
04.06.2019 15:46:55.035 [000021d0] --- PROCESS DETACH
