05.06.2019 11:12:20.451 [000020f0] ??? OSM handle == NULL error=2
05.06.2019 11:12:20.451 [000020f0] ^^^ SC trying session1
--- [2]
05.06.2019 11:12:20.451 [000020f0] --- App --- Immersive Display PRO v3.0.5 (01.01.2019)
05.06.2019 11:12:20.451 [000020f0] --- OS 6:2 Microsoft Windows 8 Professional (build 9200), 64-bit 7(0) 8(1) 8.1(0) 10(0)
05.06.2019 11:12:20.451 [000020f0] --- Process32 C:\Program Files (x86)\Google\Update\GoogleUpdate.exe
05.06.2019 11:12:20.451 [000020f0] --- CmdLine ["C:\Program Files (x86)\Google\Update\GoogleUpdate.exe" /svc]
05.06.2019 11:12:20.451 [000020f0] --- Enumerating displays ...
05.06.2019 11:12:20.451 [000020f0] --- SM_CMONITORS         = 1
05.06.2019 11:12:20.451 [000020f0] --- SM_SAMEDISPLAYFORMAT = 1
05.06.2019 11:12:20.451 [000020f0] --- SM_XVIRTUALSCREEN    = 0
05.06.2019 11:12:20.451 [000020f0] --- SM_YVIRTUALSCREEN    = 0
05.06.2019 11:12:20.451 [000020f0] --- SM_CXVIRTUALSCREEN   = 1024
05.06.2019 11:12:20.451 [000020f0] --- SM_CYVIRTUALSCREEN   = 768
05.06.2019 11:12:20.451 [000020f0] --- SM_CXCURSOR          = 32
05.06.2019 11:12:20.451 [000020f0] ??? No displays enumerated. Retry later
05.06.2019 11:12:20.451 [000020f0] --- hookD3D9
05.06.2019 11:12:20.452 [000020f0] --- DirectX9 dll=71870000
05.06.2019 11:12:20.489 [000020f0] --- DirectX9 API detected
05.06.2019 11:12:20.489 [000020f0] --- DirectX9Ex API detected
05.06.2019 11:12:20.489 [000020f0] --- i1: InterfaceProc1
05.06.2019 11:12:20.489 [000020f0] --- DXGI dll=72830000
05.06.2019 11:12:20.507 [000020f0] --- DirectX DXGI API CreateDXGIFactory detected 1
05.06.2019 11:12:20.525 [000020f0] --- DirectX DXGI API CreateDXGIFactory1 detected 1
05.06.2019 11:12:20.542 [000020f0] --- DirectX DXGI API CreateDXGIFactory2 detected 1
05.06.2019 11:12:20.542 [000020f0] --- DirectX DXGI API detected
05.06.2019 11:12:20.543 [000020f0] --- DirectX D3D12 API detected hd3d12=72610000
05.06.2019 11:12:20.561 [000020f0] --- DirectX D3D12 API detected 1
05.06.2019 11:12:20.561 [000020f0] --- hookOpenGL
05.06.2019 11:12:20.702 [000020f0] --- OpenGL API detected
05.06.2019 11:12:20.793 [000020f0] --- PROCESS DETACH
