04.06.2019 15:41:04.144 [00001de8] ??? OSM handle == NULL error=2
04.06.2019 15:41:04.144 [00001de8] ^^^ SC trying session1
--- [2]
04.06.2019 15:41:04.144 [00001de8] --- App --- Immersive Display PRO v3.0.5 (01.01.2019)
04.06.2019 15:41:04.144 [00001de8] --- OS 6:2 Microsoft Windows 8 Professional (build 9200), 64-bit 7(0) 8(1) 8.1(0) 10(0)
04.06.2019 15:41:04.144 [00001de8] --- Process64 C:\Program Files\AMD\Performance Profile Client\AUEPMaster.exe
04.06.2019 15:41:04.144 [00001de8] --- CmdLine [AUEPMaster.exe]
04.06.2019 15:41:04.144 [00001de8] --- Enumerating displays ...
04.06.2019 15:41:04.144 [00001de8] --- SM_CMONITORS         = 1
04.06.2019 15:41:04.144 [00001de8] --- SM_SAMEDISPLAYFORMAT = 1
04.06.2019 15:41:04.144 [00001de8] --- SM_XVIRTUALSCREEN    = 0
04.06.2019 15:41:04.144 [00001de8] --- SM_YVIRTUALSCREEN    = 0
04.06.2019 15:41:04.144 [00001de8] --- SM_CXVIRTUALSCREEN   = 1024
04.06.2019 15:41:04.144 [00001de8] --- SM_CYVIRTUALSCREEN   = 768
04.06.2019 15:41:04.144 [00001de8] --- SM_CXCURSOR          = 32
04.06.2019 15:41:04.144 [00001de8] ??? No displays enumerated. Retry later
04.06.2019 15:41:04.144 [00001de8] --- hookD3D9
04.06.2019 15:41:04.145 [00001de8] --- DirectX9 dll=72ce0000
04.06.2019 15:41:04.176 [00001de8] --- DirectX9 API detected
04.06.2019 15:41:04.176 [00001de8] --- DirectX9Ex API detected
04.06.2019 15:41:04.176 [00001de8] --- i1: InterfaceProc1
04.06.2019 15:41:04.177 [00001de8] --- DXGI dll=a1720000
04.06.2019 15:41:04.192 [00001de8] --- DirectX DXGI API CreateDXGIFactory detected 1
04.06.2019 15:41:04.208 [00001de8] --- DirectX DXGI API CreateDXGIFactory1 detected 1
04.06.2019 15:41:04.224 [00001de8] --- DirectX DXGI API CreateDXGIFactory2 detected 1
04.06.2019 15:41:04.224 [00001de8] --- DirectX DXGI API detected
04.06.2019 15:41:04.224 [00001de8] --- DirectX D3D12 API detected hd3d12=9a880000
04.06.2019 15:41:04.240 [00001de8] --- DirectX D3D12 API detected 1
04.06.2019 15:41:04.240 [00001de8] --- hookOpenGL
04.06.2019 15:41:04.351 [00001de8] --- OpenGL API detected
