04.06.2019 13:52:27.349 [00000658] --- App --- Immersive Display PRO v3.0.5 (01.01.2019)
04.06.2019 13:52:27.349 [00000658] --- OS 6:2 Microsoft Windows 8 Professional (build 9200), 64-bit 7(0) 8(1) 8.1(0) 10(0)
04.06.2019 13:52:27.349 [00000658] --- Process64 C:\boch-wall\UnityCrashHandler64.exe
04.06.2019 13:52:27.349 [00000658] --- CmdLine ["C:\boch-wall\UnityCrashHandler64.exe" --attach 2312 2243352268800]
04.06.2019 13:52:27.349 [00000658] --- Enumerating displays ...
04.06.2019 13:52:27.350 [00000658] --- Device N[\\.\DISPLAY1] S[Radeon RX 580 Series] M[Generic PnP Monitor] F[desktop primary ]
04.06.2019 13:52:27.351 [00000658] --- Device N[\\.\DISPLAY2] S[Radeon RX 580 Series] M[] F[]
04.06.2019 13:52:27.352 [00000658] --- Device N[\\.\DISPLAY3] S[Radeon RX 580 Series] M[] F[]
04.06.2019 13:52:27.353 [00000658] --- Device N[\\.\DISPLAY4] S[Radeon RX 580 Series] M[] F[]
04.06.2019 13:52:27.354 [00000658] --- Device N[\\.\DISPLAY5] S[Radeon RX 580 Series] M[] F[]
04.06.2019 13:52:27.355 [00000658] --- Device N[\\.\DISPLAY6] S[Radeon RX 580 Series] M[] F[]
04.06.2019 13:52:27.356 [00000658] --- Device N[\\.\DISPLAY7] S[Radeon RX 580 Series] M[] F[]
04.06.2019 13:52:27.357 [00000658] --- Device N[\\.\DISPLAY8] S[Radeon RX 580 Series] M[] F[]
04.06.2019 13:52:27.358 [00000658] --- SM_CMONITORS         = 1
04.06.2019 13:52:27.358 [00000658] --- SM_SAMEDISPLAYFORMAT = 1
04.06.2019 13:52:27.358 [00000658] --- SM_XVIRTUALSCREEN    = 0
04.06.2019 13:52:27.358 [00000658] --- SM_YVIRTUALSCREEN    = 0
04.06.2019 13:52:27.358 [00000658] --- SM_CXVIRTUALSCREEN   = 3840
04.06.2019 13:52:27.358 [00000658] --- SM_CYVIRTUALSCREEN   = 1200
04.06.2019 13:52:27.358 [00000658] --- SM_CXCURSOR          = 32
04.06.2019 13:52:27.361 [00000658] --- [\\.\DISPLAY1] [Radeon RX 580 Series] [MONITOR\ADVEF2D\{4d36e96e-e325-11ce-bfc1-08002be10318}\0013] [Generic PnP Monitor]
04.06.2019 13:52:27.363 [00000658] --- Enumerated 1 displays
04.06.2019 13:52:27.363 [00000658] --- Displays initialized
04.06.2019 13:52:27.363 [00000658] --- Displays[0] M[00010001] HDC[a1010d11] GDC[49010dae] L=0 T=0 R=3840 B=1200 RECT[0,0 3840x1200] N[\\.\DISPLAY1] M[Generic PnP Monitor] F[1] PROJ[2x1] MAPS[2]
04.06.2019 13:52:27.363 [00000658] ---    Grouping G[0] N[0] GD[]
04.06.2019 13:52:27.363 [00000658] --- ---
04.06.2019 13:52:27.363 [00000658] --- hookD3D9
04.06.2019 13:52:27.364 [00000658] --- DirectX9 dll=56cb0000
04.06.2019 13:52:27.412 [00000658] --- DirectX9 API detected
04.06.2019 13:52:27.412 [00000658] --- DirectX9Ex API detected
04.06.2019 13:52:27.412 [00000658] --- i1: InterfaceProc1
04.06.2019 13:52:27.412 [00000658] --- interfaceFunc1 [\\.\DISPLAY1] totalMaps=2
04.06.2019 13:52:27.413 [00000658] --- DXGI dll=7ce30000
04.06.2019 13:52:27.437 [00000658] --- DirectX DXGI API CreateDXGIFactory detected 1
04.06.2019 13:52:27.461 [00000658] --- DirectX DXGI API CreateDXGIFactory1 detected 1
04.06.2019 13:52:27.484 [00000658] --- DirectX DXGI API CreateDXGIFactory2 detected 1
04.06.2019 13:52:27.484 [00000658] --- DirectX DXGI API detected
04.06.2019 13:52:27.485 [00000658] --- DirectX D3D12 API detected hd3d12=75c40000
04.06.2019 13:52:27.508 [00000658] --- DirectX D3D12 API detected 1
04.06.2019 13:52:27.508 [00000658] --- hookOpenGL
04.06.2019 13:52:27.670 [00000658] --- OpenGL API detected
04.06.2019 13:52:27.927 [00000658] --- PROCESS DETACH
