04.06.2019 20:08:22.533 [0000202c] --- App --- Immersive Display PRO v3.0.5 (01.01.2019)
04.06.2019 20:08:22.534 [0000202c] --- OS 6:2 Microsoft Windows 8 Professional (build 9200), 64-bit 7(0) 8(1) 8.1(0) 10(0)
04.06.2019 20:08:22.534 [0000202c] --- Process64 C:\Program Files (x86)\Google\Chrome\Application\chrome.exe
04.06.2019 20:08:22.534 [0000202c] --- CmdLine ["C:\Program Files (x86)\Google\Chrome\Application\chrome.exe" --type=utility --field-trial-handle=1888,17292593721427187183,8290306166100049472,131072 --lang=zh-TW --service-sandbox-type=network --service-request-channel-token=5251600267706792247 --mojo-plat?]
04.06.2019 20:08:22.534 [0000202c] --- Enumerating displays ...
04.06.2019 20:08:22.535 [0000202c] --- Device N[\\.\DISPLAY1] S[Radeon RX 580 Series] M[Generic PnP Monitor] F[desktop primary ]
04.06.2019 20:08:22.536 [0000202c] --- Device N[\\.\DISPLAY2] S[Radeon RX 580 Series] M[] F[]
04.06.2019 20:08:22.537 [0000202c] --- Device N[\\.\DISPLAY3] S[Radeon RX 580 Series] M[] F[]
04.06.2019 20:08:22.537 [0000202c] --- Device N[\\.\DISPLAY4] S[Radeon RX 580 Series] M[] F[]
04.06.2019 20:08:22.538 [0000202c] --- Device N[\\.\DISPLAY5] S[Radeon RX 580 Series] M[] F[]
04.06.2019 20:08:22.539 [0000202c] --- Device N[\\.\DISPLAY6] S[Radeon RX 580 Series] M[] F[]
04.06.2019 20:08:22.540 [0000202c] --- Device N[\\.\DISPLAY7] S[Radeon RX 580 Series] M[] F[]
04.06.2019 20:08:22.540 [0000202c] --- Device N[\\.\DISPLAY8] S[Radeon RX 580 Series] M[] F[]
04.06.2019 20:08:22.541 [0000202c] --- SM_CMONITORS         = 1
04.06.2019 20:08:22.541 [0000202c] --- SM_SAMEDISPLAYFORMAT = 1
04.06.2019 20:08:22.541 [0000202c] --- SM_XVIRTUALSCREEN    = 0
04.06.2019 20:08:22.541 [0000202c] --- SM_YVIRTUALSCREEN    = 0
04.06.2019 20:08:22.541 [0000202c] --- SM_CXVIRTUALSCREEN   = 3840
04.06.2019 20:08:22.541 [0000202c] --- SM_CYVIRTUALSCREEN   = 1200
04.06.2019 20:08:22.541 [0000202c] --- SM_CXCURSOR          = 32
04.06.2019 20:08:22.545 [0000202c] --- [\\.\DISPLAY1] [Radeon RX 580 Series] [MONITOR\ADVEF2D\{4d36e96e-e325-11ce-bfc1-08002be10318}\0013] [Generic PnP Monitor]
04.06.2019 20:08:22.545 [0000202c] --- Enumerated 1 displays
04.06.2019 20:08:22.545 [0000202c] --- Displays initialized
04.06.2019 20:08:22.545 [0000202c] --- Displays[0] M[00010001] HDC[060110a0] GDC[e20112ae] L=0 T=0 R=3840 B=1200 RECT[0,0 3840x1200] N[\\.\DISPLAY1] M[Generic PnP Monitor] F[1] PROJ[2x1] MAPS[2]
04.06.2019 20:08:22.545 [0000202c] ---    Grouping G[0] N[0] GD[]
04.06.2019 20:08:22.545 [0000202c] --- ---
04.06.2019 20:08:22.546 [0000202c] --- i1:Executable chrome.exe is excluded DX9
04.06.2019 20:08:22.548 [0000202c] --- DXGI dll=a1720000
04.06.2019 20:08:22.585 [0000202c] --- DirectX DXGI API CreateDXGIFactory detected 1
04.06.2019 20:08:22.622 [0000202c] --- DirectX DXGI API CreateDXGIFactory1 detected 1
04.06.2019 20:08:22.660 [0000202c] --- DirectX DXGI API CreateDXGIFactory2 detected 1
04.06.2019 20:08:22.660 [0000202c] --- DirectX DXGI API detected
04.06.2019 20:08:22.661 [0000202c] --- DirectX D3D12 API detected hd3d12=9a880000
04.06.2019 20:08:22.693 [0000202c] --- DirectX D3D12 API detected 1
04.06.2019 20:08:22.693 [0000202c] --- i2: InterfaceProc1
04.06.2019 20:08:22.693 [0000202c] --- interfaceFunc1 [\\.\DISPLAY1] totalMaps=2
04.06.2019 20:08:22.693 [0000202c] --- i3:Executable chrome.exe is excluded OGL
04.06.2019 20:09:19.067 [0000202c] --- PROCESS DETACH
