04.06.2019 15:41:36.896 [00002678] --- App --- Immersive Display PRO v3.0.5 (01.01.2019)
04.06.2019 15:41:36.896 [00002678] --- OS 6:2 Microsoft Windows 8 Professional (build 9200), 64-bit 7(0) 8(1) 8.1(0) 10(0)
04.06.2019 15:41:36.896 [00002678] --- Process64 C:\Program Files (x86)\Google\Chrome\Application\chrome.exe
04.06.2019 15:41:36.896 [00002678] --- CmdLine ["C:\Program Files (x86)\Google\Chrome\Application\chrome.exe" --type=gpu-process --field-trial-handle=1948,10012729424131825436,14953462045281303511,131072 --disable-gpu-sandbox --use-gl=disabled --gpu-preferences=KAAAAAAAAADgAAAgAQAAAAAAAAAAAGAAAAAAABAAAAAI?]
04.06.2019 15:41:36.896 [00002678] --- Enumerating displays ...
04.06.2019 15:41:36.897 [00002678] --- Device N[\\.\DISPLAY1] S[Radeon RX 580 Series] M[Generic PnP Monitor] F[desktop primary ]
04.06.2019 15:41:36.897 [00002678] --- Device N[\\.\DISPLAY2] S[Radeon RX 580 Series] M[] F[]
04.06.2019 15:41:36.898 [00002678] --- Device N[\\.\DISPLAY3] S[Radeon RX 580 Series] M[] F[]
04.06.2019 15:41:36.898 [00002678] --- Device N[\\.\DISPLAY4] S[Radeon RX 580 Series] M[] F[]
04.06.2019 15:41:36.899 [00002678] --- Device N[\\.\DISPLAY5] S[Radeon RX 580 Series] M[] F[]
04.06.2019 15:41:36.899 [00002678] --- Device N[\\.\DISPLAY6] S[Radeon RX 580 Series] M[] F[]
04.06.2019 15:41:36.900 [00002678] --- Device N[\\.\DISPLAY7] S[Radeon RX 580 Series] M[] F[]
04.06.2019 15:41:36.900 [00002678] --- Device N[\\.\DISPLAY8] S[Radeon RX 580 Series] M[] F[]
04.06.2019 15:41:36.900 [00002678] --- SM_CMONITORS         = 1
04.06.2019 15:41:36.900 [00002678] --- SM_SAMEDISPLAYFORMAT = 1
04.06.2019 15:41:36.900 [00002678] --- SM_XVIRTUALSCREEN    = 0
04.06.2019 15:41:36.900 [00002678] --- SM_YVIRTUALSCREEN    = 0
04.06.2019 15:41:36.900 [00002678] --- SM_CXVIRTUALSCREEN   = 3840
04.06.2019 15:41:36.900 [00002678] --- SM_CYVIRTUALSCREEN   = 1200
04.06.2019 15:41:36.900 [00002678] --- SM_CXCURSOR          = 32
04.06.2019 15:41:36.904 [00002678] --- [\\.\DISPLAY1] [Radeon RX 580 Series] [MONITOR\ADVEF2D\{4d36e96e-e325-11ce-bfc1-08002be10318}\0013] [Generic PnP Monitor]
04.06.2019 15:41:36.904 [00002678] --- Enumerated 1 displays
04.06.2019 15:41:36.904 [00002678] --- Displays initialized
04.06.2019 15:41:36.904 [00002678] --- Displays[0] M[00010001] HDC[18010d10] GDC[c7010eb5] L=0 T=0 R=3840 B=1200 RECT[0,0 3840x1200] N[\\.\DISPLAY1] M[Generic PnP Monitor] F[1] PROJ[2x1] MAPS[2]
04.06.2019 15:41:36.904 [00002678] ---    Grouping G[0] N[0] GD[]
04.06.2019 15:41:36.904 [00002678] --- ---
04.06.2019 15:41:36.905 [00002678] --- i1:Executable chrome.exe is excluded DX9
04.06.2019 15:41:36.905 [00002678] --- DXGI dll=a1720000
04.06.2019 15:41:36.934 [00002678] --- DirectX DXGI API CreateDXGIFactory detected 1
04.06.2019 15:41:36.964 [00002678] --- DirectX DXGI API CreateDXGIFactory1 detected 1
04.06.2019 15:41:36.993 [00002678] --- DirectX DXGI API CreateDXGIFactory2 detected 1
04.06.2019 15:41:36.994 [00002678] --- DirectX DXGI API detected
04.06.2019 15:41:36.994 [00002678] --- DirectX D3D12 API detected hd3d12=9a880000
04.06.2019 15:41:37.024 [00002678] --- DirectX D3D12 API detected 1
04.06.2019 15:41:37.024 [00002678] --- i2: InterfaceProc1
04.06.2019 15:41:37.024 [00002678] --- interfaceFunc1 [\\.\DISPLAY1] totalMaps=2
04.06.2019 15:41:37.024 [00002678] --- i3:Executable chrome.exe is excluded OGL
04.06.2019 15:41:37.134 [00002678] --- MyD3D12CreateDevice isID3D12Device(1) isID3D12Device1(0)
04.06.2019 15:41:37.134 [00002678] --- CDXGIF Executable chrome.exe exclusion DX10(1), DX11(1), DX12(1)
04.06.2019 15:41:37.134 [00002678] --- CDXGIF Executable chrome.exe is excluded DX10, DX11 or DX12
04.06.2019 15:41:37.170 [00002678] --- MyD3D12CreateDevice isID3D12Device(1) isID3D12Device1(0)
04.06.2019 15:41:37.170 [00002678] --- CDXGIF Executable chrome.exe exclusion DX10(1), DX11(1), DX12(1)
04.06.2019 15:41:37.170 [00002678] --- CDXGIF Executable chrome.exe is excluded DX10, DX11 or DX12
04.06.2019 15:41:37.266 [00002678] --- PROCESS DETACH
