04.06.2019 21:35:24.924 [00000b58] ??? OSM handle == NULL error=2
04.06.2019 21:35:24.924 [00000b58] ^^^ SC trying session1
--- [2]
04.06.2019 21:35:24.924 [00000b58] --- App --- Immersive Display PRO v3.0.5 (01.01.2019)
04.06.2019 21:35:24.924 [00000b58] --- OS 6:2 Microsoft Windows 8 Professional (build 9200), 64-bit 7(0) 8(1) 8.1(0) 10(0)
04.06.2019 21:35:24.924 [00000b58] --- Process64 C:\Program Files\AMD\Performance Profile Client\AUEPLauncher.exe
04.06.2019 21:35:24.924 [00000b58] --- CmdLine ["C:\Program Files\AMD\Performance Profile Client\AUEPLauncher.exe"]
04.06.2019 21:35:24.924 [00000b58] --- Enumerating displays ...
04.06.2019 21:35:24.924 [00000b58] --- SM_CMONITORS         = 1
04.06.2019 21:35:24.924 [00000b58] --- SM_SAMEDISPLAYFORMAT = 1
04.06.2019 21:35:24.924 [00000b58] --- SM_XVIRTUALSCREEN    = 0
04.06.2019 21:35:24.924 [00000b58] --- SM_YVIRTUALSCREEN    = 0
04.06.2019 21:35:24.924 [00000b58] --- SM_CXVIRTUALSCREEN   = 1024
04.06.2019 21:35:24.924 [00000b58] --- SM_CYVIRTUALSCREEN   = 768
04.06.2019 21:35:24.924 [00000b58] --- SM_CXCURSOR          = 32
04.06.2019 21:35:24.924 [00000b58] ??? No displays enumerated. Retry later
04.06.2019 21:35:24.924 [00000b58] --- hookD3D9
04.06.2019 21:35:24.924 [00000b58] --- DirectX9 dll=eb9d0000
04.06.2019 21:35:24.971 [00000b58] --- DirectX9 API detected
04.06.2019 21:35:24.971 [00000b58] --- DirectX9Ex API detected
04.06.2019 21:35:24.971 [00000b58] --- i1: InterfaceProc1
04.06.2019 21:35:24.971 [00000b58] --- DXGI dll=15960000
04.06.2019 21:35:24.986 [00000b58] --- DirectX DXGI API CreateDXGIFactory detected 1
04.06.2019 21:35:25.002 [00000b58] --- DirectX DXGI API CreateDXGIFactory1 detected 1
04.06.2019 21:35:25.018 [00000b58] --- DirectX DXGI API CreateDXGIFactory2 detected 1
04.06.2019 21:35:25.018 [00000b58] --- DirectX DXGI API detected
04.06.2019 21:35:25.018 [00000b58] --- DirectX D3D12 API detected hd3d12=0f0c0000
04.06.2019 21:35:25.033 [00000b58] --- DirectX D3D12 API detected 1
04.06.2019 21:35:25.033 [00000b58] --- hookOpenGL
04.06.2019 21:35:25.158 [00000b58] --- OpenGL API detected
04.06.2019 21:36:07.244 [00001d24] --- PROCESS DETACH
