04.06.2019 21:47:30.546 [00001efc] --- App --- Immersive Display PRO v3.0.5 (01.01.2019)
04.06.2019 21:47:30.546 [00001efc] --- OS 6:2 Microsoft Windows 8 Professional (build 9200), 64-bit 7(0) 8(1) 8.1(0) 10(0)
04.06.2019 21:47:30.546 [00001efc] --- Process64 C:\Users\own\scoop\apps\git\2.21.0.windows.1\mingw64\libexec\git-core\git.exe
04.06.2019 21:47:30.546 [00001efc] --- CmdLine [git remote-https origin https://github.com/amoujhang/boch-wall.git]
04.06.2019 21:47:30.546 [00001efc] --- Enumerating displays ...
04.06.2019 21:47:30.546 [00001efc] --- Device N[\\.\DISPLAY1] S[Radeon RX 580 Series] M[Generic PnP Monitor] F[desktop primary ]
04.06.2019 21:47:30.546 [00001efc] --- Device N[\\.\DISPLAY2] S[Radeon RX 580 Series] M[] F[]
04.06.2019 21:47:30.546 [00001efc] --- Device N[\\.\DISPLAY3] S[Radeon RX 580 Series] M[] F[]
04.06.2019 21:47:30.546 [00001efc] --- Device N[\\.\DISPLAY4] S[Radeon RX 580 Series] M[] F[]
04.06.2019 21:47:30.546 [00001efc] --- Device N[\\.\DISPLAY5] S[Radeon RX 580 Series] M[] F[]
04.06.2019 21:47:30.546 [00001efc] --- Device N[\\.\DISPLAY6] S[Radeon RX 580 Series] M[] F[]
04.06.2019 21:47:30.561 [00001efc] --- Device N[\\.\DISPLAY7] S[Radeon RX 580 Series] M[] F[]
04.06.2019 21:47:30.561 [00001efc] --- Device N[\\.\DISPLAY8] S[Radeon RX 580 Series] M[] F[]
04.06.2019 21:47:30.561 [00001efc] --- SM_CMONITORS         = 1
04.06.2019 21:47:30.561 [00001efc] --- SM_SAMEDISPLAYFORMAT = 1
04.06.2019 21:47:30.561 [00001efc] --- SM_XVIRTUALSCREEN    = 0
04.06.2019 21:47:30.561 [00001efc] --- SM_YVIRTUALSCREEN    = 0
04.06.2019 21:47:30.561 [00001efc] --- SM_CXVIRTUALSCREEN   = 1920
04.06.2019 21:47:30.561 [00001efc] --- SM_CYVIRTUALSCREEN   = 1200
04.06.2019 21:47:30.561 [00001efc] --- SM_CXCURSOR          = 32
04.06.2019 21:47:30.561 [00001efc] --- [\\.\DISPLAY1] [Radeon RX 580 Series] [MONITOR\SECA70B\{4d36e96e-e325-11ce-bfc1-08002be10318}\0016] [Generic PnP Monitor]
04.06.2019 21:47:30.561 [00001efc] --- Enumerated 1 displays
04.06.2019 21:47:30.561 [00001efc] --- Displays initialized
04.06.2019 21:47:30.561 [00001efc] --- Displays[0] M[00010001] HDC[16010be1] GDC[19010cb3] L=0 T=0 R=1920 B=1200 RECT[0,0 1920x1200] N[\\.\DISPLAY1] M[Generic PnP Monitor] F[1] PROJ[0x0] MAPS[0]
04.06.2019 21:47:30.561 [00001efc] ---    Grouping G[0] N[0] GD[]
04.06.2019 21:47:30.561 [00001efc] --- ---
04.06.2019 21:47:30.561 [00001efc] --- hookD3D9
04.06.2019 21:47:30.561 [00001efc] --- DirectX9 dll=3bd30000
04.06.2019 21:47:30.608 [00001efc] --- DirectX9 API detected
04.06.2019 21:47:30.608 [00001efc] --- DirectX9Ex API detected
04.06.2019 21:47:30.608 [00001efc] --- i1: InterfaceProc1
04.06.2019 21:47:30.608 [00001efc] --- DXGI dll=6a890000
04.06.2019 21:47:30.624 [00001efc] --- DirectX DXGI API CreateDXGIFactory detected 1
04.06.2019 21:47:30.655 [00001efc] --- DirectX DXGI API CreateDXGIFactory1 detected 1
04.06.2019 21:47:30.671 [00001efc] --- DirectX DXGI API CreateDXGIFactory2 detected 1
04.06.2019 21:47:30.671 [00001efc] --- DirectX DXGI API detected
04.06.2019 21:47:30.671 [00001efc] --- DirectX D3D12 API detected hd3d12=63e60000
04.06.2019 21:47:30.686 [00001efc] --- DirectX D3D12 API detected 1
04.06.2019 21:47:30.686 [00001efc] --- hookOpenGL
04.06.2019 21:47:30.842 [00001efc] --- OpenGL API detected
04.06.2019 21:47:34.012 [00001efc] --- PROCESS DETACH
