05.06.2019 10:55:06.905 [00001b70] ??? OSM handle == NULL error=2
05.06.2019 10:55:06.905 [00001b70] ^^^ SC trying session1
05.06.2019 10:55:06.905 [00001b70] ??? OSM handle == NULL error=2
05.06.2019 10:55:06.905 [00001b70] ^^^ SC trying session2
05.06.2019 10:55:06.905 [00001b70] ??? OSM handle == NULL error=3
05.06.2019 10:55:06.905 [00001b70] --- DXGI dll=72320000
05.06.2019 10:55:06.921 [00001b70] --- DirectX DXGI API CreateDXGIFactory detected 1
05.06.2019 10:55:06.952 [00001b70] --- DirectX DXGI API CreateDXGIFactory1 detected 1
05.06.2019 10:55:06.967 [00001b70] --- DirectX DXGI API CreateDXGIFactory2 detected 1
05.06.2019 10:55:06.967 [00001b70] --- DirectX DXGI API detected
05.06.2019 10:55:06.967 [00001b70] --- DirectX D3D12 API detected hd3d12=721b0000
05.06.2019 10:55:06.999 [00001b70] --- DirectX D3D12 API detected 1
05.06.2019 10:55:06.999 [00001b70] ??? OSM handle == NULL error=2
05.06.2019 10:55:06.999 [00001b70] ^^^ SC trying session1
05.06.2019 10:55:06.999 [00001b70] ??? OSM handle == NULL error=2
05.06.2019 10:55:06.999 [00001b70] ^^^ SC trying session2
05.06.2019 10:55:06.999 [00001b70] ??? OSM handle == NULL error=3
05.06.2019 10:55:06.999 [00001b70] ??? OSM handle == NULL error=2
05.06.2019 10:55:06.999 [00001b70] ^^^ SC trying session1
05.06.2019 10:55:06.999 [00001b70] ??? OSM handle == NULL error=2
05.06.2019 10:55:06.999 [00001b70] ^^^ SC trying session2
05.06.2019 10:55:06.999 [00001b70] ??? OSM handle == NULL error=3
05.06.2019 10:55:07.874 [00001b70] ??? OSM handle == NULL error=2
05.06.2019 10:55:07.874 [00001b70] ^^^ SC trying session1
05.06.2019 10:55:07.874 [00001b70] ??? OSM handle == NULL error=2
05.06.2019 10:55:07.874 [00001b70] ^^^ SC trying session2
05.06.2019 10:55:07.874 [00001b70] ??? OSM handle == NULL error=3
05.06.2019 10:55:07.920 [00001bdc] ??? OSM handle == NULL error=2
05.06.2019 10:55:07.920 [00001bdc] ^^^ SC trying session1
05.06.2019 10:55:07.920 [00001bdc] ??? OSM handle == NULL error=2
05.06.2019 10:55:07.920 [00001bdc] ^^^ SC trying session2
05.06.2019 10:55:07.920 [00001bdc] ??? OSM handle == NULL error=3
05.06.2019 10:55:07.952 [00001bdc] ??? OSM handle == NULL error=2
05.06.2019 10:55:07.952 [00001bdc] ^^^ SC trying session1
05.06.2019 10:55:07.952 [00001bdc] ??? OSM handle == NULL error=2
05.06.2019 10:55:07.952 [00001bdc] ^^^ SC trying session2
05.06.2019 10:55:07.952 [00001bdc] ??? OSM handle == NULL error=3
--- [37]
05.06.2019 10:55:28.823 [00001bdc] --- App --- Immersive Display PRO v3.0.5 (01.01.2019)
05.06.2019 10:55:28.823 [00001bdc] --- OS 6:2 Microsoft Windows 8 Professional (build 9200), 64-bit 7(0) 8(1) 8.1(0) 10(0)
05.06.2019 10:55:28.823 [00001bdc] --- Process32 C:\Program Files (x86)\TeamViewer\TeamViewer.exe
05.06.2019 10:55:28.823 [00001bdc] --- CmdLine ["C:\Program Files (x86)\TeamViewer\TeamViewer.exe"]
05.06.2019 10:55:28.823 [00001bdc] --- Enumerating displays ...
05.06.2019 10:55:28.823 [00001bdc] --- Device N[\\.\DISPLAY1] S[Radeon RX 580 Series] M[Generic PnP Monitor] F[desktop primary ]
05.06.2019 10:55:28.823 [00001bdc] --- Device N[\\.\DISPLAY2] S[Radeon RX 580 Series] M[] F[]
05.06.2019 10:55:28.823 [00001bdc] --- Device N[\\.\DISPLAY3] S[Radeon RX 580 Series] M[] F[]
05.06.2019 10:55:28.823 [00001bdc] --- Device N[\\.\DISPLAY4] S[Radeon RX 580 Series] M[] F[]
05.06.2019 10:55:28.839 [00001bdc] --- Device N[\\.\DISPLAY5] S[Radeon RX 580 Series] M[] F[]
05.06.2019 10:55:28.839 [00001bdc] --- Device N[\\.\DISPLAY6] S[Radeon RX 580 Series] M[] F[]
05.06.2019 10:55:28.839 [00001bdc] --- Device N[\\.\DISPLAY7] S[Radeon RX 580 Series] M[] F[]
05.06.2019 10:55:28.839 [00001bdc] --- Device N[\\.\DISPLAY8] S[Radeon RX 580 Series] M[] F[]
05.06.2019 10:55:28.839 [00001bdc] --- SM_CMONITORS         = 1
05.06.2019 10:55:28.839 [00001bdc] --- SM_SAMEDISPLAYFORMAT = 1
05.06.2019 10:55:28.839 [00001bdc] --- SM_XVIRTUALSCREEN    = 0
05.06.2019 10:55:28.839 [00001bdc] --- SM_YVIRTUALSCREEN    = 0
05.06.2019 10:55:28.839 [00001bdc] --- SM_CXVIRTUALSCREEN   = 3840
05.06.2019 10:55:28.839 [00001bdc] --- SM_CYVIRTUALSCREEN   = 1200
05.06.2019 10:55:28.839 [00001bdc] --- SM_CXCURSOR          = 32
05.06.2019 10:55:28.839 [00001bdc] --- [\\.\DISPLAY1] [Radeon RX 580 Series] [MONITOR\ADVEF2D\{4d36e96e-e325-11ce-bfc1-08002be10318}\0017] [Generic PnP Monitor]
05.06.2019 10:55:28.839 [00001bdc] --- Enumerated 1 displays
05.06.2019 10:55:28.839 [00001bdc] --- Displays initialized
05.06.2019 10:55:28.839 [00001bdc] --- Displays[0] M[00010001] HDC[23010732] GDC[1001073a] L=0 T=0 R=3840 B=1200 RECT[0,0 3840x1200] N[\\.\DISPLAY1] M[Generic PnP Monitor] F[1] PROJ[0x0] MAPS[0]
05.06.2019 10:55:28.839 [00001bdc] ---    Grouping G[0] N[0] GD[]
05.06.2019 10:55:28.839 [00001bdc] --- ---
