05.06.2019 11:10:43.927 [000020ac] --- App --- Immersive Display PRO v3.0.5 (01.01.2019)
05.06.2019 11:10:43.927 [000020ac] --- OS 6:2 Microsoft Windows 8 Professional (build 9200), 64-bit 7(0) 8(1) 8.1(0) 10(0)
05.06.2019 11:10:43.927 [000020ac] --- Process64 C:\Users\own\scoop\apps\git\2.21.0.windows.1\mingw64\libexec\git-core\git.exe
05.06.2019 11:10:43.927 [000020ac] --- CmdLine [git gc --auto]
05.06.2019 11:10:43.927 [000020ac] --- Enumerating displays ...
05.06.2019 11:10:43.928 [000020ac] --- Device N[\\.\DISPLAY1] S[Radeon RX 580 Series] M[Generic PnP Monitor] F[desktop primary ]
05.06.2019 11:10:43.929 [000020ac] --- Device N[\\.\DISPLAY2] S[Radeon RX 580 Series] M[] F[]
05.06.2019 11:10:43.929 [000020ac] --- Device N[\\.\DISPLAY3] S[Radeon RX 580 Series] M[] F[]
05.06.2019 11:10:43.930 [000020ac] --- Device N[\\.\DISPLAY4] S[Radeon RX 580 Series] M[] F[]
05.06.2019 11:10:43.930 [000020ac] --- Device N[\\.\DISPLAY5] S[Radeon RX 580 Series] M[] F[]
05.06.2019 11:10:43.931 [000020ac] --- Device N[\\.\DISPLAY6] S[Radeon RX 580 Series] M[] F[]
05.06.2019 11:10:43.931 [000020ac] --- Device N[\\.\DISPLAY7] S[Radeon RX 580 Series] M[] F[]
05.06.2019 11:10:43.932 [000020ac] --- Device N[\\.\DISPLAY8] S[Radeon RX 580 Series] M[] F[]
05.06.2019 11:10:43.932 [000020ac] --- SM_CMONITORS         = 1
05.06.2019 11:10:43.932 [000020ac] --- SM_SAMEDISPLAYFORMAT = 1
05.06.2019 11:10:43.932 [000020ac] --- SM_XVIRTUALSCREEN    = 0
05.06.2019 11:10:43.932 [000020ac] --- SM_YVIRTUALSCREEN    = 0
05.06.2019 11:10:43.932 [000020ac] --- SM_CXVIRTUALSCREEN   = 3840
05.06.2019 11:10:43.932 [000020ac] --- SM_CYVIRTUALSCREEN   = 1200
05.06.2019 11:10:43.932 [000020ac] --- SM_CXCURSOR          = 32
05.06.2019 11:10:43.934 [000020ac] --- [\\.\DISPLAY1] [Radeon RX 580 Series] [MONITOR\ADVEF2D\{4d36e96e-e325-11ce-bfc1-08002be10318}\0017] [Generic PnP Monitor]
05.06.2019 11:10:43.935 [000020ac] --- Enumerated 1 displays
05.06.2019 11:10:43.935 [000020ac] --- Displays initialized
05.06.2019 11:10:43.935 [000020ac] --- Displays[0] M[00010001] HDC[0c010cb0] GDC[0e010cb3] L=0 T=0 R=3840 B=1200 RECT[0,0 3840x1200] N[\\.\DISPLAY1] M[Generic PnP Monitor] F[1] PROJ[2x1] MAPS[2]
05.06.2019 11:10:43.935 [000020ac] ---    Grouping G[0] N[0] GD[]
05.06.2019 11:10:43.935 [000020ac] --- ---
05.06.2019 11:10:43.935 [000020ac] --- hookD3D9
05.06.2019 11:10:43.936 [000020ac] --- DirectX9 dll=1c9c0000
05.06.2019 11:10:43.993 [000020ac] --- DirectX9 API detected
05.06.2019 11:10:43.993 [000020ac] --- DirectX9Ex API detected
05.06.2019 11:10:43.993 [000020ac] --- i1: InterfaceProc1
05.06.2019 11:10:43.993 [000020ac] --- interfaceFunc1 [\\.\DISPLAY1] totalMaps=2
05.06.2019 11:10:43.994 [000020ac] --- DXGI dll=4b3e0000
05.06.2019 11:10:44.019 [000020ac] --- DirectX DXGI API CreateDXGIFactory detected 1
05.06.2019 11:10:44.044 [000020ac] --- DirectX DXGI API CreateDXGIFactory1 detected 1
05.06.2019 11:10:44.068 [000020ac] --- DirectX DXGI API CreateDXGIFactory2 detected 1
05.06.2019 11:10:44.068 [000020ac] --- DirectX DXGI API detected
05.06.2019 11:10:44.068 [000020ac] --- DirectX D3D12 API detected hd3d12=44950000
05.06.2019 11:10:44.093 [000020ac] --- DirectX D3D12 API detected 1
05.06.2019 11:10:44.093 [000020ac] --- hookOpenGL
05.06.2019 11:10:44.272 [000020ac] --- OpenGL API detected
05.06.2019 11:10:44.325 [000020ac] --- PROCESS DETACH
