04.06.2019 21:26:55.214 [00002504] ??? OSM handle == NULL error=2
04.06.2019 21:26:55.214 [00002504] ^^^ SC trying session1
--- [2]
04.06.2019 21:26:55.214 [00002504] --- App --- Immersive Display PRO v3.0.5 (01.01.2019)
04.06.2019 21:26:55.214 [00002504] --- OS 6:2 Microsoft Windows 8 Professional (build 9200), 64-bit 7(0) 8(1) 8.1(0) 10(0)
04.06.2019 21:26:55.214 [00002504] --- Process32 C:\Program Files (x86)\Google\Update\GoogleUpdate.exe
04.06.2019 21:26:55.214 [00002504] --- CmdLine ["C:\Program Files (x86)\Google\Update\GoogleUpdate.exe" /c]
04.06.2019 21:26:55.214 [00002504] --- Enumerating displays ...
04.06.2019 21:26:55.214 [00002504] --- SM_CMONITORS         = 1
04.06.2019 21:26:55.214 [00002504] --- SM_SAMEDISPLAYFORMAT = 1
04.06.2019 21:26:55.214 [00002504] --- SM_XVIRTUALSCREEN    = 0
04.06.2019 21:26:55.214 [00002504] --- SM_YVIRTUALSCREEN    = 0
04.06.2019 21:26:55.214 [00002504] --- SM_CXVIRTUALSCREEN   = 1024
04.06.2019 21:26:55.214 [00002504] --- SM_CYVIRTUALSCREEN   = 768
04.06.2019 21:26:55.214 [00002504] --- SM_CXCURSOR          = 32
04.06.2019 21:26:55.214 [00002504] ??? No displays enumerated. Retry later
04.06.2019 21:26:55.214 [00002504] --- hookD3D9
04.06.2019 21:26:55.214 [00002504] --- DirectX9 dll=70df0000
04.06.2019 21:26:55.261 [00002504] --- DirectX9 API detected
04.06.2019 21:26:55.261 [00002504] --- DirectX9Ex API detected
04.06.2019 21:26:55.261 [00002504] --- i1: InterfaceProc1
04.06.2019 21:26:55.261 [00002504] --- DXGI dll=71d00000
04.06.2019 21:26:55.277 [00002504] --- DirectX DXGI API CreateDXGIFactory detected 1
04.06.2019 21:26:55.293 [00002504] --- DirectX DXGI API CreateDXGIFactory1 detected 1
04.06.2019 21:26:55.324 [00002504] --- DirectX DXGI API CreateDXGIFactory2 detected 1
04.06.2019 21:26:55.324 [00002504] --- DirectX DXGI API detected
04.06.2019 21:26:55.324 [00002504] --- DirectX D3D12 API detected hd3d12=71b90000
04.06.2019 21:26:55.339 [00002504] --- DirectX D3D12 API detected 1
04.06.2019 21:26:55.339 [00002504] --- hookOpenGL
04.06.2019 21:26:55.511 [00002504] --- OpenGL API detected
04.06.2019 21:26:55.605 [00002504] --- PROCESS DETACH
