04.06.2019 21:59:12.870 [00000fac] ??? OSM handle == NULL error=2
04.06.2019 21:59:12.870 [00000fac] ^^^ SC trying session1
--- [2]
04.06.2019 21:59:12.870 [00000fac] --- App --- Immersive Display PRO v3.0.5 (01.01.2019)
04.06.2019 21:59:12.870 [00000fac] --- OS 6:2 Microsoft Windows 8 Professional (build 9200), 64-bit 7(0) 8(1) 8.1(0) 10(0)
04.06.2019 21:59:12.870 [00000fac] --- Process32 C:\Program Files\Intel\SUR\QUEENCREEK\Updater\bin\IntelSoftwareAssetManagerService.exe
04.06.2019 21:59:12.870 [00000fac] --- CmdLine ["C:\Program Files\Intel\SUR\QUEENCREEK\Updater\bin\IntelSoftwareAssetManagerService.exe"]
04.06.2019 21:59:12.870 [00000fac] --- Enumerating displays ...
04.06.2019 21:59:12.870 [00000fac] --- SM_CMONITORS         = 1
04.06.2019 21:59:12.870 [00000fac] --- SM_SAMEDISPLAYFORMAT = 1
04.06.2019 21:59:12.870 [00000fac] --- SM_XVIRTUALSCREEN    = 0
04.06.2019 21:59:12.870 [00000fac] --- SM_YVIRTUALSCREEN    = 0
04.06.2019 21:59:12.870 [00000fac] --- SM_CXVIRTUALSCREEN   = 1024
04.06.2019 21:59:12.870 [00000fac] --- SM_CYVIRTUALSCREEN   = 768
04.06.2019 21:59:12.870 [00000fac] --- SM_CXCURSOR          = 32
04.06.2019 21:59:12.870 [00000fac] ??? No displays enumerated. Retry later
04.06.2019 21:59:12.870 [00000fac] --- hookD3D9
04.06.2019 21:59:12.872 [00000fac] --- DirectX9 dll=717f0000
04.06.2019 21:59:12.910 [00000fac] --- DirectX9 API detected
04.06.2019 21:59:12.910 [00000fac] --- DirectX9Ex API detected
04.06.2019 21:59:12.910 [00000fac] --- i1: InterfaceProc1
04.06.2019 21:59:12.910 [00000fac] --- DXGI dll=72790000
04.06.2019 21:59:12.929 [00000fac] --- DirectX DXGI API CreateDXGIFactory detected 1
04.06.2019 21:59:12.948 [00000fac] --- DirectX DXGI API CreateDXGIFactory1 detected 1
04.06.2019 21:59:12.967 [00000fac] --- DirectX DXGI API CreateDXGIFactory2 detected 1
04.06.2019 21:59:12.967 [00000fac] --- DirectX DXGI API detected
04.06.2019 21:59:12.968 [00000fac] --- DirectX D3D12 API detected hd3d12=72590000
04.06.2019 21:59:12.987 [00000fac] --- DirectX D3D12 API detected 1
04.06.2019 21:59:12.987 [00000fac] --- hookOpenGL
04.06.2019 21:59:13.137 [00000fac] --- OpenGL API detected
04.06.2019 21:59:43.712 [00000fac] --- PROCESS DETACH
