04.06.2019 21:26:53.654 [00001f5c] ??? OSM handle == NULL error=2
04.06.2019 21:26:53.654 [00001f5c] ^^^ SC trying session1
--- [2]
04.06.2019 21:26:53.654 [00001f5c] --- App --- Immersive Display PRO v3.0.5 (01.01.2019)
04.06.2019 21:26:53.654 [00001f5c] --- OS 6:2 Microsoft Windows 8 Professional (build 9200), 64-bit 7(0) 8(1) 8.1(0) 10(0)
04.06.2019 21:26:53.654 [00001f5c] --- Process64 C:\Program Files\AMD\Performance Profile Client\AUEPMaster.exe
04.06.2019 21:26:53.654 [00001f5c] --- CmdLine [AUEPMaster.exe]
04.06.2019 21:26:53.654 [00001f5c] --- Enumerating displays ...
04.06.2019 21:26:53.654 [00001f5c] --- SM_CMONITORS         = 1
04.06.2019 21:26:53.654 [00001f5c] --- SM_SAMEDISPLAYFORMAT = 1
04.06.2019 21:26:53.654 [00001f5c] --- SM_XVIRTUALSCREEN    = 0
04.06.2019 21:26:53.654 [00001f5c] --- SM_YVIRTUALSCREEN    = 0
04.06.2019 21:26:53.654 [00001f5c] --- SM_CXVIRTUALSCREEN   = 1024
04.06.2019 21:26:53.654 [00001f5c] --- SM_CYVIRTUALSCREEN   = 768
04.06.2019 21:26:53.654 [00001f5c] --- SM_CXCURSOR          = 32
04.06.2019 21:26:53.654 [00001f5c] ??? No displays enumerated. Retry later
04.06.2019 21:26:53.654 [00001f5c] --- hookD3D9
04.06.2019 21:26:53.654 [00001f5c] --- DirectX9 dll=68590000
04.06.2019 21:26:53.701 [00001f5c] --- DirectX9 API detected
04.06.2019 21:26:53.701 [00001f5c] --- DirectX9Ex API detected
04.06.2019 21:26:53.701 [00001f5c] --- i1: InterfaceProc1
04.06.2019 21:26:53.701 [00001f5c] --- DXGI dll=7a520000
04.06.2019 21:26:53.716 [00001f5c] --- DirectX DXGI API CreateDXGIFactory detected 1
04.06.2019 21:26:53.732 [00001f5c] --- DirectX DXGI API CreateDXGIFactory1 detected 1
04.06.2019 21:26:53.748 [00001f5c] --- DirectX DXGI API CreateDXGIFactory2 detected 1
04.06.2019 21:26:53.748 [00001f5c] --- DirectX DXGI API detected
04.06.2019 21:26:53.748 [00001f5c] --- DirectX D3D12 API detected hd3d12=73c90000
04.06.2019 21:26:53.763 [00001f5c] --- DirectX D3D12 API detected 1
04.06.2019 21:26:53.763 [00001f5c] --- hookOpenGL
04.06.2019 21:26:53.888 [00001f5c] --- OpenGL API detected
04.06.2019 21:28:45.250 [000021c0] --- PROCESS DETACH
