05.06.2019 10:58:04.507 [000020a4] ??? OSM handle == NULL error=2
05.06.2019 10:58:04.507 [000020a4] ^^^ SC trying session1
--- [2]
05.06.2019 10:58:04.507 [000020a4] --- App --- Immersive Display PRO v3.0.5 (01.01.2019)
05.06.2019 10:58:04.507 [000020a4] --- OS 6:2 Microsoft Windows 8 Professional (build 9200), 64-bit 7(0) 8(1) 8.1(0) 10(0)
05.06.2019 10:58:04.507 [000020a4] --- Process32 C:\Program Files\Intel\SUR\QUEENCREEK\Updater\bin\IntelSoftwareAssetManagerService.exe
05.06.2019 10:58:04.507 [000020a4] --- CmdLine ["C:\Program Files\Intel\SUR\QUEENCREEK\Updater\bin\IntelSoftwareAssetManagerService.exe"]
05.06.2019 10:58:04.507 [000020a4] --- Enumerating displays ...
05.06.2019 10:58:04.507 [000020a4] --- SM_CMONITORS         = 1
05.06.2019 10:58:04.507 [000020a4] --- SM_SAMEDISPLAYFORMAT = 1
05.06.2019 10:58:04.507 [000020a4] --- SM_XVIRTUALSCREEN    = 0
05.06.2019 10:58:04.507 [000020a4] --- SM_YVIRTUALSCREEN    = 0
05.06.2019 10:58:04.507 [000020a4] --- SM_CXVIRTUALSCREEN   = 1024
05.06.2019 10:58:04.507 [000020a4] --- SM_CYVIRTUALSCREEN   = 768
05.06.2019 10:58:04.507 [000020a4] --- SM_CXCURSOR          = 32
05.06.2019 10:58:04.507 [000020a4] ??? No displays enumerated. Retry later
05.06.2019 10:58:04.507 [000020a4] --- hookD3D9
05.06.2019 10:58:04.507 [000020a4] --- DirectX9 dll=71410000
05.06.2019 10:58:04.554 [000020a4] --- DirectX9 API detected
05.06.2019 10:58:04.554 [000020a4] --- DirectX9Ex API detected
05.06.2019 10:58:04.554 [000020a4] --- i1: InterfaceProc1
05.06.2019 10:58:04.554 [000020a4] --- DXGI dll=72320000
05.06.2019 10:58:04.569 [000020a4] --- DirectX DXGI API CreateDXGIFactory detected 1
05.06.2019 10:58:04.585 [000020a4] --- DirectX DXGI API CreateDXGIFactory1 detected 1
05.06.2019 10:58:04.616 [000020a4] --- DirectX DXGI API CreateDXGIFactory2 detected 1
05.06.2019 10:58:04.616 [000020a4] --- DirectX DXGI API detected
05.06.2019 10:58:04.616 [000020a4] --- DirectX D3D12 API detected hd3d12=721b0000
05.06.2019 10:58:04.632 [000020a4] --- DirectX D3D12 API detected 1
05.06.2019 10:58:04.632 [000020a4] --- hookOpenGL
05.06.2019 10:58:04.804 [000020a4] --- OpenGL API detected
05.06.2019 10:58:36.046 [000020a4] --- PROCESS DETACH
