04.06.2019 21:22:25.930 [0000243c] --- App --- Immersive Display PRO v3.0.5 (01.01.2019)
04.06.2019 21:22:25.930 [0000243c] --- OS 6:2 Microsoft Windows 8 Professional (build 9200), 64-bit 7(0) 8(1) 8.1(0) 10(0)
04.06.2019 21:22:25.930 [0000243c] --- Process64 C:\AMD\Win10-64Bit-Radeon-Software-Adrenalin-2019-Edition-19.5.2-June3\Bin64\Setup.exe
04.06.2019 21:22:25.930 [0000243c] --- CmdLine ["C:\AMD\Win10-64Bit-Radeon-Software-Adrenalin-2019-Edition-19.5.2-June3\Bin64\Setup.exe" ]
04.06.2019 21:22:25.930 [0000243c] --- Enumerating displays ...
04.06.2019 21:22:25.931 [0000243c] --- Device N[\\.\DISPLAY1] S[Radeon RX 580 Series] M[Generic PnP Monitor] F[desktop ]
04.06.2019 21:22:25.932 [0000243c] --- Device N[\\.\DISPLAY2] S[Radeon RX 580 Series] M[Generic PnP Monitor] F[desktop primary ]
04.06.2019 21:22:25.933 [0000243c] --- Device N[\\.\DISPLAY3] S[Radeon RX 580 Series] M[] F[]
04.06.2019 21:22:25.934 [0000243c] --- Device N[\\.\DISPLAY4] S[Radeon RX 580 Series] M[] F[]
04.06.2019 21:22:25.935 [0000243c] --- Device N[\\.\DISPLAY5] S[Radeon RX 580 Series] M[] F[]
04.06.2019 21:22:25.936 [0000243c] --- Device N[\\.\DISPLAY6] S[Radeon RX 580 Series] M[] F[]
04.06.2019 21:22:25.936 [0000243c] --- SM_CMONITORS         = 2
04.06.2019 21:22:25.936 [0000243c] --- SM_SAMEDISPLAYFORMAT = 1
04.06.2019 21:22:25.936 [0000243c] --- SM_XVIRTUALSCREEN    = 0
04.06.2019 21:22:25.936 [0000243c] --- SM_YVIRTUALSCREEN    = 0
04.06.2019 21:22:25.936 [0000243c] --- SM_CXVIRTUALSCREEN   = 3840
04.06.2019 21:22:25.936 [0000243c] --- SM_CYVIRTUALSCREEN   = 1200
04.06.2019 21:22:25.936 [0000243c] --- SM_CXCURSOR          = 32
04.06.2019 21:22:25.940 [0000243c] --- [\\.\DISPLAY1] [Radeon RX 580 Series] [MONITOR\SECA70B\{4d36e96e-e325-11ce-bfc1-08002be10318}\0016] [Generic PnP Monitor]
04.06.2019 21:22:25.941 [0000243c] --- [\\.\DISPLAY2] [Radeon RX 580 Series] [MONITOR\SECA70B\{4d36e96e-e325-11ce-bfc1-08002be10318}\0015] [Generic PnP Monitor]
04.06.2019 21:22:25.941 [0000243c] --- Enumerated 2 displays
04.06.2019 21:22:25.941 [0000243c] --- Displays initialized
04.06.2019 21:22:25.941 [0000243c] --- Displays[0] M[00010003] HDC[1b010d5e] GDC[04010df7] L=1920 T=0 R=3840 B=1200 RECT[1920,0 1920x1200] N[\\.\DISPLAY1] M[Generic PnP Monitor] F[0] PROJ[0x0] MAPS[0]
04.06.2019 21:22:25.941 [0000243c] ---    Grouping G[0] N[0] GD[]
04.06.2019 21:22:25.941 [0000243c] --- Displays[1] M[00010001] HDC[d9010ca7] GDC[01010df5] L=0 T=0 R=1920 B=1200 RECT[0,0 1920x1200] N[\\.\DISPLAY2] M[Generic PnP Monitor] F[1] PROJ[0x0] MAPS[0]
04.06.2019 21:22:25.941 [0000243c] ---    Grouping G[0] N[0] GD[]
04.06.2019 21:22:25.941 [0000243c] --- ---
04.06.2019 21:22:25.941 [0000243c] --- hookD3D9
04.06.2019 21:22:25.942 [0000243c] --- DirectX9 dll=03460000
04.06.2019 21:22:25.982 [0000243c] --- DirectX9 API detected
04.06.2019 21:22:25.982 [0000243c] --- DirectX9Ex API detected
04.06.2019 21:22:25.982 [0000243c] --- i1: InterfaceProc1
04.06.2019 21:22:25.983 [0000243c] --- DXGI dll=1f3f0000
04.06.2019 21:22:25.997 [0000243c] --- DirectX DXGI API CreateDXGIFactory detected 1
04.06.2019 21:22:26.022 [0000243c] --- DirectX DXGI API CreateDXGIFactory1 detected 1
04.06.2019 21:22:26.042 [0000243c] --- DirectX DXGI API CreateDXGIFactory2 detected 1
04.06.2019 21:22:26.042 [0000243c] --- DirectX DXGI API detected
04.06.2019 21:22:26.042 [0000243c] --- DirectX D3D12 API detected hd3d12=18bc0000
04.06.2019 21:22:26.062 [0000243c] --- DirectX D3D12 API detected 1
04.06.2019 21:22:26.062 [0000243c] --- hookOpenGL
04.06.2019 21:22:26.200 [0000243c] --- OpenGL API detected
04.06.2019 21:22:26.300 [0000243c] --- PROCESS DETACH
