04.06.2019 20:35:21.612 [00001470] ??? OSM handle == NULL error=2
04.06.2019 20:35:21.612 [00001470] ^^^ SC trying session1
--- [2]
04.06.2019 20:35:21.612 [00001470] --- App --- Immersive Display PRO v3.0.5 (01.01.2019)
04.06.2019 20:35:21.613 [00001470] --- OS 6:2 Microsoft Windows 8 Professional (build 9200), 64-bit 7(0) 8(1) 8.1(0) 10(0)
04.06.2019 20:35:21.613 [00001470] --- Process32 C:\Program Files (x86)\Google\Update\GoogleUpdate.exe
04.06.2019 20:35:21.613 [00001470] --- CmdLine ["C:\Program Files (x86)\Google\Update\GoogleUpdate.exe" /ua /installsource scheduler]
04.06.2019 20:35:21.613 [00001470] --- Enumerating displays ...
04.06.2019 20:35:21.613 [00001470] --- SM_CMONITORS         = 1
04.06.2019 20:35:21.613 [00001470] --- SM_SAMEDISPLAYFORMAT = 1
04.06.2019 20:35:21.613 [00001470] --- SM_XVIRTUALSCREEN    = 0
04.06.2019 20:35:21.613 [00001470] --- SM_YVIRTUALSCREEN    = 0
04.06.2019 20:35:21.613 [00001470] --- SM_CXVIRTUALSCREEN   = 1024
04.06.2019 20:35:21.613 [00001470] --- SM_CYVIRTUALSCREEN   = 768
04.06.2019 20:35:21.613 [00001470] --- SM_CXCURSOR          = 32
04.06.2019 20:35:21.613 [00001470] ??? No displays enumerated. Retry later
04.06.2019 20:35:21.613 [00001470] --- hookD3D9
04.06.2019 20:35:21.614 [00001470] --- DirectX9 dll=71460000
04.06.2019 20:35:21.664 [00001470] --- DirectX9 API detected
04.06.2019 20:35:21.664 [00001470] --- DirectX9Ex API detected
04.06.2019 20:35:21.664 [00001470] --- i1: InterfaceProc1
04.06.2019 20:35:21.665 [00001470] --- DXGI dll=724a0000
04.06.2019 20:35:21.690 [00001470] --- DirectX DXGI API CreateDXGIFactory detected 1
04.06.2019 20:35:21.717 [00001470] --- DirectX DXGI API CreateDXGIFactory1 detected 1
04.06.2019 20:35:21.742 [00001470] --- DirectX DXGI API CreateDXGIFactory2 detected 1
04.06.2019 20:35:21.742 [00001470] --- DirectX DXGI API detected
04.06.2019 20:35:21.742 [00001470] --- DirectX D3D12 API detected hd3d12=72330000
04.06.2019 20:35:21.768 [00001470] --- DirectX D3D12 API detected 1
04.06.2019 20:35:21.768 [00001470] --- hookOpenGL
04.06.2019 20:35:21.971 [00001470] --- OpenGL API detected
04.06.2019 20:35:22.035 [00001470] --- PROCESS DETACH
