04.06.2019 21:47:57.157 [00001f60] --- App --- Immersive Display PRO v3.0.5 (01.01.2019)
04.06.2019 21:47:57.157 [00001f60] --- OS 6:2 Microsoft Windows 8 Professional (build 9200), 64-bit 7(0) 8(1) 8.1(0) 10(0)
04.06.2019 21:47:57.157 [00001f60] --- Process64 C:\Program Files (x86)\Kindel Systems\MCE Controller\MCEControl.exe
04.06.2019 21:47:57.157 [00001f60] --- CmdLine ["C:\Program Files (x86)\Kindel Systems\MCE Controller\MCEControl.exe" ]
04.06.2019 21:47:57.157 [00001f60] --- Enumerating displays ...
04.06.2019 21:47:57.157 [00001f60] --- Device N[\\.\DISPLAY1] S[Radeon RX 580 Series] M[Generic PnP Monitor] F[desktop primary ]
04.06.2019 21:47:57.157 [00001f60] --- Device N[\\.\DISPLAY2] S[Radeon RX 580 Series] M[] F[]
04.06.2019 21:47:57.157 [00001f60] --- Device N[\\.\DISPLAY3] S[Radeon RX 580 Series] M[] F[]
04.06.2019 21:47:57.157 [00001f60] --- Device N[\\.\DISPLAY4] S[Radeon RX 580 Series] M[] F[]
04.06.2019 21:47:57.157 [00001f60] --- Device N[\\.\DISPLAY5] S[Radeon RX 580 Series] M[] F[]
04.06.2019 21:47:57.157 [00001f60] --- Device N[\\.\DISPLAY6] S[Radeon RX 580 Series] M[] F[]
04.06.2019 21:47:57.173 [00001f60] --- Device N[\\.\DISPLAY7] S[Radeon RX 580 Series] M[] F[]
04.06.2019 21:47:57.173 [00001f60] --- Device N[\\.\DISPLAY8] S[Radeon RX 580 Series] M[] F[]
04.06.2019 21:47:57.173 [00001f60] --- SM_CMONITORS         = 1
04.06.2019 21:47:57.173 [00001f60] --- SM_SAMEDISPLAYFORMAT = 1
04.06.2019 21:47:57.173 [00001f60] --- SM_XVIRTUALSCREEN    = 0
04.06.2019 21:47:57.173 [00001f60] --- SM_YVIRTUALSCREEN    = 0
04.06.2019 21:47:57.173 [00001f60] --- SM_CXVIRTUALSCREEN   = 3840
04.06.2019 21:47:57.173 [00001f60] --- SM_CYVIRTUALSCREEN   = 1200
04.06.2019 21:47:57.173 [00001f60] --- SM_CXCURSOR          = 32
04.06.2019 21:47:57.173 [00001f60] --- [\\.\DISPLAY1] [Radeon RX 580 Series] [MONITOR\ADVEF2D\{4d36e96e-e325-11ce-bfc1-08002be10318}\0017] [Generic PnP Monitor]
04.06.2019 21:47:57.173 [00001f60] --- Enumerated 1 displays
04.06.2019 21:47:57.173 [00001f60] --- Displays initialized
04.06.2019 21:47:57.173 [00001f60] --- Displays[0] M[00010001] HDC[21010b5f] GDC[1d010b64] L=0 T=0 R=3840 B=1200 RECT[0,0 3840x1200] N[\\.\DISPLAY1] M[Generic PnP Monitor] F[1] PROJ[0x0] MAPS[0]
04.06.2019 21:47:57.173 [00001f60] ---    Grouping G[0] N[0] GD[]
04.06.2019 21:47:57.173 [00001f60] --- ---
04.06.2019 21:47:57.173 [00001f60] --- hookD3D9
04.06.2019 21:47:57.173 [00001f60] --- DirectX9 dll=3bd30000
04.06.2019 21:47:57.219 [00001f60] --- DirectX9 API detected
04.06.2019 21:47:57.219 [00001f60] --- DirectX9Ex API detected
04.06.2019 21:47:57.219 [00001f60] --- i1: InterfaceProc1
04.06.2019 21:47:57.219 [00001f60] --- DXGI dll=6a890000
04.06.2019 21:47:57.235 [00001f60] --- DirectX DXGI API CreateDXGIFactory detected 1
04.06.2019 21:47:57.266 [00001f60] --- DirectX DXGI API CreateDXGIFactory1 detected 1
04.06.2019 21:47:57.282 [00001f60] --- DirectX DXGI API CreateDXGIFactory2 detected 1
04.06.2019 21:47:57.282 [00001f60] --- DirectX DXGI API detected
04.06.2019 21:47:57.282 [00001f60] --- DirectX D3D12 API detected hd3d12=63e60000
04.06.2019 21:47:57.313 [00001f60] --- DirectX D3D12 API detected 1
04.06.2019 21:47:57.313 [00001f60] --- hookOpenGL
04.06.2019 21:47:57.469 [00001f60] --- OpenGL API detected
