04.06.2019 15:49:03.394 [0000260c] ??? OSM handle == NULL error=2
04.06.2019 15:49:03.394 [0000260c] ^^^ SC trying session1
--- [2]
04.06.2019 15:49:03.394 [0000260c] --- App --- Immersive Display PRO v3.0.5 (01.01.2019)
04.06.2019 15:49:03.394 [0000260c] --- OS 6:2 Microsoft Windows 8 Professional (build 9200), 64-bit 7(0) 8(1) 8.1(0) 10(0)
04.06.2019 15:49:03.394 [0000260c] --- Process64 C:\ProgramData\Microsoft\Windows Defender\platform\4.18.1905.4-0\MpCmdRun.exe
04.06.2019 15:49:03.394 [0000260c] --- CmdLine ["C:\ProgramData\Microsoft\Windows Defender\platform\4.18.1905.4-0\MpCmdRun.exe" SignatureUpdate -ScheduleJob -RestrictPrivileges]
04.06.2019 15:49:03.394 [0000260c] --- Enumerating displays ...
04.06.2019 15:49:03.394 [0000260c] --- SM_CMONITORS         = 1
04.06.2019 15:49:03.394 [0000260c] --- SM_SAMEDISPLAYFORMAT = 1
04.06.2019 15:49:03.394 [0000260c] --- SM_XVIRTUALSCREEN    = 0
04.06.2019 15:49:03.394 [0000260c] --- SM_YVIRTUALSCREEN    = 0
04.06.2019 15:49:03.394 [0000260c] --- SM_CXVIRTUALSCREEN   = 1024
04.06.2019 15:49:03.394 [0000260c] --- SM_CYVIRTUALSCREEN   = 768
04.06.2019 15:49:03.394 [0000260c] --- SM_CXCURSOR          = 32
04.06.2019 15:49:03.394 [0000260c] ??? No displays enumerated. Retry later
04.06.2019 15:49:03.394 [0000260c] --- hookD3D9
04.06.2019 15:49:03.395 [0000260c] --- DirectX9 dll=72ce0000
04.06.2019 15:49:03.433 [0000260c] --- DirectX9 API detected
04.06.2019 15:49:03.433 [0000260c] --- DirectX9Ex API detected
04.06.2019 15:49:03.433 [0000260c] --- i1: InterfaceProc1
04.06.2019 15:49:03.434 [0000260c] --- DXGI dll=a1720000
04.06.2019 15:49:03.453 [0000260c] --- DirectX DXGI API CreateDXGIFactory detected 1
04.06.2019 15:49:03.471 [0000260c] --- DirectX DXGI API CreateDXGIFactory1 detected 1
04.06.2019 15:49:03.491 [0000260c] --- DirectX DXGI API CreateDXGIFactory2 detected 1
04.06.2019 15:49:03.491 [0000260c] --- DirectX DXGI API detected
04.06.2019 15:49:03.491 [0000260c] --- DirectX D3D12 API detected hd3d12=9a880000
04.06.2019 15:49:03.510 [0000260c] --- DirectX D3D12 API detected 1
04.06.2019 15:49:03.510 [0000260c] --- hookOpenGL
04.06.2019 15:49:03.644 [0000260c] --- OpenGL API detected
04.06.2019 15:49:03.703 [0000260c] --- PROCESS DETACH
