04.06.2019 14:07:20.372 [00001284] --- App --- Immersive Display PRO v3.0.5 (01.01.2019)
04.06.2019 14:07:20.372 [00001284] --- OS 6:2 Microsoft Windows 8 Professional (build 9200), 64-bit 7(0) 8(1) 8.1(0) 10(0)
04.06.2019 14:07:20.372 [00001284] --- Process32 C:\Windows\syswow64\MsiExec.exe
04.06.2019 14:07:20.372 [00001284] --- CmdLine [C:\Windows\syswow64\MsiExec.exe -Embedding 2D9A5867E2EF0817504294B7DFF93CA0]
04.06.2019 14:07:20.372 [00001284] --- Enumerating displays ...
04.06.2019 14:07:20.373 [00001284] --- Device N[\\.\DISPLAY1] S[Radeon RX 580 Series] M[Generic PnP Monitor] F[desktop primary ]
04.06.2019 14:07:20.375 [00001284] --- Device N[\\.\DISPLAY2] S[Radeon RX 580 Series] M[] F[]
04.06.2019 14:07:20.376 [00001284] --- Device N[\\.\DISPLAY3] S[Radeon RX 580 Series] M[] F[]
04.06.2019 14:07:20.376 [00001284] --- Device N[\\.\DISPLAY4] S[Radeon RX 580 Series] M[] F[]
04.06.2019 14:07:20.377 [00001284] --- Device N[\\.\DISPLAY5] S[Radeon RX 580 Series] M[] F[]
04.06.2019 14:07:20.377 [00001284] --- Device N[\\.\DISPLAY6] S[Radeon RX 580 Series] M[] F[]
04.06.2019 14:07:20.378 [00001284] --- Device N[\\.\DISPLAY7] S[Radeon RX 580 Series] M[] F[]
04.06.2019 14:07:20.378 [00001284] --- Device N[\\.\DISPLAY8] S[Radeon RX 580 Series] M[] F[]
04.06.2019 14:07:20.378 [00001284] --- SM_CMONITORS         = 1
04.06.2019 14:07:20.378 [00001284] --- SM_SAMEDISPLAYFORMAT = 1
04.06.2019 14:07:20.378 [00001284] --- SM_XVIRTUALSCREEN    = 0
04.06.2019 14:07:20.378 [00001284] --- SM_YVIRTUALSCREEN    = 0
04.06.2019 14:07:20.378 [00001284] --- SM_CXVIRTUALSCREEN   = 3840
04.06.2019 14:07:20.378 [00001284] --- SM_CYVIRTUALSCREEN   = 1200
04.06.2019 14:07:20.378 [00001284] --- SM_CXCURSOR          = 32
04.06.2019 14:07:20.380 [00001284] --- [\\.\DISPLAY1] [Radeon RX 580 Series] [MONITOR\ADVEF2D\{4d36e96e-e325-11ce-bfc1-08002be10318}\0013] [Generic PnP Monitor]
04.06.2019 14:07:20.381 [00001284] --- Enumerated 1 displays
04.06.2019 14:07:20.381 [00001284] --- Displays initialized
04.06.2019 14:07:20.381 [00001284] --- Displays[0] M[00010001] HDC[dd011203] GDC[120106af] L=0 T=0 R=3840 B=1200 RECT[0,0 3840x1200] N[\\.\DISPLAY1] M[Generic PnP Monitor] F[1] PROJ[2x1] MAPS[2]
04.06.2019 14:07:20.381 [00001284] ---    Grouping G[0] N[0] GD[]
04.06.2019 14:07:20.381 [00001284] --- ---
04.06.2019 14:07:20.381 [00001284] --- hookD3D9
04.06.2019 14:07:20.382 [00001284] --- DirectX9 dll=710b0000
04.06.2019 14:07:20.412 [00001284] --- DirectX9 API detected
04.06.2019 14:07:20.412 [00001284] --- DirectX9Ex API detected
04.06.2019 14:07:20.412 [00001284] --- i1: InterfaceProc1
04.06.2019 14:07:20.412 [00001284] --- interfaceFunc1 [\\.\DISPLAY1] totalMaps=2
04.06.2019 14:07:20.412 [00001284] --- DXGI dll=727a0000
04.06.2019 14:07:20.427 [00001284] --- DirectX DXGI API CreateDXGIFactory detected 1
04.06.2019 14:07:20.441 [00001284] --- DirectX DXGI API CreateDXGIFactory1 detected 1
04.06.2019 14:07:20.455 [00001284] --- DirectX DXGI API CreateDXGIFactory2 detected 1
04.06.2019 14:07:20.455 [00001284] --- DirectX DXGI API detected
04.06.2019 14:07:20.456 [00001284] --- DirectX D3D12 API detected hd3d12=72630000
04.06.2019 14:07:20.470 [00001284] --- DirectX D3D12 API detected 1
04.06.2019 14:07:20.471 [00001284] --- hookOpenGL
04.06.2019 14:07:20.586 [00001284] --- OpenGL API detected
04.06.2019 14:07:20.668 [00001284] --- PROCESS DETACH
