04.06.2019 21:23:08.295 [0000075c] ??? OSM handle == NULL error=2
04.06.2019 21:23:08.295 [0000075c] ^^^ SC trying session1
--- [2]
04.06.2019 21:23:08.295 [0000075c] --- App --- Immersive Display PRO v3.0.5 (01.01.2019)
04.06.2019 21:23:08.295 [0000075c] --- OS 6:2 Microsoft Windows 8 Professional (build 9200), 64-bit 7(0) 8(1) 8.1(0) 10(0)
04.06.2019 21:23:08.295 [0000075c] --- Process32 C:\WINDOWS\syswow64\WOWReg32.exe
04.06.2019 21:23:08.295 [0000075c] --- CmdLine ["C:\WINDOWS\syswow64\WOWReg32.exe" /RegionName {42d5a680-567e-4e41-8e9e-4bb1bf03baea} /SignalReady {e401eaf5-00c9-4662-a251-89e610d59551} /SignalComplete {1c7539dd-4d36-4975-a2f6-e416bc6e1061}]
04.06.2019 21:23:08.295 [0000075c] --- Enumerating displays ...
04.06.2019 21:23:08.295 [0000075c] --- SM_CMONITORS         = 1
04.06.2019 21:23:08.295 [0000075c] --- SM_SAMEDISPLAYFORMAT = 1
04.06.2019 21:23:08.295 [0000075c] --- SM_XVIRTUALSCREEN    = 0
04.06.2019 21:23:08.295 [0000075c] --- SM_YVIRTUALSCREEN    = 0
04.06.2019 21:23:08.295 [0000075c] --- SM_CXVIRTUALSCREEN   = 1024
04.06.2019 21:23:08.295 [0000075c] --- SM_CYVIRTUALSCREEN   = 768
04.06.2019 21:23:08.295 [0000075c] --- SM_CXCURSOR          = 32
04.06.2019 21:23:08.295 [0000075c] ??? No displays enumerated. Retry later
04.06.2019 21:23:08.295 [0000075c] --- hookD3D9
04.06.2019 21:23:08.297 [0000075c] --- DirectX9 dll=04bb0000
04.06.2019 21:23:08.339 [0000075c] --- DirectX9 API detected
04.06.2019 21:23:08.339 [0000075c] --- DirectX9Ex API detected
04.06.2019 21:23:08.339 [0000075c] --- i1: InterfaceProc1
04.06.2019 21:23:08.339 [0000075c] --- DXGI dll=72680000
04.06.2019 21:23:08.360 [0000075c] --- DirectX DXGI API CreateDXGIFactory detected 1
04.06.2019 21:23:08.381 [0000075c] --- DirectX DXGI API CreateDXGIFactory1 detected 1
04.06.2019 21:23:08.402 [0000075c] --- DirectX DXGI API CreateDXGIFactory2 detected 1
04.06.2019 21:23:08.402 [0000075c] --- DirectX DXGI API detected
04.06.2019 21:23:08.402 [0000075c] --- DirectX D3D12 API detected hd3d12=723f0000
04.06.2019 21:23:08.423 [0000075c] --- DirectX D3D12 API detected 1
04.06.2019 21:23:08.423 [0000075c] --- hookOpenGL
04.06.2019 21:23:08.588 [0000075c] --- OpenGL API detected
