05.06.2019 11:19:29.238 [00001384] --- App --- Immersive Display PRO v3.0.5 (01.01.2019)
05.06.2019 11:19:29.238 [00001384] --- OS 6:2 Microsoft Windows 8 Professional (build 9200), 64-bit 7(0) 8(1) 8.1(0) 10(0)
05.06.2019 11:19:29.238 [00001384] --- Process64 C:\Program Files\Intel\SUR\QUEENCREEK\x64\esrv.exe
05.06.2019 11:19:29.238 [00001384] --- CmdLine ["C:\Program Files\Intel\SUR\QUEENCREEK\x64\esrv.exe" "--start" "--start_options_handle" "1220"]
05.06.2019 11:19:29.238 [00001384] --- Enumerating displays ...
05.06.2019 11:19:29.239 [00001384] --- Device N[\\.\DISPLAY1] S[Radeon RX 580 Series] M[Generic PnP Monitor] F[desktop primary ]
05.06.2019 11:19:29.240 [00001384] --- Device N[\\.\DISPLAY2] S[Radeon RX 580 Series] M[] F[]
05.06.2019 11:19:29.240 [00001384] --- Device N[\\.\DISPLAY3] S[Radeon RX 580 Series] M[] F[]
05.06.2019 11:19:29.241 [00001384] --- Device N[\\.\DISPLAY4] S[Radeon RX 580 Series] M[] F[]
05.06.2019 11:19:29.241 [00001384] --- Device N[\\.\DISPLAY5] S[Radeon RX 580 Series] M[] F[]
05.06.2019 11:19:29.242 [00001384] --- Device N[\\.\DISPLAY6] S[Radeon RX 580 Series] M[] F[]
05.06.2019 11:19:29.242 [00001384] --- Device N[\\.\DISPLAY7] S[Radeon RX 580 Series] M[] F[]
05.06.2019 11:19:29.243 [00001384] --- Device N[\\.\DISPLAY8] S[Radeon RX 580 Series] M[] F[]
05.06.2019 11:19:29.243 [00001384] --- SM_CMONITORS         = 1
05.06.2019 11:19:29.243 [00001384] --- SM_SAMEDISPLAYFORMAT = 1
05.06.2019 11:19:29.243 [00001384] --- SM_XVIRTUALSCREEN    = 0
05.06.2019 11:19:29.243 [00001384] --- SM_YVIRTUALSCREEN    = 0
05.06.2019 11:19:29.243 [00001384] --- SM_CXVIRTUALSCREEN   = 3840
05.06.2019 11:19:29.243 [00001384] --- SM_CYVIRTUALSCREEN   = 1200
05.06.2019 11:19:29.243 [00001384] --- SM_CXCURSOR          = 32
05.06.2019 11:19:29.246 [00001384] --- [\\.\DISPLAY1] [Radeon RX 580 Series] [MONITOR\ADVEF2D\{4d36e96e-e325-11ce-bfc1-08002be10318}\0017] [Generic PnP Monitor]
05.06.2019 11:19:29.246 [00001384] --- Enumerated 1 displays
05.06.2019 11:19:29.246 [00001384] --- Displays initialized
05.06.2019 11:19:29.246 [00001384] --- Displays[0] M[00010001] HDC[42010937] GDC[23010931] L=0 T=0 R=3840 B=1200 RECT[0,0 3840x1200] N[\\.\DISPLAY1] M[Generic PnP Monitor] F[1] PROJ[2x1] MAPS[2]
05.06.2019 11:19:29.246 [00001384] ---    Grouping G[0] N[0] GD[]
05.06.2019 11:19:29.246 [00001384] --- ---
05.06.2019 11:19:29.246 [00001384] --- hookD3D9
05.06.2019 11:19:29.247 [00001384] --- DirectX9 dll=feaf0000
05.06.2019 11:19:29.299 [00001384] --- DirectX9 API detected
05.06.2019 11:19:29.299 [00001384] --- DirectX9Ex API detected
05.06.2019 11:19:29.299 [00001384] --- i1: InterfaceProc1
05.06.2019 11:19:29.299 [00001384] --- interfaceFunc1 [\\.\DISPLAY1] totalMaps=2
05.06.2019 11:19:29.300 [00001384] --- DXGI dll=2d520000
05.06.2019 11:19:29.326 [00001384] --- DirectX DXGI API CreateDXGIFactory detected 1
05.06.2019 11:19:29.352 [00001384] --- DirectX DXGI API CreateDXGIFactory1 detected 1
05.06.2019 11:19:29.378 [00001384] --- DirectX DXGI API CreateDXGIFactory2 detected 1
05.06.2019 11:19:29.378 [00001384] --- DirectX DXGI API detected
05.06.2019 11:19:29.378 [00001384] --- DirectX D3D12 API detected hd3d12=26cf0000
05.06.2019 11:19:29.404 [00001384] --- DirectX D3D12 API detected 1
05.06.2019 11:19:29.404 [00001384] --- hookOpenGL
05.06.2019 11:19:29.585 [00001384] --- OpenGL API detected
