04.06.2019 21:16:14.551 [00002ae0] --- App --- Immersive Display PRO v3.0.5 (01.01.2019)
04.06.2019 21:16:14.551 [00002ae0] --- OS 6:2 Microsoft Windows 8 Professional (build 9200), 64-bit 7(0) 8(1) 8.1(0) 10(0)
04.06.2019 21:16:14.551 [00002ae0] --- Process64 C:\Program Files\Common Files\microsoft shared\ink\TabTip.exe
04.06.2019 21:16:14.551 [00002ae0] --- CmdLine [/QuitInfo:0000000000000204;0000000000000200;  ]
04.06.2019 21:16:14.551 [00002ae0] --- Enumerating displays ...
04.06.2019 21:16:14.551 [00002ae0] --- Device N[\\.\DISPLAY10] S[Radeon RX 580 Series] M[Generic PnP Monitor] F[desktop ]
04.06.2019 21:16:14.551 [00002ae0] --- Device N[\\.\DISPLAY11] S[Radeon RX 580 Series] M[Generic PnP Monitor] F[desktop primary ]
04.06.2019 21:16:14.551 [00002ae0] --- Device N[\\.\DISPLAY12] S[Radeon RX 580 Series] M[] F[]
04.06.2019 21:16:14.551 [00002ae0] --- Device N[\\.\DISPLAY13] S[Radeon RX 580 Series] M[] F[]
04.06.2019 21:16:14.566 [00002ae0] --- Device N[\\.\DISPLAY14] S[Radeon RX 580 Series] M[] F[]
04.06.2019 21:16:14.566 [00002ae0] --- Device N[\\.\DISPLAY15] S[Radeon RX 580 Series] M[] F[]
04.06.2019 21:16:14.566 [00002ae0] --- SM_CMONITORS         = 2
04.06.2019 21:16:14.566 [00002ae0] --- SM_SAMEDISPLAYFORMAT = 1
04.06.2019 21:16:14.566 [00002ae0] --- SM_XVIRTUALSCREEN    = 0
04.06.2019 21:16:14.566 [00002ae0] --- SM_YVIRTUALSCREEN    = 0
04.06.2019 21:16:14.566 [00002ae0] --- SM_CXVIRTUALSCREEN   = 3840
04.06.2019 21:16:14.566 [00002ae0] --- SM_CYVIRTUALSCREEN   = 1200
04.06.2019 21:16:14.566 [00002ae0] --- SM_CXCURSOR          = 32
04.06.2019 21:16:14.566 [00002ae0] ??? No displays enumerated. Retry later
04.06.2019 21:16:14.566 [00002ae0] --- hookD3D9
04.06.2019 21:16:14.566 [00002ae0] --- DirectX9 dll=72ce0000
04.06.2019 21:16:14.598 [00002ae0] --- DirectX9 API detected
04.06.2019 21:16:14.598 [00002ae0] --- DirectX9Ex API detected
04.06.2019 21:16:14.598 [00002ae0] --- i1: InterfaceProc1
04.06.2019 21:16:14.598 [00002ae0] --- DXGI dll=a1720000
04.06.2019 21:16:14.613 [00002ae0] --- DirectX DXGI API CreateDXGIFactory detected 1
04.06.2019 21:16:14.629 [00002ae0] --- DirectX DXGI API CreateDXGIFactory1 detected 1
04.06.2019 21:16:14.644 [00002ae0] --- DirectX DXGI API CreateDXGIFactory2 detected 1
04.06.2019 21:16:14.644 [00002ae0] --- DirectX DXGI API detected
04.06.2019 21:16:14.644 [00002ae0] --- DirectX D3D12 API detected hd3d12=9a880000
04.06.2019 21:16:14.676 [00002ae0] --- DirectX D3D12 API detected 1
04.06.2019 21:16:14.676 [00002ae0] --- hookOpenGL
04.06.2019 21:16:14.801 [00002ae0] --- OpenGL API detected
04.06.2019 21:16:14.878 [00002ae0] --- PROCESS DETACH
