04.06.2019 21:40:12.910 [0000122c] ??? OSM handle == NULL error=2
04.06.2019 21:40:12.910 [0000122c] ^^^ SC trying session1
--- [2]
04.06.2019 21:40:12.910 [0000122c] --- App --- Immersive Display PRO v3.0.5 (01.01.2019)
04.06.2019 21:40:12.910 [0000122c] --- OS 6:2 Microsoft Windows 8 Professional (build 9200), 64-bit 7(0) 8(1) 8.1(0) 10(0)
04.06.2019 21:40:12.910 [0000122c] --- Process64 C:\Program Files\Intel\SUR\QUEENCREEK\x64\esrv_svc.exe
04.06.2019 21:40:12.910 [0000122c] --- CmdLine ["C:\Program Files\Intel\SUR\QUEENCREEK\x64\esrv_svc.exe" "--AUTO_START" "--start" "--start_options_registry_key" "HKEY_LOCAL_MACHINE\SYSTEM\CurrentControlSet\services\ESRV_SVC_QUEENCREEK\_start"]
04.06.2019 21:40:12.910 [0000122c] --- Enumerating displays ...
04.06.2019 21:40:12.910 [0000122c] --- SM_CMONITORS         = 1
04.06.2019 21:40:12.910 [0000122c] --- SM_SAMEDISPLAYFORMAT = 1
04.06.2019 21:40:12.910 [0000122c] --- SM_XVIRTUALSCREEN    = 0
04.06.2019 21:40:12.910 [0000122c] --- SM_YVIRTUALSCREEN    = 0
04.06.2019 21:40:12.910 [0000122c] --- SM_CXVIRTUALSCREEN   = 1024
04.06.2019 21:40:12.910 [0000122c] --- SM_CYVIRTUALSCREEN   = 768
04.06.2019 21:40:12.910 [0000122c] --- SM_CXCURSOR          = 32
04.06.2019 21:40:12.910 [0000122c] ??? No displays enumerated. Retry later
04.06.2019 21:40:12.910 [0000122c] --- hookD3D9
04.06.2019 21:40:12.911 [0000122c] --- DirectX9 dll=f7500000
04.06.2019 21:40:12.943 [0000122c] --- DirectX9 API detected
04.06.2019 21:40:12.943 [0000122c] --- DirectX9Ex API detected
04.06.2019 21:40:12.943 [0000122c] --- i1: InterfaceProc1
04.06.2019 21:40:12.944 [0000122c] --- DXGI dll=25e60000
04.06.2019 21:40:12.960 [0000122c] --- DirectX DXGI API CreateDXGIFactory detected 1
04.06.2019 21:40:12.976 [0000122c] --- DirectX DXGI API CreateDXGIFactory1 detected 1
04.06.2019 21:40:12.991 [0000122c] --- DirectX DXGI API CreateDXGIFactory2 detected 1
04.06.2019 21:40:12.991 [0000122c] --- DirectX DXGI API detected
04.06.2019 21:40:12.991 [0000122c] --- DirectX D3D12 API detected hd3d12=1f560000
04.06.2019 21:40:13.007 [0000122c] --- DirectX D3D12 API detected 1
04.06.2019 21:40:13.007 [0000122c] --- hookOpenGL
04.06.2019 21:40:13.119 [0000122c] --- OpenGL API detected
04.06.2019 21:40:39.042 [0000122c] --- PROCESS DETACH
