04.06.2019 21:23:36.332 [0000123c] ??? OSM handle == NULL error=2
04.06.2019 21:23:36.332 [0000123c] ^^^ SC trying session1
--- [2]
04.06.2019 21:23:36.332 [0000123c] --- App --- Immersive Display PRO v3.0.5 (01.01.2019)
04.06.2019 21:23:36.332 [0000123c] --- OS 6:2 Microsoft Windows 8 Professional (build 9200), 64-bit 7(0) 8(1) 8.1(0) 10(0)
04.06.2019 21:23:36.332 [0000123c] --- Process64 C:\Program Files\AMD\Performance Profile Client\AUEPMaster.exe
04.06.2019 21:23:36.332 [0000123c] --- CmdLine [AUEPMaster.exe]
04.06.2019 21:23:36.332 [0000123c] --- Enumerating displays ...
04.06.2019 21:23:36.333 [0000123c] --- SM_CMONITORS         = 1
04.06.2019 21:23:36.333 [0000123c] --- SM_SAMEDISPLAYFORMAT = 1
04.06.2019 21:23:36.333 [0000123c] --- SM_XVIRTUALSCREEN    = 0
04.06.2019 21:23:36.333 [0000123c] --- SM_YVIRTUALSCREEN    = 0
04.06.2019 21:23:36.333 [0000123c] --- SM_CXVIRTUALSCREEN   = 1024
04.06.2019 21:23:36.333 [0000123c] --- SM_CYVIRTUALSCREEN   = 768
04.06.2019 21:23:36.333 [0000123c] --- SM_CXCURSOR          = 32
04.06.2019 21:23:36.333 [0000123c] ??? No displays enumerated. Retry later
04.06.2019 21:23:36.333 [0000123c] --- hookD3D9
04.06.2019 21:23:36.334 [0000123c] --- DirectX9 dll=03460000
04.06.2019 21:23:36.378 [0000123c] --- DirectX9 API detected
04.06.2019 21:23:36.378 [0000123c] --- DirectX9Ex API detected
04.06.2019 21:23:36.378 [0000123c] --- i1: InterfaceProc1
04.06.2019 21:23:36.378 [0000123c] --- DXGI dll=1f3f0000
04.06.2019 21:23:36.400 [0000123c] --- DirectX DXGI API CreateDXGIFactory detected 1
04.06.2019 21:23:36.421 [0000123c] --- DirectX DXGI API CreateDXGIFactory1 detected 1
04.06.2019 21:23:36.443 [0000123c] --- DirectX DXGI API CreateDXGIFactory2 detected 1
04.06.2019 21:23:36.443 [0000123c] --- DirectX DXGI API detected
04.06.2019 21:23:36.444 [0000123c] --- DirectX D3D12 API detected hd3d12=18bc0000
04.06.2019 21:23:36.465 [0000123c] --- DirectX D3D12 API detected 1
04.06.2019 21:23:36.465 [0000123c] --- hookOpenGL
04.06.2019 21:23:36.619 [0000123c] --- OpenGL API detected
04.06.2019 21:24:19.025 [00001dfc] --- PROCESS DETACH
