05.06.2019 11:57:19.098 [00002550] --- App --- Immersive Display PRO v3.0.5 (01.01.2019)
05.06.2019 11:57:19.098 [00002550] --- OS 6:2 Microsoft Windows 8 Professional (build 9200), 64-bit 7(0) 8(1) 8.1(0) 10(0)
05.06.2019 11:57:19.098 [00002550] --- Process64 C:\Users\own\scoop\shims\git.exe
05.06.2019 11:57:19.098 [00002550] --- CmdLine [git  config --global user.name "amou"]
05.06.2019 11:57:19.099 [00002550] --- Enumerating displays ...
05.06.2019 11:57:19.099 [00002550] --- Device N[\\.\DISPLAY1] S[Radeon RX 580 Series] M[Generic PnP Monitor] F[desktop primary ]
05.06.2019 11:57:19.100 [00002550] --- Device N[\\.\DISPLAY2] S[Radeon RX 580 Series] M[] F[]
05.06.2019 11:57:19.101 [00002550] --- Device N[\\.\DISPLAY3] S[Radeon RX 580 Series] M[] F[]
05.06.2019 11:57:19.101 [00002550] --- Device N[\\.\DISPLAY4] S[Radeon RX 580 Series] M[] F[]
05.06.2019 11:57:19.102 [00002550] --- Device N[\\.\DISPLAY5] S[Radeon RX 580 Series] M[] F[]
05.06.2019 11:57:19.102 [00002550] --- Device N[\\.\DISPLAY6] S[Radeon RX 580 Series] M[] F[]
05.06.2019 11:57:19.103 [00002550] --- Device N[\\.\DISPLAY7] S[Radeon RX 580 Series] M[] F[]
05.06.2019 11:57:19.103 [00002550] --- Device N[\\.\DISPLAY8] S[Radeon RX 580 Series] M[] F[]
05.06.2019 11:57:19.103 [00002550] --- SM_CMONITORS         = 1
05.06.2019 11:57:19.104 [00002550] --- SM_SAMEDISPLAYFORMAT = 1
05.06.2019 11:57:19.104 [00002550] --- SM_XVIRTUALSCREEN    = 0
05.06.2019 11:57:19.104 [00002550] --- SM_YVIRTUALSCREEN    = 0
05.06.2019 11:57:19.104 [00002550] --- SM_CXVIRTUALSCREEN   = 3840
05.06.2019 11:57:19.104 [00002550] --- SM_CYVIRTUALSCREEN   = 1200
05.06.2019 11:57:19.104 [00002550] --- SM_CXCURSOR          = 32
05.06.2019 11:57:19.106 [00002550] --- [\\.\DISPLAY1] [Radeon RX 580 Series] [MONITOR\ADVEF2D\{4d36e96e-e325-11ce-bfc1-08002be10318}\0017] [Generic PnP Monitor]
05.06.2019 11:57:19.107 [00002550] --- Enumerated 1 displays
05.06.2019 11:57:19.107 [00002550] --- Displays initialized
05.06.2019 11:57:19.107 [00002550] --- Displays[0] M[00010001] HDC[f9010f12] GDC[460111da] L=0 T=0 R=3840 B=1200 RECT[0,0 3840x1200] N[\\.\DISPLAY1] M[Generic PnP Monitor] F[1] PROJ[2x1] MAPS[2]
05.06.2019 11:57:19.107 [00002550] ---    Grouping G[0] N[0] GD[]
05.06.2019 11:57:19.107 [00002550] --- ---
05.06.2019 11:57:19.107 [00002550] --- hookD3D9
05.06.2019 11:57:19.108 [00002550] --- DirectX9 dll=670a0000
05.06.2019 11:57:19.166 [00002550] --- DirectX9 API detected
05.06.2019 11:57:19.166 [00002550] --- DirectX9Ex API detected
05.06.2019 11:57:19.166 [00002550] --- i1: InterfaceProc1
05.06.2019 11:57:19.166 [00002550] --- interfaceFunc1 [\\.\DISPLAY1] totalMaps=2
05.06.2019 11:57:19.166 [00002550] --- DXGI dll=95b60000
05.06.2019 11:57:19.195 [00002550] --- DirectX DXGI API CreateDXGIFactory detected 1
05.06.2019 11:57:19.224 [00002550] --- DirectX DXGI API CreateDXGIFactory1 detected 1
05.06.2019 11:57:19.252 [00002550] --- DirectX DXGI API CreateDXGIFactory2 detected 1
05.06.2019 11:57:19.252 [00002550] --- DirectX DXGI API detected
05.06.2019 11:57:19.253 [00002550] --- DirectX D3D12 API detected hd3d12=8f360000
05.06.2019 11:57:19.282 [00002550] --- DirectX D3D12 API detected 1
05.06.2019 11:57:19.282 [00002550] --- hookOpenGL
05.06.2019 11:57:19.484 [00002550] --- OpenGL API detected
05.06.2019 11:57:20.681 [00002550] --- PROCESS DETACH
