04.06.2019 21:35:29.592 [000021f8] --- App --- Immersive Display PRO v3.0.5 (01.01.2019)
04.06.2019 21:35:29.592 [000021f8] --- OS 6:2 Microsoft Windows 8 Professional (build 9200), 64-bit 7(0) 8(1) 8.1(0) 10(0)
04.06.2019 21:35:29.592 [000021f8] --- Process64 C:\WINDOWS\system32\dwm.exe
04.06.2019 21:35:29.592 [000021f8] --- CmdLine ["dwm.exe"]
04.06.2019 21:35:29.592 [000021f8] --- Enumerating displays ...
04.06.2019 21:35:29.592 [000021f8] --- Device N[\\.\DISPLAY1] S[Radeon RX 580 Series] M[Generic PnP Monitor] F[desktop primary ]
04.06.2019 21:35:29.608 [000021f8] --- Device N[\\.\DISPLAY2] S[Radeon RX 580 Series] M[] F[]
04.06.2019 21:35:29.608 [000021f8] --- Device N[\\.\DISPLAY3] S[Radeon RX 580 Series] M[] F[]
04.06.2019 21:35:29.608 [000021f8] --- Device N[\\.\DISPLAY4] S[Radeon RX 580 Series] M[] F[]
04.06.2019 21:35:29.608 [000021f8] --- Device N[\\.\DISPLAY5] S[Radeon RX 580 Series] M[] F[]
04.06.2019 21:35:29.608 [000021f8] --- Device N[\\.\DISPLAY6] S[Radeon RX 580 Series] M[] F[]
04.06.2019 21:35:29.608 [000021f8] --- Device N[\\.\DISPLAY7] S[Radeon RX 580 Series] M[] F[]
04.06.2019 21:35:29.608 [000021f8] --- Device N[\\.\DISPLAY8] S[Radeon RX 580 Series] M[] F[]
04.06.2019 21:35:29.608 [000021f8] --- SM_CMONITORS         = 1
04.06.2019 21:35:29.608 [000021f8] --- SM_SAMEDISPLAYFORMAT = 1
04.06.2019 21:35:29.608 [000021f8] --- SM_XVIRTUALSCREEN    = 0
04.06.2019 21:35:29.608 [000021f8] --- SM_YVIRTUALSCREEN    = 0
04.06.2019 21:35:29.608 [000021f8] --- SM_CXVIRTUALSCREEN   = 3840
04.06.2019 21:35:29.608 [000021f8] --- SM_CYVIRTUALSCREEN   = 1200
04.06.2019 21:35:29.608 [000021f8] --- SM_CXCURSOR          = 32
04.06.2019 21:35:29.608 [000021f8] ??? No displays enumerated. Retry later
04.06.2019 21:35:29.608 [000021f8] --- hookD3D9
04.06.2019 21:35:29.608 [000021f8] --- DirectX9 dll=eb9d0000
04.06.2019 21:35:29.655 [000021f8] --- DirectX9 API detected
04.06.2019 21:35:29.655 [000021f8] --- DirectX9Ex API detected
04.06.2019 21:35:29.655 [000021f8] --- i1: InterfaceProc1
04.06.2019 21:35:29.655 [000021f8] --- DXGI dll=15960000
04.06.2019 21:35:29.686 [000021f8] --- DirectX DXGI API CreateDXGIFactory detected 1
04.06.2019 21:35:29.717 [000021f8] --- DirectX DXGI API CreateDXGIFactory1 detected 1
04.06.2019 21:35:29.733 [000021f8] --- DirectX DXGI API CreateDXGIFactory2 detected 1
04.06.2019 21:35:29.733 [000021f8] --- DirectX DXGI API detected
04.06.2019 21:35:29.764 [000021f8] --- DirectX D3D11 API detected 1
04.06.2019 21:35:29.764 [000021f8] --- DirectX D3D12 API detected hd3d12=0f0c0000
04.06.2019 21:35:29.795 [000021f8] --- DirectX D3D12 API detected 1
04.06.2019 21:35:29.795 [000021f8] --- hookOpenGL
04.06.2019 21:35:29.967 [000021f8] --- OpenGL API detected
04.06.2019 21:35:30.092 [0000223c] --- D3D11CreateDevice ADAPTER NULL
04.06.2019 21:35:30.108 [00002244] --- D3D11CreateDevice ADAPTER Description=Radeon RX 580 Series
04.06.2019 21:35:30.108 [00002244] --- Device FeatureLevels[0]=0000a100
04.06.2019 21:35:30.108 [0000223c] --- Device FeatureLevel -> 0000b000
04.06.2019 21:35:30.123 [00002244] --- D3D11CreateDevice ADAPTER Description=Radeon RX 580 Series
04.06.2019 21:35:30.123 [00002244] --- Device FeatureLevels[0]=0000c100
04.06.2019 21:35:30.123 [00002244] --- Device FeatureLevels[1]=0000c000
04.06.2019 21:35:30.123 [00002244] --- Device FeatureLevels[2]=0000b100
04.06.2019 21:35:30.123 [00002244] --- Device FeatureLevels[3]=0000b000
04.06.2019 21:35:30.123 [00002244] --- Device FeatureLevels[4]=0000a100
04.06.2019 21:35:30.123 [00002244] --- Device FeatureLevels[5]=0000a000
04.06.2019 21:35:30.123 [00002244] --- Device FeatureLevels[6]=00009300
04.06.2019 21:35:30.123 [00002244] --- Device FeatureLevels[7]=00009200
04.06.2019 21:35:30.123 [00002244] --- Device FeatureLevels[8]=00009100
04.06.2019 21:35:30.123 [00002244] --- Device FeatureLevel -> 0000c000
04.06.2019 21:35:30.311 [00002244] --- Win10SC_[01] Created
04.06.2019 21:35:30.311 [00002244] --- [\\.\DISPLAY1] [Radeon RX 580 Series] [MONITOR\ADVEF2D\{4d36e96e-e325-11ce-bfc1-08002be10318}\0017] [Generic PnP Monitor]
04.06.2019 21:35:30.311 [00002244] --- shim Winmm hLib=14d70000
04.06.2019 21:35:30.311 [00002244] --- shim Winmm 14d76050, 14d75f10, 14d71060, 14d71040
04.06.2019 21:35:30.315 [00002244] --- WarpContext 8f92d040 Output=8354ff70 DeviceName=\\.\DISPLAY1 DesktopCoordinates(0,0 3840x1200) AttachedToDesktop=1 Rotation=1 (0)
04.06.2019 21:35:30.315 [00002244] --- WarpContext 8f92d040 count 1
04.06.2019 21:35:30.315 [00002244] --- GMOC[83c9fd08] DONE
04.06.2019 21:35:30.315 [00002244] --- WarpContext[8f92d040] Monitor=00010001
04.06.2019 21:35:30.315 [00002244] --- D3DXWrapper trying d3dx11_43.dll
04.06.2019 21:35:30.315 [00002244] --- D3DXWrapper d3dx11_43.dll loaded
04.06.2019 21:35:30.315 [00002244] --- WarpContext[8f92d040] D3DCompiler_47.DLL loaded directly
04.06.2019 21:35:30.315 [00002244] --- SCISSORS 1
04.06.2019 21:35:30.316 [00002244] --- ANISOTROPIC 4
04.06.2019 21:35:30.600 [00002244] --- WarpContext 8f92d040 T(3840x1200) O(3840x1200) enableRotation=0 rotateDegrees=0
04.06.2019 21:35:30.631 [00002244] --- WarpContext[8f92d040] CreateAllWarpingResources S=1 R=85 Warping=1
04.06.2019 21:35:30.631 [00002244] --- Cursor warping SSC=1a2048e0
04.06.2019 21:35:30.631 [00002244] ### Cursor clear cache CC[0]
04.06.2019 21:35:30.632 [00002244] ### Present[8f92d040] S
04.06.2019 21:35:30.632 [00002244] ### Present[8f92d040] uSOPSAS
04.06.2019 21:35:30.632 [00002244] ### Present[8f92d040] uSNPSAS
04.06.2019 21:35:30.632 [00002244] ### Present[8f92d040] CR
04.06.2019 21:35:30.632 [00002244] ### Present[8f92d040] OMSRT
04.06.2019 21:35:30.633 [00002244] ### Present[8f92d040] uDC
04.06.2019 21:35:30.633 [00002244] ### Present[8f92d040] OMSRT
04.06.2019 21:35:30.638 [00002244] ### Present[8f92d040] uRBT
04.06.2019 21:35:30.638 [00002244] ### Present[8f92d040] OMSRT
04.06.2019 21:35:30.638 [00002244] ### Present[8f92d040] uDG
04.06.2019 21:35:30.638 [00002244] ### Present[8f92d040] uROPSAS
04.06.2019 21:35:30.638 [00002244] ### Present[8f92d040] E
04.06.2019 21:35:34.232 [00002244] --- BaseDWMWarpContext[8f92d040] CC changed LCC 7 != CC 9
04.06.2019 21:35:34.232 [00002244] --- DestroyWarp
04.06.2019 21:35:34.232 [00002244] --- WarpContext[8f92d040] ReleaseAllWarpingResources R=-85
04.06.2019 21:35:34.232 [00002244] --- WarpContext[8f92d040] Monitor=00010001
04.06.2019 21:35:34.232 [00002244] --- WarpContext[8f92d040] D3DCompiler_47.DLL loaded directly
04.06.2019 21:35:34.232 [00002244] --- SCISSORS 1
04.06.2019 21:35:34.232 [00002244] --- ANISOTROPIC 4
04.06.2019 21:35:34.502 [00002244] --- WarpContext 8f92d040 T(3840x1200) O(3840x1200) enableRotation=0 rotateDegrees=0
04.06.2019 21:35:34.507 [00002244] --- WarpContext[8f92d040] CreateAllWarpingResources S=1 R=85 Warping=1
04.06.2019 21:35:34.507 [00002244] ### Cursor clear cache CC[2]
04.06.2019 21:35:34.508 [00002244] ### Present[8f92d040] S
04.06.2019 21:35:34.508 [00002244] ### Present[8f92d040] uSOPSAS
04.06.2019 21:35:34.508 [00002244] ### Present[8f92d040] uSNPSAS
04.06.2019 21:35:34.508 [00002244] ### Present[8f92d040] CR
04.06.2019 21:35:34.508 [00002244] ### Present[8f92d040] OMSRT
04.06.2019 21:35:34.508 [00002244] ### Present[8f92d040] uDC
04.06.2019 21:35:34.508 [00002244] ### Present[8f92d040] OMSRT
04.06.2019 21:35:34.509 [00002244] ### Present[8f92d040] uRBT
04.06.2019 21:35:34.509 [00002244] ### Present[8f92d040] OMSRT
04.06.2019 21:35:34.509 [00002244] ### Present[8f92d040] uDG
04.06.2019 21:35:34.509 [00002244] ### Present[8f92d040] uROPSAS
04.06.2019 21:35:34.509 [00002244] ### Present[8f92d040] E
04.06.2019 21:35:36.417 [00002244] --- BaseDWMWarpContext[8f92d040] CC changed LCC 9 != CC 11
04.06.2019 21:35:36.418 [00002244] --- DestroyWarp
04.06.2019 21:35:36.418 [00002244] --- WarpContext[8f92d040] ReleaseAllWarpingResources R=-85
04.06.2019 21:35:36.418 [00002244] --- WarpContext[8f92d040] Monitor=00010001
04.06.2019 21:35:36.418 [00002244] --- WarpContext[8f92d040] D3DCompiler_47.DLL loaded directly
04.06.2019 21:35:36.418 [00002244] --- SCISSORS 1
04.06.2019 21:35:36.418 [00002244] --- ANISOTROPIC 4
04.06.2019 21:35:36.689 [00002244] --- WarpContext 8f92d040 T(3840x1200) O(3840x1200) enableRotation=0 rotateDegrees=0
04.06.2019 21:35:36.692 [00002244] --- WarpContext[8f92d040] CreateAllWarpingResources S=1 R=85 Warping=1
04.06.2019 21:35:36.692 [00002244] ### Cursor clear cache CC[2]
04.06.2019 21:35:36.692 [00002244] ### Present[8f92d040] S
04.06.2019 21:35:36.692 [00002244] ### Present[8f92d040] uSOPSAS
04.06.2019 21:35:36.692 [00002244] ### Present[8f92d040] uSNPSAS
04.06.2019 21:35:36.692 [00002244] ### Present[8f92d040] CR
04.06.2019 21:35:36.692 [00002244] ### Present[8f92d040] OMSRT
04.06.2019 21:35:36.693 [00002244] ### Present[8f92d040] uDC
04.06.2019 21:35:36.693 [00002244] ### Present[8f92d040] OMSRT
04.06.2019 21:35:36.694 [00002244] ### Present[8f92d040] uRBT
04.06.2019 21:35:36.694 [00002244] ### Present[8f92d040] OMSRT
04.06.2019 21:35:36.694 [00002244] ### Present[8f92d040] uDG
04.06.2019 21:35:36.694 [00002244] ### Present[8f92d040] uROPSAS
04.06.2019 21:35:36.694 [00002244] ### Present[8f92d040] E
04.06.2019 21:35:37.602 [00002224] --- Restarting DWM
04.06.2019 21:35:37.804 [00002224] --- Exiting DWM
04.06.2019 21:35:37.856 [00002224] --- PROCESS DETACH
