05.06.2019 11:37:27.468 [00001edc] ??? OSM handle == NULL error=2
05.06.2019 11:37:27.468 [00001edc] ^^^ SC trying session1
--- [2]
05.06.2019 11:37:27.468 [00001edc] --- App --- Immersive Display PRO v3.0.5 (01.01.2019)
05.06.2019 11:37:27.468 [00001edc] --- OS 6:2 Microsoft Windows 8 Professional (build 9200), 64-bit 7(0) 8(1) 8.1(0) 10(0)
05.06.2019 11:37:27.468 [00001edc] --- Process32 C:\Program Files (x86)\Google\Update\1.3.34.11\GoogleCrashHandler.exe
05.06.2019 11:37:27.468 [00001edc] --- CmdLine ["C:\Program Files (x86)\Google\Update\1.3.34.11\GoogleCrashHandler.exe"]
05.06.2019 11:37:27.468 [00001edc] --- Enumerating displays ...
05.06.2019 11:37:27.468 [00001edc] --- SM_CMONITORS         = 1
05.06.2019 11:37:27.468 [00001edc] --- SM_SAMEDISPLAYFORMAT = 1
05.06.2019 11:37:27.468 [00001edc] --- SM_XVIRTUALSCREEN    = 0
05.06.2019 11:37:27.469 [00001edc] --- SM_YVIRTUALSCREEN    = 0
05.06.2019 11:37:27.469 [00001edc] --- SM_CXVIRTUALSCREEN   = 1024
05.06.2019 11:37:27.469 [00001edc] --- SM_CYVIRTUALSCREEN   = 768
05.06.2019 11:37:27.469 [00001edc] --- SM_CXCURSOR          = 32
05.06.2019 11:37:27.469 [00001edc] ??? No displays enumerated. Retry later
05.06.2019 11:37:27.469 [00001edc] --- hookD3D9
05.06.2019 11:37:27.470 [00001edc] --- DirectX9 dll=70ba0000
05.06.2019 11:37:27.524 [00001edc] --- DirectX9 API detected
05.06.2019 11:37:27.524 [00001edc] --- DirectX9Ex API detected
05.06.2019 11:37:27.524 [00001edc] --- i1: InterfaceProc1
05.06.2019 11:37:27.525 [00001edc] --- DXGI dll=71bd0000
05.06.2019 11:37:27.545 [00001edc] --- DirectX DXGI API CreateDXGIFactory detected 1
05.06.2019 11:37:27.566 [00001edc] --- DirectX DXGI API CreateDXGIFactory1 detected 1
05.06.2019 11:37:27.586 [00001edc] --- DirectX DXGI API CreateDXGIFactory2 detected 1
05.06.2019 11:37:27.599 [00001edc] --- DirectX DXGI API detected
05.06.2019 11:37:27.599 [00001edc] --- DirectX D3D12 API detected hd3d12=01380000
05.06.2019 11:37:27.620 [00001edc] --- DirectX D3D12 API detected 1
05.06.2019 11:37:27.620 [00001edc] --- hookOpenGL
05.06.2019 11:37:27.786 [00001edc] --- OpenGL API detected
05.06.2019 11:37:27.839 [00001edc] --- PROCESS DETACH
