05.06.2019 11:57:20.115 [00002bdc] --- App --- Immersive Display PRO v3.0.5 (01.01.2019)
05.06.2019 11:57:20.115 [00002bdc] --- OS 6:2 Microsoft Windows 8 Professional (build 9200), 64-bit 7(0) 8(1) 8.1(0) 10(0)
05.06.2019 11:57:20.115 [00002bdc] --- Process64 C:\Users\own\scoop\apps\git\2.21.0.windows.1\mingw64\bin\git.exe
05.06.2019 11:57:20.115 [00002bdc] --- CmdLine [git.exe  config --global user.name "amou"]
05.06.2019 11:57:20.115 [00002bdc] --- Enumerating displays ...
05.06.2019 11:57:20.116 [00002bdc] --- Device N[\\.\DISPLAY1] S[Radeon RX 580 Series] M[Generic PnP Monitor] F[desktop primary ]
05.06.2019 11:57:20.117 [00002bdc] --- Device N[\\.\DISPLAY2] S[Radeon RX 580 Series] M[] F[]
05.06.2019 11:57:20.118 [00002bdc] --- Device N[\\.\DISPLAY3] S[Radeon RX 580 Series] M[] F[]
05.06.2019 11:57:20.118 [00002bdc] --- Device N[\\.\DISPLAY4] S[Radeon RX 580 Series] M[] F[]
05.06.2019 11:57:20.119 [00002bdc] --- Device N[\\.\DISPLAY5] S[Radeon RX 580 Series] M[] F[]
05.06.2019 11:57:20.120 [00002bdc] --- Device N[\\.\DISPLAY6] S[Radeon RX 580 Series] M[] F[]
05.06.2019 11:57:20.120 [00002bdc] --- Device N[\\.\DISPLAY7] S[Radeon RX 580 Series] M[] F[]
05.06.2019 11:57:20.121 [00002bdc] --- Device N[\\.\DISPLAY8] S[Radeon RX 580 Series] M[] F[]
05.06.2019 11:57:20.121 [00002bdc] --- SM_CMONITORS         = 1
05.06.2019 11:57:20.121 [00002bdc] --- SM_SAMEDISPLAYFORMAT = 1
05.06.2019 11:57:20.121 [00002bdc] --- SM_XVIRTUALSCREEN    = 0
05.06.2019 11:57:20.121 [00002bdc] --- SM_YVIRTUALSCREEN    = 0
05.06.2019 11:57:20.121 [00002bdc] --- SM_CXVIRTUALSCREEN   = 3840
05.06.2019 11:57:20.121 [00002bdc] --- SM_CYVIRTUALSCREEN   = 1200
05.06.2019 11:57:20.121 [00002bdc] --- SM_CXCURSOR          = 32
05.06.2019 11:57:20.124 [00002bdc] --- [\\.\DISPLAY1] [Radeon RX 580 Series] [MONITOR\ADVEF2D\{4d36e96e-e325-11ce-bfc1-08002be10318}\0017] [Generic PnP Monitor]
05.06.2019 11:57:20.124 [00002bdc] --- Enumerated 1 displays
05.06.2019 11:57:20.124 [00002bdc] --- Displays initialized
05.06.2019 11:57:20.124 [00002bdc] --- Displays[0] M[00010001] HDC[f9010f12] GDC[dc011245] L=0 T=0 R=3840 B=1200 RECT[0,0 3840x1200] N[\\.\DISPLAY1] M[Generic PnP Monitor] F[1] PROJ[2x1] MAPS[2]
05.06.2019 11:57:20.124 [00002bdc] ---    Grouping G[0] N[0] GD[]
05.06.2019 11:57:20.124 [00002bdc] --- ---
05.06.2019 11:57:20.124 [00002bdc] --- hookD3D9
05.06.2019 11:57:20.125 [00002bdc] --- DirectX9 dll=670a0000
05.06.2019 11:57:20.182 [00002bdc] --- DirectX9 API detected
05.06.2019 11:57:20.182 [00002bdc] --- DirectX9Ex API detected
05.06.2019 11:57:20.182 [00002bdc] --- i1: InterfaceProc1
05.06.2019 11:57:20.182 [00002bdc] --- interfaceFunc1 [\\.\DISPLAY1] totalMaps=2
05.06.2019 11:57:20.182 [00002bdc] --- DXGI dll=95b60000
05.06.2019 11:57:20.213 [00002bdc] --- DirectX DXGI API CreateDXGIFactory detected 1
05.06.2019 11:57:20.242 [00002bdc] --- DirectX DXGI API CreateDXGIFactory1 detected 1
05.06.2019 11:57:20.271 [00002bdc] --- DirectX DXGI API CreateDXGIFactory2 detected 1
05.06.2019 11:57:20.271 [00002bdc] --- DirectX DXGI API detected
05.06.2019 11:57:20.271 [00002bdc] --- DirectX D3D12 API detected hd3d12=8f360000
05.06.2019 11:57:20.300 [00002bdc] --- DirectX D3D12 API detected 1
05.06.2019 11:57:20.300 [00002bdc] --- hookOpenGL
05.06.2019 11:57:20.511 [00002bdc] --- OpenGL API detected
05.06.2019 11:57:20.566 [00002bdc] --- PROCESS DETACH
