04.06.2019 15:08:03.270 [00002080] --- App --- Immersive Display PRO v3.0.5 (01.01.2019)
04.06.2019 15:08:03.270 [00002080] --- OS 6:2 Microsoft Windows 8 Professional (build 9200), 64-bit 7(0) 8(1) 8.1(0) 10(0)
04.06.2019 15:08:03.270 [00002080] --- Process64 C:\Program Files\FARO\SCENE LT\libcef_process.exe
04.06.2019 15:08:03.270 [00002080] --- CmdLine [libcef_process.exe --type=renderer --disable-gpu-compositing --no-sandbox --enable-begin-frame-scheduling --disable-databases --lang=en-US --lang=zh-CN --log-file=cef_logfile.txt --log-severity=disable --enable-pinch --device-scale-factor=1 --num-raster-thre?]
04.06.2019 15:08:03.270 [00002080] --- Enumerating displays ...
04.06.2019 15:08:03.271 [00002080] --- Device N[\\.\DISPLAY1] S[Radeon RX 580 Series] M[Generic PnP Monitor] F[desktop primary ]
04.06.2019 15:08:03.271 [00002080] --- Device N[\\.\DISPLAY2] S[Radeon RX 580 Series] M[] F[]
04.06.2019 15:08:03.272 [00002080] --- Device N[\\.\DISPLAY3] S[Radeon RX 580 Series] M[] F[]
04.06.2019 15:08:03.273 [00002080] --- Device N[\\.\DISPLAY4] S[Radeon RX 580 Series] M[] F[]
04.06.2019 15:08:03.273 [00002080] --- Device N[\\.\DISPLAY5] S[Radeon RX 580 Series] M[] F[]
04.06.2019 15:08:03.274 [00002080] --- Device N[\\.\DISPLAY6] S[Radeon RX 580 Series] M[] F[]
04.06.2019 15:08:03.274 [00002080] --- Device N[\\.\DISPLAY7] S[Radeon RX 580 Series] M[] F[]
04.06.2019 15:08:03.275 [00002080] --- Device N[\\.\DISPLAY8] S[Radeon RX 580 Series] M[] F[]
04.06.2019 15:08:03.275 [00002080] --- SM_CMONITORS         = 1
04.06.2019 15:08:03.275 [00002080] --- SM_SAMEDISPLAYFORMAT = 1
04.06.2019 15:08:03.275 [00002080] --- SM_XVIRTUALSCREEN    = 0
04.06.2019 15:08:03.275 [00002080] --- SM_YVIRTUALSCREEN    = 0
04.06.2019 15:08:03.275 [00002080] --- SM_CXVIRTUALSCREEN   = 3840
04.06.2019 15:08:03.275 [00002080] --- SM_CYVIRTUALSCREEN   = 1200
04.06.2019 15:08:03.275 [00002080] --- SM_CXCURSOR          = 32
04.06.2019 15:08:03.277 [00002080] --- [\\.\DISPLAY1] [Radeon RX 580 Series] [MONITOR\ADVEF2D\{4d36e96e-e325-11ce-bfc1-08002be10318}\0013] [Generic PnP Monitor]
04.06.2019 15:08:03.278 [00002080] --- Enumerated 1 displays
04.06.2019 15:08:03.278 [00002080] --- Displays initialized
04.06.2019 15:08:03.278 [00002080] --- Displays[0] M[00010001] HDC[01010650] GDC[92011089] L=0 T=0 R=3840 B=1200 RECT[0,0 3840x1200] N[\\.\DISPLAY1] M[Generic PnP Monitor] F[1] PROJ[2x1] MAPS[2]
04.06.2019 15:08:03.278 [00002080] ---    Grouping G[0] N[0] GD[]
04.06.2019 15:08:03.278 [00002080] --- ---
04.06.2019 15:08:03.278 [00002080] --- hookD3D9
04.06.2019 15:08:03.279 [00002080] --- DirectX9 dll=56cb0000
04.06.2019 15:08:03.320 [00002080] --- DirectX9 API detected
04.06.2019 15:08:03.320 [00002080] --- DirectX9Ex API detected
04.06.2019 15:08:03.320 [00002080] --- i1: InterfaceProc1
04.06.2019 15:08:03.320 [00002080] --- interfaceFunc1 [\\.\DISPLAY1] totalMaps=2
04.06.2019 15:08:03.320 [00002080] --- DXGI dll=7ce30000
04.06.2019 15:08:03.341 [00002080] --- DirectX DXGI API CreateDXGIFactory detected 1
04.06.2019 15:08:03.361 [00002080] --- DirectX DXGI API CreateDXGIFactory1 detected 1
04.06.2019 15:08:03.382 [00002080] --- DirectX DXGI API CreateDXGIFactory2 detected 1
04.06.2019 15:08:03.382 [00002080] --- DirectX DXGI API detected
04.06.2019 15:08:03.383 [00002080] --- DirectX D3D12 API detected hd3d12=75c40000
04.06.2019 15:08:03.403 [00002080] --- DirectX D3D12 API detected 1
04.06.2019 15:08:03.403 [00002080] --- hookOpenGL
04.06.2019 15:08:03.543 [00002080] --- OpenGL API detected
