05.06.2019 11:42:54.237 [000018e0] ??? OSM handle == NULL error=2
05.06.2019 11:42:54.237 [000018e0] ^^^ SC trying session1
--- [2]
05.06.2019 11:42:54.238 [000018e0] --- App --- Immersive Display PRO v3.0.5 (01.01.2019)
05.06.2019 11:42:54.238 [000018e0] --- OS 6:2 Microsoft Windows 8 Professional (build 9200), 64-bit 7(0) 8(1) 8.1(0) 10(0)
05.06.2019 11:42:54.238 [000018e0] --- Process64 C:\Program Files\Intel\SUR\QUEENCREEK\x64\esrv_svc.exe
05.06.2019 11:42:54.238 [000018e0] --- CmdLine ["C:\Program Files\Intel\SUR\QUEENCREEK\x64\esrv_svc.exe" "--AUTO_START" "--start" "--start_options_registry_key" "HKEY_LOCAL_MACHINE\SYSTEM\CurrentControlSet\services\ESRV_SVC_QUEENCREEK\_start"]
05.06.2019 11:42:54.238 [000018e0] --- Enumerating displays ...
05.06.2019 11:42:54.238 [000018e0] --- SM_CMONITORS         = 1
05.06.2019 11:42:54.238 [000018e0] --- SM_SAMEDISPLAYFORMAT = 1
05.06.2019 11:42:54.238 [000018e0] --- SM_XVIRTUALSCREEN    = 0
05.06.2019 11:42:54.238 [000018e0] --- SM_YVIRTUALSCREEN    = 0
05.06.2019 11:42:54.238 [000018e0] --- SM_CXVIRTUALSCREEN   = 1024
05.06.2019 11:42:54.238 [000018e0] --- SM_CYVIRTUALSCREEN   = 768
05.06.2019 11:42:54.238 [000018e0] --- SM_CXCURSOR          = 32
05.06.2019 11:42:54.238 [000018e0] ??? No displays enumerated. Retry later
05.06.2019 11:42:54.238 [000018e0] --- hookD3D9
05.06.2019 11:42:54.239 [000018e0] --- DirectX9 dll=670a0000
05.06.2019 11:42:54.271 [000018e0] --- DirectX9 API detected
05.06.2019 11:42:54.271 [000018e0] --- DirectX9Ex API detected
05.06.2019 11:42:54.271 [000018e0] --- i1: InterfaceProc1
05.06.2019 11:42:54.271 [000018e0] --- DXGI dll=95b60000
05.06.2019 11:42:54.287 [000018e0] --- DirectX DXGI API CreateDXGIFactory detected 1
05.06.2019 11:42:54.302 [000018e0] --- DirectX DXGI API CreateDXGIFactory1 detected 1
05.06.2019 11:42:54.318 [000018e0] --- DirectX DXGI API CreateDXGIFactory2 detected 1
05.06.2019 11:42:54.318 [000018e0] --- DirectX DXGI API detected
05.06.2019 11:42:54.319 [000018e0] --- DirectX D3D12 API detected hd3d12=8f360000
05.06.2019 11:42:54.335 [000018e0] --- DirectX D3D12 API detected 1
05.06.2019 11:42:54.335 [000018e0] --- hookOpenGL
05.06.2019 11:42:54.444 [000018e0] --- OpenGL API detected
