05.06.2019 10:56:54.351 [00001cd4] --- App --- Immersive Display PRO v3.0.5 (01.01.2019)
05.06.2019 10:56:54.351 [00001cd4] --- OS 6:2 Microsoft Windows 8 Professional (build 9200), 64-bit 7(0) 8(1) 8.1(0) 10(0)
05.06.2019 10:56:54.351 [00001cd4] --- Process64 C:\WINDOWS\system32\dwm.exe
05.06.2019 10:56:54.351 [00001cd4] --- CmdLine ["dwm.exe"]
05.06.2019 10:56:54.351 [00001cd4] --- Enumerating displays ...
05.06.2019 10:56:54.352 [00001cd4] --- Device N[\\.\DISPLAY1] S[Radeon RX 580 Series] M[Generic PnP Monitor] F[desktop primary ]
05.06.2019 10:56:54.352 [00001cd4] --- Device N[\\.\DISPLAY2] S[Radeon RX 580 Series] M[] F[]
05.06.2019 10:56:54.353 [00001cd4] --- Device N[\\.\DISPLAY3] S[Radeon RX 580 Series] M[] F[]
05.06.2019 10:56:54.353 [00001cd4] --- Device N[\\.\DISPLAY4] S[Radeon RX 580 Series] M[] F[]
05.06.2019 10:56:54.354 [00001cd4] --- Device N[\\.\DISPLAY5] S[Radeon RX 580 Series] M[] F[]
05.06.2019 10:56:54.355 [00001cd4] --- Device N[\\.\DISPLAY6] S[Radeon RX 580 Series] M[] F[]
05.06.2019 10:56:54.355 [00001cd4] --- Device N[\\.\DISPLAY7] S[Radeon RX 580 Series] M[] F[]
05.06.2019 10:56:54.356 [00001cd4] --- Device N[\\.\DISPLAY8] S[Radeon RX 580 Series] M[] F[]
05.06.2019 10:56:54.356 [00001cd4] --- SM_CMONITORS         = 1
05.06.2019 10:56:54.356 [00001cd4] --- SM_SAMEDISPLAYFORMAT = 1
05.06.2019 10:56:54.356 [00001cd4] --- SM_XVIRTUALSCREEN    = 0
05.06.2019 10:56:54.356 [00001cd4] --- SM_YVIRTUALSCREEN    = 0
05.06.2019 10:56:54.356 [00001cd4] --- SM_CXVIRTUALSCREEN   = 3840
05.06.2019 10:56:54.356 [00001cd4] --- SM_CYVIRTUALSCREEN   = 1200
05.06.2019 10:56:54.356 [00001cd4] --- SM_CXCURSOR          = 32
05.06.2019 10:56:54.356 [00001cd4] ??? No displays enumerated. Retry later
05.06.2019 10:56:54.356 [00001cd4] --- hookD3D9
05.06.2019 10:56:54.357 [00001cd4] --- DirectX9 dll=a5ef0000
05.06.2019 10:56:54.396 [00001cd4] --- DirectX9 API detected
05.06.2019 10:56:54.396 [00001cd4] --- DirectX9Ex API detected
05.06.2019 10:56:54.396 [00001cd4] --- i1: InterfaceProc1
05.06.2019 10:56:54.396 [00001cd4] --- DXGI dll=d3330000
05.06.2019 10:56:54.412 [00001cd4] --- DirectX DXGI API CreateDXGIFactory detected 1
05.06.2019 10:56:54.443 [00001cd4] --- DirectX DXGI API CreateDXGIFactory1 detected 1
05.06.2019 10:56:54.459 [00001cd4] --- DirectX DXGI API CreateDXGIFactory2 detected 1
05.06.2019 10:56:54.459 [00001cd4] --- DirectX DXGI API detected
05.06.2019 10:56:54.490 [00001cd4] --- DirectX D3D11 API detected 1
05.06.2019 10:56:54.490 [00001cd4] --- DirectX D3D12 API detected hd3d12=cc750000
05.06.2019 10:56:54.506 [00001cd4] --- DirectX D3D12 API detected 1
05.06.2019 10:56:54.506 [00001cd4] --- hookOpenGL
05.06.2019 10:56:54.662 [00001cd4] --- OpenGL API detected
05.06.2019 10:56:54.771 [000018c0] --- D3D11CreateDevice ADAPTER NULL
05.06.2019 10:56:54.787 [00001f18] --- D3D11CreateDevice ADAPTER Description=Radeon RX 580 Series
05.06.2019 10:56:54.787 [00001f18] --- Device FeatureLevels[0]=0000a100
05.06.2019 10:56:54.787 [000018c0] --- Device FeatureLevel -> 0000b000
05.06.2019 10:56:54.803 [00001f18] --- D3D11CreateDevice ADAPTER Description=Radeon RX 580 Series
05.06.2019 10:56:54.803 [00001f18] --- Device FeatureLevels[0]=0000c100
05.06.2019 10:56:54.803 [00001f18] --- Device FeatureLevels[1]=0000c000
05.06.2019 10:56:54.803 [00001f18] --- Device FeatureLevels[2]=0000b100
05.06.2019 10:56:54.803 [00001f18] --- Device FeatureLevels[3]=0000b000
05.06.2019 10:56:54.803 [00001f18] --- Device FeatureLevels[4]=0000a100
05.06.2019 10:56:54.803 [00001f18] --- Device FeatureLevels[5]=0000a000
05.06.2019 10:56:54.803 [00001f18] --- Device FeatureLevels[6]=00009300
05.06.2019 10:56:54.803 [00001f18] --- Device FeatureLevels[7]=00009200
05.06.2019 10:56:54.803 [00001f18] --- Device FeatureLevels[8]=00009100
05.06.2019 10:56:54.803 [00001f18] --- Device FeatureLevel -> 0000c000
05.06.2019 11:09:18.788 [00001e38] --- Restarting DWM
05.06.2019 11:09:18.991 [00001e38] --- Exiting DWM
05.06.2019 11:09:19.053 [00001e38] --- PROCESS DETACH
