05.06.2019 11:41:13.462 [00001e10] --- App --- Immersive Display PRO v3.0.5 (01.01.2019)
05.06.2019 11:41:13.462 [00001e10] --- OS 6:2 Microsoft Windows 8 Professional (build 9200), 64-bit 7(0) 8(1) 8.1(0) 10(0)
05.06.2019 11:41:13.462 [00001e10] --- Process64 C:\Users\own\scoop\shims\git.exe
05.06.2019 11:41:13.462 [00001e10] --- CmdLine [git  pull]
05.06.2019 11:41:13.462 [00001e10] --- Enumerating displays ...
05.06.2019 11:41:13.464 [00001e10] --- Device N[\\.\DISPLAY1] S[Radeon RX 580 Series] M[Generic PnP Monitor] F[desktop primary ]
05.06.2019 11:41:13.465 [00001e10] --- Device N[\\.\DISPLAY2] S[Radeon RX 580 Series] M[] F[]
05.06.2019 11:41:13.466 [00001e10] --- Device N[\\.\DISPLAY3] S[Radeon RX 580 Series] M[] F[]
05.06.2019 11:41:13.467 [00001e10] --- Device N[\\.\DISPLAY4] S[Radeon RX 580 Series] M[] F[]
05.06.2019 11:41:13.468 [00001e10] --- Device N[\\.\DISPLAY5] S[Radeon RX 580 Series] M[] F[]
05.06.2019 11:41:13.468 [00001e10] --- Device N[\\.\DISPLAY6] S[Radeon RX 580 Series] M[] F[]
05.06.2019 11:41:13.469 [00001e10] --- Device N[\\.\DISPLAY7] S[Radeon RX 580 Series] M[] F[]
05.06.2019 11:41:13.470 [00001e10] --- Device N[\\.\DISPLAY8] S[Radeon RX 580 Series] M[] F[]
05.06.2019 11:41:13.470 [00001e10] --- SM_CMONITORS         = 1
05.06.2019 11:41:13.470 [00001e10] --- SM_SAMEDISPLAYFORMAT = 1
05.06.2019 11:41:13.470 [00001e10] --- SM_XVIRTUALSCREEN    = 0
05.06.2019 11:41:13.470 [00001e10] --- SM_YVIRTUALSCREEN    = 0
05.06.2019 11:41:13.470 [00001e10] --- SM_CXVIRTUALSCREEN   = 3840
05.06.2019 11:41:13.470 [00001e10] --- SM_CYVIRTUALSCREEN   = 1200
05.06.2019 11:41:13.470 [00001e10] --- SM_CXCURSOR          = 32
05.06.2019 11:41:13.472 [00001e10] --- [\\.\DISPLAY1] [Radeon RX 580 Series] [MONITOR\ADVEF2D\{4d36e96e-e325-11ce-bfc1-08002be10318}\0017] [Generic PnP Monitor]
05.06.2019 11:41:13.473 [00001e10] --- Enumerated 1 displays
05.06.2019 11:41:13.473 [00001e10] --- Displays initialized
05.06.2019 11:41:13.473 [00001e10] --- Displays[0] M[00010001] HDC[0b010bfb] GDC[04010cab] L=0 T=0 R=3840 B=1200 RECT[0,0 3840x1200] N[\\.\DISPLAY1] M[Generic PnP Monitor] F[1] PROJ[2x1] MAPS[2]
05.06.2019 11:41:13.473 [00001e10] ---    Grouping G[0] N[0] GD[]
05.06.2019 11:41:13.473 [00001e10] --- ---
05.06.2019 11:41:13.473 [00001e10] --- hookD3D9
05.06.2019 11:41:13.475 [00001e10] --- DirectX9 dll=670a0000
05.06.2019 11:41:13.520 [00001e10] --- DirectX9 API detected
05.06.2019 11:41:13.520 [00001e10] --- DirectX9Ex API detected
05.06.2019 11:41:13.520 [00001e10] --- i1: InterfaceProc1
05.06.2019 11:41:13.520 [00001e10] --- interfaceFunc1 [\\.\DISPLAY1] totalMaps=2
05.06.2019 11:41:13.520 [00001e10] --- DXGI dll=95b60000
05.06.2019 11:41:13.542 [00001e10] --- DirectX DXGI API CreateDXGIFactory detected 1
05.06.2019 11:41:13.564 [00001e10] --- DirectX DXGI API CreateDXGIFactory1 detected 1
05.06.2019 11:41:13.572 [00001e10] --- DirectX DXGI API CreateDXGIFactory2 detected 1
05.06.2019 11:41:13.572 [00001e10] --- DirectX DXGI API detected
05.06.2019 11:41:13.572 [00001e10] --- DirectX D3D12 API detected hd3d12=8f360000
05.06.2019 11:41:13.603 [00001e10] --- DirectX D3D12 API detected 1
05.06.2019 11:41:13.603 [00001e10] --- hookOpenGL
05.06.2019 11:41:13.759 [00001e10] --- OpenGL API detected
05.06.2019 11:41:19.459 [00001e10] --- PROCESS DETACH
