04.06.2019 21:38:34.591 [00001f74] --- App --- Immersive Display PRO v3.0.5 (01.01.2019)
04.06.2019 21:38:34.591 [00001f74] --- OS 6:2 Microsoft Windows 8 Professional (build 9200), 64-bit 7(0) 8(1) 8.1(0) 10(0)
04.06.2019 21:38:34.591 [00001f74] --- Process64 C:\Users\own\scoop\apps\git\2.21.0.windows.1\mingw64\libexec\git-core\git-remote-https.exe
04.06.2019 21:38:34.591 [00001f74] --- CmdLine [git-remote-https origin https://github.com/amoujhang/boch-wall.git]
04.06.2019 21:38:34.591 [00001f74] --- Enumerating displays ...
04.06.2019 21:38:34.591 [00001f74] --- Device N[\\.\DISPLAY1] S[Radeon RX 580 Series] M[Generic PnP Monitor] F[desktop primary ]
04.06.2019 21:38:34.591 [00001f74] --- Device N[\\.\DISPLAY2] S[Radeon RX 580 Series] M[] F[]
04.06.2019 21:38:34.591 [00001f74] --- Device N[\\.\DISPLAY3] S[Radeon RX 580 Series] M[] F[]
04.06.2019 21:38:34.607 [00001f74] --- Device N[\\.\DISPLAY4] S[Radeon RX 580 Series] M[] F[]
04.06.2019 21:38:34.607 [00001f74] --- Device N[\\.\DISPLAY5] S[Radeon RX 580 Series] M[] F[]
04.06.2019 21:38:34.607 [00001f74] --- Device N[\\.\DISPLAY6] S[Radeon RX 580 Series] M[] F[]
04.06.2019 21:38:34.607 [00001f74] --- Device N[\\.\DISPLAY7] S[Radeon RX 580 Series] M[] F[]
04.06.2019 21:38:34.607 [00001f74] --- Device N[\\.\DISPLAY8] S[Radeon RX 580 Series] M[] F[]
04.06.2019 21:38:34.607 [00001f74] --- SM_CMONITORS         = 1
04.06.2019 21:38:34.607 [00001f74] --- SM_SAMEDISPLAYFORMAT = 1
04.06.2019 21:38:34.607 [00001f74] --- SM_XVIRTUALSCREEN    = 0
04.06.2019 21:38:34.607 [00001f74] --- SM_YVIRTUALSCREEN    = 0
04.06.2019 21:38:34.607 [00001f74] --- SM_CXVIRTUALSCREEN   = 3840
04.06.2019 21:38:34.607 [00001f74] --- SM_CYVIRTUALSCREEN   = 1200
04.06.2019 21:38:34.607 [00001f74] --- SM_CXCURSOR          = 32
04.06.2019 21:38:34.607 [00001f74] --- [\\.\DISPLAY1] [Radeon RX 580 Series] [MONITOR\ADVEF2D\{4d36e96e-e325-11ce-bfc1-08002be10318}\0017] [Generic PnP Monitor]
04.06.2019 21:38:34.607 [00001f74] --- Enumerated 1 displays
04.06.2019 21:38:34.607 [00001f74] --- Displays initialized
04.06.2019 21:38:34.607 [00001f74] --- Displays[0] M[00010001] HDC[37010cc7] GDC[1b010b94] L=0 T=0 R=3840 B=1200 RECT[0,0 3840x1200] N[\\.\DISPLAY1] M[Generic PnP Monitor] F[1] PROJ[2x1] MAPS[2]
04.06.2019 21:38:34.607 [00001f74] ---    Grouping G[0] N[0] GD[]
04.06.2019 21:38:34.607 [00001f74] --- ---
04.06.2019 21:38:34.607 [00001f74] --- hookD3D9
04.06.2019 21:38:34.607 [00001f74] --- DirectX9 dll=f7500000
04.06.2019 21:38:34.654 [00001f74] --- DirectX9 API detected
04.06.2019 21:38:34.654 [00001f74] --- DirectX9Ex API detected
04.06.2019 21:38:34.654 [00001f74] --- i1: InterfaceProc1
04.06.2019 21:38:34.654 [00001f74] --- interfaceFunc1 [\\.\DISPLAY1] totalMaps=2
04.06.2019 21:38:34.654 [00001f74] --- DXGI dll=25e60000
04.06.2019 21:38:34.669 [00001f74] --- DirectX DXGI API CreateDXGIFactory detected 1
04.06.2019 21:38:34.701 [00001f74] --- DirectX DXGI API CreateDXGIFactory1 detected 1
04.06.2019 21:38:34.716 [00001f74] --- DirectX DXGI API CreateDXGIFactory2 detected 1
04.06.2019 21:38:34.716 [00001f74] --- DirectX DXGI API detected
04.06.2019 21:38:34.716 [00001f74] --- DirectX D3D12 API detected hd3d12=1f560000
04.06.2019 21:38:34.748 [00001f74] --- DirectX D3D12 API detected 1
04.06.2019 21:38:34.748 [00001f74] --- hookOpenGL
04.06.2019 21:38:34.904 [00001f74] --- OpenGL API detected
04.06.2019 21:38:37.152 [00001f74] --- PROCESS DETACH
