04.06.2019 15:41:04.418 [00001880] ??? OSM handle == NULL error=2
04.06.2019 15:41:04.418 [00001880] ^^^ SC trying session1
--- [2]
04.06.2019 15:41:04.419 [00001880] --- App --- Immersive Display PRO v3.0.5 (01.01.2019)
04.06.2019 15:41:04.419 [00001880] --- OS 6:2 Microsoft Windows 8 Professional (build 9200), 64-bit 7(0) 8(1) 8.1(0) 10(0)
04.06.2019 15:41:04.419 [00001880] --- Process32 C:\Program Files (x86)\Google\Update\GoogleUpdate.exe
04.06.2019 15:41:04.419 [00001880] --- CmdLine ["C:\Program Files (x86)\Google\Update\GoogleUpdate.exe" /svc]
04.06.2019 15:41:04.419 [00001880] --- Enumerating displays ...
04.06.2019 15:41:04.419 [00001880] --- SM_CMONITORS         = 1
04.06.2019 15:41:04.419 [00001880] --- SM_SAMEDISPLAYFORMAT = 1
04.06.2019 15:41:04.419 [00001880] --- SM_XVIRTUALSCREEN    = 0
04.06.2019 15:41:04.419 [00001880] --- SM_YVIRTUALSCREEN    = 0
04.06.2019 15:41:04.419 [00001880] --- SM_CXVIRTUALSCREEN   = 1024
04.06.2019 15:41:04.419 [00001880] --- SM_CYVIRTUALSCREEN   = 768
04.06.2019 15:41:04.419 [00001880] --- SM_CXCURSOR          = 32
04.06.2019 15:41:04.419 [00001880] ??? No displays enumerated. Retry later
04.06.2019 15:41:04.419 [00001880] --- hookD3D9
04.06.2019 15:41:04.420 [00001880] --- DirectX9 dll=71460000
04.06.2019 15:41:04.458 [00001880] --- DirectX9 API detected
04.06.2019 15:41:04.458 [00001880] --- DirectX9Ex API detected
04.06.2019 15:41:04.458 [00001880] --- i1: InterfaceProc1
04.06.2019 15:41:04.459 [00001880] --- DXGI dll=724a0000
04.06.2019 15:41:04.476 [00001880] --- DirectX DXGI API CreateDXGIFactory detected 1
04.06.2019 15:41:04.492 [00001880] --- DirectX DXGI API CreateDXGIFactory1 detected 1
04.06.2019 15:41:04.509 [00001880] --- DirectX DXGI API CreateDXGIFactory2 detected 1
04.06.2019 15:41:04.509 [00001880] --- DirectX DXGI API detected
04.06.2019 15:41:04.509 [00001880] --- DirectX D3D12 API detected hd3d12=72330000
04.06.2019 15:41:04.526 [00001880] --- DirectX D3D12 API detected 1
04.06.2019 15:41:04.526 [00001880] --- hookOpenGL
04.06.2019 15:41:04.668 [00001880] --- OpenGL API detected
04.06.2019 15:41:04.755 [00001880] --- PROCESS DETACH
