05.06.2019 11:25:28.926 [000008dc] ??? OSM handle == NULL error=2
05.06.2019 11:25:28.926 [000008dc] ^^^ SC trying session1
--- [2]
05.06.2019 11:25:28.927 [000008dc] --- App --- Immersive Display PRO v3.0.5 (01.01.2019)
05.06.2019 11:25:28.927 [000008dc] --- OS 6:2 Microsoft Windows 8 Professional (build 9200), 64-bit 7(0) 8(1) 8.1(0) 10(0)
05.06.2019 11:25:28.927 [000008dc] --- Process64 C:\ProgramData\Microsoft\Windows Defender\platform\4.18.1905.4-0\MpCmdRun.exe
05.06.2019 11:25:28.927 [000008dc] --- CmdLine ["C:\ProgramData\Microsoft\Windows Defender\platform\4.18.1905.4-0\MpCmdRun.exe" SignatureUpdate -ScheduleJob -RestrictPrivileges -Reinvoke]
05.06.2019 11:25:28.927 [000008dc] --- Enumerating displays ...
05.06.2019 11:25:28.927 [000008dc] --- SM_CMONITORS         = 1
05.06.2019 11:25:28.927 [000008dc] --- SM_SAMEDISPLAYFORMAT = 1
05.06.2019 11:25:28.927 [000008dc] --- SM_XVIRTUALSCREEN    = 0
05.06.2019 11:25:28.927 [000008dc] --- SM_YVIRTUALSCREEN    = 0
05.06.2019 11:25:28.927 [000008dc] --- SM_CXVIRTUALSCREEN   = 1024
05.06.2019 11:25:28.927 [000008dc] --- SM_CYVIRTUALSCREEN   = 768
05.06.2019 11:25:28.927 [000008dc] --- SM_CXCURSOR          = 32
05.06.2019 11:25:28.927 [000008dc] ??? No displays enumerated. Retry later
05.06.2019 11:25:28.927 [000008dc] --- hookD3D9
05.06.2019 11:25:28.928 [000008dc] --- DirectX9 dll=feaf0000
05.06.2019 11:25:28.980 [000008dc] --- DirectX9 API detected
05.06.2019 11:25:28.980 [000008dc] --- DirectX9Ex API detected
05.06.2019 11:25:28.980 [000008dc] --- i1: InterfaceProc1
05.06.2019 11:25:28.981 [000008dc] --- DXGI dll=2d520000
05.06.2019 11:25:29.007 [000008dc] --- DirectX DXGI API CreateDXGIFactory detected 1
05.06.2019 11:25:29.033 [000008dc] --- DirectX DXGI API CreateDXGIFactory1 detected 1
05.06.2019 11:25:29.059 [000008dc] --- DirectX DXGI API CreateDXGIFactory2 detected 1
05.06.2019 11:25:29.059 [000008dc] --- DirectX DXGI API detected
05.06.2019 11:25:29.059 [000008dc] --- DirectX D3D12 API detected hd3d12=26cf0000
05.06.2019 11:25:29.085 [000008dc] --- DirectX D3D12 API detected 1
05.06.2019 11:25:29.085 [000008dc] --- hookOpenGL
05.06.2019 11:25:29.268 [000008dc] --- OpenGL API detected
