04.06.2019 21:19:47.928 [00001ba0] --- App --- Immersive Display PRO v3.0.5 (01.01.2019)
04.06.2019 21:19:47.928 [00001ba0] --- OS 6:2 Microsoft Windows 8 Professional (build 9200), 64-bit 7(0) 8(1) 8.1(0) 10(0)
04.06.2019 21:19:47.928 [00001ba0] --- Process64 C:\Program Files (x86)\Kindel Systems\MCE Controller\MCEControl.exe
04.06.2019 21:19:47.928 [00001ba0] --- CmdLine ["C:\Program Files (x86)\Kindel Systems\MCE Controller\MCEControl.exe" ]
04.06.2019 21:19:47.928 [00001ba0] --- Enumerating displays ...
04.06.2019 21:19:47.929 [00001ba0] --- Device N[\\.\DISPLAY1] S[Radeon RX 580 Series] M[Generic PnP Monitor] F[desktop ]
04.06.2019 21:19:47.930 [00001ba0] --- Device N[\\.\DISPLAY2] S[Radeon RX 580 Series] M[Generic PnP Monitor] F[desktop primary ]
04.06.2019 21:19:47.931 [00001ba0] --- Device N[\\.\DISPLAY3] S[Radeon RX 580 Series] M[] F[]
04.06.2019 21:19:47.932 [00001ba0] --- Device N[\\.\DISPLAY4] S[Radeon RX 580 Series] M[] F[]
04.06.2019 21:19:47.933 [00001ba0] --- Device N[\\.\DISPLAY5] S[Radeon RX 580 Series] M[] F[]
04.06.2019 21:19:47.934 [00001ba0] --- Device N[\\.\DISPLAY6] S[Radeon RX 580 Series] M[] F[]
04.06.2019 21:19:47.934 [00001ba0] --- SM_CMONITORS         = 2
04.06.2019 21:19:47.934 [00001ba0] --- SM_SAMEDISPLAYFORMAT = 1
04.06.2019 21:19:47.934 [00001ba0] --- SM_XVIRTUALSCREEN    = 0
04.06.2019 21:19:47.934 [00001ba0] --- SM_YVIRTUALSCREEN    = 0
04.06.2019 21:19:47.934 [00001ba0] --- SM_CXVIRTUALSCREEN   = 3840
04.06.2019 21:19:47.934 [00001ba0] --- SM_CYVIRTUALSCREEN   = 1200
04.06.2019 21:19:47.934 [00001ba0] --- SM_CXCURSOR          = 32
04.06.2019 21:19:47.939 [00001ba0] --- [\\.\DISPLAY1] [Radeon RX 580 Series] [MONITOR\SECA70B\{4d36e96e-e325-11ce-bfc1-08002be10318}\0016] [Generic PnP Monitor]
04.06.2019 21:19:47.940 [00001ba0] --- [\\.\DISPLAY2] [Radeon RX 580 Series] [MONITOR\SECA70B\{4d36e96e-e325-11ce-bfc1-08002be10318}\0015] [Generic PnP Monitor]
04.06.2019 21:19:47.940 [00001ba0] --- Enumerated 2 displays
04.06.2019 21:19:47.940 [00001ba0] --- Displays initialized
04.06.2019 21:19:47.940 [00001ba0] --- Displays[0] M[00010003] HDC[1b010d5e] GDC[2f010c0b] L=1920 T=0 R=3840 B=1200 RECT[1920,0 1920x1200] N[\\.\DISPLAY1] M[Generic PnP Monitor] F[0] PROJ[0x0] MAPS[0]
04.06.2019 21:19:47.940 [00001ba0] ---    Grouping G[0] N[0] GD[]
04.06.2019 21:19:47.940 [00001ba0] --- Displays[1] M[00010001] HDC[d9010ca7] GDC[2a010bf8] L=0 T=0 R=1920 B=1200 RECT[0,0 1920x1200] N[\\.\DISPLAY2] M[Generic PnP Monitor] F[1] PROJ[0x0] MAPS[0]
04.06.2019 21:19:47.940 [00001ba0] ---    Grouping G[0] N[0] GD[]
04.06.2019 21:19:47.940 [00001ba0] --- ---
04.06.2019 21:19:47.940 [00001ba0] --- hookD3D9
04.06.2019 21:19:47.941 [00001ba0] --- DirectX9 dll=03460000
04.06.2019 21:19:47.996 [00001ba0] --- DirectX9 API detected
04.06.2019 21:19:47.996 [00001ba0] --- DirectX9Ex API detected
04.06.2019 21:19:47.996 [00001ba0] --- i1: InterfaceProc1
04.06.2019 21:19:47.996 [00001ba0] --- DXGI dll=1f3f0000
04.06.2019 21:19:48.024 [00001ba0] --- DirectX DXGI API CreateDXGIFactory detected 1
04.06.2019 21:19:48.051 [00001ba0] --- DirectX DXGI API CreateDXGIFactory1 detected 1
04.06.2019 21:19:48.078 [00001ba0] --- DirectX DXGI API CreateDXGIFactory2 detected 1
04.06.2019 21:19:48.078 [00001ba0] --- DirectX DXGI API detected
04.06.2019 21:19:48.078 [00001ba0] --- DirectX D3D12 API detected hd3d12=18bc0000
04.06.2019 21:19:48.106 [00001ba0] --- DirectX D3D12 API detected 1
04.06.2019 21:19:48.106 [00001ba0] --- hookOpenGL
04.06.2019 21:19:48.296 [00001ba0] --- OpenGL API detected
