04.06.2019 21:20:59.188 [00002480] ??? OSM handle == NULL error=2
04.06.2019 21:20:59.188 [00002480] ^^^ SC trying session1
--- [2]
04.06.2019 21:20:59.188 [00002480] --- App --- Immersive Display PRO v3.0.5 (01.01.2019)
04.06.2019 21:20:59.188 [00002480] --- OS 6:2 Microsoft Windows 8 Professional (build 9200), 64-bit 7(0) 8(1) 8.1(0) 10(0)
04.06.2019 21:20:59.188 [00002480] --- Process32 C:\Program Files (x86)\Google\Update\GoogleUpdate.exe
04.06.2019 21:20:59.188 [00002480] --- CmdLine ["C:\Program Files (x86)\Google\Update\GoogleUpdate.exe" /c]
04.06.2019 21:20:59.188 [00002480] --- Enumerating displays ...
04.06.2019 21:20:59.188 [00002480] --- SM_CMONITORS         = 1
04.06.2019 21:20:59.188 [00002480] --- SM_SAMEDISPLAYFORMAT = 1
04.06.2019 21:20:59.188 [00002480] --- SM_XVIRTUALSCREEN    = 0
04.06.2019 21:20:59.188 [00002480] --- SM_YVIRTUALSCREEN    = 0
04.06.2019 21:20:59.188 [00002480] --- SM_CXVIRTUALSCREEN   = 1024
04.06.2019 21:20:59.188 [00002480] --- SM_CYVIRTUALSCREEN   = 768
04.06.2019 21:20:59.188 [00002480] --- SM_CXCURSOR          = 32
04.06.2019 21:20:59.188 [00002480] ??? No displays enumerated. Retry later
04.06.2019 21:20:59.188 [00002480] --- hookD3D9
04.06.2019 21:20:59.189 [00002480] --- DirectX9 dll=02df0000
04.06.2019 21:20:59.239 [00002480] --- DirectX9 API detected
04.06.2019 21:20:59.239 [00002480] --- DirectX9Ex API detected
04.06.2019 21:20:59.239 [00002480] --- i1: InterfaceProc1
04.06.2019 21:20:59.240 [00002480] --- DXGI dll=72680000
04.06.2019 21:20:59.262 [00002480] --- DirectX DXGI API CreateDXGIFactory detected 1
04.06.2019 21:20:59.284 [00002480] --- DirectX DXGI API CreateDXGIFactory1 detected 1
04.06.2019 21:20:59.307 [00002480] --- DirectX DXGI API CreateDXGIFactory2 detected 1
04.06.2019 21:20:59.307 [00002480] --- DirectX DXGI API detected
04.06.2019 21:20:59.308 [00002480] --- DirectX D3D12 API detected hd3d12=723f0000
04.06.2019 21:20:59.334 [00002480] --- DirectX D3D12 API detected 1
04.06.2019 21:20:59.334 [00002480] --- hookOpenGL
04.06.2019 21:20:59.532 [00002480] --- OpenGL API detected
04.06.2019 21:20:59.603 [00002480] --- PROCESS DETACH
