04.06.2019 15:31:55.626 [0000169c] ??? OSM handle == NULL error=2
04.06.2019 15:31:55.626 [0000169c] ^^^ SC trying session1
04.06.2019 15:31:55.626 [0000169c] ??? OSM handle == NULL error=2
04.06.2019 15:31:55.626 [0000169c] ^^^ SC trying session2
04.06.2019 15:31:55.626 [0000169c] ??? OSM handle == NULL error=3
04.06.2019 15:31:55.626 [0000169c] --- DXGI dll=71b80000
04.06.2019 15:31:55.657 [0000169c] --- DirectX DXGI API CreateDXGIFactory detected 1
04.06.2019 15:31:55.673 [0000169c] --- DirectX DXGI API CreateDXGIFactory1 detected 1
04.06.2019 15:31:55.704 [0000169c] --- DirectX DXGI API CreateDXGIFactory2 detected 1
04.06.2019 15:31:55.704 [0000169c] --- DirectX DXGI API detected
04.06.2019 15:31:55.704 [0000169c] --- DirectX D3D12 API detected hd3d12=03cd0000
04.06.2019 15:31:55.720 [0000169c] --- DirectX D3D12 API detected 1
04.06.2019 15:31:55.720 [0000169c] ??? OSM handle == NULL error=2
04.06.2019 15:31:55.720 [0000169c] ^^^ SC trying session1
04.06.2019 15:31:55.720 [0000169c] ??? OSM handle == NULL error=2
04.06.2019 15:31:55.720 [0000169c] ^^^ SC trying session2
04.06.2019 15:31:55.720 [0000169c] ??? OSM handle == NULL error=3
04.06.2019 15:31:55.720 [0000169c] ??? OSM handle == NULL error=2
04.06.2019 15:31:55.720 [0000169c] ^^^ SC trying session1
04.06.2019 15:31:55.720 [0000169c] ??? OSM handle == NULL error=2
04.06.2019 15:31:55.720 [0000169c] ^^^ SC trying session2
04.06.2019 15:31:55.720 [0000169c] ??? OSM handle == NULL error=3
04.06.2019 15:31:57.750 [0000169c] ??? OSM handle == NULL error=2
04.06.2019 15:31:57.750 [0000169c] ^^^ SC trying session1
04.06.2019 15:31:57.750 [0000169c] ??? OSM handle == NULL error=2
04.06.2019 15:31:57.750 [0000169c] ^^^ SC trying session2
04.06.2019 15:31:57.750 [0000169c] ??? OSM handle == NULL error=3
04.06.2019 15:31:57.797 [000003bc] ??? OSM handle == NULL error=2
04.06.2019 15:31:57.797 [000003bc] ^^^ SC trying session1
04.06.2019 15:31:57.797 [000003bc] ??? OSM handle == NULL error=2
04.06.2019 15:31:57.797 [000003bc] ^^^ SC trying session2
04.06.2019 15:31:57.797 [000003bc] ??? OSM handle == NULL error=3
04.06.2019 15:31:57.813 [000003bc] ??? OSM handle == NULL error=2
04.06.2019 15:31:57.813 [000003bc] ^^^ SC trying session1
04.06.2019 15:31:57.813 [000003bc] ??? OSM handle == NULL error=2
04.06.2019 15:31:57.813 [000003bc] ^^^ SC trying session2
04.06.2019 15:31:57.813 [000003bc] ??? OSM handle == NULL error=3
04.06.2019 15:32:18.732 [000003bc] ??? OSM handle == NULL error=2
04.06.2019 15:32:18.732 [000003bc] ^^^ SC trying session1
04.06.2019 15:32:18.732 [000003bc] ??? OSM handle == NULL error=2
04.06.2019 15:32:18.732 [000003bc] ^^^ SC trying session2
04.06.2019 15:32:18.732 [000003bc] ??? OSM handle == NULL error=3
--- [42]
04.06.2019 15:32:43.135 [000003bc] --- App --- Immersive Display PRO v3.0.5 (01.01.2019)
04.06.2019 15:32:43.135 [000003bc] --- OS 6:2 Microsoft Windows 8 Professional (build 9200), 64-bit 7(0) 8(1) 8.1(0) 10(0)
04.06.2019 15:32:43.135 [000003bc] --- Process32 C:\Program Files (x86)\TeamViewer\TeamViewer.exe
04.06.2019 15:32:43.135 [000003bc] --- CmdLine ["C:\Program Files (x86)\TeamViewer\TeamViewer.exe"]
04.06.2019 15:32:43.135 [000003bc] --- Enumerating displays ...
04.06.2019 15:32:43.151 [000003bc] --- Device N[\\.\DISPLAY1] S[Radeon RX 580 Series] M[Generic PnP Monitor] F[desktop primary ]
04.06.2019 15:32:43.151 [000003bc] --- Device N[\\.\DISPLAY2] S[Radeon RX 580 Series] M[] F[]
04.06.2019 15:32:43.151 [000003bc] --- Device N[\\.\DISPLAY3] S[Radeon RX 580 Series] M[] F[]
04.06.2019 15:32:43.151 [000003bc] --- Device N[\\.\DISPLAY4] S[Radeon RX 580 Series] M[] F[]
04.06.2019 15:32:43.151 [000003bc] --- Device N[\\.\DISPLAY5] S[Radeon RX 580 Series] M[] F[]
04.06.2019 15:32:43.151 [000003bc] --- Device N[\\.\DISPLAY6] S[Radeon RX 580 Series] M[] F[]
04.06.2019 15:32:43.151 [000003bc] --- Device N[\\.\DISPLAY7] S[Radeon RX 580 Series] M[] F[]
04.06.2019 15:32:43.151 [000003bc] --- Device N[\\.\DISPLAY8] S[Radeon RX 580 Series] M[] F[]
04.06.2019 15:32:43.151 [000003bc] --- SM_CMONITORS         = 1
04.06.2019 15:32:43.151 [000003bc] --- SM_SAMEDISPLAYFORMAT = 1
04.06.2019 15:32:43.151 [000003bc] --- SM_XVIRTUALSCREEN    = 0
04.06.2019 15:32:43.151 [000003bc] --- SM_YVIRTUALSCREEN    = 0
04.06.2019 15:32:43.151 [000003bc] --- SM_CXVIRTUALSCREEN   = 3840
04.06.2019 15:32:43.151 [000003bc] --- SM_CYVIRTUALSCREEN   = 1200
04.06.2019 15:32:43.151 [000003bc] --- SM_CXCURSOR          = 32
04.06.2019 15:32:43.151 [000003bc] --- [\\.\DISPLAY1] [Radeon RX 580 Series] [MONITOR\ADVEF2D\{4d36e96e-e325-11ce-bfc1-08002be10318}\0013] [Generic PnP Monitor]
04.06.2019 15:32:43.151 [000003bc] --- Enumerated 1 displays
04.06.2019 15:32:43.151 [000003bc] --- Displays initialized
04.06.2019 15:32:43.151 [000003bc] --- Displays[0] M[00010001] HDC[36010c94] GDC[1901003b] L=0 T=0 R=3840 B=1200 RECT[0,0 3840x1200] N[\\.\DISPLAY1] M[Generic PnP Monitor] F[1] PROJ[2x1] MAPS[2]
04.06.2019 15:32:43.151 [000003bc] ---    Grouping G[0] N[0] GD[]
04.06.2019 15:32:43.151 [000003bc] --- ---
