05.06.2019 10:43:52.187 [00000264] ??? OSM handle == NULL error=2
05.06.2019 10:43:52.187 [00000264] ^^^ SC trying session1
--- [2]
05.06.2019 10:43:52.187 [00000264] --- App --- Immersive Display PRO v3.0.5 (01.01.2019)
05.06.2019 10:43:52.187 [00000264] --- OS 6:2 Microsoft Windows 8 Professional (build 9200), 64-bit 7(0) 8(1) 8.1(0) 10(0)
05.06.2019 10:43:52.187 [00000264] --- Process64 C:\Program Files\AMD\Performance Profile Client\AUEPLauncher.exe
05.06.2019 10:43:52.187 [00000264] --- CmdLine ["C:\Program Files\AMD\Performance Profile Client\AUEPLauncher.exe"]
05.06.2019 10:43:52.187 [00000264] --- Enumerating displays ...
05.06.2019 10:43:52.187 [00000264] --- SM_CMONITORS         = 1
05.06.2019 10:43:52.187 [00000264] --- SM_SAMEDISPLAYFORMAT = 1
05.06.2019 10:43:52.187 [00000264] --- SM_XVIRTUALSCREEN    = 0
05.06.2019 10:43:52.187 [00000264] --- SM_YVIRTUALSCREEN    = 0
05.06.2019 10:43:52.187 [00000264] --- SM_CXVIRTUALSCREEN   = 1024
05.06.2019 10:43:52.187 [00000264] --- SM_CYVIRTUALSCREEN   = 768
05.06.2019 10:43:52.187 [00000264] --- SM_CXCURSOR          = 32
05.06.2019 10:43:52.187 [00000264] ??? No displays enumerated. Retry later
05.06.2019 10:43:52.187 [00000264] --- hookD3D9
05.06.2019 10:43:52.187 [00000264] --- DirectX9 dll=328d0000
05.06.2019 10:43:52.218 [00000264] --- DirectX9 API detected
05.06.2019 10:43:52.218 [00000264] --- DirectX9Ex API detected
05.06.2019 10:43:52.218 [00000264] --- i1: InterfaceProc1
05.06.2019 10:43:52.234 [00000264] --- DXGI dll=61320000
05.06.2019 10:43:52.250 [00000264] --- DirectX DXGI API CreateDXGIFactory detected 1
05.06.2019 10:43:52.265 [00000264] --- DirectX DXGI API CreateDXGIFactory1 detected 1
05.06.2019 10:43:52.281 [00000264] --- DirectX DXGI API CreateDXGIFactory2 detected 1
05.06.2019 10:43:52.281 [00000264] --- DirectX DXGI API detected
05.06.2019 10:43:52.281 [00000264] --- DirectX D3D12 API detected hd3d12=5a9e0000
05.06.2019 10:43:52.296 [00000264] --- DirectX D3D12 API detected 1
05.06.2019 10:43:52.296 [00000264] --- hookOpenGL
05.06.2019 10:43:52.406 [00000264] --- OpenGL API detected
