05.06.2019 11:41:17.398 [00001fd4] --- App --- Immersive Display PRO v3.0.5 (01.01.2019)
05.06.2019 11:41:17.398 [00001fd4] --- OS 6:2 Microsoft Windows 8 Professional (build 9200), 64-bit 7(0) 8(1) 8.1(0) 10(0)
05.06.2019 11:41:17.398 [00001fd4] --- Process64 C:\WINDOWS\system32\dwm.exe
05.06.2019 11:41:17.398 [00001fd4] --- CmdLine ["dwm.exe"]
05.06.2019 11:41:17.398 [00001fd4] --- Enumerating displays ...
05.06.2019 11:41:17.413 [00001fd4] --- Device N[\\.\DISPLAY1] S[Radeon RX 580 Series] M[Generic PnP Monitor] F[desktop primary ]
05.06.2019 11:41:17.413 [00001fd4] --- Device N[\\.\DISPLAY2] S[Radeon RX 580 Series] M[] F[]
05.06.2019 11:41:17.413 [00001fd4] --- Device N[\\.\DISPLAY3] S[Radeon RX 580 Series] M[] F[]
05.06.2019 11:41:17.413 [00001fd4] --- Device N[\\.\DISPLAY4] S[Radeon RX 580 Series] M[] F[]
05.06.2019 11:41:17.413 [00001fd4] --- Device N[\\.\DISPLAY5] S[Radeon RX 580 Series] M[] F[]
05.06.2019 11:41:17.413 [00001fd4] --- Device N[\\.\DISPLAY6] S[Radeon RX 580 Series] M[] F[]
05.06.2019 11:41:17.413 [00001fd4] --- Device N[\\.\DISPLAY7] S[Radeon RX 580 Series] M[] F[]
05.06.2019 11:41:17.413 [00001fd4] --- Device N[\\.\DISPLAY8] S[Radeon RX 580 Series] M[] F[]
05.06.2019 11:41:17.413 [00001fd4] --- SM_CMONITORS         = 1
05.06.2019 11:41:17.413 [00001fd4] --- SM_SAMEDISPLAYFORMAT = 1
05.06.2019 11:41:17.413 [00001fd4] --- SM_XVIRTUALSCREEN    = 0
05.06.2019 11:41:17.413 [00001fd4] --- SM_YVIRTUALSCREEN    = 0
05.06.2019 11:41:17.413 [00001fd4] --- SM_CXVIRTUALSCREEN   = 3840
05.06.2019 11:41:17.413 [00001fd4] --- SM_CYVIRTUALSCREEN   = 1200
05.06.2019 11:41:17.413 [00001fd4] --- SM_CXCURSOR          = 32
05.06.2019 11:41:17.413 [00001fd4] --- [\\.\DISPLAY1] [Radeon RX 580 Series] [MONITOR\ADVEF2D\{4d36e96e-e325-11ce-bfc1-08002be10318}\0017] [Generic PnP Monitor]
05.06.2019 11:41:17.413 [00001fd4] --- Enumerated 1 displays
05.06.2019 11:41:17.413 [00001fd4] --- Displays initialized
05.06.2019 11:41:17.413 [00001fd4] --- Displays[0] M[00010001] HDC[2c010cb2] GDC[2c010185] L=0 T=0 R=3840 B=1200 RECT[0,0 3840x1200] N[\\.\DISPLAY1] M[Generic PnP Monitor] F[1] PROJ[2x1] MAPS[2]
05.06.2019 11:41:17.413 [00001fd4] ---    Grouping G[0] N[0] GD[]
05.06.2019 11:41:17.413 [00001fd4] --- ---
05.06.2019 11:41:17.413 [00001fd4] --- hookD3D9
05.06.2019 11:41:17.413 [00001fd4] --- DirectX9 dll=670a0000
05.06.2019 11:41:17.460 [00001fd4] --- DirectX9 API detected
05.06.2019 11:41:17.460 [00001fd4] --- DirectX9Ex API detected
05.06.2019 11:41:17.460 [00001fd4] --- i1: InterfaceProc1
05.06.2019 11:41:17.460 [00001fd4] --- interfaceFunc1 [\\.\DISPLAY1] totalMaps=2
05.06.2019 11:41:17.460 [00001fd4] --- DXGI dll=95b60000
05.06.2019 11:41:17.492 [00001fd4] --- DirectX DXGI API CreateDXGIFactory detected 1
05.06.2019 11:41:17.507 [00001fd4] --- DirectX DXGI API CreateDXGIFactory1 detected 1
05.06.2019 11:41:17.538 [00001fd4] --- DirectX DXGI API CreateDXGIFactory2 detected 1
05.06.2019 11:41:17.538 [00001fd4] --- DirectX DXGI API detected
05.06.2019 11:41:17.554 [00001fd4] --- DirectX D3D11 API detected 1
05.06.2019 11:41:17.554 [00001fd4] --- DirectX D3D12 API detected hd3d12=8f360000
05.06.2019 11:41:17.585 [00001fd4] --- DirectX D3D12 API detected 1
05.06.2019 11:41:17.585 [00001fd4] --- hookOpenGL
05.06.2019 11:41:17.741 [00001fd4] --- OpenGL API detected
05.06.2019 11:41:17.866 [00001a2c] --- D3D11CreateDevice ADAPTER NULL
05.06.2019 11:41:17.882 [00001a18] --- D3D11CreateDevice ADAPTER Description=Radeon RX 580 Series
05.06.2019 11:41:17.882 [00001a18] --- Device FeatureLevels[0]=0000a100
05.06.2019 11:41:17.882 [00001a2c] --- Device FeatureLevel -> 0000b000
05.06.2019 11:41:17.882 [00001a18] --- D3D11CreateDevice ADAPTER Description=Radeon RX 580 Series
05.06.2019 11:41:17.882 [00001a18] --- Device FeatureLevels[0]=0000c100
05.06.2019 11:41:17.882 [00001a18] --- Device FeatureLevels[1]=0000c000
05.06.2019 11:41:17.882 [00001a18] --- Device FeatureLevels[2]=0000b100
05.06.2019 11:41:17.882 [00001a18] --- Device FeatureLevels[3]=0000b000
05.06.2019 11:41:17.882 [00001a18] --- Device FeatureLevels[4]=0000a100
05.06.2019 11:41:17.882 [00001a18] --- Device FeatureLevels[5]=0000a000
05.06.2019 11:41:17.882 [00001a18] --- Device FeatureLevels[6]=00009300
05.06.2019 11:41:17.882 [00001a18] --- Device FeatureLevels[7]=00009200
05.06.2019 11:41:17.882 [00001a18] --- Device FeatureLevels[8]=00009100
05.06.2019 11:41:17.882 [00001a18] --- Device FeatureLevel -> 0000c000
05.06.2019 11:41:18.070 [00001a18] --- Win10SC_[01] Created
05.06.2019 11:41:18.070 [00001a18] --- shim Winmm hLib=95060000
05.06.2019 11:41:18.070 [00001a18] --- shim Winmm 95066050, 95065f10, 95061060, 95061040
05.06.2019 11:41:18.075 [00001a18] --- WarpContext ef0ba040 Output=e4130c10 DeviceName=\\.\DISPLAY1 DesktopCoordinates(0,0 3840x1200) AttachedToDesktop=1 Rotation=1 (0)
05.06.2019 11:41:18.075 [00001a18] --- WarpContext ef0ba040 count 1
05.06.2019 11:41:18.075 [00001a18] --- GMOC[ed417258] DONE
05.06.2019 11:41:18.075 [00001a18] --- WarpContext[ef0ba040] Monitor=00010001
05.06.2019 11:41:18.075 [00001a18] --- D3DXWrapper trying d3dx11_43.dll
05.06.2019 11:41:18.075 [00001a18] --- D3DXWrapper d3dx11_43.dll loaded
05.06.2019 11:41:18.075 [00001a18] --- WarpContext[ef0ba040] D3DCompiler_47.DLL loaded directly
05.06.2019 11:41:18.075 [00001a18] --- SCISSORS 1
05.06.2019 11:41:18.075 [00001a18] --- ANISOTROPIC 4
05.06.2019 11:41:18.356 [00001a18] --- WarpContext ef0ba040 T(3840x1200) O(3840x1200) enableRotation=0 rotateDegrees=0
05.06.2019 11:41:18.387 [00001a18] --- WarpContext[ef0ba040] CreateAllWarpingResources S=1 R=85 Warping=1
05.06.2019 11:41:18.387 [00001a18] --- Cursor warping SSC=9a4948e0
05.06.2019 11:41:18.388 [00001a18] ### Cursor clear cache CC[0]
05.06.2019 11:41:18.388 [00001a18] ### Present[ef0ba040] S
05.06.2019 11:41:18.389 [00001a18] ### Present[ef0ba040] uSOPSAS
05.06.2019 11:41:18.389 [00001a18] ### Present[ef0ba040] uSNPSAS
05.06.2019 11:41:18.389 [00001a18] ### Present[ef0ba040] CR
05.06.2019 11:41:18.389 [00001a18] ### Present[ef0ba040] OMSRT
05.06.2019 11:41:18.389 [00001a18] ### Present[ef0ba040] uDC
05.06.2019 11:41:18.389 [00001a18] ### Present[ef0ba040] OMSRT
05.06.2019 11:41:18.393 [00001a18] ### Present[ef0ba040] uRBT
05.06.2019 11:41:18.393 [00001a18] ### Present[ef0ba040] OMSRT
05.06.2019 11:41:18.393 [00001a18] ### Present[ef0ba040] uDG
05.06.2019 11:41:18.393 [00001a18] ### Present[ef0ba040] uROPSAS
05.06.2019 11:41:18.393 [00001a18] ### Present[ef0ba040] E
05.06.2019 11:57:00.521 [00001a18] --- D3D11CreateDevice ADAPTER Description=Microsoft Basic Render Driver
05.06.2019 11:57:00.521 [00001a18] --- Device FeatureLevels[0]=0000a100
05.06.2019 11:57:00.523 [00001a18] --- D3D11CreateDevice ADAPTER Description=Microsoft Basic Render Driver
05.06.2019 11:57:00.523 [00001a18] --- Device FeatureLevels[0]=0000c100
05.06.2019 11:57:00.523 [00001a18] --- Device FeatureLevels[1]=0000c000
05.06.2019 11:57:00.523 [00001a18] --- Device FeatureLevels[2]=0000b100
05.06.2019 11:57:00.523 [00001a18] --- Device FeatureLevels[3]=0000b000
05.06.2019 11:57:00.523 [00001a18] --- Device FeatureLevels[4]=0000a100
05.06.2019 11:57:00.523 [00001a18] --- Device FeatureLevels[5]=0000a000
05.06.2019 11:57:00.523 [00001a18] --- Device FeatureLevels[6]=00009300
05.06.2019 11:57:00.523 [00001a18] --- Device FeatureLevels[7]=00009200
05.06.2019 11:57:00.523 [00001a18] --- Device FeatureLevels[8]=00009100
05.06.2019 11:57:00.524 [00001a18] --- Device FeatureLevel -> 0000c100
05.06.2019 12:03:50.633 [00001a18] --- BaseDWMWarpContext[ef0ba040] CC changed LCC 4 != CC 6
05.06.2019 12:03:50.633 [00001a18] --- DestroyWarp
05.06.2019 12:03:50.633 [00001a18] --- WarpContext[ef0ba040] ReleaseAllWarpingResources R=-85
05.06.2019 12:03:50.633 [00001a18] --- WarpContext[ef0ba040] Monitor=00010001
05.06.2019 12:03:50.633 [00001a18] --- WarpContext[ef0ba040] D3DCompiler_47.DLL loaded directly
05.06.2019 12:03:50.633 [00001a18] --- SCISSORS 1
05.06.2019 12:03:50.633 [00001a18] --- ANISOTROPIC 4
05.06.2019 12:03:50.905 [00001a18] --- WarpContext ef0ba040 T(3840x1200) O(3840x1200) enableRotation=0 rotateDegrees=0
05.06.2019 12:03:50.909 [00001a18] --- WarpContext[ef0ba040] CreateAllWarpingResources S=1 R=85 Warping=1
05.06.2019 12:03:50.909 [00001a18] ### Cursor clear cache CC[9]
05.06.2019 12:03:50.910 [00001a18] ### Present[ef0ba040] S
05.06.2019 12:03:50.910 [00001a18] ### Present[ef0ba040] uSOPSAS
05.06.2019 12:03:50.910 [00001a18] ### Present[ef0ba040] uSNPSAS
05.06.2019 12:03:50.910 [00001a18] ### Present[ef0ba040] CR
05.06.2019 12:03:50.910 [00001a18] ### Present[ef0ba040] OMSRT
05.06.2019 12:03:50.911 [00001a18] ### Present[ef0ba040] uDC
05.06.2019 12:03:50.911 [00001a18] ### Present[ef0ba040] OMSRT
05.06.2019 12:03:50.912 [00001a18] ### Present[ef0ba040] uRBT
05.06.2019 12:03:50.912 [00001a18] ### Present[ef0ba040] OMSRT
05.06.2019 12:03:50.912 [00001a18] ### Present[ef0ba040] uDG
05.06.2019 12:03:50.912 [00001a18] ### Present[ef0ba040] uROPSAS
05.06.2019 12:03:50.912 [00001a18] ### Present[ef0ba040] E
05.06.2019 12:04:03.394 [00001a18] --- BaseDWMWarpContext[ef0ba040] CC changed LCC 6 != CC 8
05.06.2019 12:04:03.394 [00001a18] --- DestroyWarp
05.06.2019 12:04:03.394 [00001a18] --- WarpContext[ef0ba040] ReleaseAllWarpingResources R=-85
05.06.2019 12:04:03.394 [00001a18] --- WarpContext[ef0ba040] Monitor=00010001
05.06.2019 12:04:03.394 [00001a18] --- WarpContext[ef0ba040] D3DCompiler_47.DLL loaded directly
05.06.2019 12:04:03.394 [00001a18] --- SCISSORS 1
05.06.2019 12:04:03.394 [00001a18] --- ANISOTROPIC 4
05.06.2019 12:04:03.663 [00001a18] --- WarpContext ef0ba040 T(3840x1200) O(3840x1200) enableRotation=0 rotateDegrees=0
05.06.2019 12:04:03.666 [00001a18] --- WarpContext[ef0ba040] CreateAllWarpingResources S=1 R=85 Warping=1
05.06.2019 12:04:03.666 [00001a18] ### Cursor clear cache CC[4]
05.06.2019 12:04:03.667 [00001a18] ### Present[ef0ba040] S
05.06.2019 12:04:03.667 [00001a18] ### Present[ef0ba040] uSOPSAS
05.06.2019 12:04:03.667 [00001a18] ### Present[ef0ba040] uSNPSAS
05.06.2019 12:04:03.667 [00001a18] ### Present[ef0ba040] CR
05.06.2019 12:04:03.667 [00001a18] ### Present[ef0ba040] OMSRT
05.06.2019 12:04:03.668 [00001a18] ### Present[ef0ba040] uDC
05.06.2019 12:04:03.668 [00001a18] ### Present[ef0ba040] OMSRT
05.06.2019 12:04:03.669 [00001a18] ### Present[ef0ba040] uRBT
05.06.2019 12:04:03.669 [00001a18] ### Present[ef0ba040] OMSRT
05.06.2019 12:04:03.669 [00001a18] ### Present[ef0ba040] uDG
05.06.2019 12:04:03.669 [00001a18] ### Present[ef0ba040] uROPSAS
05.06.2019 12:04:03.669 [00001a18] ### Present[ef0ba040] E
