05.06.2019 11:45:53.919 [0000183c] ??? OSM handle == NULL error=2
05.06.2019 11:45:53.919 [0000183c] ^^^ SC trying session1
--- [2]
05.06.2019 11:45:53.919 [0000183c] --- App --- Immersive Display PRO v3.0.5 (01.01.2019)
05.06.2019 11:45:53.919 [0000183c] --- OS 6:2 Microsoft Windows 8 Professional (build 9200), 64-bit 7(0) 8(1) 8.1(0) 10(0)
05.06.2019 11:45:53.919 [0000183c] --- Process32 C:\Program Files\Intel\SUR\QUEENCREEK\Updater\bin\IntelSoftwareAssetManagerService.exe
05.06.2019 11:45:53.919 [0000183c] --- CmdLine ["C:\Program Files\Intel\SUR\QUEENCREEK\Updater\bin\IntelSoftwareAssetManagerService.exe"]
05.06.2019 11:45:53.919 [0000183c] --- Enumerating displays ...
05.06.2019 11:45:53.919 [0000183c] --- SM_CMONITORS         = 1
05.06.2019 11:45:53.919 [0000183c] --- SM_SAMEDISPLAYFORMAT = 1
05.06.2019 11:45:53.919 [0000183c] --- SM_XVIRTUALSCREEN    = 0
05.06.2019 11:45:53.919 [0000183c] --- SM_YVIRTUALSCREEN    = 0
05.06.2019 11:45:53.919 [0000183c] --- SM_CXVIRTUALSCREEN   = 1024
05.06.2019 11:45:53.919 [0000183c] --- SM_CYVIRTUALSCREEN   = 768
05.06.2019 11:45:53.919 [0000183c] --- SM_CXCURSOR          = 32
05.06.2019 11:45:53.919 [0000183c] ??? No displays enumerated. Retry later
05.06.2019 11:45:53.920 [0000183c] --- hookD3D9
05.06.2019 11:45:53.921 [0000183c] --- DirectX9 dll=70fc0000
05.06.2019 11:45:53.959 [0000183c] --- DirectX9 API detected
05.06.2019 11:45:53.959 [0000183c] --- DirectX9Ex API detected
05.06.2019 11:45:53.959 [0000183c] --- i1: InterfaceProc1
05.06.2019 11:45:53.959 [0000183c] --- DXGI dll=71f60000
05.06.2019 11:45:53.978 [0000183c] --- DirectX DXGI API CreateDXGIFactory detected 1
05.06.2019 11:45:53.997 [0000183c] --- DirectX DXGI API CreateDXGIFactory1 detected 1
05.06.2019 11:45:54.016 [0000183c] --- DirectX DXGI API CreateDXGIFactory2 detected 1
05.06.2019 11:45:54.016 [0000183c] --- DirectX DXGI API detected
05.06.2019 11:45:54.016 [0000183c] --- DirectX D3D12 API detected hd3d12=71d60000
05.06.2019 11:45:54.035 [0000183c] --- DirectX D3D12 API detected 1
05.06.2019 11:45:54.035 [0000183c] --- hookOpenGL
05.06.2019 11:45:54.185 [0000183c] --- OpenGL API detected
05.06.2019 11:46:24.761 [0000183c] --- PROCESS DETACH
