05.06.2019 10:42:16.434 [00001020] --- App --- Immersive Display PRO v3.0.5 (01.01.2019)
05.06.2019 10:42:16.434 [00001020] --- OS 6:2 Microsoft Windows 8 Professional (build 9200), 64-bit 7(0) 8(1) 8.1(0) 10(0)
05.06.2019 10:42:16.434 [00001020] --- Process64 C:\WINDOWS\system32\dwm.exe
05.06.2019 10:42:16.450 [00001020] --- CmdLine ["dwm.exe"]
05.06.2019 10:42:16.450 [00001020] --- Enumerating displays ...
05.06.2019 10:42:16.450 [00001020] --- Device N[\\.\DISPLAY1] S[Radeon RX 580 Series] M[Generic PnP Monitor] F[desktop primary ]
05.06.2019 10:42:16.450 [00001020] --- Device N[\\.\DISPLAY2] S[Radeon RX 580 Series] M[] F[]
05.06.2019 10:42:16.450 [00001020] --- Device N[\\.\DISPLAY3] S[Radeon RX 580 Series] M[] F[]
05.06.2019 10:42:16.450 [00001020] --- Device N[\\.\DISPLAY4] S[Radeon RX 580 Series] M[] F[]
05.06.2019 10:42:16.450 [00001020] --- Device N[\\.\DISPLAY5] S[Radeon RX 580 Series] M[] F[]
05.06.2019 10:42:16.450 [00001020] --- Device N[\\.\DISPLAY6] S[Radeon RX 580 Series] M[] F[]
05.06.2019 10:42:16.450 [00001020] --- Device N[\\.\DISPLAY7] S[Radeon RX 580 Series] M[] F[]
05.06.2019 10:42:16.450 [00001020] --- Device N[\\.\DISPLAY8] S[Radeon RX 580 Series] M[] F[]
05.06.2019 10:42:16.450 [00001020] --- SM_CMONITORS         = 1
05.06.2019 10:42:16.450 [00001020] --- SM_SAMEDISPLAYFORMAT = 1
05.06.2019 10:42:16.450 [00001020] --- SM_XVIRTUALSCREEN    = 0
05.06.2019 10:42:16.450 [00001020] --- SM_YVIRTUALSCREEN    = 0
05.06.2019 10:42:16.450 [00001020] --- SM_CXVIRTUALSCREEN   = 3840
05.06.2019 10:42:16.450 [00001020] --- SM_CYVIRTUALSCREEN   = 1200
05.06.2019 10:42:16.450 [00001020] --- SM_CXCURSOR          = 32
05.06.2019 10:42:16.450 [00001020] ??? No displays enumerated. Retry later
05.06.2019 10:42:16.450 [00001020] --- hookD3D9
05.06.2019 10:42:16.450 [00001020] --- DirectX9 dll=328d0000
05.06.2019 10:42:16.497 [00001020] --- DirectX9 API detected
05.06.2019 10:42:16.497 [00001020] --- DirectX9Ex API detected
05.06.2019 10:42:16.497 [00001020] --- i1: InterfaceProc1
05.06.2019 10:42:16.497 [00001020] --- DXGI dll=61320000
05.06.2019 10:42:16.528 [00001020] --- DirectX DXGI API CreateDXGIFactory detected 1
05.06.2019 10:42:16.544 [00001020] --- DirectX DXGI API CreateDXGIFactory1 detected 1
05.06.2019 10:42:16.575 [00001020] --- DirectX DXGI API CreateDXGIFactory2 detected 1
05.06.2019 10:42:16.575 [00001020] --- DirectX DXGI API detected
05.06.2019 10:42:16.591 [00001020] --- DirectX D3D11 API detected 1
05.06.2019 10:42:16.591 [00001020] --- DirectX D3D12 API detected hd3d12=5a9e0000
05.06.2019 10:42:16.622 [00001020] --- DirectX D3D12 API detected 1
05.06.2019 10:42:16.622 [00001020] --- hookOpenGL
05.06.2019 10:42:16.778 [00001020] --- OpenGL API detected
05.06.2019 10:42:16.903 [00001d74] --- D3D11CreateDevice ADAPTER Description=Radeon RX 580 Series
05.06.2019 10:42:16.903 [00001d74] --- Device FeatureLevels[0]=0000a100
05.06.2019 10:42:16.903 [00001d70] --- D3D11CreateDevice ADAPTER NULL
05.06.2019 10:42:16.903 [00001d74] --- D3D11CreateDevice ADAPTER Description=Radeon RX 580 Series
05.06.2019 10:42:16.903 [00001d74] --- Device FeatureLevels[0]=0000c100
05.06.2019 10:42:16.903 [00001d74] --- Device FeatureLevels[1]=0000c000
05.06.2019 10:42:16.903 [00001d74] --- Device FeatureLevels[2]=0000b100
05.06.2019 10:42:16.903 [00001d74] --- Device FeatureLevels[3]=0000b000
05.06.2019 10:42:16.903 [00001d74] --- Device FeatureLevels[4]=0000a100
05.06.2019 10:42:16.903 [00001d74] --- Device FeatureLevels[5]=0000a000
05.06.2019 10:42:16.903 [00001d74] --- Device FeatureLevels[6]=00009300
05.06.2019 10:42:16.903 [00001d74] --- Device FeatureLevels[7]=00009200
05.06.2019 10:42:16.903 [00001d74] --- Device FeatureLevels[8]=00009100
05.06.2019 10:42:16.919 [00001d70] --- Device FeatureLevel -> 0000b000
05.06.2019 10:42:16.919 [00001d74] --- Device FeatureLevel -> 0000c000
05.06.2019 10:42:17.106 [00001d74] --- Win10SC_[01] Created
05.06.2019 10:42:17.106 [00001d74] --- [\\.\DISPLAY1] [Radeon RX 580 Series] [MONITOR\ADVEF2D\{4d36e96e-e325-11ce-bfc1-08002be10318}\0017] [Generic PnP Monitor]
05.06.2019 10:42:17.106 [00001d74] --- shim Winmm hLib=60730000
05.06.2019 10:42:17.106 [00001d74] --- shim Winmm 60736050, 60735f10, 60731060, 60731040
05.06.2019 10:42:17.111 [00001d74] --- WarpContext b6c51040 Output=ac493740 DeviceName=\\.\DISPLAY1 DesktopCoordinates(0,0 3840x1200) AttachedToDesktop=1 Rotation=1 (0)
05.06.2019 10:42:17.111 [00001d74] --- WarpContext b6c51040 count 1
05.06.2019 10:42:17.111 [00001d74] --- GMOC[b5109ad8] DONE
05.06.2019 10:42:17.111 [00001d74] --- WarpContext[b6c51040] Monitor=00010001
05.06.2019 10:42:17.111 [00001d74] --- D3DXWrapper trying d3dx11_43.dll
05.06.2019 10:42:17.111 [00001d74] --- D3DXWrapper d3dx11_43.dll loaded
05.06.2019 10:42:17.111 [00001d74] --- WarpContext[b6c51040] D3DCompiler_47.DLL loaded directly
05.06.2019 10:42:17.111 [00001d74] --- SCISSORS 1
05.06.2019 10:42:17.111 [00001d74] --- ANISOTROPIC 4
05.06.2019 10:42:17.392 [00001d74] --- WarpContext b6c51040 T(3840x1200) O(3840x1200) enableRotation=0 rotateDegrees=0
05.06.2019 10:42:17.423 [00001d74] --- WarpContext[b6c51040] CreateAllWarpingResources S=1 R=85 Warping=1
05.06.2019 10:42:17.423 [00001d74] --- Cursor warping SSC=644448e0
05.06.2019 10:42:17.423 [00001d74] ### Cursor clear cache CC[0]
05.06.2019 10:42:17.423 [00001d74] ### Present[b6c51040] S
05.06.2019 10:42:17.424 [00001d74] ### Present[b6c51040] uSOPSAS
05.06.2019 10:42:17.424 [00001d74] ### Present[b6c51040] uSNPSAS
05.06.2019 10:42:17.425 [00001d74] ### Present[b6c51040] CR
05.06.2019 10:42:17.425 [00001d74] ### Present[b6c51040] OMSRT
05.06.2019 10:42:17.425 [00001d74] ### Present[b6c51040] uDC
05.06.2019 10:42:17.425 [00001d74] ### Present[b6c51040] OMSRT
05.06.2019 10:42:17.428 [00001d74] ### Present[b6c51040] uRBT
05.06.2019 10:42:17.428 [00001d74] ### Present[b6c51040] OMSRT
05.06.2019 10:42:17.428 [00001d74] ### Present[b6c51040] uDG
05.06.2019 10:42:17.428 [00001d74] ### Present[b6c51040] uROPSAS
05.06.2019 10:42:17.428 [00001d74] ### Present[b6c51040] E
05.06.2019 10:42:39.253 [00001c6c] --- Restarting DWM
05.06.2019 10:42:39.454 [00001c6c] --- Exiting DWM
05.06.2019 10:42:39.507 [00001c6c] --- PROCESS DETACH
