04.06.2019 15:42:38.055 [00002254] --- App --- Immersive Display PRO v3.0.5 (01.01.2019)
04.06.2019 15:42:38.055 [00002254] --- OS 6:2 Microsoft Windows 8 Professional (build 9200), 64-bit 7(0) 8(1) 8.1(0) 10(0)
04.06.2019 15:42:38.055 [00002254] --- Process64 C:\Program Files (x86)\Google\Chrome\Application\chrome.exe
04.06.2019 15:42:38.055 [00002254] --- CmdLine ["C:\Program Files (x86)\Google\Chrome\Application\chrome.exe" --type=utility --field-trial-handle=1872,129003168796614555,9848709266004055885,131072 --lang=zh-TW --no-sandbox --service-request-channel-token=4620497408465756525 --mojo-platform-channel-handle=?]
04.06.2019 15:42:38.056 [00002254] --- Enumerating displays ...
04.06.2019 15:42:38.057 [00002254] --- Device N[\\.\DISPLAY1] S[Radeon RX 580 Series] M[Generic PnP Monitor] F[desktop primary ]
04.06.2019 15:42:38.057 [00002254] --- Device N[\\.\DISPLAY2] S[Radeon RX 580 Series] M[] F[]
04.06.2019 15:42:38.058 [00002254] --- Device N[\\.\DISPLAY3] S[Radeon RX 580 Series] M[] F[]
04.06.2019 15:42:38.059 [00002254] --- Device N[\\.\DISPLAY4] S[Radeon RX 580 Series] M[] F[]
04.06.2019 15:42:38.060 [00002254] --- Device N[\\.\DISPLAY5] S[Radeon RX 580 Series] M[] F[]
04.06.2019 15:42:38.061 [00002254] --- Device N[\\.\DISPLAY6] S[Radeon RX 580 Series] M[] F[]
04.06.2019 15:42:38.061 [00002254] --- Device N[\\.\DISPLAY7] S[Radeon RX 580 Series] M[] F[]
04.06.2019 15:42:38.062 [00002254] --- Device N[\\.\DISPLAY8] S[Radeon RX 580 Series] M[] F[]
04.06.2019 15:42:38.062 [00002254] --- SM_CMONITORS         = 1
04.06.2019 15:42:38.062 [00002254] --- SM_SAMEDISPLAYFORMAT = 1
04.06.2019 15:42:38.062 [00002254] --- SM_XVIRTUALSCREEN    = 0
04.06.2019 15:42:38.062 [00002254] --- SM_YVIRTUALSCREEN    = 0
04.06.2019 15:42:38.062 [00002254] --- SM_CXVIRTUALSCREEN   = 3840
04.06.2019 15:42:38.062 [00002254] --- SM_CYVIRTUALSCREEN   = 1200
04.06.2019 15:42:38.062 [00002254] --- SM_CXCURSOR          = 32
04.06.2019 15:42:38.066 [00002254] --- [\\.\DISPLAY1] [Radeon RX 580 Series] [MONITOR\ADVEF2D\{4d36e96e-e325-11ce-bfc1-08002be10318}\0013] [Generic PnP Monitor]
04.06.2019 15:42:38.067 [00002254] --- Enumerated 1 displays
04.06.2019 15:42:38.067 [00002254] --- Displays initialized
04.06.2019 15:42:38.067 [00002254] --- Displays[0] M[00010001] HDC[40010bdb] GDC[56010fc0] L=0 T=0 R=3840 B=1200 RECT[0,0 3840x1200] N[\\.\DISPLAY1] M[Generic PnP Monitor] F[1] PROJ[2x1] MAPS[2]
04.06.2019 15:42:38.067 [00002254] ---    Grouping G[0] N[0] GD[]
04.06.2019 15:42:38.067 [00002254] --- ---
04.06.2019 15:42:38.067 [00002254] --- i1:Executable chrome.exe is excluded DX9
04.06.2019 15:42:38.069 [00002254] --- DXGI dll=a1720000
04.06.2019 15:42:38.118 [00002254] --- DirectX DXGI API CreateDXGIFactory detected 1
04.06.2019 15:42:38.159 [00002254] --- DirectX DXGI API CreateDXGIFactory1 detected 1
04.06.2019 15:42:38.187 [00002254] --- DirectX DXGI API CreateDXGIFactory2 detected 1
04.06.2019 15:42:38.187 [00002254] --- DirectX DXGI API detected
04.06.2019 15:42:38.188 [00002254] --- DirectX D3D12 API detected hd3d12=9a880000
04.06.2019 15:42:38.217 [00002254] --- DirectX D3D12 API detected 1
04.06.2019 15:42:38.218 [00002254] --- i2: InterfaceProc1
04.06.2019 15:42:38.218 [00002254] --- interfaceFunc1 [\\.\DISPLAY1] totalMaps=2
04.06.2019 15:42:38.218 [00002254] --- i3:Executable chrome.exe is excluded OGL
04.06.2019 15:42:38.259 [00002254] --- PROCESS DETACH
