05.06.2019 11:10:42.717 [00001ff4] --- App --- Immersive Display PRO v3.0.5 (01.01.2019)
05.06.2019 11:10:42.717 [00001ff4] --- OS 6:2 Microsoft Windows 8 Professional (build 9200), 64-bit 7(0) 8(1) 8.1(0) 10(0)
05.06.2019 11:10:42.717 [00001ff4] --- Process64 C:\WINDOWS\system32\dwm.exe
05.06.2019 11:10:42.717 [00001ff4] --- CmdLine ["dwm.exe"]
05.06.2019 11:10:42.717 [00001ff4] --- Enumerating displays ...
05.06.2019 11:10:42.732 [00001ff4] --- Device N[\\.\DISPLAY1] S[Radeon RX 580 Series] M[Generic PnP Monitor] F[desktop primary ]
05.06.2019 11:10:42.732 [00001ff4] --- Device N[\\.\DISPLAY2] S[Radeon RX 580 Series] M[] F[]
05.06.2019 11:10:42.732 [00001ff4] --- Device N[\\.\DISPLAY3] S[Radeon RX 580 Series] M[] F[]
05.06.2019 11:10:42.732 [00001ff4] --- Device N[\\.\DISPLAY4] S[Radeon RX 580 Series] M[] F[]
05.06.2019 11:10:42.732 [00001ff4] --- Device N[\\.\DISPLAY5] S[Radeon RX 580 Series] M[] F[]
05.06.2019 11:10:42.732 [00001ff4] --- Device N[\\.\DISPLAY6] S[Radeon RX 580 Series] M[] F[]
05.06.2019 11:10:42.732 [00001ff4] --- Device N[\\.\DISPLAY7] S[Radeon RX 580 Series] M[] F[]
05.06.2019 11:10:42.732 [00001ff4] --- Device N[\\.\DISPLAY8] S[Radeon RX 580 Series] M[] F[]
05.06.2019 11:10:42.732 [00001ff4] --- SM_CMONITORS         = 1
05.06.2019 11:10:42.732 [00001ff4] --- SM_SAMEDISPLAYFORMAT = 1
05.06.2019 11:10:42.732 [00001ff4] --- SM_XVIRTUALSCREEN    = 0
05.06.2019 11:10:42.732 [00001ff4] --- SM_YVIRTUALSCREEN    = 0
05.06.2019 11:10:42.732 [00001ff4] --- SM_CXVIRTUALSCREEN   = 3840
05.06.2019 11:10:42.732 [00001ff4] --- SM_CYVIRTUALSCREEN   = 1200
05.06.2019 11:10:42.732 [00001ff4] --- SM_CXCURSOR          = 32
05.06.2019 11:10:42.732 [00001ff4] ??? No displays enumerated. Retry later
05.06.2019 11:10:42.732 [00001ff4] --- hookD3D9
05.06.2019 11:10:42.732 [00001ff4] --- DirectX9 dll=1c9c0000
05.06.2019 11:10:42.779 [00001ff4] --- DirectX9 API detected
05.06.2019 11:10:42.779 [00001ff4] --- DirectX9Ex API detected
05.06.2019 11:10:42.779 [00001ff4] --- i1: InterfaceProc1
05.06.2019 11:10:42.779 [00001ff4] --- [\\.\DISPLAY1] [Radeon RX 580 Series] [MONITOR\ADVEF2D\{4d36e96e-e325-11ce-bfc1-08002be10318}\0017] [Generic PnP Monitor]
05.06.2019 11:10:42.779 [00001ff4] --- interfaceFunc1 [\\.\DISPLAY1] totalMaps=2
05.06.2019 11:10:42.779 [00001ff4] --- DXGI dll=4b3e0000
05.06.2019 11:10:42.810 [00001ff4] --- DirectX DXGI API CreateDXGIFactory detected 1
05.06.2019 11:10:42.826 [00001ff4] --- DirectX DXGI API CreateDXGIFactory1 detected 1
05.06.2019 11:10:42.857 [00001ff4] --- DirectX DXGI API CreateDXGIFactory2 detected 1
05.06.2019 11:10:42.857 [00001ff4] --- DirectX DXGI API detected
05.06.2019 11:10:42.888 [00001ff4] --- DirectX D3D11 API detected 1
05.06.2019 11:10:42.888 [00001ff4] --- DirectX D3D12 API detected hd3d12=44950000
05.06.2019 11:10:42.904 [00001ff4] --- DirectX D3D12 API detected 1
05.06.2019 11:10:42.904 [00001ff4] --- hookOpenGL
05.06.2019 11:10:43.091 [00001ff4] --- OpenGL API detected
05.06.2019 11:10:43.216 [00000728] --- D3D11CreateDevice ADAPTER NULL
05.06.2019 11:10:43.232 [00000798] --- D3D11CreateDevice ADAPTER Description=Radeon RX 580 Series
05.06.2019 11:10:43.232 [00000798] --- Device FeatureLevels[0]=0000a100
05.06.2019 11:10:43.232 [00000728] --- Device FeatureLevel -> 0000b000
05.06.2019 11:10:43.232 [00000798] --- D3D11CreateDevice ADAPTER Description=Radeon RX 580 Series
05.06.2019 11:10:43.232 [00000798] --- Device FeatureLevels[0]=0000c100
05.06.2019 11:10:43.232 [00000798] --- Device FeatureLevels[1]=0000c000
05.06.2019 11:10:43.232 [00000798] --- Device FeatureLevels[2]=0000b100
05.06.2019 11:10:43.232 [00000798] --- Device FeatureLevels[3]=0000b000
05.06.2019 11:10:43.232 [00000798] --- Device FeatureLevels[4]=0000a100
05.06.2019 11:10:43.232 [00000798] --- Device FeatureLevels[5]=0000a000
05.06.2019 11:10:43.232 [00000798] --- Device FeatureLevels[6]=00009300
05.06.2019 11:10:43.232 [00000798] --- Device FeatureLevels[7]=00009200
05.06.2019 11:10:43.232 [00000798] --- Device FeatureLevels[8]=00009100
05.06.2019 11:10:43.232 [00000798] --- Device FeatureLevel -> 0000c000
05.06.2019 11:10:43.420 [00000798] --- Win10SC_[01] Created
05.06.2019 11:10:43.420 [00000798] --- shim Winmm hLib=4a8e0000
05.06.2019 11:10:43.420 [00000798] --- shim Winmm 4a8e6050, 4a8e5f10, 4a8e1060, 4a8e1040
05.06.2019 11:10:43.425 [00000798] --- WarpContext 978fc040 Output=8dc1eea0 DeviceName=\\.\DISPLAY1 DesktopCoordinates(0,0 3840x1200) AttachedToDesktop=1 Rotation=1 (0)
05.06.2019 11:10:43.425 [00000798] --- WarpContext 978fc040 count 1
05.06.2019 11:10:43.425 [00000798] --- GMOC[96f72e58] DONE
05.06.2019 11:10:43.425 [00000798] --- WarpContext[978fc040] Monitor=00010001
05.06.2019 11:10:43.425 [00000798] --- D3DXWrapper trying d3dx11_43.dll
05.06.2019 11:10:43.427 [00000798] --- D3DXWrapper d3dx11_43.dll loaded
05.06.2019 11:10:43.427 [00000798] --- WarpContext[978fc040] D3DCompiler_47.DLL loaded directly
05.06.2019 11:10:43.427 [00000798] --- SCISSORS 1
05.06.2019 11:10:43.427 [00000798] --- ANISOTROPIC 4
05.06.2019 11:10:43.711 [00000798] --- WarpContext 978fc040 T(3840x1200) O(3840x1200) enableRotation=0 rotateDegrees=0
05.06.2019 11:10:43.745 [00000798] --- WarpContext[978fc040] CreateAllWarpingResources S=1 R=85 Warping=1
05.06.2019 11:10:43.745 [00000798] --- Cursor warping SSC=4deb48e0
05.06.2019 11:10:43.745 [00000798] ### Cursor clear cache CC[0]
05.06.2019 11:10:43.745 [00000798] ### Present[978fc040] S
05.06.2019 11:10:43.746 [00000798] ### Present[978fc040] uSOPSAS
05.06.2019 11:10:43.746 [00000798] ### Present[978fc040] uSNPSAS
05.06.2019 11:10:43.747 [00000798] ### Present[978fc040] CR
05.06.2019 11:10:43.747 [00000798] ### Present[978fc040] OMSRT
05.06.2019 11:10:43.747 [00000798] ### Present[978fc040] uDC
05.06.2019 11:10:43.747 [00000798] ### Present[978fc040] OMSRT
05.06.2019 11:10:43.750 [00000798] ### Present[978fc040] uRBT
05.06.2019 11:10:43.750 [00000798] ### Present[978fc040] OMSRT
05.06.2019 11:10:43.750 [00000798] ### Present[978fc040] uDG
05.06.2019 11:10:43.750 [00000798] ### Present[978fc040] uROPSAS
05.06.2019 11:10:43.750 [00000798] ### Present[978fc040] E
05.06.2019 11:12:52.856 [00000798] --- GMOC[96f72e58] DONE
