05.06.2019 11:57:29.411 [00002538] --- App --- Immersive Display PRO v3.0.5 (01.01.2019)
05.06.2019 11:57:29.411 [00002538] --- OS 6:2 Microsoft Windows 8 Professional (build 9200), 64-bit 7(0) 8(1) 8.1(0) 10(0)
05.06.2019 11:57:29.411 [00002538] --- Process64 C:\Users\own\scoop\apps\git\2.21.0.windows.1\mingw64\libexec\git-core\git.exe
05.06.2019 11:57:29.412 [00002538] --- CmdLine [git remote-https origin https://github.com/amoujhang/boch-wall.git]
05.06.2019 11:57:29.412 [00002538] --- Enumerating displays ...
05.06.2019 11:57:29.412 [00002538] --- Device N[\\.\DISPLAY1] S[Radeon RX 580 Series] M[Generic PnP Monitor] F[desktop primary ]
05.06.2019 11:57:29.413 [00002538] --- Device N[\\.\DISPLAY2] S[Radeon RX 580 Series] M[] F[]
05.06.2019 11:57:29.413 [00002538] --- Device N[\\.\DISPLAY3] S[Radeon RX 580 Series] M[] F[]
05.06.2019 11:57:29.414 [00002538] --- Device N[\\.\DISPLAY4] S[Radeon RX 580 Series] M[] F[]
05.06.2019 11:57:29.415 [00002538] --- Device N[\\.\DISPLAY5] S[Radeon RX 580 Series] M[] F[]
05.06.2019 11:57:29.415 [00002538] --- Device N[\\.\DISPLAY6] S[Radeon RX 580 Series] M[] F[]
05.06.2019 11:57:29.416 [00002538] --- Device N[\\.\DISPLAY7] S[Radeon RX 580 Series] M[] F[]
05.06.2019 11:57:29.416 [00002538] --- Device N[\\.\DISPLAY8] S[Radeon RX 580 Series] M[] F[]
05.06.2019 11:57:29.416 [00002538] --- SM_CMONITORS         = 1
05.06.2019 11:57:29.416 [00002538] --- SM_SAMEDISPLAYFORMAT = 1
05.06.2019 11:57:29.416 [00002538] --- SM_XVIRTUALSCREEN    = 0
05.06.2019 11:57:29.416 [00002538] --- SM_YVIRTUALSCREEN    = 0
05.06.2019 11:57:29.416 [00002538] --- SM_CXVIRTUALSCREEN   = 3840
05.06.2019 11:57:29.416 [00002538] --- SM_CYVIRTUALSCREEN   = 1200
05.06.2019 11:57:29.416 [00002538] --- SM_CXCURSOR          = 32
05.06.2019 11:57:29.419 [00002538] --- [\\.\DISPLAY1] [Radeon RX 580 Series] [MONITOR\ADVEF2D\{4d36e96e-e325-11ce-bfc1-08002be10318}\0017] [Generic PnP Monitor]
05.06.2019 11:57:29.420 [00002538] --- Enumerated 1 displays
05.06.2019 11:57:29.420 [00002538] --- Displays initialized
05.06.2019 11:57:29.420 [00002538] --- Displays[0] M[00010001] HDC[f9010f12] GDC[ad010fe3] L=0 T=0 R=3840 B=1200 RECT[0,0 3840x1200] N[\\.\DISPLAY1] M[Generic PnP Monitor] F[1] PROJ[2x1] MAPS[2]
05.06.2019 11:57:29.420 [00002538] ---    Grouping G[0] N[0] GD[]
05.06.2019 11:57:29.420 [00002538] --- ---
05.06.2019 11:57:29.420 [00002538] --- hookD3D9
05.06.2019 11:57:29.421 [00002538] --- DirectX9 dll=670a0000
05.06.2019 11:57:29.479 [00002538] --- DirectX9 API detected
05.06.2019 11:57:29.479 [00002538] --- DirectX9Ex API detected
05.06.2019 11:57:29.479 [00002538] --- i1: InterfaceProc1
05.06.2019 11:57:29.479 [00002538] --- interfaceFunc1 [\\.\DISPLAY1] totalMaps=2
05.06.2019 11:57:29.479 [00002538] --- DXGI dll=95b60000
05.06.2019 11:57:29.508 [00002538] --- DirectX DXGI API CreateDXGIFactory detected 1
05.06.2019 11:57:29.537 [00002538] --- DirectX DXGI API CreateDXGIFactory1 detected 1
05.06.2019 11:57:29.565 [00002538] --- DirectX DXGI API CreateDXGIFactory2 detected 1
05.06.2019 11:57:29.565 [00002538] --- DirectX DXGI API detected
05.06.2019 11:57:29.566 [00002538] --- DirectX D3D12 API detected hd3d12=8f360000
05.06.2019 11:57:29.595 [00002538] --- DirectX D3D12 API detected 1
05.06.2019 11:57:29.595 [00002538] --- hookOpenGL
05.06.2019 11:57:29.798 [00002538] --- OpenGL API detected
05.06.2019 11:58:05.171 [00002538] --- PROCESS DETACH
