05.06.2019 11:27:26.634 [0000207c] --- App --- Immersive Display PRO v3.0.5 (01.01.2019)
05.06.2019 11:27:26.634 [0000207c] --- OS 6:2 Microsoft Windows 8 Professional (build 9200), 64-bit 7(0) 8(1) 8.1(0) 10(0)
05.06.2019 11:27:26.634 [0000207c] --- Process64 C:\WINDOWS\system32\dwm.exe
05.06.2019 11:27:26.634 [0000207c] --- CmdLine ["dwm.exe"]
05.06.2019 11:27:26.634 [0000207c] --- Enumerating displays ...
05.06.2019 11:27:26.634 [0000207c] --- Device N[\\.\DISPLAY1] S[Radeon RX 580 Series] M[Generic PnP Monitor] F[desktop primary ]
05.06.2019 11:27:26.649 [0000207c] --- Device N[\\.\DISPLAY2] S[Radeon RX 580 Series] M[] F[]
05.06.2019 11:27:26.649 [0000207c] --- Device N[\\.\DISPLAY3] S[Radeon RX 580 Series] M[] F[]
05.06.2019 11:27:26.649 [0000207c] --- Device N[\\.\DISPLAY4] S[Radeon RX 580 Series] M[] F[]
05.06.2019 11:27:26.649 [0000207c] --- Device N[\\.\DISPLAY5] S[Radeon RX 580 Series] M[] F[]
05.06.2019 11:27:26.649 [0000207c] --- Device N[\\.\DISPLAY6] S[Radeon RX 580 Series] M[] F[]
05.06.2019 11:27:26.649 [0000207c] --- Device N[\\.\DISPLAY7] S[Radeon RX 580 Series] M[] F[]
05.06.2019 11:27:26.649 [0000207c] --- Device N[\\.\DISPLAY8] S[Radeon RX 580 Series] M[] F[]
05.06.2019 11:27:26.649 [0000207c] --- SM_CMONITORS         = 1
05.06.2019 11:27:26.649 [0000207c] --- SM_SAMEDISPLAYFORMAT = 1
05.06.2019 11:27:26.649 [0000207c] --- SM_XVIRTUALSCREEN    = 0
05.06.2019 11:27:26.649 [0000207c] --- SM_YVIRTUALSCREEN    = 0
05.06.2019 11:27:26.649 [0000207c] --- SM_CXVIRTUALSCREEN   = 3840
05.06.2019 11:27:26.649 [0000207c] --- SM_CYVIRTUALSCREEN   = 1200
05.06.2019 11:27:26.649 [0000207c] --- SM_CXCURSOR          = 32
05.06.2019 11:27:26.649 [0000207c] ??? No displays enumerated. Retry later
05.06.2019 11:27:26.649 [0000207c] --- hookD3D9
05.06.2019 11:27:26.649 [0000207c] --- DirectX9 dll=feaf0000
05.06.2019 11:27:26.696 [0000207c] --- DirectX9 API detected
05.06.2019 11:27:26.696 [0000207c] --- DirectX9Ex API detected
05.06.2019 11:27:26.696 [0000207c] --- i1: InterfaceProc1
05.06.2019 11:27:26.696 [0000207c] --- DXGI dll=2d520000
05.06.2019 11:27:26.727 [0000207c] --- DirectX DXGI API CreateDXGIFactory detected 1
05.06.2019 11:27:26.759 [0000207c] --- DirectX DXGI API CreateDXGIFactory1 detected 1
05.06.2019 11:27:26.774 [0000207c] --- DirectX DXGI API CreateDXGIFactory2 detected 1
05.06.2019 11:27:26.774 [0000207c] --- DirectX DXGI API detected
05.06.2019 11:27:26.805 [0000207c] --- DirectX D3D11 API detected 1
05.06.2019 11:27:26.805 [0000207c] --- DirectX D3D12 API detected hd3d12=26cf0000
05.06.2019 11:27:26.837 [0000207c] --- DirectX D3D12 API detected 1
05.06.2019 11:27:26.837 [0000207c] --- hookOpenGL
05.06.2019 11:27:27.008 [0000207c] --- OpenGL API detected
05.06.2019 11:27:27.133 [00001024] --- D3D11CreateDevice ADAPTER NULL
05.06.2019 11:27:27.149 [0000071c] --- D3D11CreateDevice ADAPTER Description=Radeon RX 580 Series
05.06.2019 11:27:27.149 [0000071c] --- Device FeatureLevels[0]=0000a100
05.06.2019 11:27:27.149 [00001024] --- Device FeatureLevel -> 0000b000
05.06.2019 11:27:27.149 [0000071c] --- D3D11CreateDevice ADAPTER Description=Radeon RX 580 Series
05.06.2019 11:27:27.149 [0000071c] --- Device FeatureLevels[0]=0000c100
05.06.2019 11:27:27.149 [0000071c] --- Device FeatureLevels[1]=0000c000
05.06.2019 11:27:27.149 [0000071c] --- Device FeatureLevels[2]=0000b100
05.06.2019 11:27:27.149 [0000071c] --- Device FeatureLevels[3]=0000b000
05.06.2019 11:27:27.149 [0000071c] --- Device FeatureLevels[4]=0000a100
05.06.2019 11:27:27.149 [0000071c] --- Device FeatureLevels[5]=0000a000
05.06.2019 11:27:27.149 [0000071c] --- Device FeatureLevels[6]=00009300
05.06.2019 11:27:27.149 [0000071c] --- Device FeatureLevels[7]=00009200
05.06.2019 11:27:27.149 [0000071c] --- Device FeatureLevels[8]=00009100
05.06.2019 11:27:27.165 [0000071c] --- Device FeatureLevel -> 0000c000
05.06.2019 11:27:27.321 [0000071c] --- Win10SC_[01] Created
05.06.2019 11:27:27.337 [0000071c] --- [\\.\DISPLAY1] [Radeon RX 580 Series] [MONITOR\ADVEF2D\{4d36e96e-e325-11ce-bfc1-08002be10318}\0017] [Generic PnP Monitor]
05.06.2019 11:27:27.337 [0000071c] --- shim Winmm hLib=2c930000
05.06.2019 11:27:27.337 [0000071c] --- shim Winmm 2c936050, 2c935f10, 2c931060, 2c931040
05.06.2019 11:27:27.338 [0000071c] --- WarpContext 5e5e7040 Output=51c93c70 DeviceName=\\.\DISPLAY1 DesktopCoordinates(0,0 3840x1200) AttachedToDesktop=1 Rotation=1 (0)
05.06.2019 11:27:27.338 [0000071c] --- WarpContext 5e5e7040 count 1
05.06.2019 11:27:27.338 [0000071c] --- GMOC[58935b08] DONE
05.06.2019 11:27:27.338 [0000071c] --- WarpContext[5e5e7040] Monitor=00010001
05.06.2019 11:27:27.338 [0000071c] --- D3DXWrapper trying d3dx11_43.dll
05.06.2019 11:27:27.339 [0000071c] --- D3DXWrapper d3dx11_43.dll loaded
05.06.2019 11:27:27.339 [0000071c] --- WarpContext[5e5e7040] D3DCompiler_47.DLL loaded directly
05.06.2019 11:27:27.339 [0000071c] --- SCISSORS 1
05.06.2019 11:27:27.339 [0000071c] --- ANISOTROPIC 4
05.06.2019 11:27:27.622 [0000071c] --- WarpContext 5e5e7040 T(3840x1200) O(3840x1200) enableRotation=0 rotateDegrees=0
05.06.2019 11:27:27.652 [0000071c] --- WarpContext[5e5e7040] CreateAllWarpingResources S=1 R=85 Warping=1
05.06.2019 11:27:27.652 [0000071c] --- Cursor warping SSC=30d248e0
05.06.2019 11:27:27.653 [0000071c] ### Cursor clear cache CC[0]
05.06.2019 11:27:27.653 [0000071c] ### Present[5e5e7040] S
05.06.2019 11:27:27.653 [0000071c] ### Present[5e5e7040] uSOPSAS
05.06.2019 11:27:27.653 [0000071c] ### Present[5e5e7040] uSNPSAS
05.06.2019 11:27:27.653 [0000071c] ### Present[5e5e7040] CR
05.06.2019 11:27:27.653 [0000071c] ### Present[5e5e7040] OMSRT
05.06.2019 11:27:27.654 [0000071c] ### Present[5e5e7040] uDC
05.06.2019 11:27:27.654 [0000071c] ### Present[5e5e7040] OMSRT
05.06.2019 11:27:27.658 [0000071c] ### Present[5e5e7040] uRBT
05.06.2019 11:27:27.658 [0000071c] ### Present[5e5e7040] OMSRT
05.06.2019 11:27:27.658 [0000071c] ### Present[5e5e7040] uDG
05.06.2019 11:27:27.658 [0000071c] ### Present[5e5e7040] uROPSAS
05.06.2019 11:27:27.658 [0000071c] ### Present[5e5e7040] E
05.06.2019 11:27:30.588 [0000071c] --- BaseDWMWarpContext[5e5e7040] CC changed LCC 5 != CC 7
05.06.2019 11:27:30.588 [0000071c] --- DestroyWarp
05.06.2019 11:27:30.588 [0000071c] --- WarpContext[5e5e7040] ReleaseAllWarpingResources R=-85
05.06.2019 11:27:30.588 [0000071c] --- WarpContext[5e5e7040] Monitor=00010001
05.06.2019 11:27:30.588 [0000071c] --- WarpContext[5e5e7040] D3DCompiler_47.DLL loaded directly
05.06.2019 11:27:30.588 [0000071c] --- SCISSORS 1
05.06.2019 11:27:30.588 [0000071c] --- ANISOTROPIC 4
05.06.2019 11:27:30.856 [0000071c] --- WarpContext 5e5e7040 T(3840x1200) O(3840x1200) enableRotation=0 rotateDegrees=0
05.06.2019 11:27:30.862 [0000071c] --- WarpContext[5e5e7040] CreateAllWarpingResources S=1 R=85 Warping=1
05.06.2019 11:27:30.862 [0000071c] ### Cursor clear cache CC[3]
05.06.2019 11:27:30.862 [0000071c] ### Present[5e5e7040] S
05.06.2019 11:27:30.862 [0000071c] ### Present[5e5e7040] uSOPSAS
05.06.2019 11:27:30.862 [0000071c] ### Present[5e5e7040] uSNPSAS
05.06.2019 11:27:30.862 [0000071c] ### Present[5e5e7040] CR
05.06.2019 11:27:30.862 [0000071c] ### Present[5e5e7040] OMSRT
05.06.2019 11:27:30.863 [0000071c] ### Present[5e5e7040] uDC
05.06.2019 11:27:30.863 [0000071c] ### Present[5e5e7040] OMSRT
05.06.2019 11:27:30.864 [0000071c] ### Present[5e5e7040] uRBT
05.06.2019 11:27:30.864 [0000071c] ### Present[5e5e7040] OMSRT
05.06.2019 11:27:30.864 [0000071c] ### Present[5e5e7040] uDG
05.06.2019 11:27:30.864 [0000071c] ### Present[5e5e7040] uROPSAS
05.06.2019 11:27:30.864 [0000071c] ### Present[5e5e7040] E
05.06.2019 11:27:32.406 [0000071c] --- BaseDWMWarpContext[5e5e7040] CC changed LCC 7 != CC 9
05.06.2019 11:27:32.406 [0000071c] --- DestroyWarp
05.06.2019 11:27:32.406 [0000071c] --- WarpContext[5e5e7040] ReleaseAllWarpingResources R=-85
05.06.2019 11:27:32.406 [0000071c] --- WarpContext[5e5e7040] Monitor=00010001
05.06.2019 11:27:32.406 [0000071c] --- WarpContext[5e5e7040] D3DCompiler_47.DLL loaded directly
05.06.2019 11:27:32.406 [0000071c] --- SCISSORS 1
05.06.2019 11:27:32.406 [0000071c] --- ANISOTROPIC 4
05.06.2019 11:27:32.675 [0000071c] --- WarpContext 5e5e7040 T(3840x1200) O(3840x1200) enableRotation=0 rotateDegrees=0
05.06.2019 11:27:32.678 [0000071c] --- WarpContext[5e5e7040] CreateAllWarpingResources S=1 R=85 Warping=1
05.06.2019 11:27:32.678 [0000071c] ### Cursor clear cache CC[1]
05.06.2019 11:27:32.678 [0000071c] ### Present[5e5e7040] S
05.06.2019 11:27:32.678 [0000071c] ### Present[5e5e7040] uSOPSAS
05.06.2019 11:27:32.678 [0000071c] ### Present[5e5e7040] uSNPSAS
05.06.2019 11:27:32.678 [0000071c] ### Present[5e5e7040] CR
05.06.2019 11:27:32.678 [0000071c] ### Present[5e5e7040] OMSRT
05.06.2019 11:27:32.679 [0000071c] ### Present[5e5e7040] uDC
05.06.2019 11:27:32.679 [0000071c] ### Present[5e5e7040] OMSRT
05.06.2019 11:27:32.680 [0000071c] ### Present[5e5e7040] uRBT
05.06.2019 11:27:32.680 [0000071c] ### Present[5e5e7040] OMSRT
05.06.2019 11:27:32.680 [0000071c] ### Present[5e5e7040] uDG
05.06.2019 11:27:32.680 [0000071c] ### Present[5e5e7040] uROPSAS
05.06.2019 11:27:32.680 [0000071c] ### Present[5e5e7040] E
05.06.2019 11:27:34.241 [0000071c] --- BaseDWMWarpContext[5e5e7040] CC changed LCC 9 != CC 11
05.06.2019 11:27:34.241 [0000071c] --- DestroyWarp
05.06.2019 11:27:34.241 [0000071c] --- WarpContext[5e5e7040] ReleaseAllWarpingResources R=-85
05.06.2019 11:27:34.241 [0000071c] --- WarpContext[5e5e7040] Monitor=00010001
05.06.2019 11:27:34.241 [0000071c] --- WarpContext[5e5e7040] D3DCompiler_47.DLL loaded directly
05.06.2019 11:27:34.241 [0000071c] --- SCISSORS 1
05.06.2019 11:27:34.241 [0000071c] --- ANISOTROPIC 4
05.06.2019 11:27:34.512 [0000071c] --- WarpContext 5e5e7040 T(3840x1200) O(3840x1200) enableRotation=0 rotateDegrees=0
05.06.2019 11:27:34.517 [0000071c] --- WarpContext[5e5e7040] CreateAllWarpingResources S=1 R=85 Warping=1
05.06.2019 11:27:34.517 [0000071c] ### Cursor clear cache CC[1]
05.06.2019 11:27:34.517 [0000071c] ### Present[5e5e7040] S
05.06.2019 11:27:34.517 [0000071c] ### Present[5e5e7040] uSOPSAS
05.06.2019 11:27:34.517 [0000071c] ### Present[5e5e7040] uSNPSAS
05.06.2019 11:27:34.517 [0000071c] ### Present[5e5e7040] CR
05.06.2019 11:27:34.517 [0000071c] ### Present[5e5e7040] OMSRT
05.06.2019 11:27:34.518 [0000071c] ### Present[5e5e7040] uDC
05.06.2019 11:27:34.518 [0000071c] ### Present[5e5e7040] OMSRT
05.06.2019 11:27:34.519 [0000071c] ### Present[5e5e7040] uRBT
05.06.2019 11:27:34.519 [0000071c] ### Present[5e5e7040] OMSRT
05.06.2019 11:27:34.519 [0000071c] ### Present[5e5e7040] uDG
05.06.2019 11:27:34.519 [0000071c] ### Present[5e5e7040] uROPSAS
05.06.2019 11:27:34.519 [0000071c] ### Present[5e5e7040] E
05.06.2019 11:27:41.268 [000002d0] --- Restarting DWM
