05.06.2019 12:00:30.787 [000025dc] --- App --- Immersive Display PRO v3.0.5 (01.01.2019)
05.06.2019 12:00:30.787 [000025dc] --- OS 6:2 Microsoft Windows 8 Professional (build 9200), 64-bit 7(0) 8(1) 8.1(0) 10(0)
05.06.2019 12:00:30.787 [000025dc] --- Process64 C:\Users\own\scoop\apps\git\current\cmd\git.exe
05.06.2019 12:00:30.787 [000025dc] --- CmdLine ["C:\Users\own\scoop\apps\git\current\cmd\git.exe"   add startup.bat]
05.06.2019 12:00:30.787 [000025dc] --- Enumerating displays ...
05.06.2019 12:00:30.788 [000025dc] --- Device N[\\.\DISPLAY1] S[Radeon RX 580 Series] M[Generic PnP Monitor] F[desktop primary ]
05.06.2019 12:00:30.788 [000025dc] --- Device N[\\.\DISPLAY2] S[Radeon RX 580 Series] M[] F[]
05.06.2019 12:00:30.789 [000025dc] --- Device N[\\.\DISPLAY3] S[Radeon RX 580 Series] M[] F[]
05.06.2019 12:00:30.789 [000025dc] --- Device N[\\.\DISPLAY4] S[Radeon RX 580 Series] M[] F[]
05.06.2019 12:00:30.790 [000025dc] --- Device N[\\.\DISPLAY5] S[Radeon RX 580 Series] M[] F[]
05.06.2019 12:00:30.791 [000025dc] --- Device N[\\.\DISPLAY6] S[Radeon RX 580 Series] M[] F[]
05.06.2019 12:00:30.791 [000025dc] --- Device N[\\.\DISPLAY7] S[Radeon RX 580 Series] M[] F[]
05.06.2019 12:00:30.792 [000025dc] --- Device N[\\.\DISPLAY8] S[Radeon RX 580 Series] M[] F[]
05.06.2019 12:00:30.792 [000025dc] --- SM_CMONITORS         = 1
05.06.2019 12:00:30.792 [000025dc] --- SM_SAMEDISPLAYFORMAT = 1
05.06.2019 12:00:30.792 [000025dc] --- SM_XVIRTUALSCREEN    = 0
05.06.2019 12:00:30.792 [000025dc] --- SM_YVIRTUALSCREEN    = 0
05.06.2019 12:00:30.792 [000025dc] --- SM_CXVIRTUALSCREEN   = 3840
05.06.2019 12:00:30.792 [000025dc] --- SM_CYVIRTUALSCREEN   = 1200
05.06.2019 12:00:30.792 [000025dc] --- SM_CXCURSOR          = 32
05.06.2019 12:00:30.794 [000025dc] --- [\\.\DISPLAY1] [Radeon RX 580 Series] [MONITOR\ADVEF2D\{4d36e96e-e325-11ce-bfc1-08002be10318}\0017] [Generic PnP Monitor]
05.06.2019 12:00:30.795 [000025dc] --- Enumerated 1 displays
05.06.2019 12:00:30.795 [000025dc] --- Displays initialized
05.06.2019 12:00:30.795 [000025dc] --- Displays[0] M[00010001] HDC[e4011458] GDC[1e011422] L=0 T=0 R=3840 B=1200 RECT[0,0 3840x1200] N[\\.\DISPLAY1] M[Generic PnP Monitor] F[1] PROJ[2x1] MAPS[2]
05.06.2019 12:00:30.795 [000025dc] ---    Grouping G[0] N[0] GD[]
05.06.2019 12:00:30.795 [000025dc] --- ---
05.06.2019 12:00:30.795 [000025dc] --- hookD3D9
05.06.2019 12:00:30.796 [000025dc] --- DirectX9 dll=670a0000
05.06.2019 12:00:30.855 [000025dc] --- DirectX9 API detected
05.06.2019 12:00:30.855 [000025dc] --- DirectX9Ex API detected
05.06.2019 12:00:30.855 [000025dc] --- i1: InterfaceProc1
05.06.2019 12:00:30.855 [000025dc] --- interfaceFunc1 [\\.\DISPLAY1] totalMaps=2
05.06.2019 12:00:30.855 [000025dc] --- DXGI dll=95b60000
05.06.2019 12:00:30.884 [000025dc] --- DirectX DXGI API CreateDXGIFactory detected 1
05.06.2019 12:00:30.913 [000025dc] --- DirectX DXGI API CreateDXGIFactory1 detected 1
05.06.2019 12:00:30.943 [000025dc] --- DirectX DXGI API CreateDXGIFactory2 detected 1
05.06.2019 12:00:30.943 [000025dc] --- DirectX DXGI API detected
05.06.2019 12:00:30.943 [000025dc] --- DirectX D3D12 API detected hd3d12=8f360000
05.06.2019 12:00:30.973 [000025dc] --- DirectX D3D12 API detected 1
05.06.2019 12:00:30.973 [000025dc] --- hookOpenGL
05.06.2019 12:00:31.181 [000025dc] --- OpenGL API detected
05.06.2019 12:00:31.815 [000025dc] --- PROCESS DETACH
