05.06.2019 10:42:13.059 [00001e98] --- App --- Immersive Display PRO v3.0.5 (01.01.2019)
05.06.2019 10:42:13.059 [00001e98] --- OS 6:2 Microsoft Windows 8 Professional (build 9200), 64-bit 7(0) 8(1) 8.1(0) 10(0)
05.06.2019 10:42:13.059 [00001e98] --- Process64 C:\Program Files\AMD\CNext\CNext\RadeonSettings.exe
05.06.2019 10:42:13.059 [00001e98] --- CmdLine ["C:\Program Files\AMD\CNext\CNext\RadeonSettings.exe" atlogon]
05.06.2019 10:42:13.059 [00001e98] --- Enumerating displays ...
05.06.2019 10:42:13.059 [00001e98] --- Device N[\\.\DISPLAY1] S[Radeon RX 580 Series] M[Generic PnP Monitor] F[desktop primary ]
05.06.2019 10:42:13.059 [00001e98] --- Device N[\\.\DISPLAY2] S[Radeon RX 580 Series] M[] F[]
05.06.2019 10:42:13.059 [00001e98] --- Device N[\\.\DISPLAY3] S[Radeon RX 580 Series] M[] F[]
05.06.2019 10:42:13.074 [00001e98] --- Device N[\\.\DISPLAY4] S[Radeon RX 580 Series] M[] F[]
05.06.2019 10:42:13.074 [00001e98] --- Device N[\\.\DISPLAY5] S[Radeon RX 580 Series] M[] F[]
05.06.2019 10:42:13.074 [00001e98] --- Device N[\\.\DISPLAY6] S[Radeon RX 580 Series] M[] F[]
05.06.2019 10:42:13.074 [00001e98] --- Device N[\\.\DISPLAY7] S[Radeon RX 580 Series] M[] F[]
05.06.2019 10:42:13.074 [00001e98] --- Device N[\\.\DISPLAY8] S[Radeon RX 580 Series] M[] F[]
05.06.2019 10:42:13.074 [00001e98] --- SM_CMONITORS         = 1
05.06.2019 10:42:13.074 [00001e98] --- SM_SAMEDISPLAYFORMAT = 1
05.06.2019 10:42:13.074 [00001e98] --- SM_XVIRTUALSCREEN    = 0
05.06.2019 10:42:13.074 [00001e98] --- SM_YVIRTUALSCREEN    = 0
05.06.2019 10:42:13.074 [00001e98] --- SM_CXVIRTUALSCREEN   = 3840
05.06.2019 10:42:13.074 [00001e98] --- SM_CYVIRTUALSCREEN   = 1200
05.06.2019 10:42:13.074 [00001e98] --- SM_CXCURSOR          = 32
05.06.2019 10:42:13.074 [00001e98] --- [\\.\DISPLAY1] [Radeon RX 580 Series] [MONITOR\ADVEF2D\{4d36e96e-e325-11ce-bfc1-08002be10318}\0017] [Generic PnP Monitor]
05.06.2019 10:42:13.074 [00001e98] --- Enumerated 1 displays
05.06.2019 10:42:13.074 [00001e98] --- Displays initialized
05.06.2019 10:42:13.074 [00001e98] --- Displays[0] M[00010001] HDC[15010bd4] GDC[05010cbf] L=0 T=0 R=3840 B=1200 RECT[0,0 3840x1200] N[\\.\DISPLAY1] M[Generic PnP Monitor] F[1] PROJ[2x1] MAPS[2]
05.06.2019 10:42:13.074 [00001e98] ---    Grouping G[0] N[0] GD[]
05.06.2019 10:42:13.074 [00001e98] --- ---
05.06.2019 10:42:13.074 [00001e98] --- hookD3D9
05.06.2019 10:42:13.074 [00001e98] --- DirectX9 dll=328d0000
05.06.2019 10:42:13.121 [00001e98] --- DirectX9 API detected
05.06.2019 10:42:13.121 [00001e98] --- DirectX9Ex API detected
05.06.2019 10:42:13.121 [00001e98] --- i1: InterfaceProc1
05.06.2019 10:42:13.121 [00001e98] --- interfaceFunc1 [\\.\DISPLAY1] totalMaps=2
05.06.2019 10:42:13.121 [00001e98] --- DXGI dll=61320000
05.06.2019 10:42:13.137 [00001e98] --- DirectX DXGI API CreateDXGIFactory detected 1
05.06.2019 10:42:13.168 [00001e98] --- DirectX DXGI API CreateDXGIFactory1 detected 1
05.06.2019 10:42:13.183 [00001e98] --- DirectX DXGI API CreateDXGIFactory2 detected 1
05.06.2019 10:42:13.183 [00001e98] --- DirectX DXGI API detected
05.06.2019 10:42:13.183 [00001e98] --- DirectX D3D12 API detected hd3d12=5a9e0000
05.06.2019 10:42:13.215 [00001e98] --- DirectX D3D12 API detected 1
05.06.2019 10:42:13.215 [00001e98] --- hookOpenGL
05.06.2019 10:42:13.371 [00001e98] --- OpenGL API detected
