04.06.2019 13:53:50.285 [00002258] ??? OSM handle == NULL error=2
04.06.2019 13:53:50.285 [00002258] ^^^ SC trying session1
--- [2]
04.06.2019 13:53:50.285 [00002258] --- App --- Immersive Display PRO v3.0.5 (01.01.2019)
04.06.2019 13:53:50.285 [00002258] --- OS 6:2 Microsoft Windows 8 Professional (build 9200), 64-bit 7(0) 8(1) 8.1(0) 10(0)
04.06.2019 13:53:50.285 [00002258] --- Process64 C:\ProgramData\Microsoft\Windows Defender\platform\4.18.1904.1-0\MpCmdRun.exe
04.06.2019 13:53:50.285 [00002258] --- CmdLine ["C:\ProgramData\Microsoft\Windows Defender\platform\4.18.1904.1-0\MpCmdRun.exe" SignatureUpdate -ScheduleJob -RestrictPrivileges]
04.06.2019 13:53:50.285 [00002258] --- Enumerating displays ...
04.06.2019 13:53:50.285 [00002258] --- SM_CMONITORS         = 1
04.06.2019 13:53:50.285 [00002258] --- SM_SAMEDISPLAYFORMAT = 1
04.06.2019 13:53:50.285 [00002258] --- SM_XVIRTUALSCREEN    = 0
04.06.2019 13:53:50.285 [00002258] --- SM_YVIRTUALSCREEN    = 0
04.06.2019 13:53:50.285 [00002258] --- SM_CXVIRTUALSCREEN   = 1024
04.06.2019 13:53:50.285 [00002258] --- SM_CYVIRTUALSCREEN   = 768
04.06.2019 13:53:50.285 [00002258] --- SM_CXCURSOR          = 32
04.06.2019 13:53:50.285 [00002258] ??? No displays enumerated. Retry later
04.06.2019 13:53:50.285 [00002258] --- hookD3D9
04.06.2019 13:53:50.286 [00002258] --- DirectX9 dll=56cb0000
04.06.2019 13:53:50.319 [00002258] --- DirectX9 API detected
04.06.2019 13:53:50.319 [00002258] --- DirectX9Ex API detected
04.06.2019 13:53:50.319 [00002258] --- i1: InterfaceProc1
04.06.2019 13:53:50.320 [00002258] --- DXGI dll=7ce30000
04.06.2019 13:53:50.337 [00002258] --- DirectX DXGI API CreateDXGIFactory detected 1
04.06.2019 13:53:50.354 [00002258] --- DirectX DXGI API CreateDXGIFactory1 detected 1
04.06.2019 13:53:50.371 [00002258] --- DirectX DXGI API CreateDXGIFactory2 detected 1
04.06.2019 13:53:50.371 [00002258] --- DirectX DXGI API detected
04.06.2019 13:53:50.372 [00002258] --- DirectX D3D12 API detected hd3d12=75c40000
04.06.2019 13:53:50.389 [00002258] --- DirectX D3D12 API detected 1
04.06.2019 13:53:50.389 [00002258] --- hookOpenGL
04.06.2019 13:53:50.510 [00002258] --- OpenGL API detected
04.06.2019 13:53:50.568 [00002258] --- PROCESS DETACH
