04.06.2019 21:35:27.548 [00002148] ??? OSM handle == NULL error=2
04.06.2019 21:35:27.548 [00002148] ^^^ SC trying session1
--- [2]
04.06.2019 21:35:27.548 [00002148] --- App --- Immersive Display PRO v3.0.5 (01.01.2019)
04.06.2019 21:35:27.548 [00002148] --- OS 6:2 Microsoft Windows 8 Professional (build 9200), 64-bit 7(0) 8(1) 8.1(0) 10(0)
04.06.2019 21:35:27.548 [00002148] --- Process32 C:\Program Files (x86)\Google\Update\1.3.34.11\GoogleCrashHandler.exe
04.06.2019 21:35:27.548 [00002148] --- CmdLine ["C:\Program Files (x86)\Google\Update\1.3.34.11\GoogleCrashHandler.exe"]
04.06.2019 21:35:27.548 [00002148] --- Enumerating displays ...
04.06.2019 21:35:27.548 [00002148] --- SM_CMONITORS         = 1
04.06.2019 21:35:27.548 [00002148] --- SM_SAMEDISPLAYFORMAT = 1
04.06.2019 21:35:27.548 [00002148] --- SM_XVIRTUALSCREEN    = 0
04.06.2019 21:35:27.548 [00002148] --- SM_YVIRTUALSCREEN    = 0
04.06.2019 21:35:27.548 [00002148] --- SM_CXVIRTUALSCREEN   = 1024
04.06.2019 21:35:27.548 [00002148] --- SM_CYVIRTUALSCREEN   = 768
04.06.2019 21:35:27.548 [00002148] --- SM_CXCURSOR          = 32
04.06.2019 21:35:27.548 [00002148] ??? No displays enumerated. Retry later
04.06.2019 21:35:27.548 [00002148] --- hookD3D9
04.06.2019 21:35:27.548 [00002148] --- DirectX9 dll=716e0000
04.06.2019 21:35:27.595 [00002148] --- DirectX9 API detected
04.06.2019 21:35:27.595 [00002148] --- DirectX9Ex API detected
04.06.2019 21:35:27.595 [00002148] --- i1: InterfaceProc1
04.06.2019 21:35:27.595 [00002148] --- DXGI dll=725f0000
04.06.2019 21:35:27.626 [00002148] --- DirectX DXGI API CreateDXGIFactory detected 1
04.06.2019 21:35:27.641 [00002148] --- DirectX DXGI API CreateDXGIFactory1 detected 1
04.06.2019 21:35:27.673 [00002148] --- DirectX DXGI API CreateDXGIFactory2 detected 1
04.06.2019 21:35:27.673 [00002148] --- DirectX DXGI API detected
04.06.2019 21:35:27.673 [00002148] --- DirectX D3D12 API detected hd3d12=72480000
04.06.2019 21:35:27.704 [00002148] --- DirectX D3D12 API detected 1
04.06.2019 21:35:27.719 [00002148] --- hookOpenGL
04.06.2019 21:35:27.891 [00002148] --- OpenGL API detected
04.06.2019 21:35:27.969 [00002148] --- PROCESS DETACH
