04.06.2019 21:31:55.715 [000022e8] --- Immersive Display PRO v3.0.5
04.06.2019 21:31:55.715 [000022e8] --- OS 6:2 Microsoft Windows 8 Professional (build 9200), 64-bit 7(0) 8(1) 8.1(0) 10(0)
04.06.2019 21:31:55.715 [000022e8] --- SCREEN \\.\DISPLAY1
04.06.2019 21:31:55.715 [000022e8] ------ LogicalDPI=96.000000 Scale=1.000000
04.06.2019 21:31:55.715 [000022e8] ------ DevicePixelRatio=1.000000
04.06.2019 21:31:55.762 [000022e8] --- Removed 0 log file(s)
04.06.2019 21:31:55.762 [000022e8] --- ACL changed for C:\WARP000\
04.06.2019 21:31:56.153 [000022e8] --- LicAppName=Immersive Display PRO
04.06.2019 21:31:56.153 [000022e8] --- L1
04.06.2019 21:31:56.660 [000022e8] --- DK2C61
04.06.2019 21:31:57.613 [000022e8] --- DM110
04.06.2019 21:31:58.675 [000022e8] --- LD=20190109 SD=20190101
04.06.2019 21:31:58.675 [000022e8] --- ###[UzNZOU5YME0yNDg4OTBM]###
04.06.2019 21:31:59.238 [000022e8] --- Displays 1/2 [20] SGD=2560932 SSC=31904
04.06.2019 21:31:59.238 [000022e8] --- Shared 31904+5121864 5153768
04.06.2019 21:31:59.238 [000022e8] ### PageSize=4096
04.06.2019 21:31:59.238 [000022e8] ### MinimumApplicationAddress=00010000
04.06.2019 21:31:59.238 [000022e8] ### MaximumApplicationAddress=7ffeffff
04.06.2019 21:31:59.238 [000022e8] ### AllocationGranularity=65536
04.06.2019 21:31:59.238 [000022e8] ### Res=28
04.06.2019 21:31:59.238 [000022e8] ### BaseAddress=07080000
04.06.2019 21:31:59.238 [000022e8] ### AllocationBase=07080000
04.06.2019 21:31:59.238 [000022e8] ### AllocationProtect=00000004
04.06.2019 21:31:59.238 [000022e8] ### RegionSize=5156864
04.06.2019 21:31:59.238 [000022e8] ### State=00001000
04.06.2019 21:31:59.238 [000022e8] ### Protect=00000004
04.06.2019 21:31:59.238 [000022e8] ### Type=00040000
04.06.2019 21:31:59.238 [000022e8] --- Config 07080000 ZERO(0) 31904 + 5121864
04.06.2019 21:31:59.238 [000022e8] --- Config 07080000 ZERO(1)
04.06.2019 21:31:59.238 [000022e8] --- Config 07080000 ZERO(2)
04.06.2019 21:31:59.238 [000022e8] --- R [12]->46
04.06.2019 21:31:59.238 [000022e8] --- MP 3
04.06.2019 21:31:59.238 [000022e8] --- Config 07080000
04.06.2019 21:31:59.238 [000022e8] --- Config logsFolder=C:\WARP000\logs\
04.06.2019 21:31:59.238 [000022e8] --- Config imagesFolder=C:\WARP000\images\
04.06.2019 21:31:59.238 [000022e8] --- Config configsFolder=C:\WARP000\config\
04.06.2019 21:31:59.238 [000022e8] --- Enumerating displays ...
04.06.2019 21:31:59.238 [000022e8] --- Device N[\\.\DISPLAY1] S[Radeon RX 580 Series] M[Generic PnP Monitor] F[desktop primary ]
04.06.2019 21:31:59.238 [000022e8] --- Device N[\\.\DISPLAY2] S[Radeon RX 580 Series] M[] F[]
04.06.2019 21:31:59.238 [000022e8] --- Device N[\\.\DISPLAY3] S[Radeon RX 580 Series] M[] F[]
04.06.2019 21:31:59.238 [000022e8] --- Device N[\\.\DISPLAY4] S[Radeon RX 580 Series] M[] F[]
04.06.2019 21:31:59.238 [000022e8] --- Device N[\\.\DISPLAY5] S[Radeon RX 580 Series] M[] F[]
04.06.2019 21:31:59.238 [000022e8] --- Device N[\\.\DISPLAY6] S[Radeon RX 580 Series] M[] F[]
04.06.2019 21:31:59.238 [000022e8] --- Device N[\\.\DISPLAY7] S[Radeon RX 580 Series] M[] F[]
04.06.2019 21:31:59.238 [000022e8] --- Device N[\\.\DISPLAY8] S[Radeon RX 580 Series] M[] F[]
04.06.2019 21:31:59.238 [000022e8] --- SM_CMONITORS         = 1
04.06.2019 21:31:59.238 [000022e8] --- SM_SAMEDISPLAYFORMAT = 1
04.06.2019 21:31:59.238 [000022e8] --- SM_XVIRTUALSCREEN    = 0
04.06.2019 21:31:59.238 [000022e8] --- SM_YVIRTUALSCREEN    = 0
04.06.2019 21:31:59.238 [000022e8] --- SM_CXVIRTUALSCREEN   = 3840
04.06.2019 21:31:59.238 [000022e8] --- SM_CYVIRTUALSCREEN   = 1200
04.06.2019 21:31:59.238 [000022e8] --- SM_CXCURSOR          = 32
04.06.2019 21:31:59.269 [000022e8] --- [\\.\DISPLAY1] [Radeon RX 580 Series] [MONITOR\ADVEF2D\{4d36e96e-e325-11ce-bfc1-08002be10318}\0017] [Generic PnP Monitor]
04.06.2019 21:31:59.269 [000022e8] --- Enumerated 1 displays
04.06.2019 21:31:59.269 [000022e8] --- Displays initialized
04.06.2019 21:31:59.269 [000022e8] --- Displays[0] M[00010001] HDC[05010df7] GDC[23010d29] L=0 T=0 R=3840 B=1200 RECT[0,0 3840x1200] N[\\.\DISPLAY1] M[Generic PnP Monitor] F[1] PROJ[0x0] MAPS[0]
04.06.2019 21:31:59.269 [000022e8] ---    Grouping G[0] N[0] GD[]
04.06.2019 21:31:59.269 [000022e8] --- ---
04.06.2019 21:31:59.285 [000022e8] --- Model:Config file C:\WARP000\config\config.dat does not exist
04.06.2019 21:31:59.285 [000022e8] --- Model:Config file LCC[1]
04.06.2019 21:31:59.285 [000022e8] --- Model:Config file CC[2]
04.06.2019 21:31:59.285 [000022e8] --- Preferences loaded
04.06.2019 21:31:59.285 [000022e8] ------ startMinimized 0
04.06.2019 21:31:59.285 [000022e8] ------ showTrayNotifications 0
04.06.2019 21:31:59.300 [000022e8] ------ autoStartDesktopWarping 1
04.06.2019 21:31:59.300 [000022e8] ------ autoStartDesktopWarpingDelaySeconds 3
04.06.2019 21:31:59.300 [000022e8] ------ warpCursor 1
04.06.2019 21:31:59.300 [000022e8] ------ hideSystemCursor 0
04.06.2019 21:31:59.300 [000022e8] ------ samplingDesktop 2
04.06.2019 21:31:59.300 [000022e8] ------ samplingDXGL 2
04.06.2019 21:31:59.300 [000022e8] ------ useFXAA 0
04.06.2019 21:31:59.300 [000022e8] ------ useFXAAPresetIndex 0
04.06.2019 21:31:59.300 [000022e8] ------ updateRateMS 20
04.06.2019 21:31:59.300 [000022e8] ------ enableVNCControl 0
04.06.2019 21:31:59.300 [000022e8] ------ vncPort 5900
04.06.2019 21:31:59.300 [000022e8] ------ vncPassword 1234
04.06.2019 21:31:59.300 [000022e8] ------ enableTelnet 0
04.06.2019 21:31:59.300 [000022e8] ------ remoteTelnetPort 6600
04.06.2019 21:31:59.300 [000022e8] ------ overrideDesktopRotation 0
04.06.2019 21:31:59.300 [000022e8] ------ forcedDesktopRotation 0
04.06.2019 21:31:59.300 [000022e8] ------ forcedScissorsRotation 0
04.06.2019 21:31:59.300 [000022e8] ------ checkForDisplayConfigChange 0
04.06.2019 21:31:59.300 [000022e8] ------ cropEdges 0
04.06.2019 21:31:59.300 [000022e8] ------ cropPixels 0
04.06.2019 21:31:59.300 [000022e8] ------ removeWindowFrame 0
04.06.2019 21:31:59.300 [000022e8] ------ skipWarpChildWindows 0
04.06.2019 21:31:59.300 [000022e8] ------ openGLTextureOffset 0
04.06.2019 21:31:59.300 [000022e8] ------ disable_DX9 0
04.06.2019 21:31:59.300 [000022e8] ------ disable_DX10 0
04.06.2019 21:31:59.300 [000022e8] ------ disable_DX11 0
04.06.2019 21:31:59.300 [000022e8] ------ disable_DX12 0
04.06.2019 21:31:59.300 [000022e8] ------ disable_OpenGL 0
04.06.2019 21:31:59.300 [000022e8] ------ disable_Vulkan 1
04.06.2019 21:31:59.300 [000022e8] ------ forcePreserveBB_DX9 0
04.06.2019 21:31:59.300 [000022e8] ------ forcePreserveBB_DX10 0
04.06.2019 21:31:59.300 [000022e8] ------ forcePreserveBB_DX11 0
04.06.2019 21:31:59.300 [000022e8] ------ forcePreserveBB_DX12 0
04.06.2019 21:31:59.300 [000022e8] ------ forcePreserveBB_OpenGL 0
04.06.2019 21:31:59.300 [000022e8] ------ forcePreserveBB_Vulkan 0
04.06.2019 21:31:59.300 [000022e8] ------ enableDebanding 0
04.06.2019 21:31:59.300 [000022e8] ------ enableWindowsSessionShutdown 0
04.06.2019 21:31:59.300 [000022e8] ------ ignoreDWMInFullScreen 1
04.06.2019 21:31:59.300 [000022e8] --- Excludes loaded 3
04.06.2019 21:31:59.300 [000022e8] ------ Exclude Path=MQTT_Json_Movie_MOC.exe DX9=1 DX10=1 DX11=1 DX12=1 OGL=1 VULKAN=1 StopDWM7=0
04.06.2019 21:31:59.300 [000022e8] ------ Exclude Path=chrome.exe DX9=1 DX10=1 DX11=1 DX12=1 OGL=1 VULKAN=1 StopDWM7=0
04.06.2019 21:31:59.300 [000022e8] ------ Exclude Path=chrome.exe DX9=1 DX10=1 DX11=1 DX12=1 OGL=1 VULKAN=1 StopDWM7=0
04.06.2019 21:31:59.300 [000022e8] --- Sets configSet=1
04.06.2019 21:31:59.300 [000022e8] --- Sets configSetFile[1]=C:\WARP000\config\20190509.dat
04.06.2019 21:31:59.300 [000022e8] --- Sets configSetFile[2]=C:\WARP000\config\config2.dat
04.06.2019 21:31:59.300 [000022e8] --- Sets configSetFile[3]=C:\WARP000\config\config3.dat
04.06.2019 21:31:59.300 [000022e8] --- Sets configSetFile[4]=C:\WARP000\config\config4.dat
04.06.2019 21:31:59.300 [000022e8] --- Sets configSetFile[5]=C:\WARP000\config\config5.dat
04.06.2019 21:31:59.300 [000022e8] --- Sets configSetFile[6]=C:\WARP000\config\config6.dat
04.06.2019 21:31:59.300 [000022e8] --- Sets configSetFile[7]=C:\WARP000\config\config7.dat
04.06.2019 21:31:59.300 [000022e8] --- Sets configSetFile[8]=C:\WARP000\config\config8.dat
04.06.2019 21:31:59.316 [000022e8] --- Loaded Displays[0] \\.\DISPLAY1 Generic PnP Monitor L=0 T=0 R=3840 B=1200 loadedDisplaysWithPositionAndSize=1
04.06.2019 21:31:59.347 [000022e8] --- Displays loaded
04.06.2019 21:31:59.347 [000022e8] --- Displays[0] M[00010001] HDC[05010df7] GDC[23010d29] L=0 T=0 R=3840 B=1200 RECT[0,0 3840x1200] N[\\.\DISPLAY1] M[Generic PnP Monitor] F[1] PROJ[2x1] MAPS[2]
04.06.2019 21:31:59.347 [000022e8] ---    Grouping G[0] N[0] GD[]
04.06.2019 21:31:59.347 [000022e8] --- Model:Config file C:\WARP000\config\20190509.dat loaded
04.06.2019 21:31:59.347 [000022e8] --- Model:Config file LCC[3]
04.06.2019 21:31:59.347 [000022e8] --- Model:Config file CC[4]
04.06.2019 21:31:59.347 [000022e8] --- Sets manager selectSet[1]->1
04.06.2019 21:31:59.363 [000022e8] --- Schedules STOP
04.06.2019 21:31:59.363 [000022e8] --- Schedules STOP
04.06.2019 21:31:59.363 [000022e8] --- Autoruns 0
04.06.2019 21:31:59.363 [000022e8] $$$ Immersive Display PRO v3.0.5 (01.01.2019)
04.06.2019 21:31:59.363 [000022e8] $$$ 6:2 Microsoft Windows 8 Professional (build 9200), 64-bit 7(0) 8(1) 8.1(0) 10(0)
04.06.2019 21:31:59.680 [000022e8] --- Run all autoruns
04.06.2019 21:32:02.585 [000022e8] --- onToggleDesktopWarp isDWMAvailable=1
04.06.2019 21:32:02.585 [000022e8] --- onToggleDesktopWarp TOGGLED
04.06.2019 21:32:02.585 [000022e8] $$$ incremented dwmRestartCount=1
04.06.2019 21:32:03.349 [000022e8] $$$ P32[00001c48] [TeamViewer.exe][C:\Program Files (x86)\TeamViewer\TeamViewer.exe] started
04.06.2019 21:32:03.458 [000022e8] $$$ P64[00001e30] [dwm.exe][C:\WINDOWS\system32\dwm.exe] started
04.06.2019 21:32:05.418 [000022e8] $$$ P64[000024f8] [MCEControl.exe][C:\Program Files (x86)\Kindel Systems\MCE Controller\MCEControl.exe] started
04.06.2019 21:32:40.239 [000022e8] $$$ P32[000021a8] [Intel Driver and Support Assistant Installer.exe][C:\ProgramData\Package Cache\{f2e24019-b9cf-40fd-861f-1f67a73ec7e7}\Intel Driver and Support Assistant Installer.exe] started
04.06.2019 21:32:40.598 [000022e8] $$$ P32[0000259c] [Intel Driver and Support Assistant Installer.exe][C:\ProgramData\Package Cache\{f2e24019-b9cf-40fd-861f-1f67a73ec7e7}\Intel Driver and Support Assistant Installer.exe] started
04.06.2019 21:32:43.037 [000022e8] $$$ P32[00001e74] [Intel Driver and Support Assistant Installer.exe][C:\ProgramData\Package Cache\{f2e24019-b9cf-40fd-861f-1f67a73ec7e7}\Intel Driver and Support Assistant Installer.exe] started
04.06.2019 21:32:43.996 [000022e8] $$$ P64[00001d54] [DSAServiceHelper.exe][C:\Program Files (x86)\Intel\Driver and Support Assistant\DSAServiceHelper.exe] started
04.06.2019 21:32:53.164 [000022e8] !!! onWindowsSessionEnded 0
