04.06.2019 21:25:40.633 [00000380] --- App --- Immersive Display PRO v3.0.5 (01.01.2019)
04.06.2019 21:25:40.633 [00000380] --- OS 6:2 Microsoft Windows 8 Professional (build 9200), 64-bit 7(0) 8(1) 8.1(0) 10(0)
04.06.2019 21:25:40.633 [00000380] --- Process64 C:\Program Files\AMD\CNext\CNext\RadeonSettings.exe
04.06.2019 21:25:40.633 [00000380] --- CmdLine ["C:\Program Files\AMD\CNext\CNext\RadeonSettings.exe" ]
04.06.2019 21:25:40.633 [00000380] --- Enumerating displays ...
04.06.2019 21:25:40.633 [00000380] --- Device N[\\.\DISPLAY1] S[Radeon RX 580 Series] M[Generic PnP Monitor] F[desktop ]
04.06.2019 21:25:40.649 [00000380] --- Device N[\\.\DISPLAY2] S[Radeon RX 580 Series] M[Generic PnP Monitor] F[desktop primary ]
04.06.2019 21:25:40.649 [00000380] --- Device N[\\.\DISPLAY3] S[Radeon RX 580 Series] M[] F[]
04.06.2019 21:25:40.649 [00000380] --- Device N[\\.\DISPLAY4] S[Radeon RX 580 Series] M[] F[]
04.06.2019 21:25:40.649 [00000380] --- Device N[\\.\DISPLAY5] S[Radeon RX 580 Series] M[] F[]
04.06.2019 21:25:40.649 [00000380] --- Device N[\\.\DISPLAY6] S[Radeon RX 580 Series] M[] F[]
04.06.2019 21:25:40.649 [00000380] --- Device N[\\.\DISPLAY7] S[Radeon RX 580 Series] M[] F[]
04.06.2019 21:25:40.649 [00000380] --- Device N[\\.\DISPLAY8] S[Radeon RX 580 Series] M[] F[]
04.06.2019 21:25:40.649 [00000380] --- SM_CMONITORS         = 2
04.06.2019 21:25:40.649 [00000380] --- SM_SAMEDISPLAYFORMAT = 1
04.06.2019 21:25:40.649 [00000380] --- SM_XVIRTUALSCREEN    = 0
04.06.2019 21:25:40.649 [00000380] --- SM_YVIRTUALSCREEN    = 0
04.06.2019 21:25:40.649 [00000380] --- SM_CXVIRTUALSCREEN   = 3840
04.06.2019 21:25:40.649 [00000380] --- SM_CYVIRTUALSCREEN   = 1200
04.06.2019 21:25:40.649 [00000380] --- SM_CXCURSOR          = 32
04.06.2019 21:25:40.664 [00000380] --- [\\.\DISPLAY1] [Radeon RX 580 Series] [MONITOR\SECA70B\{4d36e96e-e325-11ce-bfc1-08002be10318}\0016] [Generic PnP Monitor]
04.06.2019 21:25:40.664 [00000380] --- [\\.\DISPLAY2] [Radeon RX 580 Series] [MONITOR\SECA70B\{4d36e96e-e325-11ce-bfc1-08002be10318}\0015] [Generic PnP Monitor]
04.06.2019 21:25:40.664 [00000380] --- Enumerated 2 displays
04.06.2019 21:25:40.664 [00000380] --- Displays initialized
04.06.2019 21:25:40.664 [00000380] --- Displays[0] M[00010003] HDC[9f0108c0] GDC[15010d81] L=1920 T=0 R=3840 B=1200 RECT[1920,0 1920x1200] N[\\.\DISPLAY1] M[Generic PnP Monitor] F[0] PROJ[0x0] MAPS[0]
04.06.2019 21:25:40.664 [00000380] ---    Grouping G[0] N[0] GD[]
04.06.2019 21:25:40.664 [00000380] --- Displays[1] M[00010001] HDC[49010d05] GDC[1c010d87] L=0 T=0 R=1920 B=1200 RECT[0,0 1920x1200] N[\\.\DISPLAY2] M[Generic PnP Monitor] F[1] PROJ[0x0] MAPS[0]
04.06.2019 21:25:40.664 [00000380] ---    Grouping G[0] N[0] GD[]
04.06.2019 21:25:40.664 [00000380] --- ---
04.06.2019 21:25:40.664 [00000380] --- hookD3D9
04.06.2019 21:25:40.664 [00000380] --- DirectX9 dll=68590000
04.06.2019 21:25:40.711 [00000380] --- DirectX9 API detected
04.06.2019 21:25:40.711 [00000380] --- DirectX9Ex API detected
04.06.2019 21:25:40.711 [00000380] --- i1: InterfaceProc1
04.06.2019 21:25:40.711 [00000380] --- DXGI dll=7a520000
04.06.2019 21:25:40.742 [00000380] --- DirectX DXGI API CreateDXGIFactory detected 1
04.06.2019 21:25:40.758 [00000380] --- DirectX DXGI API CreateDXGIFactory1 detected 1
04.06.2019 21:25:40.789 [00000380] --- DirectX DXGI API CreateDXGIFactory2 detected 1
04.06.2019 21:25:40.789 [00000380] --- DirectX DXGI API detected
04.06.2019 21:25:40.789 [00000380] --- DirectX D3D12 API detected hd3d12=73c90000
04.06.2019 21:25:40.820 [00000380] --- DirectX D3D12 API detected 1
04.06.2019 21:25:40.820 [00000380] --- hookOpenGL
04.06.2019 21:25:40.992 [00000380] --- OpenGL API detected
04.06.2019 21:25:41.023 [00000380] --- PROCESS DETACH
