04.06.2019 15:47:55.227 [000027b0] --- App --- Immersive Display PRO v3.0.5 (01.01.2019)
04.06.2019 15:47:55.227 [000027b0] --- OS 6:2 Microsoft Windows 8 Professional (build 9200), 64-bit 7(0) 8(1) 8.1(0) 10(0)
04.06.2019 15:47:55.227 [000027b0] --- Process64 C:\Program Files (x86)\Google\Chrome\Application\chrome.exe
04.06.2019 15:47:55.227 [000027b0] --- CmdLine ["C:\Program Files (x86)\Google\Chrome\Application\chrome.exe" --type=utility --field-trial-handle=1900,11367074539608372447,14321316594186373957,131072 --lang=zh-TW --no-sandbox --service-request-channel-token=2509364455187471146 --mojo-platform-channel-hand?]
04.06.2019 15:47:55.228 [000027b0] --- Enumerating displays ...
04.06.2019 15:47:55.228 [000027b0] --- Device N[\\.\DISPLAY1] S[Radeon RX 580 Series] M[Generic PnP Monitor] F[desktop primary ]
04.06.2019 15:47:55.229 [000027b0] --- Device N[\\.\DISPLAY2] S[Radeon RX 580 Series] M[] F[]
04.06.2019 15:47:55.229 [000027b0] --- Device N[\\.\DISPLAY3] S[Radeon RX 580 Series] M[] F[]
04.06.2019 15:47:55.230 [000027b0] --- Device N[\\.\DISPLAY4] S[Radeon RX 580 Series] M[] F[]
04.06.2019 15:47:55.230 [000027b0] --- Device N[\\.\DISPLAY5] S[Radeon RX 580 Series] M[] F[]
04.06.2019 15:47:55.231 [000027b0] --- Device N[\\.\DISPLAY6] S[Radeon RX 580 Series] M[] F[]
04.06.2019 15:47:55.231 [000027b0] --- Device N[\\.\DISPLAY7] S[Radeon RX 580 Series] M[] F[]
04.06.2019 15:47:55.232 [000027b0] --- Device N[\\.\DISPLAY8] S[Radeon RX 580 Series] M[] F[]
04.06.2019 15:47:55.232 [000027b0] --- SM_CMONITORS         = 1
04.06.2019 15:47:55.232 [000027b0] --- SM_SAMEDISPLAYFORMAT = 1
04.06.2019 15:47:55.232 [000027b0] --- SM_XVIRTUALSCREEN    = 0
04.06.2019 15:47:55.232 [000027b0] --- SM_YVIRTUALSCREEN    = 0
04.06.2019 15:47:55.232 [000027b0] --- SM_CXVIRTUALSCREEN   = 3840
04.06.2019 15:47:55.232 [000027b0] --- SM_CYVIRTUALSCREEN   = 1200
04.06.2019 15:47:55.232 [000027b0] --- SM_CXCURSOR          = 32
04.06.2019 15:47:55.235 [000027b0] --- [\\.\DISPLAY1] [Radeon RX 580 Series] [MONITOR\ADVEF2D\{4d36e96e-e325-11ce-bfc1-08002be10318}\0013] [Generic PnP Monitor]
04.06.2019 15:47:55.235 [000027b0] --- Enumerated 1 displays
04.06.2019 15:47:55.235 [000027b0] --- Displays initialized
04.06.2019 15:47:55.235 [000027b0] --- Displays[0] M[00010001] HDC[86010f77] GDC[5b011152] L=0 T=0 R=3840 B=1200 RECT[0,0 3840x1200] N[\\.\DISPLAY1] M[Generic PnP Monitor] F[1] PROJ[2x1] MAPS[2]
04.06.2019 15:47:55.235 [000027b0] ---    Grouping G[0] N[0] GD[]
04.06.2019 15:47:55.235 [000027b0] --- ---
04.06.2019 15:47:55.235 [000027b0] --- i1:Executable chrome.exe is excluded DX9
04.06.2019 15:47:55.236 [000027b0] --- DXGI dll=a1720000
04.06.2019 15:47:55.266 [000027b0] --- DirectX DXGI API CreateDXGIFactory detected 1
04.06.2019 15:47:55.296 [000027b0] --- DirectX DXGI API CreateDXGIFactory1 detected 1
04.06.2019 15:47:55.324 [000027b0] --- DirectX DXGI API CreateDXGIFactory2 detected 1
04.06.2019 15:47:55.324 [000027b0] --- DirectX DXGI API detected
04.06.2019 15:47:55.325 [000027b0] --- DirectX D3D12 API detected hd3d12=9a880000
04.06.2019 15:47:55.353 [000027b0] --- DirectX D3D12 API detected 1
04.06.2019 15:47:55.353 [000027b0] --- i2: InterfaceProc1
04.06.2019 15:47:55.353 [000027b0] --- interfaceFunc1 [\\.\DISPLAY1] totalMaps=2
04.06.2019 15:47:55.353 [000027b0] --- i3:Executable chrome.exe is excluded OGL
04.06.2019 15:47:55.389 [000027b0] --- PROCESS DETACH
