04.06.2019 14:07:32.890 [00001d64] --- App --- Immersive Display PRO v3.0.5 (01.01.2019)
04.06.2019 14:07:32.890 [00001d64] --- OS 6:2 Microsoft Windows 8 Professional (build 9200), 64-bit 7(0) 8(1) 8.1(0) 10(0)
04.06.2019 14:07:32.890 [00001d64] --- Process32 C:\Users\own\AppData\Local\Temp\is-LADPU.tmp\vcredist_x64_120.exe
04.06.2019 14:07:32.890 [00001d64] --- CmdLine ["C:\Users\own\AppData\Local\Temp\is-LADPU.tmp\vcredist_x64_120.exe" /install /quiet /norestart -burn.unelevated BurnPipe.{A0EA62A1-CBFD-458E-AABD-E5209395CED8} {950464ED-99B9-4F41-B71F-00B55B21F717} 8396]
04.06.2019 14:07:32.891 [00001d64] --- Enumerating displays ...
04.06.2019 14:07:32.892 [00001d64] --- Device N[\\.\DISPLAY1] S[Radeon RX 580 Series] M[Generic PnP Monitor] F[desktop primary ]
04.06.2019 14:07:32.892 [00001d64] --- Device N[\\.\DISPLAY2] S[Radeon RX 580 Series] M[] F[]
04.06.2019 14:07:32.893 [00001d64] --- Device N[\\.\DISPLAY3] S[Radeon RX 580 Series] M[] F[]
04.06.2019 14:07:32.893 [00001d64] --- Device N[\\.\DISPLAY4] S[Radeon RX 580 Series] M[] F[]
04.06.2019 14:07:32.893 [00001d64] --- Device N[\\.\DISPLAY5] S[Radeon RX 580 Series] M[] F[]
04.06.2019 14:07:32.894 [00001d64] --- Device N[\\.\DISPLAY6] S[Radeon RX 580 Series] M[] F[]
04.06.2019 14:07:32.894 [00001d64] --- Device N[\\.\DISPLAY7] S[Radeon RX 580 Series] M[] F[]
04.06.2019 14:07:32.895 [00001d64] --- Device N[\\.\DISPLAY8] S[Radeon RX 580 Series] M[] F[]
04.06.2019 14:07:32.895 [00001d64] --- SM_CMONITORS         = 1
04.06.2019 14:07:32.895 [00001d64] --- SM_SAMEDISPLAYFORMAT = 1
04.06.2019 14:07:32.895 [00001d64] --- SM_XVIRTUALSCREEN    = 0
04.06.2019 14:07:32.895 [00001d64] --- SM_YVIRTUALSCREEN    = 0
04.06.2019 14:07:32.895 [00001d64] --- SM_CXVIRTUALSCREEN   = 3840
04.06.2019 14:07:32.895 [00001d64] --- SM_CYVIRTUALSCREEN   = 1200
04.06.2019 14:07:32.895 [00001d64] --- SM_CXCURSOR          = 32
04.06.2019 14:07:32.897 [00001d64] --- [\\.\DISPLAY1] [Radeon RX 580 Series] [MONITOR\ADVEF2D\{4d36e96e-e325-11ce-bfc1-08002be10318}\0013] [Generic PnP Monitor]
04.06.2019 14:07:32.897 [00001d64] --- Enumerated 1 displays
04.06.2019 14:07:32.897 [00001d64] --- Displays initialized
04.06.2019 14:07:32.897 [00001d64] --- Displays[0] M[00010001] HDC[dd011203] GDC[0b011263] L=0 T=0 R=3840 B=1200 RECT[0,0 3840x1200] N[\\.\DISPLAY1] M[Generic PnP Monitor] F[1] PROJ[2x1] MAPS[2]
04.06.2019 14:07:32.897 [00001d64] ---    Grouping G[0] N[0] GD[]
04.06.2019 14:07:32.897 [00001d64] --- ---
04.06.2019 14:07:32.897 [00001d64] --- hookD3D9
04.06.2019 14:07:32.898 [00001d64] --- DirectX9 dll=710b0000
04.06.2019 14:07:32.927 [00001d64] --- DirectX9 API detected
04.06.2019 14:07:32.927 [00001d64] --- DirectX9Ex API detected
04.06.2019 14:07:32.927 [00001d64] --- i1: InterfaceProc1
04.06.2019 14:07:32.927 [00001d64] --- interfaceFunc1 [\\.\DISPLAY1] totalMaps=2
04.06.2019 14:07:32.927 [00001d64] --- DXGI dll=727a0000
04.06.2019 14:07:32.942 [00001d64] --- DirectX DXGI API CreateDXGIFactory detected 1
04.06.2019 14:07:32.956 [00001d64] --- DirectX DXGI API CreateDXGIFactory1 detected 1
04.06.2019 14:07:32.970 [00001d64] --- DirectX DXGI API CreateDXGIFactory2 detected 1
04.06.2019 14:07:32.970 [00001d64] --- DirectX DXGI API detected
04.06.2019 14:07:32.971 [00001d64] --- DirectX D3D12 API detected hd3d12=72630000
04.06.2019 14:07:32.984 [00001d64] --- DirectX D3D12 API detected 1
04.06.2019 14:07:32.984 [00001d64] --- hookOpenGL
04.06.2019 14:07:33.100 [00001d64] --- OpenGL API detected
04.06.2019 14:07:33.389 [00001d64] --- PROCESS DETACH
