05.06.2019 00:35:21.591 [000012ac] ??? OSM handle == NULL error=2
05.06.2019 00:35:21.591 [000012ac] ^^^ SC trying session1
--- [2]
05.06.2019 00:35:21.591 [000012ac] --- App --- Immersive Display PRO v3.0.5 (01.01.2019)
05.06.2019 00:35:21.591 [000012ac] --- OS 6:2 Microsoft Windows 8 Professional (build 9200), 64-bit 7(0) 8(1) 8.1(0) 10(0)
05.06.2019 00:35:21.591 [000012ac] --- Process32 C:\Program Files (x86)\Google\Update\GoogleUpdate.exe
05.06.2019 00:35:21.591 [000012ac] --- CmdLine ["C:\Program Files (x86)\Google\Update\GoogleUpdate.exe" /ua /installsource scheduler]
05.06.2019 00:35:21.591 [000012ac] --- Enumerating displays ...
05.06.2019 00:35:21.591 [000012ac] --- SM_CMONITORS         = 1
05.06.2019 00:35:21.591 [000012ac] --- SM_SAMEDISPLAYFORMAT = 1
05.06.2019 00:35:21.591 [000012ac] --- SM_XVIRTUALSCREEN    = 0
05.06.2019 00:35:21.591 [000012ac] --- SM_YVIRTUALSCREEN    = 0
05.06.2019 00:35:21.591 [000012ac] --- SM_CXVIRTUALSCREEN   = 1024
05.06.2019 00:35:21.591 [000012ac] --- SM_CYVIRTUALSCREEN   = 768
05.06.2019 00:35:21.591 [000012ac] --- SM_CXCURSOR          = 32
05.06.2019 00:35:21.591 [000012ac] ??? No displays enumerated. Retry later
05.06.2019 00:35:21.591 [000012ac] --- hookD3D9
05.06.2019 00:35:21.592 [000012ac] --- DirectX9 dll=717f0000
05.06.2019 00:35:21.618 [000012ac] --- DirectX9 API detected
05.06.2019 00:35:21.618 [000012ac] --- DirectX9Ex API detected
05.06.2019 00:35:21.618 [000012ac] --- i1: InterfaceProc1
05.06.2019 00:35:21.619 [000012ac] --- DXGI dll=72790000
05.06.2019 00:35:21.632 [000012ac] --- DirectX DXGI API CreateDXGIFactory detected 1
05.06.2019 00:35:21.644 [000012ac] --- DirectX DXGI API CreateDXGIFactory1 detected 1
05.06.2019 00:35:21.657 [000012ac] --- DirectX DXGI API CreateDXGIFactory2 detected 1
05.06.2019 00:35:21.657 [000012ac] --- DirectX DXGI API detected
05.06.2019 00:35:21.658 [000012ac] --- DirectX D3D12 API detected hd3d12=72590000
05.06.2019 00:35:21.671 [000012ac] --- DirectX D3D12 API detected 1
05.06.2019 00:35:21.671 [000012ac] --- hookOpenGL
05.06.2019 00:35:21.775 [000012ac] --- OpenGL API detected
05.06.2019 00:35:32.531 [000012ac] --- PROCESS DETACH
