04.06.2019 21:17:48.254 [00002f24] --- App --- Immersive Display PRO v3.0.5 (01.01.2019)
04.06.2019 21:17:48.254 [00002f24] --- OS 6:2 Microsoft Windows 8 Professional (build 9200), 64-bit 7(0) 8(1) 8.1(0) 10(0)
04.06.2019 21:17:48.254 [00002f24] --- Process64 C:\Program Files (x86)\Intel\Driver and Support Assistant\DSAServiceHelper.exe
04.06.2019 21:17:48.254 [00002f24] --- CmdLine ["C:\Program Files (x86)\Intel\Driver and Support Assistant\DSAServiceHelper.exe" install 4239113518719209804 28794]
04.06.2019 21:17:48.254 [00002f24] --- Enumerating displays ...
04.06.2019 21:17:48.256 [00002f24] --- Device N[\\.\DISPLAY10] S[Radeon RX 580 Series] M[Generic PnP Monitor] F[desktop ]
04.06.2019 21:17:48.257 [00002f24] --- Device N[\\.\DISPLAY11] S[Radeon RX 580 Series] M[Generic PnP Monitor] F[desktop primary ]
04.06.2019 21:17:48.258 [00002f24] --- Device N[\\.\DISPLAY12] S[Radeon RX 580 Series] M[] F[]
04.06.2019 21:17:48.259 [00002f24] --- Device N[\\.\DISPLAY13] S[Radeon RX 580 Series] M[] F[]
04.06.2019 21:17:48.259 [00002f24] --- Device N[\\.\DISPLAY14] S[Radeon RX 580 Series] M[] F[]
04.06.2019 21:17:48.260 [00002f24] --- Device N[\\.\DISPLAY15] S[Radeon RX 580 Series] M[] F[]
04.06.2019 21:17:48.260 [00002f24] --- SM_CMONITORS         = 2
04.06.2019 21:17:48.260 [00002f24] --- SM_SAMEDISPLAYFORMAT = 1
04.06.2019 21:17:48.260 [00002f24] --- SM_XVIRTUALSCREEN    = 0
04.06.2019 21:17:48.260 [00002f24] --- SM_YVIRTUALSCREEN    = 0
04.06.2019 21:17:48.260 [00002f24] --- SM_CXVIRTUALSCREEN   = 3840
04.06.2019 21:17:48.260 [00002f24] --- SM_CYVIRTUALSCREEN   = 1200
04.06.2019 21:17:48.260 [00002f24] --- SM_CXCURSOR          = 32
04.06.2019 21:17:48.265 [00002f24] --- [\\.\DISPLAY10] [Radeon RX 580 Series] [MONITOR\SECA70B\{4d36e96e-e325-11ce-bfc1-08002be10318}\0016] [Generic PnP Monitor]
04.06.2019 21:17:48.266 [00002f24] --- [\\.\DISPLAY11] [Radeon RX 580 Series] [MONITOR\SECA70B\{4d36e96e-e325-11ce-bfc1-08002be10318}\0015] [Generic PnP Monitor]
04.06.2019 21:17:48.266 [00002f24] --- Enumerated 2 displays
04.06.2019 21:17:48.266 [00002f24] --- Displays initialized
04.06.2019 21:17:48.266 [00002f24] --- Displays[0] M[001c09f1] HDC[5601115b] GDC[100113fa] L=1920 T=0 R=3840 B=1200 RECT[1920,0 1920x1200] N[\\.\DISPLAY10] M[Generic PnP Monitor] F[0] PROJ[2x1] MAPS[2]
04.06.2019 21:17:48.266 [00002f24] ---    Grouping G[0] N[0] GD[]
04.06.2019 21:17:48.266 [00002f24] --- Displays[1] M[001205fd] HDC[29010bda] GDC[29011309] L=0 T=0 R=1920 B=1200 RECT[0,0 1920x1200] N[\\.\DISPLAY11] M[Generic PnP Monitor] F[1] PROJ[0x0] MAPS[0]
04.06.2019 21:17:48.266 [00002f24] ---    Grouping G[0] N[0] GD[]
04.06.2019 21:17:48.266 [00002f24] --- ---
04.06.2019 21:17:48.266 [00002f24] --- hookD3D9
04.06.2019 21:17:48.267 [00002f24] --- DirectX9 dll=72ce0000
04.06.2019 21:17:48.312 [00002f24] --- DirectX9 API detected
04.06.2019 21:17:48.312 [00002f24] --- DirectX9Ex API detected
04.06.2019 21:17:48.312 [00002f24] --- i1: InterfaceProc1
04.06.2019 21:17:48.312 [00002f24] --- interfaceFunc1 [\\.\DISPLAY10] totalMaps=2
04.06.2019 21:17:48.313 [00002f24] --- DXGI dll=a1720000
04.06.2019 21:17:48.335 [00002f24] --- DirectX DXGI API CreateDXGIFactory detected 1
04.06.2019 21:17:48.358 [00002f24] --- DirectX DXGI API CreateDXGIFactory1 detected 1
04.06.2019 21:17:48.380 [00002f24] --- DirectX DXGI API CreateDXGIFactory2 detected 1
04.06.2019 21:17:48.380 [00002f24] --- DirectX DXGI API detected
04.06.2019 21:17:48.381 [00002f24] --- DirectX D3D12 API detected hd3d12=9a880000
04.06.2019 21:17:48.403 [00002f24] --- DirectX D3D12 API detected 1
04.06.2019 21:17:48.403 [00002f24] --- hookOpenGL
04.06.2019 21:17:48.558 [00002f24] --- OpenGL API detected
04.06.2019 21:17:48.805 [00002f24] --- PROCESS DETACH
