04.06.2019 13:48:43.803 [000020c4] --- App --- Immersive Display PRO v3.0.5 (01.01.2019)
04.06.2019 13:48:43.803 [000020c4] --- OS 6:2 Microsoft Windows 8 Professional (build 9200), 64-bit 7(0) 8(1) 8.1(0) 10(0)
04.06.2019 13:48:43.803 [000020c4] --- Process64 C:\boch-wall\UnityCrashHandler64.exe
04.06.2019 13:48:43.803 [000020c4] --- CmdLine ["C:\boch-wall\UnityCrashHandler64.exe" "1412" "2787456192512" ]
04.06.2019 13:48:43.803 [000020c4] --- Enumerating displays ...
04.06.2019 13:48:43.803 [000020c4] --- Device N[\\.\DISPLAY1] S[Radeon RX 580 Series] M[Generic PnP Monitor] F[desktop primary ]
04.06.2019 13:48:43.804 [000020c4] --- Device N[\\.\DISPLAY2] S[Radeon RX 580 Series] M[] F[]
04.06.2019 13:48:43.804 [000020c4] --- Device N[\\.\DISPLAY3] S[Radeon RX 580 Series] M[] F[]
04.06.2019 13:48:43.805 [000020c4] --- Device N[\\.\DISPLAY4] S[Radeon RX 580 Series] M[] F[]
04.06.2019 13:48:43.806 [000020c4] --- Device N[\\.\DISPLAY5] S[Radeon RX 580 Series] M[] F[]
04.06.2019 13:48:43.806 [000020c4] --- Device N[\\.\DISPLAY6] S[Radeon RX 580 Series] M[] F[]
04.06.2019 13:48:43.807 [000020c4] --- Device N[\\.\DISPLAY7] S[Radeon RX 580 Series] M[] F[]
04.06.2019 13:48:43.807 [000020c4] --- Device N[\\.\DISPLAY8] S[Radeon RX 580 Series] M[] F[]
04.06.2019 13:48:43.807 [000020c4] --- SM_CMONITORS         = 1
04.06.2019 13:48:43.807 [000020c4] --- SM_SAMEDISPLAYFORMAT = 1
04.06.2019 13:48:43.807 [000020c4] --- SM_XVIRTUALSCREEN    = 0
04.06.2019 13:48:43.807 [000020c4] --- SM_YVIRTUALSCREEN    = 0
04.06.2019 13:48:43.807 [000020c4] --- SM_CXVIRTUALSCREEN   = 3840
04.06.2019 13:48:43.807 [000020c4] --- SM_CYVIRTUALSCREEN   = 1200
04.06.2019 13:48:43.807 [000020c4] --- SM_CXCURSOR          = 32
04.06.2019 13:48:43.810 [000020c4] --- [\\.\DISPLAY1] [Radeon RX 580 Series] [MONITOR\ADVEF2D\{4d36e96e-e325-11ce-bfc1-08002be10318}\0013] [Generic PnP Monitor]
04.06.2019 13:48:43.810 [000020c4] --- Enumerated 1 displays
04.06.2019 13:48:43.810 [000020c4] --- Displays initialized
04.06.2019 13:48:43.810 [000020c4] --- Displays[0] M[00010001] HDC[c301101d] GDC[e9010c9e] L=0 T=0 R=3840 B=1200 RECT[0,0 3840x1200] N[\\.\DISPLAY1] M[Generic PnP Monitor] F[1] PROJ[2x1] MAPS[2]
04.06.2019 13:48:43.810 [000020c4] ---    Grouping G[0] N[0] GD[]
04.06.2019 13:48:43.810 [000020c4] --- ---
04.06.2019 13:48:43.810 [000020c4] --- hookD3D9
04.06.2019 13:48:43.811 [000020c4] --- DirectX9 dll=56cb0000
04.06.2019 13:48:43.859 [000020c4] --- DirectX9 API detected
04.06.2019 13:48:43.859 [000020c4] --- DirectX9Ex API detected
04.06.2019 13:48:43.859 [000020c4] --- i1: InterfaceProc1
04.06.2019 13:48:43.859 [000020c4] --- interfaceFunc1 [\\.\DISPLAY1] totalMaps=2
04.06.2019 13:48:43.860 [000020c4] --- DXGI dll=7ce30000
04.06.2019 13:48:43.884 [000020c4] --- DirectX DXGI API CreateDXGIFactory detected 1
04.06.2019 13:48:43.908 [000020c4] --- DirectX DXGI API CreateDXGIFactory1 detected 1
04.06.2019 13:48:43.932 [000020c4] --- DirectX DXGI API CreateDXGIFactory2 detected 1
04.06.2019 13:48:43.932 [000020c4] --- DirectX DXGI API detected
04.06.2019 13:48:43.932 [000020c4] --- DirectX D3D12 API detected hd3d12=75c40000
04.06.2019 13:48:43.956 [000020c4] --- DirectX D3D12 API detected 1
04.06.2019 13:48:43.957 [000020c4] --- hookOpenGL
04.06.2019 13:48:44.141 [000020c4] --- OpenGL API detected
04.06.2019 13:48:44.193 [000020c4] --- PROCESS DETACH
