04.06.2019 19:21:07.259 [00002f10] --- App --- Immersive Display PRO v3.0.5 (01.01.2019)
04.06.2019 19:21:07.259 [00002f10] --- OS 6:2 Microsoft Windows 8 Professional (build 9200), 64-bit 7(0) 8(1) 8.1(0) 10(0)
04.06.2019 19:21:07.259 [00002f10] --- Process64 C:\Program Files (x86)\Google\Chrome\Application\chrome.exe
04.06.2019 19:21:07.259 [00002f10] --- CmdLine ["C:\Program Files (x86)\Google\Chrome\Application\chrome.exe" --type=crashpad-handler "--user-data-dir=C:\Users\own\AppData\Local\Google\Chrome\User Data" /prefetch:7 --monitor-self-annotation=ptype=crashpad-handler "--database=C:\Users\own\AppData\Local\Goo?]
04.06.2019 19:21:07.259 [00002f10] --- Enumerating displays ...
04.06.2019 19:21:07.260 [00002f10] --- Device N[\\.\DISPLAY1] S[Radeon RX 580 Series] M[Generic PnP Monitor] F[desktop primary ]
04.06.2019 19:21:07.260 [00002f10] --- Device N[\\.\DISPLAY2] S[Radeon RX 580 Series] M[] F[]
04.06.2019 19:21:07.261 [00002f10] --- Device N[\\.\DISPLAY3] S[Radeon RX 580 Series] M[] F[]
04.06.2019 19:21:07.261 [00002f10] --- Device N[\\.\DISPLAY4] S[Radeon RX 580 Series] M[] F[]
04.06.2019 19:21:07.262 [00002f10] --- Device N[\\.\DISPLAY5] S[Radeon RX 580 Series] M[] F[]
04.06.2019 19:21:07.262 [00002f10] --- Device N[\\.\DISPLAY6] S[Radeon RX 580 Series] M[] F[]
04.06.2019 19:21:07.263 [00002f10] --- Device N[\\.\DISPLAY7] S[Radeon RX 580 Series] M[] F[]
04.06.2019 19:21:07.264 [00002f10] --- Device N[\\.\DISPLAY8] S[Radeon RX 580 Series] M[] F[]
04.06.2019 19:21:07.264 [00002f10] --- SM_CMONITORS         = 1
04.06.2019 19:21:07.264 [00002f10] --- SM_SAMEDISPLAYFORMAT = 1
04.06.2019 19:21:07.264 [00002f10] --- SM_XVIRTUALSCREEN    = 0
04.06.2019 19:21:07.264 [00002f10] --- SM_YVIRTUALSCREEN    = 0
04.06.2019 19:21:07.264 [00002f10] --- SM_CXVIRTUALSCREEN   = 3840
04.06.2019 19:21:07.264 [00002f10] --- SM_CYVIRTUALSCREEN   = 1200
04.06.2019 19:21:07.264 [00002f10] --- SM_CXCURSOR          = 32
04.06.2019 19:21:07.267 [00002f10] --- [\\.\DISPLAY1] [Radeon RX 580 Series] [MONITOR\ADVEF2D\{4d36e96e-e325-11ce-bfc1-08002be10318}\0013] [Generic PnP Monitor]
04.06.2019 19:21:07.267 [00002f10] --- Enumerated 1 displays
04.06.2019 19:21:07.267 [00002f10] --- Displays initialized
04.06.2019 19:21:07.267 [00002f10] --- Displays[0] M[00010001] HDC[2c010f5f] GDC[430112e1] L=0 T=0 R=3840 B=1200 RECT[0,0 3840x1200] N[\\.\DISPLAY1] M[Generic PnP Monitor] F[1] PROJ[2x1] MAPS[2]
04.06.2019 19:21:07.267 [00002f10] ---    Grouping G[0] N[0] GD[]
04.06.2019 19:21:07.267 [00002f10] --- ---
04.06.2019 19:21:07.267 [00002f10] --- i1:Executable chrome.exe is excluded DX9
04.06.2019 19:21:07.268 [00002f10] --- DXGI dll=a1720000
04.06.2019 19:21:07.288 [00002f10] --- DirectX DXGI API CreateDXGIFactory detected 1
04.06.2019 19:21:07.306 [00002f10] --- DirectX DXGI API CreateDXGIFactory1 detected 1
04.06.2019 19:21:07.323 [00002f10] --- DirectX DXGI API CreateDXGIFactory2 detected 1
04.06.2019 19:21:07.323 [00002f10] --- DirectX DXGI API detected
04.06.2019 19:21:07.324 [00002f10] --- DirectX D3D12 API detected hd3d12=9a880000
04.06.2019 19:21:07.341 [00002f10] --- DirectX D3D12 API detected 1
04.06.2019 19:21:07.341 [00002f10] --- i2: InterfaceProc1
04.06.2019 19:21:07.341 [00002f10] --- interfaceFunc1 [\\.\DISPLAY1] totalMaps=2
04.06.2019 19:21:07.342 [00002f10] --- i3:Executable chrome.exe is excluded OGL
04.06.2019 19:25:01.536 [00002f10] --- PROCESS DETACH
