05.06.2019 11:17:31.530 [00001ee8] ??? OSM handle == NULL error=2
05.06.2019 11:17:31.530 [00001ee8] ^^^ SC trying session1
--- [2]
05.06.2019 11:17:31.530 [00001ee8] --- App --- Immersive Display PRO v3.0.5 (01.01.2019)
05.06.2019 11:17:31.530 [00001ee8] --- OS 6:2 Microsoft Windows 8 Professional (build 9200), 64-bit 7(0) 8(1) 8.1(0) 10(0)
05.06.2019 11:17:31.530 [00001ee8] --- Process32 C:\Program Files (x86)\Intel\Intel(R) Management Engine Components\LMS\LMS.exe
05.06.2019 11:17:31.530 [00001ee8] --- CmdLine ["C:\Program Files (x86)\Intel\Intel(R) Management Engine Components\LMS\LMS.exe"]
05.06.2019 11:17:31.530 [00001ee8] --- Enumerating displays ...
05.06.2019 11:17:31.530 [00001ee8] --- SM_CMONITORS         = 1
05.06.2019 11:17:31.530 [00001ee8] --- SM_SAMEDISPLAYFORMAT = 1
05.06.2019 11:17:31.530 [00001ee8] --- SM_XVIRTUALSCREEN    = 0
05.06.2019 11:17:31.530 [00001ee8] --- SM_YVIRTUALSCREEN    = 0
05.06.2019 11:17:31.530 [00001ee8] --- SM_CXVIRTUALSCREEN   = 1024
05.06.2019 11:17:31.531 [00001ee8] --- SM_CYVIRTUALSCREEN   = 768
05.06.2019 11:17:31.531 [00001ee8] --- SM_CXCURSOR          = 32
05.06.2019 11:17:31.531 [00001ee8] ??? No displays enumerated. Retry later
05.06.2019 11:17:31.531 [00001ee8] --- hookD3D9
05.06.2019 11:17:31.532 [00001ee8] --- DirectX9 dll=02a80000
05.06.2019 11:17:31.572 [00001ee8] --- DirectX9 API detected
05.06.2019 11:17:31.572 [00001ee8] --- DirectX9Ex API detected
05.06.2019 11:17:31.572 [00001ee8] --- i1: InterfaceProc1
05.06.2019 11:17:31.573 [00001ee8] --- DXGI dll=72b20000
05.06.2019 11:17:31.592 [00001ee8] --- DirectX DXGI API CreateDXGIFactory detected 1
05.06.2019 11:17:31.611 [00001ee8] --- DirectX DXGI API CreateDXGIFactory1 detected 1
05.06.2019 11:17:31.634 [00001ee8] --- DirectX DXGI API CreateDXGIFactory2 detected 1
05.06.2019 11:17:31.634 [00001ee8] --- DirectX DXGI API detected
05.06.2019 11:17:31.635 [00001ee8] --- DirectX D3D12 API detected hd3d12=729b0000
05.06.2019 11:17:31.653 [00001ee8] --- DirectX D3D12 API detected 1
05.06.2019 11:17:31.653 [00001ee8] --- hookOpenGL
05.06.2019 11:17:31.803 [00001ee8] --- OpenGL API detected
