04.06.2019 21:33:53.223 [00001fb8] --- Immersive Display PRO v3.0.5
04.06.2019 21:33:53.223 [00001fb8] --- OS 6:2 Microsoft Windows 8 Professional (build 9200), 64-bit 7(0) 8(1) 8.1(0) 10(0)
04.06.2019 21:33:53.223 [00001fb8] --- SCREEN \\.\DISPLAY1
04.06.2019 21:33:53.223 [00001fb8] ------ LogicalDPI=96.000000 Scale=1.000000
04.06.2019 21:33:53.223 [00001fb8] ------ DevicePixelRatio=1.000000
04.06.2019 21:33:53.254 [00001fb8] --- Removed 0 log file(s)
04.06.2019 21:33:53.254 [00001fb8] --- ACL changed for C:\WARP000\
04.06.2019 21:33:53.738 [00001fb8] --- LicAppName=Immersive Display PRO
04.06.2019 21:33:53.738 [00001fb8] --- L1
04.06.2019 21:33:54.243 [00001fb8] --- EK2C61
04.06.2019 21:33:55.196 [00001fb8] --- DM109
04.06.2019 21:33:56.258 [00001fb8] --- LD=20190109 SD=20190101
04.06.2019 21:33:56.258 [00001fb8] --- ###[UzNZOU5YME0yNDg4OTBM]###
04.06.2019 21:33:56.820 [00001fb8] --- Displays 1/2 [20] SGD=2560932 SSC=31904
04.06.2019 21:33:56.820 [00001fb8] --- Shared 31904+5121864 5153768
04.06.2019 21:33:56.820 [00001fb8] ### PageSize=4096
04.06.2019 21:33:56.820 [00001fb8] ### MinimumApplicationAddress=00010000
04.06.2019 21:33:56.820 [00001fb8] ### MaximumApplicationAddress=7ffeffff
04.06.2019 21:33:56.820 [00001fb8] ### AllocationGranularity=65536
04.06.2019 21:33:56.820 [00001fb8] ### Res=28
04.06.2019 21:33:56.820 [00001fb8] ### BaseAddress=0a2c0000
04.06.2019 21:33:56.820 [00001fb8] ### AllocationBase=0a2c0000
04.06.2019 21:33:56.820 [00001fb8] ### AllocationProtect=00000004
04.06.2019 21:33:56.820 [00001fb8] ### RegionSize=5156864
04.06.2019 21:33:56.820 [00001fb8] ### State=00001000
04.06.2019 21:33:56.820 [00001fb8] ### Protect=00000004
04.06.2019 21:33:56.820 [00001fb8] ### Type=00040000
04.06.2019 21:33:56.820 [00001fb8] --- Config 0a2c0000 ZERO(0) 31904 + 5121864
04.06.2019 21:33:56.820 [00001fb8] --- Config 0a2c0000 ZERO(1)
04.06.2019 21:33:56.820 [00001fb8] --- Config 0a2c0000 ZERO(2)
04.06.2019 21:33:56.820 [00001fb8] --- R [12]->28
04.06.2019 21:33:56.820 [00001fb8] --- MP 3
04.06.2019 21:33:56.820 [00001fb8] --- Config 0a2c0000
04.06.2019 21:33:56.820 [00001fb8] --- Config logsFolder=C:\WARP000\logs\
04.06.2019 21:33:56.820 [00001fb8] --- Config imagesFolder=C:\WARP000\images\
04.06.2019 21:33:56.820 [00001fb8] --- Config configsFolder=C:\WARP000\config\
04.06.2019 21:33:56.820 [00001fb8] --- Enumerating displays ...
04.06.2019 21:33:56.820 [00001fb8] --- Device N[\\.\DISPLAY1] S[Radeon RX 580 Series] M[Generic PnP Monitor] F[desktop primary ]
04.06.2019 21:33:56.820 [00001fb8] --- Device N[\\.\DISPLAY2] S[Radeon RX 580 Series] M[] F[]
04.06.2019 21:33:56.820 [00001fb8] --- Device N[\\.\DISPLAY3] S[Radeon RX 580 Series] M[] F[]
04.06.2019 21:33:56.820 [00001fb8] --- Device N[\\.\DISPLAY4] S[Radeon RX 580 Series] M[] F[]
04.06.2019 21:33:56.820 [00001fb8] --- Device N[\\.\DISPLAY5] S[Radeon RX 580 Series] M[] F[]
04.06.2019 21:33:56.820 [00001fb8] --- Device N[\\.\DISPLAY6] S[Radeon RX 580 Series] M[] F[]
04.06.2019 21:33:56.820 [00001fb8] --- Device N[\\.\DISPLAY7] S[Radeon RX 580 Series] M[] F[]
04.06.2019 21:33:56.820 [00001fb8] --- Device N[\\.\DISPLAY8] S[Radeon RX 580 Series] M[] F[]
04.06.2019 21:33:56.820 [00001fb8] --- SM_CMONITORS         = 1
04.06.2019 21:33:56.820 [00001fb8] --- SM_SAMEDISPLAYFORMAT = 1
04.06.2019 21:33:56.820 [00001fb8] --- SM_XVIRTUALSCREEN    = 0
04.06.2019 21:33:56.820 [00001fb8] --- SM_YVIRTUALSCREEN    = 0
04.06.2019 21:33:56.820 [00001fb8] --- SM_CXVIRTUALSCREEN   = 3840
04.06.2019 21:33:56.820 [00001fb8] --- SM_CYVIRTUALSCREEN   = 1200
04.06.2019 21:33:56.820 [00001fb8] --- SM_CXCURSOR          = 32
04.06.2019 21:33:56.852 [00001fb8] --- [\\.\DISPLAY1] [Radeon RX 580 Series] [MONITOR\ADVEF2D\{4d36e96e-e325-11ce-bfc1-08002be10318}\0017] [Generic PnP Monitor]
04.06.2019 21:33:56.852 [00001fb8] --- Enumerated 1 displays
04.06.2019 21:33:56.852 [00001fb8] --- Displays initialized
04.06.2019 21:33:56.852 [00001fb8] --- Displays[0] M[00010001] HDC[4e010b74] GDC[11010c93] L=0 T=0 R=3840 B=1200 RECT[0,0 3840x1200] N[\\.\DISPLAY1] M[Generic PnP Monitor] F[1] PROJ[0x0] MAPS[0]
04.06.2019 21:33:56.852 [00001fb8] ---    Grouping G[0] N[0] GD[]
04.06.2019 21:33:56.852 [00001fb8] --- ---
04.06.2019 21:33:56.867 [00001fb8] --- Model:Config file C:\WARP000\config\config.dat does not exist
04.06.2019 21:33:56.867 [00001fb8] --- Model:Config file LCC[1]
04.06.2019 21:33:56.867 [00001fb8] --- Model:Config file CC[2]
04.06.2019 21:33:56.867 [00001fb8] --- Preferences loaded
04.06.2019 21:33:56.867 [00001fb8] ------ startMinimized 0
04.06.2019 21:33:56.867 [00001fb8] ------ showTrayNotifications 0
04.06.2019 21:33:56.867 [00001fb8] ------ autoStartDesktopWarping 1
04.06.2019 21:33:56.867 [00001fb8] ------ autoStartDesktopWarpingDelaySeconds 3
04.06.2019 21:33:56.867 [00001fb8] ------ warpCursor 1
04.06.2019 21:33:56.883 [00001fb8] ------ hideSystemCursor 0
04.06.2019 21:33:56.883 [00001fb8] ------ samplingDesktop 2
04.06.2019 21:33:56.883 [00001fb8] ------ samplingDXGL 2
04.06.2019 21:33:56.883 [00001fb8] ------ useFXAA 0
04.06.2019 21:33:56.883 [00001fb8] ------ useFXAAPresetIndex 0
04.06.2019 21:33:56.883 [00001fb8] ------ updateRateMS 20
04.06.2019 21:33:56.883 [00001fb8] ------ enableVNCControl 0
04.06.2019 21:33:56.883 [00001fb8] ------ vncPort 5900
04.06.2019 21:33:56.883 [00001fb8] ------ vncPassword 1234
04.06.2019 21:33:56.883 [00001fb8] ------ enableTelnet 0
04.06.2019 21:33:56.883 [00001fb8] ------ remoteTelnetPort 6600
04.06.2019 21:33:56.883 [00001fb8] ------ overrideDesktopRotation 0
04.06.2019 21:33:56.883 [00001fb8] ------ forcedDesktopRotation 0
04.06.2019 21:33:56.883 [00001fb8] ------ forcedScissorsRotation 0
04.06.2019 21:33:56.883 [00001fb8] ------ checkForDisplayConfigChange 0
04.06.2019 21:33:56.883 [00001fb8] ------ cropEdges 0
04.06.2019 21:33:56.883 [00001fb8] ------ cropPixels 0
04.06.2019 21:33:56.883 [00001fb8] ------ removeWindowFrame 0
04.06.2019 21:33:56.883 [00001fb8] ------ skipWarpChildWindows 0
04.06.2019 21:33:56.883 [00001fb8] ------ openGLTextureOffset 0
04.06.2019 21:33:56.883 [00001fb8] ------ disable_DX9 0
04.06.2019 21:33:56.883 [00001fb8] ------ disable_DX10 0
04.06.2019 21:33:56.883 [00001fb8] ------ disable_DX11 0
04.06.2019 21:33:56.883 [00001fb8] ------ disable_DX12 0
04.06.2019 21:33:56.883 [00001fb8] ------ disable_OpenGL 0
04.06.2019 21:33:56.883 [00001fb8] ------ disable_Vulkan 1
04.06.2019 21:33:56.883 [00001fb8] ------ forcePreserveBB_DX9 0
04.06.2019 21:33:56.883 [00001fb8] ------ forcePreserveBB_DX10 0
04.06.2019 21:33:56.883 [00001fb8] ------ forcePreserveBB_DX11 0
04.06.2019 21:33:56.883 [00001fb8] ------ forcePreserveBB_DX12 0
04.06.2019 21:33:56.883 [00001fb8] ------ forcePreserveBB_OpenGL 0
04.06.2019 21:33:56.883 [00001fb8] ------ forcePreserveBB_Vulkan 0
04.06.2019 21:33:56.883 [00001fb8] ------ enableDebanding 0
04.06.2019 21:33:56.883 [00001fb8] ------ enableWindowsSessionShutdown 0
04.06.2019 21:33:56.883 [00001fb8] ------ ignoreDWMInFullScreen 1
04.06.2019 21:33:56.883 [00001fb8] --- Excludes loaded 3
04.06.2019 21:33:56.883 [00001fb8] ------ Exclude Path=MQTT_Json_Movie_MOC.exe DX9=1 DX10=1 DX11=1 DX12=1 OGL=1 VULKAN=1 StopDWM7=0
04.06.2019 21:33:56.883 [00001fb8] ------ Exclude Path=chrome.exe DX9=1 DX10=1 DX11=1 DX12=1 OGL=1 VULKAN=1 StopDWM7=0
04.06.2019 21:33:56.883 [00001fb8] ------ Exclude Path=chrome.exe DX9=1 DX10=1 DX11=1 DX12=1 OGL=1 VULKAN=1 StopDWM7=0
04.06.2019 21:33:56.883 [00001fb8] --- Sets configSet=1
04.06.2019 21:33:56.883 [00001fb8] --- Sets configSetFile[1]=C:\WARP000\config\20190509.dat
04.06.2019 21:33:56.883 [00001fb8] --- Sets configSetFile[2]=C:\WARP000\config\config2.dat
04.06.2019 21:33:56.883 [00001fb8] --- Sets configSetFile[3]=C:\WARP000\config\config3.dat
04.06.2019 21:33:56.883 [00001fb8] --- Sets configSetFile[4]=C:\WARP000\config\config4.dat
04.06.2019 21:33:56.883 [00001fb8] --- Sets configSetFile[5]=C:\WARP000\config\config5.dat
04.06.2019 21:33:56.883 [00001fb8] --- Sets configSetFile[6]=C:\WARP000\config\config6.dat
04.06.2019 21:33:56.883 [00001fb8] --- Sets configSetFile[7]=C:\WARP000\config\config7.dat
04.06.2019 21:33:56.883 [00001fb8] --- Sets configSetFile[8]=C:\WARP000\config\config8.dat
04.06.2019 21:33:56.898 [00001fb8] --- Loaded Displays[0] \\.\DISPLAY1 Generic PnP Monitor L=0 T=0 R=3840 B=1200 loadedDisplaysWithPositionAndSize=1
04.06.2019 21:33:56.930 [00001fb8] --- Displays loaded
04.06.2019 21:33:56.930 [00001fb8] --- Displays[0] M[00010001] HDC[4e010b74] GDC[11010c93] L=0 T=0 R=3840 B=1200 RECT[0,0 3840x1200] N[\\.\DISPLAY1] M[Generic PnP Monitor] F[1] PROJ[2x1] MAPS[2]
04.06.2019 21:33:56.930 [00001fb8] ---    Grouping G[0] N[0] GD[]
04.06.2019 21:33:56.930 [00001fb8] --- Model:Config file C:\WARP000\config\20190509.dat loaded
04.06.2019 21:33:56.930 [00001fb8] --- Model:Config file LCC[3]
04.06.2019 21:33:56.930 [00001fb8] --- Model:Config file CC[4]
04.06.2019 21:33:56.930 [00001fb8] --- Sets manager selectSet[1]->1
04.06.2019 21:33:56.945 [00001fb8] --- Schedules STOP
04.06.2019 21:33:56.945 [00001fb8] --- Schedules STOP
04.06.2019 21:33:56.945 [00001fb8] --- Autoruns 0
04.06.2019 21:33:56.961 [00001fb8] $$$ Immersive Display PRO v3.0.5 (01.01.2019)
04.06.2019 21:33:56.961 [00001fb8] $$$ 6:2 Microsoft Windows 8 Professional (build 9200), 64-bit 7(0) 8(1) 8.1(0) 10(0)
04.06.2019 21:33:57.295 [00001fb8] --- Run all autoruns
04.06.2019 21:34:00.185 [00001fb8] --- onToggleDesktopWarp isDWMAvailable=1
04.06.2019 21:34:00.185 [00001fb8] --- onToggleDesktopWarp TOGGLED
04.06.2019 21:34:00.185 [00001fb8] $$$ incremented dwmRestartCount=1
04.06.2019 21:34:00.966 [00001fb8] $$$ P32[0000162c] [TeamViewer.exe][C:\Program Files (x86)\TeamViewer\TeamViewer.exe] started
04.06.2019 21:34:01.091 [00001fb8] $$$ P64[00001538] [dwm.exe][C:\WINDOWS\system32\dwm.exe] started
04.06.2019 21:34:03.469 [00001fb8] --- instanceMessageReceived Wake up!
04.06.2019 21:34:13.293 [00001fb8] $$$ P64[00001214] [MCEControl.exe][C:\Program Files (x86)\Kindel Systems\MCE Controller\MCEControl.exe] started
04.06.2019 21:34:16.457 [00001fb8] --- Model:Config file LCC[5]
04.06.2019 21:34:16.457 [00001fb8] --- Model:Config file C:\WARP000\config\20190509.dat saved CC[6]
04.06.2019 21:34:25.572 [00001fb8] --- Configure START IDV=1
04.06.2019 21:34:25.737 [00001fb8] --- WarpGraphicsScene resize 3840x1200
04.06.2019 21:34:25.809 [00001fb8] $$$ P64[00000784] [dwm.exe][C:\WINDOWS\system32\dwm.exe] started
04.06.2019 21:34:26.959 [00001fb8] --- OpenGLContext OGLValid=1 SFCValid=1 -> 1
04.06.2019 21:34:26.975 [00001fb8] --- QWarpGraphicsGLWindow TYPE: [OpenGL]
04.06.2019 21:34:26.975 [00001fb8] --- QWarpGraphicsGLWindow VENDOR: [ATI Technologies Inc.]
04.06.2019 21:34:26.975 [00001fb8] --- QWarpGraphicsGLWindow RENDERER: [Radeon RX 580 Series]
04.06.2019 21:34:26.975 [00001fb8] --- QWarpGraphicsGLWindow VERSION: [4.6.13558 Compatibility Profile Context 26.20.11015.5009]
04.06.2019 21:34:26.975 [00001fb8] --- QWarpGraphicsGLWindow FORMAT: VER[4.6]
04.06.2019 21:34:26.975 [00001fb8] --- QWarpGraphicsGLWindow FORMAT: SAMPLES[4]
04.06.2019 21:34:26.990 [00001fb8] --- OpenGLContext FBOValid=1 3840x1200
04.06.2019 21:34:27.053 [00001fb8] --- Looking for C:/WARP000/images/mapping_3360x1200.map
04.06.2019 21:35:21.612 [00001fb8] $$$ P32[00001f94] [GoogleUpdate.exe][C:\Program Files (x86)\Google\Update\GoogleUpdate.exe] started
04.06.2019 21:35:24.924 [00001fb8] $$$ P64[00001234] [AUEPLauncher.exe][C:\Program Files\AMD\Performance Profile Client\AUEPLauncher.exe] started
04.06.2019 21:35:25.392 [00001fb8] $$$ P64[00001854] [AUEPMaster.exe][C:\Program Files\AMD\Performance Profile Client\AUEPMaster.exe] started
04.06.2019 21:35:25.861 [00001fb8] $$$ P64[00000890] [esrv_svc.exe][C:\Program Files\Intel\SUR\QUEENCREEK\x64\esrv_svc.exe] started
04.06.2019 21:35:26.704 [00001fb8] $$$ P32[000020b0] [GoogleUpdate.exe][C:\Program Files (x86)\Google\Update\GoogleUpdate.exe] started
04.06.2019 21:35:27.142 [00001fb8] $$$ P32[0000211c] [GoogleUpdate.exe][C:\Program Files (x86)\Google\Update\GoogleUpdate.exe] started
04.06.2019 21:35:27.235 [00001fb8] $$$ P32[0000212c] [jhi_service.exe][C:\Program Files (x86)\Intel\Intel(R) Management Engine Components\DAL\jhi_service.exe] started
04.06.2019 21:35:27.548 [00001fb8] $$$ P32[00002144] [GoogleCrashHandler.exe][C:\Program Files (x86)\Google\Update\1.3.34.11\GoogleCrashHandler.exe] started
04.06.2019 21:35:27.579 [00001fb8] $$$ P64[0000214c] [GoogleCrashHandler64.exe][C:\Program Files (x86)\Google\Update\1.3.34.11\GoogleCrashHandler64.exe] started
04.06.2019 21:35:27.829 [00001fb8] $$$ P32[00002198] [LMS.exe][C:\Program Files (x86)\Intel\Intel(R) Management Engine Components\LMS\LMS.exe] started
04.06.2019 21:35:28.547 [00001fb8] --- WarpGraphicsScene resize 10x10
04.06.2019 21:35:28.560 [00001fb8] --- OpenGLContext FBOValid=1 10x10
04.06.2019 21:35:28.750 [00001fb8] --- Configure END
04.06.2019 21:35:29.608 [00001fb8] $$$ P64[000021f4] [dwm.exe][C:\WINDOWS\system32\dwm.exe] started
04.06.2019 21:35:32.244 [00001fb8] $$$ P64[00002300] [AUEPUF.exe][C:\Program Files\AMD\Performance Profile Client\AUEPUF.exe] started
04.06.2019 21:35:34.226 [00001fb8] --- Model:Config file LCC[8]
04.06.2019 21:35:34.226 [00001fb8] --- Model:Config file C:\WARP000\config\20190509.dat saved CC[9]
04.06.2019 21:35:36.387 [00001fb8] --- Model:Config file LCC[10]
04.06.2019 21:35:36.387 [00001fb8] --- Model:Config file C:\WARP000\config\20190509.dat saved CC[11]
04.06.2019 21:35:38.095 [00001fb8] --- Configure START IDV=1
04.06.2019 21:35:38.268 [00001fb8] --- WarpGraphicsScene resize 3840x1200
04.06.2019 21:35:38.356 [00001fb8] $$$ P64[0000236c] [dwm.exe][C:\WINDOWS\system32\dwm.exe] started
04.06.2019 21:35:39.070 [00001fb8] --- OpenGLContext OGLValid=1 SFCValid=1 -> 1
04.06.2019 21:35:39.226 [00001fb8] --- QWarpGraphicsGLWindow TYPE: [OpenGL]
04.06.2019 21:35:39.226 [00001fb8] --- QWarpGraphicsGLWindow VENDOR: [ATI Technologies Inc.]
04.06.2019 21:35:39.226 [00001fb8] --- QWarpGraphicsGLWindow RENDERER: [Radeon RX 580 Series]
04.06.2019 21:35:39.226 [00001fb8] --- QWarpGraphicsGLWindow VERSION: [4.6.13558 Compatibility Profile Context 26.20.11015.5009]
04.06.2019 21:35:39.226 [00001fb8] --- QWarpGraphicsGLWindow FORMAT: VER[4.6]
04.06.2019 21:35:39.226 [00001fb8] --- QWarpGraphicsGLWindow FORMAT: SAMPLES[4]
04.06.2019 21:35:39.226 [00001fb8] --- OpenGLContext FBOValid=1 3840x1200
04.06.2019 21:35:39.242 [00001fb8] --- Looking for C:/WARP000/images/mapping_3360x1200.map
04.06.2019 21:35:43.787 [00001fb8] --- WarpGraphicsScene resize 10x10
04.06.2019 21:35:43.801 [00001fb8] --- OpenGLContext FBOValid=1 10x10
04.06.2019 21:35:43.988 [00001fb8] --- Configure END
04.06.2019 21:35:44.940 [00001fb8] $$$ P64[000023e0] [dwm.exe][C:\WINDOWS\system32\dwm.exe] started
04.06.2019 21:35:49.161 [00001fb8] --- Model:Config file LCC[13]
04.06.2019 21:35:49.161 [00001fb8] --- Model:Config file C:\WARP000\config\20190509.dat saved CC[14]
04.06.2019 21:36:01.161 [00001fb8] !!! onWindowsSessionEnded 0
