05.06.2019 12:00:18.942 [000007dc] --- App --- Immersive Display PRO v3.0.5 (01.01.2019)
05.06.2019 12:00:18.942 [000007dc] --- OS 6:2 Microsoft Windows 8 Professional (build 9200), 64-bit 7(0) 8(1) 8.1(0) 10(0)
05.06.2019 12:00:18.942 [000007dc] --- Process64 C:\Users\own\scoop\shims\git.exe
05.06.2019 12:00:18.942 [000007dc] --- CmdLine [git  status]
05.06.2019 12:00:18.942 [000007dc] --- Enumerating displays ...
05.06.2019 12:00:18.943 [000007dc] --- Device N[\\.\DISPLAY1] S[Radeon RX 580 Series] M[Generic PnP Monitor] F[desktop primary ]
05.06.2019 12:00:18.944 [000007dc] --- Device N[\\.\DISPLAY2] S[Radeon RX 580 Series] M[] F[]
05.06.2019 12:00:18.944 [000007dc] --- Device N[\\.\DISPLAY3] S[Radeon RX 580 Series] M[] F[]
05.06.2019 12:00:18.945 [000007dc] --- Device N[\\.\DISPLAY4] S[Radeon RX 580 Series] M[] F[]
05.06.2019 12:00:18.946 [000007dc] --- Device N[\\.\DISPLAY5] S[Radeon RX 580 Series] M[] F[]
05.06.2019 12:00:18.946 [000007dc] --- Device N[\\.\DISPLAY6] S[Radeon RX 580 Series] M[] F[]
05.06.2019 12:00:18.947 [000007dc] --- Device N[\\.\DISPLAY7] S[Radeon RX 580 Series] M[] F[]
05.06.2019 12:00:18.947 [000007dc] --- Device N[\\.\DISPLAY8] S[Radeon RX 580 Series] M[] F[]
05.06.2019 12:00:18.947 [000007dc] --- SM_CMONITORS         = 1
05.06.2019 12:00:18.947 [000007dc] --- SM_SAMEDISPLAYFORMAT = 1
05.06.2019 12:00:18.947 [000007dc] --- SM_XVIRTUALSCREEN    = 0
05.06.2019 12:00:18.947 [000007dc] --- SM_YVIRTUALSCREEN    = 0
05.06.2019 12:00:18.947 [000007dc] --- SM_CXVIRTUALSCREEN   = 3840
05.06.2019 12:00:18.947 [000007dc] --- SM_CYVIRTUALSCREEN   = 1200
05.06.2019 12:00:18.947 [000007dc] --- SM_CXCURSOR          = 32
05.06.2019 12:00:18.950 [000007dc] --- [\\.\DISPLAY1] [Radeon RX 580 Series] [MONITOR\ADVEF2D\{4d36e96e-e325-11ce-bfc1-08002be10318}\0017] [Generic PnP Monitor]
05.06.2019 12:00:18.950 [000007dc] --- Enumerated 1 displays
05.06.2019 12:00:18.950 [000007dc] --- Displays initialized
05.06.2019 12:00:18.950 [000007dc] --- Displays[0] M[00010001] HDC[e4011458] GDC[ce0113db] L=0 T=0 R=3840 B=1200 RECT[0,0 3840x1200] N[\\.\DISPLAY1] M[Generic PnP Monitor] F[1] PROJ[2x1] MAPS[2]
05.06.2019 12:00:18.950 [000007dc] ---    Grouping G[0] N[0] GD[]
05.06.2019 12:00:18.950 [000007dc] --- ---
05.06.2019 12:00:18.950 [000007dc] --- hookD3D9
05.06.2019 12:00:18.951 [000007dc] --- DirectX9 dll=670a0000
05.06.2019 12:00:19.022 [000007dc] --- DirectX9 API detected
05.06.2019 12:00:19.022 [000007dc] --- DirectX9Ex API detected
05.06.2019 12:00:19.022 [000007dc] --- i1: InterfaceProc1
05.06.2019 12:00:19.022 [000007dc] --- interfaceFunc1 [\\.\DISPLAY1] totalMaps=2
05.06.2019 12:00:19.022 [000007dc] --- DXGI dll=95b60000
05.06.2019 12:00:19.054 [000007dc] --- DirectX DXGI API CreateDXGIFactory detected 1
05.06.2019 12:00:19.083 [000007dc] --- DirectX DXGI API CreateDXGIFactory1 detected 1
05.06.2019 12:00:19.114 [000007dc] --- DirectX DXGI API CreateDXGIFactory2 detected 1
05.06.2019 12:00:19.114 [000007dc] --- DirectX DXGI API detected
05.06.2019 12:00:19.115 [000007dc] --- DirectX D3D12 API detected hd3d12=8f360000
05.06.2019 12:00:19.144 [000007dc] --- DirectX D3D12 API detected 1
05.06.2019 12:00:19.144 [000007dc] --- hookOpenGL
05.06.2019 12:00:19.352 [000007dc] --- OpenGL API detected
05.06.2019 12:00:20.587 [000007dc] --- PROCESS DETACH
