04.06.2019 21:35:27.126 [00002120] ??? OSM handle == NULL error=2
04.06.2019 21:35:27.126 [00002120] ^^^ SC trying session1
--- [2]
04.06.2019 21:35:27.126 [00002120] --- App --- Immersive Display PRO v3.0.5 (01.01.2019)
04.06.2019 21:35:27.126 [00002120] --- OS 6:2 Microsoft Windows 8 Professional (build 9200), 64-bit 7(0) 8(1) 8.1(0) 10(0)
04.06.2019 21:35:27.126 [00002120] --- Process32 C:\Program Files (x86)\Google\Update\GoogleUpdate.exe
04.06.2019 21:35:27.126 [00002120] --- CmdLine ["C:\Program Files (x86)\Google\Update\GoogleUpdate.exe" /c]
04.06.2019 21:35:27.126 [00002120] --- Enumerating displays ...
04.06.2019 21:35:27.126 [00002120] --- SM_CMONITORS         = 1
04.06.2019 21:35:27.126 [00002120] --- SM_SAMEDISPLAYFORMAT = 1
04.06.2019 21:35:27.126 [00002120] --- SM_XVIRTUALSCREEN    = 0
04.06.2019 21:35:27.126 [00002120] --- SM_YVIRTUALSCREEN    = 0
04.06.2019 21:35:27.126 [00002120] --- SM_CXVIRTUALSCREEN   = 1024
04.06.2019 21:35:27.126 [00002120] --- SM_CYVIRTUALSCREEN   = 768
04.06.2019 21:35:27.126 [00002120] --- SM_CXCURSOR          = 32
04.06.2019 21:35:27.126 [00002120] ??? No displays enumerated. Retry later
04.06.2019 21:35:27.126 [00002120] --- hookD3D9
04.06.2019 21:35:27.126 [00002120] --- DirectX9 dll=716e0000
04.06.2019 21:35:27.173 [00002120] --- DirectX9 API detected
04.06.2019 21:35:27.173 [00002120] --- DirectX9Ex API detected
04.06.2019 21:35:27.173 [00002120] --- i1: InterfaceProc1
04.06.2019 21:35:27.173 [00002120] --- DXGI dll=725f0000
04.06.2019 21:35:27.188 [00002120] --- DirectX DXGI API CreateDXGIFactory detected 1
04.06.2019 21:35:27.204 [00002120] --- DirectX DXGI API CreateDXGIFactory1 detected 1
04.06.2019 21:35:27.220 [00002120] --- DirectX DXGI API CreateDXGIFactory2 detected 1
04.06.2019 21:35:27.220 [00002120] --- DirectX DXGI API detected
04.06.2019 21:35:27.235 [00002120] --- DirectX D3D12 API detected hd3d12=72480000
04.06.2019 21:35:27.251 [00002120] --- DirectX D3D12 API detected 1
04.06.2019 21:35:27.251 [00002120] --- hookOpenGL
04.06.2019 21:35:27.423 [00002120] --- OpenGL API detected
04.06.2019 21:35:27.501 [00002120] --- PROCESS DETACH
