04.06.2019 21:23:43.113 [00001330] --- App --- Immersive Display PRO v3.0.5 (01.01.2019)
04.06.2019 21:23:43.113 [00001330] --- OS 6:2 Microsoft Windows 8 Professional (build 9200), 64-bit 7(0) 8(1) 8.1(0) 10(0)
04.06.2019 21:23:43.113 [00001330] --- Process64 C:\Program Files\AMD\Performance Profile Client\AUEPUF.exe
04.06.2019 21:23:43.113 [00001330] --- CmdLine [AUEPUF.exe]
04.06.2019 21:23:43.113 [00001330] --- Enumerating displays ...
04.06.2019 21:23:43.115 [00001330] --- Device N[\\.\DISPLAY17] S[Radeon RX 580 Series] M[Generic PnP Monitor] F[desktop ]
04.06.2019 21:23:43.117 [00001330] --- Device N[\\.\DISPLAY18] S[Radeon RX 580 Series] M[Generic PnP Monitor] F[desktop primary ]
04.06.2019 21:23:43.118 [00001330] --- Device N[\\.\DISPLAY19] S[Radeon RX 580 Series] M[] F[]
04.06.2019 21:23:43.118 [00001330] --- Device N[\\.\DISPLAY20] S[Radeon RX 580 Series] M[] F[]
04.06.2019 21:23:43.118 [00001330] --- Device N[\\.\DISPLAY21] S[Radeon RX 580 Series] M[] F[]
04.06.2019 21:23:43.118 [00001330] --- Device N[\\.\DISPLAY22] S[Radeon RX 580 Series] M[] F[]
04.06.2019 21:23:43.118 [00001330] --- Device N[\\.\DISPLAY23] S[Radeon RX 580 Series] M[] F[]
04.06.2019 21:23:43.118 [00001330] --- Device N[\\.\DISPLAY24] S[Radeon RX 580 Series] M[] F[]
04.06.2019 21:23:43.118 [00001330] --- SM_CMONITORS         = 2
04.06.2019 21:23:43.118 [00001330] --- SM_SAMEDISPLAYFORMAT = 1
04.06.2019 21:23:43.118 [00001330] --- SM_XVIRTUALSCREEN    = 0
04.06.2019 21:23:43.118 [00001330] --- SM_YVIRTUALSCREEN    = 0
04.06.2019 21:23:43.118 [00001330] --- SM_CXVIRTUALSCREEN   = 3840
04.06.2019 21:23:43.118 [00001330] --- SM_CYVIRTUALSCREEN   = 1200
04.06.2019 21:23:43.118 [00001330] --- SM_CXCURSOR          = 32
04.06.2019 21:23:43.118 [00001330] --- [\\.\DISPLAY17] [Radeon RX 580 Series] [MONITOR\SECA70B\{4d36e96e-e325-11ce-bfc1-08002be10318}\0016] [Generic PnP Monitor]
04.06.2019 21:23:43.118 [00001330] --- [\\.\DISPLAY18] [Radeon RX 580 Series] [MONITOR\SECA70B\{4d36e96e-e325-11ce-bfc1-08002be10318}\0015] [Generic PnP Monitor]
04.06.2019 21:23:43.118 [00001330] --- Enumerated 2 displays
04.06.2019 21:23:43.118 [00001330] --- Displays initialized
04.06.2019 21:23:43.118 [00001330] --- Displays[0] M[006c0389] HDC[51010f00] GDC[4f0106f0] L=1920 T=0 R=3840 B=1200 RECT[1920,0 1920x1200] N[\\.\DISPLAY17] M[Generic PnP Monitor] F[0] PROJ[0x0] MAPS[0]
04.06.2019 21:23:43.118 [00001330] ---    Grouping G[0] N[0] GD[]
04.06.2019 21:23:43.118 [00001330] --- Displays[1] M[00030503] HDC[81010e50] GDC[23010f14] L=0 T=0 R=1920 B=1200 RECT[0,0 1920x1200] N[\\.\DISPLAY18] M[Generic PnP Monitor] F[1] PROJ[0x0] MAPS[0]
04.06.2019 21:23:43.118 [00001330] ---    Grouping G[0] N[0] GD[]
04.06.2019 21:23:43.118 [00001330] --- ---
04.06.2019 21:23:43.118 [00001330] --- hookD3D9
04.06.2019 21:23:43.134 [00001330] --- DirectX9 dll=03460000
04.06.2019 21:23:43.177 [00001330] --- DirectX9 API detected
04.06.2019 21:23:43.177 [00001330] --- DirectX9Ex API detected
04.06.2019 21:23:43.177 [00001330] --- i1: InterfaceProc1
04.06.2019 21:23:43.177 [00001330] --- DXGI dll=1f3f0000
04.06.2019 21:23:43.199 [00001330] --- DirectX DXGI API CreateDXGIFactory detected 1
04.06.2019 21:23:43.220 [00001330] --- DirectX DXGI API CreateDXGIFactory1 detected 1
04.06.2019 21:23:43.237 [00001330] --- DirectX DXGI API CreateDXGIFactory2 detected 1
04.06.2019 21:23:43.237 [00001330] --- DirectX DXGI API detected
04.06.2019 21:23:43.237 [00001330] --- DirectX D3D12 API detected hd3d12=18bc0000
04.06.2019 21:23:43.263 [00001330] --- DirectX D3D12 API detected 1
04.06.2019 21:23:43.263 [00001330] --- hookOpenGL
04.06.2019 21:23:43.412 [00001330] --- OpenGL API detected
