04.06.2019 21:23:28.915 [000021e8] --- App --- Immersive Display PRO v3.0.5 (01.01.2019)
04.06.2019 21:23:28.915 [000021e8] --- OS 6:2 Microsoft Windows 8 Professional (build 9200), 64-bit 7(0) 8(1) 8.1(0) 10(0)
04.06.2019 21:23:28.915 [000021e8] --- Process32 C:\Windows\syswow64\MsiExec.exe
04.06.2019 21:23:28.915 [000021e8] --- CmdLine [C:\Windows\syswow64\MsiExec.exe -Embedding 32481A870F5C9F48FAE161113394476B E Global\MSI0000]
04.06.2019 21:23:28.915 [000021e8] --- Enumerating displays ...
04.06.2019 21:23:28.917 [000021e8] --- Device N[\\.\DISPLAY17] S[Radeon RX 580 Series] M[Generic PnP Monitor] F[desktop ]
04.06.2019 21:23:28.919 [000021e8] --- Device N[\\.\DISPLAY18] S[Radeon RX 580 Series] M[Generic PnP Monitor] F[desktop primary ]
04.06.2019 21:23:28.920 [000021e8] --- Device N[\\.\DISPLAY19] S[Radeon RX 580 Series] M[] F[]
04.06.2019 21:23:28.922 [000021e8] --- Device N[\\.\DISPLAY20] S[Radeon RX 580 Series] M[] F[]
04.06.2019 21:23:28.924 [000021e8] --- Device N[\\.\DISPLAY21] S[Radeon RX 580 Series] M[] F[]
04.06.2019 21:23:28.925 [000021e8] --- Device N[\\.\DISPLAY22] S[Radeon RX 580 Series] M[] F[]
04.06.2019 21:23:28.927 [000021e8] --- Device N[\\.\DISPLAY23] S[Radeon RX 580 Series] M[] F[]
04.06.2019 21:23:28.929 [000021e8] --- Device N[\\.\DISPLAY24] S[Radeon RX 580 Series] M[] F[]
04.06.2019 21:23:28.929 [000021e8] --- SM_CMONITORS         = 2
04.06.2019 21:23:28.929 [000021e8] --- SM_SAMEDISPLAYFORMAT = 1
04.06.2019 21:23:28.929 [000021e8] --- SM_XVIRTUALSCREEN    = 0
04.06.2019 21:23:28.929 [000021e8] --- SM_YVIRTUALSCREEN    = 0
04.06.2019 21:23:28.929 [000021e8] --- SM_CXVIRTUALSCREEN   = 3840
04.06.2019 21:23:28.929 [000021e8] --- SM_CYVIRTUALSCREEN   = 1200
04.06.2019 21:23:28.929 [000021e8] --- SM_CXCURSOR          = 32
04.06.2019 21:23:28.934 [000021e8] --- [\\.\DISPLAY17] [Radeon RX 580 Series] [MONITOR\SECA70B\{4d36e96e-e325-11ce-bfc1-08002be10318}\0016] [Generic PnP Monitor]
04.06.2019 21:23:28.936 [000021e8] --- [\\.\DISPLAY18] [Radeon RX 580 Series] [MONITOR\SECA70B\{4d36e96e-e325-11ce-bfc1-08002be10318}\0015] [Generic PnP Monitor]
04.06.2019 21:23:28.936 [000021e8] --- Enumerated 2 displays
04.06.2019 21:23:28.936 [000021e8] --- Displays initialized
04.06.2019 21:23:28.936 [000021e8] --- Displays[0] M[006c0389] HDC[de0106b3] GDC[6d010e3d] L=1920 T=0 R=3840 B=1200 RECT[1920,0 1920x1200] N[\\.\DISPLAY17] M[Generic PnP Monitor] F[0] PROJ[0x0] MAPS[0]
04.06.2019 21:23:28.936 [000021e8] ---    Grouping G[0] N[0] GD[]
04.06.2019 21:23:28.936 [000021e8] --- Displays[1] M[00030503] HDC[6b010eb4] GDC[85010707] L=0 T=0 R=1920 B=1200 RECT[0,0 1920x1200] N[\\.\DISPLAY18] M[Generic PnP Monitor] F[1] PROJ[0x0] MAPS[0]
04.06.2019 21:23:28.936 [000021e8] ---    Grouping G[0] N[0] GD[]
04.06.2019 21:23:28.936 [000021e8] --- ---
04.06.2019 21:23:28.937 [000021e8] --- hookD3D9
04.06.2019 21:23:28.938 [000021e8] --- DirectX9 dll=06a00000
04.06.2019 21:23:28.984 [000021e8] --- DirectX9 API detected
04.06.2019 21:23:28.984 [000021e8] --- DirectX9Ex API detected
04.06.2019 21:23:28.984 [000021e8] --- i1: InterfaceProc1
04.06.2019 21:23:28.984 [000021e8] --- DXGI dll=72680000
04.06.2019 21:23:29.009 [000021e8] --- DirectX DXGI API CreateDXGIFactory detected 1
04.06.2019 21:23:29.033 [000021e8] --- DirectX DXGI API CreateDXGIFactory1 detected 1
04.06.2019 21:23:29.056 [000021e8] --- DirectX DXGI API CreateDXGIFactory2 detected 1
04.06.2019 21:23:29.056 [000021e8] --- DirectX DXGI API detected
04.06.2019 21:23:29.057 [000021e8] --- DirectX D3D12 API detected hd3d12=723f0000
04.06.2019 21:23:29.081 [000021e8] --- DirectX D3D12 API detected 1
04.06.2019 21:23:29.081 [000021e8] --- hookOpenGL
04.06.2019 21:23:29.271 [000021e8] --- OpenGL API detected
04.06.2019 21:23:29.408 [000021e8] --- PROCESS DETACH
