04.06.2019 14:07:32.176 [00002228] --- App --- Immersive Display PRO v3.0.5 (01.01.2019)
04.06.2019 14:07:32.176 [00002228] --- OS 6:2 Microsoft Windows 8 Professional (build 9200), 64-bit 7(0) 8(1) 8.1(0) 10(0)
04.06.2019 14:07:32.176 [00002228] --- Process64 C:\Program Files\FARO\SCENE LT\SceneNvidiaProfileCreator.exe
04.06.2019 14:07:32.176 [00002228] --- CmdLine ["C:\Program Files\FARO\SCENE LT\SceneNvidiaProfileCreator.exe"]
04.06.2019 14:07:32.176 [00002228] --- Enumerating displays ...
04.06.2019 14:07:32.176 [00002228] --- Device N[\\.\DISPLAY1] S[Radeon RX 580 Series] M[Generic PnP Monitor] F[desktop primary ]
04.06.2019 14:07:32.177 [00002228] --- Device N[\\.\DISPLAY2] S[Radeon RX 580 Series] M[] F[]
04.06.2019 14:07:32.178 [00002228] --- Device N[\\.\DISPLAY3] S[Radeon RX 580 Series] M[] F[]
04.06.2019 14:07:32.178 [00002228] --- Device N[\\.\DISPLAY4] S[Radeon RX 580 Series] M[] F[]
04.06.2019 14:07:32.179 [00002228] --- Device N[\\.\DISPLAY5] S[Radeon RX 580 Series] M[] F[]
04.06.2019 14:07:32.179 [00002228] --- Device N[\\.\DISPLAY6] S[Radeon RX 580 Series] M[] F[]
04.06.2019 14:07:32.180 [00002228] --- Device N[\\.\DISPLAY7] S[Radeon RX 580 Series] M[] F[]
04.06.2019 14:07:32.180 [00002228] --- Device N[\\.\DISPLAY8] S[Radeon RX 580 Series] M[] F[]
04.06.2019 14:07:32.180 [00002228] --- SM_CMONITORS         = 1
04.06.2019 14:07:32.180 [00002228] --- SM_SAMEDISPLAYFORMAT = 1
04.06.2019 14:07:32.180 [00002228] --- SM_XVIRTUALSCREEN    = 0
04.06.2019 14:07:32.180 [00002228] --- SM_YVIRTUALSCREEN    = 0
04.06.2019 14:07:32.180 [00002228] --- SM_CXVIRTUALSCREEN   = 3840
04.06.2019 14:07:32.180 [00002228] --- SM_CYVIRTUALSCREEN   = 1200
04.06.2019 14:07:32.180 [00002228] --- SM_CXCURSOR          = 32
04.06.2019 14:07:32.182 [00002228] --- [\\.\DISPLAY1] [Radeon RX 580 Series] [MONITOR\ADVEF2D\{4d36e96e-e325-11ce-bfc1-08002be10318}\0013] [Generic PnP Monitor]
04.06.2019 14:07:32.182 [00002228] --- Enumerated 1 displays
04.06.2019 14:07:32.182 [00002228] --- Displays initialized
04.06.2019 14:07:32.182 [00002228] --- Displays[0] M[00010001] HDC[dd011203] GDC[a60111cc] L=0 T=0 R=3840 B=1200 RECT[0,0 3840x1200] N[\\.\DISPLAY1] M[Generic PnP Monitor] F[1] PROJ[2x1] MAPS[2]
04.06.2019 14:07:32.182 [00002228] ---    Grouping G[0] N[0] GD[]
04.06.2019 14:07:32.182 [00002228] --- ---
04.06.2019 14:07:32.182 [00002228] --- hookD3D9
04.06.2019 14:07:32.183 [00002228] --- DirectX9 dll=56cb0000
04.06.2019 14:07:32.211 [00002228] --- DirectX9 API detected
04.06.2019 14:07:32.211 [00002228] --- DirectX9Ex API detected
04.06.2019 14:07:32.211 [00002228] --- i1: InterfaceProc1
04.06.2019 14:07:32.211 [00002228] --- interfaceFunc1 [\\.\DISPLAY1] totalMaps=2
04.06.2019 14:07:32.212 [00002228] --- DXGI dll=7ce30000
04.06.2019 14:07:32.226 [00002228] --- DirectX DXGI API CreateDXGIFactory detected 1
04.06.2019 14:07:32.240 [00002228] --- DirectX DXGI API CreateDXGIFactory1 detected 1
04.06.2019 14:07:32.254 [00002228] --- DirectX DXGI API CreateDXGIFactory2 detected 1
04.06.2019 14:07:32.254 [00002228] --- DirectX DXGI API detected
04.06.2019 14:07:32.254 [00002228] --- DirectX D3D12 API detected hd3d12=75c40000
04.06.2019 14:07:32.268 [00002228] --- DirectX D3D12 API detected 1
04.06.2019 14:07:32.268 [00002228] --- hookOpenGL
04.06.2019 14:07:32.365 [00002228] --- OpenGL API detected
04.06.2019 14:07:32.418 [00002228] --- PROCESS DETACH
