04.06.2019 15:35:21.614 [00001c3c] ??? OSM handle == NULL error=2
04.06.2019 15:35:21.614 [00001c3c] ^^^ SC trying session1
--- [2]
04.06.2019 15:35:21.614 [00001c3c] --- App --- Immersive Display PRO v3.0.5 (01.01.2019)
04.06.2019 15:35:21.614 [00001c3c] --- OS 6:2 Microsoft Windows 8 Professional (build 9200), 64-bit 7(0) 8(1) 8.1(0) 10(0)
04.06.2019 15:35:21.614 [00001c3c] --- Process32 C:\Program Files (x86)\Google\Update\GoogleUpdate.exe
04.06.2019 15:35:21.614 [00001c3c] --- CmdLine ["C:\Program Files (x86)\Google\Update\GoogleUpdate.exe" /ua /installsource scheduler]
04.06.2019 15:35:21.615 [00001c3c] --- Enumerating displays ...
04.06.2019 15:35:21.615 [00001c3c] --- SM_CMONITORS         = 1
04.06.2019 15:35:21.615 [00001c3c] --- SM_SAMEDISPLAYFORMAT = 1
04.06.2019 15:35:21.615 [00001c3c] --- SM_XVIRTUALSCREEN    = 0
04.06.2019 15:35:21.615 [00001c3c] --- SM_YVIRTUALSCREEN    = 0
04.06.2019 15:35:21.615 [00001c3c] --- SM_CXVIRTUALSCREEN   = 1024
04.06.2019 15:35:21.615 [00001c3c] --- SM_CYVIRTUALSCREEN   = 768
04.06.2019 15:35:21.615 [00001c3c] --- SM_CXCURSOR          = 32
04.06.2019 15:35:21.615 [00001c3c] ??? No displays enumerated. Retry later
04.06.2019 15:35:21.615 [00001c3c] --- hookD3D9
04.06.2019 15:35:21.616 [00001c3c] --- DirectX9 dll=70630000
04.06.2019 15:35:21.657 [00001c3c] --- DirectX9 API detected
04.06.2019 15:35:21.657 [00001c3c] --- DirectX9Ex API detected
04.06.2019 15:35:21.657 [00001c3c] --- i1: InterfaceProc1
04.06.2019 15:35:21.657 [00001c3c] --- DXGI dll=71b80000
04.06.2019 15:35:21.677 [00001c3c] --- DirectX DXGI API CreateDXGIFactory detected 1
04.06.2019 15:35:21.697 [00001c3c] --- DirectX DXGI API CreateDXGIFactory1 detected 1
04.06.2019 15:35:21.717 [00001c3c] --- DirectX DXGI API CreateDXGIFactory2 detected 1
04.06.2019 15:35:21.717 [00001c3c] --- DirectX DXGI API detected
04.06.2019 15:35:21.718 [00001c3c] --- DirectX D3D12 API detected hd3d12=01d90000
04.06.2019 15:35:21.738 [00001c3c] --- DirectX D3D12 API detected 1
04.06.2019 15:35:21.738 [00001c3c] --- hookOpenGL
04.06.2019 15:35:21.897 [00001c3c] --- OpenGL API detected
04.06.2019 15:35:21.961 [00001c3c] --- PROCESS DETACH
