04.06.2019 21:17:48.843 [00002e38] --- App --- Immersive Display PRO v3.0.5 (01.01.2019)
04.06.2019 21:17:48.843 [00002e38] --- OS 6:2 Microsoft Windows 8 Professional (build 9200), 64-bit 7(0) 8(1) 8.1(0) 10(0)
04.06.2019 21:17:48.843 [00002e38] --- Process32 C:\Users\own\Downloads\Intel Driver and Support Assistant\WiFi_21.10.1_Driver64_Win10.exe
04.06.2019 21:17:48.843 [00002e38] --- CmdLine ["C:\Users\own\Downloads\Intel Driver and Support Assistant\WiFi_21.10.1_Driver64_Win10.exe"]
04.06.2019 21:17:48.843 [00002e38] --- Enumerating displays ...
04.06.2019 21:17:48.844 [00002e38] --- Device N[\\.\DISPLAY10] S[Radeon RX 580 Series] M[Generic PnP Monitor] F[desktop ]
04.06.2019 21:17:48.845 [00002e38] --- Device N[\\.\DISPLAY11] S[Radeon RX 580 Series] M[Generic PnP Monitor] F[desktop primary ]
04.06.2019 21:17:48.846 [00002e38] --- Device N[\\.\DISPLAY12] S[Radeon RX 580 Series] M[] F[]
04.06.2019 21:17:48.847 [00002e38] --- Device N[\\.\DISPLAY13] S[Radeon RX 580 Series] M[] F[]
04.06.2019 21:17:48.848 [00002e38] --- Device N[\\.\DISPLAY14] S[Radeon RX 580 Series] M[] F[]
04.06.2019 21:17:48.849 [00002e38] --- Device N[\\.\DISPLAY15] S[Radeon RX 580 Series] M[] F[]
04.06.2019 21:17:48.849 [00002e38] --- SM_CMONITORS         = 2
04.06.2019 21:17:48.849 [00002e38] --- SM_SAMEDISPLAYFORMAT = 1
04.06.2019 21:17:48.849 [00002e38] --- SM_XVIRTUALSCREEN    = 0
04.06.2019 21:17:48.849 [00002e38] --- SM_YVIRTUALSCREEN    = 0
04.06.2019 21:17:48.849 [00002e38] --- SM_CXVIRTUALSCREEN   = 3840
04.06.2019 21:17:48.849 [00002e38] --- SM_CYVIRTUALSCREEN   = 1200
04.06.2019 21:17:48.849 [00002e38] --- SM_CXCURSOR          = 32
04.06.2019 21:17:48.854 [00002e38] --- [\\.\DISPLAY10] [Radeon RX 580 Series] [MONITOR\SECA70B\{4d36e96e-e325-11ce-bfc1-08002be10318}\0016] [Generic PnP Monitor]
04.06.2019 21:17:48.855 [00002e38] --- [\\.\DISPLAY11] [Radeon RX 580 Series] [MONITOR\SECA70B\{4d36e96e-e325-11ce-bfc1-08002be10318}\0015] [Generic PnP Monitor]
04.06.2019 21:17:48.855 [00002e38] --- Enumerated 2 displays
04.06.2019 21:17:48.855 [00002e38] --- Displays initialized
04.06.2019 21:17:48.855 [00002e38] --- Displays[0] M[001c09f1] HDC[5601115b] GDC[110113fa] L=1920 T=0 R=3840 B=1200 RECT[1920,0 1920x1200] N[\\.\DISPLAY10] M[Generic PnP Monitor] F[0] PROJ[2x1] MAPS[2]
04.06.2019 21:17:48.855 [00002e38] ---    Grouping G[0] N[0] GD[]
04.06.2019 21:17:48.855 [00002e38] --- Displays[1] M[001205fd] HDC[29010bda] GDC[2a011309] L=0 T=0 R=1920 B=1200 RECT[0,0 1920x1200] N[\\.\DISPLAY11] M[Generic PnP Monitor] F[1] PROJ[0x0] MAPS[0]
04.06.2019 21:17:48.855 [00002e38] ---    Grouping G[0] N[0] GD[]
04.06.2019 21:17:48.855 [00002e38] --- ---
04.06.2019 21:17:48.855 [00002e38] --- hookD3D9
04.06.2019 21:17:48.856 [00002e38] --- DirectX9 dll=71460000
04.06.2019 21:17:48.901 [00002e38] --- DirectX9 API detected
04.06.2019 21:17:48.901 [00002e38] --- DirectX9Ex API detected
04.06.2019 21:17:48.901 [00002e38] --- i1: InterfaceProc1
04.06.2019 21:17:48.901 [00002e38] --- interfaceFunc1 [\\.\DISPLAY10] totalMaps=2
04.06.2019 21:17:48.901 [00002e38] --- DXGI dll=724a0000
04.06.2019 21:17:48.924 [00002e38] --- DirectX DXGI API CreateDXGIFactory detected 1
04.06.2019 21:17:48.946 [00002e38] --- DirectX DXGI API CreateDXGIFactory1 detected 1
04.06.2019 21:17:48.968 [00002e38] --- DirectX DXGI API CreateDXGIFactory2 detected 1
04.06.2019 21:17:48.969 [00002e38] --- DirectX DXGI API detected
04.06.2019 21:17:48.969 [00002e38] --- DirectX D3D12 API detected hd3d12=72330000
04.06.2019 21:17:48.991 [00002e38] --- DirectX D3D12 API detected 1
04.06.2019 21:17:48.991 [00002e38] --- hookOpenGL
04.06.2019 21:17:49.171 [00002e38] --- OpenGL API detected
04.06.2019 21:18:08.379 [00002e38] --- PROCESS DETACH
