05.06.2019 10:55:31.494 [00001b8c] --- App --- Immersive Display PRO v3.0.5 (01.01.2019)
05.06.2019 10:55:31.494 [00001b8c] --- OS 6:2 Microsoft Windows 8 Professional (build 9200), 64-bit 7(0) 8(1) 8.1(0) 10(0)
05.06.2019 10:55:31.494 [00001b8c] --- Process64 C:\Users\own\scoop\apps\git\2.21.0.windows.1\mingw64\libexec\git-core\git.exe
05.06.2019 10:55:31.494 [00001b8c] --- CmdLine [git rev-list --objects --stdin --not --all --quiet]
05.06.2019 10:55:31.494 [00001b8c] --- Enumerating displays ...
05.06.2019 10:55:31.494 [00001b8c] --- Device N[\\.\DISPLAY1] S[Radeon RX 580 Series] M[Generic PnP Monitor] F[desktop primary ]
05.06.2019 10:55:31.494 [00001b8c] --- Device N[\\.\DISPLAY2] S[Radeon RX 580 Series] M[] F[]
05.06.2019 10:55:31.494 [00001b8c] --- Device N[\\.\DISPLAY3] S[Radeon RX 580 Series] M[] F[]
05.06.2019 10:55:31.494 [00001b8c] --- Device N[\\.\DISPLAY4] S[Radeon RX 580 Series] M[] F[]
05.06.2019 10:55:31.494 [00001b8c] --- Device N[\\.\DISPLAY5] S[Radeon RX 580 Series] M[] F[]
05.06.2019 10:55:31.509 [00001b8c] --- Device N[\\.\DISPLAY6] S[Radeon RX 580 Series] M[] F[]
05.06.2019 10:55:31.509 [00001b8c] --- Device N[\\.\DISPLAY7] S[Radeon RX 580 Series] M[] F[]
05.06.2019 10:55:31.509 [00001b8c] --- Device N[\\.\DISPLAY8] S[Radeon RX 580 Series] M[] F[]
05.06.2019 10:55:31.509 [00001b8c] --- SM_CMONITORS         = 1
05.06.2019 10:55:31.509 [00001b8c] --- SM_SAMEDISPLAYFORMAT = 1
05.06.2019 10:55:31.509 [00001b8c] --- SM_XVIRTUALSCREEN    = 0
05.06.2019 10:55:31.509 [00001b8c] --- SM_YVIRTUALSCREEN    = 0
05.06.2019 10:55:31.509 [00001b8c] --- SM_CXVIRTUALSCREEN   = 3840
05.06.2019 10:55:31.509 [00001b8c] --- SM_CYVIRTUALSCREEN   = 1200
05.06.2019 10:55:31.509 [00001b8c] --- SM_CXCURSOR          = 32
05.06.2019 10:55:31.509 [00001b8c] --- [\\.\DISPLAY1] [Radeon RX 580 Series] [MONITOR\ADVEF2D\{4d36e96e-e325-11ce-bfc1-08002be10318}\0017] [Generic PnP Monitor]
05.06.2019 10:55:31.509 [00001b8c] --- Enumerated 1 displays
05.06.2019 10:55:31.509 [00001b8c] --- Displays initialized
05.06.2019 10:55:31.509 [00001b8c] --- Displays[0] M[00010001] HDC[13010757] GDC[4e01003b] L=0 T=0 R=3840 B=1200 RECT[0,0 3840x1200] N[\\.\DISPLAY1] M[Generic PnP Monitor] F[1] PROJ[0x0] MAPS[0]
05.06.2019 10:55:31.509 [00001b8c] ---    Grouping G[0] N[0] GD[]
05.06.2019 10:55:31.509 [00001b8c] --- ---
05.06.2019 10:55:31.509 [00001b8c] --- hookD3D9
05.06.2019 10:55:31.509 [00001b8c] --- DirectX9 dll=a5ef0000
05.06.2019 10:55:31.556 [00001b8c] --- DirectX9 API detected
05.06.2019 10:55:31.556 [00001b8c] --- DirectX9Ex API detected
05.06.2019 10:55:31.556 [00001b8c] --- i1: InterfaceProc1
05.06.2019 10:55:31.556 [00001b8c] --- DXGI dll=d3330000
05.06.2019 10:55:31.572 [00001b8c] --- DirectX DXGI API CreateDXGIFactory detected 1
05.06.2019 10:55:31.603 [00001b8c] --- DirectX DXGI API CreateDXGIFactory1 detected 1
05.06.2019 10:55:31.619 [00001b8c] --- DirectX DXGI API CreateDXGIFactory2 detected 1
05.06.2019 10:55:31.619 [00001b8c] --- DirectX DXGI API detected
05.06.2019 10:55:31.619 [00001b8c] --- DirectX D3D12 API detected hd3d12=cc750000
05.06.2019 10:55:31.650 [00001b8c] --- DirectX D3D12 API detected 1
05.06.2019 10:55:31.650 [00001b8c] --- hookOpenGL
05.06.2019 10:55:31.806 [00001b8c] --- OpenGL API detected
05.06.2019 10:55:31.884 [00001b8c] --- PROCESS DETACH
