04.06.2019 21:17:04.531 [00001e5c] --- App --- Immersive Display PRO v3.0.5 (01.01.2019)
04.06.2019 21:17:04.531 [00001e5c] --- OS 6:2 Microsoft Windows 8 Professional (build 9200), 64-bit 7(0) 8(1) 8.1(0) 10(0)
04.06.2019 21:17:04.531 [00001e5c] --- Process32 C:\Users\own\Downloads\Intel Driver and Support Assistant\BT_21.10.1_64_Win10.exe
04.06.2019 21:17:04.531 [00001e5c] --- CmdLine ["C:\Users\own\Downloads\Intel Driver and Support Assistant\BT_21.10.1_64_Win10.exe"]
04.06.2019 21:17:04.531 [00001e5c] --- Enumerating displays ...
04.06.2019 21:17:04.532 [00001e5c] --- Device N[\\.\DISPLAY10] S[Radeon RX 580 Series] M[Generic PnP Monitor] F[desktop ]
04.06.2019 21:17:04.533 [00001e5c] --- Device N[\\.\DISPLAY11] S[Radeon RX 580 Series] M[Generic PnP Monitor] F[desktop primary ]
04.06.2019 21:17:04.534 [00001e5c] --- Device N[\\.\DISPLAY12] S[Radeon RX 580 Series] M[] F[]
04.06.2019 21:17:04.535 [00001e5c] --- Device N[\\.\DISPLAY13] S[Radeon RX 580 Series] M[] F[]
04.06.2019 21:17:04.536 [00001e5c] --- Device N[\\.\DISPLAY14] S[Radeon RX 580 Series] M[] F[]
04.06.2019 21:17:04.536 [00001e5c] --- Device N[\\.\DISPLAY15] S[Radeon RX 580 Series] M[] F[]
04.06.2019 21:17:04.536 [00001e5c] --- SM_CMONITORS         = 2
04.06.2019 21:17:04.536 [00001e5c] --- SM_SAMEDISPLAYFORMAT = 1
04.06.2019 21:17:04.536 [00001e5c] --- SM_XVIRTUALSCREEN    = 0
04.06.2019 21:17:04.537 [00001e5c] --- SM_YVIRTUALSCREEN    = 0
04.06.2019 21:17:04.537 [00001e5c] --- SM_CXVIRTUALSCREEN   = 3840
04.06.2019 21:17:04.537 [00001e5c] --- SM_CYVIRTUALSCREEN   = 1200
04.06.2019 21:17:04.537 [00001e5c] --- SM_CXCURSOR          = 32
04.06.2019 21:17:04.541 [00001e5c] --- [\\.\DISPLAY10] [Radeon RX 580 Series] [MONITOR\SECA70B\{4d36e96e-e325-11ce-bfc1-08002be10318}\0016] [Generic PnP Monitor]
04.06.2019 21:17:04.542 [00001e5c] --- [\\.\DISPLAY11] [Radeon RX 580 Series] [MONITOR\SECA70B\{4d36e96e-e325-11ce-bfc1-08002be10318}\0015] [Generic PnP Monitor]
04.06.2019 21:17:04.542 [00001e5c] --- Enumerated 2 displays
04.06.2019 21:17:04.542 [00001e5c] --- Displays initialized
04.06.2019 21:17:04.542 [00001e5c] --- Displays[0] M[001c09f1] HDC[5601115b] GDC[e40114e7] L=1920 T=0 R=3840 B=1200 RECT[1920,0 1920x1200] N[\\.\DISPLAY10] M[Generic PnP Monitor] F[0] PROJ[2x1] MAPS[2]
04.06.2019 21:17:04.542 [00001e5c] ---    Grouping G[0] N[0] GD[]
04.06.2019 21:17:04.542 [00001e5c] --- Displays[1] M[001205fd] HDC[29010bda] GDC[64010dfc] L=0 T=0 R=1920 B=1200 RECT[0,0 1920x1200] N[\\.\DISPLAY11] M[Generic PnP Monitor] F[1] PROJ[0x0] MAPS[0]
04.06.2019 21:17:04.542 [00001e5c] ---    Grouping G[0] N[0] GD[]
04.06.2019 21:17:04.542 [00001e5c] --- ---
04.06.2019 21:17:04.542 [00001e5c] --- hookD3D9
04.06.2019 21:17:04.542 [00001e5c] --- DirectX9 dll=71460000
04.06.2019 21:17:04.585 [00001e5c] --- DirectX9 API detected
04.06.2019 21:17:04.585 [00001e5c] --- DirectX9Ex API detected
04.06.2019 21:17:04.585 [00001e5c] --- i1: InterfaceProc1
04.06.2019 21:17:04.585 [00001e5c] --- interfaceFunc1 [\\.\DISPLAY10] totalMaps=2
04.06.2019 21:17:04.586 [00001e5c] --- DXGI dll=724a0000
04.06.2019 21:17:04.607 [00001e5c] --- DirectX DXGI API CreateDXGIFactory detected 1
04.06.2019 21:17:04.628 [00001e5c] --- DirectX DXGI API CreateDXGIFactory1 detected 1
04.06.2019 21:17:04.649 [00001e5c] --- DirectX DXGI API CreateDXGIFactory2 detected 1
04.06.2019 21:17:04.649 [00001e5c] --- DirectX DXGI API detected
04.06.2019 21:17:04.650 [00001e5c] --- DirectX D3D12 API detected hd3d12=72330000
04.06.2019 21:17:04.671 [00001e5c] --- DirectX D3D12 API detected 1
04.06.2019 21:17:04.671 [00001e5c] --- hookOpenGL
04.06.2019 21:17:04.840 [00001e5c] --- OpenGL API detected
04.06.2019 21:17:46.514 [00001e5c] --- PROCESS DETACH
