04.06.2019 21:50:08.930 [00001edc] --- App --- Immersive Display PRO v3.0.5 (01.01.2019)
04.06.2019 21:50:08.930 [00001edc] --- OS 6:2 Microsoft Windows 8 Professional (build 9200), 64-bit 7(0) 8(1) 8.1(0) 10(0)
04.06.2019 21:50:08.930 [00001edc] --- Process64 C:\Users\own\scoop\shims\git.exe
04.06.2019 21:50:08.930 [00001edc] --- CmdLine [git  pull]
04.06.2019 21:50:08.930 [00001edc] --- Enumerating displays ...
04.06.2019 21:50:08.930 [00001edc] --- Device N[\\.\DISPLAY1] S[Radeon RX 580 Series] M[Generic PnP Monitor] F[desktop primary ]
04.06.2019 21:50:08.930 [00001edc] --- Device N[\\.\DISPLAY2] S[Radeon RX 580 Series] M[] F[]
04.06.2019 21:50:08.930 [00001edc] --- Device N[\\.\DISPLAY3] S[Radeon RX 580 Series] M[] F[]
04.06.2019 21:50:08.930 [00001edc] --- Device N[\\.\DISPLAY4] S[Radeon RX 580 Series] M[] F[]
04.06.2019 21:50:08.945 [00001edc] --- Device N[\\.\DISPLAY5] S[Radeon RX 580 Series] M[] F[]
04.06.2019 21:50:08.945 [00001edc] --- Device N[\\.\DISPLAY6] S[Radeon RX 580 Series] M[] F[]
04.06.2019 21:50:08.945 [00001edc] --- Device N[\\.\DISPLAY7] S[Radeon RX 580 Series] M[] F[]
04.06.2019 21:50:08.945 [00001edc] --- Device N[\\.\DISPLAY8] S[Radeon RX 580 Series] M[] F[]
04.06.2019 21:50:08.945 [00001edc] --- SM_CMONITORS         = 1
04.06.2019 21:50:08.945 [00001edc] --- SM_SAMEDISPLAYFORMAT = 1
04.06.2019 21:50:08.945 [00001edc] --- SM_XVIRTUALSCREEN    = 0
04.06.2019 21:50:08.945 [00001edc] --- SM_YVIRTUALSCREEN    = 0
04.06.2019 21:50:08.945 [00001edc] --- SM_CXVIRTUALSCREEN   = 1920
04.06.2019 21:50:08.945 [00001edc] --- SM_CYVIRTUALSCREEN   = 1200
04.06.2019 21:50:08.945 [00001edc] --- SM_CXCURSOR          = 32
04.06.2019 21:50:08.945 [00001edc] --- [\\.\DISPLAY1] [Radeon RX 580 Series] [MONITOR\SECA70B\{4d36e96e-e325-11ce-bfc1-08002be10318}\0016] [Generic PnP Monitor]
04.06.2019 21:50:08.945 [00001edc] --- Enumerated 1 displays
04.06.2019 21:50:08.945 [00001edc] --- Displays initialized
04.06.2019 21:50:08.945 [00001edc] --- Displays[0] M[00010001] HDC[15010be1] GDC[1a010cc0] L=0 T=0 R=1920 B=1200 RECT[0,0 1920x1200] N[\\.\DISPLAY1] M[Generic PnP Monitor] F[1] PROJ[0x0] MAPS[0]
04.06.2019 21:50:08.945 [00001edc] ---    Grouping G[0] N[0] GD[]
04.06.2019 21:50:08.945 [00001edc] --- ---
04.06.2019 21:50:08.945 [00001edc] --- hookD3D9
04.06.2019 21:50:08.945 [00001edc] --- DirectX9 dll=82790000
04.06.2019 21:50:08.992 [00001edc] --- DirectX9 API detected
04.06.2019 21:50:08.992 [00001edc] --- DirectX9Ex API detected
04.06.2019 21:50:08.992 [00001edc] --- i1: InterfaceProc1
04.06.2019 21:50:08.992 [00001edc] --- DXGI dll=b1270000
04.06.2019 21:50:09.008 [00001edc] --- DirectX DXGI API CreateDXGIFactory detected 1
04.06.2019 21:50:09.039 [00001edc] --- DirectX DXGI API CreateDXGIFactory1 detected 1
04.06.2019 21:50:09.055 [00001edc] --- DirectX DXGI API CreateDXGIFactory2 detected 1
04.06.2019 21:50:09.055 [00001edc] --- DirectX DXGI API detected
04.06.2019 21:50:09.055 [00001edc] --- DirectX D3D12 API detected hd3d12=aa8c0000
04.06.2019 21:50:09.070 [00001edc] --- DirectX D3D12 API detected 1
04.06.2019 21:50:09.070 [00001edc] --- hookOpenGL
04.06.2019 21:50:09.226 [00001edc] --- OpenGL API detected
04.06.2019 21:50:16.316 [00001edc] --- PROCESS DETACH
