04.06.2019 21:21:59.217 [000026c4] ??? OSM handle == NULL error=2
04.06.2019 21:21:59.217 [000026c4] ^^^ SC trying session1
--- [2]
04.06.2019 21:21:59.217 [000026c4] --- App --- Immersive Display PRO v3.0.5 (01.01.2019)
04.06.2019 21:21:59.217 [000026c4] --- OS 6:2 Microsoft Windows 8 Professional (build 9200), 64-bit 7(0) 8(1) 8.1(0) 10(0)
04.06.2019 21:21:59.217 [000026c4] --- Process32 C:\WINDOWS\sysWOW64\wbem\wmiprvse.exe
04.06.2019 21:21:59.217 [000026c4] --- CmdLine [C:\WINDOWS\sysWOW64\wbem\wmiprvse.exe -Embedding]
04.06.2019 21:21:59.217 [000026c4] --- Enumerating displays ...
04.06.2019 21:21:59.217 [000026c4] --- SM_CMONITORS         = 1
04.06.2019 21:21:59.217 [000026c4] --- SM_SAMEDISPLAYFORMAT = 1
04.06.2019 21:21:59.217 [000026c4] --- SM_XVIRTUALSCREEN    = 0
04.06.2019 21:21:59.217 [000026c4] --- SM_YVIRTUALSCREEN    = 0
04.06.2019 21:21:59.217 [000026c4] --- SM_CXVIRTUALSCREEN   = 1024
04.06.2019 21:21:59.217 [000026c4] --- SM_CYVIRTUALSCREEN   = 768
04.06.2019 21:21:59.217 [000026c4] --- SM_CXCURSOR          = 32
04.06.2019 21:21:59.217 [000026c4] ??? No displays enumerated. Retry later
04.06.2019 21:21:59.217 [000026c4] --- hookD3D9
04.06.2019 21:21:59.219 [000026c4] --- DirectX9 dll=03ef0000
04.06.2019 21:21:59.261 [000026c4] --- DirectX9 API detected
04.06.2019 21:21:59.261 [000026c4] --- DirectX9Ex API detected
04.06.2019 21:21:59.261 [000026c4] --- i1: InterfaceProc1
04.06.2019 21:21:59.261 [000026c4] --- DXGI dll=72680000
04.06.2019 21:21:59.282 [000026c4] --- DirectX DXGI API CreateDXGIFactory detected 1
04.06.2019 21:21:59.304 [000026c4] --- DirectX DXGI API CreateDXGIFactory1 detected 1
04.06.2019 21:21:59.325 [000026c4] --- DirectX DXGI API CreateDXGIFactory2 detected 1
04.06.2019 21:21:59.325 [000026c4] --- DirectX DXGI API detected
04.06.2019 21:21:59.325 [000026c4] --- DirectX D3D12 API detected hd3d12=723f0000
04.06.2019 21:21:59.347 [000026c4] --- DirectX D3D12 API detected 1
04.06.2019 21:21:59.347 [000026c4] --- hookOpenGL
04.06.2019 21:21:59.516 [000026c4] --- OpenGL API detected
