04.06.2019 21:23:38.443 [00001c5c] --- App --- Immersive Display PRO v3.0.5 (01.01.2019)
04.06.2019 21:23:38.443 [00001c5c] --- OS 6:2 Microsoft Windows 8 Professional (build 9200), 64-bit 7(0) 8(1) 8.1(0) 10(0)
04.06.2019 21:23:38.443 [00001c5c] --- Process64 C:\Program Files\AMD\CNext\CNext\cncmd.exe
04.06.2019 21:23:38.443 [00001c5c] --- CmdLine ["C:\Program Files\AMD\CNext\CNext\cncmd.exe" startwithdelay]
04.06.2019 21:23:38.443 [00001c5c] --- Enumerating displays ...
04.06.2019 21:23:38.445 [00001c5c] --- Device N[\\.\DISPLAY17] S[Radeon RX 580 Series] M[Generic PnP Monitor] F[desktop ]
04.06.2019 21:23:38.447 [00001c5c] --- Device N[\\.\DISPLAY18] S[Radeon RX 580 Series] M[Generic PnP Monitor] F[desktop primary ]
04.06.2019 21:23:38.449 [00001c5c] --- Device N[\\.\DISPLAY19] S[Radeon RX 580 Series] M[] F[]
04.06.2019 21:23:38.451 [00001c5c] --- Device N[\\.\DISPLAY20] S[Radeon RX 580 Series] M[] F[]
04.06.2019 21:23:38.453 [00001c5c] --- Device N[\\.\DISPLAY21] S[Radeon RX 580 Series] M[] F[]
04.06.2019 21:23:38.454 [00001c5c] --- Device N[\\.\DISPLAY22] S[Radeon RX 580 Series] M[] F[]
04.06.2019 21:23:38.456 [00001c5c] --- Device N[\\.\DISPLAY23] S[Radeon RX 580 Series] M[] F[]
04.06.2019 21:23:38.458 [00001c5c] --- Device N[\\.\DISPLAY24] S[Radeon RX 580 Series] M[] F[]
04.06.2019 21:23:38.458 [00001c5c] --- SM_CMONITORS         = 2
04.06.2019 21:23:38.458 [00001c5c] --- SM_SAMEDISPLAYFORMAT = 1
04.06.2019 21:23:38.458 [00001c5c] --- SM_XVIRTUALSCREEN    = 0
04.06.2019 21:23:38.458 [00001c5c] --- SM_YVIRTUALSCREEN    = 0
04.06.2019 21:23:38.458 [00001c5c] --- SM_CXVIRTUALSCREEN   = 3840
04.06.2019 21:23:38.458 [00001c5c] --- SM_CYVIRTUALSCREEN   = 1200
04.06.2019 21:23:38.458 [00001c5c] --- SM_CXCURSOR          = 32
04.06.2019 21:23:38.464 [00001c5c] --- [\\.\DISPLAY17] [Radeon RX 580 Series] [MONITOR\SECA70B\{4d36e96e-e325-11ce-bfc1-08002be10318}\0016] [Generic PnP Monitor]
04.06.2019 21:23:38.466 [00001c5c] --- [\\.\DISPLAY18] [Radeon RX 580 Series] [MONITOR\SECA70B\{4d36e96e-e325-11ce-bfc1-08002be10318}\0015] [Generic PnP Monitor]
04.06.2019 21:23:38.466 [00001c5c] --- Enumerated 2 displays
04.06.2019 21:23:38.466 [00001c5c] --- Displays initialized
04.06.2019 21:23:38.466 [00001c5c] --- Displays[0] M[006c0389] HDC[51010f00] GDC[c3010f25] L=1920 T=0 R=3840 B=1200 RECT[1920,0 1920x1200] N[\\.\DISPLAY17] M[Generic PnP Monitor] F[0] PROJ[0x0] MAPS[0]
04.06.2019 21:23:38.466 [00001c5c] ---    Grouping G[0] N[0] GD[]
04.06.2019 21:23:38.466 [00001c5c] --- Displays[1] M[00030503] HDC[81010e50] GDC[8a010f1a] L=0 T=0 R=1920 B=1200 RECT[0,0 1920x1200] N[\\.\DISPLAY18] M[Generic PnP Monitor] F[1] PROJ[0x0] MAPS[0]
04.06.2019 21:23:38.466 [00001c5c] ---    Grouping G[0] N[0] GD[]
04.06.2019 21:23:38.466 [00001c5c] --- ---
04.06.2019 21:23:38.466 [00001c5c] --- hookD3D9
04.06.2019 21:23:38.467 [00001c5c] --- DirectX9 dll=03460000
04.06.2019 21:23:38.531 [00001c5c] --- DirectX9 API detected
04.06.2019 21:23:38.531 [00001c5c] --- DirectX9Ex API detected
04.06.2019 21:23:38.531 [00001c5c] --- i1: InterfaceProc1
04.06.2019 21:23:38.531 [00001c5c] --- DXGI dll=1f3f0000
04.06.2019 21:23:38.562 [00001c5c] --- DirectX DXGI API CreateDXGIFactory detected 1
04.06.2019 21:23:38.594 [00001c5c] --- DirectX DXGI API CreateDXGIFactory1 detected 1
04.06.2019 21:23:38.626 [00001c5c] --- DirectX DXGI API CreateDXGIFactory2 detected 1
04.06.2019 21:23:38.626 [00001c5c] --- DirectX DXGI API detected
04.06.2019 21:23:38.626 [00001c5c] --- DirectX D3D12 API detected hd3d12=18bc0000
04.06.2019 21:23:38.659 [00001c5c] --- DirectX D3D12 API detected 1
04.06.2019 21:23:38.659 [00001c5c] --- hookOpenGL
04.06.2019 21:23:38.872 [00001c5c] --- OpenGL API detected
04.06.2019 21:24:00.392 [00001c5c] --- PROCESS DETACH
