05.06.2019 11:09:19.521 [000003d8] --- App --- Immersive Display PRO v3.0.5 (01.01.2019)
05.06.2019 11:09:19.521 [000003d8] --- OS 6:2 Microsoft Windows 8 Professional (build 9200), 64-bit 7(0) 8(1) 8.1(0) 10(0)
05.06.2019 11:09:19.521 [000003d8] --- Process64 C:\WINDOWS\system32\dwm.exe
05.06.2019 11:09:19.521 [000003d8] --- CmdLine ["dwm.exe"]
05.06.2019 11:09:19.521 [000003d8] --- Enumerating displays ...
05.06.2019 11:09:19.521 [000003d8] --- Device N[\\.\DISPLAY1] S[Radeon RX 580 Series] M[Generic PnP Monitor] F[desktop primary ]
05.06.2019 11:09:19.536 [000003d8] --- Device N[\\.\DISPLAY2] S[Radeon RX 580 Series] M[] F[]
05.06.2019 11:09:19.536 [000003d8] --- Device N[\\.\DISPLAY3] S[Radeon RX 580 Series] M[] F[]
05.06.2019 11:09:19.536 [000003d8] --- Device N[\\.\DISPLAY4] S[Radeon RX 580 Series] M[] F[]
05.06.2019 11:09:19.536 [000003d8] --- Device N[\\.\DISPLAY5] S[Radeon RX 580 Series] M[] F[]
05.06.2019 11:09:19.536 [000003d8] --- Device N[\\.\DISPLAY6] S[Radeon RX 580 Series] M[] F[]
05.06.2019 11:09:19.536 [000003d8] --- Device N[\\.\DISPLAY7] S[Radeon RX 580 Series] M[] F[]
05.06.2019 11:09:19.536 [000003d8] --- Device N[\\.\DISPLAY8] S[Radeon RX 580 Series] M[] F[]
05.06.2019 11:09:19.536 [000003d8] --- SM_CMONITORS         = 1
05.06.2019 11:09:19.536 [000003d8] --- SM_SAMEDISPLAYFORMAT = 1
05.06.2019 11:09:19.536 [000003d8] --- SM_XVIRTUALSCREEN    = 0
05.06.2019 11:09:19.536 [000003d8] --- SM_YVIRTUALSCREEN    = 0
05.06.2019 11:09:19.536 [000003d8] --- SM_CXVIRTUALSCREEN   = 3840
05.06.2019 11:09:19.536 [000003d8] --- SM_CYVIRTUALSCREEN   = 1200
05.06.2019 11:09:19.536 [000003d8] --- SM_CXCURSOR          = 32
05.06.2019 11:09:19.536 [000003d8] ??? No displays enumerated. Retry later
05.06.2019 11:09:19.536 [000003d8] --- hookD3D9
05.06.2019 11:09:19.536 [000003d8] --- DirectX9 dll=a5ef0000
05.06.2019 11:09:19.583 [000003d8] --- DirectX9 API detected
05.06.2019 11:09:19.583 [000003d8] --- DirectX9Ex API detected
05.06.2019 11:09:19.583 [000003d8] --- i1: InterfaceProc1
05.06.2019 11:09:19.583 [000003d8] --- DXGI dll=d3330000
05.06.2019 11:09:19.614 [000003d8] --- DirectX DXGI API CreateDXGIFactory detected 1
05.06.2019 11:09:19.645 [000003d8] --- DirectX DXGI API CreateDXGIFactory1 detected 1
05.06.2019 11:09:19.661 [000003d8] --- DirectX DXGI API CreateDXGIFactory2 detected 1
05.06.2019 11:09:19.661 [000003d8] --- DirectX DXGI API detected
05.06.2019 11:09:19.692 [000003d8] --- DirectX D3D11 API detected 1
05.06.2019 11:09:19.692 [000003d8] --- DirectX D3D12 API detected hd3d12=cc750000
05.06.2019 11:09:19.724 [000003d8] --- DirectX D3D12 API detected 1
05.06.2019 11:09:19.724 [000003d8] --- hookOpenGL
05.06.2019 11:09:19.895 [000003d8] --- OpenGL API detected
05.06.2019 11:09:20.036 [00000534] --- D3D11CreateDevice ADAPTER Description=Radeon RX 580 Series
05.06.2019 11:09:20.036 [00000534] --- Device FeatureLevels[0]=0000a100
05.06.2019 11:09:20.036 [00001620] --- D3D11CreateDevice ADAPTER NULL
05.06.2019 11:09:20.036 [00000534] --- D3D11CreateDevice ADAPTER Description=Radeon RX 580 Series
05.06.2019 11:09:20.036 [00000534] --- Device FeatureLevels[0]=0000c100
05.06.2019 11:09:20.036 [00000534] --- Device FeatureLevels[1]=0000c000
05.06.2019 11:09:20.036 [00000534] --- Device FeatureLevels[2]=0000b100
05.06.2019 11:09:20.036 [00000534] --- Device FeatureLevels[3]=0000b000
05.06.2019 11:09:20.036 [00000534] --- Device FeatureLevels[4]=0000a100
05.06.2019 11:09:20.036 [00000534] --- Device FeatureLevels[5]=0000a000
05.06.2019 11:09:20.036 [00000534] --- Device FeatureLevels[6]=00009300
05.06.2019 11:09:20.036 [00000534] --- Device FeatureLevels[7]=00009200
05.06.2019 11:09:20.036 [00000534] --- Device FeatureLevels[8]=00009100
05.06.2019 11:09:20.052 [00001620] --- Device FeatureLevel -> 0000b000
05.06.2019 11:09:20.052 [00000534] --- Device FeatureLevel -> 0000c000
05.06.2019 11:09:20.239 [00000534] --- Win10SC_[01] Created
05.06.2019 11:09:20.239 [00000534] --- [\\.\DISPLAY1] [Radeon RX 580 Series] [MONITOR\ADVEF2D\{4d36e96e-e325-11ce-bfc1-08002be10318}\0017] [Generic PnP Monitor]
05.06.2019 11:09:20.239 [00000534] --- shim Winmm hLib=d2730000
05.06.2019 11:09:20.239 [00000534] --- shim Winmm d2736050, d2735f10, d2731060, d2731040
05.06.2019 11:09:20.245 [00000534] --- WarpContext 38f4a040 Output=2e1b16a0 DeviceName=\\.\DISPLAY1 DesktopCoordinates(0,0 3840x1200) AttachedToDesktop=1 Rotation=1 (0)
05.06.2019 11:09:20.245 [00000534] --- WarpContext 38f4a040 count 1
05.06.2019 11:09:20.245 [00000534] --- GMOC[2e891758] DONE
05.06.2019 11:09:20.245 [00000534] --- WarpContext[38f4a040] Monitor=00010001
05.06.2019 11:09:20.245 [00000534] --- D3DXWrapper trying d3dx11_43.dll
05.06.2019 11:09:20.245 [00000534] --- D3DXWrapper d3dx11_43.dll loaded
05.06.2019 11:09:20.245 [00000534] --- WarpContext[38f4a040] D3DCompiler_47.DLL loaded directly
05.06.2019 11:09:20.245 [00000534] --- SCISSORS 1
05.06.2019 11:09:20.246 [00000534] --- ANISOTROPIC 4
05.06.2019 11:09:20.525 [00000534] --- WarpContext 38f4a040 T(3840x1200) O(3840x1200) enableRotation=0 rotateDegrees=0
05.06.2019 11:09:20.555 [00000534] --- WarpContext[38f4a040] CreateAllWarpingResources S=1 R=85 Warping=1
05.06.2019 11:09:20.555 [00000534] --- Cursor warping SSC=d85448e0
05.06.2019 11:09:20.555 [00000534] ### Cursor clear cache CC[0]
05.06.2019 11:09:20.556 [00000534] ### Present[38f4a040] S
05.06.2019 11:09:20.556 [00000534] ### Present[38f4a040] uSOPSAS
05.06.2019 11:09:20.556 [00000534] ### Present[38f4a040] uSNPSAS
05.06.2019 11:09:20.556 [00000534] ### Present[38f4a040] CR
05.06.2019 11:09:20.556 [00000534] ### Present[38f4a040] OMSRT
05.06.2019 11:09:20.557 [00000534] ### Present[38f4a040] uDC
05.06.2019 11:09:20.557 [00000534] ### Present[38f4a040] OMSRT
05.06.2019 11:09:20.561 [00000534] ### Present[38f4a040] uRBT
05.06.2019 11:09:20.561 [00000534] ### Present[38f4a040] OMSRT
05.06.2019 11:09:20.561 [00000534] ### Present[38f4a040] uDG
05.06.2019 11:09:20.562 [00000534] ### Present[38f4a040] uROPSAS
05.06.2019 11:09:20.562 [00000534] ### Present[38f4a040] E
05.06.2019 11:09:24.896 [00000534] --- BaseDWMWarpContext[38f4a040] CC changed LCC 5 != CC 7
05.06.2019 11:09:24.896 [00000534] --- DestroyWarp
05.06.2019 11:09:24.896 [00000534] --- WarpContext[38f4a040] ReleaseAllWarpingResources R=-85
05.06.2019 11:09:24.896 [00000534] --- WarpContext[38f4a040] Monitor=00010001
05.06.2019 11:09:24.896 [00000534] --- WarpContext[38f4a040] D3DCompiler_47.DLL loaded directly
05.06.2019 11:09:24.896 [00000534] --- SCISSORS 1
05.06.2019 11:09:24.896 [00000534] --- ANISOTROPIC 4
05.06.2019 11:09:25.163 [00000534] --- WarpContext 38f4a040 T(3840x1200) O(3840x1200) enableRotation=0 rotateDegrees=0
05.06.2019 11:09:25.166 [00000534] --- WarpContext[38f4a040] CreateAllWarpingResources S=1 R=85 Warping=1
05.06.2019 11:09:25.166 [00000534] ### Cursor clear cache CC[2]
05.06.2019 11:09:25.166 [00000534] ### Present[38f4a040] S
05.06.2019 11:09:25.166 [00000534] ### Present[38f4a040] uSOPSAS
05.06.2019 11:09:25.166 [00000534] ### Present[38f4a040] uSNPSAS
05.06.2019 11:09:25.166 [00000534] ### Present[38f4a040] CR
05.06.2019 11:09:25.166 [00000534] ### Present[38f4a040] OMSRT
05.06.2019 11:09:25.167 [00000534] ### Present[38f4a040] uDC
05.06.2019 11:09:25.167 [00000534] ### Present[38f4a040] OMSRT
05.06.2019 11:09:25.168 [00000534] ### Present[38f4a040] uRBT
05.06.2019 11:09:25.168 [00000534] ### Present[38f4a040] OMSRT
05.06.2019 11:09:25.168 [00000534] ### Present[38f4a040] uDG
05.06.2019 11:09:25.168 [00000534] ### Present[38f4a040] uROPSAS
05.06.2019 11:09:25.168 [00000534] ### Present[38f4a040] E
05.06.2019 11:09:26.797 [00000534] --- BaseDWMWarpContext[38f4a040] CC changed LCC 7 != CC 9
05.06.2019 11:09:26.797 [00000534] --- DestroyWarp
05.06.2019 11:09:26.797 [00000534] --- WarpContext[38f4a040] ReleaseAllWarpingResources R=-85
05.06.2019 11:09:26.797 [00000534] --- WarpContext[38f4a040] Monitor=00010001
05.06.2019 11:09:26.797 [00000534] --- WarpContext[38f4a040] D3DCompiler_47.DLL loaded directly
05.06.2019 11:09:26.797 [00000534] --- SCISSORS 1
05.06.2019 11:09:26.797 [00000534] --- ANISOTROPIC 4
05.06.2019 11:09:27.065 [00000534] --- WarpContext 38f4a040 T(3840x1200) O(3840x1200) enableRotation=0 rotateDegrees=0
05.06.2019 11:09:27.068 [00000534] --- WarpContext[38f4a040] CreateAllWarpingResources S=1 R=85 Warping=1
05.06.2019 11:09:27.068 [00000534] ### Cursor clear cache CC[2]
05.06.2019 11:09:27.068 [00000534] ### Present[38f4a040] S
05.06.2019 11:09:27.068 [00000534] ### Present[38f4a040] uSOPSAS
05.06.2019 11:09:27.068 [00000534] ### Present[38f4a040] uSNPSAS
05.06.2019 11:09:27.068 [00000534] ### Present[38f4a040] CR
05.06.2019 11:09:27.068 [00000534] ### Present[38f4a040] OMSRT
05.06.2019 11:09:27.069 [00000534] ### Present[38f4a040] uDC
05.06.2019 11:09:27.069 [00000534] ### Present[38f4a040] OMSRT
05.06.2019 11:09:27.069 [00000534] ### Present[38f4a040] uRBT
05.06.2019 11:09:27.069 [00000534] ### Present[38f4a040] OMSRT
05.06.2019 11:09:27.069 [00000534] ### Present[38f4a040] uDG
05.06.2019 11:09:27.069 [00000534] ### Present[38f4a040] uROPSAS
05.06.2019 11:09:27.069 [00000534] ### Present[38f4a040] E
05.06.2019 11:09:35.242 [00000534] --- GMOC[2e891758] DONE
