04.06.2019 21:20:58.732 [00002564] ??? OSM handle == NULL error=2
04.06.2019 21:20:58.732 [00002564] ^^^ SC trying session1
--- [2]
04.06.2019 21:20:58.733 [00002564] --- App --- Immersive Display PRO v3.0.5 (01.01.2019)
04.06.2019 21:20:58.733 [00002564] --- OS 6:2 Microsoft Windows 8 Professional (build 9200), 64-bit 7(0) 8(1) 8.1(0) 10(0)
04.06.2019 21:20:58.733 [00002564] --- Process32 C:\Program Files (x86)\Google\Update\GoogleUpdate.exe
04.06.2019 21:20:58.733 [00002564] --- CmdLine ["C:\Program Files (x86)\Google\Update\GoogleUpdate.exe" /svc]
04.06.2019 21:20:58.733 [00002564] --- Enumerating displays ...
04.06.2019 21:20:58.733 [00002564] --- SM_CMONITORS         = 1
04.06.2019 21:20:58.733 [00002564] --- SM_SAMEDISPLAYFORMAT = 1
04.06.2019 21:20:58.733 [00002564] --- SM_XVIRTUALSCREEN    = 0
04.06.2019 21:20:58.733 [00002564] --- SM_YVIRTUALSCREEN    = 0
04.06.2019 21:20:58.733 [00002564] --- SM_CXVIRTUALSCREEN   = 1024
04.06.2019 21:20:58.733 [00002564] --- SM_CYVIRTUALSCREEN   = 768
04.06.2019 21:20:58.733 [00002564] --- SM_CXCURSOR          = 32
04.06.2019 21:20:58.733 [00002564] ??? No displays enumerated. Retry later
04.06.2019 21:20:58.733 [00002564] --- hookD3D9
04.06.2019 21:20:58.734 [00002564] --- DirectX9 dll=02190000
04.06.2019 21:20:58.776 [00002564] --- DirectX9 API detected
04.06.2019 21:20:58.776 [00002564] --- DirectX9Ex API detected
04.06.2019 21:20:58.776 [00002564] --- i1: InterfaceProc1
04.06.2019 21:20:58.777 [00002564] --- DXGI dll=72680000
04.06.2019 21:20:58.798 [00002564] --- DirectX DXGI API CreateDXGIFactory detected 1
04.06.2019 21:20:58.819 [00002564] --- DirectX DXGI API CreateDXGIFactory1 detected 1
04.06.2019 21:20:58.840 [00002564] --- DirectX DXGI API CreateDXGIFactory2 detected 1
04.06.2019 21:20:58.840 [00002564] --- DirectX DXGI API detected
04.06.2019 21:20:58.840 [00002564] --- DirectX D3D12 API detected hd3d12=723f0000
04.06.2019 21:20:58.861 [00002564] --- DirectX D3D12 API detected 1
04.06.2019 21:20:58.861 [00002564] --- hookOpenGL
04.06.2019 21:20:59.037 [00002564] --- OpenGL API detected
04.06.2019 21:20:59.143 [00002564] --- PROCESS DETACH
