04.06.2019 21:56:14.638 [00001ecc] ??? OSM handle == NULL error=2
04.06.2019 21:56:14.638 [00001ecc] ^^^ SC trying session1
--- [2]
04.06.2019 21:56:14.638 [00001ecc] --- App --- Immersive Display PRO v3.0.5 (01.01.2019)
04.06.2019 21:56:14.638 [00001ecc] --- OS 6:2 Microsoft Windows 8 Professional (build 9200), 64-bit 7(0) 8(1) 8.1(0) 10(0)
04.06.2019 21:56:14.638 [00001ecc] --- Process32 C:\Program Files (x86)\Intel\Intel(R) Management Engine Components\LMS\LMS.exe
04.06.2019 21:56:14.638 [00001ecc] --- CmdLine ["C:\Program Files (x86)\Intel\Intel(R) Management Engine Components\LMS\LMS.exe"]
04.06.2019 21:56:14.638 [00001ecc] --- Enumerating displays ...
04.06.2019 21:56:14.638 [00001ecc] --- SM_CMONITORS         = 1
04.06.2019 21:56:14.638 [00001ecc] --- SM_SAMEDISPLAYFORMAT = 1
04.06.2019 21:56:14.638 [00001ecc] --- SM_XVIRTUALSCREEN    = 0
04.06.2019 21:56:14.638 [00001ecc] --- SM_YVIRTUALSCREEN    = 0
04.06.2019 21:56:14.638 [00001ecc] --- SM_CXVIRTUALSCREEN   = 1024
04.06.2019 21:56:14.638 [00001ecc] --- SM_CYVIRTUALSCREEN   = 768
04.06.2019 21:56:14.638 [00001ecc] --- SM_CXCURSOR          = 32
04.06.2019 21:56:14.638 [00001ecc] ??? No displays enumerated. Retry later
04.06.2019 21:56:14.638 [00001ecc] --- hookD3D9
04.06.2019 21:56:14.639 [00001ecc] --- DirectX9 dll=717f0000
04.06.2019 21:56:14.682 [00001ecc] --- DirectX9 API detected
04.06.2019 21:56:14.682 [00001ecc] --- DirectX9Ex API detected
04.06.2019 21:56:14.682 [00001ecc] --- i1: InterfaceProc1
04.06.2019 21:56:14.682 [00001ecc] --- DXGI dll=72790000
04.06.2019 21:56:14.703 [00001ecc] --- DirectX DXGI API CreateDXGIFactory detected 1
04.06.2019 21:56:14.724 [00001ecc] --- DirectX DXGI API CreateDXGIFactory1 detected 1
04.06.2019 21:56:14.744 [00001ecc] --- DirectX DXGI API CreateDXGIFactory2 detected 1
04.06.2019 21:56:14.744 [00001ecc] --- DirectX DXGI API detected
04.06.2019 21:56:14.745 [00001ecc] --- DirectX D3D12 API detected hd3d12=72590000
04.06.2019 21:56:14.763 [00001ecc] --- DirectX D3D12 API detected 1
04.06.2019 21:56:14.763 [00001ecc] --- hookOpenGL
04.06.2019 21:56:14.907 [00001ecc] --- OpenGL API detected
05.06.2019 10:41:25.444 [00001ecc] --- PROCESS DETACH
