05.06.2019 11:31:38.057 [000020ec] ??? OSM handle == NULL error=2
05.06.2019 11:31:38.057 [000020ec] ^^^ SC trying session1
--- [2]
05.06.2019 11:31:38.057 [000020ec] --- App --- Immersive Display PRO v3.0.5 (01.01.2019)
05.06.2019 11:31:38.057 [000020ec] --- OS 6:2 Microsoft Windows 8 Professional (build 9200), 64-bit 7(0) 8(1) 8.1(0) 10(0)
05.06.2019 11:31:38.057 [000020ec] --- Process32 C:\Program Files (x86)\Google\Update\1.3.34.11\GoogleCrashHandler.exe
05.06.2019 11:31:38.057 [000020ec] --- CmdLine ["C:\Program Files (x86)\Google\Update\1.3.34.11\GoogleCrashHandler.exe"]
05.06.2019 11:31:38.057 [000020ec] --- Enumerating displays ...
05.06.2019 11:31:38.057 [000020ec] --- SM_CMONITORS         = 1
05.06.2019 11:31:38.057 [000020ec] --- SM_SAMEDISPLAYFORMAT = 1
05.06.2019 11:31:38.057 [000020ec] --- SM_XVIRTUALSCREEN    = 0
05.06.2019 11:31:38.057 [000020ec] --- SM_YVIRTUALSCREEN    = 0
05.06.2019 11:31:38.057 [000020ec] --- SM_CXVIRTUALSCREEN   = 1024
05.06.2019 11:31:38.057 [000020ec] --- SM_CYVIRTUALSCREEN   = 768
05.06.2019 11:31:38.057 [000020ec] --- SM_CXCURSOR          = 32
05.06.2019 11:31:38.057 [000020ec] ??? No displays enumerated. Retry later
05.06.2019 11:31:38.057 [000020ec] --- hookD3D9
05.06.2019 11:31:38.057 [000020ec] --- DirectX9 dll=02470000
05.06.2019 11:31:38.104 [000020ec] --- DirectX9 API detected
05.06.2019 11:31:38.104 [000020ec] --- DirectX9Ex API detected
05.06.2019 11:31:38.104 [000020ec] --- i1: InterfaceProc1
05.06.2019 11:31:38.104 [000020ec] --- DXGI dll=72830000
05.06.2019 11:31:38.119 [000020ec] --- DirectX DXGI API CreateDXGIFactory detected 1
05.06.2019 11:31:38.135 [000020ec] --- DirectX DXGI API CreateDXGIFactory1 detected 1
05.06.2019 11:31:38.166 [000020ec] --- DirectX DXGI API CreateDXGIFactory2 detected 1
05.06.2019 11:31:38.166 [000020ec] --- DirectX DXGI API detected
05.06.2019 11:31:38.166 [000020ec] --- DirectX D3D12 API detected hd3d12=72610000
05.06.2019 11:31:38.182 [000020ec] --- DirectX D3D12 API detected 1
05.06.2019 11:31:38.182 [000020ec] --- hookOpenGL
05.06.2019 11:31:38.338 [000020ec] --- OpenGL API detected
05.06.2019 11:31:38.416 [000020ec] --- PROCESS DETACH
