04.06.2019 21:54:36.187 [00001da0] --- App --- Immersive Display PRO v3.0.5 (01.01.2019)
04.06.2019 21:54:36.202 [00001da0] --- OS 6:2 Microsoft Windows 8 Professional (build 9200), 64-bit 7(0) 8(1) 8.1(0) 10(0)
04.06.2019 21:54:36.202 [00001da0] --- Process64 C:\WINDOWS\system32\dwm.exe
04.06.2019 21:54:36.202 [00001da0] --- CmdLine ["dwm.exe"]
04.06.2019 21:54:36.202 [00001da0] --- Enumerating displays ...
04.06.2019 21:54:36.202 [00001da0] --- Device N[\\.\DISPLAY1] S[Radeon RX 580 Series] M[Generic PnP Monitor] F[desktop primary ]
04.06.2019 21:54:36.202 [00001da0] --- Device N[\\.\DISPLAY2] S[Radeon RX 580 Series] M[] F[]
04.06.2019 21:54:36.202 [00001da0] --- Device N[\\.\DISPLAY3] S[Radeon RX 580 Series] M[] F[]
04.06.2019 21:54:36.202 [00001da0] --- Device N[\\.\DISPLAY4] S[Radeon RX 580 Series] M[] F[]
04.06.2019 21:54:36.202 [00001da0] --- Device N[\\.\DISPLAY5] S[Radeon RX 580 Series] M[] F[]
04.06.2019 21:54:36.202 [00001da0] --- Device N[\\.\DISPLAY6] S[Radeon RX 580 Series] M[] F[]
04.06.2019 21:54:36.202 [00001da0] --- Device N[\\.\DISPLAY7] S[Radeon RX 580 Series] M[] F[]
04.06.2019 21:54:36.202 [00001da0] --- Device N[\\.\DISPLAY8] S[Radeon RX 580 Series] M[] F[]
04.06.2019 21:54:36.202 [00001da0] --- SM_CMONITORS         = 1
04.06.2019 21:54:36.202 [00001da0] --- SM_SAMEDISPLAYFORMAT = 1
04.06.2019 21:54:36.202 [00001da0] --- SM_XVIRTUALSCREEN    = 0
04.06.2019 21:54:36.202 [00001da0] --- SM_YVIRTUALSCREEN    = 0
04.06.2019 21:54:36.202 [00001da0] --- SM_CXVIRTUALSCREEN   = 3840
04.06.2019 21:54:36.202 [00001da0] --- SM_CYVIRTUALSCREEN   = 1200
04.06.2019 21:54:36.202 [00001da0] --- SM_CXCURSOR          = 32
04.06.2019 21:54:36.202 [00001da0] --- [\\.\DISPLAY1] [Radeon RX 580 Series] [MONITOR\ADVEF2D\{4d36e96e-e325-11ce-bfc1-08002be10318}\0017] [Generic PnP Monitor]
04.06.2019 21:54:36.202 [00001da0] --- Enumerated 1 displays
04.06.2019 21:54:36.202 [00001da0] --- Displays initialized
04.06.2019 21:54:36.202 [00001da0] --- Displays[0] M[00010001] HDC[29010c95] GDC[2f0106f5] L=0 T=0 R=3840 B=1200 RECT[0,0 3840x1200] N[\\.\DISPLAY1] M[Generic PnP Monitor] F[1] PROJ[2x1] MAPS[2]
04.06.2019 21:54:36.202 [00001da0] ---    Grouping G[0] N[0] GD[]
04.06.2019 21:54:36.202 [00001da0] --- ---
04.06.2019 21:54:36.202 [00001da0] --- hookD3D9
04.06.2019 21:54:36.202 [00001da0] --- DirectX9 dll=d6de0000
04.06.2019 21:54:36.249 [00001da0] --- DirectX9 API detected
04.06.2019 21:54:36.249 [00001da0] --- DirectX9Ex API detected
04.06.2019 21:54:36.249 [00001da0] --- i1: InterfaceProc1
04.06.2019 21:54:36.249 [00001da0] --- interfaceFunc1 [\\.\DISPLAY1] totalMaps=2
04.06.2019 21:54:36.249 [00001da0] --- DXGI dll=05830000
04.06.2019 21:54:36.280 [00001da0] --- DirectX DXGI API CreateDXGIFactory detected 1
04.06.2019 21:54:36.296 [00001da0] --- DirectX DXGI API CreateDXGIFactory1 detected 1
04.06.2019 21:54:36.327 [00001da0] --- DirectX DXGI API CreateDXGIFactory2 detected 1
04.06.2019 21:54:36.327 [00001da0] --- DirectX DXGI API detected
04.06.2019 21:54:36.358 [00001da0] --- DirectX D3D11 API detected 1
04.06.2019 21:54:36.358 [00001da0] --- DirectX D3D12 API detected hd3d12=ff080000
04.06.2019 21:54:36.374 [00001da0] --- DirectX D3D12 API detected 1
04.06.2019 21:54:36.374 [00001da0] --- hookOpenGL
04.06.2019 21:54:36.562 [00001da0] --- OpenGL API detected
04.06.2019 21:54:36.687 [000020c4] --- D3D11CreateDevice ADAPTER NULL
04.06.2019 21:54:36.687 [000020cc] --- D3D11CreateDevice ADAPTER Description=Radeon RX 580 Series
04.06.2019 21:54:36.687 [000020cc] --- Device FeatureLevels[0]=0000a100
04.06.2019 21:54:36.687 [000020c4] --- Device FeatureLevel -> 0000b000
04.06.2019 21:54:36.702 [000020cc] --- D3D11CreateDevice ADAPTER Description=Radeon RX 580 Series
04.06.2019 21:54:36.702 [000020cc] --- Device FeatureLevels[0]=0000c100
04.06.2019 21:54:36.702 [000020cc] --- Device FeatureLevels[1]=0000c000
04.06.2019 21:54:36.702 [000020cc] --- Device FeatureLevels[2]=0000b100
04.06.2019 21:54:36.702 [000020cc] --- Device FeatureLevels[3]=0000b000
04.06.2019 21:54:36.702 [000020cc] --- Device FeatureLevels[4]=0000a100
04.06.2019 21:54:36.702 [000020cc] --- Device FeatureLevels[5]=0000a000
04.06.2019 21:54:36.702 [000020cc] --- Device FeatureLevels[6]=00009300
04.06.2019 21:54:36.702 [000020cc] --- Device FeatureLevels[7]=00009200
04.06.2019 21:54:36.702 [000020cc] --- Device FeatureLevels[8]=00009100
04.06.2019 21:54:36.702 [000020cc] --- Device FeatureLevel -> 0000c000
04.06.2019 21:54:36.874 [000020cc] --- Win10SC_[01] Created
04.06.2019 21:54:36.874 [000020cc] --- shim Winmm hLib=04c40000
04.06.2019 21:54:36.874 [000020cc] --- shim Winmm 04c46050, 04c45f10, 04c41060, 04c41040
04.06.2019 21:54:36.890 [000020cc] --- WarpContext 6d1d9040 Output=62214ba0 DeviceName=\\.\DISPLAY1 DesktopCoordinates(0,0 3840x1200) AttachedToDesktop=1 Rotation=1 (0)
04.06.2019 21:54:36.890 [000020cc] --- WarpContext 6d1d9040 count 1
04.06.2019 21:54:36.890 [000020cc] --- GMOC[6b561618] DONE
04.06.2019 21:54:36.890 [000020cc] --- WarpContext[6d1d9040] Monitor=00010001
04.06.2019 21:54:36.890 [000020cc] --- D3DXWrapper trying d3dx11_43.dll
04.06.2019 21:54:36.890 [000020cc] --- D3DXWrapper d3dx11_43.dll loaded
04.06.2019 21:54:36.890 [000020cc] --- WarpContext[6d1d9040] D3DCompiler_47.DLL loaded directly
04.06.2019 21:54:36.890 [000020cc] --- SCISSORS 1
04.06.2019 21:54:36.890 [000020cc] --- ANISOTROPIC 4
04.06.2019 21:54:37.171 [000020cc] --- WarpContext 6d1d9040 T(3840x1200) O(3840x1200) enableRotation=0 rotateDegrees=0
04.06.2019 21:54:37.202 [000020cc] --- WarpContext[6d1d9040] CreateAllWarpingResources S=1 R=85 Warping=1
04.06.2019 21:54:37.202 [000020cc] --- Cursor warping SSC=0a6848e0
04.06.2019 21:54:37.202 [000020cc] ### Cursor clear cache CC[0]
04.06.2019 21:54:37.202 [000020cc] ### Present[6d1d9040] S
04.06.2019 21:54:37.204 [000020cc] ### Present[6d1d9040] uSOPSAS
04.06.2019 21:54:37.204 [000020cc] ### Present[6d1d9040] uSNPSAS
04.06.2019 21:54:37.204 [000020cc] ### Present[6d1d9040] CR
04.06.2019 21:54:37.204 [000020cc] ### Present[6d1d9040] OMSRT
04.06.2019 21:54:37.204 [000020cc] ### Present[6d1d9040] uDC
04.06.2019 21:54:37.204 [000020cc] ### Present[6d1d9040] OMSRT
04.06.2019 21:54:37.208 [000020cc] ### Present[6d1d9040] uRBT
04.06.2019 21:54:37.208 [000020cc] ### Present[6d1d9040] OMSRT
04.06.2019 21:54:37.208 [000020cc] ### Present[6d1d9040] uDG
04.06.2019 21:54:37.208 [000020cc] ### Present[6d1d9040] uROPSAS
04.06.2019 21:54:37.208 [000020cc] ### Present[6d1d9040] E
05.06.2019 10:41:18.230 [000020cc] --- GMOC[6b561618] DONE
