05.06.2019 11:58:02.396 [00002b14] --- App --- Immersive Display PRO v3.0.5 (01.01.2019)
05.06.2019 11:58:02.396 [00002b14] --- OS 6:2 Microsoft Windows 8 Professional (build 9200), 64-bit 7(0) 8(1) 8.1(0) 10(0)
05.06.2019 11:58:02.396 [00002b14] --- Process64 C:\Users\own\scoop\apps\git\2.21.0.windows.1\mingw64\libexec\git-core\git.exe
05.06.2019 11:58:02.396 [00002b14] --- CmdLine [git pack-objects --all-progress-implied --revs --stdout --thin --delta-base-offset --progress]
05.06.2019 11:58:02.396 [00002b14] --- Enumerating displays ...
05.06.2019 11:58:02.396 [00002b14] --- Device N[\\.\DISPLAY1] S[Radeon RX 580 Series] M[Generic PnP Monitor] F[desktop primary ]
05.06.2019 11:58:02.398 [00002b14] --- Device N[\\.\DISPLAY2] S[Radeon RX 580 Series] M[] F[]
05.06.2019 11:58:02.398 [00002b14] --- Device N[\\.\DISPLAY3] S[Radeon RX 580 Series] M[] F[]
05.06.2019 11:58:02.399 [00002b14] --- Device N[\\.\DISPLAY4] S[Radeon RX 580 Series] M[] F[]
05.06.2019 11:58:02.400 [00002b14] --- Device N[\\.\DISPLAY5] S[Radeon RX 580 Series] M[] F[]
05.06.2019 11:58:02.400 [00002b14] --- Device N[\\.\DISPLAY6] S[Radeon RX 580 Series] M[] F[]
05.06.2019 11:58:02.401 [00002b14] --- Device N[\\.\DISPLAY7] S[Radeon RX 580 Series] M[] F[]
05.06.2019 11:58:02.401 [00002b14] --- Device N[\\.\DISPLAY8] S[Radeon RX 580 Series] M[] F[]
05.06.2019 11:58:02.401 [00002b14] --- SM_CMONITORS         = 1
05.06.2019 11:58:02.401 [00002b14] --- SM_SAMEDISPLAYFORMAT = 1
05.06.2019 11:58:02.401 [00002b14] --- SM_XVIRTUALSCREEN    = 0
05.06.2019 11:58:02.401 [00002b14] --- SM_YVIRTUALSCREEN    = 0
05.06.2019 11:58:02.401 [00002b14] --- SM_CXVIRTUALSCREEN   = 3840
05.06.2019 11:58:02.401 [00002b14] --- SM_CYVIRTUALSCREEN   = 1200
05.06.2019 11:58:02.401 [00002b14] --- SM_CXCURSOR          = 32
05.06.2019 11:58:02.403 [00002b14] --- [\\.\DISPLAY1] [Radeon RX 580 Series] [MONITOR\ADVEF2D\{4d36e96e-e325-11ce-bfc1-08002be10318}\0017] [Generic PnP Monitor]
05.06.2019 11:58:02.403 [00002b14] --- Enumerated 1 displays
05.06.2019 11:58:02.403 [00002b14] --- Displays initialized
05.06.2019 11:58:02.403 [00002b14] --- Displays[0] M[00010001] HDC[14011244] GDC[63010d35] L=0 T=0 R=3840 B=1200 RECT[0,0 3840x1200] N[\\.\DISPLAY1] M[Generic PnP Monitor] F[1] PROJ[2x1] MAPS[2]
05.06.2019 11:58:02.403 [00002b14] ---    Grouping G[0] N[0] GD[]
05.06.2019 11:58:02.403 [00002b14] --- ---
05.06.2019 11:58:02.403 [00002b14] --- hookD3D9
05.06.2019 11:58:02.404 [00002b14] --- DirectX9 dll=670a0000
05.06.2019 11:58:02.463 [00002b14] --- DirectX9 API detected
05.06.2019 11:58:02.463 [00002b14] --- DirectX9Ex API detected
05.06.2019 11:58:02.463 [00002b14] --- i1: InterfaceProc1
05.06.2019 11:58:02.463 [00002b14] --- interfaceFunc1 [\\.\DISPLAY1] totalMaps=2
05.06.2019 11:58:02.464 [00002b14] --- DXGI dll=95b60000
05.06.2019 11:58:02.493 [00002b14] --- DirectX DXGI API CreateDXGIFactory detected 1
05.06.2019 11:58:02.530 [00002b14] --- DirectX DXGI API CreateDXGIFactory1 detected 1
05.06.2019 11:58:02.560 [00002b14] --- DirectX DXGI API CreateDXGIFactory2 detected 1
05.06.2019 11:58:02.560 [00002b14] --- DirectX DXGI API detected
05.06.2019 11:58:02.560 [00002b14] --- DirectX D3D12 API detected hd3d12=8f360000
05.06.2019 11:58:02.590 [00002b14] --- DirectX D3D12 API detected 1
05.06.2019 11:58:02.590 [00002b14] --- hookOpenGL
05.06.2019 11:58:02.794 [00002b14] --- OpenGL API detected
05.06.2019 11:58:02.861 [00002b14] --- PROCESS DETACH
