05.06.2019 10:42:14.277 [00001f24] --- App --- Immersive Display PRO v3.0.5 (01.01.2019)
05.06.2019 10:42:14.277 [00001f24] --- OS 6:2 Microsoft Windows 8 Professional (build 9200), 64-bit 7(0) 8(1) 8.1(0) 10(0)
05.06.2019 10:42:14.277 [00001f24] --- Process64 C:\Users\own\scoop\apps\git\2.21.0.windows.1\mingw64\libexec\git-core\git.exe
05.06.2019 10:42:14.277 [00001f24] --- CmdLine [git remote-https origin https://github.com/amoujhang/boch-wall.git]
05.06.2019 10:42:14.277 [00001f24] --- Enumerating displays ...
05.06.2019 10:42:14.277 [00001f24] --- Device N[\\.\DISPLAY1] S[Radeon RX 580 Series] M[Generic PnP Monitor] F[desktop primary ]
05.06.2019 10:42:14.277 [00001f24] --- Device N[\\.\DISPLAY2] S[Radeon RX 580 Series] M[] F[]
05.06.2019 10:42:14.277 [00001f24] --- Device N[\\.\DISPLAY3] S[Radeon RX 580 Series] M[] F[]
05.06.2019 10:42:14.277 [00001f24] --- Device N[\\.\DISPLAY4] S[Radeon RX 580 Series] M[] F[]
05.06.2019 10:42:14.293 [00001f24] --- Device N[\\.\DISPLAY5] S[Radeon RX 580 Series] M[] F[]
05.06.2019 10:42:14.293 [00001f24] --- Device N[\\.\DISPLAY6] S[Radeon RX 580 Series] M[] F[]
05.06.2019 10:42:14.293 [00001f24] --- Device N[\\.\DISPLAY7] S[Radeon RX 580 Series] M[] F[]
05.06.2019 10:42:14.293 [00001f24] --- Device N[\\.\DISPLAY8] S[Radeon RX 580 Series] M[] F[]
05.06.2019 10:42:14.293 [00001f24] --- SM_CMONITORS         = 1
05.06.2019 10:42:14.293 [00001f24] --- SM_SAMEDISPLAYFORMAT = 1
05.06.2019 10:42:14.293 [00001f24] --- SM_XVIRTUALSCREEN    = 0
05.06.2019 10:42:14.293 [00001f24] --- SM_YVIRTUALSCREEN    = 0
05.06.2019 10:42:14.293 [00001f24] --- SM_CXVIRTUALSCREEN   = 3840
05.06.2019 10:42:14.293 [00001f24] --- SM_CYVIRTUALSCREEN   = 1200
05.06.2019 10:42:14.293 [00001f24] --- SM_CXCURSOR          = 32
05.06.2019 10:42:14.293 [00001f24] --- [\\.\DISPLAY1] [Radeon RX 580 Series] [MONITOR\ADVEF2D\{4d36e96e-e325-11ce-bfc1-08002be10318}\0017] [Generic PnP Monitor]
05.06.2019 10:42:14.293 [00001f24] --- Enumerated 1 displays
05.06.2019 10:42:14.293 [00001f24] --- Displays initialized
05.06.2019 10:42:14.293 [00001f24] --- Displays[0] M[00010001] HDC[0b010cb6] GDC[06010cb0] L=0 T=0 R=3840 B=1200 RECT[0,0 3840x1200] N[\\.\DISPLAY1] M[Generic PnP Monitor] F[1] PROJ[2x1] MAPS[2]
05.06.2019 10:42:14.293 [00001f24] ---    Grouping G[0] N[0] GD[]
05.06.2019 10:42:14.293 [00001f24] --- ---
05.06.2019 10:42:14.293 [00001f24] --- hookD3D9
05.06.2019 10:42:14.293 [00001f24] --- DirectX9 dll=328d0000
05.06.2019 10:42:14.339 [00001f24] --- DirectX9 API detected
05.06.2019 10:42:14.339 [00001f24] --- DirectX9Ex API detected
05.06.2019 10:42:14.339 [00001f24] --- i1: InterfaceProc1
05.06.2019 10:42:14.339 [00001f24] --- interfaceFunc1 [\\.\DISPLAY1] totalMaps=2
05.06.2019 10:42:14.339 [00001f24] --- DXGI dll=61320000
05.06.2019 10:42:14.355 [00001f24] --- DirectX DXGI API CreateDXGIFactory detected 1
05.06.2019 10:42:14.386 [00001f24] --- DirectX DXGI API CreateDXGIFactory1 detected 1
05.06.2019 10:42:14.402 [00001f24] --- DirectX DXGI API CreateDXGIFactory2 detected 1
05.06.2019 10:42:14.402 [00001f24] --- DirectX DXGI API detected
05.06.2019 10:42:14.402 [00001f24] --- DirectX D3D12 API detected hd3d12=5a9e0000
05.06.2019 10:42:14.433 [00001f24] --- DirectX D3D12 API detected 1
05.06.2019 10:42:14.433 [00001f24] --- hookOpenGL
05.06.2019 10:42:14.589 [00001f24] --- OpenGL API detected
05.06.2019 10:42:17.310 [00001f24] --- PROCESS DETACH
