04.06.2019 21:13:43.528 [00002f58] --- App --- Immersive Display PRO v3.0.5 (01.01.2019)
04.06.2019 21:13:43.528 [00002f58] --- OS 6:2 Microsoft Windows 8 Professional (build 9200), 64-bit 7(0) 8(1) 8.1(0) 10(0)
04.06.2019 21:13:43.528 [00002f58] --- Process64 C:\Program Files\AMD\CNext\CNext\cncmd.exe
04.06.2019 21:13:43.528 [00002f58] --- CmdLine ["C:\Program Files\AMD\CNext\CNext\cncmd.exe" exit]
04.06.2019 21:13:43.528 [00002f58] --- Enumerating displays ...
04.06.2019 21:13:43.528 [00002f58] --- Device N[\\.\DISPLAY1] S[Radeon RX 580 Series] M[Generic PnP Monitor] F[desktop primary ]
04.06.2019 21:13:43.529 [00002f58] --- Device N[\\.\DISPLAY2] S[Radeon RX 580 Series] M[] F[]
04.06.2019 21:13:43.530 [00002f58] --- Device N[\\.\DISPLAY3] S[Radeon RX 580 Series] M[] F[]
04.06.2019 21:13:43.530 [00002f58] --- Device N[\\.\DISPLAY4] S[Radeon RX 580 Series] M[] F[]
04.06.2019 21:13:43.531 [00002f58] --- Device N[\\.\DISPLAY5] S[Radeon RX 580 Series] M[] F[]
04.06.2019 21:13:43.531 [00002f58] --- Device N[\\.\DISPLAY6] S[Radeon RX 580 Series] M[] F[]
04.06.2019 21:13:43.532 [00002f58] --- Device N[\\.\DISPLAY7] S[Radeon RX 580 Series] M[] F[]
04.06.2019 21:13:43.532 [00002f58] --- Device N[\\.\DISPLAY8] S[Radeon RX 580 Series] M[] F[]
04.06.2019 21:13:43.532 [00002f58] --- SM_CMONITORS         = 1
04.06.2019 21:13:43.532 [00002f58] --- SM_SAMEDISPLAYFORMAT = 1
04.06.2019 21:13:43.532 [00002f58] --- SM_XVIRTUALSCREEN    = 0
04.06.2019 21:13:43.532 [00002f58] --- SM_YVIRTUALSCREEN    = 0
04.06.2019 21:13:43.532 [00002f58] --- SM_CXVIRTUALSCREEN   = 3840
04.06.2019 21:13:43.532 [00002f58] --- SM_CYVIRTUALSCREEN   = 1200
04.06.2019 21:13:43.532 [00002f58] --- SM_CXCURSOR          = 32
04.06.2019 21:13:43.534 [00002f58] --- [\\.\DISPLAY1] [Radeon RX 580 Series] [MONITOR\ADVEF2D\{4d36e96e-e325-11ce-bfc1-08002be10318}\0013] [Generic PnP Monitor]
04.06.2019 21:13:43.535 [00002f58] --- Enumerated 1 displays
04.06.2019 21:13:43.535 [00002f58] --- Displays initialized
04.06.2019 21:13:43.535 [00002f58] --- Displays[0] M[00010001] HDC[10010fe7] GDC[3a010ff6] L=0 T=0 R=3840 B=1200 RECT[0,0 3840x1200] N[\\.\DISPLAY1] M[Generic PnP Monitor] F[1] PROJ[2x1] MAPS[2]
04.06.2019 21:13:43.535 [00002f58] ---    Grouping G[0] N[0] GD[]
04.06.2019 21:13:43.535 [00002f58] --- ---
04.06.2019 21:13:43.536 [00002f58] --- hookD3D9
04.06.2019 21:13:43.536 [00002f58] --- DirectX9 dll=72ce0000
04.06.2019 21:13:43.568 [00002f58] --- DirectX9 API detected
04.06.2019 21:13:43.568 [00002f58] --- DirectX9Ex API detected
04.06.2019 21:13:43.568 [00002f58] --- i1: InterfaceProc1
04.06.2019 21:13:43.568 [00002f58] --- interfaceFunc1 [\\.\DISPLAY1] totalMaps=2
04.06.2019 21:13:43.569 [00002f58] --- DXGI dll=a1720000
04.06.2019 21:13:43.584 [00002f58] --- DirectX DXGI API CreateDXGIFactory detected 1
04.06.2019 21:13:43.600 [00002f58] --- DirectX DXGI API CreateDXGIFactory1 detected 1
04.06.2019 21:13:43.614 [00002f58] --- DirectX DXGI API CreateDXGIFactory2 detected 1
04.06.2019 21:13:43.614 [00002f58] --- DirectX DXGI API detected
04.06.2019 21:13:43.615 [00002f58] --- DirectX D3D12 API detected hd3d12=9a880000
04.06.2019 21:13:43.630 [00002f58] --- DirectX D3D12 API detected 1
04.06.2019 21:13:43.630 [00002f58] --- hookOpenGL
04.06.2019 21:13:43.740 [00002f58] --- OpenGL API detected
04.06.2019 21:13:43.791 [00002f58] --- PROCESS DETACH
