04.06.2019 20:08:08.088 [00002cc0] --- App --- Immersive Display PRO v3.0.5 (01.01.2019)
04.06.2019 20:08:08.088 [00002cc0] --- OS 6:2 Microsoft Windows 8 Professional (build 9200), 64-bit 7(0) 8(1) 8.1(0) 10(0)
04.06.2019 20:08:08.088 [00002cc0] --- Process64 C:\Program Files (x86)\Google\Chrome\Application\chrome.exe
04.06.2019 20:08:08.088 [00002cc0] --- CmdLine ["C:\Program Files (x86)\Google\Chrome\Application\chrome.exe" --type=ppapi-broker --field-trial-handle=1752,10673293439899096173,14079477339554071452,131072 --lang=zh-TW --device-scale-factor=1 --ppapi-antialiased-text-enabled=1 --ppapi-subpixel-rendering-se?]
04.06.2019 20:08:08.088 [00002cc0] --- Enumerating displays ...
04.06.2019 20:08:08.089 [00002cc0] --- Device N[\\.\DISPLAY1] S[Radeon RX 580 Series] M[Generic PnP Monitor] F[desktop primary ]
04.06.2019 20:08:08.089 [00002cc0] --- Device N[\\.\DISPLAY2] S[Radeon RX 580 Series] M[] F[]
04.06.2019 20:08:08.090 [00002cc0] --- Device N[\\.\DISPLAY3] S[Radeon RX 580 Series] M[] F[]
04.06.2019 20:08:08.091 [00002cc0] --- Device N[\\.\DISPLAY4] S[Radeon RX 580 Series] M[] F[]
04.06.2019 20:08:08.091 [00002cc0] --- Device N[\\.\DISPLAY5] S[Radeon RX 580 Series] M[] F[]
04.06.2019 20:08:08.092 [00002cc0] --- Device N[\\.\DISPLAY6] S[Radeon RX 580 Series] M[] F[]
04.06.2019 20:08:08.092 [00002cc0] --- Device N[\\.\DISPLAY7] S[Radeon RX 580 Series] M[] F[]
04.06.2019 20:08:08.093 [00002cc0] --- Device N[\\.\DISPLAY8] S[Radeon RX 580 Series] M[] F[]
04.06.2019 20:08:08.093 [00002cc0] --- SM_CMONITORS         = 1
04.06.2019 20:08:08.093 [00002cc0] --- SM_SAMEDISPLAYFORMAT = 1
04.06.2019 20:08:08.093 [00002cc0] --- SM_XVIRTUALSCREEN    = 0
04.06.2019 20:08:08.093 [00002cc0] --- SM_YVIRTUALSCREEN    = 0
04.06.2019 20:08:08.093 [00002cc0] --- SM_CXVIRTUALSCREEN   = 3840
04.06.2019 20:08:08.093 [00002cc0] --- SM_CYVIRTUALSCREEN   = 1200
04.06.2019 20:08:08.093 [00002cc0] --- SM_CXCURSOR          = 32
04.06.2019 20:08:08.095 [00002cc0] --- [\\.\DISPLAY1] [Radeon RX 580 Series] [MONITOR\ADVEF2D\{4d36e96e-e325-11ce-bfc1-08002be10318}\0013] [Generic PnP Monitor]
04.06.2019 20:08:08.096 [00002cc0] --- Enumerated 1 displays
04.06.2019 20:08:08.096 [00002cc0] --- Displays initialized
04.06.2019 20:08:08.096 [00002cc0] --- Displays[0] M[00010001] HDC[370112c5] GDC[5c010eb7] L=0 T=0 R=3840 B=1200 RECT[0,0 3840x1200] N[\\.\DISPLAY1] M[Generic PnP Monitor] F[1] PROJ[2x1] MAPS[2]
04.06.2019 20:08:08.096 [00002cc0] ---    Grouping G[0] N[0] GD[]
04.06.2019 20:08:08.096 [00002cc0] --- ---
04.06.2019 20:08:08.096 [00002cc0] --- i1:Executable chrome.exe is excluded DX9
04.06.2019 20:08:08.096 [00002cc0] --- DXGI dll=a1720000
04.06.2019 20:08:08.124 [00002cc0] --- DirectX DXGI API CreateDXGIFactory detected 1
04.06.2019 20:08:08.153 [00002cc0] --- DirectX DXGI API CreateDXGIFactory1 detected 1
04.06.2019 20:08:08.181 [00002cc0] --- DirectX DXGI API CreateDXGIFactory2 detected 1
04.06.2019 20:08:08.181 [00002cc0] --- DirectX DXGI API detected
04.06.2019 20:08:08.181 [00002cc0] --- DirectX D3D12 API detected hd3d12=9a880000
04.06.2019 20:08:08.208 [00002cc0] --- DirectX D3D12 API detected 1
04.06.2019 20:08:08.208 [00002cc0] --- i2: InterfaceProc1
04.06.2019 20:08:08.208 [00002cc0] --- interfaceFunc1 [\\.\DISPLAY1] totalMaps=2
04.06.2019 20:08:08.208 [00002cc0] --- i3:Executable chrome.exe is excluded OGL
