05.06.2019 11:15:31.038 [00001224] ??? OSM handle == NULL error=2
05.06.2019 11:15:31.038 [00001224] ^^^ SC trying session1
05.06.2019 11:15:31.038 [00001224] ??? OSM handle == NULL error=2
05.06.2019 11:15:31.038 [00001224] ^^^ SC trying session2
05.06.2019 11:15:31.038 [00001224] ??? OSM handle == NULL error=3
05.06.2019 11:15:31.038 [00001224] --- DXGI dll=72b20000
05.06.2019 11:15:31.069 [00001224] --- DirectX DXGI API CreateDXGIFactory detected 1
05.06.2019 11:15:31.085 [00001224] --- DirectX DXGI API CreateDXGIFactory1 detected 1
05.06.2019 11:15:31.101 [00001224] --- DirectX DXGI API CreateDXGIFactory2 detected 1
05.06.2019 11:15:31.101 [00001224] --- DirectX DXGI API detected
05.06.2019 11:15:31.101 [00001224] --- DirectX D3D12 API detected hd3d12=729b0000
05.06.2019 11:15:31.132 [00001224] --- DirectX D3D12 API detected 1
05.06.2019 11:15:31.132 [00001224] ??? OSM handle == NULL error=2
05.06.2019 11:15:31.132 [00001224] ^^^ SC trying session1
05.06.2019 11:15:31.132 [00001224] ??? OSM handle == NULL error=2
05.06.2019 11:15:31.132 [00001224] ^^^ SC trying session2
05.06.2019 11:15:31.132 [00001224] ??? OSM handle == NULL error=3
05.06.2019 11:15:31.132 [00001224] ??? OSM handle == NULL error=2
05.06.2019 11:15:31.132 [00001224] ^^^ SC trying session1
05.06.2019 11:15:31.132 [00001224] ??? OSM handle == NULL error=2
05.06.2019 11:15:31.132 [00001224] ^^^ SC trying session2
05.06.2019 11:15:31.132 [00001224] ??? OSM handle == NULL error=3
05.06.2019 11:15:31.975 [00001224] ??? OSM handle == NULL error=2
05.06.2019 11:15:31.975 [00001224] ^^^ SC trying session1
05.06.2019 11:15:31.975 [00001224] ??? OSM handle == NULL error=2
05.06.2019 11:15:31.975 [00001224] ^^^ SC trying session2
05.06.2019 11:15:31.975 [00001224] ??? OSM handle == NULL error=3
05.06.2019 11:15:32.007 [00001480] ??? OSM handle == NULL error=2
05.06.2019 11:15:32.007 [00001480] ^^^ SC trying session1
05.06.2019 11:15:32.007 [00001480] ??? OSM handle == NULL error=2
05.06.2019 11:15:32.007 [00001480] ^^^ SC trying session2
05.06.2019 11:15:32.007 [00001480] ??? OSM handle == NULL error=3
05.06.2019 11:15:32.038 [00001480] ??? OSM handle == NULL error=2
05.06.2019 11:15:32.038 [00001480] ^^^ SC trying session1
05.06.2019 11:15:32.038 [00001480] ??? OSM handle == NULL error=2
05.06.2019 11:15:32.038 [00001480] ^^^ SC trying session2
05.06.2019 11:15:32.038 [00001480] ??? OSM handle == NULL error=3
--- [37]
05.06.2019 11:15:52.518 [00001480] --- App --- Immersive Display PRO v3.0.5 (01.01.2019)
05.06.2019 11:15:52.518 [00001480] --- OS 6:2 Microsoft Windows 8 Professional (build 9200), 64-bit 7(0) 8(1) 8.1(0) 10(0)
05.06.2019 11:15:52.518 [00001480] --- Process32 C:\Program Files (x86)\TeamViewer\TeamViewer.exe
05.06.2019 11:15:52.518 [00001480] --- CmdLine ["C:\Program Files (x86)\TeamViewer\TeamViewer.exe"]
05.06.2019 11:15:52.518 [00001480] --- Enumerating displays ...
05.06.2019 11:15:52.518 [00001480] --- Device N[\\.\DISPLAY1] S[Radeon RX 580 Series] M[Generic PnP Monitor] F[desktop primary ]
05.06.2019 11:15:52.518 [00001480] --- Device N[\\.\DISPLAY2] S[Radeon RX 580 Series] M[] F[]
05.06.2019 11:15:52.518 [00001480] --- Device N[\\.\DISPLAY3] S[Radeon RX 580 Series] M[] F[]
05.06.2019 11:15:52.518 [00001480] --- Device N[\\.\DISPLAY4] S[Radeon RX 580 Series] M[] F[]
05.06.2019 11:15:52.518 [00001480] --- Device N[\\.\DISPLAY5] S[Radeon RX 580 Series] M[] F[]
05.06.2019 11:15:52.518 [00001480] --- Device N[\\.\DISPLAY6] S[Radeon RX 580 Series] M[] F[]
05.06.2019 11:15:52.518 [00001480] --- Device N[\\.\DISPLAY7] S[Radeon RX 580 Series] M[] F[]
05.06.2019 11:15:52.518 [00001480] --- Device N[\\.\DISPLAY8] S[Radeon RX 580 Series] M[] F[]
05.06.2019 11:15:52.518 [00001480] --- SM_CMONITORS         = 1
05.06.2019 11:15:52.518 [00001480] --- SM_SAMEDISPLAYFORMAT = 1
05.06.2019 11:15:52.518 [00001480] --- SM_XVIRTUALSCREEN    = 0
05.06.2019 11:15:52.518 [00001480] --- SM_YVIRTUALSCREEN    = 0
05.06.2019 11:15:52.518 [00001480] --- SM_CXVIRTUALSCREEN   = 3840
05.06.2019 11:15:52.518 [00001480] --- SM_CYVIRTUALSCREEN   = 1200
05.06.2019 11:15:52.518 [00001480] --- SM_CXCURSOR          = 32
05.06.2019 11:15:52.518 [00001480] --- [\\.\DISPLAY1] [Radeon RX 580 Series] [MONITOR\ADVEF2D\{4d36e96e-e325-11ce-bfc1-08002be10318}\0017] [Generic PnP Monitor]
05.06.2019 11:15:52.518 [00001480] --- Enumerated 1 displays
05.06.2019 11:15:52.518 [00001480] --- Displays initialized
05.06.2019 11:15:52.518 [00001480] --- Displays[0] M[00010001] HDC[1b010c8e] GDC[06010c96] L=0 T=0 R=3840 B=1200 RECT[0,0 3840x1200] N[\\.\DISPLAY1] M[Generic PnP Monitor] F[1] PROJ[2x1] MAPS[2]
05.06.2019 11:15:52.518 [00001480] ---    Grouping G[0] N[0] GD[]
05.06.2019 11:15:52.518 [00001480] --- ---
