04.06.2019 21:21:57.434 [00001744] ??? OSM handle == NULL error=2
04.06.2019 21:21:57.434 [00001744] ^^^ SC trying session1
--- [2]
04.06.2019 21:21:57.434 [00001744] --- App --- Immersive Display PRO v3.0.5 (01.01.2019)
04.06.2019 21:21:57.434 [00001744] --- OS 6:2 Microsoft Windows 8 Professional (build 9200), 64-bit 7(0) 8(1) 8.1(0) 10(0)
04.06.2019 21:21:57.434 [00001744] --- Process32 C:\Program Files\Intel\SUR\QUEENCREEK\Updater\bin\IntelSoftwareAssetManagerService.exe
04.06.2019 21:21:57.434 [00001744] --- CmdLine ["C:\Program Files\Intel\SUR\QUEENCREEK\Updater\bin\IntelSoftwareAssetManagerService.exe"]
04.06.2019 21:21:57.435 [00001744] --- Enumerating displays ...
04.06.2019 21:21:57.435 [00001744] --- SM_CMONITORS         = 1
04.06.2019 21:21:57.435 [00001744] --- SM_SAMEDISPLAYFORMAT = 1
04.06.2019 21:21:57.435 [00001744] --- SM_XVIRTUALSCREEN    = 0
04.06.2019 21:21:57.435 [00001744] --- SM_YVIRTUALSCREEN    = 0
04.06.2019 21:21:57.435 [00001744] --- SM_CXVIRTUALSCREEN   = 1024
04.06.2019 21:21:57.435 [00001744] --- SM_CYVIRTUALSCREEN   = 768
04.06.2019 21:21:57.435 [00001744] --- SM_CXCURSOR          = 32
04.06.2019 21:21:57.435 [00001744] ??? No displays enumerated. Retry later
04.06.2019 21:21:57.435 [00001744] --- hookD3D9
04.06.2019 21:21:57.436 [00001744] --- DirectX9 dll=01e00000
04.06.2019 21:21:57.479 [00001744] --- DirectX9 API detected
04.06.2019 21:21:57.479 [00001744] --- DirectX9Ex API detected
04.06.2019 21:21:57.479 [00001744] --- i1: InterfaceProc1
04.06.2019 21:21:57.479 [00001744] --- DXGI dll=72680000
04.06.2019 21:21:57.500 [00001744] --- DirectX DXGI API CreateDXGIFactory detected 1
04.06.2019 21:21:57.521 [00001744] --- DirectX DXGI API CreateDXGIFactory1 detected 1
04.06.2019 21:21:57.542 [00001744] --- DirectX DXGI API CreateDXGIFactory2 detected 1
04.06.2019 21:21:57.542 [00001744] --- DirectX DXGI API detected
04.06.2019 21:21:57.543 [00001744] --- DirectX D3D12 API detected hd3d12=723f0000
04.06.2019 21:21:57.564 [00001744] --- DirectX D3D12 API detected 1
04.06.2019 21:21:57.564 [00001744] --- hookOpenGL
04.06.2019 21:21:57.737 [00001744] --- OpenGL API detected
04.06.2019 21:22:28.984 [00001744] --- PROCESS DETACH
