05.06.2019 11:33:37.149 [000020f8] --- App --- Immersive Display PRO v3.0.5 (01.01.2019)
05.06.2019 11:33:37.149 [000020f8] --- OS 6:2 Microsoft Windows 8 Professional (build 9200), 64-bit 7(0) 8(1) 8.1(0) 10(0)
05.06.2019 11:33:37.149 [000020f8] --- Process64 C:\Program Files\Intel\SUR\QUEENCREEK\x64\esrv.exe
05.06.2019 11:33:37.149 [000020f8] --- CmdLine ["C:\Program Files\Intel\SUR\QUEENCREEK\x64\esrv.exe" "--start" "--start_options_handle" "1228"]
05.06.2019 11:33:37.149 [000020f8] --- Enumerating displays ...
05.06.2019 11:33:37.149 [000020f8] --- Device N[\\.\DISPLAY1] S[Radeon RX 580 Series] M[Generic PnP Monitor] F[desktop primary ]
05.06.2019 11:33:37.149 [000020f8] --- Device N[\\.\DISPLAY2] S[Radeon RX 580 Series] M[] F[]
05.06.2019 11:33:37.149 [000020f8] --- Device N[\\.\DISPLAY3] S[Radeon RX 580 Series] M[] F[]
05.06.2019 11:33:37.149 [000020f8] --- Device N[\\.\DISPLAY4] S[Radeon RX 580 Series] M[] F[]
05.06.2019 11:33:37.149 [000020f8] --- Device N[\\.\DISPLAY5] S[Radeon RX 580 Series] M[] F[]
05.06.2019 11:33:37.149 [000020f8] --- Device N[\\.\DISPLAY6] S[Radeon RX 580 Series] M[] F[]
05.06.2019 11:33:37.149 [000020f8] --- Device N[\\.\DISPLAY7] S[Radeon RX 580 Series] M[] F[]
05.06.2019 11:33:37.164 [000020f8] --- Device N[\\.\DISPLAY8] S[Radeon RX 580 Series] M[] F[]
05.06.2019 11:33:37.164 [000020f8] --- SM_CMONITORS         = 1
05.06.2019 11:33:37.164 [000020f8] --- SM_SAMEDISPLAYFORMAT = 1
05.06.2019 11:33:37.164 [000020f8] --- SM_XVIRTUALSCREEN    = 0
05.06.2019 11:33:37.164 [000020f8] --- SM_YVIRTUALSCREEN    = 0
05.06.2019 11:33:37.164 [000020f8] --- SM_CXVIRTUALSCREEN   = 3840
05.06.2019 11:33:37.164 [000020f8] --- SM_CYVIRTUALSCREEN   = 1200
05.06.2019 11:33:37.164 [000020f8] --- SM_CXCURSOR          = 32
05.06.2019 11:33:37.164 [000020f8] --- [\\.\DISPLAY1] [Radeon RX 580 Series] [MONITOR\ADVEF2D\{4d36e96e-e325-11ce-bfc1-08002be10318}\0017] [Generic PnP Monitor]
05.06.2019 11:33:37.164 [000020f8] --- Enumerated 1 displays
05.06.2019 11:33:37.164 [000020f8] --- Displays initialized
05.06.2019 11:33:37.164 [000020f8] --- Displays[0] M[00010001] HDC[80010cf8] GDC[53010d24] L=0 T=0 R=3840 B=1200 RECT[0,0 3840x1200] N[\\.\DISPLAY1] M[Generic PnP Monitor] F[1] PROJ[0x0] MAPS[0]
05.06.2019 11:33:37.164 [000020f8] ---    Grouping G[0] N[0] GD[]
05.06.2019 11:33:37.164 [000020f8] --- ---
05.06.2019 11:33:37.164 [000020f8] --- hookD3D9
05.06.2019 11:33:37.164 [000020f8] --- DirectX9 dll=90a20000
05.06.2019 11:33:37.211 [000020f8] --- DirectX9 API detected
05.06.2019 11:33:37.211 [000020f8] --- DirectX9Ex API detected
05.06.2019 11:33:37.211 [000020f8] --- i1: InterfaceProc1
05.06.2019 11:33:37.211 [000020f8] --- DXGI dll=bde70000
05.06.2019 11:33:37.242 [000020f8] --- DirectX DXGI API CreateDXGIFactory detected 1
05.06.2019 11:33:37.258 [000020f8] --- DirectX DXGI API CreateDXGIFactory1 detected 1
05.06.2019 11:33:37.289 [000020f8] --- DirectX DXGI API CreateDXGIFactory2 detected 1
05.06.2019 11:33:37.289 [000020f8] --- DirectX DXGI API detected
05.06.2019 11:33:37.289 [000020f8] --- DirectX D3D12 API detected hd3d12=b7540000
05.06.2019 11:33:37.321 [000020f8] --- DirectX D3D12 API detected 1
05.06.2019 11:33:37.321 [000020f8] --- hookOpenGL
05.06.2019 11:33:37.508 [000020f8] --- OpenGL API detected
