05.06.2019 11:50:52.559 [00002300] ??? OSM handle == NULL error=2
05.06.2019 11:50:52.559 [00002300] ^^^ SC trying session1
--- [2]
05.06.2019 11:50:52.559 [00002300] --- App --- Immersive Display PRO v3.0.5 (01.01.2019)
05.06.2019 11:50:52.559 [00002300] --- OS 6:2 Microsoft Windows 8 Professional (build 9200), 64-bit 7(0) 8(1) 8.1(0) 10(0)
05.06.2019 11:50:52.559 [00002300] --- Process32 C:\Program Files\Intel\SUR\QUEENCREEK\Updater\bin\IntelSoftwareAssetManagerService.exe
05.06.2019 11:50:52.559 [00002300] --- CmdLine ["C:\Program Files\Intel\SUR\QUEENCREEK\Updater\bin\IntelSoftwareAssetManagerService.exe"]
05.06.2019 11:50:52.559 [00002300] --- Enumerating displays ...
05.06.2019 11:50:52.559 [00002300] --- SM_CMONITORS         = 1
05.06.2019 11:50:52.559 [00002300] --- SM_SAMEDISPLAYFORMAT = 1
05.06.2019 11:50:52.559 [00002300] --- SM_XVIRTUALSCREEN    = 0
05.06.2019 11:50:52.560 [00002300] --- SM_YVIRTUALSCREEN    = 0
05.06.2019 11:50:52.560 [00002300] --- SM_CXVIRTUALSCREEN   = 1024
05.06.2019 11:50:52.560 [00002300] --- SM_CYVIRTUALSCREEN   = 768
05.06.2019 11:50:52.560 [00002300] --- SM_CXCURSOR          = 32
05.06.2019 11:50:52.560 [00002300] ??? No displays enumerated. Retry later
05.06.2019 11:50:52.560 [00002300] --- hookD3D9
05.06.2019 11:50:52.561 [00002300] --- DirectX9 dll=70fc0000
05.06.2019 11:50:52.598 [00002300] --- DirectX9 API detected
05.06.2019 11:50:52.598 [00002300] --- DirectX9Ex API detected
05.06.2019 11:50:52.598 [00002300] --- i1: InterfaceProc1
05.06.2019 11:50:52.599 [00002300] --- DXGI dll=71f60000
05.06.2019 11:50:52.617 [00002300] --- DirectX DXGI API CreateDXGIFactory detected 1
05.06.2019 11:50:52.636 [00002300] --- DirectX DXGI API CreateDXGIFactory1 detected 1
05.06.2019 11:50:52.654 [00002300] --- DirectX DXGI API CreateDXGIFactory2 detected 1
05.06.2019 11:50:52.654 [00002300] --- DirectX DXGI API detected
05.06.2019 11:50:52.654 [00002300] --- DirectX D3D12 API detected hd3d12=71d60000
05.06.2019 11:50:52.673 [00002300] --- DirectX D3D12 API detected 1
05.06.2019 11:50:52.673 [00002300] --- hookOpenGL
05.06.2019 11:50:52.821 [00002300] --- OpenGL API detected
05.06.2019 11:51:23.533 [00002300] --- PROCESS DETACH
