05.06.2019 11:20:29.418 [00001994] ??? OSM handle == NULL error=2
05.06.2019 11:20:29.418 [00001994] ^^^ SC trying session1
--- [2]
05.06.2019 11:20:29.418 [00001994] --- App --- Immersive Display PRO v3.0.5 (01.01.2019)
05.06.2019 11:20:29.418 [00001994] --- OS 6:2 Microsoft Windows 8 Professional (build 9200), 64-bit 7(0) 8(1) 8.1(0) 10(0)
05.06.2019 11:20:29.418 [00001994] --- Process32 C:\Program Files\Intel\SUR\QUEENCREEK\Updater\bin\IntelSoftwareAssetManagerService.exe
05.06.2019 11:20:29.418 [00001994] --- CmdLine ["C:\Program Files\Intel\SUR\QUEENCREEK\Updater\bin\IntelSoftwareAssetManagerService.exe"]
05.06.2019 11:20:29.418 [00001994] --- Enumerating displays ...
05.06.2019 11:20:29.418 [00001994] --- SM_CMONITORS         = 1
05.06.2019 11:20:29.418 [00001994] --- SM_SAMEDISPLAYFORMAT = 1
05.06.2019 11:20:29.418 [00001994] --- SM_XVIRTUALSCREEN    = 0
05.06.2019 11:20:29.418 [00001994] --- SM_YVIRTUALSCREEN    = 0
05.06.2019 11:20:29.418 [00001994] --- SM_CXVIRTUALSCREEN   = 1024
05.06.2019 11:20:29.418 [00001994] --- SM_CYVIRTUALSCREEN   = 768
05.06.2019 11:20:29.418 [00001994] --- SM_CXCURSOR          = 32
05.06.2019 11:20:29.418 [00001994] ??? No displays enumerated. Retry later
05.06.2019 11:20:29.418 [00001994] --- hookD3D9
05.06.2019 11:20:29.419 [00001994] --- DirectX9 dll=01d00000
05.06.2019 11:20:29.457 [00001994] --- DirectX9 API detected
05.06.2019 11:20:29.457 [00001994] --- DirectX9Ex API detected
05.06.2019 11:20:29.457 [00001994] --- i1: InterfaceProc1
05.06.2019 11:20:29.458 [00001994] --- DXGI dll=72b20000
05.06.2019 11:20:29.477 [00001994] --- DirectX DXGI API CreateDXGIFactory detected 1
05.06.2019 11:20:29.496 [00001994] --- DirectX DXGI API CreateDXGIFactory1 detected 1
05.06.2019 11:20:29.514 [00001994] --- DirectX DXGI API CreateDXGIFactory2 detected 1
05.06.2019 11:20:29.514 [00001994] --- DirectX DXGI API detected
05.06.2019 11:20:29.515 [00001994] --- DirectX D3D12 API detected hd3d12=729b0000
05.06.2019 11:20:29.534 [00001994] --- DirectX D3D12 API detected 1
05.06.2019 11:20:29.534 [00001994] --- hookOpenGL
05.06.2019 11:20:29.684 [00001994] --- OpenGL API detected
05.06.2019 11:21:00.262 [00001994] --- PROCESS DETACH
