04.06.2019 21:22:25.455 [000027a8] --- App --- Immersive Display PRO v3.0.5 (01.01.2019)
04.06.2019 21:22:25.456 [000027a8] --- OS 6:2 Microsoft Windows 8 Professional (build 9200), 64-bit 7(0) 8(1) 8.1(0) 10(0)
04.06.2019 21:22:25.456 [000027a8] --- Process32 C:\AMD\Win10-64Bit-Radeon-Software-Adrenalin-2019-Edition-19.5.2-June3\setup.exe
04.06.2019 21:22:25.456 [000027a8] --- CmdLine ["C:\AMD\Win10-64Bit-Radeon-Software-Adrenalin-2019-Edition-19.5.2-June3\setup.exe"]
04.06.2019 21:22:25.456 [000027a8] --- Enumerating displays ...
04.06.2019 21:22:25.457 [000027a8] --- Device N[\\.\DISPLAY1] S[Radeon RX 580 Series] M[Generic PnP Monitor] F[desktop ]
04.06.2019 21:22:25.458 [000027a8] --- Device N[\\.\DISPLAY2] S[Radeon RX 580 Series] M[Generic PnP Monitor] F[desktop primary ]
04.06.2019 21:22:25.459 [000027a8] --- Device N[\\.\DISPLAY3] S[Radeon RX 580 Series] M[] F[]
04.06.2019 21:22:25.460 [000027a8] --- Device N[\\.\DISPLAY4] S[Radeon RX 580 Series] M[] F[]
04.06.2019 21:22:25.461 [000027a8] --- Device N[\\.\DISPLAY5] S[Radeon RX 580 Series] M[] F[]
04.06.2019 21:22:25.461 [000027a8] --- Device N[\\.\DISPLAY6] S[Radeon RX 580 Series] M[] F[]
04.06.2019 21:22:25.461 [000027a8] --- SM_CMONITORS         = 2
04.06.2019 21:22:25.461 [000027a8] --- SM_SAMEDISPLAYFORMAT = 1
04.06.2019 21:22:25.461 [000027a8] --- SM_XVIRTUALSCREEN    = 0
04.06.2019 21:22:25.461 [000027a8] --- SM_YVIRTUALSCREEN    = 0
04.06.2019 21:22:25.461 [000027a8] --- SM_CXVIRTUALSCREEN   = 3840
04.06.2019 21:22:25.461 [000027a8] --- SM_CYVIRTUALSCREEN   = 1200
04.06.2019 21:22:25.462 [000027a8] --- SM_CXCURSOR          = 32
04.06.2019 21:22:25.465 [000027a8] --- [\\.\DISPLAY1] [Radeon RX 580 Series] [MONITOR\SECA70B\{4d36e96e-e325-11ce-bfc1-08002be10318}\0016] [Generic PnP Monitor]
04.06.2019 21:22:25.466 [000027a8] --- [\\.\DISPLAY2] [Radeon RX 580 Series] [MONITOR\SECA70B\{4d36e96e-e325-11ce-bfc1-08002be10318}\0015] [Generic PnP Monitor]
04.06.2019 21:22:25.467 [000027a8] --- Enumerated 2 displays
04.06.2019 21:22:25.467 [000027a8] --- Displays initialized
04.06.2019 21:22:25.467 [000027a8] --- Displays[0] M[00010003] HDC[1b010d5e] GDC[9b010c15] L=1920 T=0 R=3840 B=1200 RECT[1920,0 1920x1200] N[\\.\DISPLAY1] M[Generic PnP Monitor] F[0] PROJ[0x0] MAPS[0]
04.06.2019 21:22:25.467 [000027a8] ---    Grouping G[0] N[0] GD[]
04.06.2019 21:22:25.467 [000027a8] --- Displays[1] M[00010001] HDC[d9010ca7] GDC[20010d64] L=0 T=0 R=1920 B=1200 RECT[0,0 1920x1200] N[\\.\DISPLAY2] M[Generic PnP Monitor] F[1] PROJ[0x0] MAPS[0]
04.06.2019 21:22:25.467 [000027a8] ---    Grouping G[0] N[0] GD[]
04.06.2019 21:22:25.467 [000027a8] --- ---
04.06.2019 21:22:25.467 [000027a8] --- hookD3D9
04.06.2019 21:22:25.468 [000027a8] --- DirectX9 dll=04370000
04.06.2019 21:22:25.511 [000027a8] --- DirectX9 API detected
04.06.2019 21:22:25.511 [000027a8] --- DirectX9Ex API detected
04.06.2019 21:22:25.511 [000027a8] --- i1: InterfaceProc1
04.06.2019 21:22:25.511 [000027a8] --- DXGI dll=72680000
04.06.2019 21:22:25.532 [000027a8] --- DirectX DXGI API CreateDXGIFactory detected 1
04.06.2019 21:22:25.553 [000027a8] --- DirectX DXGI API CreateDXGIFactory1 detected 1
04.06.2019 21:22:25.574 [000027a8] --- DirectX DXGI API CreateDXGIFactory2 detected 1
04.06.2019 21:22:25.574 [000027a8] --- DirectX DXGI API detected
04.06.2019 21:22:25.574 [000027a8] --- DirectX D3D12 API detected hd3d12=723f0000
04.06.2019 21:22:25.595 [000027a8] --- DirectX D3D12 API detected 1
04.06.2019 21:22:25.595 [000027a8] --- hookOpenGL
04.06.2019 21:22:25.761 [000027a8] --- OpenGL API detected
04.06.2019 21:22:26.357 [000027a8] --- PROCESS DETACH
