04.06.2019 21:23:07.857 [000008c8] ??? OSM handle == NULL error=2
04.06.2019 21:23:07.857 [000008c8] ^^^ SC trying session1
--- [2]
04.06.2019 21:23:07.857 [000008c8] --- App --- Immersive Display PRO v3.0.5 (01.01.2019)
04.06.2019 21:23:07.857 [000008c8] --- OS 6:2 Microsoft Windows 8 Professional (build 9200), 64-bit 7(0) 8(1) 8.1(0) 10(0)
04.06.2019 21:23:07.857 [000008c8] --- Process32 C:\WINDOWS\syswow64\WOWReg32.exe
04.06.2019 21:23:07.857 [000008c8] --- CmdLine ["C:\WINDOWS\syswow64\WOWReg32.exe" /RegionName {99dc6981-779b-435a-8525-6a0ca1010781} /SignalReady {be037beb-a665-4771-8d10-ab238e248f78} /SignalComplete {724d7177-a14c-4a74-88ac-bab78110690a}]
04.06.2019 21:23:07.857 [000008c8] --- Enumerating displays ...
04.06.2019 21:23:07.857 [000008c8] --- SM_CMONITORS         = 1
04.06.2019 21:23:07.857 [000008c8] --- SM_SAMEDISPLAYFORMAT = 1
04.06.2019 21:23:07.857 [000008c8] --- SM_XVIRTUALSCREEN    = 0
04.06.2019 21:23:07.857 [000008c8] --- SM_YVIRTUALSCREEN    = 0
04.06.2019 21:23:07.857 [000008c8] --- SM_CXVIRTUALSCREEN   = 1024
04.06.2019 21:23:07.857 [000008c8] --- SM_CYVIRTUALSCREEN   = 768
04.06.2019 21:23:07.857 [000008c8] --- SM_CXCURSOR          = 32
04.06.2019 21:23:07.857 [000008c8] ??? No displays enumerated. Retry later
04.06.2019 21:23:07.858 [000008c8] --- hookD3D9
04.06.2019 21:23:07.859 [000008c8] --- DirectX9 dll=03c00000
04.06.2019 21:23:07.902 [000008c8] --- DirectX9 API detected
04.06.2019 21:23:07.902 [000008c8] --- DirectX9Ex API detected
04.06.2019 21:23:07.902 [000008c8] --- i1: InterfaceProc1
04.06.2019 21:23:07.902 [000008c8] --- DXGI dll=72680000
04.06.2019 21:23:07.923 [000008c8] --- DirectX DXGI API CreateDXGIFactory detected 1
04.06.2019 21:23:07.944 [000008c8] --- DirectX DXGI API CreateDXGIFactory1 detected 1
04.06.2019 21:23:07.965 [000008c8] --- DirectX DXGI API CreateDXGIFactory2 detected 1
04.06.2019 21:23:07.965 [000008c8] --- DirectX DXGI API detected
04.06.2019 21:23:07.966 [000008c8] --- DirectX D3D12 API detected hd3d12=723f0000
04.06.2019 21:23:07.987 [000008c8] --- DirectX D3D12 API detected 1
04.06.2019 21:23:07.987 [000008c8] --- hookOpenGL
04.06.2019 21:23:08.160 [000008c8] --- OpenGL API detected
