05.06.2019 11:00:04.668 [00002194] ??? OSM handle == NULL error=2
05.06.2019 11:00:04.668 [00002194] ^^^ SC trying session1
--- [2]
05.06.2019 11:00:04.668 [00002194] --- App --- Immersive Display PRO v3.0.5 (01.01.2019)
05.06.2019 11:00:04.668 [00002194] --- OS 6:2 Microsoft Windows 8 Professional (build 9200), 64-bit 7(0) 8(1) 8.1(0) 10(0)
05.06.2019 11:00:04.668 [00002194] --- Process32 C:\Program Files\Intel\SUR\QUEENCREEK\Updater\bin\IntelSoftwareAssetManagerService.exe
05.06.2019 11:00:04.668 [00002194] --- CmdLine ["C:\Program Files\Intel\SUR\QUEENCREEK\Updater\bin\IntelSoftwareAssetManagerService.exe" --automatic]
05.06.2019 11:00:04.668 [00002194] --- Enumerating displays ...
05.06.2019 11:00:04.668 [00002194] --- SM_CMONITORS         = 1
05.06.2019 11:00:04.668 [00002194] --- SM_SAMEDISPLAYFORMAT = 1
05.06.2019 11:00:04.668 [00002194] --- SM_XVIRTUALSCREEN    = 0
05.06.2019 11:00:04.668 [00002194] --- SM_YVIRTUALSCREEN    = 0
05.06.2019 11:00:04.668 [00002194] --- SM_CXVIRTUALSCREEN   = 1024
05.06.2019 11:00:04.668 [00002194] --- SM_CYVIRTUALSCREEN   = 768
05.06.2019 11:00:04.668 [00002194] --- SM_CXCURSOR          = 32
05.06.2019 11:00:04.668 [00002194] ??? No displays enumerated. Retry later
05.06.2019 11:00:04.668 [00002194] --- hookD3D9
05.06.2019 11:00:04.668 [00002194] --- DirectX9 dll=71410000
05.06.2019 11:00:04.715 [00002194] --- DirectX9 API detected
05.06.2019 11:00:04.715 [00002194] --- DirectX9Ex API detected
05.06.2019 11:00:04.715 [00002194] --- i1: InterfaceProc1
05.06.2019 11:00:04.715 [00002194] --- DXGI dll=72320000
05.06.2019 11:00:04.731 [00002194] --- DirectX DXGI API CreateDXGIFactory detected 1
05.06.2019 11:00:04.746 [00002194] --- DirectX DXGI API CreateDXGIFactory1 detected 1
05.06.2019 11:00:04.778 [00002194] --- DirectX DXGI API CreateDXGIFactory2 detected 1
05.06.2019 11:00:04.778 [00002194] --- DirectX DXGI API detected
05.06.2019 11:00:04.778 [00002194] --- DirectX D3D12 API detected hd3d12=721b0000
05.06.2019 11:00:04.793 [00002194] --- DirectX D3D12 API detected 1
05.06.2019 11:00:04.793 [00002194] --- hookOpenGL
05.06.2019 11:00:04.965 [00002194] --- OpenGL API detected
05.06.2019 11:00:06.262 [00002194] --- PROCESS DETACH
