04.06.2019 21:20:57.426 [00000f48] ??? OSM handle == NULL error=2
04.06.2019 21:20:57.426 [00000f48] ^^^ SC trying session1
--- [2]
04.06.2019 21:20:57.426 [00000f48] --- App --- Immersive Display PRO v3.0.5 (01.01.2019)
04.06.2019 21:20:57.426 [00000f48] --- OS 6:2 Microsoft Windows 8 Professional (build 9200), 64-bit 7(0) 8(1) 8.1(0) 10(0)
04.06.2019 21:20:57.426 [00000f48] --- Process64 C:\Program Files\Intel\SUR\QUEENCREEK\x64\esrv_svc.exe
04.06.2019 21:20:57.426 [00000f48] --- CmdLine ["C:\Program Files\Intel\SUR\QUEENCREEK\x64\esrv_svc.exe" "--AUTO_START" "--start" "--start_options_registry_key" "HKEY_LOCAL_MACHINE\SYSTEM\CurrentControlSet\services\ESRV_SVC_QUEENCREEK\_start"]
04.06.2019 21:20:57.426 [00000f48] --- Enumerating displays ...
04.06.2019 21:20:57.426 [00000f48] --- SM_CMONITORS         = 1
04.06.2019 21:20:57.426 [00000f48] --- SM_SAMEDISPLAYFORMAT = 1
04.06.2019 21:20:57.426 [00000f48] --- SM_XVIRTUALSCREEN    = 0
04.06.2019 21:20:57.426 [00000f48] --- SM_YVIRTUALSCREEN    = 0
04.06.2019 21:20:57.426 [00000f48] --- SM_CXVIRTUALSCREEN   = 1024
04.06.2019 21:20:57.426 [00000f48] --- SM_CYVIRTUALSCREEN   = 768
04.06.2019 21:20:57.426 [00000f48] --- SM_CXCURSOR          = 32
04.06.2019 21:20:57.427 [00000f48] ??? No displays enumerated. Retry later
04.06.2019 21:20:57.427 [00000f48] --- hookD3D9
04.06.2019 21:20:57.427 [00000f48] --- DirectX9 dll=03460000
04.06.2019 21:20:57.450 [00000f48] --- DirectX9 API detected
04.06.2019 21:20:57.450 [00000f48] --- DirectX9Ex API detected
04.06.2019 21:20:57.450 [00000f48] --- i1: InterfaceProc1
04.06.2019 21:20:57.450 [00000f48] --- DXGI dll=1f3f0000
04.06.2019 21:20:57.483 [00000f48] --- DirectX DXGI API CreateDXGIFactory detected 1
04.06.2019 21:20:57.501 [00000f48] --- DirectX DXGI API CreateDXGIFactory1 detected 1
04.06.2019 21:20:57.519 [00000f48] --- DirectX DXGI API CreateDXGIFactory2 detected 1
04.06.2019 21:20:57.519 [00000f48] --- DirectX DXGI API detected
04.06.2019 21:20:57.520 [00000f48] --- DirectX D3D12 API detected hd3d12=18bc0000
04.06.2019 21:20:57.536 [00000f48] --- DirectX D3D12 API detected 1
04.06.2019 21:20:57.536 [00000f48] --- hookOpenGL
04.06.2019 21:20:57.664 [00000f48] --- OpenGL API detected
04.06.2019 21:24:18.993 [00000f48] --- PROCESS DETACH
