05.06.2019 10:43:52.968 [00001d94] ??? OSM handle == NULL error=2
05.06.2019 10:43:52.968 [00001d94] ^^^ SC trying session1
--- [2]
05.06.2019 10:43:52.968 [00001d94] --- App --- Immersive Display PRO v3.0.5 (01.01.2019)
05.06.2019 10:43:52.968 [00001d94] --- OS 6:2 Microsoft Windows 8 Professional (build 9200), 64-bit 7(0) 8(1) 8.1(0) 10(0)
05.06.2019 10:43:52.968 [00001d94] --- Process64 C:\Program Files\Intel\SUR\QUEENCREEK\x64\esrv_svc.exe
05.06.2019 10:43:52.968 [00001d94] --- CmdLine ["C:\Program Files\Intel\SUR\QUEENCREEK\x64\esrv_svc.exe" "--AUTO_START" "--start" "--start_options_registry_key" "HKEY_LOCAL_MACHINE\SYSTEM\CurrentControlSet\services\ESRV_SVC_QUEENCREEK\_start"]
05.06.2019 10:43:52.968 [00001d94] --- Enumerating displays ...
05.06.2019 10:43:52.968 [00001d94] --- SM_CMONITORS         = 1
05.06.2019 10:43:52.968 [00001d94] --- SM_SAMEDISPLAYFORMAT = 1
05.06.2019 10:43:52.968 [00001d94] --- SM_XVIRTUALSCREEN    = 0
05.06.2019 10:43:52.968 [00001d94] --- SM_YVIRTUALSCREEN    = 0
05.06.2019 10:43:52.968 [00001d94] --- SM_CXVIRTUALSCREEN   = 1024
05.06.2019 10:43:52.968 [00001d94] --- SM_CYVIRTUALSCREEN   = 768
05.06.2019 10:43:52.968 [00001d94] --- SM_CXCURSOR          = 32
05.06.2019 10:43:52.968 [00001d94] ??? No displays enumerated. Retry later
05.06.2019 10:43:52.968 [00001d94] --- hookD3D9
05.06.2019 10:43:52.968 [00001d94] --- DirectX9 dll=328d0000
05.06.2019 10:43:53.015 [00001d94] --- DirectX9 API detected
05.06.2019 10:43:53.015 [00001d94] --- DirectX9Ex API detected
05.06.2019 10:43:53.015 [00001d94] --- i1: InterfaceProc1
05.06.2019 10:43:53.015 [00001d94] --- DXGI dll=61320000
05.06.2019 10:43:53.031 [00001d94] --- DirectX DXGI API CreateDXGIFactory detected 1
05.06.2019 10:43:53.046 [00001d94] --- DirectX DXGI API CreateDXGIFactory1 detected 1
05.06.2019 10:43:53.062 [00001d94] --- DirectX DXGI API CreateDXGIFactory2 detected 1
05.06.2019 10:43:53.062 [00001d94] --- DirectX DXGI API detected
05.06.2019 10:43:53.062 [00001d94] --- DirectX D3D12 API detected hd3d12=5a9e0000
05.06.2019 10:43:53.078 [00001d94] --- DirectX D3D12 API detected 1
05.06.2019 10:43:53.078 [00001d94] --- hookOpenGL
05.06.2019 10:43:53.203 [00001d94] --- OpenGL API detected
