04.06.2019 21:58:12.659 [00001754] --- App --- Immersive Display PRO v3.0.5 (01.01.2019)
04.06.2019 21:58:12.659 [00001754] --- OS 6:2 Microsoft Windows 8 Professional (build 9200), 64-bit 7(0) 8(1) 8.1(0) 10(0)
04.06.2019 21:58:12.659 [00001754] --- Process64 C:\Program Files\Intel\SUR\QUEENCREEK\x64\esrv.exe
04.06.2019 21:58:12.659 [00001754] --- CmdLine ["C:\Program Files\Intel\SUR\QUEENCREEK\x64\esrv.exe" "--start" "--start_options_handle" "1220"]
04.06.2019 21:58:12.659 [00001754] --- Enumerating displays ...
04.06.2019 21:58:12.660 [00001754] --- Device N[\\.\DISPLAY1] S[Radeon RX 580 Series] M[Generic PnP Monitor] F[desktop primary ]
04.06.2019 21:58:12.660 [00001754] --- Device N[\\.\DISPLAY2] S[Radeon RX 580 Series] M[] F[]
04.06.2019 21:58:12.661 [00001754] --- Device N[\\.\DISPLAY3] S[Radeon RX 580 Series] M[] F[]
04.06.2019 21:58:12.661 [00001754] --- Device N[\\.\DISPLAY4] S[Radeon RX 580 Series] M[] F[]
04.06.2019 21:58:12.662 [00001754] --- Device N[\\.\DISPLAY5] S[Radeon RX 580 Series] M[] F[]
04.06.2019 21:58:12.663 [00001754] --- Device N[\\.\DISPLAY6] S[Radeon RX 580 Series] M[] F[]
04.06.2019 21:58:12.663 [00001754] --- Device N[\\.\DISPLAY7] S[Radeon RX 580 Series] M[] F[]
04.06.2019 21:58:12.664 [00001754] --- Device N[\\.\DISPLAY8] S[Radeon RX 580 Series] M[] F[]
04.06.2019 21:58:12.664 [00001754] --- SM_CMONITORS         = 1
04.06.2019 21:58:12.664 [00001754] --- SM_SAMEDISPLAYFORMAT = 1
04.06.2019 21:58:12.664 [00001754] --- SM_XVIRTUALSCREEN    = 0
04.06.2019 21:58:12.664 [00001754] --- SM_YVIRTUALSCREEN    = 0
04.06.2019 21:58:12.664 [00001754] --- SM_CXVIRTUALSCREEN   = 3840
04.06.2019 21:58:12.664 [00001754] --- SM_CYVIRTUALSCREEN   = 1200
04.06.2019 21:58:12.664 [00001754] --- SM_CXCURSOR          = 32
04.06.2019 21:58:12.666 [00001754] --- [\\.\DISPLAY1] [Radeon RX 580 Series] [MONITOR\ADVEF2D\{4d36e96e-e325-11ce-bfc1-08002be10318}\0017] [Generic PnP Monitor]
04.06.2019 21:58:12.667 [00001754] --- Enumerated 1 displays
04.06.2019 21:58:12.667 [00001754] --- Displays initialized
04.06.2019 21:58:12.667 [00001754] --- Displays[0] M[00010001] HDC[6901066f] GDC[33010939] L=0 T=0 R=3840 B=1200 RECT[0,0 3840x1200] N[\\.\DISPLAY1] M[Generic PnP Monitor] F[1] PROJ[2x1] MAPS[2]
04.06.2019 21:58:12.667 [00001754] ---    Grouping G[0] N[0] GD[]
04.06.2019 21:58:12.667 [00001754] --- ---
04.06.2019 21:58:12.667 [00001754] --- hookD3D9
04.06.2019 21:58:12.667 [00001754] --- DirectX9 dll=d6de0000
04.06.2019 21:58:12.719 [00001754] --- DirectX9 API detected
04.06.2019 21:58:12.719 [00001754] --- DirectX9Ex API detected
04.06.2019 21:58:12.719 [00001754] --- i1: InterfaceProc1
04.06.2019 21:58:12.719 [00001754] --- interfaceFunc1 [\\.\DISPLAY1] totalMaps=2
04.06.2019 21:58:12.720 [00001754] --- DXGI dll=05830000
04.06.2019 21:58:12.746 [00001754] --- DirectX DXGI API CreateDXGIFactory detected 1
04.06.2019 21:58:12.772 [00001754] --- DirectX DXGI API CreateDXGIFactory1 detected 1
04.06.2019 21:58:12.798 [00001754] --- DirectX DXGI API CreateDXGIFactory2 detected 1
04.06.2019 21:58:12.798 [00001754] --- DirectX DXGI API detected
04.06.2019 21:58:12.799 [00001754] --- DirectX D3D12 API detected hd3d12=ff080000
04.06.2019 21:58:12.825 [00001754] --- DirectX D3D12 API detected 1
04.06.2019 21:58:12.825 [00001754] --- hookOpenGL
04.06.2019 21:58:13.009 [00001754] --- OpenGL API detected
