04.06.2019 15:33:57.084 [00001844] ??? OSM handle == NULL error=2
04.06.2019 15:33:57.084 [00001844] ^^^ SC trying session1
--- [2]
04.06.2019 15:33:57.084 [00001844] --- App --- Immersive Display PRO v3.0.5 (01.01.2019)
04.06.2019 15:33:57.084 [00001844] --- OS 6:2 Microsoft Windows 8 Professional (build 9200), 64-bit 7(0) 8(1) 8.1(0) 10(0)
04.06.2019 15:33:57.084 [00001844] --- Process32 C:\Program Files (x86)\Google\Update\1.3.34.11\GoogleCrashHandler.exe
04.06.2019 15:33:57.084 [00001844] --- CmdLine ["C:\Program Files (x86)\Google\Update\1.3.34.11\GoogleCrashHandler.exe"]
04.06.2019 15:33:57.084 [00001844] --- Enumerating displays ...
04.06.2019 15:33:57.084 [00001844] --- SM_CMONITORS         = 1
04.06.2019 15:33:57.084 [00001844] --- SM_SAMEDISPLAYFORMAT = 1
04.06.2019 15:33:57.085 [00001844] --- SM_XVIRTUALSCREEN    = 0
04.06.2019 15:33:57.085 [00001844] --- SM_YVIRTUALSCREEN    = 0
04.06.2019 15:33:57.085 [00001844] --- SM_CXVIRTUALSCREEN   = 1024
04.06.2019 15:33:57.085 [00001844] --- SM_CYVIRTUALSCREEN   = 768
04.06.2019 15:33:57.085 [00001844] --- SM_CXCURSOR          = 32
04.06.2019 15:33:57.085 [00001844] ??? No displays enumerated. Retry later
04.06.2019 15:33:57.085 [00001844] --- hookD3D9
04.06.2019 15:33:57.086 [00001844] --- DirectX9 dll=70630000
04.06.2019 15:33:57.131 [00001844] --- DirectX9 API detected
04.06.2019 15:33:57.131 [00001844] --- DirectX9Ex API detected
04.06.2019 15:33:57.131 [00001844] --- i1: InterfaceProc1
04.06.2019 15:33:57.132 [00001844] --- DXGI dll=71b80000
04.06.2019 15:33:57.153 [00001844] --- DirectX DXGI API CreateDXGIFactory detected 1
04.06.2019 15:33:57.175 [00001844] --- DirectX DXGI API CreateDXGIFactory1 detected 1
04.06.2019 15:33:57.196 [00001844] --- DirectX DXGI API CreateDXGIFactory2 detected 1
04.06.2019 15:33:57.197 [00001844] --- DirectX DXGI API detected
04.06.2019 15:33:57.197 [00001844] --- DirectX D3D12 API detected hd3d12=020a0000
04.06.2019 15:33:57.220 [00001844] --- DirectX D3D12 API detected 1
04.06.2019 15:33:57.220 [00001844] --- hookOpenGL
04.06.2019 15:33:57.398 [00001844] --- OpenGL API detected
04.06.2019 15:33:57.452 [00001844] --- PROCESS DETACH
