04.06.2019 20:02:31.443 [0000249c] --- App --- Immersive Display PRO v3.0.5 (01.01.2019)
04.06.2019 20:02:31.443 [0000249c] --- OS 6:2 Microsoft Windows 8 Professional (build 9200), 64-bit 7(0) 8(1) 8.1(0) 10(0)
04.06.2019 20:02:31.443 [0000249c] --- Process64 C:\Program Files (x86)\Google\Chrome\Application\chrome.exe
04.06.2019 20:02:31.443 [0000249c] --- CmdLine ["C:\Program Files (x86)\Google\Chrome\Application\chrome.exe" --type=utility --field-trial-handle=1752,10673293439899096173,14079477339554071452,131072 --lang=zh-TW --no-sandbox --service-request-channel-token=128602357053612465 --mojo-platform-channel-handl?]
04.06.2019 20:02:31.443 [0000249c] --- Enumerating displays ...
04.06.2019 20:02:31.444 [0000249c] --- Device N[\\.\DISPLAY1] S[Radeon RX 580 Series] M[Generic PnP Monitor] F[desktop primary ]
04.06.2019 20:02:31.445 [0000249c] --- Device N[\\.\DISPLAY2] S[Radeon RX 580 Series] M[] F[]
04.06.2019 20:02:31.445 [0000249c] --- Device N[\\.\DISPLAY3] S[Radeon RX 580 Series] M[] F[]
04.06.2019 20:02:31.446 [0000249c] --- Device N[\\.\DISPLAY4] S[Radeon RX 580 Series] M[] F[]
04.06.2019 20:02:31.446 [0000249c] --- Device N[\\.\DISPLAY5] S[Radeon RX 580 Series] M[] F[]
04.06.2019 20:02:31.447 [0000249c] --- Device N[\\.\DISPLAY6] S[Radeon RX 580 Series] M[] F[]
04.06.2019 20:02:31.447 [0000249c] --- Device N[\\.\DISPLAY7] S[Radeon RX 580 Series] M[] F[]
04.06.2019 20:02:31.448 [0000249c] --- Device N[\\.\DISPLAY8] S[Radeon RX 580 Series] M[] F[]
04.06.2019 20:02:31.448 [0000249c] --- SM_CMONITORS         = 1
04.06.2019 20:02:31.448 [0000249c] --- SM_SAMEDISPLAYFORMAT = 1
04.06.2019 20:02:31.448 [0000249c] --- SM_XVIRTUALSCREEN    = 0
04.06.2019 20:02:31.448 [0000249c] --- SM_YVIRTUALSCREEN    = 0
04.06.2019 20:02:31.448 [0000249c] --- SM_CXVIRTUALSCREEN   = 3840
04.06.2019 20:02:31.448 [0000249c] --- SM_CYVIRTUALSCREEN   = 1200
04.06.2019 20:02:31.448 [0000249c] --- SM_CXCURSOR          = 32
04.06.2019 20:02:31.450 [0000249c] --- [\\.\DISPLAY1] [Radeon RX 580 Series] [MONITOR\ADVEF2D\{4d36e96e-e325-11ce-bfc1-08002be10318}\0013] [Generic PnP Monitor]
04.06.2019 20:02:31.451 [0000249c] --- Enumerated 1 displays
04.06.2019 20:02:31.451 [0000249c] --- Displays initialized
04.06.2019 20:02:31.451 [0000249c] --- Displays[0] M[00010001] HDC[240112c5] GDC[3f010ec8] L=0 T=0 R=3840 B=1200 RECT[0,0 3840x1200] N[\\.\DISPLAY1] M[Generic PnP Monitor] F[1] PROJ[2x1] MAPS[2]
04.06.2019 20:02:31.451 [0000249c] ---    Grouping G[0] N[0] GD[]
04.06.2019 20:02:31.451 [0000249c] --- ---
04.06.2019 20:02:31.451 [0000249c] --- i1:Executable chrome.exe is excluded DX9
04.06.2019 20:02:31.452 [0000249c] --- DXGI dll=a1720000
04.06.2019 20:02:31.480 [0000249c] --- DirectX DXGI API CreateDXGIFactory detected 1
04.06.2019 20:02:31.507 [0000249c] --- DirectX DXGI API CreateDXGIFactory1 detected 1
04.06.2019 20:02:31.534 [0000249c] --- DirectX DXGI API CreateDXGIFactory2 detected 1
04.06.2019 20:02:31.534 [0000249c] --- DirectX DXGI API detected
04.06.2019 20:02:31.535 [0000249c] --- DirectX D3D12 API detected hd3d12=9a880000
04.06.2019 20:02:31.561 [0000249c] --- DirectX D3D12 API detected 1
04.06.2019 20:02:31.561 [0000249c] --- i2: InterfaceProc1
04.06.2019 20:02:31.561 [0000249c] --- interfaceFunc1 [\\.\DISPLAY1] totalMaps=2
04.06.2019 20:02:31.561 [0000249c] --- i3:Executable chrome.exe is excluded OGL
04.06.2019 20:02:31.600 [0000249c] --- PROCESS DETACH
