04.06.2019 21:24:01.176 [00002820] --- App --- Immersive Display PRO v3.0.5 (01.01.2019)
04.06.2019 21:24:01.176 [00002820] --- OS 6:2 Microsoft Windows 8 Professional (build 9200), 64-bit 7(0) 8(1) 8.1(0) 10(0)
04.06.2019 21:24:01.176 [00002820] --- Process64 C:\Program Files\AMD\CNext\CNext\AMDRSServ.exe
04.06.2019 21:24:01.176 [00002820] --- CmdLine ["C:\Program Files\AMD\CNext\CNext\AMDRSServ.exe" ]
04.06.2019 21:24:01.176 [00002820] --- Enumerating displays ...
04.06.2019 21:24:01.178 [00002820] --- Device N[\\.\DISPLAY17] S[Radeon RX 580 Series] M[Generic PnP Monitor] F[desktop ]
04.06.2019 21:24:01.181 [00002820] --- Device N[\\.\DISPLAY18] S[Radeon RX 580 Series] M[Generic PnP Monitor] F[desktop primary ]
04.06.2019 21:24:01.183 [00002820] --- Device N[\\.\DISPLAY19] S[Radeon RX 580 Series] M[] F[]
04.06.2019 21:24:01.184 [00002820] --- Device N[\\.\DISPLAY20] S[Radeon RX 580 Series] M[] F[]
04.06.2019 21:24:01.186 [00002820] --- Device N[\\.\DISPLAY21] S[Radeon RX 580 Series] M[] F[]
04.06.2019 21:24:01.188 [00002820] --- Device N[\\.\DISPLAY22] S[Radeon RX 580 Series] M[] F[]
04.06.2019 21:24:01.190 [00002820] --- Device N[\\.\DISPLAY23] S[Radeon RX 580 Series] M[] F[]
04.06.2019 21:24:01.191 [00002820] --- Device N[\\.\DISPLAY24] S[Radeon RX 580 Series] M[] F[]
04.06.2019 21:24:01.191 [00002820] --- SM_CMONITORS         = 2
04.06.2019 21:24:01.191 [00002820] --- SM_SAMEDISPLAYFORMAT = 1
04.06.2019 21:24:01.191 [00002820] --- SM_XVIRTUALSCREEN    = 0
04.06.2019 21:24:01.191 [00002820] --- SM_YVIRTUALSCREEN    = 0
04.06.2019 21:24:01.191 [00002820] --- SM_CXVIRTUALSCREEN   = 3840
04.06.2019 21:24:01.191 [00002820] --- SM_CYVIRTUALSCREEN   = 1200
04.06.2019 21:24:01.191 [00002820] --- SM_CXCURSOR          = 32
04.06.2019 21:24:01.197 [00002820] --- [\\.\DISPLAY17] [Radeon RX 580 Series] [MONITOR\SECA70B\{4d36e96e-e325-11ce-bfc1-08002be10318}\0016] [Generic PnP Monitor]
04.06.2019 21:24:01.199 [00002820] --- [\\.\DISPLAY18] [Radeon RX 580 Series] [MONITOR\SECA70B\{4d36e96e-e325-11ce-bfc1-08002be10318}\0015] [Generic PnP Monitor]
04.06.2019 21:24:01.199 [00002820] --- Enumerated 2 displays
04.06.2019 21:24:01.199 [00002820] --- Displays initialized
04.06.2019 21:24:01.199 [00002820] --- Displays[0] M[006c0389] HDC[c4010f25] GDC[8d010f1a] L=1920 T=0 R=3840 B=1200 RECT[1920,0 1920x1200] N[\\.\DISPLAY17] M[Generic PnP Monitor] F[0] PROJ[0x0] MAPS[0]
04.06.2019 21:24:01.199 [00002820] ---    Grouping G[0] N[0] GD[]
04.06.2019 21:24:01.199 [00002820] --- Displays[1] M[00030503] HDC[5a010f42] GDC[f5010e21] L=0 T=0 R=1920 B=1200 RECT[0,0 1920x1200] N[\\.\DISPLAY18] M[Generic PnP Monitor] F[1] PROJ[0x0] MAPS[0]
04.06.2019 21:24:01.199 [00002820] ---    Grouping G[0] N[0] GD[]
04.06.2019 21:24:01.199 [00002820] --- ---
04.06.2019 21:24:01.199 [00002820] --- hookD3D9
04.06.2019 21:24:01.199 [00002820] --- DirectX9 dll=03460000
04.06.2019 21:24:01.262 [00002820] --- DirectX9 API detected
04.06.2019 21:24:01.262 [00002820] --- DirectX9Ex API detected
04.06.2019 21:24:01.262 [00002820] --- i1: InterfaceProc1
04.06.2019 21:24:01.262 [00002820] --- DXGI dll=1f3f0000
04.06.2019 21:24:01.293 [00002820] --- DirectX DXGI API CreateDXGIFactory detected 1
04.06.2019 21:24:01.325 [00002820] --- DirectX DXGI API CreateDXGIFactory1 detected 1
04.06.2019 21:24:01.356 [00002820] --- DirectX DXGI API CreateDXGIFactory2 detected 1
04.06.2019 21:24:01.356 [00002820] --- DirectX DXGI API detected
04.06.2019 21:24:01.357 [00002820] --- DirectX D3D12 API detected hd3d12=18bc0000
04.06.2019 21:24:01.389 [00002820] --- DirectX D3D12 API detected 1
04.06.2019 21:24:01.389 [00002820] --- hookOpenGL
04.06.2019 21:24:01.608 [00002820] --- OpenGL API detected
04.06.2019 21:24:02.103 [00002820] --- wglCreateLayerContext hdc=340109b2 iLayerPlane=0 hglrc=00010000
04.06.2019 21:24:02.103 [00002820] --- WWW H[000a01be] C[AMDDVRGLWINCLASS] W[AMDGlWindow] T[00002848] M[006c0389] R[1920,0 136x39] CR[0,0 120x0]
04.06.2019 21:24:02.103 [00002820] --- OpenGLWarpContext[ac1e9040] HDC=340109b2 GLRC=00010000 HWND=000a01be isFullscreen=0
04.06.2019 21:24:02.112 [00002820] --- wglDeleteContext 00010000
04.06.2019 21:24:02.112 [00002820] --- ~BaseWarpContext[ac1e9040]
04.06.2019 21:24:02.117 [00002820] --- wglCreateContextAttribsARB -> attr=0x00002091
04.06.2019 21:24:02.117 [00002820] --- wglCreateContextAttribsARB -> val=0x00000004
04.06.2019 21:24:02.117 [00002820] ------ MAJOR_VERSION 4
04.06.2019 21:24:02.117 [00002820] --- wglCreateContextAttribsARB -> attr=0x00002092
04.06.2019 21:24:02.117 [00002820] --- wglCreateContextAttribsARB -> val=0x00000002
04.06.2019 21:24:02.117 [00002820] ------ MINOR_VERSION 2
04.06.2019 21:24:02.117 [00002820] --- wglCreateContextAttribsARB -> attr=0x00009126
04.06.2019 21:24:02.117 [00002820] --- wglCreateContextAttribsARB -> val=0x00000001
04.06.2019 21:24:02.117 [00002820] ------ WARNING PROFILE_MASK CORE_PROFILE
04.06.2019 21:24:02.117 [00002820] --- wglCreateContextAttribsARB IN orig cb4e3630
04.06.2019 21:24:02.142 [00002820] --- wglCreateLayerContext hdc=340109b2 iLayerPlane=0 hglrc=00020000
04.06.2019 21:24:02.142 [00002820] --- WWW H[000a01be] C[AMDDVRGLWINCLASS] W[AMDGlWindow] T[00002848] M[006c0389] R[1920,0 136x39] CR[0,0 120x0]
04.06.2019 21:24:02.142 [00002820] --- OpenGLWarpContext[ac506040] HDC=340109b2 GLRC=00020000 HWND=000a01be isFullscreen=0
04.06.2019 21:24:02.142 [00002820] --- wglCreateContextAttribsARB OUT -> 00020000
04.06.2019 21:24:02.157 [00002820] --- Direct3DCreate9Ex 0x00000020
04.06.2019 21:24:02.157 [00002820] --- Direct3D9Ex createDeviceEx[a6e7f940] Adapter=1 DeviceType=1 hFocusWindow=00010010 BehaviorFlags=00000846 BackBufferWidth=1 BackBufferHeight=1 BackBufferFormat=21 BackBufferCount=0 MultiSampleType=0 MultiSampleQuality=0 SwapEffect=3 hDeviceWindow=00010010 Windowed=1 EnableAutoDepthStencil=0 AutoDepthStencilFormat=00000000 Flags=00000010 FullScreen_RefreshRateInHz=0 PresentationInterval=-2147483648
04.06.2019 21:24:02.195 [00002820] --- Direct3D9Ex createDeviceEx[a6e7f940] disabledDX9=0
04.06.2019 21:24:02.195 [00002820] --- Direct3DDevice9Ex [abee5d40] hFocusWindow=00010010
04.06.2019 21:24:02.195 [00002820] --- WWW H[00010010] C[#32769] W[] T[00000330] M[00030503] R[0,0 1920x1200] CR[0,0 1920x1200]
04.06.2019 21:24:02.195 [00002820] --- DX9WarpContext [aeb71040]
04.06.2019 21:24:02.195 [00002820] ------ IN=00000000
04.06.2019 21:24:02.195 [00002820] ------ OUT=00000000
04.06.2019 21:24:02.195 [00002820] ------ BackBufferWidth=1
04.06.2019 21:24:02.195 [00002820] ------ BackBufferHeight=1
04.06.2019 21:24:02.195 [00002820] ------ BackBufferFormat=21
04.06.2019 21:24:02.195 [00002820] ------ BackBufferCount=1
04.06.2019 21:24:02.195 [00002820] ------ MultiSampleType=0
04.06.2019 21:24:02.195 [00002820] ------ MultiSampleQuality=0
04.06.2019 21:24:02.195 [00002820] ------ SwapEffect=3
04.06.2019 21:24:02.195 [00002820] ------ hDeviceWindow=00010010
04.06.2019 21:24:02.195 [00002820] ------ Windowed=1
04.06.2019 21:24:02.195 [00002820] ------ EnableAutoDepthStencil=0
04.06.2019 21:24:02.195 [00002820] ------ AutoDepthStencilFormat=0
04.06.2019 21:24:02.195 [00002820] ------ Flags=00000010
04.06.2019 21:24:02.195 [00002820] ------ FullScreen_RefreshRateInHz=0
04.06.2019 21:24:02.195 [00002820] ------ PresentationInterval=-2147483648
04.06.2019 21:24:02.195 [00002820] --- preserveBackBuffer=1
04.06.2019 21:24:02.195 [00002820] --- Direct3DDevice9Ex[abee5d40] hWindow=00010010
04.06.2019 21:24:02.195 [00002820] --- Direct3DDevice9Ex[abee5d40] BackBufferCount 1 BackBufferFormat 0015 1x1 SwapEffect 3 [D3DSWAPEFFECT_COPY] hDeviceWindow=00010010 Windowed=1 Flags 00000010 PresentationInterval -2147483648[80000000] MultiSampleType 00000000 MultiSampleQuality 0
04.06.2019 21:24:02.857 [00002820] --- wglCreateLayerContext hdc=340109b2 iLayerPlane=0 hglrc=00010001
04.06.2019 21:24:02.857 [00002820] --- WWW H[000a01be] C[AMDDVRGLWINCLASS] W[AMDGlWindow] T[00002848] M[006c0389] R[1920,0 136x39] CR[0,0 120x0]
04.06.2019 21:24:02.857 [00002820] --- OpenGLWarpContext[b017e040] HDC=340109b2 GLRC=00010001 HWND=000a01be isFullscreen=0
04.06.2019 21:24:02.857 [00002820] --- wglDeleteContext 00010001
04.06.2019 21:24:02.857 [00002820] --- ~BaseWarpContext[b017e040]
04.06.2019 21:24:02.891 [00002820] --- wglCreateLayerContext hdc=340109b2 iLayerPlane=0 hglrc=00020001
04.06.2019 21:24:02.891 [00002820] --- WWW H[000a01be] C[AMDDVRGLWINCLASS] W[AMDGlWindow] T[00002848] M[006c0389] R[1920,0 136x39] CR[0,0 120x0]
04.06.2019 21:24:02.891 [00002820] --- OpenGLWarpContext[b02ec040] HDC=340109b2 GLRC=00020001 HWND=000a01be isFullscreen=0
04.06.2019 21:24:03.117 [00002820] --- wglDeleteContext 00020001
04.06.2019 21:24:03.117 [00002820] --- ~BaseWarpContext[b02ec040]
