04.06.2019 21:44:00.010 [00001c30] --- App --- Immersive Display PRO v3.0.5 (01.01.2019)
04.06.2019 21:44:00.010 [00001c30] --- OS 6:2 Microsoft Windows 8 Professional (build 9200), 64-bit 7(0) 8(1) 8.1(0) 10(0)
04.06.2019 21:44:00.010 [00001c30] --- Process64 C:\WINDOWS\system32\dwm.exe
04.06.2019 21:44:00.010 [00001c30] --- CmdLine ["dwm.exe"]
04.06.2019 21:44:00.010 [00001c30] --- Enumerating displays ...
04.06.2019 21:44:00.010 [00001c30] --- Device N[\\.\DISPLAY1] S[Radeon RX 580 Series] M[Generic PnP Monitor] F[desktop primary ]
04.06.2019 21:44:00.025 [00001c30] --- Device N[\\.\DISPLAY2] S[Radeon RX 580 Series] M[] F[]
04.06.2019 21:44:00.025 [00001c30] --- Device N[\\.\DISPLAY3] S[Radeon RX 580 Series] M[] F[]
04.06.2019 21:44:00.025 [00001c30] --- Device N[\\.\DISPLAY4] S[Radeon RX 580 Series] M[] F[]
04.06.2019 21:44:00.025 [00001c30] --- Device N[\\.\DISPLAY5] S[Radeon RX 580 Series] M[] F[]
04.06.2019 21:44:00.025 [00001c30] --- Device N[\\.\DISPLAY6] S[Radeon RX 580 Series] M[] F[]
04.06.2019 21:44:00.025 [00001c30] --- Device N[\\.\DISPLAY7] S[Radeon RX 580 Series] M[] F[]
04.06.2019 21:44:00.025 [00001c30] --- Device N[\\.\DISPLAY8] S[Radeon RX 580 Series] M[] F[]
04.06.2019 21:44:00.025 [00001c30] --- SM_CMONITORS         = 1
04.06.2019 21:44:00.025 [00001c30] --- SM_SAMEDISPLAYFORMAT = 1
04.06.2019 21:44:00.025 [00001c30] --- SM_XVIRTUALSCREEN    = 0
04.06.2019 21:44:00.025 [00001c30] --- SM_YVIRTUALSCREEN    = 0
04.06.2019 21:44:00.025 [00001c30] --- SM_CXVIRTUALSCREEN   = 3840
04.06.2019 21:44:00.025 [00001c30] --- SM_CYVIRTUALSCREEN   = 1200
04.06.2019 21:44:00.025 [00001c30] --- SM_CXCURSOR          = 32
04.06.2019 21:44:00.025 [00001c30] --- [\\.\DISPLAY1] [Radeon RX 580 Series] [MONITOR\ADVEF2D\{4d36e96e-e325-11ce-bfc1-08002be10318}\0017] [Generic PnP Monitor]
04.06.2019 21:44:00.025 [00001c30] --- Enumerated 1 displays
04.06.2019 21:44:00.025 [00001c30] --- Displays initialized
04.06.2019 21:44:00.025 [00001c30] --- Displays[0] M[00010001] HDC[0a01004b] GDC[04010049] L=0 T=0 R=3840 B=1200 RECT[0,0 3840x1200] N[\\.\DISPLAY1] M[Generic PnP Monitor] F[1] PROJ[2x1] MAPS[2]
04.06.2019 21:44:00.025 [00001c30] ---    Grouping G[0] N[0] GD[]
04.06.2019 21:44:00.025 [00001c30] --- ---
04.06.2019 21:44:00.025 [00001c30] --- hookD3D9
04.06.2019 21:44:00.025 [00001c30] --- DirectX9 dll=55e50000
04.06.2019 21:44:00.072 [00001c30] --- DirectX9 API detected
04.06.2019 21:44:00.072 [00001c30] --- DirectX9Ex API detected
04.06.2019 21:44:00.072 [00001c30] --- i1: InterfaceProc1
04.06.2019 21:44:00.072 [00001c30] --- interfaceFunc1 [\\.\DISPLAY1] totalMaps=2
04.06.2019 21:44:00.072 [00001c30] --- DXGI dll=85810000
04.06.2019 21:44:00.088 [00001c30] --- DirectX DXGI API CreateDXGIFactory detected 1
04.06.2019 21:44:00.119 [00001c30] --- DirectX DXGI API CreateDXGIFactory1 detected 1
04.06.2019 21:44:00.135 [00001c30] --- DirectX DXGI API CreateDXGIFactory2 detected 1
04.06.2019 21:44:00.135 [00001c30] --- DirectX DXGI API detected
04.06.2019 21:44:00.166 [00001c30] --- DirectX D3D11 API detected 1
04.06.2019 21:44:00.166 [00001c30] --- DirectX D3D12 API detected hd3d12=7ed40000
04.06.2019 21:44:00.181 [00001c30] --- DirectX D3D12 API detected 1
04.06.2019 21:44:00.181 [00001c30] --- hookOpenGL
04.06.2019 21:44:00.353 [00001c30] --- OpenGL API detected
04.06.2019 21:44:00.463 [00000f38] --- D3D11CreateDevice ADAPTER NULL
04.06.2019 21:44:00.478 [0000065c] --- D3D11CreateDevice ADAPTER Description=Radeon RX 580 Series
04.06.2019 21:44:00.478 [0000065c] --- Device FeatureLevels[0]=0000a100
04.06.2019 21:44:00.478 [00000f38] --- Device FeatureLevel -> 0000b000
04.06.2019 21:44:00.478 [0000065c] --- D3D11CreateDevice ADAPTER Description=Radeon RX 580 Series
04.06.2019 21:44:00.478 [0000065c] --- Device FeatureLevels[0]=0000c100
04.06.2019 21:44:00.478 [0000065c] --- Device FeatureLevels[1]=0000c000
04.06.2019 21:44:00.478 [0000065c] --- Device FeatureLevels[2]=0000b100
04.06.2019 21:44:00.478 [0000065c] --- Device FeatureLevels[3]=0000b000
04.06.2019 21:44:00.478 [0000065c] --- Device FeatureLevels[4]=0000a100
04.06.2019 21:44:00.478 [0000065c] --- Device FeatureLevels[5]=0000a000
04.06.2019 21:44:00.478 [0000065c] --- Device FeatureLevels[6]=00009300
04.06.2019 21:44:00.478 [0000065c] --- Device FeatureLevels[7]=00009200
04.06.2019 21:44:00.478 [0000065c] --- Device FeatureLevels[8]=00009100
04.06.2019 21:44:00.478 [0000065c] --- Device FeatureLevel -> 0000c000
04.06.2019 21:44:00.666 [0000065c] --- Win10SC_[01] Created
04.06.2019 21:44:00.666 [0000065c] --- shim Winmm hLib=84c20000
04.06.2019 21:44:00.666 [0000065c] --- shim Winmm 84c26050, 84c25f10, 84c21060, 84c21040
04.06.2019 21:44:00.674 [0000065c] --- WarpContext 52876040 Output=463af260 DeviceName=\\.\DISPLAY1 DesktopCoordinates(0,0 3840x1200) AttachedToDesktop=1 Rotation=1 (0)
04.06.2019 21:44:00.674 [0000065c] --- WarpContext 52876040 count 1
04.06.2019 21:44:00.674 [0000065c] --- GMOC[46a01028] DONE
04.06.2019 21:44:00.674 [0000065c] --- WarpContext[52876040] Monitor=00010001
04.06.2019 21:44:00.674 [0000065c] --- D3DXWrapper trying d3dx11_43.dll
04.06.2019 21:44:00.674 [0000065c] --- D3DXWrapper d3dx11_43.dll loaded
04.06.2019 21:44:00.674 [0000065c] --- WarpContext[52876040] D3DCompiler_47.DLL loaded directly
04.06.2019 21:44:00.674 [0000065c] --- SCISSORS 1
04.06.2019 21:44:00.674 [0000065c] --- ANISOTROPIC 4
04.06.2019 21:44:00.954 [0000065c] --- WarpContext 52876040 T(3840x1200) O(3840x1200) enableRotation=0 rotateDegrees=0
04.06.2019 21:44:00.985 [0000065c] --- WarpContext[52876040] CreateAllWarpingResources S=1 R=85 Warping=1
04.06.2019 21:44:00.985 [0000065c] --- Cursor warping SSC=883748e0
04.06.2019 21:44:00.985 [0000065c] ### Cursor clear cache CC[0]
04.06.2019 21:44:00.986 [0000065c] ### Present[52876040] S
04.06.2019 21:44:00.987 [0000065c] ### Present[52876040] uSOPSAS
04.06.2019 21:44:00.987 [0000065c] ### Present[52876040] uSNPSAS
04.06.2019 21:44:00.987 [0000065c] ### Present[52876040] CR
04.06.2019 21:44:00.987 [0000065c] ### Present[52876040] OMSRT
04.06.2019 21:44:00.988 [0000065c] ### Present[52876040] uDC
04.06.2019 21:44:00.988 [0000065c] ### Present[52876040] OMSRT
04.06.2019 21:44:00.992 [0000065c] ### Present[52876040] uRBT
04.06.2019 21:44:00.992 [0000065c] ### Present[52876040] OMSRT
04.06.2019 21:44:00.992 [0000065c] ### Present[52876040] uDG
04.06.2019 21:44:00.992 [0000065c] ### Present[52876040] uROPSAS
04.06.2019 21:44:00.992 [0000065c] ### Present[52876040] E
04.06.2019 21:44:46.333 [0000065c] --- GMOC[46a01028] DONE
