04.06.2019 14:13:26.661 [000010bc] ??? OSM handle == NULL error=2
04.06.2019 14:13:26.661 [000010bc] ^^^ SC trying session1
--- [2]
04.06.2019 14:13:26.661 [000010bc] --- App --- Immersive Display PRO v3.0.5 (01.01.2019)
04.06.2019 14:13:26.661 [000010bc] --- OS 6:2 Microsoft Windows 8 Professional (build 9200), 64-bit 7(0) 8(1) 8.1(0) 10(0)
04.06.2019 14:13:26.661 [000010bc] --- Process64 C:\ProgramData\Microsoft\Windows Defender\platform\4.18.1905.4-0\MpCmdRun.exe
04.06.2019 14:13:26.661 [000010bc] --- CmdLine ["C:\ProgramData\Microsoft\Windows Defender\platform\4.18.1905.4-0\MpCmdRun.exe" SignatureUpdate -ScheduleJob -RestrictPrivileges -Reinvoke]
04.06.2019 14:13:26.661 [000010bc] --- Enumerating displays ...
04.06.2019 14:13:26.661 [000010bc] --- SM_CMONITORS         = 1
04.06.2019 14:13:26.661 [000010bc] --- SM_SAMEDISPLAYFORMAT = 1
04.06.2019 14:13:26.661 [000010bc] --- SM_XVIRTUALSCREEN    = 0
04.06.2019 14:13:26.661 [000010bc] --- SM_YVIRTUALSCREEN    = 0
04.06.2019 14:13:26.661 [000010bc] --- SM_CXVIRTUALSCREEN   = 1024
04.06.2019 14:13:26.661 [000010bc] --- SM_CYVIRTUALSCREEN   = 768
04.06.2019 14:13:26.661 [000010bc] --- SM_CXCURSOR          = 32
04.06.2019 14:13:26.661 [000010bc] ??? No displays enumerated. Retry later
04.06.2019 14:13:26.661 [000010bc] --- hookD3D9
04.06.2019 14:13:26.662 [000010bc] --- DirectX9 dll=56cb0000
04.06.2019 14:13:26.704 [000010bc] --- DirectX9 API detected
04.06.2019 14:13:26.704 [000010bc] --- DirectX9Ex API detected
04.06.2019 14:13:26.704 [000010bc] --- i1: InterfaceProc1
04.06.2019 14:13:26.704 [000010bc] --- DXGI dll=7ce30000
04.06.2019 14:13:26.724 [000010bc] --- DirectX DXGI API CreateDXGIFactory detected 1
04.06.2019 14:13:26.744 [000010bc] --- DirectX DXGI API CreateDXGIFactory1 detected 1
04.06.2019 14:13:26.764 [000010bc] --- DirectX DXGI API CreateDXGIFactory2 detected 1
04.06.2019 14:13:26.764 [000010bc] --- DirectX DXGI API detected
04.06.2019 14:13:26.765 [000010bc] --- DirectX D3D12 API detected hd3d12=75c40000
04.06.2019 14:13:26.785 [000010bc] --- DirectX D3D12 API detected 1
04.06.2019 14:13:26.785 [000010bc] --- hookOpenGL
04.06.2019 14:13:26.928 [000010bc] --- OpenGL API detected
04.06.2019 14:17:27.341 [000010bc] --- PROCESS DETACH
