05.06.2019 12:00:49.319 [0000252c] --- App --- Immersive Display PRO v3.0.5 (01.01.2019)
05.06.2019 12:00:49.319 [0000252c] --- OS 6:2 Microsoft Windows 8 Professional (build 9200), 64-bit 7(0) 8(1) 8.1(0) 10(0)
05.06.2019 12:00:49.319 [0000252c] --- Process64 C:\Users\own\scoop\apps\git\current\cmd\git.exe
05.06.2019 12:00:49.319 [0000252c] --- CmdLine ["C:\Users\own\scoop\apps\git\current\cmd\git.exe"  push]
05.06.2019 12:00:49.319 [0000252c] --- Enumerating displays ...
05.06.2019 12:00:49.320 [0000252c] --- Device N[\\.\DISPLAY1] S[Radeon RX 580 Series] M[Generic PnP Monitor] F[desktop primary ]
05.06.2019 12:00:49.320 [0000252c] --- Device N[\\.\DISPLAY2] S[Radeon RX 580 Series] M[] F[]
05.06.2019 12:00:49.321 [0000252c] --- Device N[\\.\DISPLAY3] S[Radeon RX 580 Series] M[] F[]
05.06.2019 12:00:49.321 [0000252c] --- Device N[\\.\DISPLAY4] S[Radeon RX 580 Series] M[] F[]
05.06.2019 12:00:49.322 [0000252c] --- Device N[\\.\DISPLAY5] S[Radeon RX 580 Series] M[] F[]
05.06.2019 12:00:49.322 [0000252c] --- Device N[\\.\DISPLAY6] S[Radeon RX 580 Series] M[] F[]
05.06.2019 12:00:49.323 [0000252c] --- Device N[\\.\DISPLAY7] S[Radeon RX 580 Series] M[] F[]
05.06.2019 12:00:49.324 [0000252c] --- Device N[\\.\DISPLAY8] S[Radeon RX 580 Series] M[] F[]
05.06.2019 12:00:49.324 [0000252c] --- SM_CMONITORS         = 1
05.06.2019 12:00:49.324 [0000252c] --- SM_SAMEDISPLAYFORMAT = 1
05.06.2019 12:00:49.324 [0000252c] --- SM_XVIRTUALSCREEN    = 0
05.06.2019 12:00:49.324 [0000252c] --- SM_YVIRTUALSCREEN    = 0
05.06.2019 12:00:49.324 [0000252c] --- SM_CXVIRTUALSCREEN   = 3840
05.06.2019 12:00:49.324 [0000252c] --- SM_CYVIRTUALSCREEN   = 1200
05.06.2019 12:00:49.324 [0000252c] --- SM_CXCURSOR          = 32
05.06.2019 12:00:49.326 [0000252c] --- [\\.\DISPLAY1] [Radeon RX 580 Series] [MONITOR\ADVEF2D\{4d36e96e-e325-11ce-bfc1-08002be10318}\0017] [Generic PnP Monitor]
05.06.2019 12:00:49.327 [0000252c] --- Enumerated 1 displays
05.06.2019 12:00:49.327 [0000252c] --- Displays initialized
05.06.2019 12:00:49.327 [0000252c] --- Displays[0] M[00010001] HDC[e4011458] GDC[46011196] L=0 T=0 R=3840 B=1200 RECT[0,0 3840x1200] N[\\.\DISPLAY1] M[Generic PnP Monitor] F[1] PROJ[2x1] MAPS[2]
05.06.2019 12:00:49.327 [0000252c] ---    Grouping G[0] N[0] GD[]
05.06.2019 12:00:49.327 [0000252c] --- ---
05.06.2019 12:00:49.327 [0000252c] --- hookD3D9
05.06.2019 12:00:49.328 [0000252c] --- DirectX9 dll=670a0000
05.06.2019 12:00:49.387 [0000252c] --- DirectX9 API detected
05.06.2019 12:00:49.387 [0000252c] --- DirectX9Ex API detected
05.06.2019 12:00:49.387 [0000252c] --- i1: InterfaceProc1
05.06.2019 12:00:49.387 [0000252c] --- interfaceFunc1 [\\.\DISPLAY1] totalMaps=2
05.06.2019 12:00:49.387 [0000252c] --- DXGI dll=95b60000
05.06.2019 12:00:49.417 [0000252c] --- DirectX DXGI API CreateDXGIFactory detected 1
05.06.2019 12:00:49.445 [0000252c] --- DirectX DXGI API CreateDXGIFactory1 detected 1
05.06.2019 12:00:49.474 [0000252c] --- DirectX DXGI API CreateDXGIFactory2 detected 1
05.06.2019 12:00:49.474 [0000252c] --- DirectX DXGI API detected
05.06.2019 12:00:49.475 [0000252c] --- DirectX D3D12 API detected hd3d12=8f360000
05.06.2019 12:00:49.504 [0000252c] --- DirectX D3D12 API detected 1
05.06.2019 12:00:49.504 [0000252c] --- hookOpenGL
05.06.2019 12:00:49.717 [0000252c] --- OpenGL API detected
05.06.2019 12:01:02.533 [0000252c] --- PROCESS DETACH
