05.06.2019 11:15:53.724 [00002180] --- App --- Immersive Display PRO v3.0.5 (01.01.2019)
05.06.2019 11:15:53.724 [00002180] --- OS 6:2 Microsoft Windows 8 Professional (build 9200), 64-bit 7(0) 8(1) 8.1(0) 10(0)
05.06.2019 11:15:53.724 [00002180] --- Process64 C:\Users\own\scoop\apps\git\2.21.0.windows.1\mingw64\libexec\git-core\git.exe
05.06.2019 11:15:53.724 [00002180] --- CmdLine [git gc --auto]
05.06.2019 11:15:53.724 [00002180] --- Enumerating displays ...
05.06.2019 11:15:53.725 [00002180] --- Device N[\\.\DISPLAY1] S[Radeon RX 580 Series] M[Generic PnP Monitor] F[desktop primary ]
05.06.2019 11:15:53.726 [00002180] --- Device N[\\.\DISPLAY2] S[Radeon RX 580 Series] M[] F[]
05.06.2019 11:15:53.726 [00002180] --- Device N[\\.\DISPLAY3] S[Radeon RX 580 Series] M[] F[]
05.06.2019 11:15:53.727 [00002180] --- Device N[\\.\DISPLAY4] S[Radeon RX 580 Series] M[] F[]
05.06.2019 11:15:53.727 [00002180] --- Device N[\\.\DISPLAY5] S[Radeon RX 580 Series] M[] F[]
05.06.2019 11:15:53.728 [00002180] --- Device N[\\.\DISPLAY6] S[Radeon RX 580 Series] M[] F[]
05.06.2019 11:15:53.728 [00002180] --- Device N[\\.\DISPLAY7] S[Radeon RX 580 Series] M[] F[]
05.06.2019 11:15:53.729 [00002180] --- Device N[\\.\DISPLAY8] S[Radeon RX 580 Series] M[] F[]
05.06.2019 11:15:53.729 [00002180] --- SM_CMONITORS         = 1
05.06.2019 11:15:53.729 [00002180] --- SM_SAMEDISPLAYFORMAT = 1
05.06.2019 11:15:53.729 [00002180] --- SM_XVIRTUALSCREEN    = 0
05.06.2019 11:15:53.729 [00002180] --- SM_YVIRTUALSCREEN    = 0
05.06.2019 11:15:53.729 [00002180] --- SM_CXVIRTUALSCREEN   = 3840
05.06.2019 11:15:53.729 [00002180] --- SM_CYVIRTUALSCREEN   = 1200
05.06.2019 11:15:53.729 [00002180] --- SM_CXCURSOR          = 32
05.06.2019 11:15:53.732 [00002180] --- [\\.\DISPLAY1] [Radeon RX 580 Series] [MONITOR\ADVEF2D\{4d36e96e-e325-11ce-bfc1-08002be10318}\0017] [Generic PnP Monitor]
05.06.2019 11:15:53.732 [00002180] --- Enumerated 1 displays
05.06.2019 11:15:53.732 [00002180] --- Displays initialized
05.06.2019 11:15:53.732 [00002180] --- Displays[0] M[00010001] HDC[250106d1] GDC[24010c8e] L=0 T=0 R=3840 B=1200 RECT[0,0 3840x1200] N[\\.\DISPLAY1] M[Generic PnP Monitor] F[1] PROJ[2x1] MAPS[2]
05.06.2019 11:15:53.732 [00002180] ---    Grouping G[0] N[0] GD[]
05.06.2019 11:15:53.732 [00002180] --- ---
05.06.2019 11:15:53.732 [00002180] --- hookD3D9
05.06.2019 11:15:53.733 [00002180] --- DirectX9 dll=feaf0000
05.06.2019 11:15:53.784 [00002180] --- DirectX9 API detected
05.06.2019 11:15:53.784 [00002180] --- DirectX9Ex API detected
05.06.2019 11:15:53.784 [00002180] --- i1: InterfaceProc1
05.06.2019 11:15:53.784 [00002180] --- interfaceFunc1 [\\.\DISPLAY1] totalMaps=2
05.06.2019 11:15:53.785 [00002180] --- DXGI dll=2d520000
05.06.2019 11:15:53.810 [00002180] --- DirectX DXGI API CreateDXGIFactory detected 1
05.06.2019 11:15:53.836 [00002180] --- DirectX DXGI API CreateDXGIFactory1 detected 1
05.06.2019 11:15:53.862 [00002180] --- DirectX DXGI API CreateDXGIFactory2 detected 1
05.06.2019 11:15:53.862 [00002180] --- DirectX DXGI API detected
05.06.2019 11:15:53.862 [00002180] --- DirectX D3D12 API detected hd3d12=26cf0000
05.06.2019 11:15:53.892 [00002180] --- DirectX D3D12 API detected 1
05.06.2019 11:15:53.892 [00002180] --- hookOpenGL
05.06.2019 11:15:54.074 [00002180] --- OpenGL API detected
05.06.2019 11:15:54.128 [00002180] --- PROCESS DETACH
