04.06.2019 21:25:43.754 [00001068] --- App --- Immersive Display PRO v3.0.5 (01.01.2019)
04.06.2019 21:25:43.754 [00001068] --- OS 6:2 Microsoft Windows 8 Professional (build 9200), 64-bit 7(0) 8(1) 8.1(0) 10(0)
04.06.2019 21:25:43.754 [00001068] --- Process64 C:\Program Files (x86)\Kindel Systems\MCE Controller\MCEControl.exe
04.06.2019 21:25:43.754 [00001068] --- CmdLine ["C:\Program Files (x86)\Kindel Systems\MCE Controller\MCEControl.exe" ]
04.06.2019 21:25:43.754 [00001068] --- Enumerating displays ...
04.06.2019 21:25:43.756 [00001068] --- Device N[\\.\DISPLAY1] S[Radeon RX 580 Series] M[Generic PnP Monitor] F[desktop ]
04.06.2019 21:25:43.758 [00001068] --- Device N[\\.\DISPLAY2] S[Radeon RX 580 Series] M[Generic PnP Monitor] F[desktop primary ]
04.06.2019 21:25:43.760 [00001068] --- Device N[\\.\DISPLAY3] S[Radeon RX 580 Series] M[] F[]
04.06.2019 21:25:43.761 [00001068] --- Device N[\\.\DISPLAY4] S[Radeon RX 580 Series] M[] F[]
04.06.2019 21:25:43.763 [00001068] --- Device N[\\.\DISPLAY5] S[Radeon RX 580 Series] M[] F[]
04.06.2019 21:25:43.765 [00001068] --- Device N[\\.\DISPLAY6] S[Radeon RX 580 Series] M[] F[]
04.06.2019 21:25:43.766 [00001068] --- Device N[\\.\DISPLAY7] S[Radeon RX 580 Series] M[] F[]
04.06.2019 21:25:43.768 [00001068] --- Device N[\\.\DISPLAY8] S[Radeon RX 580 Series] M[] F[]
04.06.2019 21:25:43.768 [00001068] --- SM_CMONITORS         = 2
04.06.2019 21:25:43.768 [00001068] --- SM_SAMEDISPLAYFORMAT = 1
04.06.2019 21:25:43.768 [00001068] --- SM_XVIRTUALSCREEN    = 0
04.06.2019 21:25:43.768 [00001068] --- SM_YVIRTUALSCREEN    = 0
04.06.2019 21:25:43.768 [00001068] --- SM_CXVIRTUALSCREEN   = 3840
04.06.2019 21:25:43.768 [00001068] --- SM_CYVIRTUALSCREEN   = 1200
04.06.2019 21:25:43.768 [00001068] --- SM_CXCURSOR          = 32
04.06.2019 21:25:43.772 [00001068] --- [\\.\DISPLAY1] [Radeon RX 580 Series] [MONITOR\SECA70B\{4d36e96e-e325-11ce-bfc1-08002be10318}\0016] [Generic PnP Monitor]
04.06.2019 21:25:43.774 [00001068] --- [\\.\DISPLAY2] [Radeon RX 580 Series] [MONITOR\SECA70B\{4d36e96e-e325-11ce-bfc1-08002be10318}\0015] [Generic PnP Monitor]
04.06.2019 21:25:43.775 [00001068] --- Enumerated 2 displays
04.06.2019 21:25:43.775 [00001068] --- Displays initialized
04.06.2019 21:25:43.775 [00001068] --- Displays[0] M[00010003] HDC[21010dd6] GDC[04010dd8] L=1920 T=0 R=3840 B=1200 RECT[1920,0 1920x1200] N[\\.\DISPLAY1] M[Generic PnP Monitor] F[0] PROJ[0x0] MAPS[0]
04.06.2019 21:25:43.775 [00001068] ---    Grouping G[0] N[0] GD[]
04.06.2019 21:25:43.775 [00001068] --- Displays[1] M[00010001] HDC[01010dd9] GDC[00010dda] L=0 T=0 R=1920 B=1200 RECT[0,0 1920x1200] N[\\.\DISPLAY2] M[Generic PnP Monitor] F[1] PROJ[0x0] MAPS[0]
04.06.2019 21:25:43.775 [00001068] ---    Grouping G[0] N[0] GD[]
04.06.2019 21:25:43.775 [00001068] --- ---
04.06.2019 21:25:43.775 [00001068] --- hookD3D9
04.06.2019 21:25:43.776 [00001068] --- DirectX9 dll=68590000
04.06.2019 21:25:43.829 [00001068] --- DirectX9 API detected
04.06.2019 21:25:43.829 [00001068] --- DirectX9Ex API detected
04.06.2019 21:25:43.829 [00001068] --- i1: InterfaceProc1
04.06.2019 21:25:43.829 [00001068] --- DXGI dll=7a520000
04.06.2019 21:25:43.856 [00001068] --- DirectX DXGI API CreateDXGIFactory detected 1
04.06.2019 21:25:43.883 [00001068] --- DirectX DXGI API CreateDXGIFactory1 detected 1
04.06.2019 21:25:43.909 [00001068] --- DirectX DXGI API CreateDXGIFactory2 detected 1
04.06.2019 21:25:43.910 [00001068] --- DirectX DXGI API detected
04.06.2019 21:25:43.910 [00001068] --- DirectX D3D12 API detected hd3d12=73c90000
04.06.2019 21:25:43.937 [00001068] --- DirectX D3D12 API detected 1
04.06.2019 21:25:43.937 [00001068] --- hookOpenGL
04.06.2019 21:25:44.126 [00001068] --- OpenGL API detected
