04.06.2019 21:27:03.568 [00002688] --- App --- Immersive Display PRO v3.0.5 (01.01.2019)
04.06.2019 21:27:03.568 [00002688] --- OS 6:2 Microsoft Windows 8 Professional (build 9200), 64-bit 7(0) 8(1) 8.1(0) 10(0)
04.06.2019 21:27:03.568 [00002688] --- Process64 C:\Program Files (x86)\AMD\CNext\CCCSlim\CLI.exe
04.06.2019 21:27:03.568 [00002688] --- CmdLine ["C:\Program Files (x86)\AMD\CNext\CCCSlim\CLI.exe"  start dashboard LeafName=Leaf_DM_SLSMiddleMode]
04.06.2019 21:27:03.568 [00002688] --- Enumerating displays ...
04.06.2019 21:27:03.568 [00002688] --- Device N[\\.\DISPLAY1] S[Radeon RX 580 Series] M[] F[]
04.06.2019 21:27:03.568 [00002688] --- Device N[\\.\DISPLAY2] S[Radeon RX 580 Series] M[Generic PnP Monitor] F[desktop primary ]
04.06.2019 21:27:03.568 [00002688] --- Device N[\\.\DISPLAY3] S[Radeon RX 580 Series] M[] F[]
04.06.2019 21:27:03.568 [00002688] --- Device N[\\.\DISPLAY4] S[Radeon RX 580 Series] M[] F[]
04.06.2019 21:27:03.568 [00002688] --- Device N[\\.\DISPLAY5] S[Radeon RX 580 Series] M[] F[]
04.06.2019 21:27:03.568 [00002688] --- Device N[\\.\DISPLAY6] S[Radeon RX 580 Series] M[] F[]
04.06.2019 21:27:03.568 [00002688] --- Device N[\\.\DISPLAY7] S[Radeon RX 580 Series] M[] F[]
04.06.2019 21:27:03.568 [00002688] --- Device N[\\.\DISPLAY8] S[Radeon RX 580 Series] M[] F[]
04.06.2019 21:27:03.568 [00002688] --- SM_CMONITORS         = 1
04.06.2019 21:27:03.568 [00002688] --- SM_SAMEDISPLAYFORMAT = 1
04.06.2019 21:27:03.568 [00002688] --- SM_XVIRTUALSCREEN    = 0
04.06.2019 21:27:03.568 [00002688] --- SM_YVIRTUALSCREEN    = 0
04.06.2019 21:27:03.568 [00002688] --- SM_CXVIRTUALSCREEN   = 3840
04.06.2019 21:27:03.568 [00002688] --- SM_CYVIRTUALSCREEN   = 1200
04.06.2019 21:27:03.568 [00002688] --- SM_CXCURSOR          = 32
04.06.2019 21:27:03.584 [00002688] --- [\\.\DISPLAY2] [Radeon RX 580 Series] [MONITOR\ADVEF2D\{4d36e96e-e325-11ce-bfc1-08002be10318}\0017] [Generic PnP Monitor]
04.06.2019 21:27:03.584 [00002688] --- Enumerated 1 displays
04.06.2019 21:27:03.584 [00002688] --- Displays initialized
04.06.2019 21:27:03.584 [00002688] --- Displays[0] M[002a057b] HDC[92010e17] GDC[74010e49] L=0 T=0 R=3840 B=1200 RECT[0,0 3840x1200] N[\\.\DISPLAY2] M[Generic PnP Monitor] F[1] PROJ[0x0] MAPS[0]
04.06.2019 21:27:03.584 [00002688] ---    Grouping G[0] N[0] GD[]
04.06.2019 21:27:03.584 [00002688] --- ---
04.06.2019 21:27:03.584 [00002688] --- hookD3D9
04.06.2019 21:27:03.584 [00002688] --- DirectX9 dll=68590000
04.06.2019 21:27:03.650 [00002688] --- DirectX9 API detected
04.06.2019 21:27:03.650 [00002688] --- DirectX9Ex API detected
04.06.2019 21:27:03.650 [00002688] --- i1: InterfaceProc1
04.06.2019 21:27:03.650 [00002688] --- DXGI dll=7a520000
04.06.2019 21:27:03.680 [00002688] --- DirectX DXGI API CreateDXGIFactory detected 1
04.06.2019 21:27:03.699 [00002688] --- DirectX DXGI API CreateDXGIFactory1 detected 1
04.06.2019 21:27:03.735 [00002688] --- DirectX DXGI API CreateDXGIFactory2 detected 1
04.06.2019 21:27:03.735 [00002688] --- DirectX DXGI API detected
04.06.2019 21:27:03.735 [00002688] --- DirectX D3D12 API detected hd3d12=73c90000
04.06.2019 21:27:03.765 [00002688] --- DirectX D3D12 API detected 1
04.06.2019 21:27:03.765 [00002688] --- hookOpenGL
04.06.2019 21:27:03.973 [00002688] --- OpenGL API detected
