04.06.2019 21:50:37.341 [00000374] --- App --- Immersive Display PRO v3.0.5 (01.01.2019)
04.06.2019 21:50:37.341 [00000374] --- OS 6:2 Microsoft Windows 8 Professional (build 9200), 64-bit 7(0) 8(1) 8.1(0) 10(0)
04.06.2019 21:50:37.341 [00000374] --- Process64 C:\Program Files (x86)\Kindel Systems\MCE Controller\MCEControl.exe
04.06.2019 21:50:37.341 [00000374] --- CmdLine ["C:\Program Files (x86)\Kindel Systems\MCE Controller\MCEControl.exe" ]
04.06.2019 21:50:37.341 [00000374] --- Enumerating displays ...
04.06.2019 21:50:37.341 [00000374] --- Device N[\\.\DISPLAY1] S[Radeon RX 580 Series] M[Generic PnP Monitor] F[desktop primary ]
04.06.2019 21:50:37.341 [00000374] --- Device N[\\.\DISPLAY2] S[Radeon RX 580 Series] M[] F[]
04.06.2019 21:50:37.341 [00000374] --- Device N[\\.\DISPLAY3] S[Radeon RX 580 Series] M[] F[]
04.06.2019 21:50:37.341 [00000374] --- Device N[\\.\DISPLAY4] S[Radeon RX 580 Series] M[] F[]
04.06.2019 21:50:37.341 [00000374] --- Device N[\\.\DISPLAY5] S[Radeon RX 580 Series] M[] F[]
04.06.2019 21:50:37.341 [00000374] --- Device N[\\.\DISPLAY6] S[Radeon RX 580 Series] M[] F[]
04.06.2019 21:50:37.357 [00000374] --- Device N[\\.\DISPLAY7] S[Radeon RX 580 Series] M[] F[]
04.06.2019 21:50:37.357 [00000374] --- Device N[\\.\DISPLAY8] S[Radeon RX 580 Series] M[] F[]
04.06.2019 21:50:37.357 [00000374] --- SM_CMONITORS         = 1
04.06.2019 21:50:37.357 [00000374] --- SM_SAMEDISPLAYFORMAT = 1
04.06.2019 21:50:37.357 [00000374] --- SM_XVIRTUALSCREEN    = 0
04.06.2019 21:50:37.357 [00000374] --- SM_YVIRTUALSCREEN    = 0
04.06.2019 21:50:37.357 [00000374] --- SM_CXVIRTUALSCREEN   = 3840
04.06.2019 21:50:37.357 [00000374] --- SM_CYVIRTUALSCREEN   = 1200
04.06.2019 21:50:37.357 [00000374] --- SM_CXCURSOR          = 32
04.06.2019 21:50:37.357 [00000374] --- [\\.\DISPLAY1] [Radeon RX 580 Series] [MONITOR\ADVEF2D\{4d36e96e-e325-11ce-bfc1-08002be10318}\0017] [Generic PnP Monitor]
04.06.2019 21:50:37.357 [00000374] --- Enumerated 1 displays
04.06.2019 21:50:37.357 [00000374] --- Displays initialized
04.06.2019 21:50:37.357 [00000374] --- Displays[0] M[00010001] HDC[3b010b36] GDC[16010b65] L=0 T=0 R=3840 B=1200 RECT[0,0 3840x1200] N[\\.\DISPLAY1] M[Generic PnP Monitor] F[1] PROJ[0x0] MAPS[0]
04.06.2019 21:50:37.357 [00000374] ---    Grouping G[0] N[0] GD[]
04.06.2019 21:50:37.357 [00000374] --- ---
04.06.2019 21:50:37.357 [00000374] --- hookD3D9
04.06.2019 21:50:37.357 [00000374] --- DirectX9 dll=82790000
04.06.2019 21:50:37.404 [00000374] --- DirectX9 API detected
04.06.2019 21:50:37.404 [00000374] --- DirectX9Ex API detected
04.06.2019 21:50:37.404 [00000374] --- i1: InterfaceProc1
04.06.2019 21:50:37.404 [00000374] --- DXGI dll=b1270000
04.06.2019 21:50:37.419 [00000374] --- DirectX DXGI API CreateDXGIFactory detected 1
04.06.2019 21:50:37.451 [00000374] --- DirectX DXGI API CreateDXGIFactory1 detected 1
04.06.2019 21:50:37.466 [00000374] --- DirectX DXGI API CreateDXGIFactory2 detected 1
04.06.2019 21:50:37.466 [00000374] --- DirectX DXGI API detected
04.06.2019 21:50:37.466 [00000374] --- DirectX D3D12 API detected hd3d12=aa8c0000
04.06.2019 21:50:37.497 [00000374] --- DirectX D3D12 API detected 1
04.06.2019 21:50:37.497 [00000374] --- hookOpenGL
04.06.2019 21:50:37.654 [00000374] --- OpenGL API detected
