05.06.2019 11:37:32.223 [00002340] --- App --- Immersive Display PRO v3.0.5 (01.01.2019)
05.06.2019 11:37:32.223 [00002340] --- OS 6:2 Microsoft Windows 8 Professional (build 9200), 64-bit 7(0) 8(1) 8.1(0) 10(0)
05.06.2019 11:37:32.223 [00002340] --- Process64 C:\Program Files\AMD\Performance Profile Client\AUEPUF.exe
05.06.2019 11:37:32.223 [00002340] --- CmdLine [AUEPUF.exe]
05.06.2019 11:37:32.223 [00002340] --- Enumerating displays ...
05.06.2019 11:37:32.223 [00002340] --- Device N[\\.\DISPLAY1] S[Radeon RX 580 Series] M[Generic PnP Monitor] F[desktop primary ]
05.06.2019 11:37:32.224 [00002340] --- Device N[\\.\DISPLAY2] S[Radeon RX 580 Series] M[] F[]
05.06.2019 11:37:32.224 [00002340] --- Device N[\\.\DISPLAY3] S[Radeon RX 580 Series] M[] F[]
05.06.2019 11:37:32.225 [00002340] --- Device N[\\.\DISPLAY4] S[Radeon RX 580 Series] M[] F[]
05.06.2019 11:37:32.225 [00002340] --- Device N[\\.\DISPLAY5] S[Radeon RX 580 Series] M[] F[]
05.06.2019 11:37:32.226 [00002340] --- Device N[\\.\DISPLAY6] S[Radeon RX 580 Series] M[] F[]
05.06.2019 11:37:32.226 [00002340] --- Device N[\\.\DISPLAY7] S[Radeon RX 580 Series] M[] F[]
05.06.2019 11:37:32.227 [00002340] --- Device N[\\.\DISPLAY8] S[Radeon RX 580 Series] M[] F[]
05.06.2019 11:37:32.227 [00002340] --- SM_CMONITORS         = 1
05.06.2019 11:37:32.227 [00002340] --- SM_SAMEDISPLAYFORMAT = 1
05.06.2019 11:37:32.227 [00002340] --- SM_XVIRTUALSCREEN    = 0
05.06.2019 11:37:32.227 [00002340] --- SM_YVIRTUALSCREEN    = 0
05.06.2019 11:37:32.227 [00002340] --- SM_CXVIRTUALSCREEN   = 3840
05.06.2019 11:37:32.227 [00002340] --- SM_CYVIRTUALSCREEN   = 1200
05.06.2019 11:37:32.227 [00002340] --- SM_CXCURSOR          = 32
05.06.2019 11:37:32.229 [00002340] --- [\\.\DISPLAY1] [Radeon RX 580 Series] [MONITOR\ADVEF2D\{4d36e96e-e325-11ce-bfc1-08002be10318}\0017] [Generic PnP Monitor]
05.06.2019 11:37:32.229 [00002340] --- Enumerated 1 displays
05.06.2019 11:37:32.229 [00002340] --- Displays initialized
05.06.2019 11:37:32.229 [00002340] --- Displays[0] M[00010001] HDC[8601019a] GDC[72010c49] L=0 T=0 R=3840 B=1200 RECT[0,0 3840x1200] N[\\.\DISPLAY1] M[Generic PnP Monitor] F[1] PROJ[2x1] MAPS[2]
05.06.2019 11:37:32.229 [00002340] ---    Grouping G[0] N[0] GD[]
05.06.2019 11:37:32.229 [00002340] --- ---
05.06.2019 11:37:32.229 [00002340] --- hookD3D9
05.06.2019 11:37:32.230 [00002340] --- DirectX9 dll=5c690000
05.06.2019 11:37:32.266 [00002340] --- DirectX9 API detected
05.06.2019 11:37:32.266 [00002340] --- DirectX9Ex API detected
05.06.2019 11:37:32.266 [00002340] --- i1: InterfaceProc1
05.06.2019 11:37:32.266 [00002340] --- interfaceFunc1 [\\.\DISPLAY1] totalMaps=2
05.06.2019 11:37:32.267 [00002340] --- DXGI dll=8b0e0000
05.06.2019 11:37:32.284 [00002340] --- DirectX DXGI API CreateDXGIFactory detected 1
05.06.2019 11:37:32.302 [00002340] --- DirectX DXGI API CreateDXGIFactory1 detected 1
05.06.2019 11:37:32.319 [00002340] --- DirectX DXGI API CreateDXGIFactory2 detected 1
05.06.2019 11:37:32.319 [00002340] --- DirectX DXGI API detected
05.06.2019 11:37:32.320 [00002340] --- DirectX D3D12 API detected hd3d12=842e0000
05.06.2019 11:37:32.337 [00002340] --- DirectX D3D12 API detected 1
05.06.2019 11:37:32.337 [00002340] --- hookOpenGL
05.06.2019 11:37:32.462 [00002340] --- OpenGL API detected
