04.06.2019 13:45:08.551 [00000338] --- App --- Immersive Display PRO v3.0.5 (01.01.2019)
04.06.2019 13:45:08.551 [00000338] --- OS 6:2 Microsoft Windows 8 Professional (build 9200), 64-bit 7(0) 8(1) 8.1(0) 10(0)
04.06.2019 13:45:08.551 [00000338] --- Process64 C:\boch-wall\UnityCrashHandler64.exe
04.06.2019 13:45:08.551 [00000338] --- CmdLine ["C:\boch-wall\UnityCrashHandler64.exe" --attach 5884 1793387073536]
04.06.2019 13:45:08.551 [00000338] --- Enumerating displays ...
04.06.2019 13:45:08.552 [00000338] --- Device N[\\.\DISPLAY1] S[Radeon RX 580 Series] M[Generic PnP Monitor] F[desktop primary ]
04.06.2019 13:45:08.552 [00000338] --- Device N[\\.\DISPLAY2] S[Radeon RX 580 Series] M[] F[]
04.06.2019 13:45:08.553 [00000338] --- Device N[\\.\DISPLAY3] S[Radeon RX 580 Series] M[] F[]
04.06.2019 13:45:08.553 [00000338] --- Device N[\\.\DISPLAY4] S[Radeon RX 580 Series] M[] F[]
04.06.2019 13:45:08.554 [00000338] --- Device N[\\.\DISPLAY5] S[Radeon RX 580 Series] M[] F[]
04.06.2019 13:45:08.554 [00000338] --- Device N[\\.\DISPLAY6] S[Radeon RX 580 Series] M[] F[]
04.06.2019 13:45:08.555 [00000338] --- Device N[\\.\DISPLAY7] S[Radeon RX 580 Series] M[] F[]
04.06.2019 13:45:08.555 [00000338] --- Device N[\\.\DISPLAY8] S[Radeon RX 580 Series] M[] F[]
04.06.2019 13:45:08.555 [00000338] --- SM_CMONITORS         = 1
04.06.2019 13:45:08.555 [00000338] --- SM_SAMEDISPLAYFORMAT = 1
04.06.2019 13:45:08.555 [00000338] --- SM_XVIRTUALSCREEN    = 0
04.06.2019 13:45:08.555 [00000338] --- SM_YVIRTUALSCREEN    = 0
04.06.2019 13:45:08.555 [00000338] --- SM_CXVIRTUALSCREEN   = 3840
04.06.2019 13:45:08.555 [00000338] --- SM_CYVIRTUALSCREEN   = 1200
04.06.2019 13:45:08.555 [00000338] --- SM_CXCURSOR          = 32
04.06.2019 13:45:08.558 [00000338] --- [\\.\DISPLAY1] [Radeon RX 580 Series] [MONITOR\ADVEF2D\{4d36e96e-e325-11ce-bfc1-08002be10318}\0013] [Generic PnP Monitor]
04.06.2019 13:45:08.558 [00000338] --- Enumerated 1 displays
04.06.2019 13:45:08.558 [00000338] --- Displays initialized
04.06.2019 13:45:08.558 [00000338] --- Displays[0] M[00010001] HDC[43010c5d] GDC[6a010168] L=0 T=0 R=3840 B=1200 RECT[0,0 3840x1200] N[\\.\DISPLAY1] M[Generic PnP Monitor] F[1] PROJ[2x1] MAPS[2]
04.06.2019 13:45:08.558 [00000338] ---    Grouping G[0] N[0] GD[]
04.06.2019 13:45:08.558 [00000338] --- ---
04.06.2019 13:45:08.558 [00000338] --- hookD3D9
04.06.2019 13:45:08.559 [00000338] --- DirectX9 dll=56cb0000
04.06.2019 13:45:08.608 [00000338] --- DirectX9 API detected
04.06.2019 13:45:08.608 [00000338] --- DirectX9Ex API detected
04.06.2019 13:45:08.608 [00000338] --- i1: InterfaceProc1
04.06.2019 13:45:08.608 [00000338] --- interfaceFunc1 [\\.\DISPLAY1] totalMaps=2
04.06.2019 13:45:08.609 [00000338] --- DXGI dll=7ce30000
04.06.2019 13:45:08.633 [00000338] --- DirectX DXGI API CreateDXGIFactory detected 1
04.06.2019 13:45:08.657 [00000338] --- DirectX DXGI API CreateDXGIFactory1 detected 1
04.06.2019 13:45:08.680 [00000338] --- DirectX DXGI API CreateDXGIFactory2 detected 1
04.06.2019 13:45:08.680 [00000338] --- DirectX DXGI API detected
04.06.2019 13:45:08.681 [00000338] --- DirectX D3D12 API detected hd3d12=75c40000
04.06.2019 13:45:08.704 [00000338] --- DirectX D3D12 API detected 1
04.06.2019 13:45:08.704 [00000338] --- hookOpenGL
04.06.2019 13:45:08.868 [00000338] --- OpenGL API detected
04.06.2019 13:45:09.146 [00000338] --- PROCESS DETACH
