05.06.2019 06:58:12.253 [00001d58] ??? OSM handle == NULL error=2
05.06.2019 06:58:12.253 [00001d58] ^^^ SC trying session1
--- [2]
05.06.2019 06:58:12.253 [00001d58] --- App --- Immersive Display PRO v3.0.5 (01.01.2019)
05.06.2019 06:58:12.253 [00001d58] --- OS 6:2 Microsoft Windows 8 Professional (build 9200), 64-bit 7(0) 8(1) 8.1(0) 10(0)
05.06.2019 06:58:12.253 [00001d58] --- Process64 C:\Program Files\Intel\SUR\QUEENCREEK\x64\task.exe
05.06.2019 06:58:12.253 [00001d58] --- CmdLine ["C:\Program Files\Intel\SUR\QUEENCREEK\x64\task.exe"  ]
05.06.2019 06:58:12.253 [00001d58] --- Enumerating displays ...
05.06.2019 06:58:12.253 [00001d58] --- SM_CMONITORS         = 1
05.06.2019 06:58:12.253 [00001d58] --- SM_SAMEDISPLAYFORMAT = 1
05.06.2019 06:58:12.253 [00001d58] --- SM_XVIRTUALSCREEN    = 0
05.06.2019 06:58:12.253 [00001d58] --- SM_YVIRTUALSCREEN    = 0
05.06.2019 06:58:12.253 [00001d58] --- SM_CXVIRTUALSCREEN   = 1024
05.06.2019 06:58:12.253 [00001d58] --- SM_CYVIRTUALSCREEN   = 768
05.06.2019 06:58:12.253 [00001d58] --- SM_CXCURSOR          = 32
05.06.2019 06:58:12.253 [00001d58] ??? No displays enumerated. Retry later
05.06.2019 06:58:12.253 [00001d58] --- hookD3D9
05.06.2019 06:58:12.254 [00001d58] --- DirectX9 dll=d6de0000
05.06.2019 06:58:12.280 [00001d58] --- DirectX9 API detected
05.06.2019 06:58:12.280 [00001d58] --- DirectX9Ex API detected
05.06.2019 06:58:12.280 [00001d58] --- i1: InterfaceProc1
05.06.2019 06:58:12.280 [00001d58] --- DXGI dll=05830000
05.06.2019 06:58:12.293 [00001d58] --- DirectX DXGI API CreateDXGIFactory detected 1
05.06.2019 06:58:12.305 [00001d58] --- DirectX DXGI API CreateDXGIFactory1 detected 1
05.06.2019 06:58:12.317 [00001d58] --- DirectX DXGI API CreateDXGIFactory2 detected 1
05.06.2019 06:58:12.317 [00001d58] --- DirectX DXGI API detected
05.06.2019 06:58:12.318 [00001d58] --- DirectX D3D12 API detected hd3d12=ff080000
05.06.2019 06:58:12.342 [00001d58] --- DirectX D3D12 API detected 1
05.06.2019 06:58:12.342 [00001d58] --- hookOpenGL
05.06.2019 06:58:12.430 [00001d58] --- OpenGL API detected
05.06.2019 06:58:12.506 [00001d58] --- PROCESS DETACH
