04.06.2019 21:22:41.430 [00001b0c] --- App --- Immersive Display PRO v3.0.5 (01.01.2019)
04.06.2019 21:22:41.430 [00001b0c] --- OS 6:2 Microsoft Windows 8 Professional (build 9200), 64-bit 7(0) 8(1) 8.1(0) 10(0)
04.06.2019 21:22:41.430 [00001b0c] --- Process64 C:\Program Files (x86)\AMD\CNext\CCCSlim\CLI.exe
04.06.2019 21:22:41.430 [00001b0c] --- CmdLine ["C:\Program Files (x86)\AMD\CNext\CCCSlim\CLI.exe" shutdown]
04.06.2019 21:22:41.430 [00001b0c] --- Enumerating displays ...
04.06.2019 21:22:41.431 [00001b0c] --- Device N[\\.\DISPLAY1] S[Radeon RX 580 Series] M[Generic PnP Monitor] F[desktop ]
04.06.2019 21:22:41.432 [00001b0c] --- Device N[\\.\DISPLAY2] S[Radeon RX 580 Series] M[Generic PnP Monitor] F[desktop primary ]
04.06.2019 21:22:41.433 [00001b0c] --- Device N[\\.\DISPLAY3] S[Radeon RX 580 Series] M[] F[]
04.06.2019 21:22:41.434 [00001b0c] --- Device N[\\.\DISPLAY4] S[Radeon RX 580 Series] M[] F[]
04.06.2019 21:22:41.435 [00001b0c] --- Device N[\\.\DISPLAY5] S[Radeon RX 580 Series] M[] F[]
04.06.2019 21:22:41.436 [00001b0c] --- Device N[\\.\DISPLAY6] S[Radeon RX 580 Series] M[] F[]
04.06.2019 21:22:41.436 [00001b0c] --- SM_CMONITORS         = 2
04.06.2019 21:22:41.436 [00001b0c] --- SM_SAMEDISPLAYFORMAT = 1
04.06.2019 21:22:41.436 [00001b0c] --- SM_XVIRTUALSCREEN    = 0
04.06.2019 21:22:41.436 [00001b0c] --- SM_YVIRTUALSCREEN    = 0
04.06.2019 21:22:41.436 [00001b0c] --- SM_CXVIRTUALSCREEN   = 3840
04.06.2019 21:22:41.436 [00001b0c] --- SM_CYVIRTUALSCREEN   = 1200
04.06.2019 21:22:41.436 [00001b0c] --- SM_CXCURSOR          = 32
04.06.2019 21:22:41.440 [00001b0c] --- [\\.\DISPLAY1] [Radeon RX 580 Series] [MONITOR\SECA70B\{4d36e96e-e325-11ce-bfc1-08002be10318}\0016] [Generic PnP Monitor]
04.06.2019 21:22:41.441 [00001b0c] --- [\\.\DISPLAY2] [Radeon RX 580 Series] [MONITOR\SECA70B\{4d36e96e-e325-11ce-bfc1-08002be10318}\0015] [Generic PnP Monitor]
04.06.2019 21:22:41.441 [00001b0c] --- Enumerated 2 displays
04.06.2019 21:22:41.441 [00001b0c] --- Displays initialized
04.06.2019 21:22:41.441 [00001b0c] --- Displays[0] M[00010003] HDC[6f010878] GDC[100108cf] L=1920 T=0 R=3840 B=1200 RECT[1920,0 1920x1200] N[\\.\DISPLAY1] M[Generic PnP Monitor] F[0] PROJ[0x0] MAPS[0]
04.06.2019 21:22:41.441 [00001b0c] ---    Grouping G[0] N[0] GD[]
04.06.2019 21:22:41.441 [00001b0c] --- Displays[1] M[00010001] HDC[510108db] GDC[100108d1] L=0 T=0 R=1920 B=1200 RECT[0,0 1920x1200] N[\\.\DISPLAY2] M[Generic PnP Monitor] F[1] PROJ[0x0] MAPS[0]
04.06.2019 21:22:41.441 [00001b0c] ---    Grouping G[0] N[0] GD[]
04.06.2019 21:22:41.441 [00001b0c] --- ---
04.06.2019 21:22:41.441 [00001b0c] --- hookD3D9
04.06.2019 21:22:41.442 [00001b0c] --- DirectX9 dll=03460000
04.06.2019 21:22:41.483 [00001b0c] --- DirectX9 API detected
04.06.2019 21:22:41.483 [00001b0c] --- DirectX9Ex API detected
04.06.2019 21:22:41.483 [00001b0c] --- i1: InterfaceProc1
04.06.2019 21:22:41.484 [00001b0c] --- DXGI dll=1f3f0000
04.06.2019 21:22:41.505 [00001b0c] --- DirectX DXGI API CreateDXGIFactory detected 1
04.06.2019 21:22:41.526 [00001b0c] --- DirectX DXGI API CreateDXGIFactory1 detected 1
04.06.2019 21:22:41.546 [00001b0c] --- DirectX DXGI API CreateDXGIFactory2 detected 1
04.06.2019 21:22:41.546 [00001b0c] --- DirectX DXGI API detected
04.06.2019 21:22:41.547 [00001b0c] --- DirectX D3D12 API detected hd3d12=18bc0000
04.06.2019 21:22:41.568 [00001b0c] --- DirectX D3D12 API detected 1
04.06.2019 21:22:41.568 [00001b0c] --- hookOpenGL
04.06.2019 21:22:41.712 [00001b0c] --- OpenGL API detected
04.06.2019 21:22:41.889 [00001b0c] --- PROCESS DETACH
