05.06.2019 11:32:37.524 [000023bc] ??? OSM handle == NULL error=2
05.06.2019 11:32:37.524 [000023bc] ^^^ SC trying session1
--- [2]
05.06.2019 11:32:37.524 [000023bc] --- App --- Immersive Display PRO v3.0.5 (01.01.2019)
05.06.2019 11:32:37.524 [000023bc] --- OS 6:2 Microsoft Windows 8 Professional (build 9200), 64-bit 7(0) 8(1) 8.1(0) 10(0)
05.06.2019 11:32:37.524 [000023bc] --- Process32 C:\WINDOWS\sysWOW64\wbem\wmiprvse.exe
05.06.2019 11:32:37.524 [000023bc] --- CmdLine [C:\WINDOWS\sysWOW64\wbem\wmiprvse.exe -Embedding]
05.06.2019 11:32:37.524 [000023bc] --- Enumerating displays ...
05.06.2019 11:32:37.524 [000023bc] --- SM_CMONITORS         = 1
05.06.2019 11:32:37.524 [000023bc] --- SM_SAMEDISPLAYFORMAT = 1
05.06.2019 11:32:37.524 [000023bc] --- SM_XVIRTUALSCREEN    = 0
05.06.2019 11:32:37.524 [000023bc] --- SM_YVIRTUALSCREEN    = 0
05.06.2019 11:32:37.524 [000023bc] --- SM_CXVIRTUALSCREEN   = 1024
05.06.2019 11:32:37.524 [000023bc] --- SM_CYVIRTUALSCREEN   = 768
05.06.2019 11:32:37.524 [000023bc] --- SM_CXCURSOR          = 32
05.06.2019 11:32:37.524 [000023bc] ??? No displays enumerated. Retry later
05.06.2019 11:32:37.524 [000023bc] --- hookD3D9
05.06.2019 11:32:37.524 [000023bc] --- DirectX9 dll=03aa0000
05.06.2019 11:32:37.555 [000023bc] --- DirectX9 API detected
05.06.2019 11:32:37.555 [000023bc] --- DirectX9Ex API detected
05.06.2019 11:32:37.555 [000023bc] --- i1: InterfaceProc1
05.06.2019 11:32:37.555 [000023bc] --- DXGI dll=72830000
05.06.2019 11:32:37.586 [000023bc] --- DirectX DXGI API CreateDXGIFactory detected 1
05.06.2019 11:32:37.602 [000023bc] --- DirectX DXGI API CreateDXGIFactory1 detected 1
05.06.2019 11:32:37.618 [000023bc] --- DirectX DXGI API CreateDXGIFactory2 detected 1
05.06.2019 11:32:37.618 [000023bc] --- DirectX DXGI API detected
05.06.2019 11:32:37.618 [000023bc] --- DirectX D3D12 API detected hd3d12=72610000
05.06.2019 11:32:37.633 [000023bc] --- DirectX D3D12 API detected 1
05.06.2019 11:32:37.633 [000023bc] --- hookOpenGL
05.06.2019 11:32:37.790 [000023bc] --- OpenGL API detected
