04.06.2019 21:27:53.408 [00002924] ??? OSM handle == NULL error=2
04.06.2019 21:27:53.408 [00002924] ^^^ SC trying session1
--- [2]
04.06.2019 21:27:53.408 [00002924] --- App --- Immersive Display PRO v3.0.5 (01.01.2019)
04.06.2019 21:27:53.408 [00002924] --- OS 6:2 Microsoft Windows 8 Professional (build 9200), 64-bit 7(0) 8(1) 8.1(0) 10(0)
04.06.2019 21:27:53.408 [00002924] --- Process32 C:\Program Files\Intel\SUR\QUEENCREEK\Updater\bin\IntelSoftwareAssetManagerService.exe
04.06.2019 21:27:53.408 [00002924] --- CmdLine ["C:\Program Files\Intel\SUR\QUEENCREEK\Updater\bin\IntelSoftwareAssetManagerService.exe"]
04.06.2019 21:27:53.408 [00002924] --- Enumerating displays ...
04.06.2019 21:27:53.408 [00002924] --- SM_CMONITORS         = 1
04.06.2019 21:27:53.408 [00002924] --- SM_SAMEDISPLAYFORMAT = 1
04.06.2019 21:27:53.408 [00002924] --- SM_XVIRTUALSCREEN    = 0
04.06.2019 21:27:53.408 [00002924] --- SM_YVIRTUALSCREEN    = 0
04.06.2019 21:27:53.408 [00002924] --- SM_CXVIRTUALSCREEN   = 1024
04.06.2019 21:27:53.408 [00002924] --- SM_CYVIRTUALSCREEN   = 768
04.06.2019 21:27:53.408 [00002924] --- SM_CXCURSOR          = 32
04.06.2019 21:27:53.408 [00002924] ??? No displays enumerated. Retry later
04.06.2019 21:27:53.408 [00002924] --- hookD3D9
04.06.2019 21:27:53.424 [00002924] --- DirectX9 dll=70df0000
04.06.2019 21:27:53.455 [00002924] --- DirectX9 API detected
04.06.2019 21:27:53.455 [00002924] --- DirectX9Ex API detected
04.06.2019 21:27:53.455 [00002924] --- i1: InterfaceProc1
04.06.2019 21:27:53.455 [00002924] --- DXGI dll=71d00000
04.06.2019 21:27:53.486 [00002924] --- DirectX DXGI API CreateDXGIFactory detected 1
04.06.2019 21:27:53.502 [00002924] --- DirectX DXGI API CreateDXGIFactory1 detected 1
04.06.2019 21:27:53.533 [00002924] --- DirectX DXGI API CreateDXGIFactory2 detected 1
04.06.2019 21:27:53.533 [00002924] --- DirectX DXGI API detected
04.06.2019 21:27:53.533 [00002924] --- DirectX D3D12 API detected hd3d12=71b90000
04.06.2019 21:27:53.549 [00002924] --- DirectX D3D12 API detected 1
04.06.2019 21:27:53.549 [00002924] --- hookOpenGL
04.06.2019 21:27:53.721 [00002924] --- OpenGL API detected
04.06.2019 21:28:24.635 [00002924] --- PROCESS DETACH
