05.06.2019 11:20:28.778 [00000880] ??? OSM handle == NULL error=2
05.06.2019 11:20:28.778 [00000880] ^^^ SC trying session1
--- [2]
05.06.2019 11:20:28.778 [00000880] --- App --- Immersive Display PRO v3.0.5 (01.01.2019)
05.06.2019 11:20:28.778 [00000880] --- OS 6:2 Microsoft Windows 8 Professional (build 9200), 64-bit 7(0) 8(1) 8.1(0) 10(0)
05.06.2019 11:20:28.778 [00000880] --- Process32 C:\Program Files\Intel\SUR\QUEENCREEK\Updater\bin\IntelSoftwareAssetManagerService.exe
05.06.2019 11:20:28.778 [00000880] --- CmdLine ["C:\Program Files\Intel\SUR\QUEENCREEK\Updater\bin\IntelSoftwareAssetManagerService.exe" --automatic]
05.06.2019 11:20:28.778 [00000880] --- Enumerating displays ...
05.06.2019 11:20:28.778 [00000880] --- SM_CMONITORS         = 1
05.06.2019 11:20:28.778 [00000880] --- SM_SAMEDISPLAYFORMAT = 1
05.06.2019 11:20:28.778 [00000880] --- SM_XVIRTUALSCREEN    = 0
05.06.2019 11:20:28.778 [00000880] --- SM_YVIRTUALSCREEN    = 0
05.06.2019 11:20:28.778 [00000880] --- SM_CXVIRTUALSCREEN   = 1024
05.06.2019 11:20:28.778 [00000880] --- SM_CYVIRTUALSCREEN   = 768
05.06.2019 11:20:28.778 [00000880] --- SM_CXCURSOR          = 32
05.06.2019 11:20:28.778 [00000880] ??? No displays enumerated. Retry later
05.06.2019 11:20:28.778 [00000880] --- hookD3D9
05.06.2019 11:20:28.779 [00000880] --- DirectX9 dll=01cc0000
05.06.2019 11:20:28.818 [00000880] --- DirectX9 API detected
05.06.2019 11:20:28.818 [00000880] --- DirectX9Ex API detected
05.06.2019 11:20:28.818 [00000880] --- i1: InterfaceProc1
05.06.2019 11:20:28.818 [00000880] --- DXGI dll=72b20000
05.06.2019 11:20:28.837 [00000880] --- DirectX DXGI API CreateDXGIFactory detected 1
05.06.2019 11:20:28.856 [00000880] --- DirectX DXGI API CreateDXGIFactory1 detected 1
05.06.2019 11:20:28.874 [00000880] --- DirectX DXGI API CreateDXGIFactory2 detected 1
05.06.2019 11:20:28.874 [00000880] --- DirectX DXGI API detected
05.06.2019 11:20:28.875 [00000880] --- DirectX D3D12 API detected hd3d12=729b0000
05.06.2019 11:20:28.894 [00000880] --- DirectX D3D12 API detected 1
05.06.2019 11:20:28.894 [00000880] --- hookOpenGL
05.06.2019 11:20:29.044 [00000880] --- OpenGL API detected
05.06.2019 11:20:30.237 [00000880] --- PROCESS DETACH
