04.06.2019 13:56:04.348 [000008b4] --- App --- Immersive Display PRO v3.0.5 (01.01.2019)
04.06.2019 13:56:04.348 [000008b4] --- OS 6:2 Microsoft Windows 8 Professional (build 9200), 64-bit 7(0) 8(1) 8.1(0) 10(0)
04.06.2019 13:56:04.348 [000008b4] --- Process64 C:\boch-wall\MQTT_Json_Movie_MOC.exe
04.06.2019 13:56:04.348 [000008b4] --- CmdLine ["C:\boch-wall\MQTT_Json_Movie_MOC.exe" ]
04.06.2019 13:56:04.348 [000008b4] --- Enumerating displays ...
04.06.2019 13:56:04.349 [000008b4] --- Device N[\\.\DISPLAY1] S[Radeon RX 580 Series] M[Generic PnP Monitor] F[desktop primary ]
04.06.2019 13:56:04.350 [000008b4] --- Device N[\\.\DISPLAY2] S[Radeon RX 580 Series] M[] F[]
04.06.2019 13:56:04.351 [000008b4] --- Device N[\\.\DISPLAY3] S[Radeon RX 580 Series] M[] F[]
04.06.2019 13:56:04.352 [000008b4] --- Device N[\\.\DISPLAY4] S[Radeon RX 580 Series] M[] F[]
04.06.2019 13:56:04.353 [000008b4] --- Device N[\\.\DISPLAY5] S[Radeon RX 580 Series] M[] F[]
04.06.2019 13:56:04.354 [000008b4] --- Device N[\\.\DISPLAY6] S[Radeon RX 580 Series] M[] F[]
04.06.2019 13:56:04.355 [000008b4] --- Device N[\\.\DISPLAY7] S[Radeon RX 580 Series] M[] F[]
04.06.2019 13:56:04.356 [000008b4] --- Device N[\\.\DISPLAY8] S[Radeon RX 580 Series] M[] F[]
04.06.2019 13:56:04.357 [000008b4] --- SM_CMONITORS         = 1
04.06.2019 13:56:04.357 [000008b4] --- SM_SAMEDISPLAYFORMAT = 1
04.06.2019 13:56:04.357 [000008b4] --- SM_XVIRTUALSCREEN    = 0
04.06.2019 13:56:04.357 [000008b4] --- SM_YVIRTUALSCREEN    = 0
04.06.2019 13:56:04.357 [000008b4] --- SM_CXVIRTUALSCREEN   = 3840
04.06.2019 13:56:04.357 [000008b4] --- SM_CYVIRTUALSCREEN   = 1200
04.06.2019 13:56:04.357 [000008b4] --- SM_CXCURSOR          = 32
04.06.2019 13:56:04.360 [000008b4] --- [\\.\DISPLAY1] [Radeon RX 580 Series] [MONITOR\ADVEF2D\{4d36e96e-e325-11ce-bfc1-08002be10318}\0013] [Generic PnP Monitor]
04.06.2019 13:56:04.361 [000008b4] --- Enumerated 1 displays
04.06.2019 13:56:04.361 [000008b4] --- Displays initialized
04.06.2019 13:56:04.361 [000008b4] --- Displays[0] M[00010001] HDC[99010609] GDC[8a010b83] L=0 T=0 R=3840 B=1200 RECT[0,0 3840x1200] N[\\.\DISPLAY1] M[Generic PnP Monitor] F[1] PROJ[2x1] MAPS[2]
04.06.2019 13:56:04.361 [000008b4] ---    Grouping G[0] N[0] GD[]
04.06.2019 13:56:04.361 [000008b4] --- ---
04.06.2019 13:56:04.362 [000008b4] --- i1:Executable MQTT_Json_Movie_MOC.exe is excluded DX9
04.06.2019 13:56:04.362 [000008b4] --- DXGI dll=7ce30000
04.06.2019 13:56:04.387 [000008b4] --- DirectX DXGI API CreateDXGIFactory detected 1
04.06.2019 13:56:04.412 [000008b4] --- DirectX DXGI API CreateDXGIFactory1 detected 1
04.06.2019 13:56:04.437 [000008b4] --- DirectX DXGI API CreateDXGIFactory2 detected 1
04.06.2019 13:56:04.437 [000008b4] --- DirectX DXGI API detected
04.06.2019 13:56:04.438 [000008b4] --- DirectX D3D12 API detected hd3d12=75c40000
04.06.2019 13:56:04.463 [000008b4] --- DirectX D3D12 API detected 1
04.06.2019 13:56:04.463 [000008b4] --- i2: InterfaceProc1
04.06.2019 13:56:04.463 [000008b4] --- interfaceFunc1 [\\.\DISPLAY1] totalMaps=2
04.06.2019 13:56:04.463 [000008b4] --- i3:Executable MQTT_Json_Movie_MOC.exe is excluded OGL
04.06.2019 13:56:04.957 [000008b4] --- CDXGIF Executable MQTT_Json_Movie_MOC.exe exclusion DX10(1), DX11(1), DX12(1)
04.06.2019 13:56:04.957 [000008b4] --- CDXGIF Executable MQTT_Json_Movie_MOC.exe is excluded DX10, DX11 or DX12
04.06.2019 13:56:04.975 [000008b4] --- CDXGIF Executable MQTT_Json_Movie_MOC.exe exclusion DX10(1), DX11(1), DX12(1)
04.06.2019 13:56:04.975 [000008b4] --- CDXGIF Executable MQTT_Json_Movie_MOC.exe is excluded DX10, DX11 or DX12
04.06.2019 13:56:05.174 [000008b4] --- CDXGIF Executable MQTT_Json_Movie_MOC.exe exclusion DX10(1), DX11(1), DX12(1)
04.06.2019 13:56:05.174 [000008b4] --- CDXGIF Executable MQTT_Json_Movie_MOC.exe is excluded DX10, DX11 or DX12
