05.06.2019 10:55:25.762 [00001dd4] --- App --- Immersive Display PRO v3.0.5 (01.01.2019)
05.06.2019 10:55:25.762 [00001dd4] --- OS 6:2 Microsoft Windows 8 Professional (build 9200), 64-bit 7(0) 8(1) 8.1(0) 10(0)
05.06.2019 10:55:25.762 [00001dd4] --- Process64 C:\Users\own\scoop\shims\git.exe
05.06.2019 10:55:25.762 [00001dd4] --- CmdLine [git  pull]
05.06.2019 10:55:25.762 [00001dd4] --- Enumerating displays ...
05.06.2019 10:55:25.762 [00001dd4] --- Device N[\\.\DISPLAY1] S[Radeon RX 580 Series] M[Generic PnP Monitor] F[desktop primary ]
05.06.2019 10:55:25.762 [00001dd4] --- Device N[\\.\DISPLAY2] S[Radeon RX 580 Series] M[] F[]
05.06.2019 10:55:25.762 [00001dd4] --- Device N[\\.\DISPLAY3] S[Radeon RX 580 Series] M[] F[]
05.06.2019 10:55:25.762 [00001dd4] --- Device N[\\.\DISPLAY4] S[Radeon RX 580 Series] M[] F[]
05.06.2019 10:55:25.762 [00001dd4] --- Device N[\\.\DISPLAY5] S[Radeon RX 580 Series] M[] F[]
05.06.2019 10:55:25.777 [00001dd4] --- Device N[\\.\DISPLAY6] S[Radeon RX 580 Series] M[] F[]
05.06.2019 10:55:25.777 [00001dd4] --- Device N[\\.\DISPLAY7] S[Radeon RX 580 Series] M[] F[]
05.06.2019 10:55:25.777 [00001dd4] --- Device N[\\.\DISPLAY8] S[Radeon RX 580 Series] M[] F[]
05.06.2019 10:55:25.777 [00001dd4] --- SM_CMONITORS         = 1
05.06.2019 10:55:25.777 [00001dd4] --- SM_SAMEDISPLAYFORMAT = 1
05.06.2019 10:55:25.777 [00001dd4] --- SM_XVIRTUALSCREEN    = 0
05.06.2019 10:55:25.777 [00001dd4] --- SM_YVIRTUALSCREEN    = 0
05.06.2019 10:55:25.777 [00001dd4] --- SM_CXVIRTUALSCREEN   = 1920
05.06.2019 10:55:25.777 [00001dd4] --- SM_CYVIRTUALSCREEN   = 1200
05.06.2019 10:55:25.777 [00001dd4] --- SM_CXCURSOR          = 32
05.06.2019 10:55:25.777 [00001dd4] --- [\\.\DISPLAY1] [Radeon RX 580 Series] [MONITOR\SECA70B\{4d36e96e-e325-11ce-bfc1-08002be10318}\0016] [Generic PnP Monitor]
05.06.2019 10:55:25.777 [00001dd4] --- Enumerated 1 displays
05.06.2019 10:55:25.777 [00001dd4] --- Displays initialized
05.06.2019 10:55:25.777 [00001dd4] --- Displays[0] M[00010001] HDC[19010bcd] GDC[46010c67] L=0 T=0 R=1920 B=1200 RECT[0,0 1920x1200] N[\\.\DISPLAY1] M[Generic PnP Monitor] F[1] PROJ[0x0] MAPS[0]
05.06.2019 10:55:25.777 [00001dd4] ---    Grouping G[0] N[0] GD[]
05.06.2019 10:55:25.777 [00001dd4] --- ---
05.06.2019 10:55:25.777 [00001dd4] --- hookD3D9
05.06.2019 10:55:25.777 [00001dd4] --- DirectX9 dll=a5ef0000
05.06.2019 10:55:25.824 [00001dd4] --- DirectX9 API detected
05.06.2019 10:55:25.824 [00001dd4] --- DirectX9Ex API detected
05.06.2019 10:55:25.824 [00001dd4] --- i1: InterfaceProc1
05.06.2019 10:55:25.824 [00001dd4] --- DXGI dll=d3330000
05.06.2019 10:55:25.840 [00001dd4] --- DirectX DXGI API CreateDXGIFactory detected 1
05.06.2019 10:55:25.871 [00001dd4] --- DirectX DXGI API CreateDXGIFactory1 detected 1
05.06.2019 10:55:25.887 [00001dd4] --- DirectX DXGI API CreateDXGIFactory2 detected 1
05.06.2019 10:55:25.887 [00001dd4] --- DirectX DXGI API detected
05.06.2019 10:55:25.887 [00001dd4] --- DirectX D3D12 API detected hd3d12=cc750000
05.06.2019 10:55:25.902 [00001dd4] --- DirectX D3D12 API detected 1
05.06.2019 10:55:25.902 [00001dd4] --- hookOpenGL
05.06.2019 10:55:26.058 [00001dd4] --- OpenGL API detected
05.06.2019 10:55:33.275 [00001dd4] --- PROCESS DETACH
