05.06.2019 10:44:54.347 [0000234c] ??? OSM handle == NULL error=2
05.06.2019 10:44:54.347 [0000234c] ^^^ SC trying session1
--- [2]
05.06.2019 10:44:54.347 [0000234c] --- App --- Immersive Display PRO v3.0.5 (01.01.2019)
05.06.2019 10:44:54.347 [0000234c] --- OS 6:2 Microsoft Windows 8 Professional (build 9200), 64-bit 7(0) 8(1) 8.1(0) 10(0)
05.06.2019 10:44:54.347 [0000234c] --- Process32 C:\WINDOWS\sysWOW64\wbem\wmiprvse.exe
05.06.2019 10:44:54.347 [0000234c] --- CmdLine [C:\WINDOWS\sysWOW64\wbem\wmiprvse.exe -Embedding]
05.06.2019 10:44:54.347 [0000234c] --- Enumerating displays ...
05.06.2019 10:44:54.347 [0000234c] --- SM_CMONITORS         = 1
05.06.2019 10:44:54.347 [0000234c] --- SM_SAMEDISPLAYFORMAT = 1
05.06.2019 10:44:54.347 [0000234c] --- SM_XVIRTUALSCREEN    = 0
05.06.2019 10:44:54.347 [0000234c] --- SM_YVIRTUALSCREEN    = 0
05.06.2019 10:44:54.347 [0000234c] --- SM_CXVIRTUALSCREEN   = 1024
05.06.2019 10:44:54.347 [0000234c] --- SM_CYVIRTUALSCREEN   = 768
05.06.2019 10:44:54.347 [0000234c] --- SM_CXCURSOR          = 32
05.06.2019 10:44:54.347 [0000234c] ??? No displays enumerated. Retry later
05.06.2019 10:44:54.347 [0000234c] --- hookD3D9
05.06.2019 10:44:54.347 [0000234c] --- DirectX9 dll=711a0000
05.06.2019 10:44:54.394 [0000234c] --- DirectX9 API detected
05.06.2019 10:44:54.394 [0000234c] --- DirectX9Ex API detected
05.06.2019 10:44:54.394 [0000234c] --- i1: InterfaceProc1
05.06.2019 10:44:54.394 [0000234c] --- DXGI dll=72140000
05.06.2019 10:44:54.409 [0000234c] --- DirectX DXGI API CreateDXGIFactory detected 1
05.06.2019 10:44:54.425 [0000234c] --- DirectX DXGI API CreateDXGIFactory1 detected 1
05.06.2019 10:44:54.456 [0000234c] --- DirectX DXGI API CreateDXGIFactory2 detected 1
05.06.2019 10:44:54.456 [0000234c] --- DirectX DXGI API detected
05.06.2019 10:44:54.456 [0000234c] --- DirectX D3D12 API detected hd3d12=71f40000
05.06.2019 10:44:54.472 [0000234c] --- DirectX D3D12 API detected 1
05.06.2019 10:44:54.472 [0000234c] --- hookOpenGL
05.06.2019 10:44:54.644 [0000234c] --- OpenGL API detected
