05.06.2019 11:37:27.091 [00001c1c] ??? OSM handle == NULL error=2
05.06.2019 11:37:27.091 [00001c1c] ^^^ SC trying session1
--- [2]
05.06.2019 11:37:27.091 [00001c1c] --- App --- Immersive Display PRO v3.0.5 (01.01.2019)
05.06.2019 11:37:27.091 [00001c1c] --- OS 6:2 Microsoft Windows 8 Professional (build 9200), 64-bit 7(0) 8(1) 8.1(0) 10(0)
05.06.2019 11:37:27.091 [00001c1c] --- Process32 C:\Program Files (x86)\Google\Update\GoogleUpdate.exe
05.06.2019 11:37:27.091 [00001c1c] --- CmdLine ["C:\Program Files (x86)\Google\Update\GoogleUpdate.exe" /c]
05.06.2019 11:37:27.092 [00001c1c] --- Enumerating displays ...
05.06.2019 11:37:27.092 [00001c1c] --- SM_CMONITORS         = 1
05.06.2019 11:37:27.092 [00001c1c] --- SM_SAMEDISPLAYFORMAT = 1
05.06.2019 11:37:27.092 [00001c1c] --- SM_XVIRTUALSCREEN    = 0
05.06.2019 11:37:27.092 [00001c1c] --- SM_YVIRTUALSCREEN    = 0
05.06.2019 11:37:27.092 [00001c1c] --- SM_CXVIRTUALSCREEN   = 1024
05.06.2019 11:37:27.092 [00001c1c] --- SM_CYVIRTUALSCREEN   = 768
05.06.2019 11:37:27.092 [00001c1c] --- SM_CXCURSOR          = 32
05.06.2019 11:37:27.092 [00001c1c] ??? No displays enumerated. Retry later
05.06.2019 11:37:27.092 [00001c1c] --- hookD3D9
05.06.2019 11:37:27.093 [00001c1c] --- DirectX9 dll=70ba0000
05.06.2019 11:37:27.130 [00001c1c] --- DirectX9 API detected
05.06.2019 11:37:27.130 [00001c1c] --- DirectX9Ex API detected
05.06.2019 11:37:27.130 [00001c1c] --- i1: InterfaceProc1
05.06.2019 11:37:27.130 [00001c1c] --- DXGI dll=71bd0000
05.06.2019 11:37:27.149 [00001c1c] --- DirectX DXGI API CreateDXGIFactory detected 1
05.06.2019 11:37:27.167 [00001c1c] --- DirectX DXGI API CreateDXGIFactory1 detected 1
05.06.2019 11:37:27.186 [00001c1c] --- DirectX DXGI API CreateDXGIFactory2 detected 1
05.06.2019 11:37:27.186 [00001c1c] --- DirectX DXGI API detected
05.06.2019 11:37:27.186 [00001c1c] --- DirectX D3D12 API detected hd3d12=02540000
05.06.2019 11:37:27.205 [00001c1c] --- DirectX D3D12 API detected 1
05.06.2019 11:37:27.205 [00001c1c] --- hookOpenGL
05.06.2019 11:37:27.359 [00001c1c] --- OpenGL API detected
05.06.2019 11:37:27.425 [00001c1c] --- PROCESS DETACH
