04.06.2019 21:22:58.864 [00001b08] ??? OSM handle == NULL error=2
04.06.2019 21:22:58.864 [00001b08] ^^^ SC trying session1
--- [2]
04.06.2019 21:22:58.865 [00001b08] --- App --- Immersive Display PRO v3.0.5 (01.01.2019)
04.06.2019 21:22:58.865 [00001b08] --- OS 6:2 Microsoft Windows 8 Professional (build 9200), 64-bit 7(0) 8(1) 8.1(0) 10(0)
04.06.2019 21:22:58.865 [00001b08] --- Process64 C:\Program Files\Intel\SUR\QUEENCREEK\x64\esrv_svc.exe
04.06.2019 21:22:58.865 [00001b08] --- CmdLine ["C:\Program Files\Intel\SUR\QUEENCREEK\x64\esrv_svc.exe" "--run_as_user_process" ]
04.06.2019 21:22:58.865 [00001b08] --- Enumerating displays ...
04.06.2019 21:22:58.866 [00001b08] --- SM_CMONITORS         = 1
04.06.2019 21:22:58.866 [00001b08] --- SM_SAMEDISPLAYFORMAT = 1
04.06.2019 21:22:58.866 [00001b08] --- SM_XVIRTUALSCREEN    = 0
04.06.2019 21:22:58.866 [00001b08] --- SM_YVIRTUALSCREEN    = 0
04.06.2019 21:22:58.866 [00001b08] --- SM_CXVIRTUALSCREEN   = 1024
04.06.2019 21:22:58.866 [00001b08] --- SM_CYVIRTUALSCREEN   = 768
04.06.2019 21:22:58.866 [00001b08] --- SM_CXCURSOR          = 32
04.06.2019 21:22:58.866 [00001b08] ??? No displays enumerated. Retry later
04.06.2019 21:22:58.866 [00001b08] --- hookD3D9
04.06.2019 21:22:58.866 [00001b08] --- DirectX9 dll=03460000
04.06.2019 21:22:58.907 [00001b08] --- DirectX9 API detected
04.06.2019 21:22:58.907 [00001b08] --- DirectX9Ex API detected
04.06.2019 21:22:58.907 [00001b08] --- i1: InterfaceProc1
04.06.2019 21:22:58.907 [00001b08] --- DXGI dll=1f3f0000
04.06.2019 21:22:58.928 [00001b08] --- DirectX DXGI API CreateDXGIFactory detected 1
04.06.2019 21:22:58.949 [00001b08] --- DirectX DXGI API CreateDXGIFactory1 detected 1
04.06.2019 21:22:58.969 [00001b08] --- DirectX DXGI API CreateDXGIFactory2 detected 1
04.06.2019 21:22:58.969 [00001b08] --- DirectX DXGI API detected
04.06.2019 21:22:58.970 [00001b08] --- DirectX D3D12 API detected hd3d12=18bc0000
04.06.2019 21:22:58.991 [00001b08] --- DirectX D3D12 API detected 1
04.06.2019 21:22:58.991 [00001b08] --- hookOpenGL
04.06.2019 21:22:59.133 [00001b08] --- OpenGL API detected
04.06.2019 21:22:59.186 [00001b08] --- PROCESS DETACH
