04.06.2019 21:43:14.031 [00001e4c] --- Immersive Display PRO v3.0.5
04.06.2019 21:43:14.031 [00001e4c] --- OS 6:2 Microsoft Windows 8 Professional (build 9200), 64-bit 7(0) 8(1) 8.1(0) 10(0)
04.06.2019 21:43:14.031 [00001e4c] --- SCREEN \\.\DISPLAY1
04.06.2019 21:43:14.031 [00001e4c] ------ LogicalDPI=96.000000 Scale=1.000000
04.06.2019 21:43:14.031 [00001e4c] ------ DevicePixelRatio=1.000000
04.06.2019 21:43:14.078 [00001e4c] --- Removed 0 log file(s)
04.06.2019 21:43:14.078 [00001e4c] --- ACL changed for C:\WARP000\
04.06.2019 21:43:14.578 [00001e4c] --- LicAppName=Immersive Display PRO
04.06.2019 21:43:14.578 [00001e4c] --- L1
04.06.2019 21:43:15.031 [00001e4c] --- EK2C55
04.06.2019 21:43:15.939 [00001e4c] --- DM110
04.06.2019 21:43:16.970 [00001e4c] --- LD=20190109 SD=20190101
04.06.2019 21:43:16.970 [00001e4c] --- ###[UzNZOU5YME0yNDg4OTBM]###
04.06.2019 21:43:17.627 [00001e4c] --- Displays 1/2 [20] SGD=2560932 SSC=31904
04.06.2019 21:43:17.627 [00001e4c] --- Shared 31904+5121864 5153768
04.06.2019 21:43:17.627 [00001e4c] ### PageSize=4096
04.06.2019 21:43:17.627 [00001e4c] ### MinimumApplicationAddress=00010000
04.06.2019 21:43:17.627 [00001e4c] ### MaximumApplicationAddress=7ffeffff
04.06.2019 21:43:17.627 [00001e4c] ### AllocationGranularity=65536
04.06.2019 21:43:17.627 [00001e4c] ### Res=28
04.06.2019 21:43:17.627 [00001e4c] ### BaseAddress=073b0000
04.06.2019 21:43:17.627 [00001e4c] ### AllocationBase=073b0000
04.06.2019 21:43:17.627 [00001e4c] ### AllocationProtect=00000004
04.06.2019 21:43:17.627 [00001e4c] ### RegionSize=5156864
04.06.2019 21:43:17.627 [00001e4c] ### State=00001000
04.06.2019 21:43:17.627 [00001e4c] ### Protect=00000004
04.06.2019 21:43:17.627 [00001e4c] ### Type=00040000
04.06.2019 21:43:17.627 [00001e4c] --- Config 073b0000 ZERO(0) 31904 + 5121864
04.06.2019 21:43:17.627 [00001e4c] --- Config 073b0000 ZERO(1)
04.06.2019 21:43:17.627 [00001e4c] --- Config 073b0000 ZERO(2)
04.06.2019 21:43:17.627 [00001e4c] --- R [12]->60
04.06.2019 21:43:17.627 [00001e4c] --- MP 3
04.06.2019 21:43:17.627 [00001e4c] --- Config 073b0000
04.06.2019 21:43:17.627 [00001e4c] --- Config logsFolder=C:\WARP000\logs\
04.06.2019 21:43:17.627 [00001e4c] --- Config imagesFolder=C:\WARP000\images\
04.06.2019 21:43:17.627 [00001e4c] --- Config configsFolder=C:\WARP000\config\
04.06.2019 21:43:17.627 [00001e4c] --- Enumerating displays ...
04.06.2019 21:43:17.627 [00001e4c] --- Device N[\\.\DISPLAY1] S[Radeon RX 580 Series] M[Generic PnP Monitor] F[desktop primary ]
04.06.2019 21:43:17.627 [00001e4c] --- Device N[\\.\DISPLAY2] S[Radeon RX 580 Series] M[] F[]
04.06.2019 21:43:17.627 [00001e4c] --- Device N[\\.\DISPLAY3] S[Radeon RX 580 Series] M[] F[]
04.06.2019 21:43:17.627 [00001e4c] --- Device N[\\.\DISPLAY4] S[Radeon RX 580 Series] M[] F[]
04.06.2019 21:43:17.627 [00001e4c] --- Device N[\\.\DISPLAY5] S[Radeon RX 580 Series] M[] F[]
04.06.2019 21:43:17.627 [00001e4c] --- Device N[\\.\DISPLAY6] S[Radeon RX 580 Series] M[] F[]
04.06.2019 21:43:17.627 [00001e4c] --- Device N[\\.\DISPLAY7] S[Radeon RX 580 Series] M[] F[]
04.06.2019 21:43:17.627 [00001e4c] --- Device N[\\.\DISPLAY8] S[Radeon RX 580 Series] M[] F[]
04.06.2019 21:43:17.627 [00001e4c] --- SM_CMONITORS         = 1
04.06.2019 21:43:17.627 [00001e4c] --- SM_SAMEDISPLAYFORMAT = 1
04.06.2019 21:43:17.627 [00001e4c] --- SM_XVIRTUALSCREEN    = 0
04.06.2019 21:43:17.627 [00001e4c] --- SM_YVIRTUALSCREEN    = 0
04.06.2019 21:43:17.627 [00001e4c] --- SM_CXVIRTUALSCREEN   = 1920
04.06.2019 21:43:17.627 [00001e4c] --- SM_CYVIRTUALSCREEN   = 1200
04.06.2019 21:43:17.627 [00001e4c] --- SM_CXCURSOR          = 32
04.06.2019 21:43:17.658 [00001e4c] --- [\\.\DISPLAY1] [Radeon RX 580 Series] [MONITOR\SECA70B\{4d36e96e-e325-11ce-bfc1-08002be10318}\0016] [Generic PnP Monitor]
04.06.2019 21:43:17.658 [00001e4c] --- Enumerated 1 displays
04.06.2019 21:43:17.658 [00001e4c] --- Displays initialized
04.06.2019 21:43:17.658 [00001e4c] --- Displays[0] M[00010001] HDC[0b010bfb] GDC[22010b57] L=0 T=0 R=1920 B=1200 RECT[0,0 1920x1200] N[\\.\DISPLAY1] M[Generic PnP Monitor] F[1] PROJ[0x0] MAPS[0]
04.06.2019 21:43:17.658 [00001e4c] ---    Grouping G[0] N[0] GD[]
04.06.2019 21:43:17.658 [00001e4c] --- ---
04.06.2019 21:43:17.689 [00001e4c] --- Model:Config file C:\WARP000\config\config.dat does not exist
04.06.2019 21:43:17.689 [00001e4c] --- Model:Config file LCC[1]
04.06.2019 21:43:17.689 [00001e4c] --- Model:Config file CC[2]
04.06.2019 21:43:17.689 [00001e4c] --- Preferences loaded
04.06.2019 21:43:17.689 [00001e4c] ------ startMinimized 0
04.06.2019 21:43:17.689 [00001e4c] ------ showTrayNotifications 0
04.06.2019 21:43:17.689 [00001e4c] ------ autoStartDesktopWarping 1
04.06.2019 21:43:17.689 [00001e4c] ------ autoStartDesktopWarpingDelaySeconds 3
04.06.2019 21:43:17.689 [00001e4c] ------ warpCursor 1
04.06.2019 21:43:17.689 [00001e4c] ------ hideSystemCursor 0
04.06.2019 21:43:17.689 [00001e4c] ------ samplingDesktop 2
04.06.2019 21:43:17.689 [00001e4c] ------ samplingDXGL 2
04.06.2019 21:43:17.689 [00001e4c] ------ useFXAA 0
04.06.2019 21:43:17.689 [00001e4c] ------ useFXAAPresetIndex 0
04.06.2019 21:43:17.689 [00001e4c] ------ updateRateMS 20
04.06.2019 21:43:17.689 [00001e4c] ------ enableVNCControl 0
04.06.2019 21:43:17.689 [00001e4c] ------ vncPort 5900
04.06.2019 21:43:17.689 [00001e4c] ------ vncPassword 1234
04.06.2019 21:43:17.689 [00001e4c] ------ enableTelnet 0
04.06.2019 21:43:17.689 [00001e4c] ------ remoteTelnetPort 6600
04.06.2019 21:43:17.689 [00001e4c] ------ overrideDesktopRotation 0
04.06.2019 21:43:17.689 [00001e4c] ------ forcedDesktopRotation 0
04.06.2019 21:43:17.689 [00001e4c] ------ forcedScissorsRotation 0
04.06.2019 21:43:17.689 [00001e4c] ------ checkForDisplayConfigChange 0
04.06.2019 21:43:17.689 [00001e4c] ------ cropEdges 0
04.06.2019 21:43:17.689 [00001e4c] ------ cropPixels 0
04.06.2019 21:43:17.689 [00001e4c] ------ removeWindowFrame 0
04.06.2019 21:43:17.689 [00001e4c] ------ skipWarpChildWindows 0
04.06.2019 21:43:17.689 [00001e4c] ------ openGLTextureOffset 0
04.06.2019 21:43:17.689 [00001e4c] ------ disable_DX9 0
04.06.2019 21:43:17.689 [00001e4c] ------ disable_DX10 0
04.06.2019 21:43:17.689 [00001e4c] ------ disable_DX11 0
04.06.2019 21:43:17.689 [00001e4c] ------ disable_DX12 0
04.06.2019 21:43:17.689 [00001e4c] ------ disable_OpenGL 0
04.06.2019 21:43:17.689 [00001e4c] ------ disable_Vulkan 1
04.06.2019 21:43:17.689 [00001e4c] ------ forcePreserveBB_DX9 0
04.06.2019 21:43:17.689 [00001e4c] ------ forcePreserveBB_DX10 0
04.06.2019 21:43:17.689 [00001e4c] ------ forcePreserveBB_DX11 0
04.06.2019 21:43:17.689 [00001e4c] ------ forcePreserveBB_DX12 0
04.06.2019 21:43:17.689 [00001e4c] ------ forcePreserveBB_OpenGL 0
04.06.2019 21:43:17.689 [00001e4c] ------ forcePreserveBB_Vulkan 0
04.06.2019 21:43:17.689 [00001e4c] ------ enableDebanding 0
04.06.2019 21:43:17.689 [00001e4c] ------ enableWindowsSessionShutdown 0
04.06.2019 21:43:17.689 [00001e4c] ------ ignoreDWMInFullScreen 1
04.06.2019 21:43:17.689 [00001e4c] --- Excludes loaded 3
04.06.2019 21:43:17.689 [00001e4c] ------ Exclude Path=MQTT_Json_Movie_MOC.exe DX9=1 DX10=1 DX11=1 DX12=1 OGL=1 VULKAN=1 StopDWM7=0
04.06.2019 21:43:17.689 [00001e4c] ------ Exclude Path=chrome.exe DX9=1 DX10=1 DX11=1 DX12=1 OGL=1 VULKAN=1 StopDWM7=0
04.06.2019 21:43:17.689 [00001e4c] ------ Exclude Path=chrome.exe DX9=1 DX10=1 DX11=1 DX12=1 OGL=1 VULKAN=1 StopDWM7=0
04.06.2019 21:43:17.689 [00001e4c] --- Sets configSet=1
04.06.2019 21:43:17.689 [00001e4c] --- Sets configSetFile[1]=C:\WARP000\config\20190509.dat
04.06.2019 21:43:17.689 [00001e4c] --- Sets configSetFile[2]=C:\WARP000\config\config2.dat
04.06.2019 21:43:17.689 [00001e4c] --- Sets configSetFile[3]=C:\WARP000\config\config3.dat
04.06.2019 21:43:17.689 [00001e4c] --- Sets configSetFile[4]=C:\WARP000\config\config4.dat
04.06.2019 21:43:17.689 [00001e4c] --- Sets configSetFile[5]=C:\WARP000\config\config5.dat
04.06.2019 21:43:17.689 [00001e4c] --- Sets configSetFile[6]=C:\WARP000\config\config6.dat
04.06.2019 21:43:17.689 [00001e4c] --- Sets configSetFile[7]=C:\WARP000\config\config7.dat
04.06.2019 21:43:17.689 [00001e4c] --- Sets configSetFile[8]=C:\WARP000\config\config8.dat
04.06.2019 21:43:17.720 [00001e4c] --- Loaded Displays[0] \\.\DISPLAY1 Generic PnP Monitor L=0 T=0 R=3840 B=1200 loadedDisplaysWithPositionAndSize=1
04.06.2019 21:43:17.720 [00001e4c] ??? checkLoadedDisplayConfiguration Loaded Display[0][\\.\DISPLAY1] L=0 T=0 R=3840 B=1200 not in enumerated
04.06.2019 21:43:17.720 [00001e4c] --- Displays loaded
04.06.2019 21:43:17.720 [00001e4c] --- Displays[0] M[00010001] HDC[0b010bfb] GDC[22010b57] L=0 T=0 R=1920 B=1200 RECT[0,0 1920x1200] N[\\.\DISPLAY1] M[Generic PnP Monitor] F[1] PROJ[0x0] MAPS[0]
04.06.2019 21:43:17.720 [00001e4c] ---    Grouping G[0] N[0] GD[]
04.06.2019 21:43:17.720 [00001e4c] --- Model:Config file C:\WARP000\config\20190509.dat loaded
04.06.2019 21:43:17.720 [00001e4c] --- Model:Config file LCC[3]
04.06.2019 21:43:17.720 [00001e4c] --- Model:Config file CC[4]
04.06.2019 21:43:17.720 [00001e4c] --- Sets manager selectSet[1]->1
04.06.2019 21:43:17.736 [00001e4c] --- Schedules STOP
04.06.2019 21:43:17.736 [00001e4c] --- Schedules STOP
04.06.2019 21:43:17.736 [00001e4c] --- Autoruns 0
04.06.2019 21:43:17.736 [00001e4c] $$$ Immersive Display PRO v3.0.5 (01.01.2019)
04.06.2019 21:43:17.736 [00001e4c] $$$ 6:2 Microsoft Windows 8 Professional (build 9200), 64-bit 7(0) 8(1) 8.1(0) 10(0)
04.06.2019 21:43:18.033 [00001e4c] $$$ P64[00001f60] [git.exe][C:\Users\own\scoop\shims\git.exe] started
04.06.2019 21:43:18.455 [00001e4c] $$$ P64[00001f88] [git.exe][C:\Users\own\scoop\apps\git\current\cmd\git.exe] started
04.06.2019 21:43:18.908 [00001e4c] $$$ P64[00001fa0] [git.exe][C:\Users\own\scoop\apps\git\2.21.0.windows.1\mingw64\bin\git.exe] started
04.06.2019 21:43:19.392 [00001e4c] $$$ P64[00001fb4] [git.exe][C:\Users\own\scoop\apps\git\2.21.0.windows.1\mingw64\libexec\git-core\git.exe] started
04.06.2019 21:43:20.642 [00001e4c] $$$ P64[00000250] [dwm.exe][C:\WINDOWS\system32\dwm.exe] started
04.06.2019 21:43:20.642 [00001e4c] $$$ P32[00001bb0] [TeamViewer.exe][C:\Program Files (x86)\TeamViewer\TeamViewer.exe] started
04.06.2019 21:43:21.520 [00001e4c] $$$ P64[00001ffc] [git.exe][C:\Users\own\scoop\apps\git\2.21.0.windows.1\mingw64\libexec\git-core\git.exe] started
04.06.2019 21:43:22.080 [00001e4c] $$$ P64[00001898] [git-remote-https.exe][C:\Users\own\scoop\apps\git\2.21.0.windows.1\mingw64\libexec\git-core\git-remote-https.exe] started
04.06.2019 21:43:23.440 [00001e4c] $$$ P64[000018a4] [git.exe][C:\Users\own\scoop\apps\git\2.21.0.windows.1\mingw64\libexec\git-core\git.exe] started
04.06.2019 21:43:23.940 [00001e4c] $$$ P64[00001e3c] [git.exe][C:\Users\own\scoop\apps\git\2.21.0.windows.1\mingw64\libexec\git-core\git.exe] started
04.06.2019 21:43:24.564 [00001e4c] $$$ P64[00001d60] [git.exe][C:\Users\own\scoop\apps\git\2.21.0.windows.1\mingw64\libexec\git-core\git.exe] started
04.06.2019 21:43:25.127 [00001e4c] $$$ P64[00001bb4] [git.exe][C:\Users\own\scoop\apps\git\2.21.0.windows.1\mingw64\libexec\git-core\git.exe] started
04.06.2019 21:43:31.760 [00001e4c] --- Run all autoruns
04.06.2019 21:43:34.668 [00001e4c] --- onToggleDesktopWarp isDWMAvailable=1
04.06.2019 21:43:34.668 [00001e4c] --- onToggleDesktopWarp TOGGLED
04.06.2019 21:43:36.503 [00001e4c] --- instanceMessageReceived Wake up!
04.06.2019 21:43:43.503 [00001e4c] --- instanceMessageReceived Wake up!
04.06.2019 21:43:46.330 [00001e4c] $$$ P64[00001f34] [MCEControl.exe][C:\Program Files (x86)\Kindel Systems\MCE Controller\MCEControl.exe] started
