04.06.2019 14:02:48.894 [00002348] ??? OSM handle == NULL error=2
04.06.2019 14:02:48.894 [00002348] ^^^ SC trying session1
--- [2]
04.06.2019 14:02:48.894 [00002348] --- App --- Immersive Display PRO v3.0.5 (01.01.2019)
04.06.2019 14:02:48.894 [00002348] --- OS 6:2 Microsoft Windows 8 Professional (build 9200), 64-bit 7(0) 8(1) 8.1(0) 10(0)
04.06.2019 14:02:48.894 [00002348] --- Process64 C:\ProgramData\Microsoft\Windows Defender\platform\4.18.1904.1-0\MpCmdRun.exe
04.06.2019 14:02:48.894 [00002348] --- CmdLine ["C:\ProgramData\Microsoft\Windows Defender\platform\4.18.1904.1-0\MpCmdRun.exe" SignaturesUpdateService -ScheduleJob -HttpDownload -RestrictPrivileges]
04.06.2019 14:02:48.894 [00002348] --- Enumerating displays ...
04.06.2019 14:02:48.894 [00002348] --- SM_CMONITORS         = 1
04.06.2019 14:02:48.894 [00002348] --- SM_SAMEDISPLAYFORMAT = 1
04.06.2019 14:02:48.894 [00002348] --- SM_XVIRTUALSCREEN    = 0
04.06.2019 14:02:48.894 [00002348] --- SM_YVIRTUALSCREEN    = 0
04.06.2019 14:02:48.894 [00002348] --- SM_CXVIRTUALSCREEN   = 1024
04.06.2019 14:02:48.894 [00002348] --- SM_CYVIRTUALSCREEN   = 768
04.06.2019 14:02:48.894 [00002348] --- SM_CXCURSOR          = 32
04.06.2019 14:02:48.894 [00002348] ??? No displays enumerated. Retry later
04.06.2019 14:02:48.894 [00002348] --- hookD3D9
04.06.2019 14:02:48.895 [00002348] --- DirectX9 dll=56cb0000
04.06.2019 14:02:48.926 [00002348] --- DirectX9 API detected
04.06.2019 14:02:48.926 [00002348] --- DirectX9Ex API detected
04.06.2019 14:02:48.926 [00002348] --- i1: InterfaceProc1
04.06.2019 14:02:48.927 [00002348] --- DXGI dll=7ce30000
04.06.2019 14:02:48.942 [00002348] --- DirectX DXGI API CreateDXGIFactory detected 1
04.06.2019 14:02:48.958 [00002348] --- DirectX DXGI API CreateDXGIFactory1 detected 1
04.06.2019 14:02:48.974 [00002348] --- DirectX DXGI API CreateDXGIFactory2 detected 1
04.06.2019 14:02:48.974 [00002348] --- DirectX DXGI API detected
04.06.2019 14:02:48.975 [00002348] --- DirectX D3D12 API detected hd3d12=75c40000
04.06.2019 14:02:48.990 [00002348] --- DirectX D3D12 API detected 1
04.06.2019 14:02:48.990 [00002348] --- hookOpenGL
04.06.2019 14:02:49.100 [00002348] --- OpenGL API detected
04.06.2019 14:02:49.155 [00002348] --- PROCESS DETACH
