04.06.2019 21:59:12.230 [00001d70] ??? OSM handle == NULL error=2
04.06.2019 21:59:12.230 [00001d70] ^^^ SC trying session1
--- [2]
04.06.2019 21:59:12.230 [00001d70] --- App --- Immersive Display PRO v3.0.5 (01.01.2019)
04.06.2019 21:59:12.230 [00001d70] --- OS 6:2 Microsoft Windows 8 Professional (build 9200), 64-bit 7(0) 8(1) 8.1(0) 10(0)
04.06.2019 21:59:12.230 [00001d70] --- Process32 C:\Program Files\Intel\SUR\QUEENCREEK\Updater\bin\IntelSoftwareAssetManagerService.exe
04.06.2019 21:59:12.230 [00001d70] --- CmdLine ["C:\Program Files\Intel\SUR\QUEENCREEK\Updater\bin\IntelSoftwareAssetManagerService.exe" --automatic]
04.06.2019 21:59:12.230 [00001d70] --- Enumerating displays ...
04.06.2019 21:59:12.230 [00001d70] --- SM_CMONITORS         = 1
04.06.2019 21:59:12.230 [00001d70] --- SM_SAMEDISPLAYFORMAT = 1
04.06.2019 21:59:12.230 [00001d70] --- SM_XVIRTUALSCREEN    = 0
04.06.2019 21:59:12.230 [00001d70] --- SM_YVIRTUALSCREEN    = 0
04.06.2019 21:59:12.230 [00001d70] --- SM_CXVIRTUALSCREEN   = 1024
04.06.2019 21:59:12.230 [00001d70] --- SM_CYVIRTUALSCREEN   = 768
04.06.2019 21:59:12.230 [00001d70] --- SM_CXCURSOR          = 32
04.06.2019 21:59:12.230 [00001d70] ??? No displays enumerated. Retry later
04.06.2019 21:59:12.230 [00001d70] --- hookD3D9
04.06.2019 21:59:12.231 [00001d70] --- DirectX9 dll=717f0000
04.06.2019 21:59:12.270 [00001d70] --- DirectX9 API detected
04.06.2019 21:59:12.270 [00001d70] --- DirectX9Ex API detected
04.06.2019 21:59:12.270 [00001d70] --- i1: InterfaceProc1
04.06.2019 21:59:12.270 [00001d70] --- DXGI dll=72790000
04.06.2019 21:59:12.289 [00001d70] --- DirectX DXGI API CreateDXGIFactory detected 1
04.06.2019 21:59:12.308 [00001d70] --- DirectX DXGI API CreateDXGIFactory1 detected 1
04.06.2019 21:59:12.326 [00001d70] --- DirectX DXGI API CreateDXGIFactory2 detected 1
04.06.2019 21:59:12.326 [00001d70] --- DirectX DXGI API detected
04.06.2019 21:59:12.327 [00001d70] --- DirectX D3D12 API detected hd3d12=72590000
04.06.2019 21:59:12.346 [00001d70] --- DirectX D3D12 API detected 1
04.06.2019 21:59:12.346 [00001d70] --- hookOpenGL
04.06.2019 21:59:12.495 [00001d70] --- OpenGL API detected
04.06.2019 21:59:13.690 [00001d70] --- PROCESS DETACH
