04.06.2019 21:52:17.700 [00001f0c] --- App --- Immersive Display PRO v3.0.5 (01.01.2019)
04.06.2019 21:52:17.700 [00001f0c] --- OS 6:2 Microsoft Windows 8 Professional (build 9200), 64-bit 7(0) 8(1) 8.1(0) 10(0)
04.06.2019 21:52:17.700 [00001f0c] --- Process64 C:\Users\own\scoop\apps\git\current\cmd\git.exe
04.06.2019 21:52:17.700 [00001f0c] --- CmdLine ["C:\Users\own\scoop\apps\git\current\cmd\git.exe"  pull]
04.06.2019 21:52:17.700 [00001f0c] --- Enumerating displays ...
04.06.2019 21:52:17.700 [00001f0c] --- Device N[\\.\DISPLAY1] S[Radeon RX 580 Series] M[Generic PnP Monitor] F[desktop primary ]
04.06.2019 21:52:17.700 [00001f0c] --- Device N[\\.\DISPLAY2] S[Radeon RX 580 Series] M[] F[]
04.06.2019 21:52:17.700 [00001f0c] --- Device N[\\.\DISPLAY3] S[Radeon RX 580 Series] M[] F[]
04.06.2019 21:52:17.700 [00001f0c] --- Device N[\\.\DISPLAY4] S[Radeon RX 580 Series] M[] F[]
04.06.2019 21:52:17.700 [00001f0c] --- Device N[\\.\DISPLAY5] S[Radeon RX 580 Series] M[] F[]
04.06.2019 21:52:17.700 [00001f0c] --- Device N[\\.\DISPLAY6] S[Radeon RX 580 Series] M[] F[]
04.06.2019 21:52:17.716 [00001f0c] --- Device N[\\.\DISPLAY7] S[Radeon RX 580 Series] M[] F[]
04.06.2019 21:52:17.716 [00001f0c] --- Device N[\\.\DISPLAY8] S[Radeon RX 580 Series] M[] F[]
04.06.2019 21:52:17.716 [00001f0c] --- SM_CMONITORS         = 1
04.06.2019 21:52:17.716 [00001f0c] --- SM_SAMEDISPLAYFORMAT = 1
04.06.2019 21:52:17.716 [00001f0c] --- SM_XVIRTUALSCREEN    = 0
04.06.2019 21:52:17.716 [00001f0c] --- SM_YVIRTUALSCREEN    = 0
04.06.2019 21:52:17.716 [00001f0c] --- SM_CXVIRTUALSCREEN   = 1920
04.06.2019 21:52:17.716 [00001f0c] --- SM_CYVIRTUALSCREEN   = 1200
04.06.2019 21:52:17.716 [00001f0c] --- SM_CXCURSOR          = 32
04.06.2019 21:52:17.716 [00001f0c] --- [\\.\DISPLAY1] [Radeon RX 580 Series] [MONITOR\SECA70B\{4d36e96e-e325-11ce-bfc1-08002be10318}\0016] [Generic PnP Monitor]
04.06.2019 21:52:17.716 [00001f0c] --- Enumerated 1 displays
04.06.2019 21:52:17.716 [00001f0c] --- Displays initialized
04.06.2019 21:52:17.716 [00001f0c] --- Displays[0] M[00010001] HDC[0b010bf8] GDC[34010c90] L=0 T=0 R=1920 B=1200 RECT[0,0 1920x1200] N[\\.\DISPLAY1] M[Generic PnP Monitor] F[1] PROJ[0x0] MAPS[0]
04.06.2019 21:52:17.716 [00001f0c] ---    Grouping G[0] N[0] GD[]
04.06.2019 21:52:17.716 [00001f0c] --- ---
04.06.2019 21:52:17.716 [00001f0c] --- hookD3D9
04.06.2019 21:52:17.716 [00001f0c] --- DirectX9 dll=dd2d0000
04.06.2019 21:52:17.763 [00001f0c] --- DirectX9 API detected
04.06.2019 21:52:17.763 [00001f0c] --- DirectX9Ex API detected
04.06.2019 21:52:17.763 [00001f0c] --- i1: InterfaceProc1
04.06.2019 21:52:17.763 [00001f0c] --- DXGI dll=0bcf0000
04.06.2019 21:52:17.779 [00001f0c] --- DirectX DXGI API CreateDXGIFactory detected 1
04.06.2019 21:52:17.794 [00001f0c] --- DirectX DXGI API CreateDXGIFactory1 detected 1
04.06.2019 21:52:17.825 [00001f0c] --- DirectX DXGI API CreateDXGIFactory2 detected 1
04.06.2019 21:52:17.825 [00001f0c] --- DirectX DXGI API detected
04.06.2019 21:52:17.825 [00001f0c] --- DirectX D3D12 API detected hd3d12=05490000
04.06.2019 21:52:17.841 [00001f0c] --- DirectX D3D12 API detected 1
04.06.2019 21:52:17.841 [00001f0c] --- hookOpenGL
04.06.2019 21:52:17.997 [00001f0c] --- OpenGL API detected
04.06.2019 21:52:23.892 [00001f0c] --- PROCESS DETACH
