04.06.2019 13:45:08.536 [0000108c] --- App --- Immersive Display PRO v3.0.5 (01.01.2019)
04.06.2019 13:45:08.536 [0000108c] --- OS 6:2 Microsoft Windows 8 Professional (build 9200), 64-bit 7(0) 8(1) 8.1(0) 10(0)
04.06.2019 13:45:08.536 [0000108c] --- Process64 C:\boch-wall\MQTT_Json_Movie_MOC.exe
04.06.2019 13:45:08.536 [0000108c] --- CmdLine ["C:\boch-wall\MQTT_Json_Movie_MOC.exe" ]
04.06.2019 13:45:08.536 [0000108c] --- Enumerating displays ...
04.06.2019 13:45:08.537 [0000108c] --- Device N[\\.\DISPLAY1] S[Radeon RX 580 Series] M[Generic PnP Monitor] F[desktop primary ]
04.06.2019 13:45:08.538 [0000108c] --- Device N[\\.\DISPLAY2] S[Radeon RX 580 Series] M[] F[]
04.06.2019 13:45:08.538 [0000108c] --- Device N[\\.\DISPLAY3] S[Radeon RX 580 Series] M[] F[]
04.06.2019 13:45:08.539 [0000108c] --- Device N[\\.\DISPLAY4] S[Radeon RX 580 Series] M[] F[]
04.06.2019 13:45:08.539 [0000108c] --- Device N[\\.\DISPLAY5] S[Radeon RX 580 Series] M[] F[]
04.06.2019 13:45:08.540 [0000108c] --- Device N[\\.\DISPLAY6] S[Radeon RX 580 Series] M[] F[]
04.06.2019 13:45:08.540 [0000108c] --- Device N[\\.\DISPLAY7] S[Radeon RX 580 Series] M[] F[]
04.06.2019 13:45:08.541 [0000108c] --- Device N[\\.\DISPLAY8] S[Radeon RX 580 Series] M[] F[]
04.06.2019 13:45:08.541 [0000108c] --- SM_CMONITORS         = 1
04.06.2019 13:45:08.541 [0000108c] --- SM_SAMEDISPLAYFORMAT = 1
04.06.2019 13:45:08.541 [0000108c] --- SM_XVIRTUALSCREEN    = 0
04.06.2019 13:45:08.541 [0000108c] --- SM_YVIRTUALSCREEN    = 0
04.06.2019 13:45:08.541 [0000108c] --- SM_CXVIRTUALSCREEN   = 3840
04.06.2019 13:45:08.541 [0000108c] --- SM_CYVIRTUALSCREEN   = 1200
04.06.2019 13:45:08.541 [0000108c] --- SM_CXCURSOR          = 32
04.06.2019 13:45:08.543 [0000108c] --- [\\.\DISPLAY1] [Radeon RX 580 Series] [MONITOR\ADVEF2D\{4d36e96e-e325-11ce-bfc1-08002be10318}\0013] [Generic PnP Monitor]
04.06.2019 13:45:08.544 [0000108c] --- Enumerated 1 displays
04.06.2019 13:45:08.544 [0000108c] --- Displays initialized
04.06.2019 13:45:08.544 [0000108c] --- Displays[0] M[00010001] HDC[43010c5d] GDC[39010ec0] L=0 T=0 R=3840 B=1200 RECT[0,0 3840x1200] N[\\.\DISPLAY1] M[Generic PnP Monitor] F[1] PROJ[2x1] MAPS[2]
04.06.2019 13:45:08.544 [0000108c] ---    Grouping G[0] N[0] GD[]
04.06.2019 13:45:08.544 [0000108c] --- ---
04.06.2019 13:45:08.544 [0000108c] --- i1:Executable MQTT_Json_Movie_MOC.exe is excluded DX9
04.06.2019 13:45:08.544 [0000108c] --- DXGI dll=7ce30000
04.06.2019 13:45:08.568 [0000108c] --- DirectX DXGI API CreateDXGIFactory detected 1
04.06.2019 13:45:08.592 [0000108c] --- DirectX DXGI API CreateDXGIFactory1 detected 1
04.06.2019 13:45:08.617 [0000108c] --- DirectX DXGI API CreateDXGIFactory2 detected 1
04.06.2019 13:45:08.617 [0000108c] --- DirectX DXGI API detected
04.06.2019 13:45:08.617 [0000108c] --- DirectX D3D12 API detected hd3d12=75c40000
04.06.2019 13:45:08.641 [0000108c] --- DirectX D3D12 API detected 1
04.06.2019 13:45:08.641 [0000108c] --- i2: InterfaceProc1
04.06.2019 13:45:08.642 [0000108c] --- interfaceFunc1 [\\.\DISPLAY1] totalMaps=2
04.06.2019 13:45:08.642 [0000108c] --- i3:Executable MQTT_Json_Movie_MOC.exe is excluded OGL
04.06.2019 13:45:09.155 [0000108c] --- CDXGIF Executable MQTT_Json_Movie_MOC.exe exclusion DX10(1), DX11(1), DX12(1)
04.06.2019 13:45:09.155 [0000108c] --- CDXGIF Executable MQTT_Json_Movie_MOC.exe is excluded DX10, DX11 or DX12
04.06.2019 13:45:09.176 [0000108c] --- CDXGIF Executable MQTT_Json_Movie_MOC.exe exclusion DX10(1), DX11(1), DX12(1)
04.06.2019 13:45:09.176 [0000108c] --- CDXGIF Executable MQTT_Json_Movie_MOC.exe is excluded DX10, DX11 or DX12
04.06.2019 13:45:10.125 [0000108c] --- CDXGIF Executable MQTT_Json_Movie_MOC.exe exclusion DX10(1), DX11(1), DX12(1)
04.06.2019 13:45:10.125 [0000108c] --- CDXGIF Executable MQTT_Json_Movie_MOC.exe is excluded DX10, DX11 or DX12
