04.06.2019 21:17:15.999 [00003020] --- App --- Immersive Display PRO v3.0.5 (01.01.2019)
04.06.2019 21:17:15.999 [00003020] --- OS 6:2 Microsoft Windows 8 Professional (build 9200), 64-bit 7(0) 8(1) 8.1(0) 10(0)
04.06.2019 21:17:15.999 [00003020] --- Process32 C:\WINDOWS\SysWOW64\Msiexec.exe
04.06.2019 21:17:15.999 [00003020] --- CmdLine [C:\WINDOWS\system32\Msiexec.exe /I "C:\WINDOWS\Installer\_{00001010-0210-1033-84C8-B8D95FA3C8C3}\Intel Bluetooth.msi"  SETUP_SOURCE="C:\WINDOWS\Temp\sefA9BE.tmp\"]
04.06.2019 21:17:15.999 [00003020] --- Enumerating displays ...
04.06.2019 21:17:16.000 [00003020] --- Device N[\\.\DISPLAY10] S[Radeon RX 580 Series] M[Generic PnP Monitor] F[desktop ]
04.06.2019 21:17:16.001 [00003020] --- Device N[\\.\DISPLAY11] S[Radeon RX 580 Series] M[Generic PnP Monitor] F[desktop primary ]
04.06.2019 21:17:16.002 [00003020] --- Device N[\\.\DISPLAY12] S[Radeon RX 580 Series] M[] F[]
04.06.2019 21:17:16.003 [00003020] --- Device N[\\.\DISPLAY13] S[Radeon RX 580 Series] M[] F[]
04.06.2019 21:17:16.004 [00003020] --- Device N[\\.\DISPLAY14] S[Radeon RX 580 Series] M[] F[]
04.06.2019 21:17:16.005 [00003020] --- Device N[\\.\DISPLAY15] S[Radeon RX 580 Series] M[] F[]
04.06.2019 21:17:16.005 [00003020] --- SM_CMONITORS         = 2
04.06.2019 21:17:16.005 [00003020] --- SM_SAMEDISPLAYFORMAT = 1
04.06.2019 21:17:16.005 [00003020] --- SM_XVIRTUALSCREEN    = 0
04.06.2019 21:17:16.005 [00003020] --- SM_YVIRTUALSCREEN    = 0
04.06.2019 21:17:16.005 [00003020] --- SM_CXVIRTUALSCREEN   = 3840
04.06.2019 21:17:16.005 [00003020] --- SM_CYVIRTUALSCREEN   = 1200
04.06.2019 21:17:16.005 [00003020] --- SM_CXCURSOR          = 32
04.06.2019 21:17:16.010 [00003020] --- [\\.\DISPLAY10] [Radeon RX 580 Series] [MONITOR\SECA70B\{4d36e96e-e325-11ce-bfc1-08002be10318}\0016] [Generic PnP Monitor]
04.06.2019 21:17:16.011 [00003020] --- [\\.\DISPLAY11] [Radeon RX 580 Series] [MONITOR\SECA70B\{4d36e96e-e325-11ce-bfc1-08002be10318}\0015] [Generic PnP Monitor]
04.06.2019 21:17:16.011 [00003020] --- Enumerated 2 displays
04.06.2019 21:17:16.011 [00003020] --- Displays initialized
04.06.2019 21:17:16.011 [00003020] --- Displays[0] M[001c09f1] HDC[5601115b] GDC[9b010183] L=1920 T=0 R=3840 B=1200 RECT[1920,0 1920x1200] N[\\.\DISPLAY10] M[Generic PnP Monitor] F[0] PROJ[2x1] MAPS[2]
04.06.2019 21:17:16.011 [00003020] ---    Grouping G[0] N[0] GD[]
04.06.2019 21:17:16.011 [00003020] --- Displays[1] M[001205fd] HDC[29010bda] GDC[46010b85] L=0 T=0 R=1920 B=1200 RECT[0,0 1920x1200] N[\\.\DISPLAY11] M[Generic PnP Monitor] F[1] PROJ[0x0] MAPS[0]
04.06.2019 21:17:16.011 [00003020] ---    Grouping G[0] N[0] GD[]
04.06.2019 21:17:16.011 [00003020] --- ---
04.06.2019 21:17:16.011 [00003020] --- hookD3D9
04.06.2019 21:17:16.012 [00003020] --- DirectX9 dll=71460000
04.06.2019 21:17:16.055 [00003020] --- DirectX9 API detected
04.06.2019 21:17:16.055 [00003020] --- DirectX9Ex API detected
04.06.2019 21:17:16.055 [00003020] --- i1: InterfaceProc1
04.06.2019 21:17:16.055 [00003020] --- interfaceFunc1 [\\.\DISPLAY10] totalMaps=2
04.06.2019 21:17:16.055 [00003020] --- DXGI dll=724a0000
04.06.2019 21:17:16.078 [00003020] --- DirectX DXGI API CreateDXGIFactory detected 1
04.06.2019 21:17:16.099 [00003020] --- DirectX DXGI API CreateDXGIFactory1 detected 1
04.06.2019 21:17:16.121 [00003020] --- DirectX DXGI API CreateDXGIFactory2 detected 1
04.06.2019 21:17:16.121 [00003020] --- DirectX DXGI API detected
04.06.2019 21:17:16.121 [00003020] --- DirectX D3D12 API detected hd3d12=72330000
04.06.2019 21:17:16.142 [00003020] --- DirectX D3D12 API detected 1
04.06.2019 21:17:16.142 [00003020] --- hookOpenGL
04.06.2019 21:17:16.311 [00003020] --- OpenGL API detected
04.06.2019 21:17:46.321 [00003020] --- PROCESS DETACH
