04.06.2019 13:44:33.861 [000008dc] --- Immersive Display PRO v3.0.5
04.06.2019 13:44:33.861 [000008dc] --- OS 6:2 Microsoft Windows 8 Professional (build 9200), 64-bit 7(0) 8(1) 8.1(0) 10(0)
04.06.2019 13:44:33.861 [000008dc] --- SCREEN \\.\DISPLAY1
04.06.2019 13:44:33.861 [000008dc] ------ LogicalDPI=96.000000 Scale=1.000000
04.06.2019 13:44:33.861 [000008dc] ------ DevicePixelRatio=1.000000
04.06.2019 13:44:33.861 [000008dc] --- Removing log file=C:\WARP000\logs\20190530_170941660_ImmersiveDisplayPRO.log
04.06.2019 13:44:33.861 [000008dc] --- Removing log file=C:\WARP000\logs\20190530_170949494_TeamViewer.exe.log
04.06.2019 13:44:33.861 [000008dc] --- Removing log file=C:\WARP000\logs\20190530_170949603_dwm.exe.log
04.06.2019 13:44:33.861 [000008dc] --- Removing log file=C:\WARP000\logs\20190530_170951348_MCEControl.exe.log
04.06.2019 13:44:33.861 [000008dc] --- Removing log file=C:\WARP000\logs\20190530_171057503_AUEPLauncher.exe.log
04.06.2019 13:44:33.861 [000008dc] --- Removing log file=C:\WARP000\logs\20190530_171057910_AUEPMaster.exe.log
04.06.2019 13:44:33.861 [000008dc] --- Removing log file=C:\WARP000\logs\20190530_171058060_GoogleUpdate.exe.log
04.06.2019 13:44:33.861 [000008dc] --- Removing log file=C:\WARP000\logs\20190530_171058419_GoogleUpdate.exe.log
04.06.2019 13:44:33.861 [000008dc] --- Removing log file=C:\WARP000\logs\20190530_171058529_jhi_service.exe.log
04.06.2019 13:44:33.861 [000008dc] --- Removing log file=C:\WARP000\logs\20190530_171058764_GoogleCrashHandler.exe.log
04.06.2019 13:44:33.861 [000008dc] --- Removing log file=C:\WARP000\logs\20190530_171058785_GoogleCrashHandler64.exe.log
04.06.2019 13:44:33.876 [000008dc] --- Removing log file=C:\WARP000\logs\20190530_171059016_LMS.exe.log
04.06.2019 13:44:33.876 [000008dc] --- Removing log file=C:\WARP000\logs\20190530_171104690_AUEPUF.exe.log
04.06.2019 13:44:33.876 [000008dc] --- Removing log file=C:\WARP000\logs\20190530_171455160_GoogleUpdate.exe.log
04.06.2019 13:44:33.876 [000008dc] --- Removing log file=C:\WARP000\logs\20190530_171455161_GoogleUpdate.exe.log
04.06.2019 13:44:33.876 [000008dc] --- Removing log file=C:\WARP000\logs\20190530_171455560_GoogleCrashHandler.exe.log
04.06.2019 13:44:33.876 [000008dc] --- Removing log file=C:\WARP000\logs\20190530_171455576_GoogleUpdate.exe.log
04.06.2019 13:44:33.876 [000008dc] --- Removing log file=C:\WARP000\logs\20190530_171455582_GoogleCrashHandler64.exe.log
04.06.2019 13:44:33.876 [000008dc] --- Removing log file=C:\WARP000\logs\20190530_171514168_GoogleUpdate.exe.log
04.06.2019 13:44:33.876 [000008dc] --- Removing log file=C:\WARP000\logs\20190530_171857160_MpCmdRun.exe.log
04.06.2019 13:44:33.876 [000008dc] --- Removing log file=C:\WARP000\logs\20190530_171857490_MpCmdRun.exe.log
04.06.2019 13:44:33.876 [000008dc] --- Removing log file=C:\WARP000\logs\20190530_171857925_MpCmdRun.exe.log
04.06.2019 13:44:33.876 [000008dc] --- Removing log file=C:\WARP000\logs\20190530_173055425_MpCmdRun.exe.log
04.06.2019 13:44:33.876 [000008dc] --- Removing log file=C:\WARP000\logs\20190530_173055692_MpCmdRun.exe.log
04.06.2019 13:44:33.876 [000008dc] --- Removing log file=C:\WARP000\logs\20190530_173058958_mpam-c297073a.exe.log
04.06.2019 13:44:33.876 [000008dc] --- Removing log file=C:\WARP000\logs\20190530_173059771_MpSigStub.exe.log
04.06.2019 13:44:33.876 [000008dc] --- Removing log file=C:\WARP000\logs\20190530_173242998_TeamViewer_Desktop.exe.log
04.06.2019 13:44:33.876 [000008dc] --- Removing log file=C:\WARP000\logs\20190530_173309885_MQTT_Json_Movie_MOC.exe.log
04.06.2019 13:44:33.876 [000008dc] --- Removing log file=C:\WARP000\logs\20190530_173309887_UnityCrashHandler64.exe.log
04.06.2019 13:44:33.876 [000008dc] --- Removing log file=C:\WARP000\logs\20190530_173310701_UnityCrashHandler64.exe.log
04.06.2019 13:44:33.876 [000008dc] --- Removing log file=C:\WARP000\logs\20190530_173521614_GoogleUpdate.exe.log
04.06.2019 13:44:33.876 [000008dc] --- Removing log file=C:\WARP000\logs\20190530_181455660_GoogleUpdate.exe.log
04.06.2019 13:44:33.876 [000008dc] --- Removing log file=C:\WARP000\logs\20190530_183521613_GoogleUpdate.exe.log
04.06.2019 13:44:33.876 [000008dc] --- Removing log file=C:\WARP000\logs\20190530_190856806_TiWorker.exe.log
04.06.2019 13:44:33.876 [000008dc] --- Removing log file=C:\WARP000\logs\20190530_191455660_GoogleUpdate.exe.log
04.06.2019 13:44:33.876 [000008dc] --- Removing log file=C:\WARP000\logs\20190530_193521598_GoogleUpdate.exe.log
04.06.2019 13:44:33.876 [000008dc] --- Removing log file=C:\WARP000\logs\20190530_201455659_GoogleUpdate.exe.log
04.06.2019 13:44:33.876 [000008dc] --- Removing log file=C:\WARP000\logs\20190530_203521614_GoogleUpdate.exe.log
04.06.2019 13:44:33.876 [000008dc] --- Removing log file=C:\WARP000\logs\20190530_211455661_GoogleUpdate.exe.log
04.06.2019 13:44:33.876 [000008dc] --- Removing log file=C:\WARP000\logs\20190530_213521614_GoogleUpdate.exe.log
04.06.2019 13:44:33.876 [000008dc] --- Removing log file=C:\WARP000\logs\20190530_221455660_GoogleUpdate.exe.log
04.06.2019 13:44:33.876 [000008dc] --- Removing log file=C:\WARP000\logs\20190530_221539098_GoogleUpdate.exe.log
04.06.2019 13:44:33.876 [000008dc] --- Removing log file=C:\WARP000\logs\20190530_223521614_GoogleUpdate.exe.log
04.06.2019 13:44:33.876 [000008dc] --- Removing log file=C:\WARP000\logs\20190530_231455660_GoogleUpdate.exe.log
04.06.2019 13:44:33.876 [000008dc] --- Removing log file=C:\WARP000\logs\20190530_233521612_GoogleUpdate.exe.log
04.06.2019 13:44:33.876 [000008dc] --- Removing log file=C:\WARP000\logs\20190531_001455660_GoogleUpdate.exe.log
04.06.2019 13:44:33.876 [000008dc] --- Removing log file=C:\WARP000\logs\20190531_003521613_GoogleUpdate.exe.log
04.06.2019 13:44:33.876 [000008dc] --- Removing log file=C:\WARP000\logs\20190531_011455660_GoogleUpdate.exe.log
04.06.2019 13:44:33.876 [000008dc] --- Removing log file=C:\WARP000\logs\20190531_013521613_GoogleUpdate.exe.log
04.06.2019 13:44:33.876 [000008dc] --- Removing log file=C:\WARP000\logs\20190531_021455660_GoogleUpdate.exe.log
04.06.2019 13:44:33.876 [000008dc] --- Removing log file=C:\WARP000\logs\20190531_023521613_GoogleUpdate.exe.log
04.06.2019 13:44:33.876 [000008dc] --- Removing log file=C:\WARP000\logs\20190531_031455660_GoogleUpdate.exe.log
04.06.2019 13:44:33.876 [000008dc] --- Removing log file=C:\WARP000\logs\20190531_031517597_GoogleUpdate.exe.log
04.06.2019 13:44:33.876 [000008dc] --- Removing log file=C:\WARP000\logs\20190531_033521612_GoogleUpdate.exe.log
04.06.2019 13:44:33.876 [000008dc] --- Removing log file=C:\WARP000\logs\20190531_041455659_GoogleUpdate.exe.log
04.06.2019 13:44:33.876 [000008dc] --- Removing log file=C:\WARP000\logs\20190531_043521612_GoogleUpdate.exe.log
04.06.2019 13:44:33.876 [000008dc] --- Removing log file=C:\WARP000\logs\20190531_051455660_GoogleUpdate.exe.log
04.06.2019 13:44:33.876 [000008dc] --- Removing log file=C:\WARP000\logs\20190531_053521613_GoogleUpdate.exe.log
04.06.2019 13:44:33.876 [000008dc] --- Removing log file=C:\WARP000\logs\20190531_061455660_GoogleUpdate.exe.log
04.06.2019 13:44:33.876 [000008dc] --- Removing log file=C:\WARP000\logs\20190531_063521612_GoogleUpdate.exe.log
04.06.2019 13:44:33.876 [000008dc] --- Removing log file=C:\WARP000\logs\20190531_071455661_GoogleUpdate.exe.log
04.06.2019 13:44:33.876 [000008dc] --- Removing log file=C:\WARP000\logs\20190531_073521614_GoogleUpdate.exe.log
04.06.2019 13:44:33.876 [000008dc] --- Removing log file=C:\WARP000\logs\20190531_081455659_GoogleUpdate.exe.log
04.06.2019 13:44:33.876 [000008dc] --- Removing log file=C:\WARP000\logs\20190531_081533723_GoogleUpdate.exe.log
04.06.2019 13:44:33.876 [000008dc] --- Removing log file=C:\WARP000\logs\20190531_083521145_GoogleUpdate.exe.log
04.06.2019 13:44:33.876 [000008dc] --- Removing log file=C:\WARP000\logs\20190531_083521238_GoogleUpdate.exe.log
04.06.2019 13:44:33.892 [000008dc] --- Removing log file=C:\WARP000\logs\20190531_083521635_GoogleCrashHandler.exe.log
04.06.2019 13:44:33.892 [000008dc] --- Removing log file=C:\WARP000\logs\20190531_083521648_GoogleUpdate.exe.log
04.06.2019 13:44:33.892 [000008dc] --- Removing log file=C:\WARP000\logs\20190531_083521653_GoogleCrashHandler64.exe.log
04.06.2019 13:44:33.892 [000008dc] --- Removing log file=C:\WARP000\logs\20190531_091455660_GoogleUpdate.exe.log
04.06.2019 13:44:33.892 [000008dc] --- Removing log file=C:\WARP000\logs\20190531_093521613_GoogleUpdate.exe.log
04.06.2019 13:44:33.892 [000008dc] --- Removing log file=C:\WARP000\logs\20190531_101455660_GoogleUpdate.exe.log
04.06.2019 13:44:33.892 [000008dc] --- Removing log file=C:\WARP000\logs\20190531_103521738_GoogleUpdate.exe.log
04.06.2019 13:44:33.892 [000008dc] --- Removing log file=C:\WARP000\logs\20190531_111455658_GoogleUpdate.exe.log
04.06.2019 13:44:33.892 [000008dc] --- Removing log file=C:\WARP000\logs\20190531_113521738_GoogleUpdate.exe.log
04.06.2019 13:44:33.892 [000008dc] --- Removing log file=C:\WARP000\logs\20190531_121455659_GoogleUpdate.exe.log
04.06.2019 13:44:33.892 [000008dc] --- Removing log file=C:\WARP000\logs\20190531_123521739_GoogleUpdate.exe.log
04.06.2019 13:44:33.892 [000008dc] --- Removing log file=C:\WARP000\logs\20190531_131455660_GoogleUpdate.exe.log
04.06.2019 13:44:33.892 [000008dc] --- Removing log file=C:\WARP000\logs\20190531_131547957_GoogleUpdate.exe.log
04.06.2019 13:44:33.892 [000008dc] --- Removing log file=C:\WARP000\logs\20190531_133521738_GoogleUpdate.exe.log
04.06.2019 13:44:33.892 [000008dc] --- Removing log file=C:\WARP000\logs\20190531_141455661_GoogleUpdate.exe.log
04.06.2019 13:44:33.892 [000008dc] --- Removing log file=C:\WARP000\logs\20190531_143521739_GoogleUpdate.exe.log
04.06.2019 13:44:33.892 [000008dc] --- Removing log file=C:\WARP000\logs\20190531_151455661_GoogleUpdate.exe.log
04.06.2019 13:44:33.892 [000008dc] --- Removing log file=C:\WARP000\logs\20190531_153521738_GoogleUpdate.exe.log
04.06.2019 13:44:33.892 [000008dc] --- Removed 84 log file(s)
04.06.2019 13:44:33.892 [000008dc] --- ACL changed for C:\WARP000\
04.06.2019 13:44:34.158 [000008dc] --- LicAppName=Immersive Display PRO
04.06.2019 13:44:34.173 [000008dc] --- L1
04.06.2019 13:44:34.678 [000008dc] --- EK2C55
04.06.2019 13:44:35.647 [000008dc] --- DM107
04.06.2019 13:44:36.740 [000008dc] --- LD=20190109 SD=20190101
04.06.2019 13:44:36.740 [000008dc] --- ###[UzNZOU5YME0yNDg4OTBM]###
04.06.2019 13:44:37.178 [000008dc] --- Displays 1/2 [20] SGD=2560932 SSC=31904
04.06.2019 13:44:37.178 [000008dc] --- Shared 31904+5121864 5153768
04.06.2019 13:44:37.178 [000008dc] ### PageSize=4096
04.06.2019 13:44:37.178 [000008dc] ### MinimumApplicationAddress=00010000
04.06.2019 13:44:37.178 [000008dc] ### MaximumApplicationAddress=7ffeffff
04.06.2019 13:44:37.178 [000008dc] ### AllocationGranularity=65536
04.06.2019 13:44:37.178 [000008dc] ### Res=28
04.06.2019 13:44:37.178 [000008dc] ### BaseAddress=07c50000
04.06.2019 13:44:37.178 [000008dc] ### AllocationBase=07c50000
04.06.2019 13:44:37.178 [000008dc] ### AllocationProtect=00000004
04.06.2019 13:44:37.178 [000008dc] ### RegionSize=5156864
04.06.2019 13:44:37.178 [000008dc] ### State=00001000
04.06.2019 13:44:37.178 [000008dc] ### Protect=00000004
04.06.2019 13:44:37.178 [000008dc] ### Type=00040000
04.06.2019 13:44:37.178 [000008dc] --- Config 07c50000 ZERO(0) 31904 + 5121864
04.06.2019 13:44:37.178 [000008dc] --- Config 07c50000 ZERO(1)
04.06.2019 13:44:37.178 [000008dc] --- Config 07c50000 ZERO(2)
04.06.2019 13:44:37.178 [000008dc] --- R [12]->26
04.06.2019 13:44:37.178 [000008dc] --- MP 3
04.06.2019 13:44:37.178 [000008dc] --- Config 07c50000
04.06.2019 13:44:37.178 [000008dc] --- Config logsFolder=C:\WARP000\logs\
04.06.2019 13:44:37.178 [000008dc] --- Config imagesFolder=C:\WARP000\images\
04.06.2019 13:44:37.178 [000008dc] --- Config configsFolder=C:\WARP000\config\
04.06.2019 13:44:37.178 [000008dc] --- Enumerating displays ...
04.06.2019 13:44:37.178 [000008dc] --- Device N[\\.\DISPLAY1] S[Radeon RX 580 Series] M[Generic PnP Monitor] F[desktop primary ]
04.06.2019 13:44:37.178 [000008dc] --- Device N[\\.\DISPLAY2] S[Radeon RX 580 Series] M[] F[]
04.06.2019 13:44:37.178 [000008dc] --- Device N[\\.\DISPLAY3] S[Radeon RX 580 Series] M[] F[]
04.06.2019 13:44:37.178 [000008dc] --- Device N[\\.\DISPLAY4] S[Radeon RX 580 Series] M[] F[]
04.06.2019 13:44:37.178 [000008dc] --- Device N[\\.\DISPLAY5] S[Radeon RX 580 Series] M[] F[]
04.06.2019 13:44:37.178 [000008dc] --- Device N[\\.\DISPLAY6] S[Radeon RX 580 Series] M[] F[]
04.06.2019 13:44:37.178 [000008dc] --- Device N[\\.\DISPLAY7] S[Radeon RX 580 Series] M[] F[]
04.06.2019 13:44:37.178 [000008dc] --- Device N[\\.\DISPLAY8] S[Radeon RX 580 Series] M[] F[]
04.06.2019 13:44:37.178 [000008dc] --- SM_CMONITORS         = 1
04.06.2019 13:44:37.178 [000008dc] --- SM_SAMEDISPLAYFORMAT = 1
04.06.2019 13:44:37.178 [000008dc] --- SM_XVIRTUALSCREEN    = 0
04.06.2019 13:44:37.178 [000008dc] --- SM_YVIRTUALSCREEN    = 0
04.06.2019 13:44:37.178 [000008dc] --- SM_CXVIRTUALSCREEN   = 3840
04.06.2019 13:44:37.178 [000008dc] --- SM_CYVIRTUALSCREEN   = 1200
04.06.2019 13:44:37.178 [000008dc] --- SM_CXCURSOR          = 32
04.06.2019 13:44:37.209 [000008dc] --- [\\.\DISPLAY1] [Radeon RX 580 Series] [MONITOR\ADVEF2D\{4d36e96e-e325-11ce-bfc1-08002be10318}\0013] [Generic PnP Monitor]
04.06.2019 13:44:37.209 [000008dc] --- Enumerated 1 displays
04.06.2019 13:44:37.209 [000008dc] --- Displays initialized
04.06.2019 13:44:37.209 [000008dc] --- Displays[0] M[00010001] HDC[17010ebf] GDC[20010e2a] L=0 T=0 R=3840 B=1200 RECT[0,0 3840x1200] N[\\.\DISPLAY1] M[Generic PnP Monitor] F[1] PROJ[0x0] MAPS[0]
04.06.2019 13:44:37.209 [000008dc] ---    Grouping G[0] N[0] GD[]
04.06.2019 13:44:37.209 [000008dc] --- ---
04.06.2019 13:44:37.224 [000008dc] --- Model:Config file C:\WARP000\config\config.dat does not exist
04.06.2019 13:44:37.224 [000008dc] --- Model:Config file LCC[1]
04.06.2019 13:44:37.224 [000008dc] --- Model:Config file CC[2]
04.06.2019 13:44:37.224 [000008dc] --- Preferences loaded
04.06.2019 13:44:37.224 [000008dc] ------ startMinimized 0
04.06.2019 13:44:37.224 [000008dc] ------ showTrayNotifications 0
04.06.2019 13:44:37.224 [000008dc] ------ autoStartDesktopWarping 1
04.06.2019 13:44:37.224 [000008dc] ------ autoStartDesktopWarpingDelaySeconds 3
04.06.2019 13:44:37.224 [000008dc] ------ warpCursor 1
04.06.2019 13:44:37.224 [000008dc] ------ hideSystemCursor 0
04.06.2019 13:44:37.224 [000008dc] ------ samplingDesktop 2
04.06.2019 13:44:37.224 [000008dc] ------ samplingDXGL 2
04.06.2019 13:44:37.224 [000008dc] ------ useFXAA 0
04.06.2019 13:44:37.224 [000008dc] ------ useFXAAPresetIndex 0
04.06.2019 13:44:37.224 [000008dc] ------ updateRateMS 20
04.06.2019 13:44:37.224 [000008dc] ------ enableVNCControl 0
04.06.2019 13:44:37.224 [000008dc] ------ vncPort 5900
04.06.2019 13:44:37.224 [000008dc] ------ vncPassword 1234
04.06.2019 13:44:37.224 [000008dc] ------ enableTelnet 0
04.06.2019 13:44:37.224 [000008dc] ------ remoteTelnetPort 6600
04.06.2019 13:44:37.224 [000008dc] ------ overrideDesktopRotation 0
04.06.2019 13:44:37.224 [000008dc] ------ forcedDesktopRotation 0
04.06.2019 13:44:37.224 [000008dc] ------ forcedScissorsRotation 0
04.06.2019 13:44:37.224 [000008dc] ------ checkForDisplayConfigChange 0
04.06.2019 13:44:37.224 [000008dc] ------ cropEdges 0
04.06.2019 13:44:37.224 [000008dc] ------ cropPixels 0
04.06.2019 13:44:37.224 [000008dc] ------ removeWindowFrame 0
04.06.2019 13:44:37.224 [000008dc] ------ skipWarpChildWindows 0
04.06.2019 13:44:37.224 [000008dc] ------ openGLTextureOffset 0
04.06.2019 13:44:37.224 [000008dc] ------ disable_DX9 0
04.06.2019 13:44:37.224 [000008dc] ------ disable_DX10 0
04.06.2019 13:44:37.224 [000008dc] ------ disable_DX11 0
04.06.2019 13:44:37.224 [000008dc] ------ disable_DX12 0
04.06.2019 13:44:37.224 [000008dc] ------ disable_OpenGL 0
04.06.2019 13:44:37.224 [000008dc] ------ disable_Vulkan 1
04.06.2019 13:44:37.224 [000008dc] ------ forcePreserveBB_DX9 0
04.06.2019 13:44:37.224 [000008dc] ------ forcePreserveBB_DX10 0
04.06.2019 13:44:37.224 [000008dc] ------ forcePreserveBB_DX11 0
04.06.2019 13:44:37.224 [000008dc] ------ forcePreserveBB_DX12 0
04.06.2019 13:44:37.224 [000008dc] ------ forcePreserveBB_OpenGL 0
04.06.2019 13:44:37.224 [000008dc] ------ forcePreserveBB_Vulkan 0
04.06.2019 13:44:37.224 [000008dc] ------ enableDebanding 0
04.06.2019 13:44:37.224 [000008dc] ------ enableWindowsSessionShutdown 0
04.06.2019 13:44:37.224 [000008dc] ------ ignoreDWMInFullScreen 1
04.06.2019 13:44:37.240 [000008dc] --- Excludes loaded 3
04.06.2019 13:44:37.240 [000008dc] ------ Exclude Path=MQTT_Json_Movie_MOC.exe DX9=1 DX10=1 DX11=1 DX12=1 OGL=1 VULKAN=1 StopDWM7=0
04.06.2019 13:44:37.240 [000008dc] ------ Exclude Path=chrome.exe DX9=1 DX10=1 DX11=1 DX12=1 OGL=1 VULKAN=1 StopDWM7=0
04.06.2019 13:44:37.240 [000008dc] ------ Exclude Path=chrome.exe DX9=1 DX10=1 DX11=1 DX12=1 OGL=1 VULKAN=1 StopDWM7=0
04.06.2019 13:44:37.240 [000008dc] --- Sets configSet=1
04.06.2019 13:44:37.240 [000008dc] --- Sets configSetFile[1]=C:\WARP000\config\20190509.dat
04.06.2019 13:44:37.240 [000008dc] --- Sets configSetFile[2]=C:\WARP000\config\config2.dat
04.06.2019 13:44:37.240 [000008dc] --- Sets configSetFile[3]=C:\WARP000\config\config3.dat
04.06.2019 13:44:37.240 [000008dc] --- Sets configSetFile[4]=C:\WARP000\config\config4.dat
04.06.2019 13:44:37.240 [000008dc] --- Sets configSetFile[5]=C:\WARP000\config\config5.dat
04.06.2019 13:44:37.240 [000008dc] --- Sets configSetFile[6]=C:\WARP000\config\config6.dat
04.06.2019 13:44:37.240 [000008dc] --- Sets configSetFile[7]=C:\WARP000\config\config7.dat
04.06.2019 13:44:37.240 [000008dc] --- Sets configSetFile[8]=C:\WARP000\config\config8.dat
04.06.2019 13:44:37.256 [000008dc] --- Loaded Displays[0] \\.\DISPLAY1 Generic PnP Monitor L=0 T=0 R=3840 B=1200 loadedDisplaysWithPositionAndSize=1
04.06.2019 13:44:37.287 [000008dc] --- Displays loaded
04.06.2019 13:44:37.287 [000008dc] --- Displays[0] M[00010001] HDC[17010ebf] GDC[20010e2a] L=0 T=0 R=3840 B=1200 RECT[0,0 3840x1200] N[\\.\DISPLAY1] M[Generic PnP Monitor] F[1] PROJ[2x1] MAPS[2]
04.06.2019 13:44:37.287 [000008dc] ---    Grouping G[0] N[0] GD[]
04.06.2019 13:44:37.287 [000008dc] --- Model:Config file C:\WARP000\config\20190509.dat loaded
04.06.2019 13:44:37.287 [000008dc] --- Model:Config file LCC[3]
04.06.2019 13:44:37.287 [000008dc] --- Model:Config file CC[4]
04.06.2019 13:44:37.287 [000008dc] --- Sets manager selectSet[1]->1
04.06.2019 13:44:37.303 [000008dc] --- Schedules STOP
04.06.2019 13:44:37.303 [000008dc] --- Schedules STOP
04.06.2019 13:44:37.303 [000008dc] --- Autoruns 0
04.06.2019 13:44:37.303 [000008dc] $$$ Immersive Display PRO v3.0.5 (01.01.2019)
04.06.2019 13:44:37.303 [000008dc] $$$ 6:2 Microsoft Windows 8 Professional (build 9200), 64-bit 7(0) 8(1) 8.1(0) 10(0)
04.06.2019 13:44:37.625 [000008dc] --- Run all autoruns
04.06.2019 13:44:40.514 [000008dc] --- onToggleDesktopWarp isDWMAvailable=1
04.06.2019 13:44:40.514 [000008dc] --- onToggleDesktopWarp TOGGLED
04.06.2019 13:44:40.514 [000008dc] $$$ incremented dwmRestartCount=1
04.06.2019 13:44:41.325 [000008dc] $$$ P32[00000824] [TeamViewer.exe][C:\Program Files (x86)\TeamViewer\TeamViewer.exe] started
04.06.2019 13:44:41.435 [000008dc] $$$ P64[00001ac8] [dwm.exe][C:\WINDOWS\system32\dwm.exe] started
04.06.2019 13:44:43.605 [000008dc] $$$ P64[00001f6c] [MCEControl.exe][C:\Program Files (x86)\Kindel Systems\MCE Controller\MCEControl.exe] started
04.06.2019 13:45:08.544 [000008dc] $$$ P64[000016fc] [MQTT_Json_Movie_MOC.exe][C:\boch-wall\MQTT_Json_Movie_MOC.exe] started
04.06.2019 13:45:08.558 [000008dc] $$$ P64[00000810] [UnityCrashHandler64.exe][C:\boch-wall\UnityCrashHandler64.exe] started
04.06.2019 13:45:09.216 [000008dc] $$$ P64[00001814] [UnityCrashHandler64.exe][C:\boch-wall\UnityCrashHandler64.exe] started
04.06.2019 13:45:51.541 [000008dc] $$$ P64[00001c4c] [AUEPLauncher.exe][C:\Program Files\AMD\Performance Profile Client\AUEPLauncher.exe] started
04.06.2019 13:45:51.994 [000008dc] $$$ P64[00000c1c] [AUEPMaster.exe][C:\Program Files\AMD\Performance Profile Client\AUEPMaster.exe] started
04.06.2019 13:45:52.145 [000008dc] $$$ P32[00001be8] [GoogleUpdate.exe][C:\Program Files (x86)\Google\Update\GoogleUpdate.exe] started
04.06.2019 13:45:52.551 [000008dc] $$$ P32[00000504] [GoogleUpdate.exe][C:\Program Files (x86)\Google\Update\GoogleUpdate.exe] started
04.06.2019 13:45:52.662 [000008dc] $$$ P32[0000025c] [jhi_service.exe][C:\Program Files (x86)\Intel\Intel(R) Management Engine Components\DAL\jhi_service.exe] started
04.06.2019 13:45:52.946 [000008dc] $$$ P32[00000934] [GoogleCrashHandler.exe][C:\Program Files (x86)\Google\Update\1.3.34.11\GoogleCrashHandler.exe] started
04.06.2019 13:45:52.982 [000008dc] $$$ P64[00001a68] [GoogleCrashHandler64.exe][C:\Program Files (x86)\Google\Update\1.3.34.11\GoogleCrashHandler64.exe] started
04.06.2019 13:45:53.210 [000008dc] $$$ P32[00001a9c] [LMS.exe][C:\Program Files (x86)\Intel\Intel(R) Management Engine Components\LMS\LMS.exe] started
04.06.2019 13:45:58.829 [000008dc] $$$ P64[00000ee4] [AUEPUF.exe][C:\Program Files\AMD\Performance Profile Client\AUEPUF.exe] started
04.06.2019 13:46:48.617 [000008dc] $$$ P32[0000209c] [GoogleUpdate.exe][C:\Program Files (x86)\Google\Update\GoogleUpdate.exe] started
04.06.2019 13:46:48.617 [000008dc] $$$ P32[000020a4] [GoogleUpdate.exe][C:\Program Files (x86)\Google\Update\GoogleUpdate.exe] started
04.06.2019 13:46:49.087 [000008dc] $$$ P32[00002218] [GoogleUpdate.exe][C:\Program Files (x86)\Google\Update\GoogleUpdate.exe] started
04.06.2019 13:46:49.088 [000008dc] $$$ P32[00002204] [GoogleCrashHandler.exe][C:\Program Files (x86)\Google\Update\1.3.34.11\GoogleCrashHandler.exe] started
04.06.2019 13:46:49.092 [000008dc] $$$ P64[00002210] [GoogleCrashHandler64.exe][C:\Program Files (x86)\Google\Update\1.3.34.11\GoogleCrashHandler64.exe] started
04.06.2019 13:47:02.175 [000008dc] $$$ P32[000022e0] [GoogleUpdate.exe][C:\Program Files (x86)\Google\Update\GoogleUpdate.exe] started
04.06.2019 13:48:43.153 [000008dc] $$$ P64[00000584] [MQTT_Json_Movie_MOC.exe][C:\boch-wall\MQTT_Json_Movie_MOC.exe] started
04.06.2019 13:48:43.168 [000008dc] $$$ P64[00000554] [UnityCrashHandler64.exe][C:\boch-wall\UnityCrashHandler64.exe] started
04.06.2019 13:48:43.810 [000008dc] $$$ P64[000020c8] [UnityCrashHandler64.exe][C:\boch-wall\UnityCrashHandler64.exe] started
04.06.2019 13:52:27.363 [000008dc] $$$ P64[00001264] [UnityCrashHandler64.exe][C:\boch-wall\UnityCrashHandler64.exe] started
04.06.2019 13:52:27.363 [000008dc] $$$ P64[00000908] [MQTT_Json_Movie_MOC.exe][C:\boch-wall\MQTT_Json_Movie_MOC.exe] started
04.06.2019 13:52:27.997 [000008dc] $$$ P64[000016fc] [UnityCrashHandler64.exe][C:\boch-wall\UnityCrashHandler64.exe] started
04.06.2019 13:53:50.285 [000008dc] $$$ P64[000022ac] [MpCmdRun.exe][C:\ProgramData\Microsoft\Windows Defender\platform\4.18.1904.1-0\MpCmdRun.exe] started
04.06.2019 13:53:50.285 [000008dc] $$$ P64[00002244] [MpCmdRun.exe][C:\ProgramData\Microsoft\Windows Defender\platform\4.18.1904.1-0\MpCmdRun.exe] started
04.06.2019 13:53:50.631 [000008dc] $$$ P64[000021f8] [MpCmdRun.exe][C:\ProgramData\Microsoft\Windows Defender\platform\4.18.1904.1-0\MpCmdRun.exe] started
04.06.2019 13:53:50.631 [000008dc] $$$ P64[00001bf0] [MpCmdRun.exe][C:\ProgramData\Microsoft\Windows Defender\platform\4.18.1904.1-0\MpCmdRun.exe] started
04.06.2019 13:53:51.082 [000008dc] $$$ P64[00002194] [MpCmdRun.exe][C:\ProgramData\Microsoft\Windows Defender\platform\4.18.1904.1-0\MpCmdRun.exe] started
04.06.2019 13:56:04.362 [000008dc] $$$ P64[00002018] [MQTT_Json_Movie_MOC.exe][C:\boch-wall\MQTT_Json_Movie_MOC.exe] started
04.06.2019 13:56:04.362 [000008dc] $$$ P64[00001364] [UnityCrashHandler64.exe][C:\boch-wall\UnityCrashHandler64.exe] started
04.06.2019 13:56:05.013 [000008dc] $$$ P64[00001c40] [UnityCrashHandler64.exe][C:\boch-wall\UnityCrashHandler64.exe] started
04.06.2019 14:01:53.325 [000008dc] $$$ P64[000021a8] [MQTT_Json_Movie_MOC.exe][C:\boch-wall\MQTT_Json_Movie_MOC.exe] started
04.06.2019 14:01:53.341 [000008dc] $$$ P64[0000219c] [UnityCrashHandler64.exe][C:\boch-wall\UnityCrashHandler64.exe] started
04.06.2019 14:01:53.981 [000008dc] $$$ P64[0000200c] [UnityCrashHandler64.exe][C:\boch-wall\UnityCrashHandler64.exe] started
04.06.2019 14:02:48.894 [000008dc] $$$ P64[0000205c] [MpCmdRun.exe][C:\ProgramData\Microsoft\Windows Defender\platform\4.18.1904.1-0\MpCmdRun.exe] started
04.06.2019 14:02:49.224 [000008dc] $$$ P64[00001f58] [MpCmdRun.exe][C:\ProgramData\Microsoft\Windows Defender\platform\4.18.1904.1-0\MpCmdRun.exe] started
04.06.2019 14:02:54.178 [000008dc] $$$ P64[00001100] [mpam-7edf0f79.exe][C:\WINDOWS\SERVIC~1\NETWOR~1\AppData\Local\Temp\mpam-7edf0f79.exe] started
04.06.2019 14:02:54.943 [000008dc] $$$ P64[0000159c] [MpSigStub.exe][C:\WINDOWS\SERVIC~1\NETWOR~1\AppData\Local\Temp\9ECA5E99-4C00-4283-AD62-3C4D8120CD7D\MpSigStub.exe] started
04.06.2019 14:03:15.414 [000008dc] $$$ P64[00001fb4] [mpam-a4935961.exe][C:\WINDOWS\SERVIC~1\NETWOR~1\AppData\Local\Temp\mpam-a4935961.exe] started
04.06.2019 14:03:16.333 [000008dc] $$$ P64[000007c8] [MpSigStub.exe][C:\WINDOWS\SERVIC~1\NETWOR~1\AppData\Local\Temp\BFE8AB9D-B8B2-4D6D-8D95-62816D034593\MpSigStub.exe] started
04.06.2019 14:05:23.447 [000008dc] $$$ P64[00001490] [TabTip.exe][C:\Program Files\Common Files\microsoft shared\ink\TabTip.exe] started
04.06.2019 14:05:24.303 [000008dc] $$$ P32[00001584] [E1847_SCENE_LT_2019.0.1.1653_wManual_x64_Setup.exe][D:\test_VR\E1847_SCENE_LT_2019.0.1.1653_wManual_x64_Setup.exe] started
04.06.2019 14:05:24.786 [000008dc] $$$ P32[00000bcc] [E1847_SCENE_LT_2019.0.1.1653_wManual_x64_Setup.tmp][C:\Users\own\AppData\Local\Temp\is-IEPM2.tmp\E1847_SCENE_LT_2019.0.1.1653_wManual_x64_Setup.tmp] started
04.06.2019 14:06:32.599 [000008dc] $$$ P32[0000198c] [vcredist_x64_80.exe][C:\Users\own\AppData\Local\Temp\is-LADPU.tmp\vcredist_x64_80.exe] started
04.06.2019 14:06:33.817 [000008dc] $$$ P32[00001fbc] [VCREDI~2.EXE][C:\Users\own\AppData\Local\Temp\IXP000.TMP\VCREDI~2.EXE] started
04.06.2019 14:06:34.239 [000008dc] $$$ P32[000007c8] [msiexec.exe][C:\WINDOWS\SysWOW64\msiexec.exe] started
04.06.2019 14:06:35.005 [000008dc] $$$ P32[00001314] [MsiExec.exe][C:\Windows\syswow64\MsiExec.exe] started
04.06.2019 14:06:36.177 [000008dc] $$$ P64[00000594] [TiWorker.exe][C:\WINDOWS\winsxs\amd64_microsoft-windows-servicingstack_31bf3856ad364e35_10.0.17763.402_none_7e502ee34cd6a6f5\TiWorker.exe] started
04.06.2019 14:06:37.630 [000008dc] $$$ P32[00000750] [vcredist_x64_90.exe][C:\Users\own\AppData\Local\Temp\is-LADPU.tmp\vcredist_x64_90.exe] started
04.06.2019 14:06:44.245 [000008dc] $$$ P64[000006c8] [install.exe][d:\beebaced20f7aebc25c4dbb412afa4\install.exe] started
04.06.2019 14:06:46.988 [000008dc] $$$ P32[00000e44] [vcredist_x64_100.exe][C:\Users\own\AppData\Local\Temp\is-LADPU.tmp\vcredist_x64_100.exe] started
04.06.2019 14:07:00.146 [000008dc] $$$ P32[00000968] [Setup.exe][d:\086c58bb361ef3c96d\Setup.exe] started
04.06.2019 14:07:07.975 [000008dc] $$$ P32[0000111c] [vcredist_x64_110.exe][C:\Users\own\AppData\Local\Temp\is-LADPU.tmp\vcredist_x64_110.exe] started
04.06.2019 14:07:08.286 [000008dc] $$$ P32[00000940] [vcredist_x64_110.exe][C:\Users\own\AppData\Local\Temp\is-LADPU.tmp\vcredist_x64_110.exe] started
04.06.2019 14:07:18.662 [000008dc] $$$ P32[00001f00] [vcredist_x64_2017.exe][C:\Users\own\AppData\Local\Temp\is-LADPU.tmp\vcredist_x64_2017.exe] started
04.06.2019 14:07:18.975 [000008dc] $$$ P32[00002344] [vcredist_x64_2017.exe][C:\Users\own\AppData\Local\Temp\is-LADPU.tmp\vcredist_x64_2017.exe] started
04.06.2019 14:07:20.381 [000008dc] $$$ P32[00001f98] [MsiExec.exe][C:\Windows\syswow64\MsiExec.exe] started
04.06.2019 14:07:32.183 [000008dc] $$$ P64[000017d4] [SceneNvidiaProfileCreator.exe][C:\Program Files\FARO\SCENE LT\SceneNvidiaProfileCreator.exe] started
04.06.2019 14:07:32.569 [000008dc] $$$ P32[000020cc] [vcredist_x64_120.exe][C:\Users\own\AppData\Local\Temp\is-LADPU.tmp\vcredist_x64_120.exe] started
04.06.2019 14:07:32.897 [000008dc] $$$ P32[00000f24] [vcredist_x64_120.exe][C:\Users\own\AppData\Local\Temp\is-LADPU.tmp\vcredist_x64_120.exe] started
04.06.2019 14:07:34.044 [000008dc] $$$ P64[00001d34] [SCENE LT.exe][C:\Program Files\FARO\SCENE LT\SCENE LT.exe] started
04.06.2019 14:07:34.614 [000008dc] $$$ P32[00001168] [haspdinst.exe][C:\Program Files\FARO\SCENE LT\haspdinst.exe] started
04.06.2019 14:07:35.184 [000008dc] $$$ P64[00001c04] [haspdinst_x64.exe][C:\Users\own\AppData\Local\Temp\haspdinst_x64.exe] started
04.06.2019 14:07:42.823 [000008dc] $$$ P64[00000f5c] [SCENE LT.exe][C:\Program Files\FARO\SCENE LT\SCENE LT.exe] started
04.06.2019 14:07:59.873 [000008dc] $$$ P64[00001314] [SCENE LT.exe][C:\Program Files\FARO\SCENE LT\SCENE LT.exe] started
04.06.2019 14:08:01.153 [000008dc] $$$ P64[00000f3c] [libcef_process.exe][C:\Program Files\FARO\SCENE LT\libcef_process.exe] started
04.06.2019 14:08:54.472 [000008dc] $$$ P64[000015ac] [libcef_process.exe][C:\Program Files\FARO\SCENE LT\libcef_process.exe] started
04.06.2019 14:10:15.812 [000008dc] --- Clipboard DATA changed
04.06.2019 14:10:15.837 [000008dc] $$$ P64[00001168] [TabTip.exe][C:\Program Files\Common Files\microsoft shared\ink\TabTip.exe] started
04.06.2019 14:13:26.363 [000008dc] $$$ P64[00002334] [MpCmdRun.exe][C:\ProgramData\Microsoft\Windows Defender\platform\4.18.1905.4-0\MpCmdRun.exe] started
04.06.2019 14:13:26.662 [000008dc] $$$ P64[0000072c] [MpCmdRun.exe][C:\ProgramData\Microsoft\Windows Defender\platform\4.18.1905.4-0\MpCmdRun.exe] started
04.06.2019 14:13:27.067 [000008dc] $$$ P64[00001c40] [MpCmdRun.exe][C:\ProgramData\Microsoft\Windows Defender\platform\4.18.1905.4-0\MpCmdRun.exe] started
04.06.2019 14:16:37.769 [000008dc] $$$ P64[000011b0] [libcef_process.exe][C:\Program Files\FARO\SCENE LT\libcef_process.exe] started
04.06.2019 14:17:53.552 [000008dc] $$$ P64[00000078] [libcef_process.exe][C:\Program Files\FARO\SCENE LT\libcef_process.exe] started
04.06.2019 14:18:28.105 [000008dc] $$$ P64[000008d0] [libcef_process.exe][C:\Program Files\FARO\SCENE LT\libcef_process.exe] started
04.06.2019 14:35:21.608 [000008dc] $$$ P32[000011a4] [GoogleUpdate.exe][C:\Program Files (x86)\Google\Update\GoogleUpdate.exe] started
04.06.2019 14:46:49.076 [000008dc] $$$ P32[000005f4] [GoogleUpdate.exe][C:\Program Files (x86)\Google\Update\GoogleUpdate.exe] started
04.06.2019 14:51:24.427 [000008dc] $$$ P64[00001998] [libcef_process.exe][C:\Program Files\FARO\SCENE LT\libcef_process.exe] started
04.06.2019 14:51:32.628 [000008dc] $$$ P64[00002188] [libcef_process.exe][C:\Program Files\FARO\SCENE LT\libcef_process.exe] started
04.06.2019 14:53:59.949 [000008dc] $$$ P64[000017ec] [libcef_process.exe][C:\Program Files\FARO\SCENE LT\libcef_process.exe] started
04.06.2019 14:54:06.375 [000008dc] $$$ P64[0000184c] [libcef_process.exe][C:\Program Files\FARO\SCENE LT\libcef_process.exe] started
04.06.2019 14:55:03.717 [000008dc] $$$ P64[0000074c] [dwm.exe][C:\WINDOWS\system32\dwm.exe] started
04.06.2019 14:55:51.764 [000008dc] $$$ P64[00000948] [SCENEL~1.EXE][C:\PROGRA~1\FARO\SCENEL~1\SCENEL~1.EXE] started
04.06.2019 14:55:52.622 [000008dc] $$$ P64[00001cfc] [libcef_process.exe][C:\PROGRA~1\FARO\SCENEL~1\libcef_process.exe] started
04.06.2019 14:56:18.580 [000008dc] $$$ P64[00000e88] [libcef_process.exe][C:\PROGRA~1\FARO\SCENEL~1\libcef_process.exe] started
04.06.2019 14:57:04.190 [000008dc] $$$ P64[00000fb4] [libcef_process.exe][C:\PROGRA~1\FARO\SCENEL~1\libcef_process.exe] started
04.06.2019 15:05:24.212 [000008dc] --- Clipboard DATA changed
04.06.2019 15:06:36.903 [000008dc] $$$ P64[00002164] [SCENE LT.exe][C:\Program Files\FARO\SCENE LT\SCENE LT.exe] started
04.06.2019 15:06:37.607 [000008dc] $$$ P64[000002c0] [libcef_process.exe][C:\Program Files\FARO\SCENE LT\libcef_process.exe] started
04.06.2019 15:08:03.278 [000008dc] $$$ P64[00001d54] [libcef_process.exe][C:\Program Files\FARO\SCENE LT\libcef_process.exe] started
04.06.2019 15:12:01.154 [000008dc] $$$ P64[000020c4] [SCENE LT.exe][C:\Program Files\FARO\SCENE LT\SCENE LT.exe] started
04.06.2019 15:12:01.856 [000008dc] $$$ P64[000021a0] [libcef_process.exe][C:\Program Files\FARO\SCENE LT\libcef_process.exe] started
04.06.2019 15:13:16.779 [000008dc] $$$ P64[00002370] [libcef_process.exe][C:\Program Files\FARO\SCENE LT\libcef_process.exe] started
04.06.2019 15:14:13.623 [000008dc] $$$ P64[00000e78] [SCENEL~1.EXE][C:\PROGRA~1\FARO\SCENEL~1\SCENEL~1.EXE] started
04.06.2019 15:14:14.357 [000008dc] $$$ P64[00001d58] [libcef_process.exe][C:\PROGRA~1\FARO\SCENEL~1\libcef_process.exe] started
04.06.2019 15:14:25.228 [000008dc] $$$ P64[00002164] [libcef_process.exe][C:\PROGRA~1\FARO\SCENEL~1\libcef_process.exe] started
04.06.2019 15:20:24.983 [000008dc] --- Clipboard DATA changed
04.06.2019 15:20:25.008 [000008dc] --- Clipboard DATA changed
04.06.2019 15:20:30.308 [000008dc] --- instanceMessageReceived Wake up!
04.06.2019 15:20:39.001 [000008dc] --- Configure START IDV=1
04.06.2019 15:20:39.243 [000008dc] --- WarpGraphicsScene resize 3840x1200
04.06.2019 15:20:39.312 [000008dc] $$$ P64[000008ec] [dwm.exe][C:\WINDOWS\system32\dwm.exe] started
04.06.2019 15:20:40.276 [000008dc] --- OpenGLContext OGLValid=1 SFCValid=1 -> 1
04.06.2019 15:20:40.292 [000008dc] --- QWarpGraphicsGLWindow TYPE: [OpenGL]
04.06.2019 15:20:40.292 [000008dc] --- QWarpGraphicsGLWindow VENDOR: [ATI Technologies Inc.]
04.06.2019 15:20:40.292 [000008dc] --- QWarpGraphicsGLWindow RENDERER: [Radeon RX 580 Series]
04.06.2019 15:20:40.292 [000008dc] --- QWarpGraphicsGLWindow VERSION: [4.6.13558 Compatibility Profile Context 26.20.11015.1003]
04.06.2019 15:20:40.292 [000008dc] --- QWarpGraphicsGLWindow FORMAT: VER[4.6]
04.06.2019 15:20:40.292 [000008dc] --- QWarpGraphicsGLWindow FORMAT: SAMPLES[4]
04.06.2019 15:20:40.307 [000008dc] --- OpenGLContext FBOValid=1 3840x1200
04.06.2019 15:20:40.354 [000008dc] --- Looking for C:/WARP000/images/mapping_3360x1200.map
04.06.2019 15:22:51.816 [000008dc] --- WarpGraphicsScene resize 10x10
04.06.2019 15:22:51.829 [000008dc] --- OpenGLContext FBOValid=1 10x10
04.06.2019 15:22:52.017 [000008dc] --- Configure END
04.06.2019 15:22:52.859 [000008dc] $$$ P64[000023ac] [dwm.exe][C:\WINDOWS\system32\dwm.exe] started
04.06.2019 15:23:19.285 [000008dc] --- Model:Config file LCC[6]
04.06.2019 15:23:19.285 [000008dc] --- Model:Config file C:\WARP000\config\20190509.dat saved CC[7]
04.06.2019 15:23:20.984 [000008dc] --- Model:Config file LCC[8]
04.06.2019 15:23:20.984 [000008dc] --- Model:Config file C:\WARP000\config\20190509.dat saved CC[9]
04.06.2019 15:23:22.836 [000008dc] --- Model:Config file LCC[10]
04.06.2019 15:23:22.836 [000008dc] --- Model:Config file C:\WARP000\config\20190509.dat saved CC[11]
04.06.2019 15:24:02.615 [000008dc] !!! onWindowsSessionEnded 0
