04.06.2019 14:07:00.139 [00001798] --- App --- Immersive Display PRO v3.0.5 (01.01.2019)
04.06.2019 14:07:00.139 [00001798] --- OS 6:2 Microsoft Windows 8 Professional (build 9200), 64-bit 7(0) 8(1) 8.1(0) 10(0)
04.06.2019 14:07:00.139 [00001798] --- Process32 d:\086c58bb361ef3c96d\Setup.exe
04.06.2019 14:07:00.139 [00001798] --- CmdLine [d:\086c58bb361ef3c96d\Setup.exe   /q /norestart]
04.06.2019 14:07:00.139 [00001798] --- Enumerating displays ...
04.06.2019 14:07:00.140 [00001798] --- Device N[\\.\DISPLAY1] S[Radeon RX 580 Series] M[Generic PnP Monitor] F[desktop primary ]
04.06.2019 14:07:00.140 [00001798] --- Device N[\\.\DISPLAY2] S[Radeon RX 580 Series] M[] F[]
04.06.2019 14:07:00.141 [00001798] --- Device N[\\.\DISPLAY3] S[Radeon RX 580 Series] M[] F[]
04.06.2019 14:07:00.141 [00001798] --- Device N[\\.\DISPLAY4] S[Radeon RX 580 Series] M[] F[]
04.06.2019 14:07:00.142 [00001798] --- Device N[\\.\DISPLAY5] S[Radeon RX 580 Series] M[] F[]
04.06.2019 14:07:00.142 [00001798] --- Device N[\\.\DISPLAY6] S[Radeon RX 580 Series] M[] F[]
04.06.2019 14:07:00.143 [00001798] --- Device N[\\.\DISPLAY7] S[Radeon RX 580 Series] M[] F[]
04.06.2019 14:07:00.143 [00001798] --- Device N[\\.\DISPLAY8] S[Radeon RX 580 Series] M[] F[]
04.06.2019 14:07:00.143 [00001798] --- SM_CMONITORS         = 1
04.06.2019 14:07:00.143 [00001798] --- SM_SAMEDISPLAYFORMAT = 1
04.06.2019 14:07:00.143 [00001798] --- SM_XVIRTUALSCREEN    = 0
04.06.2019 14:07:00.143 [00001798] --- SM_YVIRTUALSCREEN    = 0
04.06.2019 14:07:00.143 [00001798] --- SM_CXVIRTUALSCREEN   = 3840
04.06.2019 14:07:00.143 [00001798] --- SM_CYVIRTUALSCREEN   = 1200
04.06.2019 14:07:00.143 [00001798] --- SM_CXCURSOR          = 32
04.06.2019 14:07:00.146 [00001798] --- [\\.\DISPLAY1] [Radeon RX 580 Series] [MONITOR\ADVEF2D\{4d36e96e-e325-11ce-bfc1-08002be10318}\0013] [Generic PnP Monitor]
04.06.2019 14:07:00.146 [00001798] --- Enumerated 1 displays
04.06.2019 14:07:00.146 [00001798] --- Displays initialized
04.06.2019 14:07:00.146 [00001798] --- Displays[0] M[00010001] HDC[900111e0] GDC[11011188] L=0 T=0 R=3840 B=1200 RECT[0,0 3840x1200] N[\\.\DISPLAY1] M[Generic PnP Monitor] F[1] PROJ[2x1] MAPS[2]
04.06.2019 14:07:00.146 [00001798] ---    Grouping G[0] N[0] GD[]
04.06.2019 14:07:00.146 [00001798] --- ---
04.06.2019 14:07:00.146 [00001798] --- hookD3D9
04.06.2019 14:07:00.147 [00001798] --- DirectX9 dll=710b0000
04.06.2019 14:07:00.176 [00001798] --- DirectX9 API detected
04.06.2019 14:07:00.176 [00001798] --- DirectX9Ex API detected
04.06.2019 14:07:00.176 [00001798] --- i1: InterfaceProc1
04.06.2019 14:07:00.176 [00001798] --- interfaceFunc1 [\\.\DISPLAY1] totalMaps=2
04.06.2019 14:07:00.176 [00001798] --- DXGI dll=727a0000
04.06.2019 14:07:00.190 [00001798] --- DirectX DXGI API CreateDXGIFactory detected 1
04.06.2019 14:07:00.204 [00001798] --- DirectX DXGI API CreateDXGIFactory1 detected 1
04.06.2019 14:07:00.219 [00001798] --- DirectX DXGI API CreateDXGIFactory2 detected 1
04.06.2019 14:07:00.219 [00001798] --- DirectX DXGI API detected
04.06.2019 14:07:00.219 [00001798] --- DirectX D3D12 API detected hd3d12=72630000
04.06.2019 14:07:00.234 [00001798] --- DirectX D3D12 API detected 1
04.06.2019 14:07:00.234 [00001798] --- hookOpenGL
04.06.2019 14:07:00.347 [00001798] --- OpenGL API detected
04.06.2019 14:07:03.204 [00001798] --- PROCESS DETACH
