05.06.2019 11:15:54.301 [0000222c] --- App --- Immersive Display PRO v3.0.5 (01.01.2019)
05.06.2019 11:15:54.301 [0000222c] --- OS 6:2 Microsoft Windows 8 Professional (build 9200), 64-bit 7(0) 8(1) 8.1(0) 10(0)
05.06.2019 11:15:54.301 [0000222c] --- Process64 C:\Users\own\scoop\apps\git\2.21.0.windows.1\mingw64\libexec\git-core\git.exe
05.06.2019 11:15:54.301 [0000222c] --- CmdLine [git merge FETCH_HEAD]
05.06.2019 11:15:54.301 [0000222c] --- Enumerating displays ...
05.06.2019 11:15:54.302 [0000222c] --- Device N[\\.\DISPLAY1] S[Radeon RX 580 Series] M[Generic PnP Monitor] F[desktop primary ]
05.06.2019 11:15:54.302 [0000222c] --- Device N[\\.\DISPLAY2] S[Radeon RX 580 Series] M[] F[]
05.06.2019 11:15:54.303 [0000222c] --- Device N[\\.\DISPLAY3] S[Radeon RX 580 Series] M[] F[]
05.06.2019 11:15:54.303 [0000222c] --- Device N[\\.\DISPLAY4] S[Radeon RX 580 Series] M[] F[]
05.06.2019 11:15:54.304 [0000222c] --- Device N[\\.\DISPLAY5] S[Radeon RX 580 Series] M[] F[]
05.06.2019 11:15:54.304 [0000222c] --- Device N[\\.\DISPLAY6] S[Radeon RX 580 Series] M[] F[]
05.06.2019 11:15:54.305 [0000222c] --- Device N[\\.\DISPLAY7] S[Radeon RX 580 Series] M[] F[]
05.06.2019 11:15:54.305 [0000222c] --- Device N[\\.\DISPLAY8] S[Radeon RX 580 Series] M[] F[]
05.06.2019 11:15:54.305 [0000222c] --- SM_CMONITORS         = 1
05.06.2019 11:15:54.305 [0000222c] --- SM_SAMEDISPLAYFORMAT = 1
05.06.2019 11:15:54.305 [0000222c] --- SM_XVIRTUALSCREEN    = 0
05.06.2019 11:15:54.305 [0000222c] --- SM_YVIRTUALSCREEN    = 0
05.06.2019 11:15:54.305 [0000222c] --- SM_CXVIRTUALSCREEN   = 3840
05.06.2019 11:15:54.305 [0000222c] --- SM_CYVIRTUALSCREEN   = 1200
05.06.2019 11:15:54.305 [0000222c] --- SM_CXCURSOR          = 32
05.06.2019 11:15:54.308 [0000222c] --- [\\.\DISPLAY1] [Radeon RX 580 Series] [MONITOR\ADVEF2D\{4d36e96e-e325-11ce-bfc1-08002be10318}\0017] [Generic PnP Monitor]
05.06.2019 11:15:54.309 [0000222c] --- Enumerated 1 displays
05.06.2019 11:15:54.309 [0000222c] --- Displays initialized
05.06.2019 11:15:54.309 [0000222c] --- Displays[0] M[00010001] HDC[250106d1] GDC[0a010cbb] L=0 T=0 R=3840 B=1200 RECT[0,0 3840x1200] N[\\.\DISPLAY1] M[Generic PnP Monitor] F[1] PROJ[2x1] MAPS[2]
05.06.2019 11:15:54.309 [0000222c] ---    Grouping G[0] N[0] GD[]
05.06.2019 11:15:54.309 [0000222c] --- ---
05.06.2019 11:15:54.309 [0000222c] --- hookD3D9
05.06.2019 11:15:54.310 [0000222c] --- DirectX9 dll=feaf0000
05.06.2019 11:15:54.360 [0000222c] --- DirectX9 API detected
05.06.2019 11:15:54.360 [0000222c] --- DirectX9Ex API detected
05.06.2019 11:15:54.360 [0000222c] --- i1: InterfaceProc1
05.06.2019 11:15:54.360 [0000222c] --- interfaceFunc1 [\\.\DISPLAY1] totalMaps=2
05.06.2019 11:15:54.360 [0000222c] --- DXGI dll=2d520000
05.06.2019 11:15:54.383 [0000222c] --- DirectX DXGI API CreateDXGIFactory detected 1
05.06.2019 11:15:54.406 [0000222c] --- DirectX DXGI API CreateDXGIFactory1 detected 1
05.06.2019 11:15:54.429 [0000222c] --- DirectX DXGI API CreateDXGIFactory2 detected 1
05.06.2019 11:15:54.429 [0000222c] --- DirectX DXGI API detected
05.06.2019 11:15:54.429 [0000222c] --- DirectX D3D12 API detected hd3d12=26cf0000
05.06.2019 11:15:54.453 [0000222c] --- DirectX D3D12 API detected 1
05.06.2019 11:15:54.453 [0000222c] --- hookOpenGL
05.06.2019 11:15:54.614 [0000222c] --- OpenGL API detected
05.06.2019 11:15:54.669 [0000222c] --- PROCESS DETACH
