05.06.2019 10:42:17.988 [00001f90] --- App --- Immersive Display PRO v3.0.5 (01.01.2019)
05.06.2019 10:42:17.988 [00001f90] --- OS 6:2 Microsoft Windows 8 Professional (build 9200), 64-bit 7(0) 8(1) 8.1(0) 10(0)
05.06.2019 10:42:17.988 [00001f90] --- Process64 C:\Users\own\scoop\apps\git\2.21.0.windows.1\mingw64\libexec\git-core\git.exe
05.06.2019 10:42:17.988 [00001f90] --- CmdLine [git merge FETCH_HEAD]
05.06.2019 10:42:17.988 [00001f90] --- Enumerating displays ...
05.06.2019 10:42:17.988 [00001f90] --- Device N[\\.\DISPLAY1] S[Radeon RX 580 Series] M[Generic PnP Monitor] F[desktop primary ]
05.06.2019 10:42:17.989 [00001f90] --- Device N[\\.\DISPLAY2] S[Radeon RX 580 Series] M[] F[]
05.06.2019 10:42:17.990 [00001f90] --- Device N[\\.\DISPLAY3] S[Radeon RX 580 Series] M[] F[]
05.06.2019 10:42:17.990 [00001f90] --- Device N[\\.\DISPLAY4] S[Radeon RX 580 Series] M[] F[]
05.06.2019 10:42:17.991 [00001f90] --- Device N[\\.\DISPLAY5] S[Radeon RX 580 Series] M[] F[]
05.06.2019 10:42:17.991 [00001f90] --- Device N[\\.\DISPLAY6] S[Radeon RX 580 Series] M[] F[]
05.06.2019 10:42:17.992 [00001f90] --- Device N[\\.\DISPLAY7] S[Radeon RX 580 Series] M[] F[]
05.06.2019 10:42:17.992 [00001f90] --- Device N[\\.\DISPLAY8] S[Radeon RX 580 Series] M[] F[]
05.06.2019 10:42:17.992 [00001f90] --- SM_CMONITORS         = 1
05.06.2019 10:42:17.992 [00001f90] --- SM_SAMEDISPLAYFORMAT = 1
05.06.2019 10:42:17.992 [00001f90] --- SM_XVIRTUALSCREEN    = 0
05.06.2019 10:42:17.992 [00001f90] --- SM_YVIRTUALSCREEN    = 0
05.06.2019 10:42:17.992 [00001f90] --- SM_CXVIRTUALSCREEN   = 3840
05.06.2019 10:42:17.992 [00001f90] --- SM_CYVIRTUALSCREEN   = 1200
05.06.2019 10:42:17.992 [00001f90] --- SM_CXCURSOR          = 32
05.06.2019 10:42:17.995 [00001f90] --- [\\.\DISPLAY1] [Radeon RX 580 Series] [MONITOR\ADVEF2D\{4d36e96e-e325-11ce-bfc1-08002be10318}\0017] [Generic PnP Monitor]
05.06.2019 10:42:17.995 [00001f90] --- Enumerated 1 displays
05.06.2019 10:42:17.995 [00001f90] --- Displays initialized
05.06.2019 10:42:17.995 [00001f90] --- Displays[0] M[00010001] HDC[0c010cb7] GDC[4b010b9e] L=0 T=0 R=3840 B=1200 RECT[0,0 3840x1200] N[\\.\DISPLAY1] M[Generic PnP Monitor] F[1] PROJ[2x1] MAPS[2]
05.06.2019 10:42:17.995 [00001f90] ---    Grouping G[0] N[0] GD[]
05.06.2019 10:42:17.995 [00001f90] --- ---
05.06.2019 10:42:17.995 [00001f90] --- hookD3D9
05.06.2019 10:42:17.996 [00001f90] --- DirectX9 dll=328d0000
05.06.2019 10:42:18.043 [00001f90] --- DirectX9 API detected
05.06.2019 10:42:18.043 [00001f90] --- DirectX9Ex API detected
05.06.2019 10:42:18.043 [00001f90] --- i1: InterfaceProc1
05.06.2019 10:42:18.043 [00001f90] --- interfaceFunc1 [\\.\DISPLAY1] totalMaps=2
05.06.2019 10:42:18.044 [00001f90] --- DXGI dll=61320000
05.06.2019 10:42:18.067 [00001f90] --- DirectX DXGI API CreateDXGIFactory detected 1
05.06.2019 10:42:18.090 [00001f90] --- DirectX DXGI API CreateDXGIFactory1 detected 1
05.06.2019 10:42:18.113 [00001f90] --- DirectX DXGI API CreateDXGIFactory2 detected 1
05.06.2019 10:42:18.113 [00001f90] --- DirectX DXGI API detected
05.06.2019 10:42:18.113 [00001f90] --- DirectX D3D12 API detected hd3d12=5a9e0000
05.06.2019 10:42:18.135 [00001f90] --- DirectX D3D12 API detected 1
05.06.2019 10:42:18.135 [00001f90] --- hookOpenGL
05.06.2019 10:42:18.297 [00001f90] --- OpenGL API detected
05.06.2019 10:42:18.352 [00001f90] --- PROCESS DETACH
