04.06.2019 22:04:12.627 [00001d3c] ??? OSM handle == NULL error=2
04.06.2019 22:04:12.627 [00001d3c] ^^^ SC trying session1
--- [2]
04.06.2019 22:04:12.628 [00001d3c] --- App --- Immersive Display PRO v3.0.5 (01.01.2019)
04.06.2019 22:04:12.628 [00001d3c] --- OS 6:2 Microsoft Windows 8 Professional (build 9200), 64-bit 7(0) 8(1) 8.1(0) 10(0)
04.06.2019 22:04:12.628 [00001d3c] --- Process64 C:\ProgramData\Microsoft\Windows Defender\platform\4.18.1905.4-0\MpCmdRun.exe
04.06.2019 22:04:12.628 [00001d3c] --- CmdLine ["C:\ProgramData\Microsoft\Windows Defender\platform\4.18.1905.4-0\MpCmdRun.exe" SignaturesUpdateService -ScheduleJob -UnmanagedUpdate]
04.06.2019 22:04:12.628 [00001d3c] --- Enumerating displays ...
04.06.2019 22:04:12.628 [00001d3c] --- SM_CMONITORS         = 1
04.06.2019 22:04:12.628 [00001d3c] --- SM_SAMEDISPLAYFORMAT = 1
04.06.2019 22:04:12.628 [00001d3c] --- SM_XVIRTUALSCREEN    = 0
04.06.2019 22:04:12.628 [00001d3c] --- SM_YVIRTUALSCREEN    = 0
04.06.2019 22:04:12.628 [00001d3c] --- SM_CXVIRTUALSCREEN   = 1024
04.06.2019 22:04:12.628 [00001d3c] --- SM_CYVIRTUALSCREEN   = 768
04.06.2019 22:04:12.628 [00001d3c] --- SM_CXCURSOR          = 32
04.06.2019 22:04:12.628 [00001d3c] ??? No displays enumerated. Retry later
04.06.2019 22:04:12.628 [00001d3c] --- hookD3D9
04.06.2019 22:04:12.628 [00001d3c] --- DirectX9 dll=d6de0000
04.06.2019 22:04:12.664 [00001d3c] --- DirectX9 API detected
04.06.2019 22:04:12.664 [00001d3c] --- DirectX9Ex API detected
04.06.2019 22:04:12.664 [00001d3c] --- i1: InterfaceProc1
04.06.2019 22:04:12.664 [00001d3c] --- DXGI dll=05830000
04.06.2019 22:04:12.682 [00001d3c] --- DirectX DXGI API CreateDXGIFactory detected 1
04.06.2019 22:04:12.700 [00001d3c] --- DirectX DXGI API CreateDXGIFactory1 detected 1
04.06.2019 22:04:12.717 [00001d3c] --- DirectX DXGI API CreateDXGIFactory2 detected 1
04.06.2019 22:04:12.717 [00001d3c] --- DirectX DXGI API detected
04.06.2019 22:04:12.718 [00001d3c] --- DirectX D3D12 API detected hd3d12=ff080000
04.06.2019 22:04:12.735 [00001d3c] --- DirectX D3D12 API detected 1
04.06.2019 22:04:12.735 [00001d3c] --- hookOpenGL
04.06.2019 22:04:12.860 [00001d3c] --- OpenGL API detected
04.06.2019 22:08:12.952 [00001d3c] --- PROCESS DETACH
