05.06.2019 11:15:49.068 [00001edc] --- App --- Immersive Display PRO v3.0.5 (01.01.2019)
05.06.2019 11:15:49.068 [00001edc] --- OS 6:2 Microsoft Windows 8 Professional (build 9200), 64-bit 7(0) 8(1) 8.1(0) 10(0)
05.06.2019 11:15:49.068 [00001edc] --- Process64 C:\Users\own\scoop\apps\git\current\cmd\git.exe
05.06.2019 11:15:49.068 [00001edc] --- CmdLine ["C:\Users\own\scoop\apps\git\current\cmd\git.exe"  pull]
05.06.2019 11:15:49.068 [00001edc] --- Enumerating displays ...
05.06.2019 11:15:49.068 [00001edc] --- Device N[\\.\DISPLAY1] S[Radeon RX 580 Series] M[Generic PnP Monitor] F[desktop primary ]
05.06.2019 11:15:49.068 [00001edc] --- Device N[\\.\DISPLAY2] S[Radeon RX 580 Series] M[] F[]
05.06.2019 11:15:49.068 [00001edc] --- Device N[\\.\DISPLAY3] S[Radeon RX 580 Series] M[] F[]
05.06.2019 11:15:49.068 [00001edc] --- Device N[\\.\DISPLAY4] S[Radeon RX 580 Series] M[] F[]
05.06.2019 11:15:49.068 [00001edc] --- Device N[\\.\DISPLAY5] S[Radeon RX 580 Series] M[] F[]
05.06.2019 11:15:49.068 [00001edc] --- Device N[\\.\DISPLAY6] S[Radeon RX 580 Series] M[] F[]
05.06.2019 11:15:49.083 [00001edc] --- Device N[\\.\DISPLAY7] S[Radeon RX 580 Series] M[] F[]
05.06.2019 11:15:49.083 [00001edc] --- Device N[\\.\DISPLAY8] S[Radeon RX 580 Series] M[] F[]
05.06.2019 11:15:49.083 [00001edc] --- SM_CMONITORS         = 1
05.06.2019 11:15:49.083 [00001edc] --- SM_SAMEDISPLAYFORMAT = 1
05.06.2019 11:15:49.083 [00001edc] --- SM_XVIRTUALSCREEN    = 0
05.06.2019 11:15:49.083 [00001edc] --- SM_YVIRTUALSCREEN    = 0
05.06.2019 11:15:49.083 [00001edc] --- SM_CXVIRTUALSCREEN   = 3840
05.06.2019 11:15:49.083 [00001edc] --- SM_CYVIRTUALSCREEN   = 1200
05.06.2019 11:15:49.083 [00001edc] --- SM_CXCURSOR          = 32
05.06.2019 11:15:49.083 [00001edc] --- [\\.\DISPLAY1] [Radeon RX 580 Series] [MONITOR\ADVEF2D\{4d36e96e-e325-11ce-bfc1-08002be10318}\0017] [Generic PnP Monitor]
05.06.2019 11:15:49.083 [00001edc] --- Enumerated 1 displays
05.06.2019 11:15:49.083 [00001edc] --- Displays initialized
05.06.2019 11:15:49.083 [00001edc] --- Displays[0] M[00010001] HDC[34010bf9] GDC[07010cbe] L=0 T=0 R=3840 B=1200 RECT[0,0 3840x1200] N[\\.\DISPLAY1] M[Generic PnP Monitor] F[1] PROJ[2x1] MAPS[2]
05.06.2019 11:15:49.083 [00001edc] ---    Grouping G[0] N[0] GD[]
05.06.2019 11:15:49.083 [00001edc] --- ---
05.06.2019 11:15:49.083 [00001edc] --- hookD3D9
05.06.2019 11:15:49.083 [00001edc] --- DirectX9 dll=feaf0000
05.06.2019 11:15:49.130 [00001edc] --- DirectX9 API detected
05.06.2019 11:15:49.130 [00001edc] --- DirectX9Ex API detected
05.06.2019 11:15:49.130 [00001edc] --- i1: InterfaceProc1
05.06.2019 11:15:49.130 [00001edc] --- interfaceFunc1 [\\.\DISPLAY1] totalMaps=2
05.06.2019 11:15:49.130 [00001edc] --- DXGI dll=2d520000
05.06.2019 11:15:49.146 [00001edc] --- DirectX DXGI API CreateDXGIFactory detected 1
05.06.2019 11:15:49.162 [00001edc] --- DirectX DXGI API CreateDXGIFactory1 detected 1
05.06.2019 11:15:49.193 [00001edc] --- DirectX DXGI API CreateDXGIFactory2 detected 1
05.06.2019 11:15:49.193 [00001edc] --- DirectX DXGI API detected
05.06.2019 11:15:49.193 [00001edc] --- DirectX D3D12 API detected hd3d12=26cf0000
05.06.2019 11:15:49.208 [00001edc] --- DirectX D3D12 API detected 1
05.06.2019 11:15:49.208 [00001edc] --- hookOpenGL
05.06.2019 11:15:49.364 [00001edc] --- OpenGL API detected
05.06.2019 11:15:54.781 [00001edc] --- PROCESS DETACH
