04.06.2019 21:32:43.989 [00001d70] --- App --- Immersive Display PRO v3.0.5 (01.01.2019)
04.06.2019 21:32:43.989 [00001d70] --- OS 6:2 Microsoft Windows 8 Professional (build 9200), 64-bit 7(0) 8(1) 8.1(0) 10(0)
04.06.2019 21:32:43.989 [00001d70] --- Process64 C:\Program Files (x86)\Intel\Driver and Support Assistant\DSAServiceHelper.exe
04.06.2019 21:32:43.989 [00001d70] --- CmdLine ["C:\Program Files (x86)\Intel\Driver and Support Assistant\DSAServiceHelper.exe" stoptray]
04.06.2019 21:32:43.989 [00001d70] --- Enumerating displays ...
04.06.2019 21:32:43.989 [00001d70] --- Device N[\\.\DISPLAY1] S[Radeon RX 580 Series] M[Generic PnP Monitor] F[desktop primary ]
04.06.2019 21:32:43.990 [00001d70] --- Device N[\\.\DISPLAY2] S[Radeon RX 580 Series] M[] F[]
04.06.2019 21:32:43.991 [00001d70] --- Device N[\\.\DISPLAY3] S[Radeon RX 580 Series] M[] F[]
04.06.2019 21:32:43.991 [00001d70] --- Device N[\\.\DISPLAY4] S[Radeon RX 580 Series] M[] F[]
04.06.2019 21:32:43.992 [00001d70] --- Device N[\\.\DISPLAY5] S[Radeon RX 580 Series] M[] F[]
04.06.2019 21:32:43.992 [00001d70] --- Device N[\\.\DISPLAY6] S[Radeon RX 580 Series] M[] F[]
04.06.2019 21:32:43.993 [00001d70] --- Device N[\\.\DISPLAY7] S[Radeon RX 580 Series] M[] F[]
04.06.2019 21:32:43.993 [00001d70] --- Device N[\\.\DISPLAY8] S[Radeon RX 580 Series] M[] F[]
04.06.2019 21:32:43.993 [00001d70] --- SM_CMONITORS         = 1
04.06.2019 21:32:43.993 [00001d70] --- SM_SAMEDISPLAYFORMAT = 1
04.06.2019 21:32:43.993 [00001d70] --- SM_XVIRTUALSCREEN    = 0
04.06.2019 21:32:43.993 [00001d70] --- SM_YVIRTUALSCREEN    = 0
04.06.2019 21:32:43.993 [00001d70] --- SM_CXVIRTUALSCREEN   = 3840
04.06.2019 21:32:43.993 [00001d70] --- SM_CYVIRTUALSCREEN   = 1200
04.06.2019 21:32:43.993 [00001d70] --- SM_CXCURSOR          = 32
04.06.2019 21:32:43.996 [00001d70] --- [\\.\DISPLAY1] [Radeon RX 580 Series] [MONITOR\ADVEF2D\{4d36e96e-e325-11ce-bfc1-08002be10318}\0017] [Generic PnP Monitor]
04.06.2019 21:32:43.996 [00001d70] --- Enumerated 1 displays
04.06.2019 21:32:43.996 [00001d70] --- Displays initialized
04.06.2019 21:32:43.996 [00001d70] --- Displays[0] M[00010001] HDC[39010da1] GDC[db010d13] L=0 T=0 R=3840 B=1200 RECT[0,0 3840x1200] N[\\.\DISPLAY1] M[Generic PnP Monitor] F[1] PROJ[2x1] MAPS[2]
04.06.2019 21:32:43.996 [00001d70] ---    Grouping G[0] N[0] GD[]
04.06.2019 21:32:43.996 [00001d70] --- ---
04.06.2019 21:32:43.996 [00001d70] --- hookD3D9
04.06.2019 21:32:43.997 [00001d70] --- DirectX9 dll=5a010000
04.06.2019 21:32:44.048 [00001d70] --- DirectX9 API detected
04.06.2019 21:32:44.048 [00001d70] --- DirectX9Ex API detected
04.06.2019 21:32:44.048 [00001d70] --- i1: InterfaceProc1
04.06.2019 21:32:44.048 [00001d70] --- interfaceFunc1 [\\.\DISPLAY1] totalMaps=2
04.06.2019 21:32:44.048 [00001d70] --- DXGI dll=84710000
04.06.2019 21:32:44.073 [00001d70] --- DirectX DXGI API CreateDXGIFactory detected 1
04.06.2019 21:32:44.098 [00001d70] --- DirectX DXGI API CreateDXGIFactory1 detected 1
04.06.2019 21:32:44.123 [00001d70] --- DirectX DXGI API CreateDXGIFactory2 detected 1
04.06.2019 21:32:44.123 [00001d70] --- DirectX DXGI API detected
04.06.2019 21:32:44.124 [00001d70] --- DirectX D3D12 API detected hd3d12=7de80000
04.06.2019 21:32:44.149 [00001d70] --- DirectX D3D12 API detected 1
04.06.2019 21:32:44.149 [00001d70] --- hookOpenGL
04.06.2019 21:32:44.323 [00001d70] --- OpenGL API detected
04.06.2019 21:32:44.486 [00001d70] --- PROCESS DETACH
