04.06.2019 14:03:15.412 [00000c68] ??? OSM handle == NULL error=2
04.06.2019 14:03:15.412 [00000c68] ^^^ SC trying session1
--- [2]
04.06.2019 14:03:15.412 [00000c68] --- App --- Immersive Display PRO v3.0.5 (01.01.2019)
04.06.2019 14:03:15.412 [00000c68] --- OS 6:2 Microsoft Windows 8 Professional (build 9200), 64-bit 7(0) 8(1) 8.1(0) 10(0)
04.06.2019 14:03:15.412 [00000c68] --- Process64 C:\WINDOWS\SERVIC~1\NETWOR~1\AppData\Local\Temp\mpam-a4935961.exe
04.06.2019 14:03:15.412 [00000c68] --- CmdLine [C:\WINDOWS\SERVIC~1\NETWOR~1\AppData\Local\Temp\mpam-a4935961.exe]
04.06.2019 14:03:15.414 [00000c68] --- Enumerating displays ...
04.06.2019 14:03:15.414 [00000c68] --- SM_CMONITORS         = 1
04.06.2019 14:03:15.414 [00000c68] --- SM_SAMEDISPLAYFORMAT = 1
04.06.2019 14:03:15.414 [00000c68] --- SM_XVIRTUALSCREEN    = 0
04.06.2019 14:03:15.414 [00000c68] --- SM_YVIRTUALSCREEN    = 0
04.06.2019 14:03:15.414 [00000c68] --- SM_CXVIRTUALSCREEN   = 1024
04.06.2019 14:03:15.414 [00000c68] --- SM_CYVIRTUALSCREEN   = 768
04.06.2019 14:03:15.414 [00000c68] --- SM_CXCURSOR          = 32
04.06.2019 14:03:15.414 [00000c68] ??? No displays enumerated. Retry later
04.06.2019 14:03:15.414 [00000c68] --- hookD3D9
04.06.2019 14:03:15.415 [00000c68] --- DirectX9 dll=56cb0000
04.06.2019 14:03:15.463 [00000c68] --- DirectX9 API detected
04.06.2019 14:03:15.463 [00000c68] --- DirectX9Ex API detected
04.06.2019 14:03:15.463 [00000c68] --- i1: InterfaceProc1
04.06.2019 14:03:15.463 [00000c68] --- DXGI dll=7ce30000
04.06.2019 14:03:15.487 [00000c68] --- DirectX DXGI API CreateDXGIFactory detected 1
04.06.2019 14:03:15.510 [00000c68] --- DirectX DXGI API CreateDXGIFactory1 detected 1
04.06.2019 14:03:15.533 [00000c68] --- DirectX DXGI API CreateDXGIFactory2 detected 1
04.06.2019 14:03:15.533 [00000c68] --- DirectX DXGI API detected
04.06.2019 14:03:15.533 [00000c68] --- DirectX D3D12 API detected hd3d12=75c40000
04.06.2019 14:03:15.557 [00000c68] --- DirectX D3D12 API detected 1
04.06.2019 14:03:15.557 [00000c68] --- hookOpenGL
04.06.2019 14:03:15.728 [00000c68] --- OpenGL API detected
04.06.2019 14:03:26.351 [00000c68] --- PROCESS DETACH
