04.06.2019 21:49:51.479 [00001300] ??? OSM handle == NULL error=2
04.06.2019 21:49:51.479 [00001300] ^^^ SC trying session1
04.06.2019 21:49:51.479 [00001300] ??? OSM handle == NULL error=2
04.06.2019 21:49:51.479 [00001300] ^^^ SC trying session2
04.06.2019 21:49:51.479 [00001300] ??? OSM handle == NULL error=3
04.06.2019 21:49:51.479 [00001300] --- DXGI dll=71bb0000
04.06.2019 21:49:51.494 [00001300] --- DirectX DXGI API CreateDXGIFactory detected 1
04.06.2019 21:49:51.526 [00001300] --- DirectX DXGI API CreateDXGIFactory1 detected 1
04.06.2019 21:49:51.541 [00001300] --- DirectX DXGI API CreateDXGIFactory2 detected 1
04.06.2019 21:49:51.541 [00001300] --- DirectX DXGI API detected
04.06.2019 21:49:51.541 [00001300] --- DirectX D3D12 API detected hd3d12=71990000
04.06.2019 21:49:51.572 [00001300] --- DirectX D3D12 API detected 1
04.06.2019 21:49:51.572 [00001300] ??? OSM handle == NULL error=2
04.06.2019 21:49:51.572 [00001300] ^^^ SC trying session1
04.06.2019 21:49:51.572 [00001300] ??? OSM handle == NULL error=2
04.06.2019 21:49:51.572 [00001300] ^^^ SC trying session2
04.06.2019 21:49:51.572 [00001300] ??? OSM handle == NULL error=3
04.06.2019 21:49:51.572 [00001300] ??? OSM handle == NULL error=2
04.06.2019 21:49:51.572 [00001300] ^^^ SC trying session1
04.06.2019 21:49:51.572 [00001300] ??? OSM handle == NULL error=2
04.06.2019 21:49:51.572 [00001300] ^^^ SC trying session2
04.06.2019 21:49:51.572 [00001300] ??? OSM handle == NULL error=3
04.06.2019 21:49:52.412 [00001300] ??? OSM handle == NULL error=2
04.06.2019 21:49:52.412 [00001300] ^^^ SC trying session1
04.06.2019 21:49:52.412 [00001300] ??? OSM handle == NULL error=2
04.06.2019 21:49:52.412 [00001300] ^^^ SC trying session2
04.06.2019 21:49:52.412 [00001300] ??? OSM handle == NULL error=3
04.06.2019 21:49:52.443 [00000338] ??? OSM handle == NULL error=2
04.06.2019 21:49:52.443 [00000338] ^^^ SC trying session1
04.06.2019 21:49:52.443 [00000338] ??? OSM handle == NULL error=2
04.06.2019 21:49:52.443 [00000338] ^^^ SC trying session2
04.06.2019 21:49:52.443 [00000338] ??? OSM handle == NULL error=3
04.06.2019 21:49:52.459 [00000338] ??? OSM handle == NULL error=2
04.06.2019 21:49:52.459 [00000338] ^^^ SC trying session1
04.06.2019 21:49:52.459 [00000338] ??? OSM handle == NULL error=2
04.06.2019 21:49:52.459 [00000338] ^^^ SC trying session2
04.06.2019 21:49:52.459 [00000338] ??? OSM handle == NULL error=3
--- [37]
04.06.2019 21:50:13.991 [00000338] --- App --- Immersive Display PRO v3.0.5 (01.01.2019)
04.06.2019 21:50:13.991 [00000338] --- OS 6:2 Microsoft Windows 8 Professional (build 9200), 64-bit 7(0) 8(1) 8.1(0) 10(0)
04.06.2019 21:50:13.991 [00000338] --- Process32 C:\Program Files (x86)\TeamViewer\TeamViewer.exe
04.06.2019 21:50:13.991 [00000338] --- CmdLine ["C:\Program Files (x86)\TeamViewer\TeamViewer.exe"]
04.06.2019 21:50:13.991 [00000338] --- Enumerating displays ...
04.06.2019 21:50:13.991 [00000338] --- Device N[\\.\DISPLAY1] S[Radeon RX 580 Series] M[Generic PnP Monitor] F[desktop primary ]
04.06.2019 21:50:13.991 [00000338] --- Device N[\\.\DISPLAY2] S[Radeon RX 580 Series] M[] F[]
04.06.2019 21:50:13.991 [00000338] --- Device N[\\.\DISPLAY3] S[Radeon RX 580 Series] M[] F[]
04.06.2019 21:50:13.991 [00000338] --- Device N[\\.\DISPLAY4] S[Radeon RX 580 Series] M[] F[]
04.06.2019 21:50:13.991 [00000338] --- Device N[\\.\DISPLAY5] S[Radeon RX 580 Series] M[] F[]
04.06.2019 21:50:13.991 [00000338] --- Device N[\\.\DISPLAY6] S[Radeon RX 580 Series] M[] F[]
04.06.2019 21:50:13.991 [00000338] --- Device N[\\.\DISPLAY7] S[Radeon RX 580 Series] M[] F[]
04.06.2019 21:50:13.991 [00000338] --- Device N[\\.\DISPLAY8] S[Radeon RX 580 Series] M[] F[]
04.06.2019 21:50:13.991 [00000338] --- SM_CMONITORS         = 1
04.06.2019 21:50:13.991 [00000338] --- SM_SAMEDISPLAYFORMAT = 1
04.06.2019 21:50:13.991 [00000338] --- SM_XVIRTUALSCREEN    = 0
04.06.2019 21:50:13.991 [00000338] --- SM_YVIRTUALSCREEN    = 0
04.06.2019 21:50:13.991 [00000338] --- SM_CXVIRTUALSCREEN   = 3840
04.06.2019 21:50:13.991 [00000338] --- SM_CYVIRTUALSCREEN   = 1200
04.06.2019 21:50:13.991 [00000338] --- SM_CXCURSOR          = 32
04.06.2019 21:50:14.006 [00000338] --- [\\.\DISPLAY1] [Radeon RX 580 Series] [MONITOR\ADVEF2D\{4d36e96e-e325-11ce-bfc1-08002be10318}\0017] [Generic PnP Monitor]
04.06.2019 21:50:14.006 [00000338] --- Enumerated 1 displays
04.06.2019 21:50:14.006 [00000338] --- Displays initialized
04.06.2019 21:50:14.006 [00000338] --- Displays[0] M[00010001] HDC[110105aa] GDC[1101059f] L=0 T=0 R=3840 B=1200 RECT[0,0 3840x1200] N[\\.\DISPLAY1] M[Generic PnP Monitor] F[1] PROJ[0x0] MAPS[0]
04.06.2019 21:50:14.006 [00000338] ---    Grouping G[0] N[0] GD[]
04.06.2019 21:50:14.006 [00000338] --- ---
