05.06.2019 10:41:54.400 [00000628] ??? OSM handle == NULL error=2
05.06.2019 10:41:54.400 [00000628] ^^^ SC trying session1
05.06.2019 10:41:54.400 [00000628] ??? OSM handle == NULL error=2
05.06.2019 10:41:54.400 [00000628] ^^^ SC trying session2
05.06.2019 10:41:54.400 [00000628] ??? OSM handle == NULL error=3
05.06.2019 10:41:54.400 [00000628] --- DXGI dll=72140000
05.06.2019 10:41:54.416 [00000628] --- DirectX DXGI API CreateDXGIFactory detected 1
05.06.2019 10:41:54.447 [00000628] --- DirectX DXGI API CreateDXGIFactory1 detected 1
05.06.2019 10:41:54.463 [00000628] --- DirectX DXGI API CreateDXGIFactory2 detected 1
05.06.2019 10:41:54.463 [00000628] --- DirectX DXGI API detected
05.06.2019 10:41:54.463 [00000628] --- DirectX D3D12 API detected hd3d12=71f40000
05.06.2019 10:41:54.494 [00000628] --- DirectX D3D12 API detected 1
05.06.2019 10:41:54.494 [00000628] ??? OSM handle == NULL error=2
05.06.2019 10:41:54.494 [00000628] ^^^ SC trying session1
05.06.2019 10:41:54.494 [00000628] ??? OSM handle == NULL error=2
05.06.2019 10:41:54.494 [00000628] ^^^ SC trying session2
05.06.2019 10:41:54.494 [00000628] ??? OSM handle == NULL error=3
05.06.2019 10:41:54.494 [00000628] ??? OSM handle == NULL error=2
05.06.2019 10:41:54.494 [00000628] ^^^ SC trying session1
05.06.2019 10:41:54.494 [00000628] ??? OSM handle == NULL error=2
05.06.2019 10:41:54.494 [00000628] ^^^ SC trying session2
05.06.2019 10:41:54.494 [00000628] ??? OSM handle == NULL error=3
05.06.2019 10:41:55.348 [00000628] ??? OSM handle == NULL error=2
05.06.2019 10:41:55.348 [00000628] ^^^ SC trying session1
05.06.2019 10:41:55.348 [00000628] ??? OSM handle == NULL error=2
05.06.2019 10:41:55.348 [00000628] ^^^ SC trying session2
05.06.2019 10:41:55.348 [00000628] ??? OSM handle == NULL error=3
05.06.2019 10:41:55.380 [00001bf4] ??? OSM handle == NULL error=2
05.06.2019 10:41:55.380 [00001bf4] ^^^ SC trying session1
05.06.2019 10:41:55.380 [00001bf4] ??? OSM handle == NULL error=2
05.06.2019 10:41:55.380 [00001bf4] ^^^ SC trying session2
05.06.2019 10:41:55.380 [00001bf4] ??? OSM handle == NULL error=3
05.06.2019 10:41:55.395 [00001bf4] ??? OSM handle == NULL error=2
05.06.2019 10:41:55.395 [00001bf4] ^^^ SC trying session1
05.06.2019 10:41:55.395 [00001bf4] ??? OSM handle == NULL error=2
05.06.2019 10:41:55.395 [00001bf4] ^^^ SC trying session2
05.06.2019 10:41:55.395 [00001bf4] ??? OSM handle == NULL error=3
--- [37]
05.06.2019 10:42:16.325 [00001bf4] --- App --- Immersive Display PRO v3.0.5 (01.01.2019)
05.06.2019 10:42:16.325 [00001bf4] --- OS 6:2 Microsoft Windows 8 Professional (build 9200), 64-bit 7(0) 8(1) 8.1(0) 10(0)
05.06.2019 10:42:16.325 [00001bf4] --- Process32 C:\Program Files (x86)\TeamViewer\TeamViewer.exe
05.06.2019 10:42:16.325 [00001bf4] --- CmdLine ["C:\Program Files (x86)\TeamViewer\TeamViewer.exe"]
05.06.2019 10:42:16.325 [00001bf4] --- Enumerating displays ...
05.06.2019 10:42:16.325 [00001bf4] --- Device N[\\.\DISPLAY1] S[Radeon RX 580 Series] M[Generic PnP Monitor] F[desktop primary ]
05.06.2019 10:42:16.325 [00001bf4] --- Device N[\\.\DISPLAY2] S[Radeon RX 580 Series] M[] F[]
05.06.2019 10:42:16.341 [00001bf4] --- Device N[\\.\DISPLAY3] S[Radeon RX 580 Series] M[] F[]
05.06.2019 10:42:16.341 [00001bf4] --- Device N[\\.\DISPLAY4] S[Radeon RX 580 Series] M[] F[]
05.06.2019 10:42:16.341 [00001bf4] --- Device N[\\.\DISPLAY5] S[Radeon RX 580 Series] M[] F[]
05.06.2019 10:42:16.341 [00001bf4] --- Device N[\\.\DISPLAY6] S[Radeon RX 580 Series] M[] F[]
05.06.2019 10:42:16.341 [00001bf4] --- Device N[\\.\DISPLAY7] S[Radeon RX 580 Series] M[] F[]
05.06.2019 10:42:16.341 [00001bf4] --- Device N[\\.\DISPLAY8] S[Radeon RX 580 Series] M[] F[]
05.06.2019 10:42:16.341 [00001bf4] --- SM_CMONITORS         = 1
05.06.2019 10:42:16.341 [00001bf4] --- SM_SAMEDISPLAYFORMAT = 1
05.06.2019 10:42:16.341 [00001bf4] --- SM_XVIRTUALSCREEN    = 0
05.06.2019 10:42:16.341 [00001bf4] --- SM_YVIRTUALSCREEN    = 0
05.06.2019 10:42:16.341 [00001bf4] --- SM_CXVIRTUALSCREEN   = 3840
05.06.2019 10:42:16.341 [00001bf4] --- SM_CYVIRTUALSCREEN   = 1200
05.06.2019 10:42:16.341 [00001bf4] --- SM_CXCURSOR          = 32
05.06.2019 10:42:16.341 [00001bf4] ??? No displays enumerated. Retry later
