05.06.2019 11:56:15.005 [0000286c] --- App --- Immersive Display PRO v3.0.5 (01.01.2019)
05.06.2019 11:56:15.005 [0000286c] --- OS 6:2 Microsoft Windows 8 Professional (build 9200), 64-bit 7(0) 8(1) 8.1(0) 10(0)
05.06.2019 11:56:15.005 [0000286c] --- Process64 C:\Users\own\scoop\shims\git.exe
05.06.2019 11:56:15.005 [0000286c] --- CmdLine [git  status]
05.06.2019 11:56:15.005 [0000286c] --- Enumerating displays ...
05.06.2019 11:56:15.006 [0000286c] --- Device N[\\.\DISPLAY1] S[Radeon RX 580 Series] M[Generic PnP Monitor] F[desktop primary ]
05.06.2019 11:56:15.007 [0000286c] --- Device N[\\.\DISPLAY2] S[Radeon RX 580 Series] M[] F[]
05.06.2019 11:56:15.007 [0000286c] --- Device N[\\.\DISPLAY3] S[Radeon RX 580 Series] M[] F[]
05.06.2019 11:56:15.008 [0000286c] --- Device N[\\.\DISPLAY4] S[Radeon RX 580 Series] M[] F[]
05.06.2019 11:56:15.008 [0000286c] --- Device N[\\.\DISPLAY5] S[Radeon RX 580 Series] M[] F[]
05.06.2019 11:56:15.009 [0000286c] --- Device N[\\.\DISPLAY6] S[Radeon RX 580 Series] M[] F[]
05.06.2019 11:56:15.009 [0000286c] --- Device N[\\.\DISPLAY7] S[Radeon RX 580 Series] M[] F[]
05.06.2019 11:56:15.010 [0000286c] --- Device N[\\.\DISPLAY8] S[Radeon RX 580 Series] M[] F[]
05.06.2019 11:56:15.010 [0000286c] --- SM_CMONITORS         = 1
05.06.2019 11:56:15.010 [0000286c] --- SM_SAMEDISPLAYFORMAT = 1
05.06.2019 11:56:15.010 [0000286c] --- SM_XVIRTUALSCREEN    = 0
05.06.2019 11:56:15.010 [0000286c] --- SM_YVIRTUALSCREEN    = 0
05.06.2019 11:56:15.010 [0000286c] --- SM_CXVIRTUALSCREEN   = 3840
05.06.2019 11:56:15.010 [0000286c] --- SM_CYVIRTUALSCREEN   = 1200
05.06.2019 11:56:15.010 [0000286c] --- SM_CXCURSOR          = 32
05.06.2019 11:56:15.013 [0000286c] --- [\\.\DISPLAY1] [Radeon RX 580 Series] [MONITOR\ADVEF2D\{4d36e96e-e325-11ce-bfc1-08002be10318}\0017] [Generic PnP Monitor]
05.06.2019 11:56:15.013 [0000286c] --- Enumerated 1 displays
05.06.2019 11:56:15.013 [0000286c] --- Displays initialized
05.06.2019 11:56:15.013 [0000286c] --- Displays[0] M[00010001] HDC[ad01122c] GDC[41011237] L=0 T=0 R=3840 B=1200 RECT[0,0 3840x1200] N[\\.\DISPLAY1] M[Generic PnP Monitor] F[1] PROJ[2x1] MAPS[2]
05.06.2019 11:56:15.013 [0000286c] ---    Grouping G[0] N[0] GD[]
05.06.2019 11:56:15.013 [0000286c] --- ---
05.06.2019 11:56:15.013 [0000286c] --- hookD3D9
05.06.2019 11:56:15.014 [0000286c] --- DirectX9 dll=670a0000
05.06.2019 11:56:15.070 [0000286c] --- DirectX9 API detected
05.06.2019 11:56:15.070 [0000286c] --- DirectX9Ex API detected
05.06.2019 11:56:15.070 [0000286c] --- i1: InterfaceProc1
05.06.2019 11:56:15.070 [0000286c] --- interfaceFunc1 [\\.\DISPLAY1] totalMaps=2
05.06.2019 11:56:15.070 [0000286c] --- DXGI dll=95b60000
05.06.2019 11:56:15.098 [0000286c] --- DirectX DXGI API CreateDXGIFactory detected 1
05.06.2019 11:56:15.126 [0000286c] --- DirectX DXGI API CreateDXGIFactory1 detected 1
05.06.2019 11:56:15.154 [0000286c] --- DirectX DXGI API CreateDXGIFactory2 detected 1
05.06.2019 11:56:15.154 [0000286c] --- DirectX DXGI API detected
05.06.2019 11:56:15.154 [0000286c] --- DirectX D3D12 API detected hd3d12=8f360000
05.06.2019 11:56:15.182 [0000286c] --- DirectX D3D12 API detected 1
05.06.2019 11:56:15.182 [0000286c] --- hookOpenGL
05.06.2019 11:56:15.380 [0000286c] --- OpenGL API detected
05.06.2019 11:56:16.572 [0000286c] --- PROCESS DETACH
