04.06.2019 14:02:54.177 [000010c0] ??? OSM handle == NULL error=2
04.06.2019 14:02:54.177 [000010c0] ^^^ SC trying session1
--- [2]
04.06.2019 14:02:54.177 [000010c0] --- App --- Immersive Display PRO v3.0.5 (01.01.2019)
04.06.2019 14:02:54.177 [000010c0] --- OS 6:2 Microsoft Windows 8 Professional (build 9200), 64-bit 7(0) 8(1) 8.1(0) 10(0)
04.06.2019 14:02:54.177 [000010c0] --- Process64 C:\WINDOWS\SERVIC~1\NETWOR~1\AppData\Local\Temp\mpam-7edf0f79.exe
04.06.2019 14:02:54.177 [000010c0] --- CmdLine ["C:\WINDOWS\SERVIC~1\NETWOR~1\AppData\Local\Temp\mpam-7edf0f79.exe" /q WD]
04.06.2019 14:02:54.177 [000010c0] --- Enumerating displays ...
04.06.2019 14:02:54.177 [000010c0] --- SM_CMONITORS         = 1
04.06.2019 14:02:54.177 [000010c0] --- SM_SAMEDISPLAYFORMAT = 1
04.06.2019 14:02:54.177 [000010c0] --- SM_XVIRTUALSCREEN    = 0
04.06.2019 14:02:54.178 [000010c0] --- SM_YVIRTUALSCREEN    = 0
04.06.2019 14:02:54.178 [000010c0] --- SM_CXVIRTUALSCREEN   = 1024
04.06.2019 14:02:54.178 [000010c0] --- SM_CYVIRTUALSCREEN   = 768
04.06.2019 14:02:54.178 [000010c0] --- SM_CXCURSOR          = 32
04.06.2019 14:02:54.178 [000010c0] ??? No displays enumerated. Retry later
04.06.2019 14:02:54.178 [000010c0] --- hookD3D9
04.06.2019 14:02:54.179 [000010c0] --- DirectX9 dll=56cb0000
04.06.2019 14:02:54.224 [000010c0] --- DirectX9 API detected
04.06.2019 14:02:54.224 [000010c0] --- DirectX9Ex API detected
04.06.2019 14:02:54.224 [000010c0] --- i1: InterfaceProc1
04.06.2019 14:02:54.225 [000010c0] --- DXGI dll=7ce30000
04.06.2019 14:02:54.247 [000010c0] --- DirectX DXGI API CreateDXGIFactory detected 1
04.06.2019 14:02:54.270 [000010c0] --- DirectX DXGI API CreateDXGIFactory1 detected 1
04.06.2019 14:02:54.293 [000010c0] --- DirectX DXGI API CreateDXGIFactory2 detected 1
04.06.2019 14:02:54.293 [000010c0] --- DirectX DXGI API detected
04.06.2019 14:02:54.293 [000010c0] --- DirectX D3D12 API detected hd3d12=75c40000
04.06.2019 14:02:54.316 [000010c0] --- DirectX D3D12 API detected 1
04.06.2019 14:02:54.316 [000010c0] --- hookOpenGL
04.06.2019 14:02:54.473 [000010c0] --- OpenGL API detected
04.06.2019 14:03:13.191 [000010c0] --- PROCESS DETACH
