04.06.2019 21:35:25.392 [00001d14] ??? OSM handle == NULL error=2
04.06.2019 21:35:25.392 [00001d14] ^^^ SC trying session1
--- [2]
04.06.2019 21:35:25.392 [00001d14] --- App --- Immersive Display PRO v3.0.5 (01.01.2019)
04.06.2019 21:35:25.392 [00001d14] --- OS 6:2 Microsoft Windows 8 Professional (build 9200), 64-bit 7(0) 8(1) 8.1(0) 10(0)
04.06.2019 21:35:25.392 [00001d14] --- Process64 C:\Program Files\AMD\Performance Profile Client\AUEPMaster.exe
04.06.2019 21:35:25.392 [00001d14] --- CmdLine [AUEPMaster.exe]
04.06.2019 21:35:25.392 [00001d14] --- Enumerating displays ...
04.06.2019 21:35:25.392 [00001d14] --- SM_CMONITORS         = 1
04.06.2019 21:35:25.392 [00001d14] --- SM_SAMEDISPLAYFORMAT = 1
04.06.2019 21:35:25.392 [00001d14] --- SM_XVIRTUALSCREEN    = 0
04.06.2019 21:35:25.392 [00001d14] --- SM_YVIRTUALSCREEN    = 0
04.06.2019 21:35:25.392 [00001d14] --- SM_CXVIRTUALSCREEN   = 1024
04.06.2019 21:35:25.392 [00001d14] --- SM_CYVIRTUALSCREEN   = 768
04.06.2019 21:35:25.392 [00001d14] --- SM_CXCURSOR          = 32
04.06.2019 21:35:25.392 [00001d14] ??? No displays enumerated. Retry later
04.06.2019 21:35:25.392 [00001d14] --- hookD3D9
04.06.2019 21:35:25.392 [00001d14] --- DirectX9 dll=eb9d0000
04.06.2019 21:35:25.439 [00001d14] --- DirectX9 API detected
04.06.2019 21:35:25.439 [00001d14] --- DirectX9Ex API detected
04.06.2019 21:35:25.439 [00001d14] --- i1: InterfaceProc1
04.06.2019 21:35:25.439 [00001d14] --- DXGI dll=15960000
04.06.2019 21:35:25.455 [00001d14] --- DirectX DXGI API CreateDXGIFactory detected 1
04.06.2019 21:35:25.470 [00001d14] --- DirectX DXGI API CreateDXGIFactory1 detected 1
04.06.2019 21:35:25.486 [00001d14] --- DirectX DXGI API CreateDXGIFactory2 detected 1
04.06.2019 21:35:25.486 [00001d14] --- DirectX DXGI API detected
04.06.2019 21:35:25.486 [00001d14] --- DirectX D3D12 API detected hd3d12=0f0c0000
04.06.2019 21:35:25.502 [00001d14] --- DirectX D3D12 API detected 1
04.06.2019 21:35:25.502 [00001d14] --- hookOpenGL
04.06.2019 21:35:25.627 [00001d14] --- OpenGL API detected
04.06.2019 21:36:07.187 [00001de0] --- PROCESS DETACH
