04.06.2019 21:32:40.233 [00002594] --- App --- Immersive Display PRO v3.0.5 (01.01.2019)
04.06.2019 21:32:40.233 [00002594] --- OS 6:2 Microsoft Windows 8 Professional (build 9200), 64-bit 7(0) 8(1) 8.1(0) 10(0)
04.06.2019 21:32:40.233 [00002594] --- Process32 C:\ProgramData\Package Cache\{f2e24019-b9cf-40fd-861f-1f67a73ec7e7}\Intel Driver and Support Assistant Installer.exe
04.06.2019 21:32:40.233 [00002594] --- CmdLine ["C:\ProgramData\Package Cache\{f2e24019-b9cf-40fd-861f-1f67a73ec7e7}\Intel Driver and Support Assistant Installer.exe"  /uninstall]
04.06.2019 21:32:40.233 [00002594] --- Enumerating displays ...
04.06.2019 21:32:40.233 [00002594] --- Device N[\\.\DISPLAY1] S[Radeon RX 580 Series] M[Generic PnP Monitor] F[desktop primary ]
04.06.2019 21:32:40.234 [00002594] --- Device N[\\.\DISPLAY2] S[Radeon RX 580 Series] M[] F[]
04.06.2019 21:32:40.234 [00002594] --- Device N[\\.\DISPLAY3] S[Radeon RX 580 Series] M[] F[]
04.06.2019 21:32:40.235 [00002594] --- Device N[\\.\DISPLAY4] S[Radeon RX 580 Series] M[] F[]
04.06.2019 21:32:40.235 [00002594] --- Device N[\\.\DISPLAY5] S[Radeon RX 580 Series] M[] F[]
04.06.2019 21:32:40.236 [00002594] --- Device N[\\.\DISPLAY6] S[Radeon RX 580 Series] M[] F[]
04.06.2019 21:32:40.236 [00002594] --- Device N[\\.\DISPLAY7] S[Radeon RX 580 Series] M[] F[]
04.06.2019 21:32:40.237 [00002594] --- Device N[\\.\DISPLAY8] S[Radeon RX 580 Series] M[] F[]
04.06.2019 21:32:40.237 [00002594] --- SM_CMONITORS         = 1
04.06.2019 21:32:40.237 [00002594] --- SM_SAMEDISPLAYFORMAT = 1
04.06.2019 21:32:40.237 [00002594] --- SM_XVIRTUALSCREEN    = 0
04.06.2019 21:32:40.237 [00002594] --- SM_YVIRTUALSCREEN    = 0
04.06.2019 21:32:40.237 [00002594] --- SM_CXVIRTUALSCREEN   = 3840
04.06.2019 21:32:40.237 [00002594] --- SM_CYVIRTUALSCREEN   = 1200
04.06.2019 21:32:40.237 [00002594] --- SM_CXCURSOR          = 32
04.06.2019 21:32:40.238 [00002594] --- [\\.\DISPLAY1] [Radeon RX 580 Series] [MONITOR\ADVEF2D\{4d36e96e-e325-11ce-bfc1-08002be10318}\0017] [Generic PnP Monitor]
04.06.2019 21:32:40.239 [00002594] --- Enumerated 1 displays
04.06.2019 21:32:40.239 [00002594] --- Displays initialized
04.06.2019 21:32:40.239 [00002594] --- Displays[0] M[00010001] HDC[39010da1] GDC[f70109f4] L=0 T=0 R=3840 B=1200 RECT[0,0 3840x1200] N[\\.\DISPLAY1] M[Generic PnP Monitor] F[1] PROJ[2x1] MAPS[2]
04.06.2019 21:32:40.239 [00002594] ---    Grouping G[0] N[0] GD[]
04.06.2019 21:32:40.239 [00002594] --- ---
04.06.2019 21:32:40.239 [00002594] --- hookD3D9
04.06.2019 21:32:40.240 [00002594] --- DirectX9 dll=71bf0000
04.06.2019 21:32:40.276 [00002594] --- DirectX9 API detected
04.06.2019 21:32:40.276 [00002594] --- DirectX9Ex API detected
04.06.2019 21:32:40.276 [00002594] --- i1: InterfaceProc1
04.06.2019 21:32:40.276 [00002594] --- interfaceFunc1 [\\.\DISPLAY1] totalMaps=2
04.06.2019 21:32:40.276 [00002594] --- DXGI dll=729d0000
04.06.2019 21:32:40.294 [00002594] --- DirectX DXGI API CreateDXGIFactory detected 1
04.06.2019 21:32:40.312 [00002594] --- DirectX DXGI API CreateDXGIFactory1 detected 1
04.06.2019 21:32:40.329 [00002594] --- DirectX DXGI API CreateDXGIFactory2 detected 1
04.06.2019 21:32:40.329 [00002594] --- DirectX DXGI API detected
04.06.2019 21:32:40.330 [00002594] --- DirectX D3D12 API detected hd3d12=72860000
04.06.2019 21:32:40.348 [00002594] --- DirectX D3D12 API detected 1
04.06.2019 21:32:40.348 [00002594] --- hookOpenGL
04.06.2019 21:32:40.487 [00002594] --- OpenGL API detected
04.06.2019 21:32:47.914 [00002594] --- PROCESS DETACH
