04.06.2019 14:02:49.223 [00000ba4] ??? OSM handle == NULL error=2
04.06.2019 14:02:49.223 [00000ba4] ^^^ SC trying session1
--- [2]
04.06.2019 14:02:49.223 [00000ba4] --- App --- Immersive Display PRO v3.0.5 (01.01.2019)
04.06.2019 14:02:49.223 [00000ba4] --- OS 6:2 Microsoft Windows 8 Professional (build 9200), 64-bit 7(0) 8(1) 8.1(0) 10(0)
04.06.2019 14:02:49.223 [00000ba4] --- Process64 C:\ProgramData\Microsoft\Windows Defender\platform\4.18.1904.1-0\MpCmdRun.exe
04.06.2019 14:02:49.223 [00000ba4] --- CmdLine ["C:\ProgramData\Microsoft\Windows Defender\platform\4.18.1904.1-0\MpCmdRun.exe" SignaturesUpdateService -ScheduleJob -HttpDownload -RestrictPrivileges -Reinvoke]
04.06.2019 14:02:49.223 [00000ba4] --- Enumerating displays ...
04.06.2019 14:02:49.223 [00000ba4] --- SM_CMONITORS         = 1
04.06.2019 14:02:49.223 [00000ba4] --- SM_SAMEDISPLAYFORMAT = 1
04.06.2019 14:02:49.223 [00000ba4] --- SM_XVIRTUALSCREEN    = 0
04.06.2019 14:02:49.223 [00000ba4] --- SM_YVIRTUALSCREEN    = 0
04.06.2019 14:02:49.223 [00000ba4] --- SM_CXVIRTUALSCREEN   = 1024
04.06.2019 14:02:49.223 [00000ba4] --- SM_CYVIRTUALSCREEN   = 768
04.06.2019 14:02:49.223 [00000ba4] --- SM_CXCURSOR          = 32
04.06.2019 14:02:49.224 [00000ba4] ??? No displays enumerated. Retry later
04.06.2019 14:02:49.224 [00000ba4] --- hookD3D9
04.06.2019 14:02:49.224 [00000ba4] --- DirectX9 dll=56cb0000
04.06.2019 14:02:49.270 [00000ba4] --- DirectX9 API detected
04.06.2019 14:02:49.270 [00000ba4] --- DirectX9Ex API detected
04.06.2019 14:02:49.270 [00000ba4] --- i1: InterfaceProc1
04.06.2019 14:02:49.271 [00000ba4] --- DXGI dll=7ce30000
04.06.2019 14:02:49.294 [00000ba4] --- DirectX DXGI API CreateDXGIFactory detected 1
04.06.2019 14:02:49.317 [00000ba4] --- DirectX DXGI API CreateDXGIFactory1 detected 1
04.06.2019 14:02:49.340 [00000ba4] --- DirectX DXGI API CreateDXGIFactory2 detected 1
04.06.2019 14:02:49.340 [00000ba4] --- DirectX DXGI API detected
04.06.2019 14:02:49.340 [00000ba4] --- DirectX D3D12 API detected hd3d12=75c40000
04.06.2019 14:02:49.363 [00000ba4] --- DirectX D3D12 API detected 1
04.06.2019 14:02:49.363 [00000ba4] --- hookOpenGL
04.06.2019 14:02:49.522 [00000ba4] --- OpenGL API detected
04.06.2019 14:03:17.505 [00000ba4] --- PROCESS DETACH
