04.06.2019 21:14:07.388 [00001978] ??? OSM handle == NULL error=2
04.06.2019 21:14:07.388 [00001978] ^^^ SC trying session1
--- [2]
04.06.2019 21:14:07.389 [00001978] --- App --- Immersive Display PRO v3.0.5 (01.01.2019)
04.06.2019 21:14:07.389 [00001978] --- OS 6:2 Microsoft Windows 8 Professional (build 9200), 64-bit 7(0) 8(1) 8.1(0) 10(0)
04.06.2019 21:14:07.389 [00001978] --- Process32 C:\WINDOWS\syswow64\WOWReg32.exe
04.06.2019 21:14:07.389 [00001978] --- CmdLine ["C:\WINDOWS\syswow64\WOWReg32.exe" /RegionName {ebc09b30-0d5d-49dd-8290-0ec4d2f32b22} /SignalReady {808eda18-7720-46b2-ac1b-0cf9a88b4317} /SignalComplete {8f40b21f-976b-4b7f-b965-0108062dac3f}]
04.06.2019 21:14:07.389 [00001978] --- Enumerating displays ...
04.06.2019 21:14:07.389 [00001978] --- SM_CMONITORS         = 1
04.06.2019 21:14:07.389 [00001978] --- SM_SAMEDISPLAYFORMAT = 1
04.06.2019 21:14:07.389 [00001978] --- SM_XVIRTUALSCREEN    = 0
04.06.2019 21:14:07.389 [00001978] --- SM_YVIRTUALSCREEN    = 0
04.06.2019 21:14:07.389 [00001978] --- SM_CXVIRTUALSCREEN   = 1024
04.06.2019 21:14:07.389 [00001978] --- SM_CYVIRTUALSCREEN   = 768
04.06.2019 21:14:07.389 [00001978] --- SM_CXCURSOR          = 32
04.06.2019 21:14:07.389 [00001978] ??? No displays enumerated. Retry later
04.06.2019 21:14:07.389 [00001978] --- hookD3D9
04.06.2019 21:14:07.390 [00001978] --- DirectX9 dll=71460000
04.06.2019 21:14:07.423 [00001978] --- DirectX9 API detected
04.06.2019 21:14:07.423 [00001978] --- DirectX9Ex API detected
04.06.2019 21:14:07.423 [00001978] --- i1: InterfaceProc1
04.06.2019 21:14:07.423 [00001978] --- DXGI dll=724a0000
04.06.2019 21:14:07.438 [00001978] --- DirectX DXGI API CreateDXGIFactory detected 1
04.06.2019 21:14:07.454 [00001978] --- DirectX DXGI API CreateDXGIFactory1 detected 1
04.06.2019 21:14:07.470 [00001978] --- DirectX DXGI API CreateDXGIFactory2 detected 1
04.06.2019 21:14:07.470 [00001978] --- DirectX DXGI API detected
04.06.2019 21:14:07.471 [00001978] --- DirectX D3D12 API detected hd3d12=72330000
04.06.2019 21:14:07.487 [00001978] --- DirectX D3D12 API detected 1
04.06.2019 21:14:07.487 [00001978] --- hookOpenGL
04.06.2019 21:14:07.614 [00001978] --- OpenGL API detected
