04.06.2019 21:26:55.621 [00002530] ??? OSM handle == NULL error=2
04.06.2019 21:26:55.621 [00002530] ^^^ SC trying session1
--- [2]
04.06.2019 21:26:55.621 [00002530] --- App --- Immersive Display PRO v3.0.5 (01.01.2019)
04.06.2019 21:26:55.621 [00002530] --- OS 6:2 Microsoft Windows 8 Professional (build 9200), 64-bit 7(0) 8(1) 8.1(0) 10(0)
04.06.2019 21:26:55.621 [00002530] --- Process32 C:\Program Files (x86)\Google\Update\1.3.34.11\GoogleCrashHandler.exe
04.06.2019 21:26:55.621 [00002530] --- CmdLine ["C:\Program Files (x86)\Google\Update\1.3.34.11\GoogleCrashHandler.exe"]
04.06.2019 21:26:55.621 [00002530] --- Enumerating displays ...
04.06.2019 21:26:55.621 [00002530] --- SM_CMONITORS         = 1
04.06.2019 21:26:55.621 [00002530] --- SM_SAMEDISPLAYFORMAT = 1
04.06.2019 21:26:55.621 [00002530] --- SM_XVIRTUALSCREEN    = 0
04.06.2019 21:26:55.621 [00002530] --- SM_YVIRTUALSCREEN    = 0
04.06.2019 21:26:55.621 [00002530] --- SM_CXVIRTUALSCREEN   = 1024
04.06.2019 21:26:55.621 [00002530] --- SM_CYVIRTUALSCREEN   = 768
04.06.2019 21:26:55.621 [00002530] --- SM_CXCURSOR          = 32
04.06.2019 21:26:55.621 [00002530] ??? No displays enumerated. Retry later
04.06.2019 21:26:55.621 [00002530] --- hookD3D9
04.06.2019 21:26:55.621 [00002530] --- DirectX9 dll=70df0000
04.06.2019 21:26:55.667 [00002530] --- DirectX9 API detected
04.06.2019 21:26:55.667 [00002530] --- DirectX9Ex API detected
04.06.2019 21:26:55.667 [00002530] --- i1: InterfaceProc1
04.06.2019 21:26:55.667 [00002530] --- DXGI dll=71d00000
04.06.2019 21:26:55.699 [00002530] --- DirectX DXGI API CreateDXGIFactory detected 1
04.06.2019 21:26:55.714 [00002530] --- DirectX DXGI API CreateDXGIFactory1 detected 1
04.06.2019 21:26:55.746 [00002530] --- DirectX DXGI API CreateDXGIFactory2 detected 1
04.06.2019 21:26:55.746 [00002530] --- DirectX DXGI API detected
04.06.2019 21:26:55.746 [00002530] --- DirectX D3D12 API detected hd3d12=71b90000
04.06.2019 21:26:55.761 [00002530] --- DirectX D3D12 API detected 1
04.06.2019 21:26:55.761 [00002530] --- hookOpenGL
04.06.2019 21:26:55.949 [00002530] --- OpenGL API detected
04.06.2019 21:26:56.011 [00002530] --- PROCESS DETACH
