04.06.2019 21:20:59.858 [00002474] ??? OSM handle == NULL error=2
04.06.2019 21:20:59.858 [00002474] ^^^ SC trying session1
--- [2]
04.06.2019 21:20:59.858 [00002474] --- App --- Immersive Display PRO v3.0.5 (01.01.2019)
04.06.2019 21:20:59.858 [00002474] --- OS 6:2 Microsoft Windows 8 Professional (build 9200), 64-bit 7(0) 8(1) 8.1(0) 10(0)
04.06.2019 21:20:59.858 [00002474] --- Process32 C:\Program Files (x86)\Intel\Intel(R) Management Engine Components\LMS\LMS.exe
04.06.2019 21:20:59.858 [00002474] --- CmdLine ["C:\Program Files (x86)\Intel\Intel(R) Management Engine Components\LMS\LMS.exe"]
04.06.2019 21:20:59.858 [00002474] --- Enumerating displays ...
04.06.2019 21:20:59.858 [00002474] --- SM_CMONITORS         = 1
04.06.2019 21:20:59.858 [00002474] --- SM_SAMEDISPLAYFORMAT = 1
04.06.2019 21:20:59.858 [00002474] --- SM_XVIRTUALSCREEN    = 0
04.06.2019 21:20:59.858 [00002474] --- SM_YVIRTUALSCREEN    = 0
04.06.2019 21:20:59.858 [00002474] --- SM_CXVIRTUALSCREEN   = 1024
04.06.2019 21:20:59.858 [00002474] --- SM_CYVIRTUALSCREEN   = 768
04.06.2019 21:20:59.858 [00002474] --- SM_CXCURSOR          = 32
04.06.2019 21:20:59.858 [00002474] ??? No displays enumerated. Retry later
04.06.2019 21:20:59.858 [00002474] --- hookD3D9
04.06.2019 21:20:59.859 [00002474] --- DirectX9 dll=021d0000
04.06.2019 21:20:59.921 [00002474] --- DirectX9 API detected
04.06.2019 21:20:59.921 [00002474] --- DirectX9Ex API detected
04.06.2019 21:20:59.921 [00002474] --- i1: InterfaceProc1
04.06.2019 21:20:59.921 [00002474] --- DXGI dll=72680000
04.06.2019 21:20:59.945 [00002474] --- DirectX DXGI API CreateDXGIFactory detected 1
04.06.2019 21:20:59.967 [00002474] --- DirectX DXGI API CreateDXGIFactory1 detected 1
04.06.2019 21:20:59.988 [00002474] --- DirectX DXGI API CreateDXGIFactory2 detected 1
04.06.2019 21:20:59.988 [00002474] --- DirectX DXGI API detected
04.06.2019 21:20:59.988 [00002474] --- DirectX D3D12 API detected hd3d12=723f0000
04.06.2019 21:21:00.009 [00002474] --- DirectX D3D12 API detected 1
04.06.2019 21:21:00.009 [00002474] --- hookOpenGL
04.06.2019 21:21:00.174 [00002474] --- OpenGL API detected
04.06.2019 21:24:19.118 [00002474] --- PROCESS DETACH
