05.06.2019 11:55:57.725 [00001680] --- App --- Immersive Display PRO v3.0.5 (01.01.2019)
05.06.2019 11:55:57.725 [00001680] --- OS 6:2 Microsoft Windows 8 Professional (build 9200), 64-bit 7(0) 8(1) 8.1(0) 10(0)
05.06.2019 11:55:57.725 [00001680] --- Process64 C:\Users\own\scoop\shims\git.exe
05.06.2019 11:55:57.725 [00001680] --- CmdLine [git  add MQTT_Json_Movie_MOC_Data\localSetting.xml]
05.06.2019 11:55:57.725 [00001680] --- Enumerating displays ...
05.06.2019 11:55:57.725 [00001680] --- Device N[\\.\DISPLAY1] S[Radeon RX 580 Series] M[Generic PnP Monitor] F[desktop primary ]
05.06.2019 11:55:57.726 [00001680] --- Device N[\\.\DISPLAY2] S[Radeon RX 580 Series] M[] F[]
05.06.2019 11:55:57.727 [00001680] --- Device N[\\.\DISPLAY3] S[Radeon RX 580 Series] M[] F[]
05.06.2019 11:55:57.727 [00001680] --- Device N[\\.\DISPLAY4] S[Radeon RX 580 Series] M[] F[]
05.06.2019 11:55:57.728 [00001680] --- Device N[\\.\DISPLAY5] S[Radeon RX 580 Series] M[] F[]
05.06.2019 11:55:57.728 [00001680] --- Device N[\\.\DISPLAY6] S[Radeon RX 580 Series] M[] F[]
05.06.2019 11:55:57.729 [00001680] --- Device N[\\.\DISPLAY7] S[Radeon RX 580 Series] M[] F[]
05.06.2019 11:55:57.729 [00001680] --- Device N[\\.\DISPLAY8] S[Radeon RX 580 Series] M[] F[]
05.06.2019 11:55:57.729 [00001680] --- SM_CMONITORS         = 1
05.06.2019 11:55:57.729 [00001680] --- SM_SAMEDISPLAYFORMAT = 1
05.06.2019 11:55:57.729 [00001680] --- SM_XVIRTUALSCREEN    = 0
05.06.2019 11:55:57.729 [00001680] --- SM_YVIRTUALSCREEN    = 0
05.06.2019 11:55:57.729 [00001680] --- SM_CXVIRTUALSCREEN   = 3840
05.06.2019 11:55:57.729 [00001680] --- SM_CYVIRTUALSCREEN   = 1200
05.06.2019 11:55:57.729 [00001680] --- SM_CXCURSOR          = 32
05.06.2019 11:55:57.732 [00001680] --- [\\.\DISPLAY1] [Radeon RX 580 Series] [MONITOR\ADVEF2D\{4d36e96e-e325-11ce-bfc1-08002be10318}\0017] [Generic PnP Monitor]
05.06.2019 11:55:57.732 [00001680] --- Enumerated 1 displays
05.06.2019 11:55:57.732 [00001680] --- Displays initialized
05.06.2019 11:55:57.732 [00001680] --- Displays[0] M[00010001] HDC[ad01122c] GDC[22011226] L=0 T=0 R=3840 B=1200 RECT[0,0 3840x1200] N[\\.\DISPLAY1] M[Generic PnP Monitor] F[1] PROJ[2x1] MAPS[2]
05.06.2019 11:55:57.732 [00001680] ---    Grouping G[0] N[0] GD[]
05.06.2019 11:55:57.732 [00001680] --- ---
05.06.2019 11:55:57.732 [00001680] --- hookD3D9
05.06.2019 11:55:57.734 [00001680] --- DirectX9 dll=670a0000
05.06.2019 11:55:57.792 [00001680] --- DirectX9 API detected
05.06.2019 11:55:57.792 [00001680] --- DirectX9Ex API detected
05.06.2019 11:55:57.792 [00001680] --- i1: InterfaceProc1
05.06.2019 11:55:57.792 [00001680] --- interfaceFunc1 [\\.\DISPLAY1] totalMaps=2
05.06.2019 11:55:57.792 [00001680] --- DXGI dll=95b60000
05.06.2019 11:55:57.820 [00001680] --- DirectX DXGI API CreateDXGIFactory detected 1
05.06.2019 11:55:57.849 [00001680] --- DirectX DXGI API CreateDXGIFactory1 detected 1
05.06.2019 11:55:57.877 [00001680] --- DirectX DXGI API CreateDXGIFactory2 detected 1
05.06.2019 11:55:57.877 [00001680] --- DirectX DXGI API detected
05.06.2019 11:55:57.877 [00001680] --- DirectX D3D12 API detected hd3d12=8f360000
05.06.2019 11:55:57.905 [00001680] --- DirectX D3D12 API detected 1
05.06.2019 11:55:57.905 [00001680] --- hookOpenGL
05.06.2019 11:55:58.119 [00001680] --- OpenGL API detected
05.06.2019 11:55:59.313 [00001680] --- PROCESS DETACH
