05.06.2019 00:58:12.549 [00001388] --- App --- Immersive Display PRO v3.0.5 (01.01.2019)
05.06.2019 00:58:12.549 [00001388] --- OS 6:2 Microsoft Windows 8 Professional (build 9200), 64-bit 7(0) 8(1) 8.1(0) 10(0)
05.06.2019 00:58:12.549 [00001388] --- Process64 C:\Program Files\Intel\SUR\QUEENCREEK\x64\esrv.exe
05.06.2019 00:58:12.549 [00001388] --- CmdLine ["C:\Program Files\Intel\SUR\QUEENCREEK\x64\esrv.exe" "--start" "--start_options_handle" "1220"]
05.06.2019 00:58:12.549 [00001388] --- Enumerating displays ...
05.06.2019 00:58:12.550 [00001388] --- Device N[\\.\DISPLAY1] S[Radeon RX 580 Series] M[Generic PnP Monitor] F[desktop primary ]
05.06.2019 00:58:12.550 [00001388] --- Device N[\\.\DISPLAY2] S[Radeon RX 580 Series] M[] F[]
05.06.2019 00:58:12.551 [00001388] --- Device N[\\.\DISPLAY3] S[Radeon RX 580 Series] M[] F[]
05.06.2019 00:58:12.552 [00001388] --- Device N[\\.\DISPLAY4] S[Radeon RX 580 Series] M[] F[]
05.06.2019 00:58:12.552 [00001388] --- Device N[\\.\DISPLAY5] S[Radeon RX 580 Series] M[] F[]
05.06.2019 00:58:12.553 [00001388] --- Device N[\\.\DISPLAY6] S[Radeon RX 580 Series] M[] F[]
05.06.2019 00:58:12.553 [00001388] --- Device N[\\.\DISPLAY7] S[Radeon RX 580 Series] M[] F[]
05.06.2019 00:58:12.554 [00001388] --- Device N[\\.\DISPLAY8] S[Radeon RX 580 Series] M[] F[]
05.06.2019 00:58:12.554 [00001388] --- SM_CMONITORS         = 1
05.06.2019 00:58:12.554 [00001388] --- SM_SAMEDISPLAYFORMAT = 1
05.06.2019 00:58:12.554 [00001388] --- SM_XVIRTUALSCREEN    = 0
05.06.2019 00:58:12.554 [00001388] --- SM_YVIRTUALSCREEN    = 0
05.06.2019 00:58:12.554 [00001388] --- SM_CXVIRTUALSCREEN   = 3840
05.06.2019 00:58:12.554 [00001388] --- SM_CYVIRTUALSCREEN   = 1200
05.06.2019 00:58:12.554 [00001388] --- SM_CXCURSOR          = 32
05.06.2019 00:58:12.556 [00001388] --- [\\.\DISPLAY1] [Radeon RX 580 Series] [MONITOR\ADVEF2D\{4d36e96e-e325-11ce-bfc1-08002be10318}\0017] [Generic PnP Monitor]
05.06.2019 00:58:12.557 [00001388] --- Enumerated 1 displays
05.06.2019 00:58:12.557 [00001388] --- Displays initialized
05.06.2019 00:58:12.557 [00001388] --- Displays[0] M[00010001] HDC[b80100f3] GDC[d0010c6a] L=0 T=0 R=3840 B=1200 RECT[0,0 3840x1200] N[\\.\DISPLAY1] M[Generic PnP Monitor] F[1] PROJ[2x1] MAPS[2]
05.06.2019 00:58:12.557 [00001388] ---    Grouping G[0] N[0] GD[]
05.06.2019 00:58:12.557 [00001388] --- ---
05.06.2019 00:58:12.557 [00001388] --- hookD3D9
05.06.2019 00:58:12.557 [00001388] --- DirectX9 dll=d6de0000
05.06.2019 00:58:12.596 [00001388] --- DirectX9 API detected
05.06.2019 00:58:12.596 [00001388] --- DirectX9Ex API detected
05.06.2019 00:58:12.596 [00001388] --- i1: InterfaceProc1
05.06.2019 00:58:12.596 [00001388] --- interfaceFunc1 [\\.\DISPLAY1] totalMaps=2
05.06.2019 00:58:12.596 [00001388] --- DXGI dll=05830000
05.06.2019 00:58:12.615 [00001388] --- DirectX DXGI API CreateDXGIFactory detected 1
05.06.2019 00:58:12.634 [00001388] --- DirectX DXGI API CreateDXGIFactory1 detected 1
05.06.2019 00:58:12.652 [00001388] --- DirectX DXGI API CreateDXGIFactory2 detected 1
05.06.2019 00:58:12.652 [00001388] --- DirectX DXGI API detected
05.06.2019 00:58:12.653 [00001388] --- DirectX D3D12 API detected hd3d12=ff080000
05.06.2019 00:58:12.672 [00001388] --- DirectX D3D12 API detected 1
05.06.2019 00:58:12.672 [00001388] --- hookOpenGL
05.06.2019 00:58:12.803 [00001388] --- OpenGL API detected
05.06.2019 00:58:12.971 [00001388] --- PROCESS DETACH
