05.06.2019 11:50:55.927 [00001b98] --- App --- Immersive Display PRO v3.0.5 (01.01.2019)
05.06.2019 11:50:55.928 [00001b98] --- OS 6:2 Microsoft Windows 8 Professional (build 9200), 64-bit 7(0) 8(1) 8.1(0) 10(0)
05.06.2019 11:50:55.928 [00001b98] --- Process64 C:\Program Files (x86)\Google\Chrome\Application\chrome.exe
05.06.2019 11:50:55.928 [00001b98] --- CmdLine ["C:\Program Files (x86)\Google\Chrome\Application\chrome.exe" --type=crashpad-handler "--user-data-dir=C:\Users\own\AppData\Local\Google\Chrome\User Data" /prefetch:7 --monitor-self-annotation=ptype=crashpad-handler "--database=C:\Users\own\AppData\Local\Goo?]
05.06.2019 11:50:55.928 [00001b98] --- Enumerating displays ...
05.06.2019 11:50:55.928 [00001b98] --- Device N[\\.\DISPLAY1] S[Radeon RX 580 Series] M[Generic PnP Monitor] F[desktop primary ]
05.06.2019 11:50:55.929 [00001b98] --- Device N[\\.\DISPLAY2] S[Radeon RX 580 Series] M[] F[]
05.06.2019 11:50:55.929 [00001b98] --- Device N[\\.\DISPLAY3] S[Radeon RX 580 Series] M[] F[]
05.06.2019 11:50:55.930 [00001b98] --- Device N[\\.\DISPLAY4] S[Radeon RX 580 Series] M[] F[]
05.06.2019 11:50:55.930 [00001b98] --- Device N[\\.\DISPLAY5] S[Radeon RX 580 Series] M[] F[]
05.06.2019 11:50:55.931 [00001b98] --- Device N[\\.\DISPLAY6] S[Radeon RX 580 Series] M[] F[]
05.06.2019 11:50:55.931 [00001b98] --- Device N[\\.\DISPLAY7] S[Radeon RX 580 Series] M[] F[]
05.06.2019 11:50:55.932 [00001b98] --- Device N[\\.\DISPLAY8] S[Radeon RX 580 Series] M[] F[]
05.06.2019 11:50:55.932 [00001b98] --- SM_CMONITORS         = 1
05.06.2019 11:50:55.932 [00001b98] --- SM_SAMEDISPLAYFORMAT = 1
05.06.2019 11:50:55.932 [00001b98] --- SM_XVIRTUALSCREEN    = 0
05.06.2019 11:50:55.932 [00001b98] --- SM_YVIRTUALSCREEN    = 0
05.06.2019 11:50:55.932 [00001b98] --- SM_CXVIRTUALSCREEN   = 3840
05.06.2019 11:50:55.932 [00001b98] --- SM_CYVIRTUALSCREEN   = 1200
05.06.2019 11:50:55.932 [00001b98] --- SM_CXCURSOR          = 32
05.06.2019 11:50:55.935 [00001b98] --- [\\.\DISPLAY1] [Radeon RX 580 Series] [MONITOR\ADVEF2D\{4d36e96e-e325-11ce-bfc1-08002be10318}\0017] [Generic PnP Monitor]
05.06.2019 11:50:55.935 [00001b98] --- Enumerated 1 displays
05.06.2019 11:50:55.935 [00001b98] --- Displays initialized
05.06.2019 11:50:55.935 [00001b98] --- Displays[0] M[00010001] HDC[23010c34] GDC[0b010d7c] L=0 T=0 R=3840 B=1200 RECT[0,0 3840x1200] N[\\.\DISPLAY1] M[Generic PnP Monitor] F[1] PROJ[2x1] MAPS[2]
05.06.2019 11:50:55.935 [00001b98] ---    Grouping G[0] N[0] GD[]
05.06.2019 11:50:55.935 [00001b98] --- ---
05.06.2019 11:50:55.935 [00001b98] --- i1:Executable chrome.exe is excluded DX9
05.06.2019 11:50:55.936 [00001b98] --- DXGI dll=95b60000
05.06.2019 11:50:55.963 [00001b98] --- DirectX DXGI API CreateDXGIFactory detected 1
05.06.2019 11:50:55.990 [00001b98] --- DirectX DXGI API CreateDXGIFactory1 detected 1
05.06.2019 11:50:56.016 [00001b98] --- DirectX DXGI API CreateDXGIFactory2 detected 1
05.06.2019 11:50:56.017 [00001b98] --- DirectX DXGI API detected
05.06.2019 11:50:56.017 [00001b98] --- DirectX D3D12 API detected hd3d12=8f360000
05.06.2019 11:50:56.044 [00001b98] --- DirectX D3D12 API detected 1
05.06.2019 11:50:56.044 [00001b98] --- i2: InterfaceProc1
05.06.2019 11:50:56.044 [00001b98] --- interfaceFunc1 [\\.\DISPLAY1] totalMaps=2
05.06.2019 11:50:56.044 [00001b98] --- i3:Executable chrome.exe is excluded OGL
05.06.2019 11:54:08.655 [00001b98] --- PROCESS DETACH
