04.06.2019 19:35:21.614 [000026cc] ??? OSM handle == NULL error=2
04.06.2019 19:35:21.614 [000026cc] ^^^ SC trying session1
--- [2]
04.06.2019 19:35:21.615 [000026cc] --- App --- Immersive Display PRO v3.0.5 (01.01.2019)
04.06.2019 19:35:21.615 [000026cc] --- OS 6:2 Microsoft Windows 8 Professional (build 9200), 64-bit 7(0) 8(1) 8.1(0) 10(0)
04.06.2019 19:35:21.615 [000026cc] --- Process32 C:\Program Files (x86)\Google\Update\GoogleUpdate.exe
04.06.2019 19:35:21.615 [000026cc] --- CmdLine ["C:\Program Files (x86)\Google\Update\GoogleUpdate.exe" /ua /installsource scheduler]
04.06.2019 19:35:21.615 [000026cc] --- Enumerating displays ...
04.06.2019 19:35:21.615 [000026cc] --- SM_CMONITORS         = 1
04.06.2019 19:35:21.615 [000026cc] --- SM_SAMEDISPLAYFORMAT = 1
04.06.2019 19:35:21.615 [000026cc] --- SM_XVIRTUALSCREEN    = 0
04.06.2019 19:35:21.615 [000026cc] --- SM_YVIRTUALSCREEN    = 0
04.06.2019 19:35:21.615 [000026cc] --- SM_CXVIRTUALSCREEN   = 1024
04.06.2019 19:35:21.615 [000026cc] --- SM_CYVIRTUALSCREEN   = 768
04.06.2019 19:35:21.615 [000026cc] --- SM_CXCURSOR          = 32
04.06.2019 19:35:21.615 [000026cc] ??? No displays enumerated. Retry later
04.06.2019 19:35:21.615 [000026cc] --- hookD3D9
04.06.2019 19:35:21.617 [000026cc] --- DirectX9 dll=71460000
04.06.2019 19:35:21.658 [000026cc] --- DirectX9 API detected
04.06.2019 19:35:21.658 [000026cc] --- DirectX9Ex API detected
04.06.2019 19:35:21.658 [000026cc] --- i1: InterfaceProc1
04.06.2019 19:35:21.658 [000026cc] --- DXGI dll=724a0000
04.06.2019 19:35:21.673 [000026cc] --- DirectX DXGI API CreateDXGIFactory detected 1
04.06.2019 19:35:21.689 [000026cc] --- DirectX DXGI API CreateDXGIFactory1 detected 1
04.06.2019 19:35:21.710 [000026cc] --- DirectX DXGI API CreateDXGIFactory2 detected 1
04.06.2019 19:35:21.710 [000026cc] --- DirectX DXGI API detected
04.06.2019 19:35:21.710 [000026cc] --- DirectX D3D12 API detected hd3d12=72330000
04.06.2019 19:35:21.725 [000026cc] --- DirectX D3D12 API detected 1
04.06.2019 19:35:21.725 [000026cc] --- hookOpenGL
04.06.2019 19:35:21.869 [000026cc] --- OpenGL API detected
04.06.2019 19:35:33.235 [000026cc] --- PROCESS DETACH
