05.06.2019 11:57:32.161 [000020c4] --- App --- Immersive Display PRO v3.0.5 (01.01.2019)
05.06.2019 11:57:32.161 [000020c4] --- OS 6:2 Microsoft Windows 8 Professional (build 9200), 64-bit 7(0) 8(1) 8.1(0) 10(0)
05.06.2019 11:57:32.161 [000020c4] --- Process64 C:\Users\own\scoop\apps\git\2.21.0.windows.1\mingw64\libexec\git-core\git-credential-manager.exe
05.06.2019 11:57:32.161 [000020c4] --- CmdLine [git-credential-manager get]
05.06.2019 11:57:32.161 [000020c4] --- Enumerating displays ...
05.06.2019 11:57:32.162 [000020c4] --- Device N[\\.\DISPLAY1] S[Radeon RX 580 Series] M[Generic PnP Monitor] F[desktop primary ]
05.06.2019 11:57:32.163 [000020c4] --- Device N[\\.\DISPLAY2] S[Radeon RX 580 Series] M[] F[]
05.06.2019 11:57:32.163 [000020c4] --- Device N[\\.\DISPLAY3] S[Radeon RX 580 Series] M[] F[]
05.06.2019 11:57:32.164 [000020c4] --- Device N[\\.\DISPLAY4] S[Radeon RX 580 Series] M[] F[]
05.06.2019 11:57:32.165 [000020c4] --- Device N[\\.\DISPLAY5] S[Radeon RX 580 Series] M[] F[]
05.06.2019 11:57:32.165 [000020c4] --- Device N[\\.\DISPLAY6] S[Radeon RX 580 Series] M[] F[]
05.06.2019 11:57:32.166 [000020c4] --- Device N[\\.\DISPLAY7] S[Radeon RX 580 Series] M[] F[]
05.06.2019 11:57:32.166 [000020c4] --- Device N[\\.\DISPLAY8] S[Radeon RX 580 Series] M[] F[]
05.06.2019 11:57:32.166 [000020c4] --- SM_CMONITORS         = 1
05.06.2019 11:57:32.166 [000020c4] --- SM_SAMEDISPLAYFORMAT = 1
05.06.2019 11:57:32.166 [000020c4] --- SM_XVIRTUALSCREEN    = 0
05.06.2019 11:57:32.166 [000020c4] --- SM_YVIRTUALSCREEN    = 0
05.06.2019 11:57:32.166 [000020c4] --- SM_CXVIRTUALSCREEN   = 3840
05.06.2019 11:57:32.166 [000020c4] --- SM_CYVIRTUALSCREEN   = 1200
05.06.2019 11:57:32.166 [000020c4] --- SM_CXCURSOR          = 32
05.06.2019 11:57:32.169 [000020c4] --- [\\.\DISPLAY1] [Radeon RX 580 Series] [MONITOR\ADVEF2D\{4d36e96e-e325-11ce-bfc1-08002be10318}\0017] [Generic PnP Monitor]
05.06.2019 11:57:32.170 [000020c4] --- Enumerated 1 displays
05.06.2019 11:57:32.170 [000020c4] --- Displays initialized
05.06.2019 11:57:32.170 [000020c4] --- Displays[0] M[00010001] HDC[f9010f12] GDC[0c010f1d] L=0 T=0 R=3840 B=1200 RECT[0,0 3840x1200] N[\\.\DISPLAY1] M[Generic PnP Monitor] F[1] PROJ[2x1] MAPS[2]
05.06.2019 11:57:32.170 [000020c4] ---    Grouping G[0] N[0] GD[]
05.06.2019 11:57:32.170 [000020c4] --- ---
05.06.2019 11:57:32.170 [000020c4] --- hookD3D9
05.06.2019 11:57:32.171 [000020c4] --- DirectX9 dll=670a0000
05.06.2019 11:57:32.229 [000020c4] --- DirectX9 API detected
05.06.2019 11:57:32.229 [000020c4] --- DirectX9Ex API detected
05.06.2019 11:57:32.229 [000020c4] --- i1: InterfaceProc1
05.06.2019 11:57:32.229 [000020c4] --- interfaceFunc1 [\\.\DISPLAY1] totalMaps=2
05.06.2019 11:57:32.230 [000020c4] --- DXGI dll=95b60000
05.06.2019 11:57:32.259 [000020c4] --- DirectX DXGI API CreateDXGIFactory detected 1
05.06.2019 11:57:32.296 [000020c4] --- DirectX DXGI API CreateDXGIFactory1 detected 1
05.06.2019 11:57:32.326 [000020c4] --- DirectX DXGI API CreateDXGIFactory2 detected 1
05.06.2019 11:57:32.326 [000020c4] --- DirectX DXGI API detected
05.06.2019 11:57:32.326 [000020c4] --- DirectX D3D12 API detected hd3d12=8f360000
05.06.2019 11:57:32.355 [000020c4] --- DirectX D3D12 API detected 1
05.06.2019 11:57:32.355 [000020c4] --- hookOpenGL
05.06.2019 11:57:32.566 [000020c4] --- OpenGL API detected
05.06.2019 11:57:32.956 [00002b58] --- Direct3DCreate9Ex 0x00000020
05.06.2019 11:57:33.100 [00002b58] --- Direct3D9Ex createDeviceEx[e98f8cc0] Adapter=0 DeviceType=1 hFocusWindow=0001065e BehaviorFlags=10002456 BackBufferWidth=1 BackBufferHeight=1 BackBufferFormat=22 BackBufferCount=1 MultiSampleType=0 MultiSampleQuality=0 SwapEffect=3 hDeviceWindow=0001065e Windowed=1 EnableAutoDepthStencil=0 AutoDepthStencilFormat=00000000 Flags=00000000 FullScreen_RefreshRateInHz=0 PresentationInterval=-2147483648
05.06.2019 11:57:33.128 [00002b58] --- Direct3D9Ex createDeviceEx[e98f8cc0] disabledDX9=0
05.06.2019 11:57:33.128 [00002b58] --- Direct3DDevice9Ex [e998ca90] hFocusWindow=0001065e
05.06.2019 11:57:33.128 [00002b58] --- WWW H[0001065e] C[HwndWrapper[git-credential-manager.exe;;a537cb50-53da-4909-b73d-18e9e0f073fb]] W[GitHub Login] T[00001228] M[00010001] R[145,52 420x420] CR[0,0 404x381]
05.06.2019 11:57:33.128 [00002b58] --- DX9WarpContext [f2c78040]
05.06.2019 11:57:33.128 [00002b58] ------ IN=00000000
05.06.2019 11:57:33.128 [00002b58] ------ OUT=00000000
05.06.2019 11:57:33.128 [00002b58] ------ BackBufferWidth=1
05.06.2019 11:57:33.128 [00002b58] ------ BackBufferHeight=1
05.06.2019 11:57:33.128 [00002b58] ------ BackBufferFormat=22
05.06.2019 11:57:33.128 [00002b58] ------ BackBufferCount=1
05.06.2019 11:57:33.128 [00002b58] ------ MultiSampleType=0
05.06.2019 11:57:33.128 [00002b58] ------ MultiSampleQuality=0
05.06.2019 11:57:33.128 [00002b58] ------ SwapEffect=3
05.06.2019 11:57:33.128 [00002b58] ------ hDeviceWindow=0001065e
05.06.2019 11:57:33.128 [00002b58] ------ Windowed=1
05.06.2019 11:57:33.128 [00002b58] ------ EnableAutoDepthStencil=0
05.06.2019 11:57:33.128 [00002b58] ------ AutoDepthStencilFormat=0
05.06.2019 11:57:33.128 [00002b58] ------ Flags=00000000
05.06.2019 11:57:33.128 [00002b58] ------ FullScreen_RefreshRateInHz=0
05.06.2019 11:57:33.128 [00002b58] ------ PresentationInterval=-2147483648
05.06.2019 11:57:33.128 [00002b58] --- preserveBackBuffer=1
05.06.2019 11:57:33.128 [00002b58] --- Direct3DDevice9Ex[e998ca90] hWindow=0001065e
05.06.2019 11:57:33.128 [00002b58] --- Direct3DDevice9Ex[e998ca90] BackBufferCount 1 BackBufferFormat 0016 1x1 SwapEffect 3 [D3DSWAPEFFECT_COPY] hDeviceWindow=0001065e Windowed=1 Flags 00000000 PresentationInterval -2147483648[80000000] MultiSampleType 00000000 MultiSampleQuality 0
05.06.2019 11:57:33.131 [00002b58] --- WWW H[0001065e] C[HwndWrapper[git-credential-manager.exe;;a537cb50-53da-4909-b73d-18e9e0f073fb]] W[GitHub Login] T[00001228] M[00010001] R[145,52 420x420] CR[0,0 404x381]
05.06.2019 11:57:33.131 [00002b58] --- DX9WarpContext [f2e5a040]
05.06.2019 11:57:33.131 [00002b58] ------ IN=00000000
05.06.2019 11:57:33.131 [00002b58] ------ OUT=00000000
05.06.2019 11:57:33.131 [00002b58] ------ BackBufferWidth=128
05.06.2019 11:57:33.131 [00002b58] ------ BackBufferHeight=128
05.06.2019 11:57:33.131 [00002b58] ------ BackBufferFormat=22
05.06.2019 11:57:33.131 [00002b58] ------ BackBufferCount=1
05.06.2019 11:57:33.131 [00002b58] ------ MultiSampleType=0
05.06.2019 11:57:33.131 [00002b58] ------ MultiSampleQuality=0
05.06.2019 11:57:33.131 [00002b58] ------ SwapEffect=3
05.06.2019 11:57:33.131 [00002b58] ------ hDeviceWindow=0001065e
05.06.2019 11:57:33.131 [00002b58] ------ Windowed=1
05.06.2019 11:57:33.131 [00002b58] ------ EnableAutoDepthStencil=0
05.06.2019 11:57:33.131 [00002b58] ------ AutoDepthStencilFormat=0
05.06.2019 11:57:33.131 [00002b58] ------ Flags=00000001
05.06.2019 11:57:33.131 [00002b58] ------ FullScreen_RefreshRateInHz=0
05.06.2019 11:57:33.131 [00002b58] ------ PresentationInterval=-2147483648
05.06.2019 11:57:33.131 [00002b58] --- preserveBackBuffer=1
05.06.2019 11:57:33.176 [00002b58] --- WWW H[0001065e] C[HwndWrapper[git-credential-manager.exe;;a537cb50-53da-4909-b73d-18e9e0f073fb]] W[GitHub Login] T[00001228] M[00010001] R[145,52 420x420] CR[0,0 404x381]
05.06.2019 11:57:33.176 [00002b58] --- DX9WarpContext [f1717040]
05.06.2019 11:57:33.176 [00002b58] ------ IN=00000000
05.06.2019 11:57:33.176 [00002b58] ------ OUT=00000000
05.06.2019 11:57:33.176 [00002b58] ------ BackBufferWidth=2794
05.06.2019 11:57:33.176 [00002b58] ------ BackBufferHeight=840
05.06.2019 11:57:33.176 [00002b58] ------ BackBufferFormat=22
05.06.2019 11:57:33.176 [00002b58] ------ BackBufferCount=1
05.06.2019 11:57:33.176 [00002b58] ------ MultiSampleType=0
05.06.2019 11:57:33.176 [00002b58] ------ MultiSampleQuality=0
05.06.2019 11:57:33.176 [00002b58] ------ SwapEffect=3
05.06.2019 11:57:33.176 [00002b58] ------ hDeviceWindow=0001065e
05.06.2019 11:57:33.176 [00002b58] ------ Windowed=1
05.06.2019 11:57:33.176 [00002b58] ------ EnableAutoDepthStencil=0
05.06.2019 11:57:33.176 [00002b58] ------ AutoDepthStencilFormat=0
05.06.2019 11:57:33.176 [00002b58] ------ Flags=00000000
05.06.2019 11:57:33.176 [00002b58] ------ FullScreen_RefreshRateInHz=0
05.06.2019 11:57:33.176 [00002b58] ------ PresentationInterval=-2147483648
05.06.2019 11:57:33.176 [00002b58] --- preserveBackBuffer=1
05.06.2019 11:57:33.177 [00002b58] --- WWW H[0001065e] C[HwndWrapper[git-credential-manager.exe;;a537cb50-53da-4909-b73d-18e9e0f073fb]] W[GitHub Login] T[00001228] M[00010001] R[145,52 420x420] CR[0,0 404x381]
05.06.2019 11:57:33.177 [00002b58] --- DX9WarpContext [f18f8040]
05.06.2019 11:57:33.177 [00002b58] ------ IN=00000000
05.06.2019 11:57:33.177 [00002b58] ------ OUT=00000000
05.06.2019 11:57:33.177 [00002b58] ------ BackBufferWidth=404
05.06.2019 11:57:33.177 [00002b58] ------ BackBufferHeight=381
05.06.2019 11:57:33.177 [00002b58] ------ BackBufferFormat=22
05.06.2019 11:57:33.177 [00002b58] ------ BackBufferCount=1
05.06.2019 11:57:33.177 [00002b58] ------ MultiSampleType=0
05.06.2019 11:57:33.177 [00002b58] ------ MultiSampleQuality=0
05.06.2019 11:57:33.177 [00002b58] ------ SwapEffect=3
05.06.2019 11:57:33.177 [00002b58] ------ hDeviceWindow=0001065e
05.06.2019 11:57:33.177 [00002b58] ------ Windowed=1
05.06.2019 11:57:33.177 [00002b58] ------ EnableAutoDepthStencil=0
05.06.2019 11:57:33.177 [00002b58] ------ AutoDepthStencilFormat=0
05.06.2019 11:57:33.177 [00002b58] ------ Flags=00000000
05.06.2019 11:57:33.177 [00002b58] ------ FullScreen_RefreshRateInHz=0
05.06.2019 11:57:33.177 [00002b58] ------ PresentationInterval=-2147483648
05.06.2019 11:57:33.177 [00002b58] --- preserveBackBuffer=1
05.06.2019 11:57:33.276 [00002b58] --- WWW H[0001065e] C[HwndWrapper[git-credential-manager.exe;;a537cb50-53da-4909-b73d-18e9e0f073fb]] W[GitHub Login] T[00001228] M[00010001] R[145,52 420x420] CR[0,0 404x381]
05.06.2019 11:57:33.276 [00002b58] --- DX9WarpContext [f6828040]
05.06.2019 11:57:33.276 [00002b58] ------ IN=00000000
05.06.2019 11:57:33.276 [00002b58] ------ OUT=00000000
05.06.2019 11:57:33.276 [00002b58] ------ BackBufferWidth=128
05.06.2019 11:57:33.276 [00002b58] ------ BackBufferHeight=128
05.06.2019 11:57:33.276 [00002b58] ------ BackBufferFormat=21
05.06.2019 11:57:33.276 [00002b58] ------ BackBufferCount=1
05.06.2019 11:57:33.276 [00002b58] ------ MultiSampleType=0
05.06.2019 11:57:33.276 [00002b58] ------ MultiSampleQuality=0
05.06.2019 11:57:33.276 [00002b58] ------ SwapEffect=3
05.06.2019 11:57:33.276 [00002b58] ------ hDeviceWindow=0001065e
05.06.2019 11:57:33.276 [00002b58] ------ Windowed=1
05.06.2019 11:57:33.276 [00002b58] ------ EnableAutoDepthStencil=0
05.06.2019 11:57:33.276 [00002b58] ------ AutoDepthStencilFormat=0
05.06.2019 11:57:33.276 [00002b58] ------ Flags=00000001
05.06.2019 11:57:33.276 [00002b58] ------ FullScreen_RefreshRateInHz=0
05.06.2019 11:57:33.276 [00002b58] ------ PresentationInterval=-2147483648
05.06.2019 11:57:33.276 [00002b58] --- preserveBackBuffer=1
05.06.2019 11:57:33.294 [00002b58] --- UPP[f18f8040] CHANGE Projector configuration for display(0) 0x0 -> 2x1 
05.06.2019 11:57:33.294 [00002b58] --- UPP[f18f8040] CHANGE WindowsWarping 1
05.06.2019 11:57:33.294 [00002b58] --- UPP[f18f8040] CHANGE DesktopWarping 1
05.06.2019 11:57:33.294 [00002b58] --- UPP[f18f8040] CHANGE HWND[0001065e] Window rect changed 0,0 0x0 -> 145,52 420x420
05.06.2019 11:57:33.294 [00002b58] --- UPP[f18f8040] CHANGE HWND[0001065e] Client rect changed 0,0 0x0 -> 0,0 404x381
05.06.2019 11:57:33.294 [00002b58] --- UPP[f18f8040] CHANGE HWND[0001065e] Monitor changed 00000000 -> 00010001 
05.06.2019 11:57:33.294 [00002b58] --- UPP[00000000] RECREATE
05.06.2019 11:57:33.294 [00002b58] --- UPP[f18f8040] SKIP (DWMRunning(1) or NOT WindowWarping(1))
05.06.2019 11:57:46.218 [00002114] --- PROCESS DETACH
