04.06.2019 21:35:21.596 [00000b10] ??? OSM handle == NULL error=2
04.06.2019 21:35:21.596 [00000b10] ^^^ SC trying session1
--- [2]
04.06.2019 21:35:21.596 [00000b10] --- App --- Immersive Display PRO v3.0.5 (01.01.2019)
04.06.2019 21:35:21.596 [00000b10] --- OS 6:2 Microsoft Windows 8 Professional (build 9200), 64-bit 7(0) 8(1) 8.1(0) 10(0)
04.06.2019 21:35:21.596 [00000b10] --- Process32 C:\Program Files (x86)\Google\Update\GoogleUpdate.exe
04.06.2019 21:35:21.596 [00000b10] --- CmdLine ["C:\Program Files (x86)\Google\Update\GoogleUpdate.exe" /ua /installsource scheduler]
04.06.2019 21:35:21.596 [00000b10] --- Enumerating displays ...
04.06.2019 21:35:21.596 [00000b10] --- SM_CMONITORS         = 1
04.06.2019 21:35:21.596 [00000b10] --- SM_SAMEDISPLAYFORMAT = 1
04.06.2019 21:35:21.596 [00000b10] --- SM_XVIRTUALSCREEN    = 0
04.06.2019 21:35:21.596 [00000b10] --- SM_YVIRTUALSCREEN    = 0
04.06.2019 21:35:21.596 [00000b10] --- SM_CXVIRTUALSCREEN   = 1024
04.06.2019 21:35:21.596 [00000b10] --- SM_CYVIRTUALSCREEN   = 768
04.06.2019 21:35:21.596 [00000b10] --- SM_CXCURSOR          = 32
04.06.2019 21:35:21.596 [00000b10] ??? No displays enumerated. Retry later
04.06.2019 21:35:21.596 [00000b10] --- hookD3D9
04.06.2019 21:35:21.596 [00000b10] --- DirectX9 dll=716e0000
04.06.2019 21:35:21.628 [00000b10] --- DirectX9 API detected
04.06.2019 21:35:21.628 [00000b10] --- DirectX9Ex API detected
04.06.2019 21:35:21.628 [00000b10] --- i1: InterfaceProc1
04.06.2019 21:35:21.628 [00000b10] --- DXGI dll=725f0000
04.06.2019 21:35:21.643 [00000b10] --- DirectX DXGI API CreateDXGIFactory detected 1
04.06.2019 21:35:21.675 [00000b10] --- DirectX DXGI API CreateDXGIFactory1 detected 1
04.06.2019 21:35:21.690 [00000b10] --- DirectX DXGI API CreateDXGIFactory2 detected 1
04.06.2019 21:35:21.690 [00000b10] --- DirectX DXGI API detected
04.06.2019 21:35:21.690 [00000b10] --- DirectX D3D12 API detected hd3d12=72480000
04.06.2019 21:35:21.706 [00000b10] --- DirectX D3D12 API detected 1
04.06.2019 21:35:21.706 [00000b10] --- hookOpenGL
04.06.2019 21:35:21.846 [00000b10] --- OpenGL API detected
04.06.2019 21:35:21.924 [00000b10] --- PROCESS DETACH
