04.06.2019 21:26:55.636 [00002538] ??? OSM handle == NULL error=2
04.06.2019 21:26:55.636 [00002538] ^^^ SC trying session1
--- [2]
04.06.2019 21:26:55.636 [00002538] --- App --- Immersive Display PRO v3.0.5 (01.01.2019)
04.06.2019 21:26:55.636 [00002538] --- OS 6:2 Microsoft Windows 8 Professional (build 9200), 64-bit 7(0) 8(1) 8.1(0) 10(0)
04.06.2019 21:26:55.636 [00002538] --- Process64 C:\Program Files (x86)\Google\Update\1.3.34.11\GoogleCrashHandler64.exe
04.06.2019 21:26:55.636 [00002538] --- CmdLine ["C:\Program Files (x86)\Google\Update\1.3.34.11\GoogleCrashHandler64.exe"]
04.06.2019 21:26:55.636 [00002538] --- Enumerating displays ...
04.06.2019 21:26:55.636 [00002538] --- SM_CMONITORS         = 1
04.06.2019 21:26:55.636 [00002538] --- SM_SAMEDISPLAYFORMAT = 1
04.06.2019 21:26:55.636 [00002538] --- SM_XVIRTUALSCREEN    = 0
04.06.2019 21:26:55.636 [00002538] --- SM_YVIRTUALSCREEN    = 0
04.06.2019 21:26:55.636 [00002538] --- SM_CXVIRTUALSCREEN   = 1024
04.06.2019 21:26:55.636 [00002538] --- SM_CYVIRTUALSCREEN   = 768
04.06.2019 21:26:55.636 [00002538] --- SM_CXCURSOR          = 32
04.06.2019 21:26:55.636 [00002538] ??? No displays enumerated. Retry later
04.06.2019 21:26:55.636 [00002538] --- hookD3D9
04.06.2019 21:26:55.636 [00002538] --- DirectX9 dll=68590000
04.06.2019 21:26:55.683 [00002538] --- DirectX9 API detected
04.06.2019 21:26:55.683 [00002538] --- DirectX9Ex API detected
04.06.2019 21:26:55.683 [00002538] --- i1: InterfaceProc1
04.06.2019 21:26:55.683 [00002538] --- DXGI dll=7a520000
04.06.2019 21:26:55.714 [00002538] --- DirectX DXGI API CreateDXGIFactory detected 1
04.06.2019 21:26:55.730 [00002538] --- DirectX DXGI API CreateDXGIFactory1 detected 1
04.06.2019 21:26:55.761 [00002538] --- DirectX DXGI API CreateDXGIFactory2 detected 1
04.06.2019 21:26:55.761 [00002538] --- DirectX DXGI API detected
04.06.2019 21:26:55.761 [00002538] --- DirectX D3D12 API detected hd3d12=73c90000
04.06.2019 21:26:55.777 [00002538] --- DirectX D3D12 API detected 1
04.06.2019 21:26:55.777 [00002538] --- hookOpenGL
04.06.2019 21:26:55.933 [00002538] --- OpenGL API detected
04.06.2019 21:26:56.011 [00002538] --- PROCESS DETACH
