05.06.2019 11:18:30.857 [00001734] ??? OSM handle == NULL error=2
05.06.2019 11:18:30.857 [00001734] ^^^ SC trying session1
--- [2]
05.06.2019 11:18:30.857 [00001734] --- App --- Immersive Display PRO v3.0.5 (01.01.2019)
05.06.2019 11:18:30.857 [00001734] --- OS 6:2 Microsoft Windows 8 Professional (build 9200), 64-bit 7(0) 8(1) 8.1(0) 10(0)
05.06.2019 11:18:30.857 [00001734] --- Process32 C:\WINDOWS\sysWOW64\wbem\wmiprvse.exe
05.06.2019 11:18:30.857 [00001734] --- CmdLine [C:\WINDOWS\sysWOW64\wbem\wmiprvse.exe -Embedding]
05.06.2019 11:18:30.857 [00001734] --- Enumerating displays ...
05.06.2019 11:18:30.857 [00001734] --- SM_CMONITORS         = 1
05.06.2019 11:18:30.857 [00001734] --- SM_SAMEDISPLAYFORMAT = 1
05.06.2019 11:18:30.857 [00001734] --- SM_XVIRTUALSCREEN    = 0
05.06.2019 11:18:30.857 [00001734] --- SM_YVIRTUALSCREEN    = 0
05.06.2019 11:18:30.857 [00001734] --- SM_CXVIRTUALSCREEN   = 1024
05.06.2019 11:18:30.857 [00001734] --- SM_CYVIRTUALSCREEN   = 768
05.06.2019 11:18:30.857 [00001734] --- SM_CXCURSOR          = 32
05.06.2019 11:18:30.857 [00001734] ??? No displays enumerated. Retry later
05.06.2019 11:18:30.857 [00001734] --- hookD3D9
05.06.2019 11:18:30.858 [00001734] --- DirectX9 dll=048c0000
05.06.2019 11:18:30.895 [00001734] --- DirectX9 API detected
05.06.2019 11:18:30.895 [00001734] --- DirectX9Ex API detected
05.06.2019 11:18:30.895 [00001734] --- i1: InterfaceProc1
05.06.2019 11:18:30.896 [00001734] --- DXGI dll=72b20000
05.06.2019 11:18:30.914 [00001734] --- DirectX DXGI API CreateDXGIFactory detected 1
05.06.2019 11:18:30.933 [00001734] --- DirectX DXGI API CreateDXGIFactory1 detected 1
05.06.2019 11:18:30.952 [00001734] --- DirectX DXGI API CreateDXGIFactory2 detected 1
05.06.2019 11:18:30.952 [00001734] --- DirectX DXGI API detected
05.06.2019 11:18:30.952 [00001734] --- DirectX D3D12 API detected hd3d12=729b0000
05.06.2019 11:18:30.971 [00001734] --- DirectX D3D12 API detected 1
05.06.2019 11:18:30.971 [00001734] --- hookOpenGL
05.06.2019 11:18:31.120 [00001734] --- OpenGL API detected
