05.06.2019 11:41:41.677 [00001818] --- App --- Immersive Display PRO v3.0.5 (01.01.2019)
05.06.2019 11:41:41.677 [00001818] --- OS 6:2 Microsoft Windows 8 Professional (build 9200), 64-bit 7(0) 8(1) 8.1(0) 10(0)
05.06.2019 11:41:41.677 [00001818] --- Process64 C:\Program Files (x86)\Kindel Systems\MCE Controller\MCEControl.exe
05.06.2019 11:41:41.677 [00001818] --- CmdLine ["C:\Program Files (x86)\Kindel Systems\MCE Controller\MCEControl.exe" ]
05.06.2019 11:41:41.677 [00001818] --- Enumerating displays ...
05.06.2019 11:41:41.678 [00001818] --- Device N[\\.\DISPLAY1] S[Radeon RX 580 Series] M[Generic PnP Monitor] F[desktop primary ]
05.06.2019 11:41:41.678 [00001818] --- Device N[\\.\DISPLAY2] S[Radeon RX 580 Series] M[] F[]
05.06.2019 11:41:41.679 [00001818] --- Device N[\\.\DISPLAY3] S[Radeon RX 580 Series] M[] F[]
05.06.2019 11:41:41.680 [00001818] --- Device N[\\.\DISPLAY4] S[Radeon RX 580 Series] M[] F[]
05.06.2019 11:41:41.680 [00001818] --- Device N[\\.\DISPLAY5] S[Radeon RX 580 Series] M[] F[]
05.06.2019 11:41:41.681 [00001818] --- Device N[\\.\DISPLAY6] S[Radeon RX 580 Series] M[] F[]
05.06.2019 11:41:41.681 [00001818] --- Device N[\\.\DISPLAY7] S[Radeon RX 580 Series] M[] F[]
05.06.2019 11:41:41.682 [00001818] --- Device N[\\.\DISPLAY8] S[Radeon RX 580 Series] M[] F[]
05.06.2019 11:41:41.682 [00001818] --- SM_CMONITORS         = 1
05.06.2019 11:41:41.682 [00001818] --- SM_SAMEDISPLAYFORMAT = 1
05.06.2019 11:41:41.682 [00001818] --- SM_XVIRTUALSCREEN    = 0
05.06.2019 11:41:41.682 [00001818] --- SM_YVIRTUALSCREEN    = 0
05.06.2019 11:41:41.682 [00001818] --- SM_CXVIRTUALSCREEN   = 3840
05.06.2019 11:41:41.682 [00001818] --- SM_CYVIRTUALSCREEN   = 1200
05.06.2019 11:41:41.682 [00001818] --- SM_CXCURSOR          = 32
05.06.2019 11:41:41.684 [00001818] --- [\\.\DISPLAY1] [Radeon RX 580 Series] [MONITOR\ADVEF2D\{4d36e96e-e325-11ce-bfc1-08002be10318}\0017] [Generic PnP Monitor]
05.06.2019 11:41:41.684 [00001818] --- Enumerated 1 displays
05.06.2019 11:41:41.684 [00001818] --- Displays initialized
05.06.2019 11:41:41.684 [00001818] --- Displays[0] M[00010001] HDC[3a010b29] GDC[1c010b60] L=0 T=0 R=3840 B=1200 RECT[0,0 3840x1200] N[\\.\DISPLAY1] M[Generic PnP Monitor] F[1] PROJ[2x1] MAPS[2]
05.06.2019 11:41:41.684 [00001818] ---    Grouping G[0] N[0] GD[]
05.06.2019 11:41:41.684 [00001818] --- ---
05.06.2019 11:41:41.684 [00001818] --- hookD3D9
05.06.2019 11:41:41.685 [00001818] --- DirectX9 dll=670a0000
05.06.2019 11:41:41.730 [00001818] --- DirectX9 API detected
05.06.2019 11:41:41.730 [00001818] --- DirectX9Ex API detected
05.06.2019 11:41:41.730 [00001818] --- i1: InterfaceProc1
05.06.2019 11:41:41.730 [00001818] --- interfaceFunc1 [\\.\DISPLAY1] totalMaps=2
05.06.2019 11:41:41.731 [00001818] --- DXGI dll=95b60000
05.06.2019 11:41:41.754 [00001818] --- DirectX DXGI API CreateDXGIFactory detected 1
05.06.2019 11:41:41.776 [00001818] --- DirectX DXGI API CreateDXGIFactory1 detected 1
05.06.2019 11:41:41.799 [00001818] --- DirectX DXGI API CreateDXGIFactory2 detected 1
05.06.2019 11:41:41.799 [00001818] --- DirectX DXGI API detected
05.06.2019 11:41:41.799 [00001818] --- DirectX D3D12 API detected hd3d12=8f360000
05.06.2019 11:41:41.822 [00001818] --- DirectX D3D12 API detected 1
05.06.2019 11:41:41.822 [00001818] --- hookOpenGL
05.06.2019 11:41:41.985 [00001818] --- OpenGL API detected
