05.06.2019 11:35:49.131 [00001fac] --- App --- Immersive Display PRO v3.0.5 (01.01.2019)
05.06.2019 11:35:49.131 [00001fac] --- OS 6:2 Microsoft Windows 8 Professional (build 9200), 64-bit 7(0) 8(1) 8.1(0) 10(0)
05.06.2019 11:35:49.131 [00001fac] --- Process64 C:\WINDOWS\system32\dwm.exe
05.06.2019 11:35:49.131 [00001fac] --- CmdLine ["dwm.exe"]
05.06.2019 11:35:49.131 [00001fac] --- Enumerating displays ...
05.06.2019 11:35:49.146 [00001fac] --- Device N[\\.\DISPLAY1] S[Radeon RX 580 Series] M[Generic PnP Monitor] F[desktop primary ]
05.06.2019 11:35:49.146 [00001fac] --- Device N[\\.\DISPLAY2] S[Radeon RX 580 Series] M[] F[]
05.06.2019 11:35:49.146 [00001fac] --- Device N[\\.\DISPLAY3] S[Radeon RX 580 Series] M[] F[]
05.06.2019 11:35:49.146 [00001fac] --- Device N[\\.\DISPLAY4] S[Radeon RX 580 Series] M[] F[]
05.06.2019 11:35:49.146 [00001fac] --- Device N[\\.\DISPLAY5] S[Radeon RX 580 Series] M[] F[]
05.06.2019 11:35:49.146 [00001fac] --- Device N[\\.\DISPLAY6] S[Radeon RX 580 Series] M[] F[]
05.06.2019 11:35:49.146 [00001fac] --- Device N[\\.\DISPLAY7] S[Radeon RX 580 Series] M[] F[]
05.06.2019 11:35:49.146 [00001fac] --- Device N[\\.\DISPLAY8] S[Radeon RX 580 Series] M[] F[]
05.06.2019 11:35:49.146 [00001fac] --- SM_CMONITORS         = 1
05.06.2019 11:35:49.146 [00001fac] --- SM_SAMEDISPLAYFORMAT = 1
05.06.2019 11:35:49.146 [00001fac] --- SM_XVIRTUALSCREEN    = 0
05.06.2019 11:35:49.146 [00001fac] --- SM_YVIRTUALSCREEN    = 0
05.06.2019 11:35:49.146 [00001fac] --- SM_CXVIRTUALSCREEN   = 3840
05.06.2019 11:35:49.146 [00001fac] --- SM_CYVIRTUALSCREEN   = 1200
05.06.2019 11:35:49.146 [00001fac] --- SM_CXCURSOR          = 32
05.06.2019 11:35:49.146 [00001fac] --- [\\.\DISPLAY1] [Radeon RX 580 Series] [MONITOR\ADVEF2D\{4d36e96e-e325-11ce-bfc1-08002be10318}\0017] [Generic PnP Monitor]
05.06.2019 11:35:49.146 [00001fac] --- Enumerated 1 displays
05.06.2019 11:35:49.146 [00001fac] --- Displays initialized
05.06.2019 11:35:49.146 [00001fac] --- Displays[0] M[00010001] HDC[13010c99] GDC[2f0106f9] L=0 T=0 R=3840 B=1200 RECT[0,0 3840x1200] N[\\.\DISPLAY1] M[Generic PnP Monitor] F[1] PROJ[2x1] MAPS[2]
05.06.2019 11:35:49.146 [00001fac] ---    Grouping G[0] N[0] GD[]
05.06.2019 11:35:49.146 [00001fac] --- ---
05.06.2019 11:35:49.146 [00001fac] --- hookD3D9
05.06.2019 11:35:49.146 [00001fac] --- DirectX9 dll=5c690000
05.06.2019 11:35:49.193 [00001fac] --- DirectX9 API detected
05.06.2019 11:35:49.193 [00001fac] --- DirectX9Ex API detected
05.06.2019 11:35:49.193 [00001fac] --- i1: InterfaceProc1
05.06.2019 11:35:49.193 [00001fac] --- interfaceFunc1 [\\.\DISPLAY1] totalMaps=2
05.06.2019 11:35:49.193 [00001fac] --- DXGI dll=8b0e0000
05.06.2019 11:35:49.224 [00001fac] --- DirectX DXGI API CreateDXGIFactory detected 1
05.06.2019 11:35:49.240 [00001fac] --- DirectX DXGI API CreateDXGIFactory1 detected 1
05.06.2019 11:35:49.271 [00001fac] --- DirectX DXGI API CreateDXGIFactory2 detected 1
05.06.2019 11:35:49.271 [00001fac] --- DirectX DXGI API detected
05.06.2019 11:35:49.287 [00001fac] --- DirectX D3D11 API detected 1
05.06.2019 11:35:49.287 [00001fac] --- DirectX D3D12 API detected hd3d12=842e0000
05.06.2019 11:35:49.318 [00001fac] --- DirectX D3D12 API detected 1
05.06.2019 11:35:49.318 [00001fac] --- hookOpenGL
05.06.2019 11:35:49.505 [00001fac] --- OpenGL API detected
05.06.2019 11:35:49.615 [000020ac] --- D3D11CreateDevice ADAPTER NULL
05.06.2019 11:35:49.630 [000020b4] --- D3D11CreateDevice ADAPTER Description=Radeon RX 580 Series
05.06.2019 11:35:49.630 [000020b4] --- Device FeatureLevels[0]=0000a100
05.06.2019 11:35:49.630 [000020ac] --- Device FeatureLevel -> 0000b000
05.06.2019 11:35:49.630 [000020b4] --- D3D11CreateDevice ADAPTER Description=Radeon RX 580 Series
05.06.2019 11:35:49.630 [000020b4] --- Device FeatureLevels[0]=0000c100
05.06.2019 11:35:49.630 [000020b4] --- Device FeatureLevels[1]=0000c000
05.06.2019 11:35:49.630 [000020b4] --- Device FeatureLevels[2]=0000b100
05.06.2019 11:35:49.630 [000020b4] --- Device FeatureLevels[3]=0000b000
05.06.2019 11:35:49.630 [000020b4] --- Device FeatureLevels[4]=0000a100
05.06.2019 11:35:49.630 [000020b4] --- Device FeatureLevels[5]=0000a000
05.06.2019 11:35:49.630 [000020b4] --- Device FeatureLevels[6]=00009300
05.06.2019 11:35:49.630 [000020b4] --- Device FeatureLevels[7]=00009200
05.06.2019 11:35:49.630 [000020b4] --- Device FeatureLevels[8]=00009100
05.06.2019 11:35:49.646 [000020b4] --- Device FeatureLevel -> 0000c000
05.06.2019 11:35:49.818 [000020b4] --- Win10SC_[01] Created
05.06.2019 11:35:49.818 [000020b4] --- shim Winmm hLib=8a5e0000
05.06.2019 11:35:49.818 [000020b4] --- shim Winmm 8a5e6050, 8a5e5f10, 8a5e1060, 8a5e1040
05.06.2019 11:35:49.831 [000020b4] --- WarpContext fb3dd040 Output=f03a0d00 DeviceName=\\.\DISPLAY1 DesktopCoordinates(0,0 3840x1200) AttachedToDesktop=1 Rotation=1 (0)
05.06.2019 11:35:49.831 [000020b4] --- WarpContext fb3dd040 count 1
05.06.2019 11:35:49.831 [000020b4] --- GMOC[f9682978] DONE
05.06.2019 11:35:49.831 [000020b4] --- WarpContext[fb3dd040] Monitor=00010001
05.06.2019 11:35:49.831 [000020b4] --- D3DXWrapper trying d3dx11_43.dll
05.06.2019 11:35:49.831 [000020b4] --- D3DXWrapper d3dx11_43.dll loaded
05.06.2019 11:35:49.831 [000020b4] --- WarpContext[fb3dd040] D3DCompiler_47.DLL loaded directly
05.06.2019 11:35:49.831 [000020b4] --- SCISSORS 1
05.06.2019 11:35:49.832 [000020b4] --- ANISOTROPIC 4
05.06.2019 11:35:50.115 [000020b4] --- WarpContext fb3dd040 T(3840x1200) O(3840x1200) enableRotation=0 rotateDegrees=0
05.06.2019 11:35:50.148 [000020b4] --- WarpContext[fb3dd040] CreateAllWarpingResources S=1 R=85 Warping=1
05.06.2019 11:35:50.148 [000020b4] --- Cursor warping SSC=8f3048e0
05.06.2019 11:35:50.149 [000020b4] ### Cursor clear cache CC[0]
05.06.2019 11:35:50.149 [000020b4] ### Present[fb3dd040] S
05.06.2019 11:35:50.150 [000020b4] ### Present[fb3dd040] uSOPSAS
05.06.2019 11:35:50.150 [000020b4] ### Present[fb3dd040] uSNPSAS
05.06.2019 11:35:50.150 [000020b4] ### Present[fb3dd040] CR
05.06.2019 11:35:50.150 [000020b4] ### Present[fb3dd040] OMSRT
05.06.2019 11:35:50.152 [000020b4] ### Present[fb3dd040] uDC
05.06.2019 11:35:50.152 [000020b4] ### Present[fb3dd040] OMSRT
05.06.2019 11:35:50.156 [000020b4] ### Present[fb3dd040] uRBT
05.06.2019 11:35:50.156 [000020b4] ### Present[fb3dd040] OMSRT
05.06.2019 11:35:50.156 [000020b4] ### Present[fb3dd040] uDG
05.06.2019 11:35:50.156 [000020b4] ### Present[fb3dd040] uROPSAS
05.06.2019 11:35:50.156 [000020b4] ### Present[fb3dd040] E
05.06.2019 11:38:55.857 [000020b4] --- GMOC[f9682978] DONE
