04.06.2019 13:53:51.081 [000020bc] ??? OSM handle == NULL error=2
04.06.2019 13:53:51.081 [000020bc] ^^^ SC trying session1
--- [2]
04.06.2019 13:53:51.081 [000020bc] --- App --- Immersive Display PRO v3.0.5 (01.01.2019)
04.06.2019 13:53:51.082 [000020bc] --- OS 6:2 Microsoft Windows 8 Professional (build 9200), 64-bit 7(0) 8(1) 8.1(0) 10(0)
04.06.2019 13:53:51.082 [000020bc] --- Process64 C:\ProgramData\Microsoft\Windows Defender\platform\4.18.1904.1-0\MpCmdRun.exe
04.06.2019 13:53:51.082 [000020bc] --- CmdLine ["C:\ProgramData\Microsoft\Windows Defender\platform\4.18.1904.1-0\MpCmdRun.exe" SignaturesUpdateService -ScheduleJob -UnmanagedUpdate]
04.06.2019 13:53:51.082 [000020bc] --- Enumerating displays ...
04.06.2019 13:53:51.082 [000020bc] --- SM_CMONITORS         = 1
04.06.2019 13:53:51.082 [000020bc] --- SM_SAMEDISPLAYFORMAT = 1
04.06.2019 13:53:51.082 [000020bc] --- SM_XVIRTUALSCREEN    = 0
04.06.2019 13:53:51.082 [000020bc] --- SM_YVIRTUALSCREEN    = 0
04.06.2019 13:53:51.082 [000020bc] --- SM_CXVIRTUALSCREEN   = 1024
04.06.2019 13:53:51.082 [000020bc] --- SM_CYVIRTUALSCREEN   = 768
04.06.2019 13:53:51.082 [000020bc] --- SM_CXCURSOR          = 32
04.06.2019 13:53:51.082 [000020bc] ??? No displays enumerated. Retry later
04.06.2019 13:53:51.082 [000020bc] --- hookD3D9
04.06.2019 13:53:51.082 [000020bc] --- DirectX9 dll=56cb0000
04.06.2019 13:53:51.114 [000020bc] --- DirectX9 API detected
04.06.2019 13:53:51.114 [000020bc] --- DirectX9Ex API detected
04.06.2019 13:53:51.114 [000020bc] --- i1: InterfaceProc1
04.06.2019 13:53:51.114 [000020bc] --- DXGI dll=7ce30000
04.06.2019 13:53:51.130 [000020bc] --- DirectX DXGI API CreateDXGIFactory detected 1
04.06.2019 13:53:51.144 [000020bc] --- DirectX DXGI API CreateDXGIFactory1 detected 1
04.06.2019 13:53:51.161 [000020bc] --- DirectX DXGI API CreateDXGIFactory2 detected 1
04.06.2019 13:53:51.161 [000020bc] --- DirectX DXGI API detected
04.06.2019 13:53:51.161 [000020bc] --- DirectX D3D12 API detected hd3d12=75c40000
04.06.2019 13:53:51.177 [000020bc] --- DirectX D3D12 API detected 1
04.06.2019 13:53:51.177 [000020bc] --- hookOpenGL
04.06.2019 13:53:51.286 [000020bc] --- OpenGL API detected
04.06.2019 14:02:48.812 [000020bc] --- PROCESS DETACH
