05.06.2019 12:00:52.506 [00001aec] --- App --- Immersive Display PRO v3.0.5 (01.01.2019)
05.06.2019 12:00:52.506 [00001aec] --- OS 6:2 Microsoft Windows 8 Professional (build 9200), 64-bit 7(0) 8(1) 8.1(0) 10(0)
05.06.2019 12:00:52.506 [00001aec] --- Process64 C:\Users\own\scoop\apps\git\2.21.0.windows.1\mingw64\libexec\git-core\git.exe
05.06.2019 12:00:52.506 [00001aec] --- CmdLine [C:\Users\own\scoop\apps\git\2.21.0.windows.1\mingw64\libexec\git-core\git.exe credential-manager get]
05.06.2019 12:00:52.506 [00001aec] --- Enumerating displays ...
05.06.2019 12:00:52.506 [00001aec] --- Device N[\\.\DISPLAY1] S[Radeon RX 580 Series] M[Generic PnP Monitor] F[desktop primary ]
05.06.2019 12:00:52.507 [00001aec] --- Device N[\\.\DISPLAY2] S[Radeon RX 580 Series] M[] F[]
05.06.2019 12:00:52.508 [00001aec] --- Device N[\\.\DISPLAY3] S[Radeon RX 580 Series] M[] F[]
05.06.2019 12:00:52.508 [00001aec] --- Device N[\\.\DISPLAY4] S[Radeon RX 580 Series] M[] F[]
05.06.2019 12:00:52.509 [00001aec] --- Device N[\\.\DISPLAY5] S[Radeon RX 580 Series] M[] F[]
05.06.2019 12:00:52.509 [00001aec] --- Device N[\\.\DISPLAY6] S[Radeon RX 580 Series] M[] F[]
05.06.2019 12:00:52.510 [00001aec] --- Device N[\\.\DISPLAY7] S[Radeon RX 580 Series] M[] F[]
05.06.2019 12:00:52.510 [00001aec] --- Device N[\\.\DISPLAY8] S[Radeon RX 580 Series] M[] F[]
05.06.2019 12:00:52.510 [00001aec] --- SM_CMONITORS         = 1
05.06.2019 12:00:52.511 [00001aec] --- SM_SAMEDISPLAYFORMAT = 1
05.06.2019 12:00:52.511 [00001aec] --- SM_XVIRTUALSCREEN    = 0
05.06.2019 12:00:52.511 [00001aec] --- SM_YVIRTUALSCREEN    = 0
05.06.2019 12:00:52.511 [00001aec] --- SM_CXVIRTUALSCREEN   = 3840
05.06.2019 12:00:52.511 [00001aec] --- SM_CYVIRTUALSCREEN   = 1200
05.06.2019 12:00:52.511 [00001aec] --- SM_CXCURSOR          = 32
05.06.2019 12:00:52.513 [00001aec] --- [\\.\DISPLAY1] [Radeon RX 580 Series] [MONITOR\ADVEF2D\{4d36e96e-e325-11ce-bfc1-08002be10318}\0017] [Generic PnP Monitor]
05.06.2019 12:00:52.514 [00001aec] --- Enumerated 1 displays
05.06.2019 12:00:52.514 [00001aec] --- Displays initialized
05.06.2019 12:00:52.514 [00001aec] --- Displays[0] M[00010001] HDC[e4011458] GDC[b701102c] L=0 T=0 R=3840 B=1200 RECT[0,0 3840x1200] N[\\.\DISPLAY1] M[Generic PnP Monitor] F[1] PROJ[2x1] MAPS[2]
05.06.2019 12:00:52.514 [00001aec] ---    Grouping G[0] N[0] GD[]
05.06.2019 12:00:52.514 [00001aec] --- ---
05.06.2019 12:00:52.514 [00001aec] --- hookD3D9
05.06.2019 12:00:52.515 [00001aec] --- DirectX9 dll=670a0000
05.06.2019 12:00:52.568 [00001aec] --- DirectX9 API detected
05.06.2019 12:00:52.568 [00001aec] --- DirectX9Ex API detected
05.06.2019 12:00:52.568 [00001aec] --- i1: InterfaceProc1
05.06.2019 12:00:52.568 [00001aec] --- interfaceFunc1 [\\.\DISPLAY1] totalMaps=2
05.06.2019 12:00:52.569 [00001aec] --- DXGI dll=95b60000
05.06.2019 12:00:52.595 [00001aec] --- DirectX DXGI API CreateDXGIFactory detected 1
05.06.2019 12:00:52.621 [00001aec] --- DirectX DXGI API CreateDXGIFactory1 detected 1
05.06.2019 12:00:52.647 [00001aec] --- DirectX DXGI API CreateDXGIFactory2 detected 1
05.06.2019 12:00:52.647 [00001aec] --- DirectX DXGI API detected
05.06.2019 12:00:52.648 [00001aec] --- DirectX D3D12 API detected hd3d12=8f360000
05.06.2019 12:00:52.674 [00001aec] --- DirectX D3D12 API detected 1
05.06.2019 12:00:52.674 [00001aec] --- hookOpenGL
05.06.2019 12:00:52.863 [00001aec] --- OpenGL API detected
05.06.2019 12:00:54.589 [00001aec] --- PROCESS DETACH
