04.06.2019 21:23:07.419 [00001384] ??? OSM handle == NULL error=2
04.06.2019 21:23:07.419 [00001384] ^^^ SC trying session1
--- [2]
04.06.2019 21:23:07.420 [00001384] --- App --- Immersive Display PRO v3.0.5 (01.01.2019)
04.06.2019 21:23:07.420 [00001384] --- OS 6:2 Microsoft Windows 8 Professional (build 9200), 64-bit 7(0) 8(1) 8.1(0) 10(0)
04.06.2019 21:23:07.420 [00001384] --- Process32 C:\WINDOWS\syswow64\WOWReg32.exe
04.06.2019 21:23:07.420 [00001384] --- CmdLine ["C:\WINDOWS\syswow64\WOWReg32.exe" /RegionName {7d79bee5-6fa2-4d9a-abf1-7e7ae6859f78} /SignalReady {ceb5748e-2e26-4a2e-89ff-c14c03ed0a53} /SignalComplete {4b810d33-4c0e-4d60-ab94-f5bebf9b79f8}]
04.06.2019 21:23:07.420 [00001384] --- Enumerating displays ...
04.06.2019 21:23:07.420 [00001384] --- SM_CMONITORS         = 1
04.06.2019 21:23:07.420 [00001384] --- SM_SAMEDISPLAYFORMAT = 1
04.06.2019 21:23:07.420 [00001384] --- SM_XVIRTUALSCREEN    = 0
04.06.2019 21:23:07.420 [00001384] --- SM_YVIRTUALSCREEN    = 0
04.06.2019 21:23:07.420 [00001384] --- SM_CXVIRTUALSCREEN   = 1024
04.06.2019 21:23:07.420 [00001384] --- SM_CYVIRTUALSCREEN   = 768
04.06.2019 21:23:07.420 [00001384] --- SM_CXCURSOR          = 32
04.06.2019 21:23:07.420 [00001384] ??? No displays enumerated. Retry later
04.06.2019 21:23:07.420 [00001384] --- hookD3D9
04.06.2019 21:23:07.421 [00001384] --- DirectX9 dll=04400000
04.06.2019 21:23:07.463 [00001384] --- DirectX9 API detected
04.06.2019 21:23:07.463 [00001384] --- DirectX9Ex API detected
04.06.2019 21:23:07.463 [00001384] --- i1: InterfaceProc1
04.06.2019 21:23:07.464 [00001384] --- DXGI dll=72680000
04.06.2019 21:23:07.485 [00001384] --- DirectX DXGI API CreateDXGIFactory detected 1
04.06.2019 21:23:07.505 [00001384] --- DirectX DXGI API CreateDXGIFactory1 detected 1
04.06.2019 21:23:07.526 [00001384] --- DirectX DXGI API CreateDXGIFactory2 detected 1
04.06.2019 21:23:07.526 [00001384] --- DirectX DXGI API detected
04.06.2019 21:23:07.527 [00001384] --- DirectX D3D12 API detected hd3d12=723f0000
04.06.2019 21:23:07.548 [00001384] --- DirectX D3D12 API detected 1
04.06.2019 21:23:07.548 [00001384] --- hookOpenGL
04.06.2019 21:23:07.715 [00001384] --- OpenGL API detected
