05.06.2019 11:42:55.802 [00002098] ??? OSM handle == NULL error=2
05.06.2019 11:42:55.802 [00002098] ^^^ SC trying session1
--- [2]
05.06.2019 11:42:55.802 [00002098] --- App --- Immersive Display PRO v3.0.5 (01.01.2019)
05.06.2019 11:42:55.802 [00002098] --- OS 6:2 Microsoft Windows 8 Professional (build 9200), 64-bit 7(0) 8(1) 8.1(0) 10(0)
05.06.2019 11:42:55.802 [00002098] --- Process64 C:\Program Files (x86)\Google\Update\1.3.34.11\GoogleCrashHandler64.exe
05.06.2019 11:42:55.802 [00002098] --- CmdLine ["C:\Program Files (x86)\Google\Update\1.3.34.11\GoogleCrashHandler64.exe"]
05.06.2019 11:42:55.815 [00002098] --- Enumerating displays ...
05.06.2019 11:42:55.815 [00002098] --- SM_CMONITORS         = 1
05.06.2019 11:42:55.815 [00002098] --- SM_SAMEDISPLAYFORMAT = 1
05.06.2019 11:42:55.815 [00002098] --- SM_XVIRTUALSCREEN    = 0
05.06.2019 11:42:55.815 [00002098] --- SM_YVIRTUALSCREEN    = 0
05.06.2019 11:42:55.815 [00002098] --- SM_CXVIRTUALSCREEN   = 1024
05.06.2019 11:42:55.815 [00002098] --- SM_CYVIRTUALSCREEN   = 768
05.06.2019 11:42:55.815 [00002098] --- SM_CXCURSOR          = 32
05.06.2019 11:42:55.815 [00002098] ??? No displays enumerated. Retry later
05.06.2019 11:42:55.815 [00002098] --- hookD3D9
05.06.2019 11:42:55.816 [00002098] --- DirectX9 dll=670a0000
05.06.2019 11:42:55.856 [00002098] --- DirectX9 API detected
05.06.2019 11:42:55.856 [00002098] --- DirectX9Ex API detected
05.06.2019 11:42:55.856 [00002098] --- i1: InterfaceProc1
05.06.2019 11:42:55.856 [00002098] --- DXGI dll=95b60000
05.06.2019 11:42:55.876 [00002098] --- DirectX DXGI API CreateDXGIFactory detected 1
05.06.2019 11:42:55.896 [00002098] --- DirectX DXGI API CreateDXGIFactory1 detected 1
05.06.2019 11:42:55.917 [00002098] --- DirectX DXGI API CreateDXGIFactory2 detected 1
05.06.2019 11:42:55.930 [00002098] --- DirectX DXGI API detected
05.06.2019 11:42:55.930 [00002098] --- DirectX D3D12 API detected hd3d12=8f360000
05.06.2019 11:42:55.951 [00002098] --- DirectX D3D12 API detected 1
05.06.2019 11:42:55.951 [00002098] --- hookOpenGL
05.06.2019 11:42:56.092 [00002098] --- OpenGL API detected
05.06.2019 11:42:56.144 [00002098] --- PROCESS DETACH
