05.06.2019 11:58:01.100 [00002b7c] --- App --- Immersive Display PRO v3.0.5 (01.01.2019)
05.06.2019 11:58:01.100 [00002b7c] --- OS 6:2 Microsoft Windows 8 Professional (build 9200), 64-bit 7(0) 8(1) 8.1(0) 10(0)
05.06.2019 11:58:01.100 [00002b7c] --- Process64 C:\Users\own\scoop\apps\git\2.21.0.windows.1\mingw64\libexec\git-core\git-credential-manager.exe
05.06.2019 11:58:01.100 [00002b7c] --- CmdLine [git-credential-manager store]
05.06.2019 11:58:01.100 [00002b7c] --- Enumerating displays ...
05.06.2019 11:58:01.100 [00002b7c] --- Device N[\\.\DISPLAY1] S[Radeon RX 580 Series] M[Generic PnP Monitor] F[desktop primary ]
05.06.2019 11:58:01.101 [00002b7c] --- Device N[\\.\DISPLAY2] S[Radeon RX 580 Series] M[] F[]
05.06.2019 11:58:01.102 [00002b7c] --- Device N[\\.\DISPLAY3] S[Radeon RX 580 Series] M[] F[]
05.06.2019 11:58:01.102 [00002b7c] --- Device N[\\.\DISPLAY4] S[Radeon RX 580 Series] M[] F[]
05.06.2019 11:58:01.103 [00002b7c] --- Device N[\\.\DISPLAY5] S[Radeon RX 580 Series] M[] F[]
05.06.2019 11:58:01.103 [00002b7c] --- Device N[\\.\DISPLAY6] S[Radeon RX 580 Series] M[] F[]
05.06.2019 11:58:01.104 [00002b7c] --- Device N[\\.\DISPLAY7] S[Radeon RX 580 Series] M[] F[]
05.06.2019 11:58:01.104 [00002b7c] --- Device N[\\.\DISPLAY8] S[Radeon RX 580 Series] M[] F[]
05.06.2019 11:58:01.104 [00002b7c] --- SM_CMONITORS         = 1
05.06.2019 11:58:01.104 [00002b7c] --- SM_SAMEDISPLAYFORMAT = 1
05.06.2019 11:58:01.104 [00002b7c] --- SM_XVIRTUALSCREEN    = 0
05.06.2019 11:58:01.104 [00002b7c] --- SM_YVIRTUALSCREEN    = 0
05.06.2019 11:58:01.104 [00002b7c] --- SM_CXVIRTUALSCREEN   = 3840
05.06.2019 11:58:01.104 [00002b7c] --- SM_CYVIRTUALSCREEN   = 1200
05.06.2019 11:58:01.104 [00002b7c] --- SM_CXCURSOR          = 32
05.06.2019 11:58:01.107 [00002b7c] --- [\\.\DISPLAY1] [Radeon RX 580 Series] [MONITOR\ADVEF2D\{4d36e96e-e325-11ce-bfc1-08002be10318}\0017] [Generic PnP Monitor]
05.06.2019 11:58:01.107 [00002b7c] --- Enumerated 1 displays
05.06.2019 11:58:01.107 [00002b7c] --- Displays initialized
05.06.2019 11:58:01.107 [00002b7c] --- Displays[0] M[00010001] HDC[14011244] GDC[85011271] L=0 T=0 R=3840 B=1200 RECT[0,0 3840x1200] N[\\.\DISPLAY1] M[Generic PnP Monitor] F[1] PROJ[2x1] MAPS[2]
05.06.2019 11:58:01.107 [00002b7c] ---    Grouping G[0] N[0] GD[]
05.06.2019 11:58:01.107 [00002b7c] --- ---
05.06.2019 11:58:01.107 [00002b7c] --- hookD3D9
05.06.2019 11:58:01.108 [00002b7c] --- DirectX9 dll=670a0000
05.06.2019 11:58:01.167 [00002b7c] --- DirectX9 API detected
05.06.2019 11:58:01.167 [00002b7c] --- DirectX9Ex API detected
05.06.2019 11:58:01.167 [00002b7c] --- i1: InterfaceProc1
05.06.2019 11:58:01.167 [00002b7c] --- interfaceFunc1 [\\.\DISPLAY1] totalMaps=2
05.06.2019 11:58:01.168 [00002b7c] --- DXGI dll=95b60000
05.06.2019 11:58:01.196 [00002b7c] --- DirectX DXGI API CreateDXGIFactory detected 1
05.06.2019 11:58:01.226 [00002b7c] --- DirectX DXGI API CreateDXGIFactory1 detected 1
05.06.2019 11:58:01.255 [00002b7c] --- DirectX DXGI API CreateDXGIFactory2 detected 1
05.06.2019 11:58:01.255 [00002b7c] --- DirectX DXGI API detected
05.06.2019 11:58:01.256 [00002b7c] --- DirectX D3D12 API detected hd3d12=8f360000
05.06.2019 11:58:01.285 [00002b7c] --- DirectX D3D12 API detected 1
05.06.2019 11:58:01.285 [00002b7c] --- hookOpenGL
05.06.2019 11:58:01.491 [00002b7c] --- OpenGL API detected
05.06.2019 11:58:01.672 [00002b7c] --- PROCESS DETACH
