04.06.2019 21:42:55.747 [000002c4] ??? OSM handle == NULL error=2
04.06.2019 21:42:55.747 [000002c4] ^^^ SC trying session1
04.06.2019 21:42:55.747 [000002c4] ??? OSM handle == NULL error=2
04.06.2019 21:42:55.747 [000002c4] ^^^ SC trying session2
04.06.2019 21:42:55.747 [000002c4] ??? OSM handle == NULL error=3
04.06.2019 21:42:55.747 [000002c4] --- DXGI dll=85810000
04.06.2019 21:42:55.747 [000002c4] --- DirectX DXGI API CreateDXGIFactory detected 1
04.06.2019 21:42:55.762 [000002c4] --- DirectX DXGI API CreateDXGIFactory1 detected 1
04.06.2019 21:42:55.762 [000002c4] --- DirectX DXGI API CreateDXGIFactory2 detected 1
04.06.2019 21:42:55.762 [000002c4] --- DirectX DXGI API detected
04.06.2019 21:42:55.762 [000002c4] --- DirectX D3D11 API detected 1
04.06.2019 21:42:55.778 [000002c4] --- DirectX D3D12 API detected hd3d12=7ed40000
04.06.2019 21:42:55.778 [000002c4] --- DirectX D3D12 API detected 1
04.06.2019 21:42:55.778 [000002c4] ??? OSM handle == NULL error=2
04.06.2019 21:42:55.778 [000002c4] ^^^ SC trying session1
04.06.2019 21:42:55.778 [000002c4] ??? OSM handle == NULL error=2
04.06.2019 21:42:55.778 [000002c4] ^^^ SC trying session2
04.06.2019 21:42:55.778 [000002c4] ??? OSM handle == NULL error=3
04.06.2019 21:42:55.778 [000002c4] ??? OSM handle == NULL error=2
04.06.2019 21:42:55.778 [000002c4] ^^^ SC trying session1
04.06.2019 21:42:55.778 [000002c4] ??? OSM handle == NULL error=2
04.06.2019 21:42:55.778 [000002c4] ^^^ SC trying session2
04.06.2019 21:42:55.778 [000002c4] ??? OSM handle == NULL error=3
04.06.2019 21:42:55.778 [000002c4] ??? OSM handle == NULL error=2
04.06.2019 21:42:55.778 [000002c4] ^^^ SC trying session1
04.06.2019 21:42:55.778 [000002c4] ??? OSM handle == NULL error=2
04.06.2019 21:42:55.778 [000002c4] ^^^ SC trying session2
04.06.2019 21:42:55.778 [000002c4] ??? OSM handle == NULL error=3
04.06.2019 21:42:55.794 [000007f8] ??? OSM handle == NULL error=2
04.06.2019 21:42:55.794 [000007f8] ^^^ SC trying session1
04.06.2019 21:42:55.794 [000007f8] ??? OSM handle == NULL error=2
04.06.2019 21:42:55.794 [000007f8] ^^^ SC trying session2
04.06.2019 21:42:55.794 [000007f8] ??? OSM handle == NULL error=3
04.06.2019 21:42:55.840 [000007e0] --- D3D11CreateDevice ADAPTER NULL
04.06.2019 21:42:55.840 [000007e0] ??? OSM handle == NULL error=2
04.06.2019 21:42:55.840 [000007e0] ^^^ SC trying session1
04.06.2019 21:42:55.840 [000007e0] ??? OSM handle == NULL error=2
04.06.2019 21:42:55.840 [000007e0] ^^^ SC trying session2
04.06.2019 21:42:55.840 [000007e0] ??? OSM handle == NULL error=3
04.06.2019 21:42:55.934 [000007e0] --- Device FeatureLevel -> 0000b000
04.06.2019 21:42:55.950 [000007e0] ??? OSM handle == NULL error=2
04.06.2019 21:42:55.950 [000007e0] ^^^ SC trying session1
04.06.2019 21:42:55.950 [000007e0] ??? OSM handle == NULL error=2
04.06.2019 21:42:55.950 [000007e0] ^^^ SC trying session2
04.06.2019 21:42:55.950 [000007e0] ??? OSM handle == NULL error=3
04.06.2019 21:42:55.981 [000007f8] --- D3D11CreateDevice ADAPTER Description=Radeon RX 580 Series
04.06.2019 21:42:55.981 [000007f8] --- Device FeatureLevels[0]=0000a100
04.06.2019 21:42:55.981 [000007f8] --- D3D11CreateDevice ADAPTER Description=Radeon RX 580 Series
04.06.2019 21:42:55.981 [000007f8] --- Device FeatureLevels[0]=0000c100
04.06.2019 21:42:55.981 [000007f8] --- Device FeatureLevels[1]=0000c000
04.06.2019 21:42:55.981 [000007f8] --- Device FeatureLevels[2]=0000b100
04.06.2019 21:42:55.981 [000007f8] --- Device FeatureLevels[3]=0000b000
04.06.2019 21:42:55.981 [000007f8] --- Device FeatureLevels[4]=0000a100
04.06.2019 21:42:55.981 [000007f8] --- Device FeatureLevels[5]=0000a000
04.06.2019 21:42:55.981 [000007f8] --- Device FeatureLevels[6]=00009300
04.06.2019 21:42:55.981 [000007f8] --- Device FeatureLevels[7]=00009200
04.06.2019 21:42:55.981 [000007f8] --- Device FeatureLevels[8]=00009100
04.06.2019 21:42:55.981 [000007f8] --- Device FeatureLevel -> 0000c000
04.06.2019 21:42:58.684 [000007f8] ??? OSM handle == NULL error=2
04.06.2019 21:42:58.684 [000007f8] ^^^ SC trying session1
04.06.2019 21:42:58.684 [000007f8] ??? OSM handle == NULL error=2
04.06.2019 21:42:58.684 [000007f8] ^^^ SC trying session2
04.06.2019 21:42:58.684 [000007f8] ??? OSM handle == NULL error=3
--- [63]
04.06.2019 21:43:20.610 [000007f8] --- App --- Immersive Display PRO v3.0.5 (01.01.2019)
04.06.2019 21:43:20.610 [000007f8] --- OS 6:2 Microsoft Windows 8 Professional (build 9200), 64-bit 7(0) 8(1) 8.1(0) 10(0)
04.06.2019 21:43:20.610 [000007f8] --- Process64 C:\WINDOWS\system32\dwm.exe
04.06.2019 21:43:20.610 [000007f8] --- CmdLine ["dwm.exe"]
04.06.2019 21:43:20.610 [000007f8] --- Enumerating displays ...
04.06.2019 21:43:20.610 [000007f8] --- Device N[\\.\DISPLAY1] S[Radeon RX 580 Series] M[Generic PnP Monitor] F[desktop primary ]
04.06.2019 21:43:20.626 [000007f8] --- Device N[\\.\DISPLAY2] S[Radeon RX 580 Series] M[] F[]
04.06.2019 21:43:20.626 [000007f8] --- Device N[\\.\DISPLAY3] S[Radeon RX 580 Series] M[] F[]
04.06.2019 21:43:20.626 [000007f8] --- Device N[\\.\DISPLAY4] S[Radeon RX 580 Series] M[] F[]
04.06.2019 21:43:20.626 [000007f8] --- Device N[\\.\DISPLAY5] S[Radeon RX 580 Series] M[] F[]
04.06.2019 21:43:20.626 [000007f8] --- Device N[\\.\DISPLAY6] S[Radeon RX 580 Series] M[] F[]
04.06.2019 21:43:20.626 [000007f8] --- Device N[\\.\DISPLAY7] S[Radeon RX 580 Series] M[] F[]
04.06.2019 21:43:20.626 [000007f8] --- Device N[\\.\DISPLAY8] S[Radeon RX 580 Series] M[] F[]
04.06.2019 21:43:20.626 [000007f8] --- SM_CMONITORS         = 1
04.06.2019 21:43:20.626 [000007f8] --- SM_SAMEDISPLAYFORMAT = 1
04.06.2019 21:43:20.626 [000007f8] --- SM_XVIRTUALSCREEN    = 0
04.06.2019 21:43:20.626 [000007f8] --- SM_YVIRTUALSCREEN    = 0
04.06.2019 21:43:20.626 [000007f8] --- SM_CXVIRTUALSCREEN   = 3840
04.06.2019 21:43:20.626 [000007f8] --- SM_CYVIRTUALSCREEN   = 1200
04.06.2019 21:43:20.626 [000007f8] --- SM_CXCURSOR          = 32
04.06.2019 21:43:20.642 [000007f8] --- [\\.\DISPLAY1] [Radeon RX 580 Series] [MONITOR\ADVEF2D\{4d36e96e-e325-11ce-bfc1-08002be10318}\0017] [Generic PnP Monitor]
04.06.2019 21:43:20.642 [000007f8] --- Enumerated 1 displays
04.06.2019 21:43:20.642 [000007f8] --- Displays initialized
04.06.2019 21:43:20.642 [000007f8] --- Displays[0] M[00010001] HDC[0901098e] GDC[1401002c] L=0 T=0 R=3840 B=1200 RECT[0,0 3840x1200] N[\\.\DISPLAY1] M[Generic PnP Monitor] F[1] PROJ[0x0] MAPS[0]
04.06.2019 21:43:20.642 [000007f8] ---    Grouping G[0] N[0] GD[]
04.06.2019 21:43:20.642 [000007f8] --- ---
04.06.2019 21:43:59.338 [000007c4] --- Restarting DWM
04.06.2019 21:43:59.541 [000007c4] --- Exiting DWM
04.06.2019 21:43:59.541 [000007c4] --- PROCESS DETACH
