04.06.2019 13:45:52.144 [00000248] ??? OSM handle == NULL error=2
04.06.2019 13:45:52.144 [00000248] ^^^ SC trying session1
--- [2]
04.06.2019 13:45:52.145 [00000248] --- App --- Immersive Display PRO v3.0.5 (01.01.2019)
04.06.2019 13:45:52.145 [00000248] --- OS 6:2 Microsoft Windows 8 Professional (build 9200), 64-bit 7(0) 8(1) 8.1(0) 10(0)
04.06.2019 13:45:52.145 [00000248] --- Process32 C:\Program Files (x86)\Google\Update\GoogleUpdate.exe
04.06.2019 13:45:52.145 [00000248] --- CmdLine ["C:\Program Files (x86)\Google\Update\GoogleUpdate.exe" /svc]
04.06.2019 13:45:52.145 [00000248] --- Enumerating displays ...
04.06.2019 13:45:52.145 [00000248] --- SM_CMONITORS         = 1
04.06.2019 13:45:52.145 [00000248] --- SM_SAMEDISPLAYFORMAT = 1
04.06.2019 13:45:52.145 [00000248] --- SM_XVIRTUALSCREEN    = 0
04.06.2019 13:45:52.145 [00000248] --- SM_YVIRTUALSCREEN    = 0
04.06.2019 13:45:52.145 [00000248] --- SM_CXVIRTUALSCREEN   = 1024
04.06.2019 13:45:52.145 [00000248] --- SM_CYVIRTUALSCREEN   = 768
04.06.2019 13:45:52.145 [00000248] --- SM_CXCURSOR          = 32
04.06.2019 13:45:52.145 [00000248] ??? No displays enumerated. Retry later
04.06.2019 13:45:52.145 [00000248] --- hookD3D9
04.06.2019 13:45:52.147 [00000248] --- DirectX9 dll=710b0000
04.06.2019 13:45:52.187 [00000248] --- DirectX9 API detected
04.06.2019 13:45:52.187 [00000248] --- DirectX9Ex API detected
04.06.2019 13:45:52.187 [00000248] --- i1: InterfaceProc1
04.06.2019 13:45:52.188 [00000248] --- DXGI dll=727a0000
04.06.2019 13:45:52.208 [00000248] --- DirectX DXGI API CreateDXGIFactory detected 1
04.06.2019 13:45:52.228 [00000248] --- DirectX DXGI API CreateDXGIFactory1 detected 1
04.06.2019 13:45:52.247 [00000248] --- DirectX DXGI API CreateDXGIFactory2 detected 1
04.06.2019 13:45:52.247 [00000248] --- DirectX DXGI API detected
04.06.2019 13:45:52.248 [00000248] --- DirectX D3D12 API detected hd3d12=72630000
04.06.2019 13:45:52.267 [00000248] --- DirectX D3D12 API detected 1
04.06.2019 13:45:52.267 [00000248] --- hookOpenGL
04.06.2019 13:45:52.420 [00000248] --- OpenGL API detected
04.06.2019 13:45:52.509 [00000248] --- PROCESS DETACH
