04.06.2019 21:16:37.299 [000023e8] ??? OSM handle == NULL error=2
04.06.2019 21:16:37.299 [000023e8] ^^^ SC trying session1
--- [2]
04.06.2019 21:16:37.299 [000023e8] --- App --- Immersive Display PRO v3.0.5 (01.01.2019)
04.06.2019 21:16:37.299 [000023e8] --- OS 6:2 Microsoft Windows 8 Professional (build 9200), 64-bit 7(0) 8(1) 8.1(0) 10(0)
04.06.2019 21:16:37.299 [000023e8] --- Process64 C:\Program Files (x86)\Intel\Driver and Support Assistant\DSAUpdateService.exe
04.06.2019 21:16:37.299 [000023e8] --- CmdLine ["C:\Program Files (x86)\Intel\Driver and Support Assistant\DSAUpdateService.exe"]
04.06.2019 21:16:37.299 [000023e8] --- Enumerating displays ...
04.06.2019 21:16:37.299 [000023e8] --- SM_CMONITORS         = 1
04.06.2019 21:16:37.299 [000023e8] --- SM_SAMEDISPLAYFORMAT = 1
04.06.2019 21:16:37.299 [000023e8] --- SM_XVIRTUALSCREEN    = 0
04.06.2019 21:16:37.299 [000023e8] --- SM_YVIRTUALSCREEN    = 0
04.06.2019 21:16:37.299 [000023e8] --- SM_CXVIRTUALSCREEN   = 1024
04.06.2019 21:16:37.299 [000023e8] --- SM_CYVIRTUALSCREEN   = 768
04.06.2019 21:16:37.299 [000023e8] --- SM_CXCURSOR          = 32
04.06.2019 21:16:37.299 [000023e8] ??? No displays enumerated. Retry later
04.06.2019 21:16:37.299 [000023e8] --- hookD3D9
04.06.2019 21:16:37.299 [000023e8] --- DirectX9 dll=72ce0000
04.06.2019 21:16:37.346 [000023e8] --- DirectX9 API detected
04.06.2019 21:16:37.346 [000023e8] --- DirectX9Ex API detected
04.06.2019 21:16:37.346 [000023e8] --- i1: InterfaceProc1
04.06.2019 21:16:37.346 [000023e8] --- DXGI dll=a1720000
04.06.2019 21:16:37.362 [000023e8] --- DirectX DXGI API CreateDXGIFactory detected 1
04.06.2019 21:16:37.377 [000023e8] --- DirectX DXGI API CreateDXGIFactory1 detected 1
04.06.2019 21:16:37.393 [000023e8] --- DirectX DXGI API CreateDXGIFactory2 detected 1
04.06.2019 21:16:37.393 [000023e8] --- DirectX DXGI API detected
04.06.2019 21:16:37.393 [000023e8] --- DirectX D3D12 API detected hd3d12=9a880000
04.06.2019 21:16:37.409 [000023e8] --- DirectX D3D12 API detected 1
04.06.2019 21:16:37.409 [000023e8] --- hookOpenGL
04.06.2019 21:16:37.534 [000023e8] --- OpenGL API detected
04.06.2019 21:18:27.184 [000023e8] --- PROCESS DETACH
