05.06.2019 11:41:16.852 [00001fb8] --- App --- Immersive Display PRO v3.0.5 (01.01.2019)
05.06.2019 11:41:16.852 [00001fb8] --- OS 6:2 Microsoft Windows 8 Professional (build 9200), 64-bit 7(0) 8(1) 8.1(0) 10(0)
05.06.2019 11:41:16.852 [00001fb8] --- Process64 C:\Users\own\scoop\apps\git\2.21.0.windows.1\mingw64\libexec\git-core\git.exe
05.06.2019 11:41:16.852 [00001fb8] --- CmdLine [git rev-list --objects --stdin --not --all --quiet]
05.06.2019 11:41:16.852 [00001fb8] --- Enumerating displays ...
05.06.2019 11:41:16.852 [00001fb8] --- Device N[\\.\DISPLAY1] S[Radeon RX 580 Series] M[Generic PnP Monitor] F[desktop primary ]
05.06.2019 11:41:16.852 [00001fb8] --- Device N[\\.\DISPLAY2] S[Radeon RX 580 Series] M[] F[]
05.06.2019 11:41:16.868 [00001fb8] --- Device N[\\.\DISPLAY3] S[Radeon RX 580 Series] M[] F[]
05.06.2019 11:41:16.960 [00001fb8] --- Device N[\\.\DISPLAY4] S[Radeon RX 580 Series] M[] F[]
05.06.2019 11:41:17.242 [00001fb8] --- Device N[\\.\DISPLAY5] S[Radeon RX 580 Series] M[] F[]
05.06.2019 11:41:17.242 [00001fb8] --- Device N[\\.\DISPLAY6] S[Radeon RX 580 Series] M[] F[]
05.06.2019 11:41:17.242 [00001fb8] --- Device N[\\.\DISPLAY7] S[Radeon RX 580 Series] M[] F[]
05.06.2019 11:41:17.242 [00001fb8] --- Device N[\\.\DISPLAY8] S[Radeon RX 580 Series] M[] F[]
05.06.2019 11:41:17.242 [00001fb8] --- SM_CMONITORS         = 1
05.06.2019 11:41:17.242 [00001fb8] --- SM_SAMEDISPLAYFORMAT = 1
05.06.2019 11:41:17.242 [00001fb8] --- SM_XVIRTUALSCREEN    = 0
05.06.2019 11:41:17.242 [00001fb8] --- SM_YVIRTUALSCREEN    = 0
05.06.2019 11:41:17.242 [00001fb8] --- SM_CXVIRTUALSCREEN   = 3840
05.06.2019 11:41:17.242 [00001fb8] --- SM_CYVIRTUALSCREEN   = 1200
05.06.2019 11:41:17.242 [00001fb8] --- SM_CXCURSOR          = 32
05.06.2019 11:41:17.242 [00001fb8] --- [\\.\DISPLAY1] [Radeon RX 580 Series] [MONITOR\ADVEF2D\{4d36e96e-e325-11ce-bfc1-08002be10318}\0017] [Generic PnP Monitor]
05.06.2019 11:41:17.242 [00001fb8] --- Enumerated 1 displays
05.06.2019 11:41:17.242 [00001fb8] --- Displays initialized
05.06.2019 11:41:17.242 [00001fb8] --- Displays[0] M[00010001] HDC[46010bd7] GDC[13010bf6] L=0 T=0 R=3840 B=1200 RECT[0,0 3840x1200] N[\\.\DISPLAY1] M[Generic PnP Monitor] F[1] PROJ[2x1] MAPS[2]
05.06.2019 11:41:17.242 [00001fb8] ---    Grouping G[0] N[0] GD[]
05.06.2019 11:41:17.242 [00001fb8] --- ---
05.06.2019 11:41:17.242 [00001fb8] --- hookD3D9
05.06.2019 11:41:17.257 [00001fb8] --- DirectX9 dll=670a0000
05.06.2019 11:41:17.304 [00001fb8] --- DirectX9 API detected
05.06.2019 11:41:17.304 [00001fb8] --- DirectX9Ex API detected
05.06.2019 11:41:17.304 [00001fb8] --- i1: InterfaceProc1
05.06.2019 11:41:17.304 [00001fb8] --- interfaceFunc1 [\\.\DISPLAY1] totalMaps=2
05.06.2019 11:41:17.304 [00001fb8] --- DXGI dll=95b60000
05.06.2019 11:41:17.335 [00001fb8] --- DirectX DXGI API CreateDXGIFactory detected 1
05.06.2019 11:41:17.351 [00001fb8] --- DirectX DXGI API CreateDXGIFactory1 detected 1
05.06.2019 11:41:17.382 [00001fb8] --- DirectX DXGI API CreateDXGIFactory2 detected 1
05.06.2019 11:41:17.382 [00001fb8] --- DirectX DXGI API detected
05.06.2019 11:41:17.382 [00001fb8] --- DirectX D3D12 API detected hd3d12=8f360000
05.06.2019 11:41:17.413 [00001fb8] --- DirectX D3D12 API detected 1
05.06.2019 11:41:17.413 [00001fb8] --- hookOpenGL
05.06.2019 11:41:17.570 [00001fb8] --- OpenGL API detected
05.06.2019 11:41:17.648 [00001fb8] --- PROCESS DETACH
