04.06.2019 21:23:34.421 [00000850] --- App --- Immersive Display PRO v3.0.5 (01.01.2019)
04.06.2019 21:23:34.421 [00000850] --- OS 6:2 Microsoft Windows 8 Professional (build 9200), 64-bit 7(0) 8(1) 8.1(0) 10(0)
04.06.2019 21:23:34.421 [00000850] --- Process32 C:\Windows\syswow64\MsiExec.exe
04.06.2019 21:23:34.421 [00000850] --- CmdLine [C:\Windows\syswow64\MsiExec.exe -Embedding 47E44BCFF83E2EA84D156E5977BCF682]
04.06.2019 21:23:34.421 [00000850] --- Enumerating displays ...
04.06.2019 21:23:34.423 [00000850] --- Device N[\\.\DISPLAY17] S[Radeon RX 580 Series] M[Generic PnP Monitor] F[desktop ]
04.06.2019 21:23:34.425 [00000850] --- Device N[\\.\DISPLAY18] S[Radeon RX 580 Series] M[Generic PnP Monitor] F[desktop primary ]
04.06.2019 21:23:34.427 [00000850] --- Device N[\\.\DISPLAY19] S[Radeon RX 580 Series] M[] F[]
04.06.2019 21:23:34.428 [00000850] --- Device N[\\.\DISPLAY20] S[Radeon RX 580 Series] M[] F[]
04.06.2019 21:23:34.430 [00000850] --- Device N[\\.\DISPLAY21] S[Radeon RX 580 Series] M[] F[]
04.06.2019 21:23:34.431 [00000850] --- Device N[\\.\DISPLAY22] S[Radeon RX 580 Series] M[] F[]
04.06.2019 21:23:34.433 [00000850] --- Device N[\\.\DISPLAY23] S[Radeon RX 580 Series] M[] F[]
04.06.2019 21:23:34.434 [00000850] --- Device N[\\.\DISPLAY24] S[Radeon RX 580 Series] M[] F[]
04.06.2019 21:23:34.434 [00000850] --- SM_CMONITORS         = 2
04.06.2019 21:23:34.434 [00000850] --- SM_SAMEDISPLAYFORMAT = 1
04.06.2019 21:23:34.434 [00000850] --- SM_XVIRTUALSCREEN    = 0
04.06.2019 21:23:34.434 [00000850] --- SM_YVIRTUALSCREEN    = 0
04.06.2019 21:23:34.434 [00000850] --- SM_CXVIRTUALSCREEN   = 3840
04.06.2019 21:23:34.434 [00000850] --- SM_CYVIRTUALSCREEN   = 1200
04.06.2019 21:23:34.434 [00000850] --- SM_CXCURSOR          = 32
04.06.2019 21:23:34.439 [00000850] --- [\\.\DISPLAY17] [Radeon RX 580 Series] [MONITOR\SECA70B\{4d36e96e-e325-11ce-bfc1-08002be10318}\0016] [Generic PnP Monitor]
04.06.2019 21:23:34.441 [00000850] --- [\\.\DISPLAY18] [Radeon RX 580 Series] [MONITOR\SECA70B\{4d36e96e-e325-11ce-bfc1-08002be10318}\0015] [Generic PnP Monitor]
04.06.2019 21:23:34.441 [00000850] --- Enumerated 2 displays
04.06.2019 21:23:34.441 [00000850] --- Displays initialized
04.06.2019 21:23:34.441 [00000850] --- Displays[0] M[006c0389] HDC[de0106b3] GDC[0c010f06] L=1920 T=0 R=3840 B=1200 RECT[1920,0 1920x1200] N[\\.\DISPLAY17] M[Generic PnP Monitor] F[0] PROJ[0x0] MAPS[0]
04.06.2019 21:23:34.441 [00000850] ---    Grouping G[0] N[0] GD[]
04.06.2019 21:23:34.441 [00000850] --- Displays[1] M[00030503] HDC[6b010eb4] GDC[08010f05] L=0 T=0 R=1920 B=1200 RECT[0,0 1920x1200] N[\\.\DISPLAY18] M[Generic PnP Monitor] F[1] PROJ[0x0] MAPS[0]
04.06.2019 21:23:34.441 [00000850] ---    Grouping G[0] N[0] GD[]
04.06.2019 21:23:34.441 [00000850] --- ---
04.06.2019 21:23:34.441 [00000850] --- hookD3D9
04.06.2019 21:23:34.443 [00000850] --- DirectX9 dll=04450000
04.06.2019 21:23:34.488 [00000850] --- DirectX9 API detected
04.06.2019 21:23:34.488 [00000850] --- DirectX9Ex API detected
04.06.2019 21:23:34.488 [00000850] --- i1: InterfaceProc1
04.06.2019 21:23:34.488 [00000850] --- DXGI dll=72680000
04.06.2019 21:23:34.511 [00000850] --- DirectX DXGI API CreateDXGIFactory detected 1
04.06.2019 21:23:34.534 [00000850] --- DirectX DXGI API CreateDXGIFactory1 detected 1
04.06.2019 21:23:34.556 [00000850] --- DirectX DXGI API CreateDXGIFactory2 detected 1
04.06.2019 21:23:34.556 [00000850] --- DirectX DXGI API detected
04.06.2019 21:23:34.557 [00000850] --- DirectX D3D12 API detected hd3d12=723f0000
04.06.2019 21:23:34.578 [00000850] --- DirectX D3D12 API detected 1
04.06.2019 21:23:34.578 [00000850] --- hookOpenGL
04.06.2019 21:23:34.762 [00000850] --- OpenGL API detected
04.06.2019 21:23:35.055 [00000850] --- PROCESS DETACH
