05.06.2019 10:57:06.798 [000020dc] ??? OSM handle == NULL error=2
05.06.2019 10:57:06.798 [000020dc] ^^^ SC trying session1
--- [2]
05.06.2019 10:57:06.798 [000020dc] --- App --- Immersive Display PRO v3.0.5 (01.01.2019)
05.06.2019 10:57:06.798 [000020dc] --- OS 6:2 Microsoft Windows 8 Professional (build 9200), 64-bit 7(0) 8(1) 8.1(0) 10(0)
05.06.2019 10:57:06.798 [000020dc] --- Process64 C:\Program Files (x86)\Google\Update\1.3.34.11\GoogleCrashHandler64.exe
05.06.2019 10:57:06.798 [000020dc] --- CmdLine ["C:\Program Files (x86)\Google\Update\1.3.34.11\GoogleCrashHandler64.exe"]
05.06.2019 10:57:06.798 [000020dc] --- Enumerating displays ...
05.06.2019 10:57:06.798 [000020dc] --- SM_CMONITORS         = 1
05.06.2019 10:57:06.798 [000020dc] --- SM_SAMEDISPLAYFORMAT = 1
05.06.2019 10:57:06.798 [000020dc] --- SM_XVIRTUALSCREEN    = 0
05.06.2019 10:57:06.798 [000020dc] --- SM_YVIRTUALSCREEN    = 0
05.06.2019 10:57:06.798 [000020dc] --- SM_CXVIRTUALSCREEN   = 1024
05.06.2019 10:57:06.798 [000020dc] --- SM_CYVIRTUALSCREEN   = 768
05.06.2019 10:57:06.798 [000020dc] --- SM_CXCURSOR          = 32
05.06.2019 10:57:06.798 [000020dc] ??? No displays enumerated. Retry later
05.06.2019 10:57:06.798 [000020dc] --- hookD3D9
05.06.2019 10:57:06.798 [000020dc] --- DirectX9 dll=a5ef0000
05.06.2019 10:57:06.845 [000020dc] --- DirectX9 API detected
05.06.2019 10:57:06.845 [000020dc] --- DirectX9Ex API detected
05.06.2019 10:57:06.845 [000020dc] --- i1: InterfaceProc1
05.06.2019 10:57:06.845 [000020dc] --- DXGI dll=d3330000
05.06.2019 10:57:06.877 [000020dc] --- DirectX DXGI API CreateDXGIFactory detected 1
05.06.2019 10:57:06.892 [000020dc] --- DirectX DXGI API CreateDXGIFactory1 detected 1
05.06.2019 10:57:06.939 [000020dc] --- DirectX DXGI API CreateDXGIFactory2 detected 1
05.06.2019 10:57:06.939 [000020dc] --- DirectX DXGI API detected
05.06.2019 10:57:06.939 [000020dc] --- DirectX D3D12 API detected hd3d12=cc750000
05.06.2019 10:57:06.970 [000020dc] --- DirectX D3D12 API detected 1
05.06.2019 10:57:06.970 [000020dc] --- hookOpenGL
05.06.2019 10:57:07.126 [000020dc] --- OpenGL API detected
05.06.2019 10:57:07.189 [000020dc] --- PROCESS DETACH
