05.06.2019 11:53:42.576 [00002370] --- App --- Immersive Display PRO v3.0.5 (01.01.2019)
05.06.2019 11:53:42.576 [00002370] --- OS 6:2 Microsoft Windows 8 Professional (build 9200), 64-bit 7(0) 8(1) 8.1(0) 10(0)
05.06.2019 11:53:42.576 [00002370] --- Process32 c:\program files (x86)\teamviewer\TeamViewer_Desktop.exe
05.06.2019 11:53:42.576 [00002370] --- CmdLine ["c:\program files (x86)\teamviewer\TeamViewer_Desktop.exe" --IPCport 5939]
05.06.2019 11:53:42.576 [00002370] --- Enumerating displays ...
05.06.2019 11:53:42.577 [00002370] --- Device N[\\.\DISPLAY1] S[Radeon RX 580 Series] M[Generic PnP Monitor] F[desktop primary ]
05.06.2019 11:53:42.578 [00002370] --- Device N[\\.\DISPLAY2] S[Radeon RX 580 Series] M[] F[]
05.06.2019 11:53:42.578 [00002370] --- Device N[\\.\DISPLAY3] S[Radeon RX 580 Series] M[] F[]
05.06.2019 11:53:42.579 [00002370] --- Device N[\\.\DISPLAY4] S[Radeon RX 580 Series] M[] F[]
05.06.2019 11:53:42.579 [00002370] --- Device N[\\.\DISPLAY5] S[Radeon RX 580 Series] M[] F[]
05.06.2019 11:53:42.580 [00002370] --- Device N[\\.\DISPLAY6] S[Radeon RX 580 Series] M[] F[]
05.06.2019 11:53:42.580 [00002370] --- Device N[\\.\DISPLAY7] S[Radeon RX 580 Series] M[] F[]
05.06.2019 11:53:42.581 [00002370] --- Device N[\\.\DISPLAY8] S[Radeon RX 580 Series] M[] F[]
05.06.2019 11:53:42.581 [00002370] --- SM_CMONITORS         = 1
05.06.2019 11:53:42.581 [00002370] --- SM_SAMEDISPLAYFORMAT = 1
05.06.2019 11:53:42.581 [00002370] --- SM_XVIRTUALSCREEN    = 0
05.06.2019 11:53:42.581 [00002370] --- SM_YVIRTUALSCREEN    = 0
05.06.2019 11:53:42.581 [00002370] --- SM_CXVIRTUALSCREEN   = 3840
05.06.2019 11:53:42.581 [00002370] --- SM_CYVIRTUALSCREEN   = 1200
05.06.2019 11:53:42.581 [00002370] --- SM_CXCURSOR          = 32
05.06.2019 11:53:42.583 [00002370] --- [\\.\DISPLAY1] [Radeon RX 580 Series] [MONITOR\ADVEF2D\{4d36e96e-e325-11ce-bfc1-08002be10318}\0017] [Generic PnP Monitor]
05.06.2019 11:53:42.583 [00002370] --- Enumerated 1 displays
05.06.2019 11:53:42.583 [00002370] --- Displays initialized
05.06.2019 11:53:42.583 [00002370] --- Displays[0] M[00010001] HDC[85011056] GDC[f0010ffd] L=0 T=0 R=3840 B=1200 RECT[0,0 3840x1200] N[\\.\DISPLAY1] M[Generic PnP Monitor] F[1] PROJ[2x1] MAPS[2]
05.06.2019 11:53:42.583 [00002370] ---    Grouping G[0] N[0] GD[]
05.06.2019 11:53:42.583 [00002370] --- ---
05.06.2019 11:53:42.583 [00002370] --- hookD3D9
05.06.2019 11:53:42.585 [00002370] --- DirectX9 dll=70fc0000
05.06.2019 11:53:42.635 [00002370] --- DirectX9 API detected
05.06.2019 11:53:42.635 [00002370] --- DirectX9Ex API detected
05.06.2019 11:53:42.635 [00002370] --- i1: InterfaceProc1
05.06.2019 11:53:42.635 [00002370] --- interfaceFunc1 [\\.\DISPLAY1] totalMaps=2
05.06.2019 11:53:42.635 [00002370] --- DXGI dll=71f60000
05.06.2019 11:53:42.659 [00002370] --- DirectX DXGI API CreateDXGIFactory detected 1
05.06.2019 11:53:42.691 [00002370] --- DirectX DXGI API CreateDXGIFactory1 detected 1
05.06.2019 11:53:42.714 [00002370] --- DirectX DXGI API CreateDXGIFactory2 detected 1
05.06.2019 11:53:42.714 [00002370] --- DirectX DXGI API detected
05.06.2019 11:53:42.715 [00002370] --- DirectX D3D12 API detected hd3d12=71d60000
05.06.2019 11:53:42.738 [00002370] --- DirectX D3D12 API detected 1
05.06.2019 11:53:42.738 [00002370] --- hookOpenGL
05.06.2019 11:53:42.927 [00002370] --- OpenGL API detected
