04.06.2019 14:06:46.982 [00000748] --- App --- Immersive Display PRO v3.0.5 (01.01.2019)
04.06.2019 14:06:46.982 [00000748] --- OS 6:2 Microsoft Windows 8 Professional (build 9200), 64-bit 7(0) 8(1) 8.1(0) 10(0)
04.06.2019 14:06:46.982 [00000748] --- Process32 C:\Users\own\AppData\Local\Temp\is-LADPU.tmp\vcredist_x64_100.exe
04.06.2019 14:06:46.982 [00000748] --- CmdLine ["C:\Users\own\AppData\Local\Temp\is-LADPU.tmp\vcredist_x64_100.exe" /q /norestart]
04.06.2019 14:06:46.982 [00000748] --- Enumerating displays ...
04.06.2019 14:06:46.982 [00000748] --- Device N[\\.\DISPLAY1] S[Radeon RX 580 Series] M[Generic PnP Monitor] F[desktop primary ]
04.06.2019 14:06:46.983 [00000748] --- Device N[\\.\DISPLAY2] S[Radeon RX 580 Series] M[] F[]
04.06.2019 14:06:46.983 [00000748] --- Device N[\\.\DISPLAY3] S[Radeon RX 580 Series] M[] F[]
04.06.2019 14:06:46.984 [00000748] --- Device N[\\.\DISPLAY4] S[Radeon RX 580 Series] M[] F[]
04.06.2019 14:06:46.984 [00000748] --- Device N[\\.\DISPLAY5] S[Radeon RX 580 Series] M[] F[]
04.06.2019 14:06:46.985 [00000748] --- Device N[\\.\DISPLAY6] S[Radeon RX 580 Series] M[] F[]
04.06.2019 14:06:46.985 [00000748] --- Device N[\\.\DISPLAY7] S[Radeon RX 580 Series] M[] F[]
04.06.2019 14:06:46.986 [00000748] --- Device N[\\.\DISPLAY8] S[Radeon RX 580 Series] M[] F[]
04.06.2019 14:06:46.986 [00000748] --- SM_CMONITORS         = 1
04.06.2019 14:06:46.986 [00000748] --- SM_SAMEDISPLAYFORMAT = 1
04.06.2019 14:06:46.986 [00000748] --- SM_XVIRTUALSCREEN    = 0
04.06.2019 14:06:46.986 [00000748] --- SM_YVIRTUALSCREEN    = 0
04.06.2019 14:06:46.986 [00000748] --- SM_CXVIRTUALSCREEN   = 3840
04.06.2019 14:06:46.986 [00000748] --- SM_CYVIRTUALSCREEN   = 1200
04.06.2019 14:06:46.986 [00000748] --- SM_CXCURSOR          = 32
04.06.2019 14:06:46.988 [00000748] --- [\\.\DISPLAY1] [Radeon RX 580 Series] [MONITOR\ADVEF2D\{4d36e96e-e325-11ce-bfc1-08002be10318}\0013] [Generic PnP Monitor]
04.06.2019 14:06:46.988 [00000748] --- Enumerated 1 displays
04.06.2019 14:06:46.988 [00000748] --- Displays initialized
04.06.2019 14:06:46.988 [00000748] --- Displays[0] M[00010001] HDC[900111e0] GDC[8c010e33] L=0 T=0 R=3840 B=1200 RECT[0,0 3840x1200] N[\\.\DISPLAY1] M[Generic PnP Monitor] F[1] PROJ[2x1] MAPS[2]
04.06.2019 14:06:46.988 [00000748] ---    Grouping G[0] N[0] GD[]
04.06.2019 14:06:46.988 [00000748] --- ---
04.06.2019 14:06:46.988 [00000748] --- hookD3D9
04.06.2019 14:06:46.989 [00000748] --- DirectX9 dll=710b0000
04.06.2019 14:06:47.018 [00000748] --- DirectX9 API detected
04.06.2019 14:06:47.018 [00000748] --- DirectX9Ex API detected
04.06.2019 14:06:47.018 [00000748] --- i1: InterfaceProc1
04.06.2019 14:06:47.018 [00000748] --- interfaceFunc1 [\\.\DISPLAY1] totalMaps=2
04.06.2019 14:06:47.019 [00000748] --- DXGI dll=727a0000
04.06.2019 14:06:47.033 [00000748] --- DirectX DXGI API CreateDXGIFactory detected 1
04.06.2019 14:06:47.047 [00000748] --- DirectX DXGI API CreateDXGIFactory1 detected 1
04.06.2019 14:06:47.061 [00000748] --- DirectX DXGI API CreateDXGIFactory2 detected 1
04.06.2019 14:06:47.061 [00000748] --- DirectX DXGI API detected
04.06.2019 14:06:47.061 [00000748] --- DirectX D3D12 API detected hd3d12=72630000
04.06.2019 14:06:47.075 [00000748] --- DirectX D3D12 API detected 1
04.06.2019 14:06:47.075 [00000748] --- hookOpenGL
04.06.2019 14:06:47.188 [00000748] --- OpenGL API detected
04.06.2019 14:07:07.833 [00000748] --- PROCESS DETACH
