05.06.2019 11:31:38.323 [00002114] ??? OSM handle == NULL error=2
05.06.2019 11:31:38.323 [00002114] ^^^ SC trying session1
--- [2]
05.06.2019 11:31:38.323 [00002114] --- App --- Immersive Display PRO v3.0.5 (01.01.2019)
05.06.2019 11:31:38.323 [00002114] --- OS 6:2 Microsoft Windows 8 Professional (build 9200), 64-bit 7(0) 8(1) 8.1(0) 10(0)
05.06.2019 11:31:38.323 [00002114] --- Process32 C:\Program Files (x86)\Intel\Intel(R) Management Engine Components\LMS\LMS.exe
05.06.2019 11:31:38.323 [00002114] --- CmdLine ["C:\Program Files (x86)\Intel\Intel(R) Management Engine Components\LMS\LMS.exe"]
05.06.2019 11:31:38.323 [00002114] --- Enumerating displays ...
05.06.2019 11:31:38.323 [00002114] --- SM_CMONITORS         = 1
05.06.2019 11:31:38.323 [00002114] --- SM_SAMEDISPLAYFORMAT = 1
05.06.2019 11:31:38.323 [00002114] --- SM_XVIRTUALSCREEN    = 0
05.06.2019 11:31:38.323 [00002114] --- SM_YVIRTUALSCREEN    = 0
05.06.2019 11:31:38.323 [00002114] --- SM_CXVIRTUALSCREEN   = 1024
05.06.2019 11:31:38.323 [00002114] --- SM_CYVIRTUALSCREEN   = 768
05.06.2019 11:31:38.323 [00002114] --- SM_CXCURSOR          = 32
05.06.2019 11:31:38.323 [00002114] ??? No displays enumerated. Retry later
05.06.2019 11:31:38.323 [00002114] --- hookD3D9
05.06.2019 11:31:38.323 [00002114] --- DirectX9 dll=01fc0000
05.06.2019 11:31:38.354 [00002114] --- DirectX9 API detected
05.06.2019 11:31:38.354 [00002114] --- DirectX9Ex API detected
05.06.2019 11:31:38.354 [00002114] --- i1: InterfaceProc1
05.06.2019 11:31:38.369 [00002114] --- DXGI dll=72830000
05.06.2019 11:31:38.385 [00002114] --- DirectX DXGI API CreateDXGIFactory detected 1
05.06.2019 11:31:38.401 [00002114] --- DirectX DXGI API CreateDXGIFactory1 detected 1
05.06.2019 11:31:38.416 [00002114] --- DirectX DXGI API CreateDXGIFactory2 detected 1
05.06.2019 11:31:38.416 [00002114] --- DirectX DXGI API detected
05.06.2019 11:31:38.416 [00002114] --- DirectX D3D12 API detected hd3d12=72610000
05.06.2019 11:31:38.432 [00002114] --- DirectX D3D12 API detected 1
05.06.2019 11:31:38.432 [00002114] --- hookOpenGL
05.06.2019 11:31:38.573 [00002114] --- OpenGL API detected
05.06.2019 11:34:53.594 [00002114] --- PROCESS DETACH
