04.06.2019 13:56:05.005 [000007c8] --- App --- Immersive Display PRO v3.0.5 (01.01.2019)
04.06.2019 13:56:05.005 [000007c8] --- OS 6:2 Microsoft Windows 8 Professional (build 9200), 64-bit 7(0) 8(1) 8.1(0) 10(0)
04.06.2019 13:56:05.005 [000007c8] --- Process64 C:\boch-wall\UnityCrashHandler64.exe
04.06.2019 13:56:05.005 [000007c8] --- CmdLine ["C:\boch-wall\UnityCrashHandler64.exe" "8216" "2529749241856" ]
04.06.2019 13:56:05.005 [000007c8] --- Enumerating displays ...
04.06.2019 13:56:05.005 [000007c8] --- Device N[\\.\DISPLAY1] S[Radeon RX 580 Series] M[Generic PnP Monitor] F[desktop primary ]
04.06.2019 13:56:05.006 [000007c8] --- Device N[\\.\DISPLAY2] S[Radeon RX 580 Series] M[] F[]
04.06.2019 13:56:05.007 [000007c8] --- Device N[\\.\DISPLAY3] S[Radeon RX 580 Series] M[] F[]
04.06.2019 13:56:05.007 [000007c8] --- Device N[\\.\DISPLAY4] S[Radeon RX 580 Series] M[] F[]
04.06.2019 13:56:05.008 [000007c8] --- Device N[\\.\DISPLAY5] S[Radeon RX 580 Series] M[] F[]
04.06.2019 13:56:05.008 [000007c8] --- Device N[\\.\DISPLAY6] S[Radeon RX 580 Series] M[] F[]
04.06.2019 13:56:05.009 [000007c8] --- Device N[\\.\DISPLAY7] S[Radeon RX 580 Series] M[] F[]
04.06.2019 13:56:05.009 [000007c8] --- Device N[\\.\DISPLAY8] S[Radeon RX 580 Series] M[] F[]
04.06.2019 13:56:05.010 [000007c8] --- SM_CMONITORS         = 1
04.06.2019 13:56:05.010 [000007c8] --- SM_SAMEDISPLAYFORMAT = 1
04.06.2019 13:56:05.010 [000007c8] --- SM_XVIRTUALSCREEN    = 0
04.06.2019 13:56:05.010 [000007c8] --- SM_YVIRTUALSCREEN    = 0
04.06.2019 13:56:05.010 [000007c8] --- SM_CXVIRTUALSCREEN   = 3840
04.06.2019 13:56:05.010 [000007c8] --- SM_CYVIRTUALSCREEN   = 1200
04.06.2019 13:56:05.010 [000007c8] --- SM_CXCURSOR          = 32
04.06.2019 13:56:05.012 [000007c8] --- [\\.\DISPLAY1] [Radeon RX 580 Series] [MONITOR\ADVEF2D\{4d36e96e-e325-11ce-bfc1-08002be10318}\0013] [Generic PnP Monitor]
04.06.2019 13:56:05.012 [000007c8] --- Enumerated 1 displays
04.06.2019 13:56:05.012 [000007c8] --- Displays initialized
04.06.2019 13:56:05.012 [000007c8] --- Displays[0] M[00010001] HDC[640110d1] GDC[99010609] L=0 T=0 R=3840 B=1200 RECT[0,0 3840x1200] N[\\.\DISPLAY1] M[Generic PnP Monitor] F[1] PROJ[2x1] MAPS[2]
04.06.2019 13:56:05.013 [000007c8] ---    Grouping G[0] N[0] GD[]
04.06.2019 13:56:05.013 [000007c8] --- ---
04.06.2019 13:56:05.013 [000007c8] --- hookD3D9
04.06.2019 13:56:05.013 [000007c8] --- DirectX9 dll=56cb0000
04.06.2019 13:56:05.062 [000007c8] --- DirectX9 API detected
04.06.2019 13:56:05.062 [000007c8] --- DirectX9Ex API detected
04.06.2019 13:56:05.062 [000007c8] --- i1: InterfaceProc1
04.06.2019 13:56:05.062 [000007c8] --- interfaceFunc1 [\\.\DISPLAY1] totalMaps=2
04.06.2019 13:56:05.063 [000007c8] --- DXGI dll=7ce30000
04.06.2019 13:56:05.087 [000007c8] --- DirectX DXGI API CreateDXGIFactory detected 1
04.06.2019 13:56:05.111 [000007c8] --- DirectX DXGI API CreateDXGIFactory1 detected 1
04.06.2019 13:56:05.136 [000007c8] --- DirectX DXGI API CreateDXGIFactory2 detected 1
04.06.2019 13:56:05.136 [000007c8] --- DirectX DXGI API detected
04.06.2019 13:56:05.136 [000007c8] --- DirectX D3D12 API detected hd3d12=75c40000
04.06.2019 13:56:05.160 [000007c8] --- DirectX D3D12 API detected 1
04.06.2019 13:56:05.160 [000007c8] --- hookOpenGL
04.06.2019 13:56:05.348 [000007c8] --- OpenGL API detected
04.06.2019 13:56:05.399 [000007c8] --- PROCESS DETACH
