05.06.2019 10:35:22.512 [00000718] ??? OSM handle == NULL error=2
05.06.2019 10:35:22.512 [00000718] ^^^ SC trying session1
--- [2]
05.06.2019 10:35:22.512 [00000718] --- App --- Immersive Display PRO v3.0.5 (01.01.2019)
05.06.2019 10:35:22.512 [00000718] --- OS 6:2 Microsoft Windows 8 Professional (build 9200), 64-bit 7(0) 8(1) 8.1(0) 10(0)
05.06.2019 10:35:22.512 [00000718] --- Process32 C:\Program Files (x86)\Google\Update\GoogleUpdate.exe
05.06.2019 10:35:22.512 [00000718] --- CmdLine ["C:\Program Files (x86)\Google\Update\GoogleUpdate.exe" /ua /installsource scheduler]
05.06.2019 10:35:22.512 [00000718] --- Enumerating displays ...
05.06.2019 10:35:22.512 [00000718] --- SM_CMONITORS         = 1
05.06.2019 10:35:22.512 [00000718] --- SM_SAMEDISPLAYFORMAT = 1
05.06.2019 10:35:22.512 [00000718] --- SM_XVIRTUALSCREEN    = 0
05.06.2019 10:35:22.512 [00000718] --- SM_YVIRTUALSCREEN    = 0
05.06.2019 10:35:22.512 [00000718] --- SM_CXVIRTUALSCREEN   = 1024
05.06.2019 10:35:22.512 [00000718] --- SM_CYVIRTUALSCREEN   = 768
05.06.2019 10:35:22.513 [00000718] --- SM_CXCURSOR          = 32
05.06.2019 10:35:22.513 [00000718] ??? No displays enumerated. Retry later
05.06.2019 10:35:22.513 [00000718] --- hookD3D9
05.06.2019 10:35:22.514 [00000718] --- DirectX9 dll=717f0000
05.06.2019 10:35:22.540 [00000718] --- DirectX9 API detected
05.06.2019 10:35:22.541 [00000718] --- DirectX9Ex API detected
05.06.2019 10:35:22.541 [00000718] --- i1: InterfaceProc1
05.06.2019 10:35:22.541 [00000718] --- DXGI dll=72790000
05.06.2019 10:35:22.554 [00000718] --- DirectX DXGI API CreateDXGIFactory detected 1
05.06.2019 10:35:22.567 [00000718] --- DirectX DXGI API CreateDXGIFactory1 detected 1
05.06.2019 10:35:22.581 [00000718] --- DirectX DXGI API CreateDXGIFactory2 detected 1
05.06.2019 10:35:22.581 [00000718] --- DirectX DXGI API detected
05.06.2019 10:35:22.581 [00000718] --- DirectX D3D12 API detected hd3d12=72590000
05.06.2019 10:35:22.594 [00000718] --- DirectX D3D12 API detected 1
05.06.2019 10:35:22.594 [00000718] --- hookOpenGL
05.06.2019 10:35:22.700 [00000718] --- OpenGL API detected
05.06.2019 10:35:31.551 [00000718] --- PROCESS DETACH
