05.06.2019 11:57:47.474 [000028c4] --- App --- Immersive Display PRO v3.0.5 (01.01.2019)
05.06.2019 11:57:47.474 [000028c4] --- OS 6:2 Microsoft Windows 8 Professional (build 9200), 64-bit 7(0) 8(1) 8.1(0) 10(0)
05.06.2019 11:57:47.474 [000028c4] --- Process64 C:\Users\own\scoop\apps\git\2.21.0.windows.1\mingw64\libexec\git-core\git-credential-manager.exe
05.06.2019 11:57:47.474 [000028c4] --- CmdLine [git-credential-manager get]
05.06.2019 11:57:47.474 [000028c4] --- Enumerating displays ...
05.06.2019 11:57:47.475 [000028c4] --- Device N[\\.\DISPLAY1] S[Radeon RX 580 Series] M[Generic PnP Monitor] F[desktop primary ]
05.06.2019 11:57:47.476 [000028c4] --- Device N[\\.\DISPLAY2] S[Radeon RX 580 Series] M[] F[]
05.06.2019 11:57:47.476 [000028c4] --- Device N[\\.\DISPLAY3] S[Radeon RX 580 Series] M[] F[]
05.06.2019 11:57:47.477 [000028c4] --- Device N[\\.\DISPLAY4] S[Radeon RX 580 Series] M[] F[]
05.06.2019 11:57:47.477 [000028c4] --- Device N[\\.\DISPLAY5] S[Radeon RX 580 Series] M[] F[]
05.06.2019 11:57:47.478 [000028c4] --- Device N[\\.\DISPLAY6] S[Radeon RX 580 Series] M[] F[]
05.06.2019 11:57:47.478 [000028c4] --- Device N[\\.\DISPLAY7] S[Radeon RX 580 Series] M[] F[]
05.06.2019 11:57:47.479 [000028c4] --- Device N[\\.\DISPLAY8] S[Radeon RX 580 Series] M[] F[]
05.06.2019 11:57:47.479 [000028c4] --- SM_CMONITORS         = 1
05.06.2019 11:57:47.479 [000028c4] --- SM_SAMEDISPLAYFORMAT = 1
05.06.2019 11:57:47.479 [000028c4] --- SM_XVIRTUALSCREEN    = 0
05.06.2019 11:57:47.479 [000028c4] --- SM_YVIRTUALSCREEN    = 0
05.06.2019 11:57:47.479 [000028c4] --- SM_CXVIRTUALSCREEN   = 3840
05.06.2019 11:57:47.479 [000028c4] --- SM_CYVIRTUALSCREEN   = 1200
05.06.2019 11:57:47.479 [000028c4] --- SM_CXCURSOR          = 32
05.06.2019 11:57:47.482 [000028c4] --- [\\.\DISPLAY1] [Radeon RX 580 Series] [MONITOR\ADVEF2D\{4d36e96e-e325-11ce-bfc1-08002be10318}\0017] [Generic PnP Monitor]
05.06.2019 11:57:47.482 [000028c4] --- Enumerated 1 displays
05.06.2019 11:57:47.482 [000028c4] --- Displays initialized
05.06.2019 11:57:47.482 [000028c4] --- Displays[0] M[00010001] HDC[c3010dd0] GDC[4c010d81] L=0 T=0 R=3840 B=1200 RECT[0,0 3840x1200] N[\\.\DISPLAY1] M[Generic PnP Monitor] F[1] PROJ[2x1] MAPS[2]
05.06.2019 11:57:47.482 [000028c4] ---    Grouping G[0] N[0] GD[]
05.06.2019 11:57:47.482 [000028c4] --- ---
05.06.2019 11:57:47.482 [000028c4] --- hookD3D9
05.06.2019 11:57:47.483 [000028c4] --- DirectX9 dll=670a0000
05.06.2019 11:57:47.546 [000028c4] --- DirectX9 API detected
05.06.2019 11:57:47.546 [000028c4] --- DirectX9Ex API detected
05.06.2019 11:57:47.546 [000028c4] --- i1: InterfaceProc1
05.06.2019 11:57:47.546 [000028c4] --- interfaceFunc1 [\\.\DISPLAY1] totalMaps=2
05.06.2019 11:57:47.546 [000028c4] --- DXGI dll=95b60000
05.06.2019 11:57:47.575 [000028c4] --- DirectX DXGI API CreateDXGIFactory detected 1
05.06.2019 11:57:47.605 [000028c4] --- DirectX DXGI API CreateDXGIFactory1 detected 1
05.06.2019 11:57:47.633 [000028c4] --- DirectX DXGI API CreateDXGIFactory2 detected 1
05.06.2019 11:57:47.633 [000028c4] --- DirectX DXGI API detected
05.06.2019 11:57:47.634 [000028c4] --- DirectX D3D12 API detected hd3d12=8f360000
05.06.2019 11:57:47.679 [000028c4] --- DirectX D3D12 API detected 1
05.06.2019 11:57:47.679 [000028c4] --- hookOpenGL
05.06.2019 11:57:47.886 [000028c4] --- OpenGL API detected
05.06.2019 11:57:48.072 [00002b54] --- Direct3DCreate9Ex 0x00000020
05.06.2019 11:57:48.131 [00002b54] --- Direct3D9Ex createDeviceEx[996320a0] Adapter=0 DeviceType=1 hFocusWindow=00020670 BehaviorFlags=10002456 BackBufferWidth=1 BackBufferHeight=1 BackBufferFormat=22 BackBufferCount=1 MultiSampleType=0 MultiSampleQuality=0 SwapEffect=3 hDeviceWindow=00020670 Windowed=1 EnableAutoDepthStencil=0 AutoDepthStencilFormat=00000000 Flags=00000000 FullScreen_RefreshRateInHz=0 PresentationInterval=-2147483648
05.06.2019 11:57:48.158 [00002b54] --- Direct3D9Ex createDeviceEx[996320a0] disabledDX9=0
05.06.2019 11:57:48.158 [00002b54] --- Direct3DDevice9Ex [99690dd0] hFocusWindow=00020670
05.06.2019 11:57:48.158 [00002b54] --- WWW H[00020670] C[HwndWrapper[git-credential-manager.exe;;785a05f8-5210-4bc1-9c14-cbe1a8f97b79]] W[GitHub Login] T[00002958] M[00010001] R[171,78 420x420] CR[0,0 404x381]
05.06.2019 11:57:48.158 [00002b54] --- DX9WarpContext [b53f0040]
05.06.2019 11:57:48.158 [00002b54] ------ IN=00000000
05.06.2019 11:57:48.158 [00002b54] ------ OUT=00000000
05.06.2019 11:57:48.158 [00002b54] ------ BackBufferWidth=1
05.06.2019 11:57:48.158 [00002b54] ------ BackBufferHeight=1
05.06.2019 11:57:48.158 [00002b54] ------ BackBufferFormat=22
05.06.2019 11:57:48.158 [00002b54] ------ BackBufferCount=1
05.06.2019 11:57:48.158 [00002b54] ------ MultiSampleType=0
05.06.2019 11:57:48.158 [00002b54] ------ MultiSampleQuality=0
05.06.2019 11:57:48.158 [00002b54] ------ SwapEffect=3
05.06.2019 11:57:48.158 [00002b54] ------ hDeviceWindow=00020670
05.06.2019 11:57:48.158 [00002b54] ------ Windowed=1
05.06.2019 11:57:48.158 [00002b54] ------ EnableAutoDepthStencil=0
05.06.2019 11:57:48.158 [00002b54] ------ AutoDepthStencilFormat=0
05.06.2019 11:57:48.158 [00002b54] ------ Flags=00000000
05.06.2019 11:57:48.158 [00002b54] ------ FullScreen_RefreshRateInHz=0
05.06.2019 11:57:48.158 [00002b54] ------ PresentationInterval=-2147483648
05.06.2019 11:57:48.158 [00002b54] --- preserveBackBuffer=1
05.06.2019 11:57:48.158 [00002b54] --- Direct3DDevice9Ex[99690dd0] hWindow=00020670
05.06.2019 11:57:48.158 [00002b54] --- Direct3DDevice9Ex[99690dd0] BackBufferCount 1 BackBufferFormat 0016 1x1 SwapEffect 3 [D3DSWAPEFFECT_COPY] hDeviceWindow=00020670 Windowed=1 Flags 00000000 PresentationInterval -2147483648[80000000] MultiSampleType 00000000 MultiSampleQuality 0
05.06.2019 11:57:48.159 [00002b54] --- WWW H[00020670] C[HwndWrapper[git-credential-manager.exe;;785a05f8-5210-4bc1-9c14-cbe1a8f97b79]] W[GitHub Login] T[00002958] M[00010001] R[171,78 420x420] CR[0,0 404x381]
05.06.2019 11:57:48.159 [00002b54] --- DX9WarpContext [b55d4040]
05.06.2019 11:57:48.159 [00002b54] ------ IN=00000000
05.06.2019 11:57:48.159 [00002b54] ------ OUT=00000000
05.06.2019 11:57:48.159 [00002b54] ------ BackBufferWidth=128
05.06.2019 11:57:48.159 [00002b54] ------ BackBufferHeight=128
05.06.2019 11:57:48.159 [00002b54] ------ BackBufferFormat=22
05.06.2019 11:57:48.159 [00002b54] ------ BackBufferCount=1
05.06.2019 11:57:48.159 [00002b54] ------ MultiSampleType=0
05.06.2019 11:57:48.159 [00002b54] ------ MultiSampleQuality=0
05.06.2019 11:57:48.159 [00002b54] ------ SwapEffect=3
05.06.2019 11:57:48.159 [00002b54] ------ hDeviceWindow=00020670
05.06.2019 11:57:48.159 [00002b54] ------ Windowed=1
05.06.2019 11:57:48.159 [00002b54] ------ EnableAutoDepthStencil=0
05.06.2019 11:57:48.159 [00002b54] ------ AutoDepthStencilFormat=0
05.06.2019 11:57:48.160 [00002b54] ------ Flags=00000001
05.06.2019 11:57:48.160 [00002b54] ------ FullScreen_RefreshRateInHz=0
05.06.2019 11:57:48.160 [00002b54] ------ PresentationInterval=-2147483648
05.06.2019 11:57:48.160 [00002b54] --- preserveBackBuffer=1
05.06.2019 11:57:48.162 [00002b54] --- WWW H[00020670] C[HwndWrapper[git-credential-manager.exe;;785a05f8-5210-4bc1-9c14-cbe1a8f97b79]] W[GitHub Login] T[00002958] M[00010001] R[171,78 420x420] CR[0,0 404x381]
05.06.2019 11:57:48.162 [00002b54] --- DX9WarpContext [b57b6040]
05.06.2019 11:57:48.162 [00002b54] ------ IN=00000000
05.06.2019 11:57:48.162 [00002b54] ------ OUT=00000000
05.06.2019 11:57:48.162 [00002b54] ------ BackBufferWidth=2794
05.06.2019 11:57:48.162 [00002b54] ------ BackBufferHeight=840
05.06.2019 11:57:48.162 [00002b54] ------ BackBufferFormat=22
05.06.2019 11:57:48.162 [00002b54] ------ BackBufferCount=1
05.06.2019 11:57:48.162 [00002b54] ------ MultiSampleType=0
05.06.2019 11:57:48.162 [00002b54] ------ MultiSampleQuality=0
05.06.2019 11:57:48.162 [00002b54] ------ SwapEffect=3
05.06.2019 11:57:48.162 [00002b54] ------ hDeviceWindow=00020670
05.06.2019 11:57:48.162 [00002b54] ------ Windowed=1
05.06.2019 11:57:48.162 [00002b54] ------ EnableAutoDepthStencil=0
05.06.2019 11:57:48.162 [00002b54] ------ AutoDepthStencilFormat=0
05.06.2019 11:57:48.162 [00002b54] ------ Flags=00000000
05.06.2019 11:57:48.162 [00002b54] ------ FullScreen_RefreshRateInHz=0
05.06.2019 11:57:48.162 [00002b54] ------ PresentationInterval=-2147483648
05.06.2019 11:57:48.162 [00002b54] --- preserveBackBuffer=1
05.06.2019 11:57:48.162 [00002b54] --- WWW H[00020670] C[HwndWrapper[git-credential-manager.exe;;785a05f8-5210-4bc1-9c14-cbe1a8f97b79]] W[GitHub Login] T[00002958] M[00010001] R[171,78 420x420] CR[0,0 404x381]
05.06.2019 11:57:48.163 [00002b54] --- DX9WarpContext [b5999040]
05.06.2019 11:57:48.163 [00002b54] ------ IN=00000000
05.06.2019 11:57:48.163 [00002b54] ------ OUT=00000000
05.06.2019 11:57:48.163 [00002b54] ------ BackBufferWidth=404
05.06.2019 11:57:48.163 [00002b54] ------ BackBufferHeight=381
05.06.2019 11:57:48.163 [00002b54] ------ BackBufferFormat=22
05.06.2019 11:57:48.163 [00002b54] ------ BackBufferCount=1
05.06.2019 11:57:48.163 [00002b54] ------ MultiSampleType=0
05.06.2019 11:57:48.163 [00002b54] ------ MultiSampleQuality=0
05.06.2019 11:57:48.163 [00002b54] ------ SwapEffect=3
05.06.2019 11:57:48.163 [00002b54] ------ hDeviceWindow=00020670
05.06.2019 11:57:48.163 [00002b54] ------ Windowed=1
05.06.2019 11:57:48.163 [00002b54] ------ EnableAutoDepthStencil=0
05.06.2019 11:57:48.163 [00002b54] ------ AutoDepthStencilFormat=0
05.06.2019 11:57:48.163 [00002b54] ------ Flags=00000000
05.06.2019 11:57:48.163 [00002b54] ------ FullScreen_RefreshRateInHz=0
05.06.2019 11:57:48.163 [00002b54] ------ PresentationInterval=-2147483648
05.06.2019 11:57:48.163 [00002b54] --- preserveBackBuffer=1
05.06.2019 11:57:48.222 [00002b54] --- WWW H[00020670] C[HwndWrapper[git-credential-manager.exe;;785a05f8-5210-4bc1-9c14-cbe1a8f97b79]] W[GitHub Login] T[00002958] M[00010001] R[171,78 420x420] CR[0,0 404x381]
05.06.2019 11:57:48.222 [00002b54] --- DX9WarpContext [bc873040]
05.06.2019 11:57:48.222 [00002b54] ------ IN=00000000
05.06.2019 11:57:48.222 [00002b54] ------ OUT=00000000
05.06.2019 11:57:48.222 [00002b54] ------ BackBufferWidth=128
05.06.2019 11:57:48.222 [00002b54] ------ BackBufferHeight=128
05.06.2019 11:57:48.222 [00002b54] ------ BackBufferFormat=21
05.06.2019 11:57:48.222 [00002b54] ------ BackBufferCount=1
05.06.2019 11:57:48.222 [00002b54] ------ MultiSampleType=0
05.06.2019 11:57:48.222 [00002b54] ------ MultiSampleQuality=0
05.06.2019 11:57:48.222 [00002b54] ------ SwapEffect=3
05.06.2019 11:57:48.223 [00002b54] ------ hDeviceWindow=00020670
05.06.2019 11:57:48.223 [00002b54] ------ Windowed=1
05.06.2019 11:57:48.223 [00002b54] ------ EnableAutoDepthStencil=0
05.06.2019 11:57:48.223 [00002b54] ------ AutoDepthStencilFormat=0
05.06.2019 11:57:48.223 [00002b54] ------ Flags=00000001
05.06.2019 11:57:48.223 [00002b54] ------ FullScreen_RefreshRateInHz=0
05.06.2019 11:57:48.223 [00002b54] ------ PresentationInterval=-2147483648
05.06.2019 11:57:48.223 [00002b54] --- preserveBackBuffer=1
05.06.2019 11:57:48.230 [00002b54] --- UPP[b5999040] CHANGE Projector configuration for display(0) 0x0 -> 2x1 
05.06.2019 11:57:48.230 [00002b54] --- UPP[b5999040] CHANGE WindowsWarping 1
05.06.2019 11:57:48.230 [00002b54] --- UPP[b5999040] CHANGE DesktopWarping 1
05.06.2019 11:57:48.230 [00002b54] --- UPP[b5999040] CHANGE HWND[00020670] Window rect changed 0,0 0x0 -> 171,78 420x420
05.06.2019 11:57:48.230 [00002b54] --- UPP[b5999040] CHANGE HWND[00020670] Client rect changed 0,0 0x0 -> 0,0 404x381
05.06.2019 11:57:48.230 [00002b54] --- UPP[b5999040] CHANGE HWND[00020670] Monitor changed 00000000 -> 00010001 
05.06.2019 11:57:48.230 [00002b54] --- UPP[00000000] RECREATE
05.06.2019 11:57:48.230 [00002b54] --- UPP[b5999040] SKIP (DWMRunning(1) or NOT WindowWarping(1))
05.06.2019 11:57:57.810 [000028c4] --- PROCESS DETACH
