04.06.2019 22:04:11.339 [00001080] ??? OSM handle == NULL error=2
04.06.2019 22:04:11.339 [00001080] ^^^ SC trying session1
--- [2]
04.06.2019 22:04:11.339 [00001080] --- App --- Immersive Display PRO v3.0.5 (01.01.2019)
04.06.2019 22:04:11.339 [00001080] --- OS 6:2 Microsoft Windows 8 Professional (build 9200), 64-bit 7(0) 8(1) 8.1(0) 10(0)
04.06.2019 22:04:11.339 [00001080] --- Process32 C:\Program Files\Intel\SUR\QUEENCREEK\Updater\bin\IntelSoftwareAssetManagerService.exe
04.06.2019 22:04:11.339 [00001080] --- CmdLine ["C:\Program Files\Intel\SUR\QUEENCREEK\Updater\bin\IntelSoftwareAssetManagerService.exe"]
04.06.2019 22:04:11.339 [00001080] --- Enumerating displays ...
04.06.2019 22:04:11.339 [00001080] --- SM_CMONITORS         = 1
04.06.2019 22:04:11.339 [00001080] --- SM_SAMEDISPLAYFORMAT = 1
04.06.2019 22:04:11.339 [00001080] --- SM_XVIRTUALSCREEN    = 0
04.06.2019 22:04:11.339 [00001080] --- SM_YVIRTUALSCREEN    = 0
04.06.2019 22:04:11.339 [00001080] --- SM_CXVIRTUALSCREEN   = 1024
04.06.2019 22:04:11.339 [00001080] --- SM_CYVIRTUALSCREEN   = 768
04.06.2019 22:04:11.339 [00001080] --- SM_CXCURSOR          = 32
04.06.2019 22:04:11.339 [00001080] ??? No displays enumerated. Retry later
04.06.2019 22:04:11.339 [00001080] --- hookD3D9
04.06.2019 22:04:11.340 [00001080] --- DirectX9 dll=717f0000
04.06.2019 22:04:11.377 [00001080] --- DirectX9 API detected
04.06.2019 22:04:11.377 [00001080] --- DirectX9Ex API detected
04.06.2019 22:04:11.377 [00001080] --- i1: InterfaceProc1
04.06.2019 22:04:11.378 [00001080] --- DXGI dll=72790000
04.06.2019 22:04:11.396 [00001080] --- DirectX DXGI API CreateDXGIFactory detected 1
04.06.2019 22:04:11.414 [00001080] --- DirectX DXGI API CreateDXGIFactory1 detected 1
04.06.2019 22:04:11.432 [00001080] --- DirectX DXGI API CreateDXGIFactory2 detected 1
04.06.2019 22:04:11.432 [00001080] --- DirectX DXGI API detected
04.06.2019 22:04:11.433 [00001080] --- DirectX D3D12 API detected hd3d12=72590000
04.06.2019 22:04:11.451 [00001080] --- DirectX D3D12 API detected 1
04.06.2019 22:04:11.451 [00001080] --- hookOpenGL
04.06.2019 22:04:11.608 [00001080] --- OpenGL API detected
04.06.2019 22:04:42.348 [00001080] --- PROCESS DETACH
