05.06.2019 10:43:55.139 [00002088] ??? OSM handle == NULL error=2
05.06.2019 10:43:55.139 [00002088] ^^^ SC trying session1
--- [2]
05.06.2019 10:43:55.139 [00002088] --- App --- Immersive Display PRO v3.0.5 (01.01.2019)
05.06.2019 10:43:55.139 [00002088] --- OS 6:2 Microsoft Windows 8 Professional (build 9200), 64-bit 7(0) 8(1) 8.1(0) 10(0)
05.06.2019 10:43:55.139 [00002088] --- Process32 C:\Program Files (x86)\Google\Update\1.3.34.11\GoogleCrashHandler.exe
05.06.2019 10:43:55.139 [00002088] --- CmdLine ["C:\Program Files (x86)\Google\Update\1.3.34.11\GoogleCrashHandler.exe"]
05.06.2019 10:43:55.139 [00002088] --- Enumerating displays ...
05.06.2019 10:43:55.139 [00002088] --- SM_CMONITORS         = 1
05.06.2019 10:43:55.139 [00002088] --- SM_SAMEDISPLAYFORMAT = 1
05.06.2019 10:43:55.139 [00002088] --- SM_XVIRTUALSCREEN    = 0
05.06.2019 10:43:55.139 [00002088] --- SM_YVIRTUALSCREEN    = 0
05.06.2019 10:43:55.139 [00002088] --- SM_CXVIRTUALSCREEN   = 1024
05.06.2019 10:43:55.139 [00002088] --- SM_CYVIRTUALSCREEN   = 768
05.06.2019 10:43:55.139 [00002088] --- SM_CXCURSOR          = 32
05.06.2019 10:43:55.139 [00002088] ??? No displays enumerated. Retry later
05.06.2019 10:43:55.139 [00002088] --- hookD3D9
05.06.2019 10:43:55.139 [00002088] --- DirectX9 dll=711a0000
05.06.2019 10:43:55.170 [00002088] --- DirectX9 API detected
05.06.2019 10:43:55.170 [00002088] --- DirectX9Ex API detected
05.06.2019 10:43:55.170 [00002088] --- i1: InterfaceProc1
05.06.2019 10:43:55.170 [00002088] --- DXGI dll=72140000
05.06.2019 10:43:55.202 [00002088] --- DirectX DXGI API CreateDXGIFactory detected 1
05.06.2019 10:43:55.217 [00002088] --- DirectX DXGI API CreateDXGIFactory1 detected 1
05.06.2019 10:43:55.248 [00002088] --- DirectX DXGI API CreateDXGIFactory2 detected 1
05.06.2019 10:43:55.248 [00002088] --- DirectX DXGI API detected
05.06.2019 10:43:55.248 [00002088] --- DirectX D3D12 API detected hd3d12=71f40000
05.06.2019 10:43:55.264 [00002088] --- DirectX D3D12 API detected 1
05.06.2019 10:43:55.264 [00002088] --- hookOpenGL
05.06.2019 10:43:55.436 [00002088] --- OpenGL API detected
05.06.2019 10:43:55.514 [00002088] --- PROCESS DETACH
