04.06.2019 21:32:03.443 [00001e5c] --- App --- Immersive Display PRO v3.0.5 (01.01.2019)
04.06.2019 21:32:03.443 [00001e5c] --- OS 6:2 Microsoft Windows 8 Professional (build 9200), 64-bit 7(0) 8(1) 8.1(0) 10(0)
04.06.2019 21:32:03.443 [00001e5c] --- Process64 C:\WINDOWS\system32\dwm.exe
04.06.2019 21:32:03.443 [00001e5c] --- CmdLine ["dwm.exe"]
04.06.2019 21:32:03.443 [00001e5c] --- Enumerating displays ...
04.06.2019 21:32:03.443 [00001e5c] --- Device N[\\.\DISPLAY1] S[Radeon RX 580 Series] M[Generic PnP Monitor] F[desktop primary ]
04.06.2019 21:32:03.458 [00001e5c] --- Device N[\\.\DISPLAY2] S[Radeon RX 580 Series] M[] F[]
04.06.2019 21:32:03.458 [00001e5c] --- Device N[\\.\DISPLAY3] S[Radeon RX 580 Series] M[] F[]
04.06.2019 21:32:03.458 [00001e5c] --- Device N[\\.\DISPLAY4] S[Radeon RX 580 Series] M[] F[]
04.06.2019 21:32:03.458 [00001e5c] --- Device N[\\.\DISPLAY5] S[Radeon RX 580 Series] M[] F[]
04.06.2019 21:32:03.458 [00001e5c] --- Device N[\\.\DISPLAY6] S[Radeon RX 580 Series] M[] F[]
04.06.2019 21:32:03.458 [00001e5c] --- Device N[\\.\DISPLAY7] S[Radeon RX 580 Series] M[] F[]
04.06.2019 21:32:03.458 [00001e5c] --- Device N[\\.\DISPLAY8] S[Radeon RX 580 Series] M[] F[]
04.06.2019 21:32:03.458 [00001e5c] --- SM_CMONITORS         = 1
04.06.2019 21:32:03.458 [00001e5c] --- SM_SAMEDISPLAYFORMAT = 1
04.06.2019 21:32:03.458 [00001e5c] --- SM_XVIRTUALSCREEN    = 0
04.06.2019 21:32:03.458 [00001e5c] --- SM_YVIRTUALSCREEN    = 0
04.06.2019 21:32:03.458 [00001e5c] --- SM_CXVIRTUALSCREEN   = 3840
04.06.2019 21:32:03.458 [00001e5c] --- SM_CYVIRTUALSCREEN   = 1200
04.06.2019 21:32:03.458 [00001e5c] --- SM_CXCURSOR          = 32
04.06.2019 21:32:03.458 [00001e5c] ??? No displays enumerated. Retry later
04.06.2019 21:32:03.458 [00001e5c] --- hookD3D9
04.06.2019 21:32:03.458 [00001e5c] --- DirectX9 dll=5a010000
04.06.2019 21:32:03.505 [00001e5c] --- DirectX9 API detected
04.06.2019 21:32:03.505 [00001e5c] --- DirectX9Ex API detected
04.06.2019 21:32:03.505 [00001e5c] --- i1: InterfaceProc1
04.06.2019 21:32:03.505 [00001e5c] --- DXGI dll=84710000
04.06.2019 21:32:03.536 [00001e5c] --- DirectX DXGI API CreateDXGIFactory detected 1
04.06.2019 21:32:03.552 [00001e5c] --- DirectX DXGI API CreateDXGIFactory1 detected 1
04.06.2019 21:32:03.583 [00001e5c] --- DirectX DXGI API CreateDXGIFactory2 detected 1
04.06.2019 21:32:03.583 [00001e5c] --- DirectX DXGI API detected
04.06.2019 21:32:03.599 [00001e5c] --- DirectX D3D11 API detected 1
04.06.2019 21:32:03.599 [00001e5c] --- DirectX D3D12 API detected hd3d12=7de80000
04.06.2019 21:32:03.630 [00001e5c] --- DirectX D3D12 API detected 1
04.06.2019 21:32:03.630 [00001e5c] --- hookOpenGL
04.06.2019 21:32:03.802 [00001e5c] --- OpenGL API detected
04.06.2019 21:32:03.911 [00001edc] --- D3D11CreateDevice ADAPTER NULL
04.06.2019 21:32:03.927 [00001ee4] --- D3D11CreateDevice ADAPTER Description=Radeon RX 580 Series
04.06.2019 21:32:03.927 [00001ee4] --- Device FeatureLevels[0]=0000a100
04.06.2019 21:32:03.942 [00001edc] --- Device FeatureLevel -> 0000b000
04.06.2019 21:32:03.942 [00001ee4] --- D3D11CreateDevice ADAPTER Description=Radeon RX 580 Series
04.06.2019 21:32:03.942 [00001ee4] --- Device FeatureLevels[0]=0000c100
04.06.2019 21:32:03.942 [00001ee4] --- Device FeatureLevels[1]=0000c000
04.06.2019 21:32:03.942 [00001ee4] --- Device FeatureLevels[2]=0000b100
04.06.2019 21:32:03.942 [00001ee4] --- Device FeatureLevels[3]=0000b000
04.06.2019 21:32:03.942 [00001ee4] --- Device FeatureLevels[4]=0000a100
04.06.2019 21:32:03.942 [00001ee4] --- Device FeatureLevels[5]=0000a000
04.06.2019 21:32:03.942 [00001ee4] --- Device FeatureLevels[6]=00009300
04.06.2019 21:32:03.942 [00001ee4] --- Device FeatureLevels[7]=00009200
04.06.2019 21:32:03.942 [00001ee4] --- Device FeatureLevels[8]=00009100
04.06.2019 21:32:03.942 [00001ee4] --- Device FeatureLevel -> 0000c000
04.06.2019 21:32:04.130 [00001ee4] --- Win10SC_[01] Created
04.06.2019 21:32:04.130 [00001ee4] --- [\\.\DISPLAY1] [Radeon RX 580 Series] [MONITOR\ADVEF2D\{4d36e96e-e325-11ce-bfc1-08002be10318}\0017] [Generic PnP Monitor]
04.06.2019 21:32:04.130 [00001ee4] --- shim Winmm hLib=83b20000
04.06.2019 21:32:04.130 [00001ee4] --- shim Winmm 83b26050, 83b25f10, 83b21060, 83b21040
04.06.2019 21:32:04.134 [00001ee4] --- WarpContext a07bb040 Output=9474e060 DeviceName=\\.\DISPLAY1 DesktopCoordinates(0,0 3840x1200) AttachedToDesktop=1 Rotation=1 (0)
04.06.2019 21:32:04.134 [00001ee4] --- WarpContext a07bb040 count 1
04.06.2019 21:32:04.134 [00001ee4] --- GMOC[94f08588] DONE
04.06.2019 21:32:04.134 [00001ee4] --- WarpContext[a07bb040] Monitor=00010001
04.06.2019 21:32:04.134 [00001ee4] --- D3DXWrapper trying d3dx11_43.dll
04.06.2019 21:32:04.136 [00001ee4] --- D3DXWrapper d3dx11_43.dll loaded
04.06.2019 21:32:04.136 [00001ee4] --- WarpContext[a07bb040] D3DCompiler_47.DLL loaded directly
04.06.2019 21:32:04.136 [00001ee4] --- SCISSORS 1
04.06.2019 21:32:04.136 [00001ee4] --- ANISOTROPIC 4
04.06.2019 21:32:04.417 [00001ee4] --- WarpContext a07bb040 T(3840x1200) O(3840x1200) enableRotation=0 rotateDegrees=0
04.06.2019 21:32:04.449 [00001ee4] --- WarpContext[a07bb040] CreateAllWarpingResources S=1 R=85 Warping=1
04.06.2019 21:32:04.449 [00001ee4] --- Cursor warping SSC=86d948e0
04.06.2019 21:32:04.450 [00001ee4] ### Cursor clear cache CC[0]
04.06.2019 21:32:04.450 [00001ee4] ### Present[a07bb040] S
04.06.2019 21:32:04.450 [00001ee4] ### Present[a07bb040] uSOPSAS
04.06.2019 21:32:04.450 [00001ee4] ### Present[a07bb040] uSNPSAS
04.06.2019 21:32:04.450 [00001ee4] ### Present[a07bb040] CR
04.06.2019 21:32:04.450 [00001ee4] ### Present[a07bb040] OMSRT
04.06.2019 21:32:04.451 [00001ee4] ### Present[a07bb040] uDC
04.06.2019 21:32:04.451 [00001ee4] ### Present[a07bb040] OMSRT
04.06.2019 21:32:04.454 [00001ee4] ### Present[a07bb040] uRBT
04.06.2019 21:32:04.454 [00001ee4] ### Present[a07bb040] OMSRT
04.06.2019 21:32:04.455 [00001ee4] ### Present[a07bb040] uDG
04.06.2019 21:32:04.455 [00001ee4] ### Present[a07bb040] uROPSAS
04.06.2019 21:32:04.455 [00001ee4] ### Present[a07bb040] E
04.06.2019 21:32:53.428 [00001ee4] --- GMOC[94f08588] DONE
