04.06.2019 15:33:56.253 [000011c8] ??? OSM handle == NULL error=2
04.06.2019 15:33:56.253 [000011c8] ^^^ SC trying session1
--- [2]
04.06.2019 15:33:56.254 [000011c8] --- App --- Immersive Display PRO v3.0.5 (01.01.2019)
04.06.2019 15:33:56.254 [000011c8] --- OS 6:2 Microsoft Windows 8 Professional (build 9200), 64-bit 7(0) 8(1) 8.1(0) 10(0)
04.06.2019 15:33:56.254 [000011c8] --- Process32 C:\Program Files (x86)\Google\Update\GoogleUpdate.exe
04.06.2019 15:33:56.254 [000011c8] --- CmdLine ["C:\Program Files (x86)\Google\Update\GoogleUpdate.exe" /svc]
04.06.2019 15:33:56.254 [000011c8] --- Enumerating displays ...
04.06.2019 15:33:56.254 [000011c8] --- SM_CMONITORS         = 1
04.06.2019 15:33:56.254 [000011c8] --- SM_SAMEDISPLAYFORMAT = 1
04.06.2019 15:33:56.254 [000011c8] --- SM_XVIRTUALSCREEN    = 0
04.06.2019 15:33:56.254 [000011c8] --- SM_YVIRTUALSCREEN    = 0
04.06.2019 15:33:56.254 [000011c8] --- SM_CXVIRTUALSCREEN   = 1024
04.06.2019 15:33:56.254 [000011c8] --- SM_CYVIRTUALSCREEN   = 768
04.06.2019 15:33:56.254 [000011c8] --- SM_CXCURSOR          = 32
04.06.2019 15:33:56.254 [000011c8] ??? No displays enumerated. Retry later
04.06.2019 15:33:56.254 [000011c8] --- hookD3D9
04.06.2019 15:33:56.255 [000011c8] --- DirectX9 dll=70630000
04.06.2019 15:33:56.294 [000011c8] --- DirectX9 API detected
04.06.2019 15:33:56.294 [000011c8] --- DirectX9Ex API detected
04.06.2019 15:33:56.294 [000011c8] --- i1: InterfaceProc1
04.06.2019 15:33:56.295 [000011c8] --- DXGI dll=71b80000
04.06.2019 15:33:56.314 [000011c8] --- DirectX DXGI API CreateDXGIFactory detected 1
04.06.2019 15:33:56.334 [000011c8] --- DirectX DXGI API CreateDXGIFactory1 detected 1
04.06.2019 15:33:56.353 [000011c8] --- DirectX DXGI API CreateDXGIFactory2 detected 1
04.06.2019 15:33:56.354 [000011c8] --- DirectX DXGI API detected
04.06.2019 15:33:56.354 [000011c8] --- DirectX D3D12 API detected hd3d12=02810000
04.06.2019 15:33:56.381 [000011c8] --- DirectX D3D12 API detected 1
04.06.2019 15:33:56.381 [000011c8] --- hookOpenGL
04.06.2019 15:33:56.537 [000011c8] --- OpenGL API detected
04.06.2019 15:33:56.627 [000011c8] --- PROCESS DETACH
