04.06.2019 21:47:06.784 [000001fc] ??? OSM handle == NULL error=2
04.06.2019 21:47:06.784 [000001fc] ^^^ SC trying session1
04.06.2019 21:47:06.784 [000001fc] ??? OSM handle == NULL error=2
04.06.2019 21:47:06.784 [000001fc] ^^^ SC trying session2
04.06.2019 21:47:06.784 [000001fc] ??? OSM handle == NULL error=3
04.06.2019 21:47:06.784 [000001fc] --- DXGI dll=6a890000
04.06.2019 21:47:06.784 [000001fc] --- DirectX DXGI API CreateDXGIFactory detected 1
04.06.2019 21:47:06.800 [000001fc] --- DirectX DXGI API CreateDXGIFactory1 detected 1
04.06.2019 21:47:06.800 [000001fc] --- DirectX DXGI API CreateDXGIFactory2 detected 1
04.06.2019 21:47:06.800 [000001fc] --- DirectX DXGI API detected
04.06.2019 21:47:06.815 [000001fc] --- DirectX D3D11 API detected 1
04.06.2019 21:47:06.815 [000001fc] --- DirectX D3D12 API detected hd3d12=63e60000
04.06.2019 21:47:06.815 [000001fc] --- DirectX D3D12 API detected 1
04.06.2019 21:47:06.815 [000001fc] ??? OSM handle == NULL error=2
04.06.2019 21:47:06.815 [000001fc] ^^^ SC trying session1
04.06.2019 21:47:06.815 [000001fc] ??? OSM handle == NULL error=2
04.06.2019 21:47:06.815 [000001fc] ^^^ SC trying session2
04.06.2019 21:47:06.815 [000001fc] ??? OSM handle == NULL error=3
04.06.2019 21:47:06.815 [000001fc] ??? OSM handle == NULL error=2
04.06.2019 21:47:06.815 [000001fc] ^^^ SC trying session1
04.06.2019 21:47:06.815 [000001fc] ??? OSM handle == NULL error=2
04.06.2019 21:47:06.815 [000001fc] ^^^ SC trying session2
04.06.2019 21:47:06.815 [000001fc] ??? OSM handle == NULL error=3
04.06.2019 21:47:06.815 [000001fc] ??? OSM handle == NULL error=2
04.06.2019 21:47:06.815 [000001fc] ^^^ SC trying session1
04.06.2019 21:47:06.815 [000001fc] ??? OSM handle == NULL error=2
04.06.2019 21:47:06.815 [000001fc] ^^^ SC trying session2
04.06.2019 21:47:06.815 [000001fc] ??? OSM handle == NULL error=3
04.06.2019 21:47:06.831 [000007d4] ??? OSM handle == NULL error=2
04.06.2019 21:47:06.831 [000007d4] ^^^ SC trying session1
04.06.2019 21:47:06.831 [000007d4] ??? OSM handle == NULL error=2
04.06.2019 21:47:06.831 [000007d4] ^^^ SC trying session2
04.06.2019 21:47:06.831 [000007d4] ??? OSM handle == NULL error=3
04.06.2019 21:47:06.878 [000007c8] --- D3D11CreateDevice ADAPTER NULL
04.06.2019 21:47:06.878 [000007c8] ??? OSM handle == NULL error=2
04.06.2019 21:47:06.878 [000007c8] ^^^ SC trying session1
04.06.2019 21:47:06.878 [000007c8] ??? OSM handle == NULL error=2
04.06.2019 21:47:06.878 [000007c8] ^^^ SC trying session2
04.06.2019 21:47:06.878 [000007c8] ??? OSM handle == NULL error=3
04.06.2019 21:47:06.971 [000007c8] --- Device FeatureLevel -> 0000b000
04.06.2019 21:47:06.971 [000007c8] ??? OSM handle == NULL error=2
04.06.2019 21:47:06.971 [000007c8] ^^^ SC trying session1
04.06.2019 21:47:06.971 [000007c8] ??? OSM handle == NULL error=2
04.06.2019 21:47:06.971 [000007c8] ^^^ SC trying session2
04.06.2019 21:47:06.971 [000007c8] ??? OSM handle == NULL error=3
04.06.2019 21:47:06.987 [000007d4] --- D3D11CreateDevice ADAPTER Description=Radeon RX 580 Series
04.06.2019 21:47:06.987 [000007d4] --- Device FeatureLevels[0]=0000a100
04.06.2019 21:47:06.987 [000007d4] --- D3D11CreateDevice ADAPTER Description=Radeon RX 580 Series
04.06.2019 21:47:06.987 [000007d4] --- Device FeatureLevels[0]=0000c100
04.06.2019 21:47:06.987 [000007d4] --- Device FeatureLevels[1]=0000c000
04.06.2019 21:47:06.987 [000007d4] --- Device FeatureLevels[2]=0000b100
04.06.2019 21:47:06.987 [000007d4] --- Device FeatureLevels[3]=0000b000
04.06.2019 21:47:06.987 [000007d4] --- Device FeatureLevels[4]=0000a100
04.06.2019 21:47:06.987 [000007d4] --- Device FeatureLevels[5]=0000a000
04.06.2019 21:47:06.987 [000007d4] --- Device FeatureLevels[6]=00009300
04.06.2019 21:47:06.987 [000007d4] --- Device FeatureLevels[7]=00009200
04.06.2019 21:47:06.987 [000007d4] --- Device FeatureLevels[8]=00009100
04.06.2019 21:47:06.987 [000007d4] --- Device FeatureLevel -> 0000c000
04.06.2019 21:47:09.658 [000007d4] ??? OSM handle == NULL error=2
04.06.2019 21:47:09.658 [000007d4] ^^^ SC trying session1
04.06.2019 21:47:09.658 [000007d4] ??? OSM handle == NULL error=2
04.06.2019 21:47:09.658 [000007d4] ^^^ SC trying session2
04.06.2019 21:47:09.658 [000007d4] ??? OSM handle == NULL error=3
04.06.2019 21:47:11.174 [000007d4] ??? OSM handle == NULL error=2
04.06.2019 21:47:11.174 [000007d4] ^^^ SC trying session1
04.06.2019 21:47:11.174 [000007d4] ??? OSM handle == NULL error=2
04.06.2019 21:47:11.174 [000007d4] ^^^ SC trying session2
04.06.2019 21:47:11.174 [000007d4] ??? OSM handle == NULL error=3
04.06.2019 21:47:11.845 [000007c8] ??? OSM handle == NULL error=2
04.06.2019 21:47:11.845 [000007c8] ^^^ SC trying session1
04.06.2019 21:47:11.845 [000007c8] ??? OSM handle == NULL error=2
04.06.2019 21:47:11.845 [000007c8] ^^^ SC trying session2
04.06.2019 21:47:11.845 [000007c8] ??? OSM handle == NULL error=3
04.06.2019 21:47:12.033 [000007c8] ??? OSM handle == NULL error=2
04.06.2019 21:47:12.033 [000007c8] ^^^ SC trying session1
04.06.2019 21:47:12.033 [000007c8] ??? OSM handle == NULL error=2
04.06.2019 21:47:12.033 [000007c8] ^^^ SC trying session2
04.06.2019 21:47:12.033 [000007c8] ??? OSM handle == NULL error=3
--- [78]
04.06.2019 21:47:32.139 [000007d4] --- App --- Immersive Display PRO v3.0.5 (01.01.2019)
04.06.2019 21:47:32.139 [000007d4] --- OS 6:2 Microsoft Windows 8 Professional (build 9200), 64-bit 7(0) 8(1) 8.1(0) 10(0)
04.06.2019 21:47:32.139 [000007d4] --- Process64 C:\WINDOWS\system32\dwm.exe
04.06.2019 21:47:32.139 [000007d4] --- CmdLine ["dwm.exe"]
04.06.2019 21:47:32.139 [000007d4] --- Enumerating displays ...
04.06.2019 21:47:32.139 [000007d4] --- Device N[\\.\DISPLAY1] S[Radeon RX 580 Series] M[Generic PnP Monitor] F[desktop primary ]
04.06.2019 21:47:32.139 [000007d4] --- Device N[\\.\DISPLAY2] S[Radeon RX 580 Series] M[] F[]
04.06.2019 21:47:32.155 [000007d4] --- Device N[\\.\DISPLAY3] S[Radeon RX 580 Series] M[] F[]
04.06.2019 21:47:32.155 [000007d4] --- Device N[\\.\DISPLAY4] S[Radeon RX 580 Series] M[] F[]
04.06.2019 21:47:32.155 [000007d4] --- Device N[\\.\DISPLAY5] S[Radeon RX 580 Series] M[] F[]
04.06.2019 21:47:32.155 [000007d4] --- Device N[\\.\DISPLAY6] S[Radeon RX 580 Series] M[] F[]
04.06.2019 21:47:32.155 [000007d4] --- Device N[\\.\DISPLAY7] S[Radeon RX 580 Series] M[] F[]
04.06.2019 21:47:32.155 [000007d4] --- Device N[\\.\DISPLAY8] S[Radeon RX 580 Series] M[] F[]
04.06.2019 21:47:32.155 [000007d4] --- SM_CMONITORS         = 1
04.06.2019 21:47:32.155 [000007d4] --- SM_SAMEDISPLAYFORMAT = 1
04.06.2019 21:47:32.155 [000007d4] --- SM_XVIRTUALSCREEN    = 0
04.06.2019 21:47:32.155 [000007d4] --- SM_YVIRTUALSCREEN    = 0
04.06.2019 21:47:32.155 [000007d4] --- SM_CXVIRTUALSCREEN   = 3840
04.06.2019 21:47:32.155 [000007d4] --- SM_CYVIRTUALSCREEN   = 1200
04.06.2019 21:47:32.155 [000007d4] --- SM_CXCURSOR          = 32
04.06.2019 21:47:32.155 [000007d4] --- [\\.\DISPLAY1] [Radeon RX 580 Series] [MONITOR\ADVEF2D\{4d36e96e-e325-11ce-bfc1-08002be10318}\0017] [Generic PnP Monitor]
04.06.2019 21:47:32.170 [000007d4] --- Enumerated 1 displays
04.06.2019 21:47:32.170 [000007d4] --- Displays initialized
04.06.2019 21:47:32.170 [000007d4] --- Displays[0] M[00010001] HDC[5d01002d] GDC[5e010b89] L=0 T=0 R=3840 B=1200 RECT[0,0 3840x1200] N[\\.\DISPLAY1] M[Generic PnP Monitor] F[1] PROJ[0x0] MAPS[0]
04.06.2019 21:47:32.170 [000007d4] ---    Grouping G[0] N[0] GD[]
04.06.2019 21:47:32.170 [000007d4] --- ---
