04.06.2019 17:39:03.612 [00001990] ??? OSM handle == NULL error=2
04.06.2019 17:39:03.612 [00001990] ^^^ SC trying session1
--- [2]
04.06.2019 17:39:03.613 [00001990] --- App --- Immersive Display PRO v3.0.5 (01.01.2019)
04.06.2019 17:39:03.613 [00001990] --- OS 6:2 Microsoft Windows 8 Professional (build 9200), 64-bit 7(0) 8(1) 8.1(0) 10(0)
04.06.2019 17:39:03.613 [00001990] --- Process64 C:\WINDOWS\winsxs\amd64_microsoft-windows-servicingstack_31bf3856ad364e35_10.0.17763.402_none_7e502ee34cd6a6f5\TiWorker.exe
04.06.2019 17:39:03.613 [00001990] --- CmdLine [C:\WINDOWS\winsxs\amd64_microsoft-windows-servicingstack_31bf3856ad364e35_10.0.17763.402_none_7e502ee34cd6a6f5\TiWorker.exe -Embedding]
04.06.2019 17:39:03.613 [00001990] --- Enumerating displays ...
04.06.2019 17:39:03.613 [00001990] --- SM_CMONITORS         = 1
04.06.2019 17:39:03.613 [00001990] --- SM_SAMEDISPLAYFORMAT = 1
04.06.2019 17:39:03.613 [00001990] --- SM_XVIRTUALSCREEN    = 0
04.06.2019 17:39:03.613 [00001990] --- SM_YVIRTUALSCREEN    = 0
04.06.2019 17:39:03.613 [00001990] --- SM_CXVIRTUALSCREEN   = 1024
04.06.2019 17:39:03.613 [00001990] --- SM_CYVIRTUALSCREEN   = 768
04.06.2019 17:39:03.613 [00001990] --- SM_CXCURSOR          = 32
04.06.2019 17:39:03.613 [00001990] ??? No displays enumerated. Retry later
04.06.2019 17:39:03.613 [00001990] --- hookD3D9
04.06.2019 17:39:03.614 [00001990] --- DirectX9 dll=72ce0000
04.06.2019 17:39:03.640 [00001990] --- DirectX9 API detected
04.06.2019 17:39:03.640 [00001990] --- DirectX9Ex API detected
04.06.2019 17:39:03.640 [00001990] --- i1: InterfaceProc1
04.06.2019 17:39:03.640 [00001990] --- DXGI dll=a1720000
04.06.2019 17:39:03.653 [00001990] --- DirectX DXGI API CreateDXGIFactory detected 1
04.06.2019 17:39:03.666 [00001990] --- DirectX DXGI API CreateDXGIFactory1 detected 1
04.06.2019 17:39:03.680 [00001990] --- DirectX DXGI API CreateDXGIFactory2 detected 1
04.06.2019 17:39:03.680 [00001990] --- DirectX DXGI API detected
04.06.2019 17:39:03.680 [00001990] --- DirectX D3D12 API detected hd3d12=9a880000
04.06.2019 17:39:03.693 [00001990] --- DirectX D3D12 API detected 1
04.06.2019 17:39:03.693 [00001990] --- hookOpenGL
04.06.2019 17:39:03.785 [00001990] --- OpenGL API detected
04.06.2019 17:41:04.393 [00001990] --- PROCESS DETACH
