05.06.2019 03:58:12.252 [00002068] ??? OSM handle == NULL error=2
05.06.2019 03:58:12.252 [00002068] ^^^ SC trying session1
--- [2]
05.06.2019 03:58:12.252 [00002068] --- App --- Immersive Display PRO v3.0.5 (01.01.2019)
05.06.2019 03:58:12.252 [00002068] --- OS 6:2 Microsoft Windows 8 Professional (build 9200), 64-bit 7(0) 8(1) 8.1(0) 10(0)
05.06.2019 03:58:12.252 [00002068] --- Process64 C:\Program Files\Intel\SUR\QUEENCREEK\x64\task.exe
05.06.2019 03:58:12.252 [00002068] --- CmdLine ["C:\Program Files\Intel\SUR\QUEENCREEK\x64\task.exe"  ]
05.06.2019 03:58:12.252 [00002068] --- Enumerating displays ...
05.06.2019 03:58:12.252 [00002068] --- SM_CMONITORS         = 1
05.06.2019 03:58:12.252 [00002068] --- SM_SAMEDISPLAYFORMAT = 1
05.06.2019 03:58:12.252 [00002068] --- SM_XVIRTUALSCREEN    = 0
05.06.2019 03:58:12.252 [00002068] --- SM_YVIRTUALSCREEN    = 0
05.06.2019 03:58:12.252 [00002068] --- SM_CXVIRTUALSCREEN   = 1024
05.06.2019 03:58:12.252 [00002068] --- SM_CYVIRTUALSCREEN   = 768
05.06.2019 03:58:12.252 [00002068] --- SM_CXCURSOR          = 32
05.06.2019 03:58:12.252 [00002068] ??? No displays enumerated. Retry later
05.06.2019 03:58:12.252 [00002068] --- hookD3D9
05.06.2019 03:58:12.253 [00002068] --- DirectX9 dll=d6de0000
05.06.2019 03:58:12.279 [00002068] --- DirectX9 API detected
05.06.2019 03:58:12.279 [00002068] --- DirectX9Ex API detected
05.06.2019 03:58:12.279 [00002068] --- i1: InterfaceProc1
05.06.2019 03:58:12.279 [00002068] --- DXGI dll=05830000
05.06.2019 03:58:12.292 [00002068] --- DirectX DXGI API CreateDXGIFactory detected 1
05.06.2019 03:58:12.304 [00002068] --- DirectX DXGI API CreateDXGIFactory1 detected 1
05.06.2019 03:58:12.317 [00002068] --- DirectX DXGI API CreateDXGIFactory2 detected 1
05.06.2019 03:58:12.317 [00002068] --- DirectX DXGI API detected
05.06.2019 03:58:12.317 [00002068] --- DirectX D3D12 API detected hd3d12=ff080000
05.06.2019 03:58:12.330 [00002068] --- DirectX D3D12 API detected 1
05.06.2019 03:58:12.330 [00002068] --- hookOpenGL
05.06.2019 03:58:12.418 [00002068] --- OpenGL API detected
05.06.2019 03:58:12.495 [00002068] --- PROCESS DETACH
