04.06.2019 21:43:18.017 [00001f64] --- App --- Immersive Display PRO v3.0.5 (01.01.2019)
04.06.2019 21:43:18.017 [00001f64] --- OS 6:2 Microsoft Windows 8 Professional (build 9200), 64-bit 7(0) 8(1) 8.1(0) 10(0)
04.06.2019 21:43:18.017 [00001f64] --- Process64 C:\Users\own\scoop\shims\git.exe
04.06.2019 21:43:18.017 [00001f64] --- CmdLine [git  pull]
04.06.2019 21:43:18.017 [00001f64] --- Enumerating displays ...
04.06.2019 21:43:18.017 [00001f64] --- Device N[\\.\DISPLAY1] S[Radeon RX 580 Series] M[Generic PnP Monitor] F[desktop primary ]
04.06.2019 21:43:18.017 [00001f64] --- Device N[\\.\DISPLAY2] S[Radeon RX 580 Series] M[] F[]
04.06.2019 21:43:18.017 [00001f64] --- Device N[\\.\DISPLAY3] S[Radeon RX 580 Series] M[] F[]
04.06.2019 21:43:18.017 [00001f64] --- Device N[\\.\DISPLAY4] S[Radeon RX 580 Series] M[] F[]
04.06.2019 21:43:18.017 [00001f64] --- Device N[\\.\DISPLAY5] S[Radeon RX 580 Series] M[] F[]
04.06.2019 21:43:18.033 [00001f64] --- Device N[\\.\DISPLAY6] S[Radeon RX 580 Series] M[] F[]
04.06.2019 21:43:18.033 [00001f64] --- Device N[\\.\DISPLAY7] S[Radeon RX 580 Series] M[] F[]
04.06.2019 21:43:18.033 [00001f64] --- Device N[\\.\DISPLAY8] S[Radeon RX 580 Series] M[] F[]
04.06.2019 21:43:18.033 [00001f64] --- SM_CMONITORS         = 1
04.06.2019 21:43:18.033 [00001f64] --- SM_SAMEDISPLAYFORMAT = 1
04.06.2019 21:43:18.033 [00001f64] --- SM_XVIRTUALSCREEN    = 0
04.06.2019 21:43:18.033 [00001f64] --- SM_YVIRTUALSCREEN    = 0
04.06.2019 21:43:18.033 [00001f64] --- SM_CXVIRTUALSCREEN   = 1920
04.06.2019 21:43:18.033 [00001f64] --- SM_CYVIRTUALSCREEN   = 1200
04.06.2019 21:43:18.033 [00001f64] --- SM_CXCURSOR          = 32
04.06.2019 21:43:18.033 [00001f64] --- [\\.\DISPLAY1] [Radeon RX 580 Series] [MONITOR\SECA70B\{4d36e96e-e325-11ce-bfc1-08002be10318}\0016] [Generic PnP Monitor]
04.06.2019 21:43:18.033 [00001f64] --- Enumerated 1 displays
04.06.2019 21:43:18.033 [00001f64] --- Displays initialized
04.06.2019 21:43:18.033 [00001f64] --- Displays[0] M[00010001] HDC[0b010bfb] GDC[05010cbb] L=0 T=0 R=1920 B=1200 RECT[0,0 1920x1200] N[\\.\DISPLAY1] M[Generic PnP Monitor] F[1] PROJ[0x0] MAPS[0]
04.06.2019 21:43:18.033 [00001f64] ---    Grouping G[0] N[0] GD[]
04.06.2019 21:43:18.033 [00001f64] --- ---
04.06.2019 21:43:18.033 [00001f64] --- hookD3D9
04.06.2019 21:43:18.033 [00001f64] --- DirectX9 dll=55e50000
04.06.2019 21:43:18.080 [00001f64] --- DirectX9 API detected
04.06.2019 21:43:18.080 [00001f64] --- DirectX9Ex API detected
04.06.2019 21:43:18.080 [00001f64] --- i1: InterfaceProc1
04.06.2019 21:43:18.080 [00001f64] --- DXGI dll=85810000
04.06.2019 21:43:18.095 [00001f64] --- DirectX DXGI API CreateDXGIFactory detected 1
04.06.2019 21:43:18.127 [00001f64] --- DirectX DXGI API CreateDXGIFactory1 detected 1
04.06.2019 21:43:18.142 [00001f64] --- DirectX DXGI API CreateDXGIFactory2 detected 1
04.06.2019 21:43:18.142 [00001f64] --- DirectX DXGI API detected
04.06.2019 21:43:18.142 [00001f64] --- DirectX D3D12 API detected hd3d12=7ed40000
04.06.2019 21:43:18.158 [00001f64] --- DirectX D3D12 API detected 1
04.06.2019 21:43:18.158 [00001f64] --- hookOpenGL
04.06.2019 21:43:18.314 [00001f64] --- OpenGL API detected
04.06.2019 21:43:25.689 [00001f64] --- PROCESS DETACH
