05.06.2019 08:35:22.216 [00000a4c] ??? OSM handle == NULL error=2
05.06.2019 08:35:22.216 [00000a4c] ^^^ SC trying session1
--- [2]
05.06.2019 08:35:22.217 [00000a4c] --- App --- Immersive Display PRO v3.0.5 (01.01.2019)
05.06.2019 08:35:22.217 [00000a4c] --- OS 6:2 Microsoft Windows 8 Professional (build 9200), 64-bit 7(0) 8(1) 8.1(0) 10(0)
05.06.2019 08:35:22.217 [00000a4c] --- Process32 C:\Program Files (x86)\Google\Update\GoogleUpdate.exe
05.06.2019 08:35:22.217 [00000a4c] --- CmdLine ["C:\Program Files (x86)\Google\Update\GoogleUpdate.exe" /ua /installsource core]
05.06.2019 08:35:22.217 [00000a4c] --- Enumerating displays ...
05.06.2019 08:35:22.217 [00000a4c] --- SM_CMONITORS         = 1
05.06.2019 08:35:22.217 [00000a4c] --- SM_SAMEDISPLAYFORMAT = 1
05.06.2019 08:35:22.217 [00000a4c] --- SM_XVIRTUALSCREEN    = 0
05.06.2019 08:35:22.217 [00000a4c] --- SM_YVIRTUALSCREEN    = 0
05.06.2019 08:35:22.217 [00000a4c] --- SM_CXVIRTUALSCREEN   = 1024
05.06.2019 08:35:22.218 [00000a4c] --- SM_CYVIRTUALSCREEN   = 768
05.06.2019 08:35:22.218 [00000a4c] --- SM_CXCURSOR          = 32
05.06.2019 08:35:22.218 [00000a4c] ??? No displays enumerated. Retry later
05.06.2019 08:35:22.218 [00000a4c] --- hookD3D9
05.06.2019 08:35:22.219 [00000a4c] --- DirectX9 dll=717f0000
05.06.2019 08:35:22.249 [00000a4c] --- DirectX9 API detected
05.06.2019 08:35:22.249 [00000a4c] --- DirectX9Ex API detected
05.06.2019 08:35:22.249 [00000a4c] --- i1: InterfaceProc1
05.06.2019 08:35:22.250 [00000a4c] --- DXGI dll=72790000
05.06.2019 08:35:22.265 [00000a4c] --- DirectX DXGI API CreateDXGIFactory detected 1
05.06.2019 08:35:22.280 [00000a4c] --- DirectX DXGI API CreateDXGIFactory1 detected 1
05.06.2019 08:35:22.295 [00000a4c] --- DirectX DXGI API CreateDXGIFactory2 detected 1
05.06.2019 08:35:22.296 [00000a4c] --- DirectX DXGI API detected
05.06.2019 08:35:22.296 [00000a4c] --- DirectX D3D12 API detected hd3d12=72590000
05.06.2019 08:35:22.311 [00000a4c] --- DirectX D3D12 API detected 1
05.06.2019 08:35:22.311 [00000a4c] --- hookOpenGL
05.06.2019 08:35:22.429 [00000a4c] --- OpenGL API detected
05.06.2019 08:35:22.489 [00000a4c] --- PROCESS DETACH
