04.06.2019 13:46:49.087 [00002208] ??? OSM handle == NULL error=2
04.06.2019 13:46:49.087 [00002208] ^^^ SC trying session1
--- [2]
04.06.2019 13:46:49.087 [00002208] --- App --- Immersive Display PRO v3.0.5 (01.01.2019)
04.06.2019 13:46:49.087 [00002208] --- OS 6:2 Microsoft Windows 8 Professional (build 9200), 64-bit 7(0) 8(1) 8.1(0) 10(0)
04.06.2019 13:46:49.087 [00002208] --- Process32 C:\Program Files (x86)\Google\Update\1.3.34.11\GoogleCrashHandler.exe
04.06.2019 13:46:49.087 [00002208] --- CmdLine ["C:\Program Files (x86)\Google\Update\1.3.34.11\GoogleCrashHandler.exe"]
04.06.2019 13:46:49.088 [00002208] --- Enumerating displays ...
04.06.2019 13:46:49.088 [00002208] --- SM_CMONITORS         = 1
04.06.2019 13:46:49.088 [00002208] --- SM_SAMEDISPLAYFORMAT = 1
04.06.2019 13:46:49.088 [00002208] --- SM_XVIRTUALSCREEN    = 0
04.06.2019 13:46:49.088 [00002208] --- SM_YVIRTUALSCREEN    = 0
04.06.2019 13:46:49.088 [00002208] --- SM_CXVIRTUALSCREEN   = 1024
04.06.2019 13:46:49.088 [00002208] --- SM_CYVIRTUALSCREEN   = 768
04.06.2019 13:46:49.088 [00002208] --- SM_CXCURSOR          = 32
04.06.2019 13:46:49.088 [00002208] ??? No displays enumerated. Retry later
04.06.2019 13:46:49.088 [00002208] --- hookD3D9
04.06.2019 13:46:49.090 [00002208] --- DirectX9 dll=710b0000
04.06.2019 13:46:49.137 [00002208] --- DirectX9 API detected
04.06.2019 13:46:49.137 [00002208] --- DirectX9Ex API detected
04.06.2019 13:46:49.137 [00002208] --- i1: InterfaceProc1
04.06.2019 13:46:49.137 [00002208] --- DXGI dll=727a0000
04.06.2019 13:46:49.162 [00002208] --- DirectX DXGI API CreateDXGIFactory detected 1
04.06.2019 13:46:49.185 [00002208] --- DirectX DXGI API CreateDXGIFactory1 detected 1
04.06.2019 13:46:49.210 [00002208] --- DirectX DXGI API CreateDXGIFactory2 detected 1
04.06.2019 13:46:49.210 [00002208] --- DirectX DXGI API detected
04.06.2019 13:46:49.211 [00002208] --- DirectX D3D12 API detected hd3d12=72630000
04.06.2019 13:46:49.237 [00002208] --- DirectX D3D12 API detected 1
04.06.2019 13:46:49.237 [00002208] --- hookOpenGL
04.06.2019 13:46:49.422 [00002208] --- OpenGL API detected
04.06.2019 13:46:49.475 [00002208] --- PROCESS DETACH
