05.06.2019 10:44:52.519 [000022f8] ??? OSM handle == NULL error=2
05.06.2019 10:44:52.519 [000022f8] ^^^ SC trying session1
--- [2]
05.06.2019 10:44:52.519 [000022f8] --- App --- Immersive Display PRO v3.0.5 (01.01.2019)
05.06.2019 10:44:52.519 [000022f8] --- OS 6:2 Microsoft Windows 8 Professional (build 9200), 64-bit 7(0) 8(1) 8.1(0) 10(0)
05.06.2019 10:44:52.519 [000022f8] --- Process32 C:\Program Files\Intel\SUR\QUEENCREEK\Updater\bin\IntelSoftwareAssetManagerService.exe
05.06.2019 10:44:52.519 [000022f8] --- CmdLine ["C:\Program Files\Intel\SUR\QUEENCREEK\Updater\bin\IntelSoftwareAssetManagerService.exe"]
05.06.2019 10:44:52.519 [000022f8] --- Enumerating displays ...
05.06.2019 10:44:52.519 [000022f8] --- SM_CMONITORS         = 1
05.06.2019 10:44:52.519 [000022f8] --- SM_SAMEDISPLAYFORMAT = 1
05.06.2019 10:44:52.519 [000022f8] --- SM_XVIRTUALSCREEN    = 0
05.06.2019 10:44:52.519 [000022f8] --- SM_YVIRTUALSCREEN    = 0
05.06.2019 10:44:52.519 [000022f8] --- SM_CXVIRTUALSCREEN   = 1024
05.06.2019 10:44:52.519 [000022f8] --- SM_CYVIRTUALSCREEN   = 768
05.06.2019 10:44:52.519 [000022f8] --- SM_CXCURSOR          = 32
05.06.2019 10:44:52.519 [000022f8] ??? No displays enumerated. Retry later
05.06.2019 10:44:52.519 [000022f8] --- hookD3D9
05.06.2019 10:44:52.519 [000022f8] --- DirectX9 dll=711a0000
05.06.2019 10:44:52.565 [000022f8] --- DirectX9 API detected
05.06.2019 10:44:52.565 [000022f8] --- DirectX9Ex API detected
05.06.2019 10:44:52.565 [000022f8] --- i1: InterfaceProc1
05.06.2019 10:44:52.565 [000022f8] --- DXGI dll=72140000
05.06.2019 10:44:52.581 [000022f8] --- DirectX DXGI API CreateDXGIFactory detected 1
05.06.2019 10:44:52.597 [000022f8] --- DirectX DXGI API CreateDXGIFactory1 detected 1
05.06.2019 10:44:52.628 [000022f8] --- DirectX DXGI API CreateDXGIFactory2 detected 1
05.06.2019 10:44:52.628 [000022f8] --- DirectX DXGI API detected
05.06.2019 10:44:52.628 [000022f8] --- DirectX D3D12 API detected hd3d12=71f40000
05.06.2019 10:44:52.643 [000022f8] --- DirectX D3D12 API detected 1
05.06.2019 10:44:52.643 [000022f8] --- hookOpenGL
05.06.2019 10:44:52.800 [000022f8] --- OpenGL API detected
05.06.2019 10:45:23.902 [000022f8] --- PROCESS DETACH
