04.06.2019 15:33:57.106 [00002100] ??? OSM handle == NULL error=2
04.06.2019 15:33:57.106 [00002100] ^^^ SC trying session1
--- [2]
04.06.2019 15:33:57.106 [00002100] --- App --- Immersive Display PRO v3.0.5 (01.01.2019)
04.06.2019 15:33:57.106 [00002100] --- OS 6:2 Microsoft Windows 8 Professional (build 9200), 64-bit 7(0) 8(1) 8.1(0) 10(0)
04.06.2019 15:33:57.106 [00002100] --- Process64 C:\Program Files (x86)\Google\Update\1.3.34.11\GoogleCrashHandler64.exe
04.06.2019 15:33:57.106 [00002100] --- CmdLine ["C:\Program Files (x86)\Google\Update\1.3.34.11\GoogleCrashHandler64.exe"]
04.06.2019 15:33:57.106 [00002100] --- Enumerating displays ...
04.06.2019 15:33:57.106 [00002100] --- SM_CMONITORS         = 1
04.06.2019 15:33:57.107 [00002100] --- SM_SAMEDISPLAYFORMAT = 1
04.06.2019 15:33:57.107 [00002100] --- SM_XVIRTUALSCREEN    = 0
04.06.2019 15:33:57.107 [00002100] --- SM_YVIRTUALSCREEN    = 0
04.06.2019 15:33:57.107 [00002100] --- SM_CXVIRTUALSCREEN   = 1024
04.06.2019 15:33:57.107 [00002100] --- SM_CYVIRTUALSCREEN   = 768
04.06.2019 15:33:57.107 [00002100] --- SM_CXCURSOR          = 32
04.06.2019 15:33:57.107 [00002100] ??? No displays enumerated. Retry later
04.06.2019 15:33:57.107 [00002100] --- hookD3D9
04.06.2019 15:33:57.108 [00002100] --- DirectX9 dll=04650000
04.06.2019 15:33:57.152 [00002100] --- DirectX9 API detected
04.06.2019 15:33:57.152 [00002100] --- DirectX9Ex API detected
04.06.2019 15:33:57.152 [00002100] --- i1: InterfaceProc1
04.06.2019 15:33:57.153 [00002100] --- DXGI dll=29740000
04.06.2019 15:33:57.174 [00002100] --- DirectX DXGI API CreateDXGIFactory detected 1
04.06.2019 15:33:57.195 [00002100] --- DirectX DXGI API CreateDXGIFactory1 detected 1
04.06.2019 15:33:57.218 [00002100] --- DirectX DXGI API CreateDXGIFactory2 detected 1
04.06.2019 15:33:57.218 [00002100] --- DirectX DXGI API detected
04.06.2019 15:33:57.218 [00002100] --- DirectX D3D12 API detected hd3d12=22dc0000
04.06.2019 15:33:57.241 [00002100] --- DirectX D3D12 API detected 1
04.06.2019 15:33:57.266 [00002100] --- hookOpenGL
04.06.2019 15:33:57.432 [00002100] --- OpenGL API detected
04.06.2019 15:33:57.485 [00002100] --- PROCESS DETACH
