04.06.2019 21:40:14.702 [0000218c] ??? OSM handle == NULL error=2
04.06.2019 21:40:14.702 [0000218c] ^^^ SC trying session1
--- [2]
04.06.2019 21:40:14.702 [0000218c] --- App --- Immersive Display PRO v3.0.5 (01.01.2019)
04.06.2019 21:40:14.702 [0000218c] --- OS 6:2 Microsoft Windows 8 Professional (build 9200), 64-bit 7(0) 8(1) 8.1(0) 10(0)
04.06.2019 21:40:14.702 [0000218c] --- Process32 C:\Program Files (x86)\Intel\Intel(R) Management Engine Components\LMS\LMS.exe
04.06.2019 21:40:14.702 [0000218c] --- CmdLine ["C:\Program Files (x86)\Intel\Intel(R) Management Engine Components\LMS\LMS.exe"]
04.06.2019 21:40:14.702 [0000218c] --- Enumerating displays ...
04.06.2019 21:40:14.702 [0000218c] --- SM_CMONITORS         = 1
04.06.2019 21:40:14.702 [0000218c] --- SM_SAMEDISPLAYFORMAT = 1
04.06.2019 21:40:14.702 [0000218c] --- SM_XVIRTUALSCREEN    = 0
04.06.2019 21:40:14.702 [0000218c] --- SM_YVIRTUALSCREEN    = 0
04.06.2019 21:40:14.702 [0000218c] --- SM_CXVIRTUALSCREEN   = 1024
04.06.2019 21:40:14.702 [0000218c] --- SM_CYVIRTUALSCREEN   = 768
04.06.2019 21:40:14.702 [0000218c] --- SM_CXCURSOR          = 32
04.06.2019 21:40:14.702 [0000218c] ??? No displays enumerated. Retry later
04.06.2019 21:40:14.702 [0000218c] --- hookD3D9
04.06.2019 21:40:14.703 [0000218c] --- DirectX9 dll=71b10000
04.06.2019 21:40:14.745 [0000218c] --- DirectX9 API detected
04.06.2019 21:40:14.745 [0000218c] --- DirectX9Ex API detected
04.06.2019 21:40:14.745 [0000218c] --- i1: InterfaceProc1
04.06.2019 21:40:14.746 [0000218c] --- DXGI dll=72ad0000
04.06.2019 21:40:14.765 [0000218c] --- DirectX DXGI API CreateDXGIFactory detected 1
04.06.2019 21:40:14.784 [0000218c] --- DirectX DXGI API CreateDXGIFactory1 detected 1
04.06.2019 21:40:14.802 [0000218c] --- DirectX DXGI API CreateDXGIFactory2 detected 1
04.06.2019 21:40:14.802 [0000218c] --- DirectX DXGI API detected
04.06.2019 21:40:14.803 [0000218c] --- DirectX D3D12 API detected hd3d12=728b0000
04.06.2019 21:40:14.821 [0000218c] --- DirectX D3D12 API detected 1
04.06.2019 21:40:14.821 [0000218c] --- hookOpenGL
04.06.2019 21:40:14.974 [0000218c] --- OpenGL API detected
04.06.2019 21:40:39.983 [0000218c] --- PROCESS DETACH
