04.06.2019 13:56:04.348 [00002294] --- App --- Immersive Display PRO v3.0.5 (01.01.2019)
04.06.2019 13:56:04.348 [00002294] --- OS 6:2 Microsoft Windows 8 Professional (build 9200), 64-bit 7(0) 8(1) 8.1(0) 10(0)
04.06.2019 13:56:04.348 [00002294] --- Process64 C:\boch-wall\UnityCrashHandler64.exe
04.06.2019 13:56:04.348 [00002294] --- CmdLine ["C:\boch-wall\UnityCrashHandler64.exe" --attach 8216 2529749241856]
04.06.2019 13:56:04.349 [00002294] --- Enumerating displays ...
04.06.2019 13:56:04.350 [00002294] --- Device N[\\.\DISPLAY1] S[Radeon RX 580 Series] M[Generic PnP Monitor] F[desktop primary ]
04.06.2019 13:56:04.351 [00002294] --- Device N[\\.\DISPLAY2] S[Radeon RX 580 Series] M[] F[]
04.06.2019 13:56:04.352 [00002294] --- Device N[\\.\DISPLAY3] S[Radeon RX 580 Series] M[] F[]
04.06.2019 13:56:04.353 [00002294] --- Device N[\\.\DISPLAY4] S[Radeon RX 580 Series] M[] F[]
04.06.2019 13:56:04.354 [00002294] --- Device N[\\.\DISPLAY5] S[Radeon RX 580 Series] M[] F[]
04.06.2019 13:56:04.355 [00002294] --- Device N[\\.\DISPLAY6] S[Radeon RX 580 Series] M[] F[]
04.06.2019 13:56:04.356 [00002294] --- Device N[\\.\DISPLAY7] S[Radeon RX 580 Series] M[] F[]
04.06.2019 13:56:04.357 [00002294] --- Device N[\\.\DISPLAY8] S[Radeon RX 580 Series] M[] F[]
04.06.2019 13:56:04.357 [00002294] --- SM_CMONITORS         = 1
04.06.2019 13:56:04.357 [00002294] --- SM_SAMEDISPLAYFORMAT = 1
04.06.2019 13:56:04.357 [00002294] --- SM_XVIRTUALSCREEN    = 0
04.06.2019 13:56:04.357 [00002294] --- SM_YVIRTUALSCREEN    = 0
04.06.2019 13:56:04.357 [00002294] --- SM_CXVIRTUALSCREEN   = 3840
04.06.2019 13:56:04.357 [00002294] --- SM_CYVIRTUALSCREEN   = 1200
04.06.2019 13:56:04.357 [00002294] --- SM_CXCURSOR          = 32
04.06.2019 13:56:04.361 [00002294] --- [\\.\DISPLAY1] [Radeon RX 580 Series] [MONITOR\ADVEF2D\{4d36e96e-e325-11ce-bfc1-08002be10318}\0013] [Generic PnP Monitor]
04.06.2019 13:56:04.362 [00002294] --- Enumerated 1 displays
04.06.2019 13:56:04.362 [00002294] --- Displays initialized
04.06.2019 13:56:04.362 [00002294] --- Displays[0] M[00010001] HDC[640110d1] GDC[2b010d07] L=0 T=0 R=3840 B=1200 RECT[0,0 3840x1200] N[\\.\DISPLAY1] M[Generic PnP Monitor] F[1] PROJ[2x1] MAPS[2]
04.06.2019 13:56:04.362 [00002294] ---    Grouping G[0] N[0] GD[]
04.06.2019 13:56:04.362 [00002294] --- ---
04.06.2019 13:56:04.362 [00002294] --- hookD3D9
04.06.2019 13:56:04.363 [00002294] --- DirectX9 dll=56cb0000
04.06.2019 13:56:04.413 [00002294] --- DirectX9 API detected
04.06.2019 13:56:04.413 [00002294] --- DirectX9Ex API detected
04.06.2019 13:56:04.413 [00002294] --- i1: InterfaceProc1
04.06.2019 13:56:04.413 [00002294] --- interfaceFunc1 [\\.\DISPLAY1] totalMaps=2
04.06.2019 13:56:04.413 [00002294] --- DXGI dll=7ce30000
04.06.2019 13:56:04.438 [00002294] --- DirectX DXGI API CreateDXGIFactory detected 1
04.06.2019 13:56:04.463 [00002294] --- DirectX DXGI API CreateDXGIFactory1 detected 1
04.06.2019 13:56:04.486 [00002294] --- DirectX DXGI API CreateDXGIFactory2 detected 1
04.06.2019 13:56:04.486 [00002294] --- DirectX DXGI API detected
04.06.2019 13:56:04.487 [00002294] --- DirectX D3D12 API detected hd3d12=75c40000
04.06.2019 13:56:04.511 [00002294] --- DirectX D3D12 API detected 1
04.06.2019 13:56:04.511 [00002294] --- hookOpenGL
04.06.2019 13:56:04.676 [00002294] --- OpenGL API detected
04.06.2019 13:56:04.947 [00002294] --- PROCESS DETACH
