05.06.2019 11:13:54.838 [00001f1c] --- App --- Immersive Display PRO v3.0.5 (01.01.2019)
05.06.2019 11:13:54.838 [00001f1c] --- OS 6:2 Microsoft Windows 8 Professional (build 9200), 64-bit 7(0) 8(1) 8.1(0) 10(0)
05.06.2019 11:13:54.838 [00001f1c] --- Process64 C:\Users\own\scoop\apps\git\2.21.0.windows.1\mingw64\bin\git.exe
05.06.2019 11:13:54.838 [00001f1c] --- CmdLine [git.exe  pull]
05.06.2019 11:13:54.838 [00001f1c] --- Enumerating displays ...
05.06.2019 11:13:54.838 [00001f1c] --- Device N[\\.\DISPLAY1] S[Radeon RX 580 Series] M[Generic PnP Monitor] F[desktop primary ]
05.06.2019 11:13:54.838 [00001f1c] --- Device N[\\.\DISPLAY2] S[Radeon RX 580 Series] M[] F[]
05.06.2019 11:13:54.838 [00001f1c] --- Device N[\\.\DISPLAY3] S[Radeon RX 580 Series] M[] F[]
05.06.2019 11:13:54.838 [00001f1c] --- Device N[\\.\DISPLAY4] S[Radeon RX 580 Series] M[] F[]
05.06.2019 11:13:54.838 [00001f1c] --- Device N[\\.\DISPLAY5] S[Radeon RX 580 Series] M[] F[]
05.06.2019 11:13:54.854 [00001f1c] --- Device N[\\.\DISPLAY6] S[Radeon RX 580 Series] M[] F[]
05.06.2019 11:13:54.854 [00001f1c] --- Device N[\\.\DISPLAY7] S[Radeon RX 580 Series] M[] F[]
05.06.2019 11:13:54.854 [00001f1c] --- Device N[\\.\DISPLAY8] S[Radeon RX 580 Series] M[] F[]
05.06.2019 11:13:54.854 [00001f1c] --- SM_CMONITORS         = 1
05.06.2019 11:13:54.854 [00001f1c] --- SM_SAMEDISPLAYFORMAT = 1
05.06.2019 11:13:54.854 [00001f1c] --- SM_XVIRTUALSCREEN    = 0
05.06.2019 11:13:54.854 [00001f1c] --- SM_YVIRTUALSCREEN    = 0
05.06.2019 11:13:54.854 [00001f1c] --- SM_CXVIRTUALSCREEN   = 3840
05.06.2019 11:13:54.854 [00001f1c] --- SM_CYVIRTUALSCREEN   = 1200
05.06.2019 11:13:54.854 [00001f1c] --- SM_CXCURSOR          = 32
05.06.2019 11:13:54.854 [00001f1c] --- [\\.\DISPLAY1] [Radeon RX 580 Series] [MONITOR\ADVEF2D\{4d36e96e-e325-11ce-bfc1-08002be10318}\0017] [Generic PnP Monitor]
05.06.2019 11:13:54.854 [00001f1c] --- Enumerated 1 displays
05.06.2019 11:13:54.854 [00001f1c] --- Displays initialized
05.06.2019 11:13:54.854 [00001f1c] --- Displays[0] M[00010001] HDC[39010bf4] GDC[05010cc0] L=0 T=0 R=3840 B=1200 RECT[0,0 3840x1200] N[\\.\DISPLAY1] M[Generic PnP Monitor] F[1] PROJ[2x1] MAPS[2]
05.06.2019 11:13:54.854 [00001f1c] ---    Grouping G[0] N[0] GD[]
05.06.2019 11:13:54.854 [00001f1c] --- ---
05.06.2019 11:13:54.854 [00001f1c] --- hookD3D9
05.06.2019 11:13:54.854 [00001f1c] --- DirectX9 dll=fd8f0000
05.06.2019 11:13:54.901 [00001f1c] --- DirectX9 API detected
05.06.2019 11:13:54.901 [00001f1c] --- DirectX9Ex API detected
05.06.2019 11:13:54.901 [00001f1c] --- i1: InterfaceProc1
05.06.2019 11:13:54.901 [00001f1c] --- interfaceFunc1 [\\.\DISPLAY1] totalMaps=2
05.06.2019 11:13:54.901 [00001f1c] --- DXGI dll=2c2a0000
05.06.2019 11:13:54.916 [00001f1c] --- DirectX DXGI API CreateDXGIFactory detected 1
05.06.2019 11:13:54.932 [00001f1c] --- DirectX DXGI API CreateDXGIFactory1 detected 1
05.06.2019 11:13:54.963 [00001f1c] --- DirectX DXGI API CreateDXGIFactory2 detected 1
05.06.2019 11:13:54.963 [00001f1c] --- DirectX DXGI API detected
05.06.2019 11:13:54.963 [00001f1c] --- DirectX D3D12 API detected hd3d12=258f0000
05.06.2019 11:13:54.979 [00001f1c] --- DirectX D3D12 API detected 1
05.06.2019 11:13:54.979 [00001f1c] --- hookOpenGL
05.06.2019 11:13:55.135 [00001f1c] --- OpenGL API detected
05.06.2019 11:13:59.830 [00001f1c] --- PROCESS DETACH
