04.06.2019 21:03:40.691 [00002514] --- App --- Immersive Display PRO v3.0.5 (01.01.2019)
04.06.2019 21:03:40.691 [00002514] --- OS 6:2 Microsoft Windows 8 Professional (build 9200), 64-bit 7(0) 8(1) 8.1(0) 10(0)
04.06.2019 21:03:40.691 [00002514] --- Process64 C:\Program Files\Common Files\microsoft shared\ink\TabTip.exe
04.06.2019 21:03:40.691 [00002514] --- CmdLine [/QuitInfo:0000000000000204;0000000000000200;  ]
04.06.2019 21:03:40.691 [00002514] --- Enumerating displays ...
04.06.2019 21:03:40.692 [00002514] --- Device N[\\.\DISPLAY1] S[Radeon RX 580 Series] M[Generic PnP Monitor] F[desktop primary ]
04.06.2019 21:03:40.692 [00002514] --- Device N[\\.\DISPLAY2] S[Radeon RX 580 Series] M[] F[]
04.06.2019 21:03:40.693 [00002514] --- Device N[\\.\DISPLAY3] S[Radeon RX 580 Series] M[] F[]
04.06.2019 21:03:40.693 [00002514] --- Device N[\\.\DISPLAY4] S[Radeon RX 580 Series] M[] F[]
04.06.2019 21:03:40.694 [00002514] --- Device N[\\.\DISPLAY5] S[Radeon RX 580 Series] M[] F[]
04.06.2019 21:03:40.694 [00002514] --- Device N[\\.\DISPLAY6] S[Radeon RX 580 Series] M[] F[]
04.06.2019 21:03:40.695 [00002514] --- Device N[\\.\DISPLAY7] S[Radeon RX 580 Series] M[] F[]
04.06.2019 21:03:40.695 [00002514] --- Device N[\\.\DISPLAY8] S[Radeon RX 580 Series] M[] F[]
04.06.2019 21:03:40.695 [00002514] --- SM_CMONITORS         = 1
04.06.2019 21:03:40.695 [00002514] --- SM_SAMEDISPLAYFORMAT = 1
04.06.2019 21:03:40.695 [00002514] --- SM_XVIRTUALSCREEN    = 0
04.06.2019 21:03:40.695 [00002514] --- SM_YVIRTUALSCREEN    = 0
04.06.2019 21:03:40.695 [00002514] --- SM_CXVIRTUALSCREEN   = 3840
04.06.2019 21:03:40.695 [00002514] --- SM_CYVIRTUALSCREEN   = 1200
04.06.2019 21:03:40.695 [00002514] --- SM_CXCURSOR          = 32
04.06.2019 21:03:40.696 [00002514] ??? No displays enumerated. Retry later
04.06.2019 21:03:40.696 [00002514] --- hookD3D9
04.06.2019 21:03:40.697 [00002514] --- DirectX9 dll=72ce0000
04.06.2019 21:03:40.725 [00002514] --- DirectX9 API detected
04.06.2019 21:03:40.725 [00002514] --- DirectX9Ex API detected
04.06.2019 21:03:40.725 [00002514] --- i1: InterfaceProc1
04.06.2019 21:03:40.726 [00002514] --- DXGI dll=a1720000
04.06.2019 21:03:40.741 [00002514] --- DirectX DXGI API CreateDXGIFactory detected 1
04.06.2019 21:03:40.755 [00002514] --- DirectX DXGI API CreateDXGIFactory1 detected 1
04.06.2019 21:03:40.770 [00002514] --- DirectX DXGI API CreateDXGIFactory2 detected 1
04.06.2019 21:03:40.770 [00002514] --- DirectX DXGI API detected
04.06.2019 21:03:40.770 [00002514] --- DirectX D3D12 API detected hd3d12=9a880000
04.06.2019 21:03:40.785 [00002514] --- DirectX D3D12 API detected 1
04.06.2019 21:03:40.785 [00002514] --- hookOpenGL
04.06.2019 21:03:40.885 [00002514] --- OpenGL API detected
04.06.2019 21:03:40.951 [00002514] --- PROCESS DETACH
