04.06.2019 21:14:22.131 [000018b8] ??? OSM handle == NULL error=2
04.06.2019 21:14:22.131 [000018b8] ^^^ SC trying session1
--- [2]
04.06.2019 21:14:22.131 [000018b8] --- App --- Immersive Display PRO v3.0.5 (01.01.2019)
04.06.2019 21:14:22.131 [000018b8] --- OS 6:2 Microsoft Windows 8 Professional (build 9200), 64-bit 7(0) 8(1) 8.1(0) 10(0)
04.06.2019 21:14:22.131 [000018b8] --- Process32 C:\AMD\WU-CCC2\ccc2_install\VC13RTx86\vcredist_x86.exe
04.06.2019 21:14:22.131 [000018b8] --- CmdLine ["C:\AMD\WU-CCC2\ccc2_install\VC13RTx86\vcredist_x86.exe" /q /norestart -burn.unelevated BurnPipe.{60402ECB-8DE4-4F84-80BB-2B9533E45C48} {931EF8AD-822F-43F2-86AF-0CE1DAB79B33} 10124]
04.06.2019 21:14:22.131 [000018b8] --- Enumerating displays ...
04.06.2019 21:14:22.131 [000018b8] --- SM_CMONITORS         = 1
04.06.2019 21:14:22.131 [000018b8] --- SM_SAMEDISPLAYFORMAT = 1
04.06.2019 21:14:22.131 [000018b8] --- SM_XVIRTUALSCREEN    = 0
04.06.2019 21:14:22.131 [000018b8] --- SM_YVIRTUALSCREEN    = 0
04.06.2019 21:14:22.131 [000018b8] --- SM_CXVIRTUALSCREEN   = 1024
04.06.2019 21:14:22.131 [000018b8] --- SM_CYVIRTUALSCREEN   = 768
04.06.2019 21:14:22.131 [000018b8] --- SM_CXCURSOR          = 32
04.06.2019 21:14:22.131 [000018b8] ??? No displays enumerated. Retry later
04.06.2019 21:14:22.131 [000018b8] --- hookD3D9
04.06.2019 21:14:22.131 [000018b8] --- DirectX9 dll=71460000
04.06.2019 21:14:22.162 [000018b8] --- DirectX9 API detected
04.06.2019 21:14:22.162 [000018b8] --- DirectX9Ex API detected
04.06.2019 21:14:22.162 [000018b8] --- i1: InterfaceProc1
04.06.2019 21:14:22.162 [000018b8] --- DXGI dll=724a0000
04.06.2019 21:14:22.178 [000018b8] --- DirectX DXGI API CreateDXGIFactory detected 1
04.06.2019 21:14:22.193 [000018b8] --- DirectX DXGI API CreateDXGIFactory1 detected 1
04.06.2019 21:14:22.209 [000018b8] --- DirectX DXGI API CreateDXGIFactory2 detected 1
04.06.2019 21:14:22.209 [000018b8] --- DirectX DXGI API detected
04.06.2019 21:14:22.209 [000018b8] --- DirectX D3D12 API detected hd3d12=72330000
04.06.2019 21:14:22.225 [000018b8] --- DirectX D3D12 API detected 1
04.06.2019 21:14:22.225 [000018b8] --- hookOpenGL
04.06.2019 21:14:22.365 [000018b8] --- OpenGL API detected
04.06.2019 21:14:22.818 [000018b8] --- PROCESS DETACH
