04.06.2019 14:07:42.816 [000023f4] --- App --- Immersive Display PRO v3.0.5 (01.01.2019)
04.06.2019 14:07:42.817 [000023f4] --- OS 6:2 Microsoft Windows 8 Professional (build 9200), 64-bit 7(0) 8(1) 8.1(0) 10(0)
04.06.2019 14:07:42.817 [000023f4] --- Process64 C:\Program Files\FARO\SCENE LT\SCENE LT.exe
04.06.2019 14:07:42.817 [000023f4] --- CmdLine ["C:\Program Files\FARO\SCENE LT\SCENE LT.exe" -activate-apps]
04.06.2019 14:07:42.817 [000023f4] --- Enumerating displays ...
04.06.2019 14:07:42.817 [000023f4] --- Device N[\\.\DISPLAY1] S[Radeon RX 580 Series] M[Generic PnP Monitor] F[desktop primary ]
04.06.2019 14:07:42.818 [000023f4] --- Device N[\\.\DISPLAY2] S[Radeon RX 580 Series] M[] F[]
04.06.2019 14:07:42.818 [000023f4] --- Device N[\\.\DISPLAY3] S[Radeon RX 580 Series] M[] F[]
04.06.2019 14:07:42.819 [000023f4] --- Device N[\\.\DISPLAY4] S[Radeon RX 580 Series] M[] F[]
04.06.2019 14:07:42.819 [000023f4] --- Device N[\\.\DISPLAY5] S[Radeon RX 580 Series] M[] F[]
04.06.2019 14:07:42.820 [000023f4] --- Device N[\\.\DISPLAY6] S[Radeon RX 580 Series] M[] F[]
04.06.2019 14:07:42.820 [000023f4] --- Device N[\\.\DISPLAY7] S[Radeon RX 580 Series] M[] F[]
04.06.2019 14:07:42.821 [000023f4] --- Device N[\\.\DISPLAY8] S[Radeon RX 580 Series] M[] F[]
04.06.2019 14:07:42.821 [000023f4] --- SM_CMONITORS         = 1
04.06.2019 14:07:42.821 [000023f4] --- SM_SAMEDISPLAYFORMAT = 1
04.06.2019 14:07:42.821 [000023f4] --- SM_XVIRTUALSCREEN    = 0
04.06.2019 14:07:42.821 [000023f4] --- SM_YVIRTUALSCREEN    = 0
04.06.2019 14:07:42.821 [000023f4] --- SM_CXVIRTUALSCREEN   = 3840
04.06.2019 14:07:42.821 [000023f4] --- SM_CYVIRTUALSCREEN   = 1200
04.06.2019 14:07:42.821 [000023f4] --- SM_CXCURSOR          = 32
04.06.2019 14:07:42.823 [000023f4] --- [\\.\DISPLAY1] [Radeon RX 580 Series] [MONITOR\ADVEF2D\{4d36e96e-e325-11ce-bfc1-08002be10318}\0013] [Generic PnP Monitor]
04.06.2019 14:07:42.823 [000023f4] --- Enumerated 1 displays
04.06.2019 14:07:42.823 [000023f4] --- Displays initialized
04.06.2019 14:07:42.823 [000023f4] --- Displays[0] M[00010001] HDC[ef011198] GDC[300106af] L=0 T=0 R=3840 B=1200 RECT[0,0 3840x1200] N[\\.\DISPLAY1] M[Generic PnP Monitor] F[1] PROJ[2x1] MAPS[2]
04.06.2019 14:07:42.823 [000023f4] ---    Grouping G[0] N[0] GD[]
04.06.2019 14:07:42.823 [000023f4] --- ---
04.06.2019 14:07:42.823 [000023f4] --- hookD3D9
04.06.2019 14:07:42.824 [000023f4] --- DirectX9 dll=56cb0000
04.06.2019 14:07:42.852 [000023f4] --- DirectX9 API detected
04.06.2019 14:07:42.852 [000023f4] --- DirectX9Ex API detected
04.06.2019 14:07:42.852 [000023f4] --- i1: InterfaceProc1
04.06.2019 14:07:42.852 [000023f4] --- interfaceFunc1 [\\.\DISPLAY1] totalMaps=2
04.06.2019 14:07:42.852 [000023f4] --- DXGI dll=7ce30000
04.06.2019 14:07:42.866 [000023f4] --- DirectX DXGI API CreateDXGIFactory detected 1
04.06.2019 14:07:42.880 [000023f4] --- DirectX DXGI API CreateDXGIFactory1 detected 1
04.06.2019 14:07:42.894 [000023f4] --- DirectX DXGI API CreateDXGIFactory2 detected 1
04.06.2019 14:07:42.894 [000023f4] --- DirectX DXGI API detected
04.06.2019 14:07:42.894 [000023f4] --- DirectX D3D12 API detected hd3d12=75c40000
04.06.2019 14:07:42.908 [000023f4] --- DirectX D3D12 API detected 1
04.06.2019 14:07:42.908 [000023f4] --- hookOpenGL
04.06.2019 14:07:43.005 [000023f4] --- OpenGL API detected
04.06.2019 14:07:43.119 [000023f4] --- PROCESS DETACH
