05.06.2019 00:35:31.934 [00000dcc] ??? OSM handle == NULL error=2
05.06.2019 00:35:31.934 [00000dcc] ^^^ SC trying session1
--- [2]
05.06.2019 00:35:31.934 [00000dcc] --- App --- Immersive Display PRO v3.0.5 (01.01.2019)
05.06.2019 00:35:31.934 [00000dcc] --- OS 6:2 Microsoft Windows 8 Professional (build 9200), 64-bit 7(0) 8(1) 8.1(0) 10(0)
05.06.2019 00:35:31.934 [00000dcc] --- Process32 C:\Program Files (x86)\Google\Update\GoogleUpdate.exe
05.06.2019 00:35:31.934 [00000dcc] --- CmdLine ["C:\Program Files (x86)\Google\Update\GoogleUpdate.exe" /svc]
05.06.2019 00:35:31.934 [00000dcc] --- Enumerating displays ...
05.06.2019 00:35:31.934 [00000dcc] --- SM_CMONITORS         = 1
05.06.2019 00:35:31.934 [00000dcc] --- SM_SAMEDISPLAYFORMAT = 1
05.06.2019 00:35:31.934 [00000dcc] --- SM_XVIRTUALSCREEN    = 0
05.06.2019 00:35:31.934 [00000dcc] --- SM_YVIRTUALSCREEN    = 0
05.06.2019 00:35:31.934 [00000dcc] --- SM_CXVIRTUALSCREEN   = 1024
05.06.2019 00:35:31.934 [00000dcc] --- SM_CYVIRTUALSCREEN   = 768
05.06.2019 00:35:31.934 [00000dcc] --- SM_CXCURSOR          = 32
05.06.2019 00:35:31.934 [00000dcc] ??? No displays enumerated. Retry later
05.06.2019 00:35:31.934 [00000dcc] --- hookD3D9
05.06.2019 00:35:31.935 [00000dcc] --- DirectX9 dll=717f0000
05.06.2019 00:35:31.962 [00000dcc] --- DirectX9 API detected
05.06.2019 00:35:31.962 [00000dcc] --- DirectX9Ex API detected
05.06.2019 00:35:31.962 [00000dcc] --- i1: InterfaceProc1
05.06.2019 00:35:31.963 [00000dcc] --- DXGI dll=72790000
05.06.2019 00:35:31.976 [00000dcc] --- DirectX DXGI API CreateDXGIFactory detected 1
05.06.2019 00:35:31.989 [00000dcc] --- DirectX DXGI API CreateDXGIFactory1 detected 1
05.06.2019 00:35:32.002 [00000dcc] --- DirectX DXGI API CreateDXGIFactory2 detected 1
05.06.2019 00:35:32.002 [00000dcc] --- DirectX DXGI API detected
05.06.2019 00:35:32.002 [00000dcc] --- DirectX D3D12 API detected hd3d12=72590000
05.06.2019 00:35:32.015 [00000dcc] --- DirectX D3D12 API detected 1
05.06.2019 00:35:32.015 [00000dcc] --- hookOpenGL
05.06.2019 00:35:32.119 [00000dcc] --- OpenGL API detected
05.06.2019 00:35:32.521 [00000dcc] --- PROCESS DETACH
