04.06.2019 21:16:45.572 [00002634] --- App --- Immersive Display PRO v3.0.5 (01.01.2019)
04.06.2019 21:16:45.572 [00002634] --- OS 6:2 Microsoft Windows 8 Professional (build 9200), 64-bit 7(0) 8(1) 8.1(0) 10(0)
04.06.2019 21:16:45.572 [00002634] --- Process64 C:\Program Files\Intel\SUR\QUEENCREEK\x64\esrv.exe
04.06.2019 21:16:45.572 [00002634] --- CmdLine ["C:\Program Files\Intel\SUR\QUEENCREEK\x64\esrv.exe" "--start" "--start_options_handle" "1356"]
04.06.2019 21:16:45.572 [00002634] --- Enumerating displays ...
04.06.2019 21:16:45.572 [00002634] --- Device N[\\.\DISPLAY10] S[Radeon RX 580 Series] M[Generic PnP Monitor] F[desktop ]
04.06.2019 21:16:45.572 [00002634] --- Device N[\\.\DISPLAY11] S[Radeon RX 580 Series] M[Generic PnP Monitor] F[desktop primary ]
04.06.2019 21:16:45.572 [00002634] --- Device N[\\.\DISPLAY12] S[Radeon RX 580 Series] M[] F[]
04.06.2019 21:16:45.588 [00002634] --- Device N[\\.\DISPLAY13] S[Radeon RX 580 Series] M[] F[]
04.06.2019 21:16:45.588 [00002634] --- Device N[\\.\DISPLAY14] S[Radeon RX 580 Series] M[] F[]
04.06.2019 21:16:45.588 [00002634] --- Device N[\\.\DISPLAY15] S[Radeon RX 580 Series] M[] F[]
04.06.2019 21:16:45.588 [00002634] --- SM_CMONITORS         = 2
04.06.2019 21:16:45.588 [00002634] --- SM_SAMEDISPLAYFORMAT = 1
04.06.2019 21:16:45.588 [00002634] --- SM_XVIRTUALSCREEN    = 0
04.06.2019 21:16:45.588 [00002634] --- SM_YVIRTUALSCREEN    = 0
04.06.2019 21:16:45.588 [00002634] --- SM_CXVIRTUALSCREEN   = 3840
04.06.2019 21:16:45.588 [00002634] --- SM_CYVIRTUALSCREEN   = 1200
04.06.2019 21:16:45.588 [00002634] --- SM_CXCURSOR          = 32
04.06.2019 21:16:45.588 [00002634] --- [\\.\DISPLAY10] [Radeon RX 580 Series] [MONITOR\SECA70B\{4d36e96e-e325-11ce-bfc1-08002be10318}\0016] [Generic PnP Monitor]
04.06.2019 21:16:45.588 [00002634] --- [\\.\DISPLAY11] [Radeon RX 580 Series] [MONITOR\SECA70B\{4d36e96e-e325-11ce-bfc1-08002be10318}\0015] [Generic PnP Monitor]
04.06.2019 21:16:45.588 [00002634] --- Enumerated 2 displays
04.06.2019 21:16:45.588 [00002634] --- Displays initialized
04.06.2019 21:16:45.588 [00002634] --- Displays[0] M[001c09f1] HDC[5601115b] GDC[9401063f] L=1920 T=0 R=3840 B=1200 RECT[1920,0 1920x1200] N[\\.\DISPLAY10] M[Generic PnP Monitor] F[0] PROJ[2x1] MAPS[2]
04.06.2019 21:16:45.588 [00002634] ---    Grouping G[0] N[0] GD[]
04.06.2019 21:16:45.588 [00002634] --- Displays[1] M[001205fd] HDC[29010bda] GDC[0f011004] L=0 T=0 R=1920 B=1200 RECT[0,0 1920x1200] N[\\.\DISPLAY11] M[Generic PnP Monitor] F[1] PROJ[0x0] MAPS[0]
04.06.2019 21:16:45.588 [00002634] ---    Grouping G[0] N[0] GD[]
04.06.2019 21:16:45.588 [00002634] --- ---
04.06.2019 21:16:45.588 [00002634] --- hookD3D9
04.06.2019 21:16:45.588 [00002634] --- DirectX9 dll=72ce0000
04.06.2019 21:16:45.653 [00002634] --- DirectX9 API detected
04.06.2019 21:16:45.653 [00002634] --- DirectX9Ex API detected
04.06.2019 21:16:45.653 [00002634] --- i1: InterfaceProc1
04.06.2019 21:16:45.653 [00002634] --- interfaceFunc1 [\\.\DISPLAY10] totalMaps=2
04.06.2019 21:16:45.653 [00002634] --- DXGI dll=a1720000
04.06.2019 21:16:45.682 [00002634] --- DirectX DXGI API CreateDXGIFactory detected 1
04.06.2019 21:16:45.710 [00002634] --- DirectX DXGI API CreateDXGIFactory1 detected 1
04.06.2019 21:16:45.738 [00002634] --- DirectX DXGI API CreateDXGIFactory2 detected 1
04.06.2019 21:16:45.738 [00002634] --- DirectX DXGI API detected
04.06.2019 21:16:45.739 [00002634] --- DirectX D3D12 API detected hd3d12=9a880000
04.06.2019 21:16:45.767 [00002634] --- DirectX D3D12 API detected 1
04.06.2019 21:16:45.767 [00002634] --- hookOpenGL
04.06.2019 21:16:45.965 [00002634] --- OpenGL API detected
