04.06.2019 21:50:14.512 [000012ec] --- App --- Immersive Display PRO v3.0.5 (01.01.2019)
04.06.2019 21:50:14.512 [000012ec] --- OS 6:2 Microsoft Windows 8 Professional (build 9200), 64-bit 7(0) 8(1) 8.1(0) 10(0)
04.06.2019 21:50:14.512 [000012ec] --- Process64 C:\Users\own\scoop\apps\git\2.21.0.windows.1\mingw64\libexec\git-core\git.exe
04.06.2019 21:50:14.512 [000012ec] --- CmdLine [git rev-list --objects --stdin --not --all --quiet]
04.06.2019 21:50:14.512 [000012ec] --- Enumerating displays ...
04.06.2019 21:50:14.542 [000012ec] --- Device N[\\.\DISPLAY1] S[Radeon RX 580 Series] M[Generic PnP Monitor] F[desktop primary ]
04.06.2019 21:50:14.542 [000012ec] --- Device N[\\.\DISPLAY2] S[Radeon RX 580 Series] M[] F[]
04.06.2019 21:50:14.542 [000012ec] --- Device N[\\.\DISPLAY3] S[Radeon RX 580 Series] M[] F[]
04.06.2019 21:50:14.542 [000012ec] --- Device N[\\.\DISPLAY4] S[Radeon RX 580 Series] M[] F[]
04.06.2019 21:50:14.542 [000012ec] --- Device N[\\.\DISPLAY5] S[Radeon RX 580 Series] M[] F[]
04.06.2019 21:50:14.542 [000012ec] --- Device N[\\.\DISPLAY6] S[Radeon RX 580 Series] M[] F[]
04.06.2019 21:50:14.542 [000012ec] --- Device N[\\.\DISPLAY7] S[Radeon RX 580 Series] M[] F[]
04.06.2019 21:50:14.542 [000012ec] --- Device N[\\.\DISPLAY8] S[Radeon RX 580 Series] M[] F[]
04.06.2019 21:50:14.542 [000012ec] --- SM_CMONITORS         = 1
04.06.2019 21:50:14.542 [000012ec] --- SM_SAMEDISPLAYFORMAT = 1
04.06.2019 21:50:14.542 [000012ec] --- SM_XVIRTUALSCREEN    = 0
04.06.2019 21:50:14.542 [000012ec] --- SM_YVIRTUALSCREEN    = 0
04.06.2019 21:50:14.542 [000012ec] --- SM_CXVIRTUALSCREEN   = 3840
04.06.2019 21:50:14.542 [000012ec] --- SM_CYVIRTUALSCREEN   = 1200
04.06.2019 21:50:14.542 [000012ec] --- SM_CXCURSOR          = 32
04.06.2019 21:50:14.542 [000012ec] --- [\\.\DISPLAY1] [Radeon RX 580 Series] [MONITOR\ADVEF2D\{4d36e96e-e325-11ce-bfc1-08002be10318}\0017] [Generic PnP Monitor]
04.06.2019 21:50:14.542 [000012ec] --- Enumerated 1 displays
04.06.2019 21:50:14.542 [000012ec] --- Displays initialized
04.06.2019 21:50:14.542 [000012ec] --- Displays[0] M[00010001] HDC[400105b1] GDC[080105b2] L=0 T=0 R=3840 B=1200 RECT[0,0 3840x1200] N[\\.\DISPLAY1] M[Generic PnP Monitor] F[1] PROJ[0x0] MAPS[0]
04.06.2019 21:50:14.542 [000012ec] ---    Grouping G[0] N[0] GD[]
04.06.2019 21:50:14.542 [000012ec] --- ---
04.06.2019 21:50:14.542 [000012ec] --- hookD3D9
04.06.2019 21:50:14.542 [000012ec] --- DirectX9 dll=82790000
04.06.2019 21:50:14.593 [000012ec] --- DirectX9 API detected
04.06.2019 21:50:14.593 [000012ec] --- DirectX9Ex API detected
04.06.2019 21:50:14.593 [000012ec] --- i1: InterfaceProc1
04.06.2019 21:50:14.593 [000012ec] --- DXGI dll=b1270000
04.06.2019 21:50:14.623 [000012ec] --- DirectX DXGI API CreateDXGIFactory detected 1
04.06.2019 21:50:14.642 [000012ec] --- DirectX DXGI API CreateDXGIFactory1 detected 1
04.06.2019 21:50:14.672 [000012ec] --- DirectX DXGI API CreateDXGIFactory2 detected 1
04.06.2019 21:50:14.672 [000012ec] --- DirectX DXGI API detected
04.06.2019 21:50:14.672 [000012ec] --- DirectX D3D12 API detected hd3d12=aa8c0000
04.06.2019 21:50:14.693 [000012ec] --- DirectX D3D12 API detected 1
04.06.2019 21:50:14.693 [000012ec] --- hookOpenGL
04.06.2019 21:50:14.862 [000012ec] --- OpenGL API detected
04.06.2019 21:50:14.942 [000012ec] --- PROCESS DETACH
