04.06.2019 14:03:16.332 [00002128] ??? OSM handle == NULL error=2
04.06.2019 14:03:16.332 [00002128] ^^^ SC trying session1
--- [2]
04.06.2019 14:03:16.333 [00002128] --- App --- Immersive Display PRO v3.0.5 (01.01.2019)
04.06.2019 14:03:16.333 [00002128] --- OS 6:2 Microsoft Windows 8 Professional (build 9200), 64-bit 7(0) 8(1) 8.1(0) 10(0)
04.06.2019 14:03:16.333 [00002128] --- Process64 C:\WINDOWS\SERVIC~1\NETWOR~1\AppData\Local\Temp\BFE8AB9D-B8B2-4D6D-8D95-62816D034593\MpSigStub.exe
04.06.2019 14:03:16.333 [00002128] --- CmdLine [C:\WINDOWS\SERVIC~1\NETWOR~1\AppData\Local\Temp\BFE8AB9D-B8B2-4D6D-8D95-62816D034593\MpSigStub.exe /stub 1.1.15800.1 /payload 4.18.1905.4 /program C:\WINDOWS\SERVIC~1\NETWOR~1\AppData\Local\Temp\mpam-a4935961.exe]
04.06.2019 14:03:16.333 [00002128] --- Enumerating displays ...
04.06.2019 14:03:16.333 [00002128] --- SM_CMONITORS         = 1
04.06.2019 14:03:16.333 [00002128] --- SM_SAMEDISPLAYFORMAT = 1
04.06.2019 14:03:16.333 [00002128] --- SM_XVIRTUALSCREEN    = 0
04.06.2019 14:03:16.333 [00002128] --- SM_YVIRTUALSCREEN    = 0
04.06.2019 14:03:16.333 [00002128] --- SM_CXVIRTUALSCREEN   = 1024
04.06.2019 14:03:16.333 [00002128] --- SM_CYVIRTUALSCREEN   = 768
04.06.2019 14:03:16.333 [00002128] --- SM_CXCURSOR          = 32
04.06.2019 14:03:16.333 [00002128] ??? No displays enumerated. Retry later
04.06.2019 14:03:16.333 [00002128] --- hookD3D9
04.06.2019 14:03:16.334 [00002128] --- DirectX9 dll=56cb0000
04.06.2019 14:03:16.382 [00002128] --- DirectX9 API detected
04.06.2019 14:03:16.382 [00002128] --- DirectX9Ex API detected
04.06.2019 14:03:16.382 [00002128] --- i1: InterfaceProc1
04.06.2019 14:03:16.383 [00002128] --- DXGI dll=7ce30000
04.06.2019 14:03:16.407 [00002128] --- DirectX DXGI API CreateDXGIFactory detected 1
04.06.2019 14:03:16.431 [00002128] --- DirectX DXGI API CreateDXGIFactory1 detected 1
04.06.2019 14:03:16.455 [00002128] --- DirectX DXGI API CreateDXGIFactory2 detected 1
04.06.2019 14:03:16.455 [00002128] --- DirectX DXGI API detected
04.06.2019 14:03:16.455 [00002128] --- DirectX D3D12 API detected hd3d12=75c40000
04.06.2019 14:03:16.479 [00002128] --- DirectX D3D12 API detected 1
04.06.2019 14:03:16.479 [00002128] --- hookOpenGL
04.06.2019 14:03:16.648 [00002128] --- OpenGL API detected
04.06.2019 14:03:26.291 [00002128] --- PROCESS DETACH
