05.06.2019 11:44:53.332 [000023ec] ??? OSM handle == NULL error=2
05.06.2019 11:44:53.332 [000023ec] ^^^ SC trying session1
--- [2]
05.06.2019 11:44:53.332 [000023ec] --- App --- Immersive Display PRO v3.0.5 (01.01.2019)
05.06.2019 11:44:53.332 [000023ec] --- OS 6:2 Microsoft Windows 8 Professional (build 9200), 64-bit 7(0) 8(1) 8.1(0) 10(0)
05.06.2019 11:44:53.332 [000023ec] --- Process64 C:\Program Files\Intel\SUR\QUEENCREEK\x64\task.exe
05.06.2019 11:44:53.332 [000023ec] --- CmdLine ["C:\Program Files\Intel\SUR\QUEENCREEK\x64\task.exe"  ]
05.06.2019 11:44:53.332 [000023ec] --- Enumerating displays ...
05.06.2019 11:44:53.332 [000023ec] --- SM_CMONITORS         = 1
05.06.2019 11:44:53.332 [000023ec] --- SM_SAMEDISPLAYFORMAT = 1
05.06.2019 11:44:53.332 [000023ec] --- SM_XVIRTUALSCREEN    = 0
05.06.2019 11:44:53.332 [000023ec] --- SM_YVIRTUALSCREEN    = 0
05.06.2019 11:44:53.332 [000023ec] --- SM_CXVIRTUALSCREEN   = 1024
05.06.2019 11:44:53.332 [000023ec] --- SM_CYVIRTUALSCREEN   = 768
05.06.2019 11:44:53.332 [000023ec] --- SM_CXCURSOR          = 32
05.06.2019 11:44:53.332 [000023ec] ??? No displays enumerated. Retry later
05.06.2019 11:44:53.332 [000023ec] --- hookD3D9
05.06.2019 11:44:53.333 [000023ec] --- DirectX9 dll=670a0000
05.06.2019 11:44:53.369 [000023ec] --- DirectX9 API detected
05.06.2019 11:44:53.369 [000023ec] --- DirectX9Ex API detected
05.06.2019 11:44:53.369 [000023ec] --- i1: InterfaceProc1
05.06.2019 11:44:53.369 [000023ec] --- DXGI dll=95b60000
05.06.2019 11:44:53.387 [000023ec] --- DirectX DXGI API CreateDXGIFactory detected 1
05.06.2019 11:44:53.405 [000023ec] --- DirectX DXGI API CreateDXGIFactory1 detected 1
05.06.2019 11:44:53.422 [000023ec] --- DirectX DXGI API CreateDXGIFactory2 detected 1
05.06.2019 11:44:53.422 [000023ec] --- DirectX DXGI API detected
05.06.2019 11:44:53.423 [000023ec] --- DirectX D3D12 API detected hd3d12=8f360000
05.06.2019 11:44:53.441 [000023ec] --- DirectX D3D12 API detected 1
05.06.2019 11:44:53.441 [000023ec] --- hookOpenGL
05.06.2019 11:44:53.564 [000023ec] --- OpenGL API detected
05.06.2019 11:44:53.641 [000023ec] --- PROCESS DETACH
