04.06.2019 21:52:22.194 [00001c84] --- App --- Immersive Display PRO v3.0.5 (01.01.2019)
04.06.2019 21:52:22.194 [00001c84] --- OS 6:2 Microsoft Windows 8 Professional (build 9200), 64-bit 7(0) 8(1) 8.1(0) 10(0)
04.06.2019 21:52:22.194 [00001c84] --- Process64 C:\Users\own\scoop\apps\git\2.21.0.windows.1\mingw64\libexec\git-core\git.exe
04.06.2019 21:52:22.194 [00001c84] --- CmdLine [git rev-list --objects --stdin --not --all --quiet]
04.06.2019 21:52:22.194 [00001c84] --- Enumerating displays ...
04.06.2019 21:52:22.194 [00001c84] --- Device N[\\.\DISPLAY1] S[Radeon RX 580 Series] M[Generic PnP Monitor] F[desktop primary ]
04.06.2019 21:52:22.194 [00001c84] --- Device N[\\.\DISPLAY2] S[Radeon RX 580 Series] M[] F[]
04.06.2019 21:52:22.194 [00001c84] --- Device N[\\.\DISPLAY3] S[Radeon RX 580 Series] M[] F[]
04.06.2019 21:52:22.194 [00001c84] --- Device N[\\.\DISPLAY4] S[Radeon RX 580 Series] M[] F[]
04.06.2019 21:52:22.194 [00001c84] --- Device N[\\.\DISPLAY5] S[Radeon RX 580 Series] M[] F[]
04.06.2019 21:52:22.194 [00001c84] --- Device N[\\.\DISPLAY6] S[Radeon RX 580 Series] M[] F[]
04.06.2019 21:52:22.194 [00001c84] --- Device N[\\.\DISPLAY7] S[Radeon RX 580 Series] M[] F[]
04.06.2019 21:52:22.194 [00001c84] --- Device N[\\.\DISPLAY8] S[Radeon RX 580 Series] M[] F[]
04.06.2019 21:52:22.194 [00001c84] --- SM_CMONITORS         = 1
04.06.2019 21:52:22.194 [00001c84] --- SM_SAMEDISPLAYFORMAT = 1
04.06.2019 21:52:22.194 [00001c84] --- SM_XVIRTUALSCREEN    = 0
04.06.2019 21:52:22.194 [00001c84] --- SM_YVIRTUALSCREEN    = 0
04.06.2019 21:52:22.194 [00001c84] --- SM_CXVIRTUALSCREEN   = 3840
04.06.2019 21:52:22.194 [00001c84] --- SM_CYVIRTUALSCREEN   = 1200
04.06.2019 21:52:22.194 [00001c84] --- SM_CXCURSOR          = 32
04.06.2019 21:52:22.201 [00001c84] --- [\\.\DISPLAY1] [Radeon RX 580 Series] [MONITOR\ADVEF2D\{4d36e96e-e325-11ce-bfc1-08002be10318}\0017] [Generic PnP Monitor]
04.06.2019 21:52:22.201 [00001c84] --- Enumerated 1 displays
04.06.2019 21:52:22.201 [00001c84] --- Displays initialized
04.06.2019 21:52:22.201 [00001c84] --- Displays[0] M[00010001] HDC[1701002d] GDC[07010cc4] L=0 T=0 R=3840 B=1200 RECT[0,0 3840x1200] N[\\.\DISPLAY1] M[Generic PnP Monitor] F[1] PROJ[0x0] MAPS[0]
04.06.2019 21:52:22.201 [00001c84] ---    Grouping G[0] N[0] GD[]
04.06.2019 21:52:22.201 [00001c84] --- ---
04.06.2019 21:52:22.201 [00001c84] --- hookD3D9
04.06.2019 21:52:22.201 [00001c84] --- DirectX9 dll=dd2d0000
04.06.2019 21:52:22.241 [00001c84] --- DirectX9 API detected
04.06.2019 21:52:22.241 [00001c84] --- DirectX9Ex API detected
04.06.2019 21:52:22.241 [00001c84] --- i1: InterfaceProc1
04.06.2019 21:52:22.251 [00001c84] --- DXGI dll=0bcf0000
04.06.2019 21:52:22.271 [00001c84] --- DirectX DXGI API CreateDXGIFactory detected 1
04.06.2019 21:52:22.294 [00001c84] --- DirectX DXGI API CreateDXGIFactory1 detected 1
04.06.2019 21:52:22.324 [00001c84] --- DirectX DXGI API CreateDXGIFactory2 detected 1
04.06.2019 21:52:22.324 [00001c84] --- DirectX DXGI API detected
04.06.2019 21:52:22.324 [00001c84] --- DirectX D3D12 API detected hd3d12=05490000
04.06.2019 21:52:22.341 [00001c84] --- DirectX D3D12 API detected 1
04.06.2019 21:52:22.341 [00001c84] --- hookOpenGL
04.06.2019 21:52:22.511 [00001c84] --- OpenGL API detected
04.06.2019 21:52:22.571 [00001c84] --- PROCESS DETACH
