05.06.2019 11:51:41.474 [000025b4] --- App --- Immersive Display PRO v3.0.5 (01.01.2019)
05.06.2019 11:51:41.474 [000025b4] --- OS 6:2 Microsoft Windows 8 Professional (build 9200), 64-bit 7(0) 8(1) 8.1(0) 10(0)
05.06.2019 11:51:41.474 [000025b4] --- Process64 C:\Program Files (x86)\Google\Chrome\Application\chrome.exe
05.06.2019 11:51:41.474 [000025b4] --- CmdLine ["C:\Program Files (x86)\Google\Chrome\Application\chrome.exe" --type=utility --field-trial-handle=1840,13492023934465985150,18061937111417694550,131072 --lang=zh-TW --no-sandbox --service-request-channel-token=2798763265788819240 --mojo-platform-channel-hand?]
05.06.2019 11:51:41.474 [000025b4] --- Enumerating displays ...
05.06.2019 11:51:41.475 [000025b4] --- Device N[\\.\DISPLAY1] S[Radeon RX 580 Series] M[Generic PnP Monitor] F[desktop primary ]
05.06.2019 11:51:41.476 [000025b4] --- Device N[\\.\DISPLAY2] S[Radeon RX 580 Series] M[] F[]
05.06.2019 11:51:41.476 [000025b4] --- Device N[\\.\DISPLAY3] S[Radeon RX 580 Series] M[] F[]
05.06.2019 11:51:41.477 [000025b4] --- Device N[\\.\DISPLAY4] S[Radeon RX 580 Series] M[] F[]
05.06.2019 11:51:41.477 [000025b4] --- Device N[\\.\DISPLAY5] S[Radeon RX 580 Series] M[] F[]
05.06.2019 11:51:41.478 [000025b4] --- Device N[\\.\DISPLAY6] S[Radeon RX 580 Series] M[] F[]
05.06.2019 11:51:41.478 [000025b4] --- Device N[\\.\DISPLAY7] S[Radeon RX 580 Series] M[] F[]
05.06.2019 11:51:41.479 [000025b4] --- Device N[\\.\DISPLAY8] S[Radeon RX 580 Series] M[] F[]
05.06.2019 11:51:41.479 [000025b4] --- SM_CMONITORS         = 1
05.06.2019 11:51:41.479 [000025b4] --- SM_SAMEDISPLAYFORMAT = 1
05.06.2019 11:51:41.479 [000025b4] --- SM_XVIRTUALSCREEN    = 0
05.06.2019 11:51:41.479 [000025b4] --- SM_YVIRTUALSCREEN    = 0
05.06.2019 11:51:41.479 [000025b4] --- SM_CXVIRTUALSCREEN   = 3840
05.06.2019 11:51:41.479 [000025b4] --- SM_CYVIRTUALSCREEN   = 1200
05.06.2019 11:51:41.479 [000025b4] --- SM_CXCURSOR          = 32
05.06.2019 11:51:41.481 [000025b4] --- [\\.\DISPLAY1] [Radeon RX 580 Series] [MONITOR\ADVEF2D\{4d36e96e-e325-11ce-bfc1-08002be10318}\0017] [Generic PnP Monitor]
05.06.2019 11:51:41.482 [000025b4] --- Enumerated 1 displays
05.06.2019 11:51:41.482 [000025b4] --- Displays initialized
05.06.2019 11:51:41.482 [000025b4] --- Displays[0] M[00010001] HDC[47010dc3] GDC[3f010e0f] L=0 T=0 R=3840 B=1200 RECT[0,0 3840x1200] N[\\.\DISPLAY1] M[Generic PnP Monitor] F[1] PROJ[2x1] MAPS[2]
05.06.2019 11:51:41.482 [000025b4] ---    Grouping G[0] N[0] GD[]
05.06.2019 11:51:41.482 [000025b4] --- ---
05.06.2019 11:51:41.482 [000025b4] --- i1:Executable chrome.exe is excluded DX9
05.06.2019 11:51:41.482 [000025b4] --- DXGI dll=95b60000
05.06.2019 11:51:41.512 [000025b4] --- DirectX DXGI API CreateDXGIFactory detected 1
05.06.2019 11:51:41.541 [000025b4] --- DirectX DXGI API CreateDXGIFactory1 detected 1
05.06.2019 11:51:41.570 [000025b4] --- DirectX DXGI API CreateDXGIFactory2 detected 1
05.06.2019 11:51:41.570 [000025b4] --- DirectX DXGI API detected
05.06.2019 11:51:41.570 [000025b4] --- DirectX D3D12 API detected hd3d12=8f360000
05.06.2019 11:51:41.600 [000025b4] --- DirectX D3D12 API detected 1
05.06.2019 11:51:41.600 [000025b4] --- i2: InterfaceProc1
05.06.2019 11:51:41.600 [000025b4] --- interfaceFunc1 [\\.\DISPLAY1] totalMaps=2
05.06.2019 11:51:41.600 [000025b4] --- i3:Executable chrome.exe is excluded OGL
05.06.2019 11:51:41.628 [000025b4] --- PROCESS DETACH
