04.06.2019 21:14:07.028 [0000335c] ??? OSM handle == NULL error=2
04.06.2019 21:14:07.028 [0000335c] ^^^ SC trying session1
--- [2]
04.06.2019 21:14:07.029 [0000335c] --- App --- Immersive Display PRO v3.0.5 (01.01.2019)
04.06.2019 21:14:07.029 [0000335c] --- OS 6:2 Microsoft Windows 8 Professional (build 9200), 64-bit 7(0) 8(1) 8.1(0) 10(0)
04.06.2019 21:14:07.029 [0000335c] --- Process32 C:\WINDOWS\syswow64\WOWReg32.exe
04.06.2019 21:14:07.029 [0000335c] --- CmdLine ["C:\WINDOWS\syswow64\WOWReg32.exe" /RegionName {3a86c669-5da4-4c61-a223-d276e4665ad4} /SignalReady {23a656b9-a2aa-4a59-b58b-8f8a14e728c4} /SignalComplete {e4692ce8-cc02-4bf5-8634-375495f5038a}]
04.06.2019 21:14:07.029 [0000335c] --- Enumerating displays ...
04.06.2019 21:14:07.029 [0000335c] --- SM_CMONITORS         = 1
04.06.2019 21:14:07.029 [0000335c] --- SM_SAMEDISPLAYFORMAT = 1
04.06.2019 21:14:07.029 [0000335c] --- SM_XVIRTUALSCREEN    = 0
04.06.2019 21:14:07.029 [0000335c] --- SM_YVIRTUALSCREEN    = 0
04.06.2019 21:14:07.029 [0000335c] --- SM_CXVIRTUALSCREEN   = 1024
04.06.2019 21:14:07.029 [0000335c] --- SM_CYVIRTUALSCREEN   = 768
04.06.2019 21:14:07.029 [0000335c] --- SM_CXCURSOR          = 32
04.06.2019 21:14:07.029 [0000335c] ??? No displays enumerated. Retry later
04.06.2019 21:14:07.029 [0000335c] --- hookD3D9
04.06.2019 21:14:07.030 [0000335c] --- DirectX9 dll=71460000
04.06.2019 21:14:07.062 [0000335c] --- DirectX9 API detected
04.06.2019 21:14:07.062 [0000335c] --- DirectX9Ex API detected
04.06.2019 21:14:07.062 [0000335c] --- i1: InterfaceProc1
04.06.2019 21:14:07.062 [0000335c] --- DXGI dll=724a0000
04.06.2019 21:14:07.079 [0000335c] --- DirectX DXGI API CreateDXGIFactory detected 1
04.06.2019 21:14:07.095 [0000335c] --- DirectX DXGI API CreateDXGIFactory1 detected 1
04.06.2019 21:14:07.112 [0000335c] --- DirectX DXGI API CreateDXGIFactory2 detected 1
04.06.2019 21:14:07.112 [0000335c] --- DirectX DXGI API detected
04.06.2019 21:14:07.112 [0000335c] --- DirectX D3D12 API detected hd3d12=72330000
04.06.2019 21:14:07.128 [0000335c] --- DirectX D3D12 API detected 1
04.06.2019 21:14:07.128 [0000335c] --- hookOpenGL
04.06.2019 21:14:07.257 [0000335c] --- OpenGL API detected
