04.06.2019 21:16:38.801 [00001fdc] --- App --- Immersive Display PRO v3.0.5 (01.01.2019)
04.06.2019 21:16:38.801 [00001fdc] --- OS 6:2 Microsoft Windows 8 Professional (build 9200), 64-bit 7(0) 8(1) 8.1(0) 10(0)
04.06.2019 21:16:38.801 [00001fdc] --- Process64 C:\Program Files (x86)\Google\Chrome\Application\chrome.exe
04.06.2019 21:16:38.801 [00001fdc] --- CmdLine ["C:\Program Files (x86)\Google\Chrome\Application\chrome.exe" -- "https://www.intel.com.tw/content/www/tw/zh/support/intel-driver-support-assistant.html"]
04.06.2019 21:16:38.801 [00001fdc] --- Enumerating displays ...
04.06.2019 21:16:38.803 [00001fdc] --- Device N[\\.\DISPLAY10] S[Radeon RX 580 Series] M[Generic PnP Monitor] F[desktop ]
04.06.2019 21:16:38.804 [00001fdc] --- Device N[\\.\DISPLAY11] S[Radeon RX 580 Series] M[Generic PnP Monitor] F[desktop primary ]
04.06.2019 21:16:38.805 [00001fdc] --- Device N[\\.\DISPLAY12] S[Radeon RX 580 Series] M[] F[]
04.06.2019 21:16:38.806 [00001fdc] --- Device N[\\.\DISPLAY13] S[Radeon RX 580 Series] M[] F[]
04.06.2019 21:16:38.807 [00001fdc] --- Device N[\\.\DISPLAY14] S[Radeon RX 580 Series] M[] F[]
04.06.2019 21:16:38.808 [00001fdc] --- Device N[\\.\DISPLAY15] S[Radeon RX 580 Series] M[] F[]
04.06.2019 21:16:38.808 [00001fdc] --- SM_CMONITORS         = 2
04.06.2019 21:16:38.808 [00001fdc] --- SM_SAMEDISPLAYFORMAT = 1
04.06.2019 21:16:38.808 [00001fdc] --- SM_XVIRTUALSCREEN    = 0
04.06.2019 21:16:38.808 [00001fdc] --- SM_YVIRTUALSCREEN    = 0
04.06.2019 21:16:38.808 [00001fdc] --- SM_CXVIRTUALSCREEN   = 3840
04.06.2019 21:16:38.808 [00001fdc] --- SM_CYVIRTUALSCREEN   = 1200
04.06.2019 21:16:38.808 [00001fdc] --- SM_CXCURSOR          = 32
04.06.2019 21:16:38.813 [00001fdc] --- [\\.\DISPLAY10] [Radeon RX 580 Series] [MONITOR\SECA70B\{4d36e96e-e325-11ce-bfc1-08002be10318}\0016] [Generic PnP Monitor]
04.06.2019 21:16:38.814 [00001fdc] --- [\\.\DISPLAY11] [Radeon RX 580 Series] [MONITOR\SECA70B\{4d36e96e-e325-11ce-bfc1-08002be10318}\0015] [Generic PnP Monitor]
04.06.2019 21:16:38.814 [00001fdc] --- Enumerated 2 displays
04.06.2019 21:16:38.814 [00001fdc] --- Displays initialized
04.06.2019 21:16:38.814 [00001fdc] --- Displays[0] M[001c09f1] HDC[5601115b] GDC[ff010678] L=1920 T=0 R=3840 B=1200 RECT[1920,0 1920x1200] N[\\.\DISPLAY10] M[Generic PnP Monitor] F[0] PROJ[2x1] MAPS[2]
04.06.2019 21:16:38.814 [00001fdc] ---    Grouping G[0] N[0] GD[]
04.06.2019 21:16:38.814 [00001fdc] --- Displays[1] M[001205fd] HDC[29010bda] GDC[c60114e7] L=0 T=0 R=1920 B=1200 RECT[0,0 1920x1200] N[\\.\DISPLAY11] M[Generic PnP Monitor] F[1] PROJ[0x0] MAPS[0]
04.06.2019 21:16:38.814 [00001fdc] ---    Grouping G[0] N[0] GD[]
04.06.2019 21:16:38.814 [00001fdc] --- ---
04.06.2019 21:16:38.814 [00001fdc] --- i1:Executable chrome.exe is excluded DX9
04.06.2019 21:16:38.815 [00001fdc] --- DXGI dll=a1720000
04.06.2019 21:16:38.843 [00001fdc] --- DirectX DXGI API CreateDXGIFactory detected 1
04.06.2019 21:16:38.871 [00001fdc] --- DirectX DXGI API CreateDXGIFactory1 detected 1
04.06.2019 21:16:38.899 [00001fdc] --- DirectX DXGI API CreateDXGIFactory2 detected 1
04.06.2019 21:16:38.899 [00001fdc] --- DirectX DXGI API detected
04.06.2019 21:16:38.899 [00001fdc] --- DirectX D3D12 API detected hd3d12=9a880000
04.06.2019 21:16:38.927 [00001fdc] --- DirectX D3D12 API detected 1
04.06.2019 21:16:38.927 [00001fdc] --- i2: InterfaceProc1
04.06.2019 21:16:38.927 [00001fdc] --- interfaceFunc1 [\\.\DISPLAY10] totalMaps=2
04.06.2019 21:16:38.927 [00001fdc] --- i3:Executable chrome.exe is excluded OGL
04.06.2019 21:16:39.187 [00001fdc] --- PROCESS DETACH
