04.06.2019 13:46:48.607 [000020a0] ??? OSM handle == NULL error=2
04.06.2019 13:46:48.607 [000020a0] ^^^ SC trying session1
--- [2]
04.06.2019 13:46:48.607 [000020a0] --- App --- Immersive Display PRO v3.0.5 (01.01.2019)
04.06.2019 13:46:48.607 [000020a0] --- OS 6:2 Microsoft Windows 8 Professional (build 9200), 64-bit 7(0) 8(1) 8.1(0) 10(0)
04.06.2019 13:46:48.607 [000020a0] --- Process32 C:\Program Files (x86)\Google\Update\GoogleUpdate.exe
04.06.2019 13:46:48.607 [000020a0] --- CmdLine ["C:\Program Files (x86)\Google\Update\GoogleUpdate.exe" /c]
04.06.2019 13:46:48.617 [000020a0] --- Enumerating displays ...
04.06.2019 13:46:48.617 [000020a0] --- SM_CMONITORS         = 1
04.06.2019 13:46:48.617 [000020a0] --- SM_SAMEDISPLAYFORMAT = 1
04.06.2019 13:46:48.617 [000020a0] --- SM_XVIRTUALSCREEN    = 0
04.06.2019 13:46:48.617 [000020a0] --- SM_YVIRTUALSCREEN    = 0
04.06.2019 13:46:48.617 [000020a0] --- SM_CXVIRTUALSCREEN   = 1024
04.06.2019 13:46:48.617 [000020a0] --- SM_CYVIRTUALSCREEN   = 768
04.06.2019 13:46:48.617 [000020a0] --- SM_CXCURSOR          = 32
04.06.2019 13:46:48.617 [000020a0] ??? No displays enumerated. Retry later
04.06.2019 13:46:48.617 [000020a0] --- hookD3D9
04.06.2019 13:46:48.619 [000020a0] --- DirectX9 dll=710b0000
04.06.2019 13:46:48.672 [000020a0] --- DirectX9 API detected
04.06.2019 13:46:48.672 [000020a0] --- DirectX9Ex API detected
04.06.2019 13:46:48.672 [000020a0] --- i1: InterfaceProc1
04.06.2019 13:46:48.672 [000020a0] --- DXGI dll=727a0000
04.06.2019 13:46:48.698 [000020a0] --- DirectX DXGI API CreateDXGIFactory detected 1
04.06.2019 13:46:48.723 [000020a0] --- DirectX DXGI API CreateDXGIFactory1 detected 1
04.06.2019 13:46:48.749 [000020a0] --- DirectX DXGI API CreateDXGIFactory2 detected 1
04.06.2019 13:46:48.749 [000020a0] --- DirectX DXGI API detected
04.06.2019 13:46:48.749 [000020a0] --- DirectX D3D12 API detected hd3d12=72630000
04.06.2019 13:46:48.772 [000020a0] --- DirectX D3D12 API detected 1
04.06.2019 13:46:48.772 [000020a0] --- hookOpenGL
04.06.2019 13:46:48.951 [000020a0] --- OpenGL API detected
04.06.2019 13:56:57.785 [000020a0] --- PROCESS DETACH
