05.06.2019 11:10:40.609 [00001eec] --- App --- Immersive Display PRO v3.0.5 (01.01.2019)
05.06.2019 11:10:40.609 [00001eec] --- OS 6:2 Microsoft Windows 8 Professional (build 9200), 64-bit 7(0) 8(1) 8.1(0) 10(0)
05.06.2019 11:10:40.609 [00001eec] --- Process64 C:\Program Files\AMD\CNext\CNext\RSServCmd.exe
05.06.2019 11:10:40.609 [00001eec] --- CmdLine ["C:\Program Files\AMD\CNext\CNext\RSServCmd.exe"  restart]
05.06.2019 11:10:40.609 [00001eec] --- Enumerating displays ...
05.06.2019 11:10:40.609 [00001eec] --- Device N[\\.\DISPLAY1] S[Radeon RX 580 Series] M[Generic PnP Monitor] F[desktop primary ]
05.06.2019 11:10:40.609 [00001eec] --- Device N[\\.\DISPLAY2] S[Radeon RX 580 Series] M[] F[]
05.06.2019 11:10:40.609 [00001eec] --- Device N[\\.\DISPLAY3] S[Radeon RX 580 Series] M[] F[]
05.06.2019 11:10:40.609 [00001eec] --- Device N[\\.\DISPLAY4] S[Radeon RX 580 Series] M[] F[]
05.06.2019 11:10:40.609 [00001eec] --- Device N[\\.\DISPLAY5] S[Radeon RX 580 Series] M[] F[]
05.06.2019 11:10:40.625 [00001eec] --- Device N[\\.\DISPLAY6] S[Radeon RX 580 Series] M[] F[]
05.06.2019 11:10:40.625 [00001eec] --- Device N[\\.\DISPLAY7] S[Radeon RX 580 Series] M[] F[]
05.06.2019 11:10:40.625 [00001eec] --- Device N[\\.\DISPLAY8] S[Radeon RX 580 Series] M[] F[]
05.06.2019 11:10:40.625 [00001eec] --- SM_CMONITORS         = 1
05.06.2019 11:10:40.625 [00001eec] --- SM_SAMEDISPLAYFORMAT = 1
05.06.2019 11:10:40.625 [00001eec] --- SM_XVIRTUALSCREEN    = 0
05.06.2019 11:10:40.625 [00001eec] --- SM_YVIRTUALSCREEN    = 0
05.06.2019 11:10:40.625 [00001eec] --- SM_CXVIRTUALSCREEN   = 3840
05.06.2019 11:10:40.625 [00001eec] --- SM_CYVIRTUALSCREEN   = 1200
05.06.2019 11:10:40.625 [00001eec] --- SM_CXCURSOR          = 32
05.06.2019 11:10:40.625 [00001eec] --- [\\.\DISPLAY1] [Radeon RX 580 Series] [MONITOR\ADVEF2D\{4d36e96e-e325-11ce-bfc1-08002be10318}\0017] [Generic PnP Monitor]
05.06.2019 11:10:40.625 [00001eec] --- Enumerated 1 displays
05.06.2019 11:10:40.625 [00001eec] --- Displays initialized
05.06.2019 11:10:40.625 [00001eec] --- Displays[0] M[00010001] HDC[0b010cb6] GDC[08010cb7] L=0 T=0 R=3840 B=1200 RECT[0,0 3840x1200] N[\\.\DISPLAY1] M[Generic PnP Monitor] F[1] PROJ[2x1] MAPS[2]
05.06.2019 11:10:40.625 [00001eec] ---    Grouping G[0] N[0] GD[]
05.06.2019 11:10:40.625 [00001eec] --- ---
05.06.2019 11:10:40.625 [00001eec] --- hookD3D9
05.06.2019 11:10:40.625 [00001eec] --- DirectX9 dll=1c9c0000
05.06.2019 11:10:40.672 [00001eec] --- DirectX9 API detected
05.06.2019 11:10:40.672 [00001eec] --- DirectX9Ex API detected
05.06.2019 11:10:40.672 [00001eec] --- i1: InterfaceProc1
05.06.2019 11:10:40.672 [00001eec] --- interfaceFunc1 [\\.\DISPLAY1] totalMaps=2
05.06.2019 11:10:40.672 [00001eec] --- DXGI dll=4b3e0000
05.06.2019 11:10:40.687 [00001eec] --- DirectX DXGI API CreateDXGIFactory detected 1
05.06.2019 11:10:40.718 [00001eec] --- DirectX DXGI API CreateDXGIFactory1 detected 1
05.06.2019 11:10:40.734 [00001eec] --- DirectX DXGI API CreateDXGIFactory2 detected 1
05.06.2019 11:10:40.734 [00001eec] --- DirectX DXGI API detected
05.06.2019 11:10:40.734 [00001eec] --- DirectX D3D12 API detected hd3d12=44950000
05.06.2019 11:10:40.765 [00001eec] --- DirectX D3D12 API detected 1
05.06.2019 11:10:40.765 [00001eec] --- hookOpenGL
05.06.2019 11:10:40.921 [00001eec] --- OpenGL API detected
05.06.2019 11:10:41.171 [00001eec] --- PROCESS DETACH
