04.06.2019 14:55:52.614 [00002094] --- App --- Immersive Display PRO v3.0.5 (01.01.2019)
04.06.2019 14:55:52.614 [00002094] --- OS 6:2 Microsoft Windows 8 Professional (build 9200), 64-bit 7(0) 8(1) 8.1(0) 10(0)
04.06.2019 14:55:52.614 [00002094] --- Process64 C:\PROGRA~1\FARO\SCENEL~1\libcef_process.exe
04.06.2019 14:55:52.614 [00002094] --- CmdLine [libcef_process.exe --type=renderer --disable-gpu-compositing --no-sandbox --enable-begin-frame-scheduling --disable-databases --lang=en-US --lang=zh-CN --log-file=cef_logfile.txt --log-severity=disable --enable-pinch --device-scale-factor=1 --num-raster-thre?]
04.06.2019 14:55:52.615 [00002094] --- Enumerating displays ...
04.06.2019 14:55:52.615 [00002094] --- Device N[\\.\DISPLAY1] S[Radeon RX 580 Series] M[Generic PnP Monitor] F[desktop primary ]
04.06.2019 14:55:52.616 [00002094] --- Device N[\\.\DISPLAY2] S[Radeon RX 580 Series] M[] F[]
04.06.2019 14:55:52.616 [00002094] --- Device N[\\.\DISPLAY3] S[Radeon RX 580 Series] M[] F[]
04.06.2019 14:55:52.617 [00002094] --- Device N[\\.\DISPLAY4] S[Radeon RX 580 Series] M[] F[]
04.06.2019 14:55:52.617 [00002094] --- Device N[\\.\DISPLAY5] S[Radeon RX 580 Series] M[] F[]
04.06.2019 14:55:52.618 [00002094] --- Device N[\\.\DISPLAY6] S[Radeon RX 580 Series] M[] F[]
04.06.2019 14:55:52.618 [00002094] --- Device N[\\.\DISPLAY7] S[Radeon RX 580 Series] M[] F[]
04.06.2019 14:55:52.619 [00002094] --- Device N[\\.\DISPLAY8] S[Radeon RX 580 Series] M[] F[]
04.06.2019 14:55:52.619 [00002094] --- SM_CMONITORS         = 1
04.06.2019 14:55:52.619 [00002094] --- SM_SAMEDISPLAYFORMAT = 1
04.06.2019 14:55:52.619 [00002094] --- SM_XVIRTUALSCREEN    = 0
04.06.2019 14:55:52.619 [00002094] --- SM_YVIRTUALSCREEN    = 0
04.06.2019 14:55:52.619 [00002094] --- SM_CXVIRTUALSCREEN   = 3840
04.06.2019 14:55:52.619 [00002094] --- SM_CYVIRTUALSCREEN   = 1200
04.06.2019 14:55:52.619 [00002094] --- SM_CXCURSOR          = 32
04.06.2019 14:55:52.621 [00002094] --- [\\.\DISPLAY1] [Radeon RX 580 Series] [MONITOR\ADVEF2D\{4d36e96e-e325-11ce-bfc1-08002be10318}\0013] [Generic PnP Monitor]
04.06.2019 14:55:52.622 [00002094] --- Enumerated 1 displays
04.06.2019 14:55:52.622 [00002094] --- Displays initialized
04.06.2019 14:55:52.622 [00002094] --- Displays[0] M[00010001] HDC[a001093f] GDC[dd010ffb] L=0 T=0 R=3840 B=1200 RECT[0,0 3840x1200] N[\\.\DISPLAY1] M[Generic PnP Monitor] F[1] PROJ[2x1] MAPS[2]
04.06.2019 14:55:52.622 [00002094] ---    Grouping G[0] N[0] GD[]
04.06.2019 14:55:52.622 [00002094] --- ---
04.06.2019 14:55:52.622 [00002094] --- hookD3D9
04.06.2019 14:55:52.623 [00002094] --- DirectX9 dll=56cb0000
04.06.2019 14:55:52.658 [00002094] --- DirectX9 API detected
04.06.2019 14:55:52.658 [00002094] --- DirectX9Ex API detected
04.06.2019 14:55:52.658 [00002094] --- i1: InterfaceProc1
04.06.2019 14:55:52.658 [00002094] --- interfaceFunc1 [\\.\DISPLAY1] totalMaps=2
04.06.2019 14:55:52.659 [00002094] --- DXGI dll=7ce30000
04.06.2019 14:55:52.677 [00002094] --- DirectX DXGI API CreateDXGIFactory detected 1
04.06.2019 14:55:52.695 [00002094] --- DirectX DXGI API CreateDXGIFactory1 detected 1
04.06.2019 14:55:52.713 [00002094] --- DirectX DXGI API CreateDXGIFactory2 detected 1
04.06.2019 14:55:52.713 [00002094] --- DirectX DXGI API detected
04.06.2019 14:55:52.713 [00002094] --- DirectX D3D12 API detected hd3d12=75c40000
04.06.2019 14:55:52.732 [00002094] --- DirectX D3D12 API detected 1
04.06.2019 14:55:52.732 [00002094] --- hookOpenGL
04.06.2019 14:55:52.859 [00002094] --- OpenGL API detected
