04.06.2019 21:24:50.806 [0000037c] ??? OSM handle == NULL error=2
04.06.2019 21:24:50.806 [0000037c] ^^^ SC trying session1
04.06.2019 21:24:50.806 [0000037c] ??? OSM handle == NULL error=2
04.06.2019 21:24:50.806 [0000037c] ^^^ SC trying session2
04.06.2019 21:24:50.806 [0000037c] ??? OSM handle == NULL error=3
04.06.2019 21:24:50.806 [0000037c] --- DXGI dll=7a520000
04.06.2019 21:24:50.806 [0000037c] --- DirectX DXGI API CreateDXGIFactory detected 1
04.06.2019 21:24:50.822 [0000037c] --- DirectX DXGI API CreateDXGIFactory1 detected 1
04.06.2019 21:24:50.822 [0000037c] --- DirectX DXGI API CreateDXGIFactory2 detected 1
04.06.2019 21:24:50.822 [0000037c] --- DirectX DXGI API detected
04.06.2019 21:24:50.838 [0000037c] --- DirectX D3D11 API detected 1
04.06.2019 21:24:50.838 [0000037c] --- DirectX D3D12 API detected hd3d12=73c90000
04.06.2019 21:24:50.838 [0000037c] --- DirectX D3D12 API detected 1
04.06.2019 21:24:50.838 [0000037c] ??? OSM handle == NULL error=2
04.06.2019 21:24:50.838 [0000037c] ^^^ SC trying session1
04.06.2019 21:24:50.838 [0000037c] ??? OSM handle == NULL error=2
04.06.2019 21:24:50.838 [0000037c] ^^^ SC trying session2
04.06.2019 21:24:50.838 [0000037c] ??? OSM handle == NULL error=3
04.06.2019 21:24:50.838 [0000037c] ??? OSM handle == NULL error=2
04.06.2019 21:24:50.838 [0000037c] ^^^ SC trying session1
04.06.2019 21:24:50.838 [0000037c] ??? OSM handle == NULL error=2
04.06.2019 21:24:50.838 [0000037c] ^^^ SC trying session2
04.06.2019 21:24:50.838 [0000037c] ??? OSM handle == NULL error=3
04.06.2019 21:24:50.838 [0000037c] ??? OSM handle == NULL error=2
04.06.2019 21:24:50.838 [0000037c] ^^^ SC trying session1
04.06.2019 21:24:50.838 [0000037c] ??? OSM handle == NULL error=2
04.06.2019 21:24:50.838 [0000037c] ^^^ SC trying session2
04.06.2019 21:24:50.838 [0000037c] ??? OSM handle == NULL error=3
04.06.2019 21:24:50.853 [000007f0] ??? OSM handle == NULL error=2
04.06.2019 21:24:50.853 [000007f0] ^^^ SC trying session1
04.06.2019 21:24:50.853 [000007f0] ??? OSM handle == NULL error=2
04.06.2019 21:24:50.853 [000007f0] ^^^ SC trying session2
04.06.2019 21:24:50.853 [000007f0] ??? OSM handle == NULL error=3
04.06.2019 21:24:50.916 [000007d8] --- D3D11CreateDevice ADAPTER NULL
04.06.2019 21:24:50.916 [000007d8] ??? OSM handle == NULL error=2
04.06.2019 21:24:50.916 [000007d8] ^^^ SC trying session1
04.06.2019 21:24:50.916 [000007d8] ??? OSM handle == NULL error=2
04.06.2019 21:24:50.916 [000007d8] ^^^ SC trying session2
04.06.2019 21:24:50.916 [000007d8] ??? OSM handle == NULL error=3
04.06.2019 21:24:51.009 [000007d8] --- Device FeatureLevel -> 0000b000
04.06.2019 21:24:51.009 [000007d8] ??? OSM handle == NULL error=2
04.06.2019 21:24:51.009 [000007d8] ^^^ SC trying session1
04.06.2019 21:24:51.009 [000007d8] ??? OSM handle == NULL error=2
04.06.2019 21:24:51.009 [000007d8] ^^^ SC trying session2
04.06.2019 21:24:51.009 [000007d8] ??? OSM handle == NULL error=3
04.06.2019 21:24:51.025 [000007f0] --- D3D11CreateDevice ADAPTER Description=Radeon RX 580 Series
04.06.2019 21:24:51.025 [000007f0] --- Device FeatureLevels[0]=0000a100
04.06.2019 21:24:51.025 [000007f0] --- D3D11CreateDevice ADAPTER Description=Radeon RX 580 Series
04.06.2019 21:24:51.025 [000007f0] --- Device FeatureLevels[0]=0000c100
04.06.2019 21:24:51.025 [000007f0] --- Device FeatureLevels[1]=0000c000
04.06.2019 21:24:51.025 [000007f0] --- Device FeatureLevels[2]=0000b100
04.06.2019 21:24:51.025 [000007f0] --- Device FeatureLevels[3]=0000b000
04.06.2019 21:24:51.025 [000007f0] --- Device FeatureLevels[4]=0000a100
04.06.2019 21:24:51.025 [000007f0] --- Device FeatureLevels[5]=0000a000
04.06.2019 21:24:51.025 [000007f0] --- Device FeatureLevels[6]=00009300
04.06.2019 21:24:51.025 [000007f0] --- Device FeatureLevels[7]=00009200
04.06.2019 21:24:51.025 [000007f0] --- Device FeatureLevels[8]=00009100
04.06.2019 21:24:51.025 [000007f0] --- Device FeatureLevel -> 0000c000
04.06.2019 21:24:53.931 [000007f0] ??? OSM handle == NULL error=2
04.06.2019 21:24:53.931 [000007f0] ^^^ SC trying session1
04.06.2019 21:24:53.931 [000007f0] ??? OSM handle == NULL error=2
04.06.2019 21:24:53.931 [000007f0] ^^^ SC trying session2
04.06.2019 21:24:53.931 [000007f0] ??? OSM handle == NULL error=3
--- [63]
04.06.2019 21:25:53.285 [000007f0] --- App --- Immersive Display PRO v3.0.5 (01.01.2019)
04.06.2019 21:25:53.285 [000007f0] --- OS 6:2 Microsoft Windows 8 Professional (build 9200), 64-bit 7(0) 8(1) 8.1(0) 10(0)
04.06.2019 21:25:53.285 [000007f0] --- Process64 C:\WINDOWS\system32\dwm.exe
04.06.2019 21:25:53.285 [000007f0] --- CmdLine ["dwm.exe"]
04.06.2019 21:25:53.285 [000007f0] --- Enumerating displays ...
04.06.2019 21:25:53.313 [000007f0] --- Device N[\\.\DISPLAY1] S[Radeon RX 580 Series] M[] F[]
04.06.2019 21:25:53.315 [000007f0] --- Device N[\\.\DISPLAY2] S[Radeon RX 580 Series] M[Generic PnP Monitor] F[desktop primary ]
04.06.2019 21:25:53.316 [000007f0] --- Device N[\\.\DISPLAY3] S[Radeon RX 580 Series] M[] F[]
04.06.2019 21:25:53.317 [000007f0] --- Device N[\\.\DISPLAY4] S[Radeon RX 580 Series] M[] F[]
04.06.2019 21:25:53.319 [000007f0] --- Device N[\\.\DISPLAY5] S[Radeon RX 580 Series] M[] F[]
04.06.2019 21:25:53.320 [000007f0] --- Device N[\\.\DISPLAY6] S[Radeon RX 580 Series] M[] F[]
04.06.2019 21:25:53.321 [000007f0] --- Device N[\\.\DISPLAY7] S[Radeon RX 580 Series] M[] F[]
04.06.2019 21:25:53.322 [000007f0] --- Device N[\\.\DISPLAY8] S[Radeon RX 580 Series] M[] F[]
04.06.2019 21:25:53.323 [000007f0] --- SM_CMONITORS         = 1
04.06.2019 21:25:53.323 [000007f0] --- SM_SAMEDISPLAYFORMAT = 1
04.06.2019 21:25:53.323 [000007f0] --- SM_XVIRTUALSCREEN    = 0
04.06.2019 21:25:53.323 [000007f0] --- SM_YVIRTUALSCREEN    = 0
04.06.2019 21:25:53.323 [000007f0] --- SM_CXVIRTUALSCREEN   = 3840
04.06.2019 21:25:53.323 [000007f0] --- SM_CYVIRTUALSCREEN   = 1200
04.06.2019 21:25:53.323 [000007f0] --- SM_CXCURSOR          = 32
04.06.2019 21:25:53.328 [000007f0] --- [\\.\DISPLAY2] [Radeon RX 580 Series] [MONITOR\ADVEF2D\{4d36e96e-e325-11ce-bfc1-08002be10318}\0017] [Generic PnP Monitor]
04.06.2019 21:25:53.333 [000007f0] --- Enumerated 1 displays
04.06.2019 21:25:53.333 [000007f0] --- Displays initialized
04.06.2019 21:25:53.333 [000007f0] --- Displays[0] M[005c0511] HDC[0d01007e] GDC[16010080] L=0 T=0 R=3840 B=1200 RECT[0,0 3840x1200] N[\\.\DISPLAY2] M[Generic PnP Monitor] F[1] PROJ[0x0] MAPS[0]
04.06.2019 21:25:53.333 [000007f0] ---    Grouping G[0] N[0] GD[]
04.06.2019 21:25:53.333 [000007f0] --- ---
04.06.2019 21:27:40.815 [000007f0] --- D3D11CreateDevice ADAPTER Description=Microsoft Basic Render Driver
04.06.2019 21:27:40.815 [000007f0] --- Device FeatureLevels[0]=0000a100
04.06.2019 21:27:40.830 [000007f0] --- D3D11CreateDevice ADAPTER Description=Microsoft Basic Render Driver
04.06.2019 21:27:40.830 [000007f0] --- Device FeatureLevels[0]=0000c100
04.06.2019 21:27:40.830 [000007f0] --- Device FeatureLevels[1]=0000c000
04.06.2019 21:27:40.830 [000007f0] --- Device FeatureLevels[2]=0000b100
04.06.2019 21:27:40.830 [000007f0] --- Device FeatureLevels[3]=0000b000
04.06.2019 21:27:40.830 [000007f0] --- Device FeatureLevels[4]=0000a100
04.06.2019 21:27:40.830 [000007f0] --- Device FeatureLevels[5]=0000a000
04.06.2019 21:27:40.830 [000007f0] --- Device FeatureLevels[6]=00009300
04.06.2019 21:27:40.830 [000007f0] --- Device FeatureLevels[7]=00009200
04.06.2019 21:27:40.830 [000007f0] --- Device FeatureLevels[8]=00009100
04.06.2019 21:27:40.830 [000007f0] --- Device FeatureLevel -> 0000c100
