04.06.2019 14:55:51.756 [00000e20] --- App --- Immersive Display PRO v3.0.5 (01.01.2019)
04.06.2019 14:55:51.756 [00000e20] --- OS 6:2 Microsoft Windows 8 Professional (build 9200), 64-bit 7(0) 8(1) 8.1(0) 10(0)
04.06.2019 14:55:51.756 [00000e20] --- Process64 C:\PROGRA~1\FARO\SCENEL~1\SCENEL~1.EXE
04.06.2019 14:55:51.756 [00000e20] --- CmdLine ["C:\PROGRA~1\FARO\SCENEL~1\SCENEL~1.EXE" /dde]
04.06.2019 14:55:51.756 [00000e20] --- Enumerating displays ...
04.06.2019 14:55:51.756 [00000e20] --- Device N[\\.\DISPLAY1] S[Radeon RX 580 Series] M[Generic PnP Monitor] F[desktop primary ]
04.06.2019 14:55:51.757 [00000e20] --- Device N[\\.\DISPLAY2] S[Radeon RX 580 Series] M[] F[]
04.06.2019 14:55:51.758 [00000e20] --- Device N[\\.\DISPLAY3] S[Radeon RX 580 Series] M[] F[]
04.06.2019 14:55:51.758 [00000e20] --- Device N[\\.\DISPLAY4] S[Radeon RX 580 Series] M[] F[]
04.06.2019 14:55:51.759 [00000e20] --- Device N[\\.\DISPLAY5] S[Radeon RX 580 Series] M[] F[]
04.06.2019 14:55:51.759 [00000e20] --- Device N[\\.\DISPLAY6] S[Radeon RX 580 Series] M[] F[]
04.06.2019 14:55:51.760 [00000e20] --- Device N[\\.\DISPLAY7] S[Radeon RX 580 Series] M[] F[]
04.06.2019 14:55:51.760 [00000e20] --- Device N[\\.\DISPLAY8] S[Radeon RX 580 Series] M[] F[]
04.06.2019 14:55:51.760 [00000e20] --- SM_CMONITORS         = 1
04.06.2019 14:55:51.760 [00000e20] --- SM_SAMEDISPLAYFORMAT = 1
04.06.2019 14:55:51.760 [00000e20] --- SM_XVIRTUALSCREEN    = 0
04.06.2019 14:55:51.760 [00000e20] --- SM_YVIRTUALSCREEN    = 0
04.06.2019 14:55:51.760 [00000e20] --- SM_CXVIRTUALSCREEN   = 3840
04.06.2019 14:55:51.760 [00000e20] --- SM_CYVIRTUALSCREEN   = 1200
04.06.2019 14:55:51.760 [00000e20] --- SM_CXCURSOR          = 32
04.06.2019 14:55:51.763 [00000e20] --- [\\.\DISPLAY1] [Radeon RX 580 Series] [MONITOR\ADVEF2D\{4d36e96e-e325-11ce-bfc1-08002be10318}\0013] [Generic PnP Monitor]
04.06.2019 14:55:51.763 [00000e20] --- Enumerated 1 displays
04.06.2019 14:55:51.763 [00000e20] --- Displays initialized
04.06.2019 14:55:51.763 [00000e20] --- Displays[0] M[00010001] HDC[75010898] GDC[ca010e64] L=0 T=0 R=3840 B=1200 RECT[0,0 3840x1200] N[\\.\DISPLAY1] M[Generic PnP Monitor] F[1] PROJ[2x1] MAPS[2]
04.06.2019 14:55:51.763 [00000e20] ---    Grouping G[0] N[0] GD[]
04.06.2019 14:55:51.763 [00000e20] --- ---
04.06.2019 14:55:51.763 [00000e20] --- hookD3D9
04.06.2019 14:55:51.764 [00000e20] --- DirectX9 dll=56cb0000
04.06.2019 14:55:51.799 [00000e20] --- DirectX9 API detected
04.06.2019 14:55:51.799 [00000e20] --- DirectX9Ex API detected
04.06.2019 14:55:51.799 [00000e20] --- i1: InterfaceProc1
04.06.2019 14:55:51.799 [00000e20] --- interfaceFunc1 [\\.\DISPLAY1] totalMaps=2
04.06.2019 14:55:51.799 [00000e20] --- DXGI dll=7ce30000
04.06.2019 14:55:51.816 [00000e20] --- DirectX DXGI API CreateDXGIFactory detected 1
04.06.2019 14:55:51.833 [00000e20] --- DirectX DXGI API CreateDXGIFactory1 detected 1
04.06.2019 14:55:51.850 [00000e20] --- DirectX DXGI API CreateDXGIFactory2 detected 1
04.06.2019 14:55:51.850 [00000e20] --- DirectX DXGI API detected
04.06.2019 14:55:51.850 [00000e20] --- DirectX D3D12 API detected hd3d12=75c40000
04.06.2019 14:55:51.867 [00000e20] --- DirectX D3D12 API detected 1
04.06.2019 14:55:51.867 [00000e20] --- hookOpenGL
04.06.2019 14:55:51.986 [00000e20] --- OpenGL API detected
04.06.2019 14:55:52.858 [00000e20] --- wglCreateLayerContext hdc=040107cc iLayerPlane=0 hglrc=00010000
04.06.2019 14:55:52.858 [00000e20] --- WWW H[000c05aa] C[dummyGLContext] W[extension initializer] T[00000e20] M[00010001] R[249,156 320x240] CR[0,0 300x197]
04.06.2019 14:55:52.858 [00000e20] --- OpenGLWarpContext[0b059040] HDC=040107cc GLRC=00010000 HWND=000c05aa isFullscreen=0
04.06.2019 14:55:52.866 [00000e20] --- wglDeleteContext 00010000
04.06.2019 14:55:52.866 [00000e20] --- ~BaseWarpContext[0b059040]
04.06.2019 14:56:17.204 [00001054] --- wglCreateLayerContext hdc=c6010dd8 iLayerPlane=0 hglrc=00020000
04.06.2019 14:56:17.204 [00001054] --- WWW H[002e0548] C[Afx:0000000140000000:2b] W[] T[00000e20] M[00010001] R[592,237 3002x773] CR[0,0 3002x773]
04.06.2019 14:56:17.204 [00001054] --- PPP H[0007004e] C[Afx:ControlBar:40000000:8:10003:10] W[???????...] T[00000e20] M[00010001] R[592,237 3002x773] CR[0,0 3002x773]
04.06.2019 14:56:17.204 [00001054] --- PPP H[0055055c] C[Afx:0000000140000000:8:0000000000000000:0000000000000010:00000000010A06C7] W[???????...] T[00000e20] M[00010001] R[592,237 3002x773] CR[0,0 3002x773]
04.06.2019 14:56:17.204 [00001054] --- PPP H[00270696] C[MDIClient] W[] T[00000e20] M[00010001] R[589,215 3008x798] CR[0,0 3008x798]
04.06.2019 14:56:17.204 [00001054] --- PPP H[001606d2] C[Afx:0000000140000000:8:0000000000010003:0000000000000000:00000000001F074B] W[20190326_oldhouse - SCENE LT 2019.0.1.1653] T[00000e20] M[00010001] R[327,80 3278x960] CR[0,0 3262x921]
04.06.2019 14:56:17.204 [00001054] --- OpenGLWarpContext[267e8040] HDC=c6010dd8 GLRC=00020000 HWND=002e0548 isFullscreen=0
04.06.2019 14:56:17.925 [00001054] --- UPP[267e8040] CHANGE Projector configuration for display(0) 0x0 -> 2x1 
04.06.2019 14:56:17.925 [00001054] --- UPP[267e8040] CHANGE WindowsWarping 1
04.06.2019 14:56:17.925 [00001054] --- UPP[267e8040] CHANGE DesktopWarping 1
04.06.2019 14:56:17.925 [00001054] --- UPP[267e8040] CHANGE HWND[002e0548] Window rect changed 0,0 0x0 -> 592,237 3002x773
04.06.2019 14:56:17.925 [00001054] --- UPP[267e8040] CHANGE HWND[002e0548] Client rect changed 0,0 0x0 -> 0,0 3002x773
04.06.2019 14:56:17.925 [00001054] --- UPP[267e8040] CHANGE HWND[002e0548] Monitor changed 00000000 -> 00010001 
04.06.2019 14:56:17.925 [00001054] --- UPP[00000000] RECREATE
04.06.2019 14:56:17.925 [00001054] --- UPP[267e8040] SKIP (DWMRunning(1) or NOT WindowWarping(1))
04.06.2019 14:56:59.643 [00001054] --- wglDeleteContext 00020000
04.06.2019 14:56:59.643 [00001054] --- ~BaseWarpContext[267e8040]
04.06.2019 14:57:02.955 [00000364] --- wglCreateLayerContext hdc=83010e5f iLayerPlane=0 hglrc=00030000
04.06.2019 14:57:02.955 [00000364] --- WWW H[000405f4] C[Afx:0000000140000000:2b] W[] T[00000e20] M[00010001] R[592,237 3002x773] CR[0,0 3002x773]
04.06.2019 14:57:02.955 [00000364] --- PPP H[0014053c] C[Afx:ControlBar:40000000:8:10003:10] W[???????...] T[00000e20] M[00010001] R[592,237 3002x773] CR[0,0 3002x773]
04.06.2019 14:57:02.955 [00000364] --- PPP H[001f06da] C[Afx:0000000140000000:8:0000000000000000:0000000000000010:00000000010A06C7] W[???????...] T[00000e20] M[00010001] R[592,237 3002x773] CR[0,0 3002x773]
04.06.2019 14:57:02.955 [00000364] --- PPP H[00270696] C[MDIClient] W[] T[00000e20] M[00010001] R[589,215 3008x798] CR[0,0 3008x798]
04.06.2019 14:57:02.955 [00000364] --- PPP H[001606d2] C[Afx:0000000140000000:8:0000000000010003:0000000000000000:00000000001F074B] W[20190326_oldhouse - SCENE LT 2019.0.1.1653] T[00000e20] M[00010001] R[327,80 3278x960] CR[0,0 3262x921]
04.06.2019 14:57:02.955 [00000364] --- OpenGLWarpContext[1d82a040] HDC=83010e5f GLRC=00030000 HWND=000405f4 isFullscreen=0
04.06.2019 14:57:03.541 [00000364] --- UPP[1d82a040] CHANGE Projector configuration for display(0) 0x0 -> 2x1 
04.06.2019 14:57:03.541 [00000364] --- UPP[1d82a040] CHANGE WindowsWarping 1
04.06.2019 14:57:03.541 [00000364] --- UPP[1d82a040] CHANGE DesktopWarping 1
04.06.2019 14:57:03.541 [00000364] --- UPP[1d82a040] CHANGE HWND[000405f4] Window rect changed 0,0 0x0 -> 592,237 3002x773
04.06.2019 14:57:03.541 [00000364] --- UPP[1d82a040] CHANGE HWND[000405f4] Client rect changed 0,0 0x0 -> 0,0 3002x773
04.06.2019 14:57:03.541 [00000364] --- UPP[1d82a040] CHANGE HWND[000405f4] Monitor changed 00000000 -> 00010001 
04.06.2019 14:57:03.541 [00000364] --- UPP[00000000] RECREATE
04.06.2019 14:57:03.541 [00000364] --- UPP[1d82a040] SKIP (DWMRunning(1) or NOT WindowWarping(1))
04.06.2019 14:57:25.782 [00000364] --- UPP[1d82a040] CHANGE HWND[000405f4] Window rect changed 592,237 3002x773 -> 589,235 250x778
04.06.2019 14:57:25.782 [00000364] --- UPP[1d82a040] CHANGE HWND[000405f4] Client rect changed 0,0 3002x773 -> 0,0 250x778
04.06.2019 14:57:25.782 [00000364] --- UPP[00000000] RECREATE
04.06.2019 14:57:25.782 [00000364] --- UPP[1d82a040] SKIP (DWMRunning(1) or NOT WindowWarping(1))
04.06.2019 14:57:25.902 [00000364] --- UPP[1d82a040] CHANGE HWND[000405f4] Window rect changed 589,235 250x778 -> 592,237 3002x773
04.06.2019 14:57:25.902 [00000364] --- UPP[1d82a040] CHANGE HWND[000405f4] Client rect changed 0,0 250x778 -> 0,0 3002x773
04.06.2019 14:57:25.902 [00000364] --- UPP[00000000] RECREATE
04.06.2019 14:57:25.902 [00000364] --- UPP[1d82a040] SKIP (DWMRunning(1) or NOT WindowWarping(1))
04.06.2019 15:05:53.891 [00000364] --- UPP[1d82a040] CHANGE HWND[000405f4] Window rect changed 592,237 3002x773 -> -10,184 3002x773
04.06.2019 15:05:53.978 [00000364] --- UPP[1d82a040] CHANGE HWND[000405f4] Window rect changed -10,184 3002x773 -> -5,194 3002x773
04.06.2019 15:05:54.089 [00000364] --- UPP[1d82a040] CHANGE HWND[000405f4] Window rect changed -5,194 3002x773 -> 40,221 3002x773
04.06.2019 15:05:54.272 [00000364] --- UPP[1d82a040] CHANGE HWND[000405f4] Window rect changed 40,221 3002x773 -> 175,237 3002x773
04.06.2019 15:05:54.355 [00000364] --- UPP[1d82a040] CHANGE HWND[000405f4] Window rect changed 175,237 3002x773 -> 208,237 3002x773
04.06.2019 15:06:13.188 [00000364] --- UPP[1d82a040] CHANGE HWND[000405f4] Window rect changed 208,237 3002x773 -> -6,262 3256x773
04.06.2019 15:06:13.188 [00000364] --- UPP[1d82a040] CHANGE HWND[000405f4] Client rect changed 0,0 3002x773 -> 0,0 3256x773
04.06.2019 15:06:13.188 [00000364] --- UPP[00000000] RECREATE
04.06.2019 15:06:13.188 [00000364] --- UPP[1d82a040] SKIP (DWMRunning(1) or NOT WindowWarping(1))
04.06.2019 15:06:13.254 [00000364] --- UPP[1d82a040] CHANGE HWND[000405f4] Window rect changed -6,262 3256x773 -> 248,262 3002x773
04.06.2019 15:06:13.254 [00000364] --- UPP[1d82a040] CHANGE HWND[000405f4] Client rect changed 0,0 3256x773 -> 0,0 3002x773
04.06.2019 15:06:13.254 [00000364] --- UPP[00000000] RECREATE
04.06.2019 15:06:13.254 [00000364] --- UPP[1d82a040] SKIP (DWMRunning(1) or NOT WindowWarping(1))
04.06.2019 15:06:29.111 [00000364] --- wglDeleteContext 00030000
04.06.2019 15:06:29.111 [00000364] --- ~BaseWarpContext[1d82a040]
04.06.2019 15:06:32.564 [00000e20] --- PROCESS DETACH
