05.06.2019 11:11:07.130 [000022ac] --- App --- Immersive Display PRO v3.0.5 (01.01.2019)
05.06.2019 11:11:07.130 [000022ac] --- OS 6:2 Microsoft Windows 8 Professional (build 9200), 64-bit 7(0) 8(1) 8.1(0) 10(0)
05.06.2019 11:11:07.130 [000022ac] --- Process64 C:\Program Files (x86)\Kindel Systems\MCE Controller\MCEControl.exe
05.06.2019 11:11:07.130 [000022ac] --- CmdLine ["C:\Program Files (x86)\Kindel Systems\MCE Controller\MCEControl.exe" ]
05.06.2019 11:11:07.130 [000022ac] --- Enumerating displays ...
05.06.2019 11:11:07.131 [000022ac] --- Device N[\\.\DISPLAY1] S[Radeon RX 580 Series] M[Generic PnP Monitor] F[desktop primary ]
05.06.2019 11:11:07.132 [000022ac] --- Device N[\\.\DISPLAY2] S[Radeon RX 580 Series] M[] F[]
05.06.2019 11:11:07.132 [000022ac] --- Device N[\\.\DISPLAY3] S[Radeon RX 580 Series] M[] F[]
05.06.2019 11:11:07.133 [000022ac] --- Device N[\\.\DISPLAY4] S[Radeon RX 580 Series] M[] F[]
05.06.2019 11:11:07.133 [000022ac] --- Device N[\\.\DISPLAY5] S[Radeon RX 580 Series] M[] F[]
05.06.2019 11:11:07.134 [000022ac] --- Device N[\\.\DISPLAY6] S[Radeon RX 580 Series] M[] F[]
05.06.2019 11:11:07.134 [000022ac] --- Device N[\\.\DISPLAY7] S[Radeon RX 580 Series] M[] F[]
05.06.2019 11:11:07.135 [000022ac] --- Device N[\\.\DISPLAY8] S[Radeon RX 580 Series] M[] F[]
05.06.2019 11:11:07.135 [000022ac] --- SM_CMONITORS         = 1
05.06.2019 11:11:07.135 [000022ac] --- SM_SAMEDISPLAYFORMAT = 1
05.06.2019 11:11:07.135 [000022ac] --- SM_XVIRTUALSCREEN    = 0
05.06.2019 11:11:07.135 [000022ac] --- SM_YVIRTUALSCREEN    = 0
05.06.2019 11:11:07.135 [000022ac] --- SM_CXVIRTUALSCREEN   = 3840
05.06.2019 11:11:07.135 [000022ac] --- SM_CYVIRTUALSCREEN   = 1200
05.06.2019 11:11:07.135 [000022ac] --- SM_CXCURSOR          = 32
05.06.2019 11:11:07.137 [000022ac] --- [\\.\DISPLAY1] [Radeon RX 580 Series] [MONITOR\ADVEF2D\{4d36e96e-e325-11ce-bfc1-08002be10318}\0017] [Generic PnP Monitor]
05.06.2019 11:11:07.137 [000022ac] --- Enumerated 1 displays
05.06.2019 11:11:07.137 [000022ac] --- Displays initialized
05.06.2019 11:11:07.137 [000022ac] --- Displays[0] M[00010001] HDC[1f010b56] GDC[16010b57] L=0 T=0 R=3840 B=1200 RECT[0,0 3840x1200] N[\\.\DISPLAY1] M[Generic PnP Monitor] F[1] PROJ[2x1] MAPS[2]
05.06.2019 11:11:07.137 [000022ac] ---    Grouping G[0] N[0] GD[]
05.06.2019 11:11:07.137 [000022ac] --- ---
05.06.2019 11:11:07.137 [000022ac] --- hookD3D9
05.06.2019 11:11:07.138 [000022ac] --- DirectX9 dll=1c9c0000
05.06.2019 11:11:07.185 [000022ac] --- DirectX9 API detected
05.06.2019 11:11:07.185 [000022ac] --- DirectX9Ex API detected
05.06.2019 11:11:07.185 [000022ac] --- i1: InterfaceProc1
05.06.2019 11:11:07.185 [000022ac] --- interfaceFunc1 [\\.\DISPLAY1] totalMaps=2
05.06.2019 11:11:07.185 [000022ac] --- DXGI dll=4b3e0000
05.06.2019 11:11:07.209 [000022ac] --- DirectX DXGI API CreateDXGIFactory detected 1
05.06.2019 11:11:07.232 [000022ac] --- DirectX DXGI API CreateDXGIFactory1 detected 1
05.06.2019 11:11:07.255 [000022ac] --- DirectX DXGI API CreateDXGIFactory2 detected 1
05.06.2019 11:11:07.255 [000022ac] --- DirectX DXGI API detected
05.06.2019 11:11:07.255 [000022ac] --- DirectX D3D12 API detected hd3d12=44950000
05.06.2019 11:11:07.278 [000022ac] --- DirectX D3D12 API detected 1
05.06.2019 11:11:07.278 [000022ac] --- hookOpenGL
05.06.2019 11:11:07.438 [000022ac] --- OpenGL API detected
