05.06.2019 11:19:28.863 [00002034] ??? OSM handle == NULL error=2
05.06.2019 11:19:28.863 [00002034] ^^^ SC trying session1
--- [2]
05.06.2019 11:19:28.863 [00002034] --- App --- Immersive Display PRO v3.0.5 (01.01.2019)
05.06.2019 11:19:28.863 [00002034] --- OS 6:2 Microsoft Windows 8 Professional (build 9200), 64-bit 7(0) 8(1) 8.1(0) 10(0)
05.06.2019 11:19:28.863 [00002034] --- Process64 C:\Program Files\Intel\SUR\QUEENCREEK\x64\task.exe
05.06.2019 11:19:28.863 [00002034] --- CmdLine ["C:\Program Files\Intel\SUR\QUEENCREEK\x64\task.exe"  ]
05.06.2019 11:19:28.863 [00002034] --- Enumerating displays ...
05.06.2019 11:19:28.863 [00002034] --- SM_CMONITORS         = 1
05.06.2019 11:19:28.863 [00002034] --- SM_SAMEDISPLAYFORMAT = 1
05.06.2019 11:19:28.863 [00002034] --- SM_XVIRTUALSCREEN    = 0
05.06.2019 11:19:28.863 [00002034] --- SM_YVIRTUALSCREEN    = 0
05.06.2019 11:19:28.863 [00002034] --- SM_CXVIRTUALSCREEN   = 1024
05.06.2019 11:19:28.863 [00002034] --- SM_CYVIRTUALSCREEN   = 768
05.06.2019 11:19:28.863 [00002034] --- SM_CXCURSOR          = 32
05.06.2019 11:19:28.863 [00002034] ??? No displays enumerated. Retry later
05.06.2019 11:19:28.863 [00002034] --- hookD3D9
05.06.2019 11:19:28.864 [00002034] --- DirectX9 dll=feaf0000
05.06.2019 11:19:28.900 [00002034] --- DirectX9 API detected
05.06.2019 11:19:28.900 [00002034] --- DirectX9Ex API detected
05.06.2019 11:19:28.900 [00002034] --- i1: InterfaceProc1
05.06.2019 11:19:28.900 [00002034] --- DXGI dll=2d520000
05.06.2019 11:19:28.918 [00002034] --- DirectX DXGI API CreateDXGIFactory detected 1
05.06.2019 11:19:28.936 [00002034] --- DirectX DXGI API CreateDXGIFactory1 detected 1
05.06.2019 11:19:28.954 [00002034] --- DirectX DXGI API CreateDXGIFactory2 detected 1
05.06.2019 11:19:28.954 [00002034] --- DirectX DXGI API detected
05.06.2019 11:19:28.954 [00002034] --- DirectX D3D12 API detected hd3d12=26cf0000
05.06.2019 11:19:28.972 [00002034] --- DirectX D3D12 API detected 1
05.06.2019 11:19:28.972 [00002034] --- hookOpenGL
05.06.2019 11:19:29.096 [00002034] --- OpenGL API detected
05.06.2019 11:19:29.173 [00002034] --- PROCESS DETACH
