04.06.2019 15:12:01.146 [00002294] --- App --- Immersive Display PRO v3.0.5 (01.01.2019)
04.06.2019 15:12:01.146 [00002294] --- OS 6:2 Microsoft Windows 8 Professional (build 9200), 64-bit 7(0) 8(1) 8.1(0) 10(0)
04.06.2019 15:12:01.146 [00002294] --- Process64 C:\Program Files\FARO\SCENE LT\SCENE LT.exe
04.06.2019 15:12:01.146 [00002294] --- CmdLine ["C:\Program Files\FARO\SCENE LT\SCENE LT.exe" ]
04.06.2019 15:12:01.146 [00002294] --- Enumerating displays ...
04.06.2019 15:12:01.146 [00002294] --- Device N[\\.\DISPLAY1] S[Radeon RX 580 Series] M[Generic PnP Monitor] F[desktop primary ]
04.06.2019 15:12:01.147 [00002294] --- Device N[\\.\DISPLAY2] S[Radeon RX 580 Series] M[] F[]
04.06.2019 15:12:01.148 [00002294] --- Device N[\\.\DISPLAY3] S[Radeon RX 580 Series] M[] F[]
04.06.2019 15:12:01.148 [00002294] --- Device N[\\.\DISPLAY4] S[Radeon RX 580 Series] M[] F[]
04.06.2019 15:12:01.149 [00002294] --- Device N[\\.\DISPLAY5] S[Radeon RX 580 Series] M[] F[]
04.06.2019 15:12:01.149 [00002294] --- Device N[\\.\DISPLAY6] S[Radeon RX 580 Series] M[] F[]
04.06.2019 15:12:01.150 [00002294] --- Device N[\\.\DISPLAY7] S[Radeon RX 580 Series] M[] F[]
04.06.2019 15:12:01.150 [00002294] --- Device N[\\.\DISPLAY8] S[Radeon RX 580 Series] M[] F[]
04.06.2019 15:12:01.150 [00002294] --- SM_CMONITORS         = 1
04.06.2019 15:12:01.150 [00002294] --- SM_SAMEDISPLAYFORMAT = 1
04.06.2019 15:12:01.150 [00002294] --- SM_XVIRTUALSCREEN    = 0
04.06.2019 15:12:01.150 [00002294] --- SM_YVIRTUALSCREEN    = 0
04.06.2019 15:12:01.150 [00002294] --- SM_CXVIRTUALSCREEN   = 3840
04.06.2019 15:12:01.150 [00002294] --- SM_CYVIRTUALSCREEN   = 1200
04.06.2019 15:12:01.150 [00002294] --- SM_CXCURSOR          = 32
04.06.2019 15:12:01.153 [00002294] --- [\\.\DISPLAY1] [Radeon RX 580 Series] [MONITOR\ADVEF2D\{4d36e96e-e325-11ce-bfc1-08002be10318}\0013] [Generic PnP Monitor]
04.06.2019 15:12:01.153 [00002294] --- Enumerated 1 displays
04.06.2019 15:12:01.153 [00002294] --- Displays initialized
04.06.2019 15:12:01.153 [00002294] --- Displays[0] M[00010001] HDC[fc0115a4] GDC[97010bd0] L=0 T=0 R=3840 B=1200 RECT[0,0 3840x1200] N[\\.\DISPLAY1] M[Generic PnP Monitor] F[1] PROJ[2x1] MAPS[2]
04.06.2019 15:12:01.153 [00002294] ---    Grouping G[0] N[0] GD[]
04.06.2019 15:12:01.153 [00002294] --- ---
04.06.2019 15:12:01.153 [00002294] --- hookD3D9
04.06.2019 15:12:01.154 [00002294] --- DirectX9 dll=56cb0000
04.06.2019 15:12:01.190 [00002294] --- DirectX9 API detected
04.06.2019 15:12:01.190 [00002294] --- DirectX9Ex API detected
04.06.2019 15:12:01.190 [00002294] --- i1: InterfaceProc1
04.06.2019 15:12:01.190 [00002294] --- interfaceFunc1 [\\.\DISPLAY1] totalMaps=2
04.06.2019 15:12:01.191 [00002294] --- DXGI dll=7ce30000
04.06.2019 15:12:01.208 [00002294] --- DirectX DXGI API CreateDXGIFactory detected 1
04.06.2019 15:12:01.226 [00002294] --- DirectX DXGI API CreateDXGIFactory1 detected 1
04.06.2019 15:12:01.244 [00002294] --- DirectX DXGI API CreateDXGIFactory2 detected 1
04.06.2019 15:12:01.244 [00002294] --- DirectX DXGI API detected
04.06.2019 15:12:01.244 [00002294] --- DirectX D3D12 API detected hd3d12=75c40000
04.06.2019 15:12:01.262 [00002294] --- DirectX D3D12 API detected 1
04.06.2019 15:12:01.262 [00002294] --- hookOpenGL
04.06.2019 15:12:01.387 [00002294] --- OpenGL API detected
04.06.2019 15:12:02.094 [00002294] --- wglCreateLayerContext hdc=010107cd iLayerPlane=0 hglrc=00010000
04.06.2019 15:12:02.094 [00002294] --- WWW H[00030826] C[dummyGLContext] W[extension initializer] T[00002294] M[00010001] R[249,156 320x240] CR[0,0 300x197]
04.06.2019 15:12:02.094 [00002294] --- OpenGLWarpContext[0b0c9040] HDC=010107cd GLRC=00010000 HWND=00030826 isFullscreen=0
04.06.2019 15:12:02.102 [00002294] --- wglDeleteContext 00010000
04.06.2019 15:12:02.102 [00002294] --- ~BaseWarpContext[0b0c9040]
04.06.2019 15:13:15.603 [0000180c] --- wglCreateLayerContext hdc=d40115cc iLayerPlane=0 hglrc=00020000
04.06.2019 15:13:15.603 [0000180c] --- WWW H[000607c2] C[Afx:0000000140000000:2b] W[] T[00002294] M[00010001] R[382,297 3002x773] CR[0,0 3002x773]
04.06.2019 15:13:15.603 [0000180c] --- PPP H[001f0856] C[Afx:ControlBar:40000000:8:10003:10] W[???????...] T[00002294] M[00010001] R[382,297 3002x773] CR[0,0 3002x773]
04.06.2019 15:13:15.603 [0000180c] --- PPP H[000e06f4] C[Afx:0000000140000000:8:0000000000000000:0000000000000010:0000000000110907] W[???????...] T[00002294] M[00010001] R[382,297 3002x773] CR[0,0 3002x773]
04.06.2019 15:13:15.603 [0000180c] --- PPP H[000607c0] C[MDIClient] W[] T[00002294] M[00010001] R[379,275 3008x798] CR[0,0 3008x798]
04.06.2019 15:13:15.603 [0000180c] --- PPP H[0012077a] C[Afx:0000000140000000:8:0000000000010003:0000000000000000:00000000007907BF] W[DefaultProject* - SCENE LT 2019.0.1.1653] T[00002294] M[00010001] R[117,140 3278x960] CR[0,0 3262x921]
04.06.2019 15:13:15.603 [0000180c] --- OpenGLWarpContext[207a9040] HDC=d40115cc GLRC=00020000 HWND=000607c2 isFullscreen=0
04.06.2019 15:13:16.204 [0000180c] --- UPP[207a9040] CHANGE Projector configuration for display(0) 0x0 -> 2x1 
04.06.2019 15:13:16.204 [0000180c] --- UPP[207a9040] CHANGE WindowsWarping 1
04.06.2019 15:13:16.204 [0000180c] --- UPP[207a9040] CHANGE DesktopWarping 1
04.06.2019 15:13:16.204 [0000180c] --- UPP[207a9040] CHANGE HWND[000607c2] Window rect changed 0,0 0x0 -> 382,297 3002x773
04.06.2019 15:13:16.204 [0000180c] --- UPP[207a9040] CHANGE HWND[000607c2] Client rect changed 0,0 0x0 -> 0,0 3002x773
04.06.2019 15:13:16.204 [0000180c] --- UPP[207a9040] CHANGE HWND[000607c2] Monitor changed 00000000 -> 00010001 
04.06.2019 15:13:16.204 [0000180c] --- UPP[00000000] RECREATE
04.06.2019 15:13:16.204 [0000180c] --- UPP[207a9040] SKIP (DWMRunning(1) or NOT WindowWarping(1))
04.06.2019 15:14:05.012 [0000180c] --- wglDeleteContext 00020000
04.06.2019 15:14:05.012 [0000180c] --- ~BaseWarpContext[207a9040]
04.06.2019 15:14:06.704 [00002294] --- PROCESS DETACH
