04.06.2019 22:04:12.144 [00001ef4] ??? OSM handle == NULL error=2
04.06.2019 22:04:12.144 [00001ef4] ^^^ SC trying session1
--- [2]
04.06.2019 22:04:12.144 [00001ef4] --- App --- Immersive Display PRO v3.0.5 (01.01.2019)
04.06.2019 22:04:12.144 [00001ef4] --- OS 6:2 Microsoft Windows 8 Professional (build 9200), 64-bit 7(0) 8(1) 8.1(0) 10(0)
04.06.2019 22:04:12.144 [00001ef4] --- Process64 C:\ProgramData\Microsoft\Windows Defender\platform\4.18.1905.4-0\MpCmdRun.exe
04.06.2019 22:04:12.144 [00001ef4] --- CmdLine ["C:\ProgramData\Microsoft\Windows Defender\platform\4.18.1905.4-0\MpCmdRun.exe" SignatureUpdate -ScheduleJob -RestrictPrivileges -Reinvoke]
04.06.2019 22:04:12.145 [00001ef4] --- Enumerating displays ...
04.06.2019 22:04:12.145 [00001ef4] --- SM_CMONITORS         = 1
04.06.2019 22:04:12.145 [00001ef4] --- SM_SAMEDISPLAYFORMAT = 1
04.06.2019 22:04:12.145 [00001ef4] --- SM_XVIRTUALSCREEN    = 0
04.06.2019 22:04:12.145 [00001ef4] --- SM_YVIRTUALSCREEN    = 0
04.06.2019 22:04:12.145 [00001ef4] --- SM_CXVIRTUALSCREEN   = 1024
04.06.2019 22:04:12.145 [00001ef4] --- SM_CYVIRTUALSCREEN   = 768
04.06.2019 22:04:12.145 [00001ef4] --- SM_CXCURSOR          = 32
04.06.2019 22:04:12.145 [00001ef4] ??? No displays enumerated. Retry later
04.06.2019 22:04:12.145 [00001ef4] --- hookD3D9
04.06.2019 22:04:12.145 [00001ef4] --- DirectX9 dll=d6de0000
04.06.2019 22:04:12.198 [00001ef4] --- DirectX9 API detected
04.06.2019 22:04:12.198 [00001ef4] --- DirectX9Ex API detected
04.06.2019 22:04:12.198 [00001ef4] --- i1: InterfaceProc1
04.06.2019 22:04:12.199 [00001ef4] --- DXGI dll=05830000
04.06.2019 22:04:12.225 [00001ef4] --- DirectX DXGI API CreateDXGIFactory detected 1
04.06.2019 22:04:12.251 [00001ef4] --- DirectX DXGI API CreateDXGIFactory1 detected 1
04.06.2019 22:04:12.277 [00001ef4] --- DirectX DXGI API CreateDXGIFactory2 detected 1
04.06.2019 22:04:12.277 [00001ef4] --- DirectX DXGI API detected
04.06.2019 22:04:12.278 [00001ef4] --- DirectX D3D12 API detected hd3d12=ff080000
04.06.2019 22:04:12.304 [00001ef4] --- DirectX D3D12 API detected 1
04.06.2019 22:04:12.304 [00001ef4] --- hookOpenGL
04.06.2019 22:04:12.502 [00001ef4] --- OpenGL API detected
04.06.2019 22:08:12.952 [00001ef4] --- PROCESS DETACH
