04.06.2019 21:40:14.074 [00002110] ??? OSM handle == NULL error=2
04.06.2019 21:40:14.074 [00002110] ^^^ SC trying session1
--- [2]
04.06.2019 21:40:14.075 [00002110] --- App --- Immersive Display PRO v3.0.5 (01.01.2019)
04.06.2019 21:40:14.075 [00002110] --- OS 6:2 Microsoft Windows 8 Professional (build 9200), 64-bit 7(0) 8(1) 8.1(0) 10(0)
04.06.2019 21:40:14.075 [00002110] --- Process32 C:\Program Files (x86)\Google\Update\GoogleUpdate.exe
04.06.2019 21:40:14.075 [00002110] --- CmdLine ["C:\Program Files (x86)\Google\Update\GoogleUpdate.exe" /c]
04.06.2019 21:40:14.075 [00002110] --- Enumerating displays ...
04.06.2019 21:40:14.075 [00002110] --- SM_CMONITORS         = 1
04.06.2019 21:40:14.075 [00002110] --- SM_SAMEDISPLAYFORMAT = 1
04.06.2019 21:40:14.075 [00002110] --- SM_XVIRTUALSCREEN    = 0
04.06.2019 21:40:14.075 [00002110] --- SM_YVIRTUALSCREEN    = 0
04.06.2019 21:40:14.075 [00002110] --- SM_CXVIRTUALSCREEN   = 1024
04.06.2019 21:40:14.075 [00002110] --- SM_CYVIRTUALSCREEN   = 768
04.06.2019 21:40:14.075 [00002110] --- SM_CXCURSOR          = 32
04.06.2019 21:40:14.075 [00002110] ??? No displays enumerated. Retry later
04.06.2019 21:40:14.075 [00002110] --- hookD3D9
04.06.2019 21:40:14.076 [00002110] --- DirectX9 dll=71b10000
04.06.2019 21:40:14.114 [00002110] --- DirectX9 API detected
04.06.2019 21:40:14.114 [00002110] --- DirectX9Ex API detected
04.06.2019 21:40:14.114 [00002110] --- i1: InterfaceProc1
04.06.2019 21:40:14.114 [00002110] --- DXGI dll=72ad0000
04.06.2019 21:40:14.133 [00002110] --- DirectX DXGI API CreateDXGIFactory detected 1
04.06.2019 21:40:14.151 [00002110] --- DirectX DXGI API CreateDXGIFactory1 detected 1
04.06.2019 21:40:14.169 [00002110] --- DirectX DXGI API CreateDXGIFactory2 detected 1
04.06.2019 21:40:14.169 [00002110] --- DirectX DXGI API detected
04.06.2019 21:40:14.170 [00002110] --- DirectX D3D12 API detected hd3d12=728b0000
04.06.2019 21:40:14.189 [00002110] --- DirectX D3D12 API detected 1
04.06.2019 21:40:14.189 [00002110] --- hookOpenGL
04.06.2019 21:40:14.345 [00002110] --- OpenGL API detected
04.06.2019 21:40:14.411 [00002110] --- PROCESS DETACH
