05.06.2019 11:39:56.581 [00001c28] --- App --- Immersive Display PRO v3.0.5 (01.01.2019)
05.06.2019 11:39:56.581 [00001c28] --- OS 6:2 Microsoft Windows 8 Professional (build 9200), 64-bit 7(0) 8(1) 8.1(0) 10(0)
05.06.2019 11:39:56.581 [00001c28] --- Process64 C:\Users\own\scoop\apps\git\current\cmd\git.exe
05.06.2019 11:39:56.581 [00001c28] --- CmdLine ["C:\Users\own\scoop\apps\git\current\cmd\git.exe"  pull]
05.06.2019 11:39:56.581 [00001c28] --- Enumerating displays ...
05.06.2019 11:39:56.581 [00001c28] --- Device N[\\.\DISPLAY1] S[Radeon RX 580 Series] M[Generic PnP Monitor] F[desktop primary ]
05.06.2019 11:39:56.581 [00001c28] --- Device N[\\.\DISPLAY2] S[Radeon RX 580 Series] M[] F[]
05.06.2019 11:39:56.581 [00001c28] --- Device N[\\.\DISPLAY3] S[Radeon RX 580 Series] M[] F[]
05.06.2019 11:39:56.581 [00001c28] --- Device N[\\.\DISPLAY4] S[Radeon RX 580 Series] M[] F[]
05.06.2019 11:39:56.581 [00001c28] --- Device N[\\.\DISPLAY5] S[Radeon RX 580 Series] M[] F[]
05.06.2019 11:39:56.596 [00001c28] --- Device N[\\.\DISPLAY6] S[Radeon RX 580 Series] M[] F[]
05.06.2019 11:39:56.596 [00001c28] --- Device N[\\.\DISPLAY7] S[Radeon RX 580 Series] M[] F[]
05.06.2019 11:39:56.596 [00001c28] --- Device N[\\.\DISPLAY8] S[Radeon RX 580 Series] M[] F[]
05.06.2019 11:39:56.596 [00001c28] --- SM_CMONITORS         = 1
05.06.2019 11:39:56.596 [00001c28] --- SM_SAMEDISPLAYFORMAT = 1
05.06.2019 11:39:56.596 [00001c28] --- SM_XVIRTUALSCREEN    = 0
05.06.2019 11:39:56.596 [00001c28] --- SM_YVIRTUALSCREEN    = 0
05.06.2019 11:39:56.596 [00001c28] --- SM_CXVIRTUALSCREEN   = 3840
05.06.2019 11:39:56.596 [00001c28] --- SM_CYVIRTUALSCREEN   = 1200
05.06.2019 11:39:56.596 [00001c28] --- SM_CXCURSOR          = 32
05.06.2019 11:39:56.596 [00001c28] --- [\\.\DISPLAY1] [Radeon RX 580 Series] [MONITOR\ADVEF2D\{4d36e96e-e325-11ce-bfc1-08002be10318}\0017] [Generic PnP Monitor]
05.06.2019 11:39:56.596 [00001c28] --- Enumerated 1 displays
05.06.2019 11:39:56.596 [00001c28] --- Displays initialized
05.06.2019 11:39:56.596 [00001c28] --- Displays[0] M[00010001] HDC[03010cfe] GDC[02010d00] L=0 T=0 R=3840 B=1200 RECT[0,0 3840x1200] N[\\.\DISPLAY1] M[Generic PnP Monitor] F[1] PROJ[2x1] MAPS[2]
05.06.2019 11:39:56.596 [00001c28] ---    Grouping G[0] N[0] GD[]
05.06.2019 11:39:56.596 [00001c28] --- ---
05.06.2019 11:39:56.596 [00001c28] --- hookD3D9
05.06.2019 11:39:56.596 [00001c28] --- DirectX9 dll=73ec0000
05.06.2019 11:39:56.643 [00001c28] --- DirectX9 API detected
05.06.2019 11:39:56.643 [00001c28] --- DirectX9Ex API detected
05.06.2019 11:39:56.643 [00001c28] --- i1: InterfaceProc1
05.06.2019 11:39:56.643 [00001c28] --- interfaceFunc1 [\\.\DISPLAY1] totalMaps=2
05.06.2019 11:39:56.643 [00001c28] --- DXGI dll=9d860000
05.06.2019 11:39:56.659 [00001c28] --- DirectX DXGI API CreateDXGIFactory detected 1
05.06.2019 11:39:56.690 [00001c28] --- DirectX DXGI API CreateDXGIFactory1 detected 1
05.06.2019 11:39:56.706 [00001c28] --- DirectX DXGI API CreateDXGIFactory2 detected 1
05.06.2019 11:39:56.706 [00001c28] --- DirectX DXGI API detected
05.06.2019 11:39:56.706 [00001c28] --- DirectX D3D12 API detected hd3d12=96fa0000
05.06.2019 11:39:56.737 [00001c28] --- DirectX D3D12 API detected 1
05.06.2019 11:39:56.737 [00001c28] --- hookOpenGL
05.06.2019 11:39:56.893 [00001c28] --- OpenGL API detected
05.06.2019 11:40:02.078 [00001c28] --- PROCESS DETACH
