04.06.2019 21:30:08.051 [00002510] --- App --- Immersive Display PRO v3.0.5 (01.01.2019)
04.06.2019 21:30:08.051 [00002510] --- OS 6:2 Microsoft Windows 8 Professional (build 9200), 64-bit 7(0) 8(1) 8.1(0) 10(0)
04.06.2019 21:30:08.051 [00002510] --- Process64 C:\Program Files (x86)\Kindel Systems\MCE Controller\MCEControl.exe
04.06.2019 21:30:08.051 [00002510] --- CmdLine ["C:\Program Files (x86)\Kindel Systems\MCE Controller\MCEControl.exe" ]
04.06.2019 21:30:08.051 [00002510] --- Enumerating displays ...
04.06.2019 21:30:08.052 [00002510] --- Device N[\\.\DISPLAY1] S[Radeon RX 580 Series] M[Generic PnP Monitor] F[desktop primary ]
04.06.2019 21:30:08.052 [00002510] --- Device N[\\.\DISPLAY2] S[Radeon RX 580 Series] M[] F[]
04.06.2019 21:30:08.053 [00002510] --- Device N[\\.\DISPLAY3] S[Radeon RX 580 Series] M[] F[]
04.06.2019 21:30:08.053 [00002510] --- Device N[\\.\DISPLAY4] S[Radeon RX 580 Series] M[] F[]
04.06.2019 21:30:08.054 [00002510] --- Device N[\\.\DISPLAY5] S[Radeon RX 580 Series] M[] F[]
04.06.2019 21:30:08.055 [00002510] --- Device N[\\.\DISPLAY6] S[Radeon RX 580 Series] M[] F[]
04.06.2019 21:30:08.055 [00002510] --- Device N[\\.\DISPLAY7] S[Radeon RX 580 Series] M[] F[]
04.06.2019 21:30:08.056 [00002510] --- Device N[\\.\DISPLAY8] S[Radeon RX 580 Series] M[] F[]
04.06.2019 21:30:08.056 [00002510] --- SM_CMONITORS         = 1
04.06.2019 21:30:08.056 [00002510] --- SM_SAMEDISPLAYFORMAT = 1
04.06.2019 21:30:08.056 [00002510] --- SM_XVIRTUALSCREEN    = 0
04.06.2019 21:30:08.056 [00002510] --- SM_YVIRTUALSCREEN    = 0
04.06.2019 21:30:08.056 [00002510] --- SM_CXVIRTUALSCREEN   = 3840
04.06.2019 21:30:08.056 [00002510] --- SM_CYVIRTUALSCREEN   = 1200
04.06.2019 21:30:08.056 [00002510] --- SM_CXCURSOR          = 32
04.06.2019 21:30:08.058 [00002510] --- [\\.\DISPLAY1] [Radeon RX 580 Series] [MONITOR\ADVEF2D\{4d36e96e-e325-11ce-bfc1-08002be10318}\0017] [Generic PnP Monitor]
04.06.2019 21:30:08.058 [00002510] --- Enumerated 1 displays
04.06.2019 21:30:08.058 [00002510] --- Displays initialized
04.06.2019 21:30:08.058 [00002510] --- Displays[0] M[00010001] HDC[1d0109ef] GDC[13010c00] L=0 T=0 R=3840 B=1200 RECT[0,0 3840x1200] N[\\.\DISPLAY1] M[Generic PnP Monitor] F[1] PROJ[2x1] MAPS[2]
04.06.2019 21:30:08.058 [00002510] ---    Grouping G[0] N[0] GD[]
04.06.2019 21:30:08.058 [00002510] --- ---
04.06.2019 21:30:08.059 [00002510] --- hookD3D9
04.06.2019 21:30:08.059 [00002510] --- DirectX9 dll=c62f0000
04.06.2019 21:30:08.114 [00002510] --- DirectX9 API detected
04.06.2019 21:30:08.114 [00002510] --- DirectX9Ex API detected
04.06.2019 21:30:08.114 [00002510] --- i1: InterfaceProc1
04.06.2019 21:30:08.114 [00002510] --- interfaceFunc1 [\\.\DISPLAY1] totalMaps=2
04.06.2019 21:30:08.114 [00002510] --- DXGI dll=e7110000
04.06.2019 21:30:08.142 [00002510] --- DirectX DXGI API CreateDXGIFactory detected 1
04.06.2019 21:30:08.169 [00002510] --- DirectX DXGI API CreateDXGIFactory1 detected 1
04.06.2019 21:30:08.196 [00002510] --- DirectX DXGI API CreateDXGIFactory2 detected 1
04.06.2019 21:30:08.196 [00002510] --- DirectX DXGI API detected
04.06.2019 21:30:08.197 [00002510] --- DirectX D3D12 API detected hd3d12=e2850000
04.06.2019 21:30:08.224 [00002510] --- DirectX D3D12 API detected 1
04.06.2019 21:30:08.224 [00002510] --- hookOpenGL
04.06.2019 21:30:08.413 [00002510] --- OpenGL API detected
