04.06.2019 15:39:45.010 [00001a54] ??? OSM handle == NULL error=2
04.06.2019 15:39:45.010 [00001a54] ^^^ SC trying session1
04.06.2019 15:39:45.010 [00001a54] ??? OSM handle == NULL error=2
04.06.2019 15:39:45.010 [00001a54] ^^^ SC trying session2
04.06.2019 15:39:45.010 [00001a54] ??? OSM handle == NULL error=3
04.06.2019 15:39:45.010 [00001a54] --- DXGI dll=724a0000
04.06.2019 15:39:45.026 [00001a54] --- DirectX DXGI API CreateDXGIFactory detected 1
04.06.2019 15:39:45.042 [00001a54] --- DirectX DXGI API CreateDXGIFactory1 detected 1
04.06.2019 15:39:45.057 [00001a54] --- DirectX DXGI API CreateDXGIFactory2 detected 1
04.06.2019 15:39:45.057 [00001a54] --- DirectX DXGI API detected
04.06.2019 15:39:45.057 [00001a54] --- DirectX D3D12 API detected hd3d12=72330000
04.06.2019 15:39:45.073 [00001a54] --- DirectX D3D12 API detected 1
04.06.2019 15:39:45.073 [00001a54] ??? OSM handle == NULL error=2
04.06.2019 15:39:45.073 [00001a54] ^^^ SC trying session1
04.06.2019 15:39:45.073 [00001a54] ??? OSM handle == NULL error=2
04.06.2019 15:39:45.073 [00001a54] ^^^ SC trying session2
04.06.2019 15:39:45.073 [00001a54] ??? OSM handle == NULL error=3
04.06.2019 15:39:45.073 [00001a54] ??? OSM handle == NULL error=2
04.06.2019 15:39:45.073 [00001a54] ^^^ SC trying session1
04.06.2019 15:39:45.073 [00001a54] ??? OSM handle == NULL error=2
04.06.2019 15:39:45.073 [00001a54] ^^^ SC trying session2
04.06.2019 15:39:45.073 [00001a54] ??? OSM handle == NULL error=3
--- [22]
04.06.2019 15:39:51.018 [00001dcc] --- App --- Immersive Display PRO v3.0.5 (01.01.2019)
04.06.2019 15:39:51.018 [00001dcc] --- OS 6:2 Microsoft Windows 8 Professional (build 9200), 64-bit 7(0) 8(1) 8.1(0) 10(0)
04.06.2019 15:39:51.018 [00001dcc] --- Process32 c:\program files (x86)\teamviewer\TeamViewer_Desktop.exe
04.06.2019 15:39:51.018 [00001dcc] --- CmdLine ["c:\program files (x86)\teamviewer\TeamViewer_Desktop.exe" --IPCport 5939]
04.06.2019 15:39:51.018 [00001dcc] --- Enumerating displays ...
04.06.2019 15:39:51.018 [00001dcc] --- Device N[\\.\DISPLAY1] S[Radeon RX 580 Series] M[Generic PnP Monitor] F[desktop primary ]
04.06.2019 15:39:51.018 [00001dcc] --- Device N[\\.\DISPLAY2] S[Radeon RX 580 Series] M[] F[]
04.06.2019 15:39:51.018 [00001dcc] --- Device N[\\.\DISPLAY3] S[Radeon RX 580 Series] M[] F[]
04.06.2019 15:39:51.018 [00001dcc] --- Device N[\\.\DISPLAY4] S[Radeon RX 580 Series] M[] F[]
04.06.2019 15:39:51.018 [00001dcc] --- Device N[\\.\DISPLAY5] S[Radeon RX 580 Series] M[] F[]
04.06.2019 15:39:51.018 [00001dcc] --- Device N[\\.\DISPLAY6] S[Radeon RX 580 Series] M[] F[]
04.06.2019 15:39:51.018 [00001dcc] --- Device N[\\.\DISPLAY7] S[Radeon RX 580 Series] M[] F[]
04.06.2019 15:39:51.018 [00001dcc] --- Device N[\\.\DISPLAY8] S[Radeon RX 580 Series] M[] F[]
04.06.2019 15:39:51.018 [00001dcc] --- SM_CMONITORS         = 1
04.06.2019 15:39:51.018 [00001dcc] --- SM_SAMEDISPLAYFORMAT = 1
04.06.2019 15:39:51.018 [00001dcc] --- SM_XVIRTUALSCREEN    = 0
04.06.2019 15:39:51.018 [00001dcc] --- SM_YVIRTUALSCREEN    = 0
04.06.2019 15:39:51.018 [00001dcc] --- SM_CXVIRTUALSCREEN   = 3840
04.06.2019 15:39:51.018 [00001dcc] --- SM_CYVIRTUALSCREEN   = 1200
04.06.2019 15:39:51.018 [00001dcc] --- SM_CXCURSOR          = 32
04.06.2019 15:39:51.018 [00001dcc] --- [\\.\DISPLAY1] [Radeon RX 580 Series] [MONITOR\ADVEF2D\{4d36e96e-e325-11ce-bfc1-08002be10318}\0013] [Generic PnP Monitor]
04.06.2019 15:39:51.018 [00001dcc] --- Enumerated 1 displays
04.06.2019 15:39:51.018 [00001dcc] --- Displays initialized
04.06.2019 15:39:51.018 [00001dcc] --- Displays[0] M[00010001] HDC[16010969] GDC[31010dd6] L=0 T=0 R=3840 B=1200 RECT[0,0 3840x1200] N[\\.\DISPLAY1] M[Generic PnP Monitor] F[1] PROJ[2x1] MAPS[2]
04.06.2019 15:39:51.018 [00001dcc] ---    Grouping G[0] N[0] GD[]
04.06.2019 15:39:51.018 [00001dcc] --- ---
04.06.2019 15:58:59.445 [00001a54] --- PROCESS DETACH
