05.06.2019 12:00:58.348 [00001d3c] --- App --- Immersive Display PRO v3.0.5 (01.01.2019)
05.06.2019 12:00:58.348 [00001d3c] --- OS 6:2 Microsoft Windows 8 Professional (build 9200), 64-bit 7(0) 8(1) 8.1(0) 10(0)
05.06.2019 12:00:58.348 [00001d3c] --- Process64 C:\Users\own\scoop\apps\git\2.21.0.windows.1\mingw64\libexec\git-core\git.exe
05.06.2019 12:00:58.348 [00001d3c] --- CmdLine [git send-pack --stateless-rpc --helper-status --thin --progress https://github.com/amoujhang/boch-wall.git/ --stdin]
05.06.2019 12:00:58.348 [00001d3c] --- Enumerating displays ...
05.06.2019 12:00:58.349 [00001d3c] --- Device N[\\.\DISPLAY1] S[Radeon RX 580 Series] M[Generic PnP Monitor] F[desktop primary ]
05.06.2019 12:00:58.350 [00001d3c] --- Device N[\\.\DISPLAY2] S[Radeon RX 580 Series] M[] F[]
05.06.2019 12:00:58.350 [00001d3c] --- Device N[\\.\DISPLAY3] S[Radeon RX 580 Series] M[] F[]
05.06.2019 12:00:58.351 [00001d3c] --- Device N[\\.\DISPLAY4] S[Radeon RX 580 Series] M[] F[]
05.06.2019 12:00:58.351 [00001d3c] --- Device N[\\.\DISPLAY5] S[Radeon RX 580 Series] M[] F[]
05.06.2019 12:00:58.352 [00001d3c] --- Device N[\\.\DISPLAY6] S[Radeon RX 580 Series] M[] F[]
05.06.2019 12:00:58.352 [00001d3c] --- Device N[\\.\DISPLAY7] S[Radeon RX 580 Series] M[] F[]
05.06.2019 12:00:58.353 [00001d3c] --- Device N[\\.\DISPLAY8] S[Radeon RX 580 Series] M[] F[]
05.06.2019 12:00:58.353 [00001d3c] --- SM_CMONITORS         = 1
05.06.2019 12:00:58.353 [00001d3c] --- SM_SAMEDISPLAYFORMAT = 1
05.06.2019 12:00:58.353 [00001d3c] --- SM_XVIRTUALSCREEN    = 0
05.06.2019 12:00:58.353 [00001d3c] --- SM_YVIRTUALSCREEN    = 0
05.06.2019 12:00:58.353 [00001d3c] --- SM_CXVIRTUALSCREEN   = 3840
05.06.2019 12:00:58.353 [00001d3c] --- SM_CYVIRTUALSCREEN   = 1200
05.06.2019 12:00:58.353 [00001d3c] --- SM_CXCURSOR          = 32
05.06.2019 12:00:58.356 [00001d3c] --- [\\.\DISPLAY1] [Radeon RX 580 Series] [MONITOR\ADVEF2D\{4d36e96e-e325-11ce-bfc1-08002be10318}\0017] [Generic PnP Monitor]
05.06.2019 12:00:58.356 [00001d3c] --- Enumerated 1 displays
05.06.2019 12:00:58.356 [00001d3c] --- Displays initialized
05.06.2019 12:00:58.356 [00001d3c] --- Displays[0] M[00010001] HDC[e4011458] GDC[fc011253] L=0 T=0 R=3840 B=1200 RECT[0,0 3840x1200] N[\\.\DISPLAY1] M[Generic PnP Monitor] F[1] PROJ[2x1] MAPS[2]
05.06.2019 12:00:58.356 [00001d3c] ---    Grouping G[0] N[0] GD[]
05.06.2019 12:00:58.356 [00001d3c] --- ---
05.06.2019 12:00:58.356 [00001d3c] --- hookD3D9
05.06.2019 12:00:58.357 [00001d3c] --- DirectX9 dll=670a0000
05.06.2019 12:00:58.408 [00001d3c] --- DirectX9 API detected
05.06.2019 12:00:58.408 [00001d3c] --- DirectX9Ex API detected
05.06.2019 12:00:58.408 [00001d3c] --- i1: InterfaceProc1
05.06.2019 12:00:58.408 [00001d3c] --- interfaceFunc1 [\\.\DISPLAY1] totalMaps=2
05.06.2019 12:00:58.409 [00001d3c] --- DXGI dll=95b60000
05.06.2019 12:00:58.435 [00001d3c] --- DirectX DXGI API CreateDXGIFactory detected 1
05.06.2019 12:00:58.460 [00001d3c] --- DirectX DXGI API CreateDXGIFactory1 detected 1
05.06.2019 12:00:58.486 [00001d3c] --- DirectX DXGI API CreateDXGIFactory2 detected 1
05.06.2019 12:00:58.486 [00001d3c] --- DirectX DXGI API detected
05.06.2019 12:00:58.486 [00001d3c] --- DirectX D3D12 API detected hd3d12=8f360000
05.06.2019 12:00:58.512 [00001d3c] --- DirectX D3D12 API detected 1
05.06.2019 12:00:58.512 [00001d3c] --- hookOpenGL
05.06.2019 12:00:58.690 [00001d3c] --- OpenGL API detected
05.06.2019 12:01:02.299 [00001d3c] --- PROCESS DETACH
