04.06.2019 21:20:59.639 [00001438] ??? OSM handle == NULL error=2
04.06.2019 21:20:59.639 [00001438] ^^^ SC trying session1
--- [2]
04.06.2019 21:20:59.639 [00001438] --- App --- Immersive Display PRO v3.0.5 (01.01.2019)
04.06.2019 21:20:59.639 [00001438] --- OS 6:2 Microsoft Windows 8 Professional (build 9200), 64-bit 7(0) 8(1) 8.1(0) 10(0)
04.06.2019 21:20:59.639 [00001438] --- Process32 C:\Program Files (x86)\Google\Update\1.3.34.11\GoogleCrashHandler.exe
04.06.2019 21:20:59.639 [00001438] --- CmdLine ["C:\Program Files (x86)\Google\Update\1.3.34.11\GoogleCrashHandler.exe"]
04.06.2019 21:20:59.640 [00001438] --- Enumerating displays ...
04.06.2019 21:20:59.640 [00001438] --- SM_CMONITORS         = 1
04.06.2019 21:20:59.640 [00001438] --- SM_SAMEDISPLAYFORMAT = 1
04.06.2019 21:20:59.640 [00001438] --- SM_XVIRTUALSCREEN    = 0
04.06.2019 21:20:59.640 [00001438] --- SM_YVIRTUALSCREEN    = 0
04.06.2019 21:20:59.640 [00001438] --- SM_CXVIRTUALSCREEN   = 1024
04.06.2019 21:20:59.640 [00001438] --- SM_CYVIRTUALSCREEN   = 768
04.06.2019 21:20:59.640 [00001438] --- SM_CXCURSOR          = 32
04.06.2019 21:20:59.640 [00001438] ??? No displays enumerated. Retry later
04.06.2019 21:20:59.640 [00001438] --- hookD3D9
04.06.2019 21:20:59.642 [00001438] --- DirectX9 dll=02980000
04.06.2019 21:20:59.686 [00001438] --- DirectX9 API detected
04.06.2019 21:20:59.686 [00001438] --- DirectX9Ex API detected
04.06.2019 21:20:59.686 [00001438] --- i1: InterfaceProc1
04.06.2019 21:20:59.687 [00001438] --- DXGI dll=72680000
04.06.2019 21:20:59.710 [00001438] --- DirectX DXGI API CreateDXGIFactory detected 1
04.06.2019 21:20:59.733 [00001438] --- DirectX DXGI API CreateDXGIFactory1 detected 1
04.06.2019 21:20:59.756 [00001438] --- DirectX DXGI API CreateDXGIFactory2 detected 1
04.06.2019 21:20:59.756 [00001438] --- DirectX DXGI API detected
04.06.2019 21:20:59.757 [00001438] --- DirectX D3D12 API detected hd3d12=723f0000
04.06.2019 21:20:59.801 [00001438] --- DirectX D3D12 API detected 1
04.06.2019 21:20:59.801 [00001438] --- hookOpenGL
04.06.2019 21:20:59.986 [00001438] --- OpenGL API detected
04.06.2019 21:21:00.039 [00001438] --- PROCESS DETACH
