05.06.2019 11:58:00.583 [000028cc] --- App --- Immersive Display PRO v3.0.5 (01.01.2019)
05.06.2019 11:58:00.583 [000028cc] --- OS 6:2 Microsoft Windows 8 Professional (build 9200), 64-bit 7(0) 8(1) 8.1(0) 10(0)
05.06.2019 11:58:00.584 [000028cc] --- Process64 C:\Users\own\scoop\apps\git\2.21.0.windows.1\mingw64\libexec\git-core\git.exe
05.06.2019 11:58:00.584 [000028cc] --- CmdLine [C:\Users\own\scoop\apps\git\2.21.0.windows.1\mingw64\libexec\git-core\git.exe credential-manager store]
05.06.2019 11:58:00.584 [000028cc] --- Enumerating displays ...
05.06.2019 11:58:00.584 [000028cc] --- Device N[\\.\DISPLAY1] S[Radeon RX 580 Series] M[Generic PnP Monitor] F[desktop primary ]
05.06.2019 11:58:00.585 [000028cc] --- Device N[\\.\DISPLAY2] S[Radeon RX 580 Series] M[] F[]
05.06.2019 11:58:00.585 [000028cc] --- Device N[\\.\DISPLAY3] S[Radeon RX 580 Series] M[] F[]
05.06.2019 11:58:00.586 [000028cc] --- Device N[\\.\DISPLAY4] S[Radeon RX 580 Series] M[] F[]
05.06.2019 11:58:00.587 [000028cc] --- Device N[\\.\DISPLAY5] S[Radeon RX 580 Series] M[] F[]
05.06.2019 11:58:00.587 [000028cc] --- Device N[\\.\DISPLAY6] S[Radeon RX 580 Series] M[] F[]
05.06.2019 11:58:00.588 [000028cc] --- Device N[\\.\DISPLAY7] S[Radeon RX 580 Series] M[] F[]
05.06.2019 11:58:00.588 [000028cc] --- Device N[\\.\DISPLAY8] S[Radeon RX 580 Series] M[] F[]
05.06.2019 11:58:00.588 [000028cc] --- SM_CMONITORS         = 1
05.06.2019 11:58:00.588 [000028cc] --- SM_SAMEDISPLAYFORMAT = 1
05.06.2019 11:58:00.588 [000028cc] --- SM_XVIRTUALSCREEN    = 0
05.06.2019 11:58:00.588 [000028cc] --- SM_YVIRTUALSCREEN    = 0
05.06.2019 11:58:00.588 [000028cc] --- SM_CXVIRTUALSCREEN   = 3840
05.06.2019 11:58:00.588 [000028cc] --- SM_CYVIRTUALSCREEN   = 1200
05.06.2019 11:58:00.588 [000028cc] --- SM_CXCURSOR          = 32
05.06.2019 11:58:00.591 [000028cc] --- [\\.\DISPLAY1] [Radeon RX 580 Series] [MONITOR\ADVEF2D\{4d36e96e-e325-11ce-bfc1-08002be10318}\0017] [Generic PnP Monitor]
05.06.2019 11:58:00.591 [000028cc] --- Enumerated 1 displays
05.06.2019 11:58:00.591 [000028cc] --- Displays initialized
05.06.2019 11:58:00.591 [000028cc] --- Displays[0] M[00010001] HDC[14011244] GDC[230111d0] L=0 T=0 R=3840 B=1200 RECT[0,0 3840x1200] N[\\.\DISPLAY1] M[Generic PnP Monitor] F[1] PROJ[2x1] MAPS[2]
05.06.2019 11:58:00.591 [000028cc] ---    Grouping G[0] N[0] GD[]
05.06.2019 11:58:00.591 [000028cc] --- ---
05.06.2019 11:58:00.591 [000028cc] --- hookD3D9
05.06.2019 11:58:00.592 [000028cc] --- DirectX9 dll=670a0000
05.06.2019 11:58:00.651 [000028cc] --- DirectX9 API detected
05.06.2019 11:58:00.651 [000028cc] --- DirectX9Ex API detected
05.06.2019 11:58:00.651 [000028cc] --- i1: InterfaceProc1
05.06.2019 11:58:00.651 [000028cc] --- interfaceFunc1 [\\.\DISPLAY1] totalMaps=2
05.06.2019 11:58:00.652 [000028cc] --- DXGI dll=95b60000
05.06.2019 11:58:00.682 [000028cc] --- DirectX DXGI API CreateDXGIFactory detected 1
05.06.2019 11:58:00.711 [000028cc] --- DirectX DXGI API CreateDXGIFactory1 detected 1
05.06.2019 11:58:00.740 [000028cc] --- DirectX DXGI API CreateDXGIFactory2 detected 1
05.06.2019 11:58:00.740 [000028cc] --- DirectX DXGI API detected
05.06.2019 11:58:00.741 [000028cc] --- DirectX D3D12 API detected hd3d12=8f360000
05.06.2019 11:58:00.771 [000028cc] --- DirectX D3D12 API detected 1
05.06.2019 11:58:00.771 [000028cc] --- hookOpenGL
05.06.2019 11:58:00.977 [000028cc] --- OpenGL API detected
05.06.2019 11:58:01.734 [000028cc] --- PROCESS DETACH
