04.06.2019 13:46:49.091 [00002214] ??? OSM handle == NULL error=2
04.06.2019 13:46:49.091 [00002214] ^^^ SC trying session1
--- [2]
04.06.2019 13:46:49.091 [00002214] --- App --- Immersive Display PRO v3.0.5 (01.01.2019)
04.06.2019 13:46:49.091 [00002214] --- OS 6:2 Microsoft Windows 8 Professional (build 9200), 64-bit 7(0) 8(1) 8.1(0) 10(0)
04.06.2019 13:46:49.091 [00002214] --- Process64 C:\Program Files (x86)\Google\Update\1.3.34.11\GoogleCrashHandler64.exe
04.06.2019 13:46:49.091 [00002214] --- CmdLine ["C:\Program Files (x86)\Google\Update\1.3.34.11\GoogleCrashHandler64.exe"]
04.06.2019 13:46:49.091 [00002214] --- Enumerating displays ...
04.06.2019 13:46:49.091 [00002214] --- SM_CMONITORS         = 1
04.06.2019 13:46:49.091 [00002214] --- SM_SAMEDISPLAYFORMAT = 1
04.06.2019 13:46:49.091 [00002214] --- SM_XVIRTUALSCREEN    = 0
04.06.2019 13:46:49.091 [00002214] --- SM_YVIRTUALSCREEN    = 0
04.06.2019 13:46:49.091 [00002214] --- SM_CXVIRTUALSCREEN   = 1024
04.06.2019 13:46:49.092 [00002214] --- SM_CYVIRTUALSCREEN   = 768
04.06.2019 13:46:49.092 [00002214] --- SM_CXCURSOR          = 32
04.06.2019 13:46:49.092 [00002214] ??? No displays enumerated. Retry later
04.06.2019 13:46:49.092 [00002214] --- hookD3D9
04.06.2019 13:46:49.093 [00002214] --- DirectX9 dll=56cb0000
04.06.2019 13:46:49.138 [00002214] --- DirectX9 API detected
04.06.2019 13:46:49.138 [00002214] --- DirectX9Ex API detected
04.06.2019 13:46:49.138 [00002214] --- i1: InterfaceProc1
04.06.2019 13:46:49.138 [00002214] --- DXGI dll=7ce30000
04.06.2019 13:46:49.162 [00002214] --- DirectX DXGI API CreateDXGIFactory detected 1
04.06.2019 13:46:49.184 [00002214] --- DirectX DXGI API CreateDXGIFactory1 detected 1
04.06.2019 13:46:49.208 [00002214] --- DirectX DXGI API CreateDXGIFactory2 detected 1
04.06.2019 13:46:49.208 [00002214] --- DirectX DXGI API detected
04.06.2019 13:46:49.208 [00002214] --- DirectX D3D12 API detected hd3d12=75c40000
04.06.2019 13:46:49.234 [00002214] --- DirectX D3D12 API detected 1
04.06.2019 13:46:49.234 [00002214] --- hookOpenGL
04.06.2019 13:46:49.394 [00002214] --- OpenGL API detected
04.06.2019 13:46:49.448 [00002214] --- PROCESS DETACH
