04.06.2019 15:41:03.723 [00001264] ??? OSM handle == NULL error=2
04.06.2019 15:41:03.723 [00001264] ^^^ SC trying session1
--- [2]
04.06.2019 15:41:03.723 [00001264] --- App --- Immersive Display PRO v3.0.5 (01.01.2019)
04.06.2019 15:41:03.723 [00001264] --- OS 6:2 Microsoft Windows 8 Professional (build 9200), 64-bit 7(0) 8(1) 8.1(0) 10(0)
04.06.2019 15:41:03.723 [00001264] --- Process64 C:\Program Files\AMD\Performance Profile Client\AUEPLauncher.exe
04.06.2019 15:41:03.723 [00001264] --- CmdLine ["C:\Program Files\AMD\Performance Profile Client\AUEPLauncher.exe"]
04.06.2019 15:41:03.723 [00001264] --- Enumerating displays ...
04.06.2019 15:41:03.723 [00001264] --- SM_CMONITORS         = 1
04.06.2019 15:41:03.723 [00001264] --- SM_SAMEDISPLAYFORMAT = 1
04.06.2019 15:41:03.723 [00001264] --- SM_XVIRTUALSCREEN    = 0
04.06.2019 15:41:03.723 [00001264] --- SM_YVIRTUALSCREEN    = 0
04.06.2019 15:41:03.723 [00001264] --- SM_CXVIRTUALSCREEN   = 1024
04.06.2019 15:41:03.723 [00001264] --- SM_CYVIRTUALSCREEN   = 768
04.06.2019 15:41:03.723 [00001264] --- SM_CXCURSOR          = 32
04.06.2019 15:41:03.723 [00001264] ??? No displays enumerated. Retry later
04.06.2019 15:41:03.723 [00001264] --- hookD3D9
04.06.2019 15:41:03.724 [00001264] --- DirectX9 dll=72ce0000
04.06.2019 15:41:03.755 [00001264] --- DirectX9 API detected
04.06.2019 15:41:03.755 [00001264] --- DirectX9Ex API detected
04.06.2019 15:41:03.755 [00001264] --- i1: InterfaceProc1
04.06.2019 15:41:03.755 [00001264] --- DXGI dll=a1720000
04.06.2019 15:41:03.771 [00001264] --- DirectX DXGI API CreateDXGIFactory detected 1
04.06.2019 15:41:03.786 [00001264] --- DirectX DXGI API CreateDXGIFactory1 detected 1
04.06.2019 15:41:03.802 [00001264] --- DirectX DXGI API CreateDXGIFactory2 detected 1
04.06.2019 15:41:03.802 [00001264] --- DirectX DXGI API detected
04.06.2019 15:41:03.802 [00001264] --- DirectX D3D12 API detected hd3d12=9a880000
04.06.2019 15:41:03.818 [00001264] --- DirectX D3D12 API detected 1
04.06.2019 15:41:03.818 [00001264] --- hookOpenGL
04.06.2019 15:41:03.926 [00001264] --- OpenGL API detected
04.06.2019 21:13:49.704 [0000188c] --- PROCESS DETACH
