05.06.2019 11:33:37.914 [00002194] ??? OSM handle == NULL error=2
05.06.2019 11:33:37.914 [00002194] ^^^ SC trying session1
--- [2]
05.06.2019 11:33:37.914 [00002194] --- App --- Immersive Display PRO v3.0.5 (01.01.2019)
05.06.2019 11:33:37.914 [00002194] --- OS 6:2 Microsoft Windows 8 Professional (build 9200), 64-bit 7(0) 8(1) 8.1(0) 10(0)
05.06.2019 11:33:37.914 [00002194] --- Process64 C:\Program Files\Intel\SUR\QUEENCREEK\x64\esrv_svc.exe
05.06.2019 11:33:37.914 [00002194] --- CmdLine ["C:\Program Files\Intel\SUR\QUEENCREEK\x64\esrv_svc.exe" "--run_as_user_process" ]
05.06.2019 11:33:37.914 [00002194] --- Enumerating displays ...
05.06.2019 11:33:37.914 [00002194] --- SM_CMONITORS         = 1
05.06.2019 11:33:37.914 [00002194] --- SM_SAMEDISPLAYFORMAT = 1
05.06.2019 11:33:37.914 [00002194] --- SM_XVIRTUALSCREEN    = 0
05.06.2019 11:33:37.914 [00002194] --- SM_YVIRTUALSCREEN    = 0
05.06.2019 11:33:37.914 [00002194] --- SM_CXVIRTUALSCREEN   = 1024
05.06.2019 11:33:37.914 [00002194] --- SM_CYVIRTUALSCREEN   = 768
05.06.2019 11:33:37.914 [00002194] --- SM_CXCURSOR          = 32
05.06.2019 11:33:37.914 [00002194] ??? No displays enumerated. Retry later
05.06.2019 11:33:37.914 [00002194] --- hookD3D9
05.06.2019 11:33:37.914 [00002194] --- DirectX9 dll=90a20000
05.06.2019 11:33:37.961 [00002194] --- DirectX9 API detected
05.06.2019 11:33:37.961 [00002194] --- DirectX9Ex API detected
05.06.2019 11:33:37.961 [00002194] --- i1: InterfaceProc1
05.06.2019 11:33:37.961 [00002194] --- DXGI dll=bde70000
05.06.2019 11:33:37.977 [00002194] --- DirectX DXGI API CreateDXGIFactory detected 1
05.06.2019 11:33:37.992 [00002194] --- DirectX DXGI API CreateDXGIFactory1 detected 1
05.06.2019 11:33:38.008 [00002194] --- DirectX DXGI API CreateDXGIFactory2 detected 1
05.06.2019 11:33:38.008 [00002194] --- DirectX DXGI API detected
05.06.2019 11:33:38.008 [00002194] --- DirectX D3D12 API detected hd3d12=b7540000
05.06.2019 11:33:38.024 [00002194] --- DirectX D3D12 API detected 1
05.06.2019 11:33:38.024 [00002194] --- hookOpenGL
05.06.2019 11:33:38.148 [00002194] --- OpenGL API detected
05.06.2019 11:33:38.227 [00002194] --- PROCESS DETACH
