04.06.2019 21:14:23.302 [00001f18] ??? OSM handle == NULL error=2
04.06.2019 21:14:23.302 [00001f18] ^^^ SC trying session1
--- [2]
04.06.2019 21:14:23.302 [00001f18] --- App --- Immersive Display PRO v3.0.5 (01.01.2019)
04.06.2019 21:14:23.302 [00001f18] --- OS 6:2 Microsoft Windows 8 Professional (build 9200), 64-bit 7(0) 8(1) 8.1(0) 10(0)
04.06.2019 21:14:23.302 [00001f18] --- Process32 C:\AMD\WU-CCC2\ccc2_install\VC13RTx64\vcredist_x64.exe
04.06.2019 21:14:23.302 [00001f18] --- CmdLine ["C:\AMD\WU-CCC2\ccc2_install\VC13RTx64\vcredist_x64.exe" /q /norestart -burn.unelevated BurnPipe.{DC9E889F-174B-4E1B-9561-98481ECAE0BA} {6B5CC0D5-3D08-4716-A54D-4D9291A3344D} 10412]
04.06.2019 21:14:23.302 [00001f18] --- Enumerating displays ...
04.06.2019 21:14:23.302 [00001f18] --- SM_CMONITORS         = 1
04.06.2019 21:14:23.302 [00001f18] --- SM_SAMEDISPLAYFORMAT = 1
04.06.2019 21:14:23.302 [00001f18] --- SM_XVIRTUALSCREEN    = 0
04.06.2019 21:14:23.302 [00001f18] --- SM_YVIRTUALSCREEN    = 0
04.06.2019 21:14:23.302 [00001f18] --- SM_CXVIRTUALSCREEN   = 1024
04.06.2019 21:14:23.302 [00001f18] --- SM_CYVIRTUALSCREEN   = 768
04.06.2019 21:14:23.302 [00001f18] --- SM_CXCURSOR          = 32
04.06.2019 21:14:23.302 [00001f18] ??? No displays enumerated. Retry later
04.06.2019 21:14:23.302 [00001f18] --- hookD3D9
04.06.2019 21:14:23.302 [00001f18] --- DirectX9 dll=71460000
04.06.2019 21:14:23.334 [00001f18] --- DirectX9 API detected
04.06.2019 21:14:23.334 [00001f18] --- DirectX9Ex API detected
04.06.2019 21:14:23.334 [00001f18] --- i1: InterfaceProc1
04.06.2019 21:14:23.334 [00001f18] --- DXGI dll=724a0000
04.06.2019 21:14:23.349 [00001f18] --- DirectX DXGI API CreateDXGIFactory detected 1
04.06.2019 21:14:23.365 [00001f18] --- DirectX DXGI API CreateDXGIFactory1 detected 1
04.06.2019 21:14:23.381 [00001f18] --- DirectX DXGI API CreateDXGIFactory2 detected 1
04.06.2019 21:14:23.381 [00001f18] --- DirectX DXGI API detected
04.06.2019 21:14:23.381 [00001f18] --- DirectX D3D12 API detected hd3d12=72330000
04.06.2019 21:14:23.396 [00001f18] --- DirectX D3D12 API detected 1
04.06.2019 21:14:23.396 [00001f18] --- hookOpenGL
04.06.2019 21:14:23.537 [00001f18] --- OpenGL API detected
04.06.2019 21:14:23.896 [00001f18] --- PROCESS DETACH
