04.06.2019 20:01:46.313 [00002f2c] --- App --- Immersive Display PRO v3.0.5 (01.01.2019)
04.06.2019 20:01:46.313 [00002f2c] --- OS 6:2 Microsoft Windows 8 Professional (build 9200), 64-bit 7(0) 8(1) 8.1(0) 10(0)
04.06.2019 20:01:46.313 [00002f2c] --- Process64 C:\Program Files (x86)\Google\Chrome\Application\chrome.exe
04.06.2019 20:01:46.313 [00002f2c] --- CmdLine ["C:\Program Files (x86)\Google\Chrome\Application\chrome.exe" --type=utility --field-trial-handle=1752,10673293439899096173,14079477339554071452,131072 --lang=zh-TW --service-sandbox-type=network --service-request-channel-token=2867262065730714298 --mojo-pla?]
04.06.2019 20:01:46.313 [00002f2c] --- Enumerating displays ...
04.06.2019 20:01:46.314 [00002f2c] --- Device N[\\.\DISPLAY1] S[Radeon RX 580 Series] M[Generic PnP Monitor] F[desktop primary ]
04.06.2019 20:01:46.315 [00002f2c] --- Device N[\\.\DISPLAY2] S[Radeon RX 580 Series] M[] F[]
04.06.2019 20:01:46.316 [00002f2c] --- Device N[\\.\DISPLAY3] S[Radeon RX 580 Series] M[] F[]
04.06.2019 20:01:46.317 [00002f2c] --- Device N[\\.\DISPLAY4] S[Radeon RX 580 Series] M[] F[]
04.06.2019 20:01:46.317 [00002f2c] --- Device N[\\.\DISPLAY5] S[Radeon RX 580 Series] M[] F[]
04.06.2019 20:01:46.318 [00002f2c] --- Device N[\\.\DISPLAY6] S[Radeon RX 580 Series] M[] F[]
04.06.2019 20:01:46.319 [00002f2c] --- Device N[\\.\DISPLAY7] S[Radeon RX 580 Series] M[] F[]
04.06.2019 20:01:46.319 [00002f2c] --- Device N[\\.\DISPLAY8] S[Radeon RX 580 Series] M[] F[]
04.06.2019 20:01:46.319 [00002f2c] --- SM_CMONITORS         = 1
04.06.2019 20:01:46.319 [00002f2c] --- SM_SAMEDISPLAYFORMAT = 1
04.06.2019 20:01:46.319 [00002f2c] --- SM_XVIRTUALSCREEN    = 0
04.06.2019 20:01:46.319 [00002f2c] --- SM_YVIRTUALSCREEN    = 0
04.06.2019 20:01:46.319 [00002f2c] --- SM_CXVIRTUALSCREEN   = 3840
04.06.2019 20:01:46.319 [00002f2c] --- SM_CYVIRTUALSCREEN   = 1200
04.06.2019 20:01:46.319 [00002f2c] --- SM_CXCURSOR          = 32
04.06.2019 20:01:46.323 [00002f2c] --- [\\.\DISPLAY1] [Radeon RX 580 Series] [MONITOR\ADVEF2D\{4d36e96e-e325-11ce-bfc1-08002be10318}\0013] [Generic PnP Monitor]
04.06.2019 20:01:46.323 [00002f2c] --- Enumerated 1 displays
04.06.2019 20:01:46.323 [00002f2c] --- Displays initialized
04.06.2019 20:01:46.323 [00002f2c] --- Displays[0] M[00010001] HDC[ef010bf9] GDC[39011012] L=0 T=0 R=3840 B=1200 RECT[0,0 3840x1200] N[\\.\DISPLAY1] M[Generic PnP Monitor] F[1] PROJ[2x1] MAPS[2]
04.06.2019 20:01:46.323 [00002f2c] ---    Grouping G[0] N[0] GD[]
04.06.2019 20:01:46.323 [00002f2c] --- ---
04.06.2019 20:01:46.323 [00002f2c] --- i1:Executable chrome.exe is excluded DX9
04.06.2019 20:01:46.324 [00002f2c] --- DXGI dll=a1720000
04.06.2019 20:01:46.362 [00002f2c] --- DirectX DXGI API CreateDXGIFactory detected 1
04.06.2019 20:01:46.401 [00002f2c] --- DirectX DXGI API CreateDXGIFactory1 detected 1
04.06.2019 20:01:46.445 [00002f2c] --- DirectX DXGI API CreateDXGIFactory2 detected 1
04.06.2019 20:01:46.445 [00002f2c] --- DirectX DXGI API detected
04.06.2019 20:01:46.446 [00002f2c] --- DirectX D3D12 API detected hd3d12=9a880000
04.06.2019 20:01:46.487 [00002f2c] --- DirectX D3D12 API detected 1
04.06.2019 20:01:46.487 [00002f2c] --- i2: InterfaceProc1
04.06.2019 20:01:46.487 [00002f2c] --- interfaceFunc1 [\\.\DISPLAY1] totalMaps=2
04.06.2019 20:01:46.487 [00002f2c] --- i3:Executable chrome.exe is excluded OGL
04.06.2019 20:08:21.815 [00002f2c] --- PROCESS DETACH
