04.06.2019 21:33:27.240 [00001978] ??? OSM handle == NULL error=2
04.06.2019 21:33:27.240 [00001978] ^^^ SC trying session1
04.06.2019 21:33:27.240 [00001978] ??? OSM handle == NULL error=2
04.06.2019 21:33:27.240 [00001978] ^^^ SC trying session2
04.06.2019 21:33:27.240 [00001978] ??? OSM handle == NULL error=3
04.06.2019 21:33:27.240 [00001978] --- DXGI dll=725f0000
04.06.2019 21:33:27.271 [00001978] --- DirectX DXGI API CreateDXGIFactory detected 1
04.06.2019 21:33:27.287 [00001978] --- DirectX DXGI API CreateDXGIFactory1 detected 1
04.06.2019 21:33:27.318 [00001978] --- DirectX DXGI API CreateDXGIFactory2 detected 1
04.06.2019 21:33:27.318 [00001978] --- DirectX DXGI API detected
04.06.2019 21:33:27.318 [00001978] --- DirectX D3D12 API detected hd3d12=72480000
04.06.2019 21:33:27.333 [00001978] --- DirectX D3D12 API detected 1
04.06.2019 21:33:27.333 [00001978] ??? OSM handle == NULL error=2
04.06.2019 21:33:27.333 [00001978] ^^^ SC trying session1
04.06.2019 21:33:27.333 [00001978] ??? OSM handle == NULL error=2
04.06.2019 21:33:27.333 [00001978] ^^^ SC trying session2
04.06.2019 21:33:27.333 [00001978] ??? OSM handle == NULL error=3
04.06.2019 21:33:27.333 [00001978] ??? OSM handle == NULL error=2
04.06.2019 21:33:27.333 [00001978] ^^^ SC trying session1
04.06.2019 21:33:27.333 [00001978] ??? OSM handle == NULL error=2
04.06.2019 21:33:27.333 [00001978] ^^^ SC trying session2
04.06.2019 21:33:27.333 [00001978] ??? OSM handle == NULL error=3
04.06.2019 21:33:28.177 [00001978] ??? OSM handle == NULL error=2
04.06.2019 21:33:28.177 [00001978] ^^^ SC trying session1
04.06.2019 21:33:28.177 [00001978] ??? OSM handle == NULL error=2
04.06.2019 21:33:28.177 [00001978] ^^^ SC trying session2
04.06.2019 21:33:28.177 [00001978] ??? OSM handle == NULL error=3
04.06.2019 21:33:28.224 [00001564] ??? OSM handle == NULL error=2
04.06.2019 21:33:28.224 [00001564] ^^^ SC trying session1
04.06.2019 21:33:28.224 [00001564] ??? OSM handle == NULL error=2
04.06.2019 21:33:28.224 [00001564] ^^^ SC trying session2
04.06.2019 21:33:28.224 [00001564] ??? OSM handle == NULL error=3
04.06.2019 21:33:28.224 [00001564] ??? OSM handle == NULL error=2
04.06.2019 21:33:28.224 [00001564] ^^^ SC trying session1
04.06.2019 21:33:28.224 [00001564] ??? OSM handle == NULL error=2
04.06.2019 21:33:28.224 [00001564] ^^^ SC trying session2
04.06.2019 21:33:28.224 [00001564] ??? OSM handle == NULL error=3
--- [37]
04.06.2019 21:34:00.950 [00001564] --- App --- Immersive Display PRO v3.0.5 (01.01.2019)
04.06.2019 21:34:00.950 [00001564] --- OS 6:2 Microsoft Windows 8 Professional (build 9200), 64-bit 7(0) 8(1) 8.1(0) 10(0)
04.06.2019 21:34:00.950 [00001564] --- Process32 C:\Program Files (x86)\TeamViewer\TeamViewer.exe
04.06.2019 21:34:00.950 [00001564] --- CmdLine ["C:\Program Files (x86)\TeamViewer\TeamViewer.exe"]
04.06.2019 21:34:00.950 [00001564] --- Enumerating displays ...
04.06.2019 21:34:00.966 [00001564] --- Device N[\\.\DISPLAY1] S[Radeon RX 580 Series] M[Generic PnP Monitor] F[desktop primary ]
04.06.2019 21:34:00.966 [00001564] --- Device N[\\.\DISPLAY2] S[Radeon RX 580 Series] M[] F[]
04.06.2019 21:34:00.966 [00001564] --- Device N[\\.\DISPLAY3] S[Radeon RX 580 Series] M[] F[]
04.06.2019 21:34:00.966 [00001564] --- Device N[\\.\DISPLAY4] S[Radeon RX 580 Series] M[] F[]
04.06.2019 21:34:00.966 [00001564] --- Device N[\\.\DISPLAY5] S[Radeon RX 580 Series] M[] F[]
04.06.2019 21:34:00.966 [00001564] --- Device N[\\.\DISPLAY6] S[Radeon RX 580 Series] M[] F[]
04.06.2019 21:34:00.966 [00001564] --- Device N[\\.\DISPLAY7] S[Radeon RX 580 Series] M[] F[]
04.06.2019 21:34:00.966 [00001564] --- Device N[\\.\DISPLAY8] S[Radeon RX 580 Series] M[] F[]
04.06.2019 21:34:00.966 [00001564] --- SM_CMONITORS         = 1
04.06.2019 21:34:00.966 [00001564] --- SM_SAMEDISPLAYFORMAT = 1
04.06.2019 21:34:00.966 [00001564] --- SM_XVIRTUALSCREEN    = 0
04.06.2019 21:34:00.966 [00001564] --- SM_YVIRTUALSCREEN    = 0
04.06.2019 21:34:00.966 [00001564] --- SM_CXVIRTUALSCREEN   = 3840
04.06.2019 21:34:00.966 [00001564] --- SM_CYVIRTUALSCREEN   = 1200
04.06.2019 21:34:00.966 [00001564] --- SM_CXCURSOR          = 32
04.06.2019 21:34:00.966 [00001564] ??? No displays enumerated. Retry later
