04.06.2019 15:42:07.930 [00002760] --- App --- Immersive Display PRO v3.0.5 (01.01.2019)
04.06.2019 15:42:07.930 [00002760] --- OS 6:2 Microsoft Windows 8 Professional (build 9200), 64-bit 7(0) 8(1) 8.1(0) 10(0)
04.06.2019 15:42:07.930 [00002760] --- Process64 C:\Program Files (x86)\Google\Chrome\Application\chrome.exe
04.06.2019 15:42:07.930 [00002760] --- CmdLine ["C:\Program Files (x86)\Google\Chrome\Application\chrome.exe" --type=gpu-process --field-trial-handle=1872,129003168796614555,9848709266004055885,131072 --disable-gpu-sandbox --use-gl=disabled --gpu-preferences=KAAAAAAAAADgAAAgAQAAAAAAAAAAAGAAAAAAABAAAAAIAAA?]
04.06.2019 15:42:07.931 [00002760] --- Enumerating displays ...
04.06.2019 15:42:07.932 [00002760] --- Device N[\\.\DISPLAY1] S[Radeon RX 580 Series] M[Generic PnP Monitor] F[desktop primary ]
04.06.2019 15:42:07.932 [00002760] --- Device N[\\.\DISPLAY2] S[Radeon RX 580 Series] M[] F[]
04.06.2019 15:42:07.933 [00002760] --- Device N[\\.\DISPLAY3] S[Radeon RX 580 Series] M[] F[]
04.06.2019 15:42:07.933 [00002760] --- Device N[\\.\DISPLAY4] S[Radeon RX 580 Series] M[] F[]
04.06.2019 15:42:07.934 [00002760] --- Device N[\\.\DISPLAY5] S[Radeon RX 580 Series] M[] F[]
04.06.2019 15:42:07.934 [00002760] --- Device N[\\.\DISPLAY6] S[Radeon RX 580 Series] M[] F[]
04.06.2019 15:42:07.935 [00002760] --- Device N[\\.\DISPLAY7] S[Radeon RX 580 Series] M[] F[]
04.06.2019 15:42:07.935 [00002760] --- Device N[\\.\DISPLAY8] S[Radeon RX 580 Series] M[] F[]
04.06.2019 15:42:07.935 [00002760] --- SM_CMONITORS         = 1
04.06.2019 15:42:07.935 [00002760] --- SM_SAMEDISPLAYFORMAT = 1
04.06.2019 15:42:07.935 [00002760] --- SM_XVIRTUALSCREEN    = 0
04.06.2019 15:42:07.935 [00002760] --- SM_YVIRTUALSCREEN    = 0
04.06.2019 15:42:07.935 [00002760] --- SM_CXVIRTUALSCREEN   = 3840
04.06.2019 15:42:07.935 [00002760] --- SM_CYVIRTUALSCREEN   = 1200
04.06.2019 15:42:07.935 [00002760] --- SM_CXCURSOR          = 32
04.06.2019 15:42:07.938 [00002760] --- [\\.\DISPLAY1] [Radeon RX 580 Series] [MONITOR\ADVEF2D\{4d36e96e-e325-11ce-bfc1-08002be10318}\0013] [Generic PnP Monitor]
04.06.2019 15:42:07.938 [00002760] --- Enumerated 1 displays
04.06.2019 15:42:07.938 [00002760] --- Displays initialized
04.06.2019 15:42:07.938 [00002760] --- Displays[0] M[00010001] HDC[69010f21] GDC[ef010ed2] L=0 T=0 R=3840 B=1200 RECT[0,0 3840x1200] N[\\.\DISPLAY1] M[Generic PnP Monitor] F[1] PROJ[2x1] MAPS[2]
04.06.2019 15:42:07.938 [00002760] ---    Grouping G[0] N[0] GD[]
04.06.2019 15:42:07.938 [00002760] --- ---
04.06.2019 15:42:07.938 [00002760] --- i1:Executable chrome.exe is excluded DX9
04.06.2019 15:42:07.939 [00002760] --- DXGI dll=a1720000
04.06.2019 15:42:07.970 [00002760] --- DirectX DXGI API CreateDXGIFactory detected 1
04.06.2019 15:42:08.001 [00002760] --- DirectX DXGI API CreateDXGIFactory1 detected 1
04.06.2019 15:42:08.031 [00002760] --- DirectX DXGI API CreateDXGIFactory2 detected 1
04.06.2019 15:42:08.031 [00002760] --- DirectX DXGI API detected
04.06.2019 15:42:08.032 [00002760] --- DirectX D3D12 API detected hd3d12=9a880000
04.06.2019 15:42:08.062 [00002760] --- DirectX D3D12 API detected 1
04.06.2019 15:42:08.062 [00002760] --- i2: InterfaceProc1
04.06.2019 15:42:08.062 [00002760] --- interfaceFunc1 [\\.\DISPLAY1] totalMaps=2
04.06.2019 15:42:08.062 [00002760] --- i3:Executable chrome.exe is excluded OGL
04.06.2019 15:42:08.160 [00002760] --- MyD3D12CreateDevice isID3D12Device(1) isID3D12Device1(0)
04.06.2019 15:42:08.161 [00002760] --- CDXGIF Executable chrome.exe exclusion DX10(1), DX11(1), DX12(1)
04.06.2019 15:42:08.161 [00002760] --- CDXGIF Executable chrome.exe is excluded DX10, DX11 or DX12
04.06.2019 15:42:08.170 [00002760] --- MyD3D12CreateDevice isID3D12Device(1) isID3D12Device1(0)
04.06.2019 15:42:08.170 [00002760] --- CDXGIF Executable chrome.exe exclusion DX10(1), DX11(1), DX12(1)
04.06.2019 15:42:08.170 [00002760] --- CDXGIF Executable chrome.exe is excluded DX10, DX11 or DX12
04.06.2019 15:42:08.202 [00002760] --- PROCESS DETACH
