04.06.2019 15:22:52.844 [00001d18] --- App --- Immersive Display PRO v3.0.5 (01.01.2019)
04.06.2019 15:22:52.844 [00001d18] --- OS 6:2 Microsoft Windows 8 Professional (build 9200), 64-bit 7(0) 8(1) 8.1(0) 10(0)
04.06.2019 15:22:52.844 [00001d18] --- Process64 C:\WINDOWS\system32\dwm.exe
04.06.2019 15:22:52.844 [00001d18] --- CmdLine ["dwm.exe"]
04.06.2019 15:22:52.844 [00001d18] --- Enumerating displays ...
04.06.2019 15:22:52.844 [00001d18] --- Device N[\\.\DISPLAY1] S[Radeon RX 580 Series] M[Generic PnP Monitor] F[desktop primary ]
04.06.2019 15:22:52.859 [00001d18] --- Device N[\\.\DISPLAY2] S[Radeon RX 580 Series] M[] F[]
04.06.2019 15:22:52.859 [00001d18] --- Device N[\\.\DISPLAY3] S[Radeon RX 580 Series] M[] F[]
04.06.2019 15:22:52.859 [00001d18] --- Device N[\\.\DISPLAY4] S[Radeon RX 580 Series] M[] F[]
04.06.2019 15:22:52.859 [00001d18] --- Device N[\\.\DISPLAY5] S[Radeon RX 580 Series] M[] F[]
04.06.2019 15:22:52.859 [00001d18] --- Device N[\\.\DISPLAY6] S[Radeon RX 580 Series] M[] F[]
04.06.2019 15:22:52.859 [00001d18] --- Device N[\\.\DISPLAY7] S[Radeon RX 580 Series] M[] F[]
04.06.2019 15:22:52.859 [00001d18] --- Device N[\\.\DISPLAY8] S[Radeon RX 580 Series] M[] F[]
04.06.2019 15:22:52.859 [00001d18] --- SM_CMONITORS         = 1
04.06.2019 15:22:52.859 [00001d18] --- SM_SAMEDISPLAYFORMAT = 1
04.06.2019 15:22:52.859 [00001d18] --- SM_XVIRTUALSCREEN    = 0
04.06.2019 15:22:52.859 [00001d18] --- SM_YVIRTUALSCREEN    = 0
04.06.2019 15:22:52.859 [00001d18] --- SM_CXVIRTUALSCREEN   = 3840
04.06.2019 15:22:52.859 [00001d18] --- SM_CYVIRTUALSCREEN   = 1200
04.06.2019 15:22:52.859 [00001d18] --- SM_CXCURSOR          = 32
04.06.2019 15:22:52.859 [00001d18] --- [\\.\DISPLAY1] [Radeon RX 580 Series] [MONITOR\ADVEF2D\{4d36e96e-e325-11ce-bfc1-08002be10318}\0013] [Generic PnP Monitor]
04.06.2019 15:22:52.859 [00001d18] --- Enumerated 1 displays
04.06.2019 15:22:52.859 [00001d18] --- Displays initialized
04.06.2019 15:22:52.859 [00001d18] --- Displays[0] M[00010001] HDC[b6011117] GDC[f4011128] L=0 T=0 R=3840 B=1200 RECT[0,0 3840x1200] N[\\.\DISPLAY1] M[Generic PnP Monitor] F[1] PROJ[2x1] MAPS[2]
04.06.2019 15:22:52.859 [00001d18] ---    Grouping G[0] N[0] GD[]
04.06.2019 15:22:52.859 [00001d18] --- ---
04.06.2019 15:22:52.859 [00001d18] --- hookD3D9
04.06.2019 15:22:52.859 [00001d18] --- DirectX9 dll=56cb0000
04.06.2019 15:22:52.890 [00001d18] --- DirectX9 API detected
04.06.2019 15:22:52.890 [00001d18] --- DirectX9Ex API detected
04.06.2019 15:22:52.890 [00001d18] --- i1: InterfaceProc1
04.06.2019 15:22:52.890 [00001d18] --- interfaceFunc1 [\\.\DISPLAY1] totalMaps=2
04.06.2019 15:22:52.890 [00001d18] --- DXGI dll=7ce30000
04.06.2019 15:22:52.906 [00001d18] --- DirectX DXGI API CreateDXGIFactory detected 1
04.06.2019 15:22:52.937 [00001d18] --- DirectX DXGI API CreateDXGIFactory1 detected 1
04.06.2019 15:22:52.953 [00001d18] --- DirectX DXGI API CreateDXGIFactory2 detected 1
04.06.2019 15:22:52.953 [00001d18] --- DirectX DXGI API detected
04.06.2019 15:22:52.969 [00001d18] --- DirectX D3D11 API detected 1
04.06.2019 15:22:52.969 [00001d18] --- DirectX D3D12 API detected hd3d12=75c40000
04.06.2019 15:22:52.984 [00001d18] --- DirectX D3D12 API detected 1
04.06.2019 15:22:52.984 [00001d18] --- hookOpenGL
04.06.2019 15:22:53.109 [00001d18] --- OpenGL API detected
04.06.2019 15:22:53.203 [00001bec] --- D3D11CreateDevice ADAPTER NULL
04.06.2019 15:22:53.218 [00001744] --- D3D11CreateDevice ADAPTER Description=Microsoft Basic Render Driver
04.06.2019 15:22:53.218 [00001744] --- Device FeatureLevels[0]=0000a100
04.06.2019 15:22:53.218 [00001bec] --- Device FeatureLevel -> 0000b000
04.06.2019 15:22:53.218 [00001744] --- D3D11CreateDevice ADAPTER Description=Microsoft Basic Render Driver
04.06.2019 15:22:53.218 [00001744] --- Device FeatureLevels[0]=0000c100
04.06.2019 15:22:53.218 [00001744] --- Device FeatureLevels[1]=0000c000
04.06.2019 15:22:53.218 [00001744] --- Device FeatureLevels[2]=0000b100
04.06.2019 15:22:53.218 [00001744] --- Device FeatureLevels[3]=0000b000
04.06.2019 15:22:53.218 [00001744] --- Device FeatureLevels[4]=0000a100
04.06.2019 15:22:53.218 [00001744] --- Device FeatureLevels[5]=0000a000
04.06.2019 15:22:53.218 [00001744] --- Device FeatureLevels[6]=00009300
04.06.2019 15:22:53.218 [00001744] --- Device FeatureLevels[7]=00009200
04.06.2019 15:22:53.218 [00001744] --- Device FeatureLevels[8]=00009100
04.06.2019 15:22:53.218 [00001744] --- Device FeatureLevel -> 0000c100
04.06.2019 15:22:53.250 [00001744] --- D3D11CreateDevice ADAPTER Description=Radeon RX 580 Series
04.06.2019 15:22:53.250 [00001744] --- Device FeatureLevels[0]=0000a100
04.06.2019 15:22:53.250 [00001744] --- D3D11CreateDevice ADAPTER Description=Radeon RX 580 Series
04.06.2019 15:22:53.250 [00001744] --- Device FeatureLevels[0]=0000c100
04.06.2019 15:22:53.250 [00001744] --- Device FeatureLevels[1]=0000c000
04.06.2019 15:22:53.250 [00001744] --- Device FeatureLevels[2]=0000b100
04.06.2019 15:22:53.250 [00001744] --- Device FeatureLevels[3]=0000b000
04.06.2019 15:22:53.250 [00001744] --- Device FeatureLevels[4]=0000a100
04.06.2019 15:22:53.250 [00001744] --- Device FeatureLevels[5]=0000a000
04.06.2019 15:22:53.250 [00001744] --- Device FeatureLevels[6]=00009300
04.06.2019 15:22:53.250 [00001744] --- Device FeatureLevels[7]=00009200
04.06.2019 15:22:53.250 [00001744] --- Device FeatureLevels[8]=00009100
04.06.2019 15:22:53.250 [00001744] --- Device FeatureLevel -> 0000c000
04.06.2019 15:22:53.437 [00001744] --- Win10SC_[01] Created
04.06.2019 15:22:53.437 [00001744] --- shim Winmm hLib=7bdf0000
04.06.2019 15:22:53.437 [00001744] --- shim Winmm 7bdf6050, 7bdf5f10, 7bdf1060, 7bdf1040
04.06.2019 15:22:53.444 [00001744] --- WarpContext 49ee1040 Output=3e71ff90 DeviceName=\\.\DISPLAY1 DesktopCoordinates(0,0 3840x1200) AttachedToDesktop=1 Rotation=1 (0)
04.06.2019 15:22:53.444 [00001744] --- WarpContext 49ee1040 count 1
04.06.2019 15:22:53.444 [00001744] --- GMOC[4562b378] DONE
04.06.2019 15:22:53.444 [00001744] --- WarpContext[49ee1040] Monitor=00010001
04.06.2019 15:22:53.444 [00001744] --- D3DXWrapper trying d3dx11_43.dll
04.06.2019 15:22:53.444 [00001744] --- D3DXWrapper d3dx11_43.dll loaded
04.06.2019 15:22:53.444 [00001744] --- WarpContext[49ee1040] D3DCompiler_47.DLL loaded directly
04.06.2019 15:22:53.444 [00001744] --- SCISSORS 1
04.06.2019 15:22:53.444 [00001744] --- ANISOTROPIC 4
04.06.2019 15:22:53.723 [00001744] --- WarpContext 49ee1040 T(3840x1200) O(3840x1200) enableRotation=0 rotateDegrees=0
04.06.2019 15:22:53.752 [00001744] --- WarpContext[49ee1040] CreateAllWarpingResources S=1 R=85 Warping=1
04.06.2019 15:22:53.752 [00001744] --- Cursor warping SSC=7fa748e0
04.06.2019 15:22:53.753 [00001744] ### Cursor clear cache CC[0]
04.06.2019 15:22:53.753 [00001744] ### Present[49ee1040] S
04.06.2019 15:22:53.753 [00001744] ### Present[49ee1040] uSOPSAS
04.06.2019 15:22:53.753 [00001744] ### Present[49ee1040] uSNPSAS
04.06.2019 15:22:53.753 [00001744] ### Present[49ee1040] CR
04.06.2019 15:22:53.753 [00001744] ### Present[49ee1040] OMSRT
04.06.2019 15:22:53.754 [00001744] ### Present[49ee1040] uDC
04.06.2019 15:22:53.754 [00001744] ### Present[49ee1040] OMSRT
04.06.2019 15:22:53.758 [00001744] ### Present[49ee1040] uRBT
04.06.2019 15:22:53.758 [00001744] ### Present[49ee1040] OMSRT
04.06.2019 15:22:53.758 [00001744] ### Present[49ee1040] uDG
04.06.2019 15:22:53.758 [00001744] ### Present[49ee1040] uROPSAS
04.06.2019 15:22:53.758 [00001744] ### Present[49ee1040] E
04.06.2019 15:23:19.333 [00001744] --- BaseDWMWarpContext[49ee1040] CC changed LCC 5 != CC 7
04.06.2019 15:23:19.333 [00001744] --- DestroyWarp
04.06.2019 15:23:19.333 [00001744] --- WarpContext[49ee1040] ReleaseAllWarpingResources R=-85
04.06.2019 15:23:19.333 [00001744] --- WarpContext[49ee1040] Monitor=00010001
04.06.2019 15:23:19.333 [00001744] --- WarpContext[49ee1040] D3DCompiler_47.DLL loaded directly
04.06.2019 15:23:19.333 [00001744] --- SCISSORS 1
04.06.2019 15:23:19.333 [00001744] --- ANISOTROPIC 4
04.06.2019 15:23:19.599 [00001744] --- WarpContext 49ee1040 T(3840x1200) O(3840x1200) enableRotation=0 rotateDegrees=0
04.06.2019 15:23:19.602 [00001744] --- WarpContext[49ee1040] CreateAllWarpingResources S=1 R=85 Warping=1
04.06.2019 15:23:19.602 [00001744] ### Cursor clear cache CC[2]
04.06.2019 15:23:19.603 [00001744] ### Present[49ee1040] S
04.06.2019 15:23:19.603 [00001744] ### Present[49ee1040] uSOPSAS
04.06.2019 15:23:19.603 [00001744] ### Present[49ee1040] uSNPSAS
04.06.2019 15:23:19.603 [00001744] ### Present[49ee1040] CR
04.06.2019 15:23:19.603 [00001744] ### Present[49ee1040] OMSRT
04.06.2019 15:23:19.603 [00001744] ### Present[49ee1040] uDC
04.06.2019 15:23:19.603 [00001744] ### Present[49ee1040] OMSRT
04.06.2019 15:23:19.604 [00001744] ### Present[49ee1040] uRBT
04.06.2019 15:23:19.604 [00001744] ### Present[49ee1040] OMSRT
04.06.2019 15:23:19.604 [00001744] ### Present[49ee1040] uDG
04.06.2019 15:23:19.604 [00001744] ### Present[49ee1040] uROPSAS
04.06.2019 15:23:19.604 [00001744] ### Present[49ee1040] E
04.06.2019 15:23:20.985 [00001744] --- BaseDWMWarpContext[49ee1040] CC changed LCC 7 != CC 9
04.06.2019 15:23:20.985 [00001744] --- DestroyWarp
04.06.2019 15:23:20.985 [00001744] --- WarpContext[49ee1040] ReleaseAllWarpingResources R=-85
04.06.2019 15:23:20.986 [00001744] --- WarpContext[49ee1040] Monitor=00010001
04.06.2019 15:23:20.986 [00001744] --- WarpContext[49ee1040] D3DCompiler_47.DLL loaded directly
04.06.2019 15:23:20.986 [00001744] --- SCISSORS 1
04.06.2019 15:23:20.986 [00001744] --- ANISOTROPIC 4
04.06.2019 15:23:21.253 [00001744] --- WarpContext 49ee1040 T(3840x1200) O(3840x1200) enableRotation=0 rotateDegrees=0
04.06.2019 15:23:21.257 [00001744] --- WarpContext[49ee1040] CreateAllWarpingResources S=1 R=85 Warping=1
04.06.2019 15:23:21.257 [00001744] ### Cursor clear cache CC[2]
04.06.2019 15:23:21.258 [00001744] ### Present[49ee1040] S
04.06.2019 15:23:21.258 [00001744] ### Present[49ee1040] uSOPSAS
04.06.2019 15:23:21.258 [00001744] ### Present[49ee1040] uSNPSAS
04.06.2019 15:23:21.258 [00001744] ### Present[49ee1040] CR
04.06.2019 15:23:21.258 [00001744] ### Present[49ee1040] OMSRT
04.06.2019 15:23:21.258 [00001744] ### Present[49ee1040] uDC
04.06.2019 15:23:21.258 [00001744] ### Present[49ee1040] OMSRT
04.06.2019 15:23:21.259 [00001744] ### Present[49ee1040] uRBT
04.06.2019 15:23:21.259 [00001744] ### Present[49ee1040] OMSRT
04.06.2019 15:23:21.259 [00001744] ### Present[49ee1040] uDG
04.06.2019 15:23:21.259 [00001744] ### Present[49ee1040] uROPSAS
04.06.2019 15:23:21.259 [00001744] ### Present[49ee1040] E
04.06.2019 15:23:22.836 [00001744] --- BaseDWMWarpContext[49ee1040] CC changed LCC 9 != CC 11
04.06.2019 15:23:22.836 [00001744] --- DestroyWarp
04.06.2019 15:23:22.836 [00001744] --- WarpContext[49ee1040] ReleaseAllWarpingResources R=-85
04.06.2019 15:23:22.836 [00001744] --- WarpContext[49ee1040] Monitor=00010001
04.06.2019 15:23:22.836 [00001744] --- WarpContext[49ee1040] D3DCompiler_47.DLL loaded directly
04.06.2019 15:23:22.836 [00001744] --- SCISSORS 1
04.06.2019 15:23:22.836 [00001744] --- ANISOTROPIC 4
04.06.2019 15:23:23.104 [00001744] --- WarpContext 49ee1040 T(3840x1200) O(3840x1200) enableRotation=0 rotateDegrees=0
04.06.2019 15:23:23.106 [00001744] --- WarpContext[49ee1040] CreateAllWarpingResources S=1 R=85 Warping=1
04.06.2019 15:23:23.106 [00001744] ### Cursor clear cache CC[1]
04.06.2019 15:23:23.106 [00001744] ### Present[49ee1040] S
04.06.2019 15:23:23.106 [00001744] ### Present[49ee1040] uSOPSAS
04.06.2019 15:23:23.107 [00001744] ### Present[49ee1040] uSNPSAS
04.06.2019 15:23:23.107 [00001744] ### Present[49ee1040] CR
04.06.2019 15:23:23.107 [00001744] ### Present[49ee1040] OMSRT
04.06.2019 15:23:23.107 [00001744] ### Present[49ee1040] uDC
04.06.2019 15:23:23.107 [00001744] ### Present[49ee1040] OMSRT
04.06.2019 15:23:23.108 [00001744] ### Present[49ee1040] uRBT
04.06.2019 15:23:23.108 [00001744] ### Present[49ee1040] OMSRT
04.06.2019 15:23:23.108 [00001744] ### Present[49ee1040] uDG
04.06.2019 15:23:23.108 [00001744] ### Present[49ee1040] uROPSAS
04.06.2019 15:23:23.108 [00001744] ### Present[49ee1040] E
