05.06.2019 12:00:20.005 [000006fc] --- App --- Immersive Display PRO v3.0.5 (01.01.2019)
05.06.2019 12:00:20.005 [000006fc] --- OS 6:2 Microsoft Windows 8 Professional (build 9200), 64-bit 7(0) 8(1) 8.1(0) 10(0)
05.06.2019 12:00:20.005 [000006fc] --- Process64 C:\Users\own\scoop\apps\git\2.21.0.windows.1\mingw64\bin\git.exe
05.06.2019 12:00:20.005 [000006fc] --- CmdLine [git.exe  status]
05.06.2019 12:00:20.005 [000006fc] --- Enumerating displays ...
05.06.2019 12:00:20.006 [000006fc] --- Device N[\\.\DISPLAY1] S[Radeon RX 580 Series] M[Generic PnP Monitor] F[desktop primary ]
05.06.2019 12:00:20.007 [000006fc] --- Device N[\\.\DISPLAY2] S[Radeon RX 580 Series] M[] F[]
05.06.2019 12:00:20.007 [000006fc] --- Device N[\\.\DISPLAY3] S[Radeon RX 580 Series] M[] F[]
05.06.2019 12:00:20.008 [000006fc] --- Device N[\\.\DISPLAY4] S[Radeon RX 580 Series] M[] F[]
05.06.2019 12:00:20.008 [000006fc] --- Device N[\\.\DISPLAY5] S[Radeon RX 580 Series] M[] F[]
05.06.2019 12:00:20.009 [000006fc] --- Device N[\\.\DISPLAY6] S[Radeon RX 580 Series] M[] F[]
05.06.2019 12:00:20.009 [000006fc] --- Device N[\\.\DISPLAY7] S[Radeon RX 580 Series] M[] F[]
05.06.2019 12:00:20.010 [000006fc] --- Device N[\\.\DISPLAY8] S[Radeon RX 580 Series] M[] F[]
05.06.2019 12:00:20.010 [000006fc] --- SM_CMONITORS         = 1
05.06.2019 12:00:20.010 [000006fc] --- SM_SAMEDISPLAYFORMAT = 1
05.06.2019 12:00:20.010 [000006fc] --- SM_XVIRTUALSCREEN    = 0
05.06.2019 12:00:20.010 [000006fc] --- SM_YVIRTUALSCREEN    = 0
05.06.2019 12:00:20.010 [000006fc] --- SM_CXVIRTUALSCREEN   = 3840
05.06.2019 12:00:20.010 [000006fc] --- SM_CYVIRTUALSCREEN   = 1200
05.06.2019 12:00:20.010 [000006fc] --- SM_CXCURSOR          = 32
05.06.2019 12:00:20.013 [000006fc] --- [\\.\DISPLAY1] [Radeon RX 580 Series] [MONITOR\ADVEF2D\{4d36e96e-e325-11ce-bfc1-08002be10318}\0017] [Generic PnP Monitor]
05.06.2019 12:00:20.013 [000006fc] --- Enumerated 1 displays
05.06.2019 12:00:20.013 [000006fc] --- Displays initialized
05.06.2019 12:00:20.013 [000006fc] --- Displays[0] M[00010001] HDC[e4011458] GDC[5b0113cc] L=0 T=0 R=3840 B=1200 RECT[0,0 3840x1200] N[\\.\DISPLAY1] M[Generic PnP Monitor] F[1] PROJ[2x1] MAPS[2]
05.06.2019 12:00:20.013 [000006fc] ---    Grouping G[0] N[0] GD[]
05.06.2019 12:00:20.013 [000006fc] --- ---
05.06.2019 12:00:20.013 [000006fc] --- hookD3D9
05.06.2019 12:00:20.014 [000006fc] --- DirectX9 dll=670a0000
05.06.2019 12:00:20.073 [000006fc] --- DirectX9 API detected
05.06.2019 12:00:20.073 [000006fc] --- DirectX9Ex API detected
05.06.2019 12:00:20.073 [000006fc] --- i1: InterfaceProc1
05.06.2019 12:00:20.073 [000006fc] --- interfaceFunc1 [\\.\DISPLAY1] totalMaps=2
05.06.2019 12:00:20.074 [000006fc] --- DXGI dll=95b60000
05.06.2019 12:00:20.103 [000006fc] --- DirectX DXGI API CreateDXGIFactory detected 1
05.06.2019 12:00:20.133 [000006fc] --- DirectX DXGI API CreateDXGIFactory1 detected 1
05.06.2019 12:00:20.163 [000006fc] --- DirectX DXGI API CreateDXGIFactory2 detected 1
05.06.2019 12:00:20.163 [000006fc] --- DirectX DXGI API detected
05.06.2019 12:00:20.163 [000006fc] --- DirectX D3D12 API detected hd3d12=8f360000
05.06.2019 12:00:20.193 [000006fc] --- DirectX D3D12 API detected 1
05.06.2019 12:00:20.193 [000006fc] --- hookOpenGL
05.06.2019 12:00:20.401 [000006fc] --- OpenGL API detected
05.06.2019 12:00:20.472 [000006fc] --- PROCESS DETACH
