05.06.2019 12:00:19.474 [00002338] --- App --- Immersive Display PRO v3.0.5 (01.01.2019)
05.06.2019 12:00:19.474 [00002338] --- OS 6:2 Microsoft Windows 8 Professional (build 9200), 64-bit 7(0) 8(1) 8.1(0) 10(0)
05.06.2019 12:00:19.474 [00002338] --- Process64 C:\Users\own\scoop\apps\git\current\cmd\git.exe
05.06.2019 12:00:19.474 [00002338] --- CmdLine ["C:\Users\own\scoop\apps\git\current\cmd\git.exe"  status]
05.06.2019 12:00:19.474 [00002338] --- Enumerating displays ...
05.06.2019 12:00:19.475 [00002338] --- Device N[\\.\DISPLAY1] S[Radeon RX 580 Series] M[Generic PnP Monitor] F[desktop primary ]
05.06.2019 12:00:19.475 [00002338] --- Device N[\\.\DISPLAY2] S[Radeon RX 580 Series] M[] F[]
05.06.2019 12:00:19.476 [00002338] --- Device N[\\.\DISPLAY3] S[Radeon RX 580 Series] M[] F[]
05.06.2019 12:00:19.476 [00002338] --- Device N[\\.\DISPLAY4] S[Radeon RX 580 Series] M[] F[]
05.06.2019 12:00:19.477 [00002338] --- Device N[\\.\DISPLAY5] S[Radeon RX 580 Series] M[] F[]
05.06.2019 12:00:19.477 [00002338] --- Device N[\\.\DISPLAY6] S[Radeon RX 580 Series] M[] F[]
05.06.2019 12:00:19.478 [00002338] --- Device N[\\.\DISPLAY7] S[Radeon RX 580 Series] M[] F[]
05.06.2019 12:00:19.478 [00002338] --- Device N[\\.\DISPLAY8] S[Radeon RX 580 Series] M[] F[]
05.06.2019 12:00:19.479 [00002338] --- SM_CMONITORS         = 1
05.06.2019 12:00:19.479 [00002338] --- SM_SAMEDISPLAYFORMAT = 1
05.06.2019 12:00:19.479 [00002338] --- SM_XVIRTUALSCREEN    = 0
05.06.2019 12:00:19.479 [00002338] --- SM_YVIRTUALSCREEN    = 0
05.06.2019 12:00:19.479 [00002338] --- SM_CXVIRTUALSCREEN   = 3840
05.06.2019 12:00:19.479 [00002338] --- SM_CYVIRTUALSCREEN   = 1200
05.06.2019 12:00:19.479 [00002338] --- SM_CXCURSOR          = 32
05.06.2019 12:00:19.481 [00002338] --- [\\.\DISPLAY1] [Radeon RX 580 Series] [MONITOR\ADVEF2D\{4d36e96e-e325-11ce-bfc1-08002be10318}\0017] [Generic PnP Monitor]
05.06.2019 12:00:19.482 [00002338] --- Enumerated 1 displays
05.06.2019 12:00:19.482 [00002338] --- Displays initialized
05.06.2019 12:00:19.482 [00002338] --- Displays[0] M[00010001] HDC[e4011458] GDC[c6011319] L=0 T=0 R=3840 B=1200 RECT[0,0 3840x1200] N[\\.\DISPLAY1] M[Generic PnP Monitor] F[1] PROJ[2x1] MAPS[2]
05.06.2019 12:00:19.482 [00002338] ---    Grouping G[0] N[0] GD[]
05.06.2019 12:00:19.482 [00002338] --- ---
05.06.2019 12:00:19.482 [00002338] --- hookD3D9
05.06.2019 12:00:19.483 [00002338] --- DirectX9 dll=670a0000
05.06.2019 12:00:19.553 [00002338] --- DirectX9 API detected
05.06.2019 12:00:19.553 [00002338] --- DirectX9Ex API detected
05.06.2019 12:00:19.553 [00002338] --- i1: InterfaceProc1
05.06.2019 12:00:19.553 [00002338] --- interfaceFunc1 [\\.\DISPLAY1] totalMaps=2
05.06.2019 12:00:19.554 [00002338] --- DXGI dll=95b60000
05.06.2019 12:00:19.583 [00002338] --- DirectX DXGI API CreateDXGIFactory detected 1
05.06.2019 12:00:19.619 [00002338] --- DirectX DXGI API CreateDXGIFactory1 detected 1
05.06.2019 12:00:19.649 [00002338] --- DirectX DXGI API CreateDXGIFactory2 detected 1
05.06.2019 12:00:19.649 [00002338] --- DirectX DXGI API detected
05.06.2019 12:00:19.649 [00002338] --- DirectX D3D12 API detected hd3d12=8f360000
05.06.2019 12:00:19.679 [00002338] --- DirectX D3D12 API detected 1
05.06.2019 12:00:19.679 [00002338] --- hookOpenGL
05.06.2019 12:00:19.892 [00002338] --- OpenGL API detected
05.06.2019 12:00:20.529 [00002338] --- PROCESS DETACH
