05.06.2019 12:04:28.990 [00002688] --- App --- Immersive Display PRO v3.0.5 (01.01.2019)
05.06.2019 12:04:28.990 [00002688] --- OS 6:2 Microsoft Windows 8 Professional (build 9200), 64-bit 7(0) 8(1) 8.1(0) 10(0)
05.06.2019 12:04:28.990 [00002688] --- Process64 C:\Users\own\scoop\apps\git\2.21.0.windows.1\mingw64\bin\git.exe
05.06.2019 12:04:28.990 [00002688] --- CmdLine [git.exe  status]
05.06.2019 12:04:28.990 [00002688] --- Enumerating displays ...
05.06.2019 12:04:28.991 [00002688] --- Device N[\\.\DISPLAY1] S[Radeon RX 580 Series] M[Generic PnP Monitor] F[desktop primary ]
05.06.2019 12:04:28.992 [00002688] --- Device N[\\.\DISPLAY2] S[Radeon RX 580 Series] M[] F[]
05.06.2019 12:04:28.992 [00002688] --- Device N[\\.\DISPLAY3] S[Radeon RX 580 Series] M[] F[]
05.06.2019 12:04:28.993 [00002688] --- Device N[\\.\DISPLAY4] S[Radeon RX 580 Series] M[] F[]
05.06.2019 12:04:28.993 [00002688] --- Device N[\\.\DISPLAY5] S[Radeon RX 580 Series] M[] F[]
05.06.2019 12:04:28.994 [00002688] --- Device N[\\.\DISPLAY6] S[Radeon RX 580 Series] M[] F[]
05.06.2019 12:04:28.995 [00002688] --- Device N[\\.\DISPLAY7] S[Radeon RX 580 Series] M[] F[]
05.06.2019 12:04:28.995 [00002688] --- Device N[\\.\DISPLAY8] S[Radeon RX 580 Series] M[] F[]
05.06.2019 12:04:28.995 [00002688] --- SM_CMONITORS         = 1
05.06.2019 12:04:28.995 [00002688] --- SM_SAMEDISPLAYFORMAT = 1
05.06.2019 12:04:28.995 [00002688] --- SM_XVIRTUALSCREEN    = 0
05.06.2019 12:04:28.995 [00002688] --- SM_YVIRTUALSCREEN    = 0
05.06.2019 12:04:28.995 [00002688] --- SM_CXVIRTUALSCREEN   = 3840
05.06.2019 12:04:28.995 [00002688] --- SM_CYVIRTUALSCREEN   = 1200
05.06.2019 12:04:28.995 [00002688] --- SM_CXCURSOR          = 32
05.06.2019 12:04:28.998 [00002688] --- [\\.\DISPLAY1] [Radeon RX 580 Series] [MONITOR\ADVEF2D\{4d36e96e-e325-11ce-bfc1-08002be10318}\0017] [Generic PnP Monitor]
05.06.2019 12:04:28.998 [00002688] --- Enumerated 1 displays
05.06.2019 12:04:28.998 [00002688] --- Displays initialized
05.06.2019 12:04:28.998 [00002688] --- Displays[0] M[00010001] HDC[ba010cc6] GDC[74010ed2] L=0 T=0 R=3840 B=1200 RECT[0,0 3840x1200] N[\\.\DISPLAY1] M[Generic PnP Monitor] F[1] PROJ[2x1] MAPS[2]
05.06.2019 12:04:28.998 [00002688] ---    Grouping G[0] N[0] GD[]
05.06.2019 12:04:28.998 [00002688] --- ---
05.06.2019 12:04:28.999 [00002688] --- hookD3D9
05.06.2019 12:04:29.000 [00002688] --- DirectX9 dll=670a0000
05.06.2019 12:04:29.048 [00002688] --- DirectX9 API detected
05.06.2019 12:04:29.048 [00002688] --- DirectX9Ex API detected
05.06.2019 12:04:29.048 [00002688] --- i1: InterfaceProc1
05.06.2019 12:04:29.048 [00002688] --- interfaceFunc1 [\\.\DISPLAY1] totalMaps=2
05.06.2019 12:04:29.048 [00002688] --- DXGI dll=95b60000
05.06.2019 12:04:29.073 [00002688] --- DirectX DXGI API CreateDXGIFactory detected 1
05.06.2019 12:04:29.098 [00002688] --- DirectX DXGI API CreateDXGIFactory1 detected 1
05.06.2019 12:04:29.123 [00002688] --- DirectX DXGI API CreateDXGIFactory2 detected 1
05.06.2019 12:04:29.123 [00002688] --- DirectX DXGI API detected
05.06.2019 12:04:29.123 [00002688] --- DirectX D3D12 API detected hd3d12=8f360000
05.06.2019 12:04:29.148 [00002688] --- DirectX D3D12 API detected 1
05.06.2019 12:04:29.148 [00002688] --- hookOpenGL
05.06.2019 12:04:29.322 [00002688] --- OpenGL API detected
05.06.2019 12:04:29.392 [00002688] --- PROCESS DETACH
