04.06.2019 21:22:57.833 [000014d4] --- App --- Immersive Display PRO v3.0.5 (01.01.2019)
04.06.2019 21:22:57.833 [000014d4] --- OS 6:2 Microsoft Windows 8 Professional (build 9200), 64-bit 7(0) 8(1) 8.1(0) 10(0)
04.06.2019 21:22:57.833 [000014d4] --- Process64 C:\Program Files\Intel\SUR\QUEENCREEK\x64\esrv.exe
04.06.2019 21:22:57.833 [000014d4] --- CmdLine ["C:\Program Files\Intel\SUR\QUEENCREEK\x64\esrv.exe" "--start" "--start_options_handle" "1220"]
04.06.2019 21:22:57.833 [000014d4] --- Enumerating displays ...
04.06.2019 21:22:57.834 [000014d4] --- Device N[\\.\DISPLAY1] S[Radeon RX 580 Series] M[Generic PnP Monitor] F[desktop ]
04.06.2019 21:22:57.836 [000014d4] --- Device N[\\.\DISPLAY2] S[Radeon RX 580 Series] M[Generic PnP Monitor] F[desktop primary ]
04.06.2019 21:22:57.837 [000014d4] --- Device N[\\.\DISPLAY3] S[Radeon RX 580 Series] M[] F[]
04.06.2019 21:22:57.838 [000014d4] --- Device N[\\.\DISPLAY4] S[Radeon RX 580 Series] M[] F[]
04.06.2019 21:22:57.839 [000014d4] --- Device N[\\.\DISPLAY5] S[Radeon RX 580 Series] M[] F[]
04.06.2019 21:22:57.840 [000014d4] --- Device N[\\.\DISPLAY6] S[Radeon RX 580 Series] M[] F[]
04.06.2019 21:22:57.840 [000014d4] --- SM_CMONITORS         = 2
04.06.2019 21:22:57.840 [000014d4] --- SM_SAMEDISPLAYFORMAT = 1
04.06.2019 21:22:57.840 [000014d4] --- SM_XVIRTUALSCREEN    = 0
04.06.2019 21:22:57.840 [000014d4] --- SM_YVIRTUALSCREEN    = 0
04.06.2019 21:22:57.840 [000014d4] --- SM_CXVIRTUALSCREEN   = 3840
04.06.2019 21:22:57.840 [000014d4] --- SM_CYVIRTUALSCREEN   = 1200
04.06.2019 21:22:57.840 [000014d4] --- SM_CXCURSOR          = 32
04.06.2019 21:22:57.845 [000014d4] --- [\\.\DISPLAY1] [Radeon RX 580 Series] [MONITOR\SECA70B\{4d36e96e-e325-11ce-bfc1-08002be10318}\0016] [Generic PnP Monitor]
04.06.2019 21:22:57.846 [000014d4] --- [\\.\DISPLAY2] [Radeon RX 580 Series] [MONITOR\SECA70B\{4d36e96e-e325-11ce-bfc1-08002be10318}\0015] [Generic PnP Monitor]
04.06.2019 21:22:57.846 [000014d4] --- Enumerated 2 displays
04.06.2019 21:22:57.847 [000014d4] --- Displays initialized
04.06.2019 21:22:57.847 [000014d4] --- Displays[0] M[00010003] HDC[17010e12] GDC[da010e07] L=1920 T=0 R=3840 B=1200 RECT[1920,0 1920x1200] N[\\.\DISPLAY1] M[Generic PnP Monitor] F[0] PROJ[0x0] MAPS[0]
04.06.2019 21:22:57.847 [000014d4] ---    Grouping G[0] N[0] GD[]
04.06.2019 21:22:57.847 [000014d4] --- Displays[1] M[00010001] HDC[32010e3d] GDC[eb010e28] L=0 T=0 R=1920 B=1200 RECT[0,0 1920x1200] N[\\.\DISPLAY2] M[Generic PnP Monitor] F[1] PROJ[0x0] MAPS[0]
04.06.2019 21:22:57.847 [000014d4] ---    Grouping G[0] N[0] GD[]
04.06.2019 21:22:57.847 [000014d4] --- ---
04.06.2019 21:22:57.847 [000014d4] --- hookD3D9
04.06.2019 21:22:57.847 [000014d4] --- DirectX9 dll=03460000
04.06.2019 21:22:57.906 [000014d4] --- DirectX9 API detected
04.06.2019 21:22:57.906 [000014d4] --- DirectX9Ex API detected
04.06.2019 21:22:57.906 [000014d4] --- i1: InterfaceProc1
04.06.2019 21:22:57.906 [000014d4] --- DXGI dll=1f3f0000
04.06.2019 21:22:57.936 [000014d4] --- DirectX DXGI API CreateDXGIFactory detected 1
04.06.2019 21:22:57.965 [000014d4] --- DirectX DXGI API CreateDXGIFactory1 detected 1
04.06.2019 21:22:57.995 [000014d4] --- DirectX DXGI API CreateDXGIFactory2 detected 1
04.06.2019 21:22:57.995 [000014d4] --- DirectX DXGI API detected
04.06.2019 21:22:57.996 [000014d4] --- DirectX D3D12 API detected hd3d12=18bc0000
04.06.2019 21:22:58.025 [000014d4] --- DirectX D3D12 API detected 1
04.06.2019 21:22:58.025 [000014d4] --- hookOpenGL
04.06.2019 21:22:58.236 [000014d4] --- OpenGL API detected
