05.06.2019 10:45:52.380 [00002058] ??? OSM handle == NULL error=2
05.06.2019 10:45:52.380 [00002058] ^^^ SC trying session1
--- [2]
05.06.2019 10:45:52.380 [00002058] --- App --- Immersive Display PRO v3.0.5 (01.01.2019)
05.06.2019 10:45:52.380 [00002058] --- OS 6:2 Microsoft Windows 8 Professional (build 9200), 64-bit 7(0) 8(1) 8.1(0) 10(0)
05.06.2019 10:45:52.380 [00002058] --- Process64 C:\Program Files\Intel\SUR\QUEENCREEK\x64\task.exe
05.06.2019 10:45:52.380 [00002058] --- CmdLine ["C:\Program Files\Intel\SUR\QUEENCREEK\x64\task.exe"  ]
05.06.2019 10:45:52.380 [00002058] --- Enumerating displays ...
05.06.2019 10:45:52.380 [00002058] --- SM_CMONITORS         = 1
05.06.2019 10:45:52.380 [00002058] --- SM_SAMEDISPLAYFORMAT = 1
05.06.2019 10:45:52.380 [00002058] --- SM_XVIRTUALSCREEN    = 0
05.06.2019 10:45:52.380 [00002058] --- SM_YVIRTUALSCREEN    = 0
05.06.2019 10:45:52.380 [00002058] --- SM_CXVIRTUALSCREEN   = 1024
05.06.2019 10:45:52.380 [00002058] --- SM_CYVIRTUALSCREEN   = 768
05.06.2019 10:45:52.380 [00002058] --- SM_CXCURSOR          = 32
05.06.2019 10:45:52.380 [00002058] ??? No displays enumerated. Retry later
05.06.2019 10:45:52.380 [00002058] --- hookD3D9
05.06.2019 10:45:52.380 [00002058] --- DirectX9 dll=328d0000
05.06.2019 10:45:52.427 [00002058] --- DirectX9 API detected
05.06.2019 10:45:52.427 [00002058] --- DirectX9Ex API detected
05.06.2019 10:45:52.427 [00002058] --- i1: InterfaceProc1
05.06.2019 10:45:52.427 [00002058] --- DXGI dll=61320000
05.06.2019 10:45:52.443 [00002058] --- DirectX DXGI API CreateDXGIFactory detected 1
05.06.2019 10:45:52.458 [00002058] --- DirectX DXGI API CreateDXGIFactory1 detected 1
05.06.2019 10:45:52.489 [00002058] --- DirectX DXGI API CreateDXGIFactory2 detected 1
05.06.2019 10:45:52.489 [00002058] --- DirectX DXGI API detected
05.06.2019 10:45:52.489 [00002058] --- DirectX D3D12 API detected hd3d12=5a9e0000
05.06.2019 10:45:52.505 [00002058] --- DirectX D3D12 API detected 1
05.06.2019 10:45:52.505 [00002058] --- hookOpenGL
05.06.2019 10:45:52.630 [00002058] --- OpenGL API detected
05.06.2019 10:45:52.724 [00002058] --- PROCESS DETACH
