04.06.2019 21:16:39.350 [00000544] ??? OSM handle == NULL error=2
04.06.2019 21:16:39.350 [00000544] ^^^ SC trying session1
--- [2]
04.06.2019 21:16:39.350 [00000544] --- App --- Immersive Display PRO v3.0.5 (01.01.2019)
04.06.2019 21:16:39.350 [00000544] --- OS 6:2 Microsoft Windows 8 Professional (build 9200), 64-bit 7(0) 8(1) 8.1(0) 10(0)
04.06.2019 21:16:39.350 [00000544] --- Process64 C:\Program Files\Intel\SUR\QUEENCREEK\SurSvc.exe
04.06.2019 21:16:39.350 [00000544] --- CmdLine ["C:\Program Files\Intel\SUR\QUEENCREEK\SurSvc.exe"]
04.06.2019 21:16:39.350 [00000544] --- Enumerating displays ...
04.06.2019 21:16:39.351 [00000544] --- SM_CMONITORS         = 1
04.06.2019 21:16:39.351 [00000544] --- SM_SAMEDISPLAYFORMAT = 1
04.06.2019 21:16:39.351 [00000544] --- SM_XVIRTUALSCREEN    = 0
04.06.2019 21:16:39.351 [00000544] --- SM_YVIRTUALSCREEN    = 0
04.06.2019 21:16:39.351 [00000544] --- SM_CXVIRTUALSCREEN   = 1024
04.06.2019 21:16:39.351 [00000544] --- SM_CYVIRTUALSCREEN   = 768
04.06.2019 21:16:39.351 [00000544] --- SM_CXCURSOR          = 32
04.06.2019 21:16:39.351 [00000544] ??? No displays enumerated. Retry later
04.06.2019 21:16:39.351 [00000544] --- hookD3D9
04.06.2019 21:16:39.352 [00000544] --- DirectX9 dll=72ce0000
04.06.2019 21:16:39.387 [00000544] --- DirectX9 API detected
04.06.2019 21:16:39.387 [00000544] --- DirectX9Ex API detected
04.06.2019 21:16:39.387 [00000544] --- i1: InterfaceProc1
04.06.2019 21:16:39.388 [00000544] --- DXGI dll=a1720000
04.06.2019 21:16:39.409 [00000544] --- DirectX DXGI API CreateDXGIFactory detected 1
04.06.2019 21:16:39.426 [00000544] --- DirectX DXGI API CreateDXGIFactory1 detected 1
04.06.2019 21:16:39.445 [00000544] --- DirectX DXGI API CreateDXGIFactory2 detected 1
04.06.2019 21:16:39.445 [00000544] --- DirectX DXGI API detected
04.06.2019 21:16:39.445 [00000544] --- DirectX D3D12 API detected hd3d12=9a880000
04.06.2019 21:16:39.463 [00000544] --- DirectX D3D12 API detected 1
04.06.2019 21:16:39.463 [00000544] --- hookOpenGL
04.06.2019 21:16:39.587 [00000544] --- OpenGL API detected
04.06.2019 21:18:27.184 [00000544] --- PROCESS DETACH
