05.06.2019 11:50:53.035 [00000cc8] ??? OSM handle == NULL error=2
05.06.2019 11:50:53.035 [00000cc8] ^^^ SC trying session1
--- [2]
05.06.2019 11:50:53.035 [00000cc8] --- App --- Immersive Display PRO v3.0.5 (01.01.2019)
05.06.2019 11:50:53.035 [00000cc8] --- OS 6:2 Microsoft Windows 8 Professional (build 9200), 64-bit 7(0) 8(1) 8.1(0) 10(0)
05.06.2019 11:50:53.035 [00000cc8] --- Process64 C:\ProgramData\Microsoft\Windows Defender\platform\4.18.1905.4-0\MpCmdRun.exe
05.06.2019 11:50:53.035 [00000cc8] --- CmdLine ["C:\ProgramData\Microsoft\Windows Defender\platform\4.18.1905.4-0\MpCmdRun.exe" SignatureUpdate -ScheduleJob -RestrictPrivileges]
05.06.2019 11:50:53.035 [00000cc8] --- Enumerating displays ...
05.06.2019 11:50:53.035 [00000cc8] --- SM_CMONITORS         = 1
05.06.2019 11:50:53.035 [00000cc8] --- SM_SAMEDISPLAYFORMAT = 1
05.06.2019 11:50:53.035 [00000cc8] --- SM_XVIRTUALSCREEN    = 0
05.06.2019 11:50:53.035 [00000cc8] --- SM_YVIRTUALSCREEN    = 0
05.06.2019 11:50:53.035 [00000cc8] --- SM_CXVIRTUALSCREEN   = 1024
05.06.2019 11:50:53.035 [00000cc8] --- SM_CYVIRTUALSCREEN   = 768
05.06.2019 11:50:53.035 [00000cc8] --- SM_CXCURSOR          = 32
05.06.2019 11:50:53.035 [00000cc8] ??? No displays enumerated. Retry later
05.06.2019 11:50:53.035 [00000cc8] --- hookD3D9
05.06.2019 11:50:53.036 [00000cc8] --- DirectX9 dll=670a0000
05.06.2019 11:50:53.071 [00000cc8] --- DirectX9 API detected
05.06.2019 11:50:53.071 [00000cc8] --- DirectX9Ex API detected
05.06.2019 11:50:53.071 [00000cc8] --- i1: InterfaceProc1
05.06.2019 11:50:53.072 [00000cc8] --- DXGI dll=95b60000
05.06.2019 11:50:53.090 [00000cc8] --- DirectX DXGI API CreateDXGIFactory detected 1
05.06.2019 11:50:53.107 [00000cc8] --- DirectX DXGI API CreateDXGIFactory1 detected 1
05.06.2019 11:50:53.125 [00000cc8] --- DirectX DXGI API CreateDXGIFactory2 detected 1
05.06.2019 11:50:53.125 [00000cc8] --- DirectX DXGI API detected
05.06.2019 11:50:53.126 [00000cc8] --- DirectX D3D12 API detected hd3d12=8f360000
05.06.2019 11:50:53.143 [00000cc8] --- DirectX D3D12 API detected 1
05.06.2019 11:50:53.143 [00000cc8] --- hookOpenGL
05.06.2019 11:50:53.267 [00000cc8] --- OpenGL API detected
05.06.2019 11:50:53.324 [00000cc8] --- PROCESS DETACH
