04.06.2019 14:51:24.418 [0000199c] --- App --- Immersive Display PRO v3.0.5 (01.01.2019)
04.06.2019 14:51:24.418 [0000199c] --- OS 6:2 Microsoft Windows 8 Professional (build 9200), 64-bit 7(0) 8(1) 8.1(0) 10(0)
04.06.2019 14:51:24.418 [0000199c] --- Process64 C:\Program Files\FARO\SCENE LT\libcef_process.exe
04.06.2019 14:51:24.418 [0000199c] --- CmdLine [libcef_process.exe --type=renderer --disable-gpu-compositing --no-sandbox --enable-begin-frame-scheduling --disable-databases --lang=en-US --lang=zh-CN --log-file=cef_logfile.txt --log-severity=disable --enable-pinch --device-scale-factor=1 --num-raster-thre?]
04.06.2019 14:51:24.418 [0000199c] --- Enumerating displays ...
04.06.2019 14:51:24.419 [0000199c] --- Device N[\\.\DISPLAY1] S[Radeon RX 580 Series] M[Generic PnP Monitor] F[desktop primary ]
04.06.2019 14:51:24.420 [0000199c] --- Device N[\\.\DISPLAY2] S[Radeon RX 580 Series] M[] F[]
04.06.2019 14:51:24.421 [0000199c] --- Device N[\\.\DISPLAY3] S[Radeon RX 580 Series] M[] F[]
04.06.2019 14:51:24.421 [0000199c] --- Device N[\\.\DISPLAY4] S[Radeon RX 580 Series] M[] F[]
04.06.2019 14:51:24.422 [0000199c] --- Device N[\\.\DISPLAY5] S[Radeon RX 580 Series] M[] F[]
04.06.2019 14:51:24.423 [0000199c] --- Device N[\\.\DISPLAY6] S[Radeon RX 580 Series] M[] F[]
04.06.2019 14:51:24.423 [0000199c] --- Device N[\\.\DISPLAY7] S[Radeon RX 580 Series] M[] F[]
04.06.2019 14:51:24.424 [0000199c] --- Device N[\\.\DISPLAY8] S[Radeon RX 580 Series] M[] F[]
04.06.2019 14:51:24.424 [0000199c] --- SM_CMONITORS         = 1
04.06.2019 14:51:24.424 [0000199c] --- SM_SAMEDISPLAYFORMAT = 1
04.06.2019 14:51:24.424 [0000199c] --- SM_XVIRTUALSCREEN    = 0
04.06.2019 14:51:24.424 [0000199c] --- SM_YVIRTUALSCREEN    = 0
04.06.2019 14:51:24.424 [0000199c] --- SM_CXVIRTUALSCREEN   = 3840
04.06.2019 14:51:24.424 [0000199c] --- SM_CYVIRTUALSCREEN   = 1200
04.06.2019 14:51:24.424 [0000199c] --- SM_CXCURSOR          = 32
04.06.2019 14:51:24.426 [0000199c] --- [\\.\DISPLAY1] [Radeon RX 580 Series] [MONITOR\ADVEF2D\{4d36e96e-e325-11ce-bfc1-08002be10318}\0013] [Generic PnP Monitor]
04.06.2019 14:51:24.427 [0000199c] --- Enumerated 1 displays
04.06.2019 14:51:24.427 [0000199c] --- Displays initialized
04.06.2019 14:51:24.427 [0000199c] --- Displays[0] M[00010001] HDC[ab010105] GDC[720100ff] L=0 T=0 R=3840 B=1200 RECT[0,0 3840x1200] N[\\.\DISPLAY1] M[Generic PnP Monitor] F[1] PROJ[2x1] MAPS[2]
04.06.2019 14:51:24.427 [0000199c] ---    Grouping G[0] N[0] GD[]
04.06.2019 14:51:24.427 [0000199c] --- ---
04.06.2019 14:51:24.427 [0000199c] --- hookD3D9
04.06.2019 14:51:24.428 [0000199c] --- DirectX9 dll=56cb0000
04.06.2019 14:51:24.483 [0000199c] --- DirectX9 API detected
04.06.2019 14:51:24.483 [0000199c] --- DirectX9Ex API detected
04.06.2019 14:51:24.483 [0000199c] --- i1: InterfaceProc1
04.06.2019 14:51:24.483 [0000199c] --- interfaceFunc1 [\\.\DISPLAY1] totalMaps=2
04.06.2019 14:51:24.484 [0000199c] --- DXGI dll=7ce30000
04.06.2019 14:51:24.509 [0000199c] --- DirectX DXGI API CreateDXGIFactory detected 1
04.06.2019 14:51:24.536 [0000199c] --- DirectX DXGI API CreateDXGIFactory1 detected 1
04.06.2019 14:51:24.565 [0000199c] --- DirectX DXGI API CreateDXGIFactory2 detected 1
04.06.2019 14:51:24.565 [0000199c] --- DirectX DXGI API detected
04.06.2019 14:51:24.566 [0000199c] --- DirectX D3D12 API detected hd3d12=75c40000
04.06.2019 14:51:24.589 [0000199c] --- DirectX D3D12 API detected 1
04.06.2019 14:51:24.589 [0000199c] --- hookOpenGL
04.06.2019 14:51:24.728 [0000199c] --- OpenGL API detected
04.06.2019 14:55:37.886 [0000199c] --- PROCESS DETACH
