04.06.2019 23:54:12.284 [00001768] ??? OSM handle == NULL error=2
04.06.2019 23:54:12.284 [00001768] ^^^ SC trying session1
--- [2]
04.06.2019 23:54:12.284 [00001768] --- App --- Immersive Display PRO v3.0.5 (01.01.2019)
04.06.2019 23:54:12.284 [00001768] --- OS 6:2 Microsoft Windows 8 Professional (build 9200), 64-bit 7(0) 8(1) 8.1(0) 10(0)
04.06.2019 23:54:12.284 [00001768] --- Process64 C:\WINDOWS\winsxs\amd64_microsoft-windows-servicingstack_31bf3856ad364e35_10.0.17763.402_none_7e502ee34cd6a6f5\TiWorker.exe
04.06.2019 23:54:12.284 [00001768] --- CmdLine [C:\WINDOWS\winsxs\amd64_microsoft-windows-servicingstack_31bf3856ad364e35_10.0.17763.402_none_7e502ee34cd6a6f5\TiWorker.exe -Embedding]
04.06.2019 23:54:12.284 [00001768] --- Enumerating displays ...
04.06.2019 23:54:12.284 [00001768] --- SM_CMONITORS         = 1
04.06.2019 23:54:12.284 [00001768] --- SM_SAMEDISPLAYFORMAT = 1
04.06.2019 23:54:12.284 [00001768] --- SM_XVIRTUALSCREEN    = 0
04.06.2019 23:54:12.284 [00001768] --- SM_YVIRTUALSCREEN    = 0
04.06.2019 23:54:12.284 [00001768] --- SM_CXVIRTUALSCREEN   = 1024
04.06.2019 23:54:12.284 [00001768] --- SM_CYVIRTUALSCREEN   = 768
04.06.2019 23:54:12.284 [00001768] --- SM_CXCURSOR          = 32
04.06.2019 23:54:12.284 [00001768] ??? No displays enumerated. Retry later
04.06.2019 23:54:12.284 [00001768] --- hookD3D9
04.06.2019 23:54:12.285 [00001768] --- DirectX9 dll=d6de0000
04.06.2019 23:54:12.312 [00001768] --- DirectX9 API detected
04.06.2019 23:54:12.312 [00001768] --- DirectX9Ex API detected
04.06.2019 23:54:12.312 [00001768] --- i1: InterfaceProc1
04.06.2019 23:54:12.312 [00001768] --- DXGI dll=05830000
04.06.2019 23:54:12.325 [00001768] --- DirectX DXGI API CreateDXGIFactory detected 1
04.06.2019 23:54:12.338 [00001768] --- DirectX DXGI API CreateDXGIFactory1 detected 1
04.06.2019 23:54:12.351 [00001768] --- DirectX DXGI API CreateDXGIFactory2 detected 1
04.06.2019 23:54:12.351 [00001768] --- DirectX DXGI API detected
04.06.2019 23:54:12.352 [00001768] --- DirectX D3D12 API detected hd3d12=ff080000
04.06.2019 23:54:12.365 [00001768] --- DirectX D3D12 API detected 1
04.06.2019 23:54:12.365 [00001768] --- hookOpenGL
04.06.2019 23:54:12.454 [00001768] --- OpenGL API detected
04.06.2019 23:56:13.073 [00001768] --- PROCESS DETACH
