04.06.2019 21:52:13.263 [00001dcc] --- Immersive Display PRO v3.0.5
04.06.2019 21:52:13.263 [00001dcc] --- OS 6:2 Microsoft Windows 8 Professional (build 9200), 64-bit 7(0) 8(1) 8.1(0) 10(0)
04.06.2019 21:52:13.263 [00001dcc] --- SCREEN \\.\DISPLAY1
04.06.2019 21:52:13.263 [00001dcc] ------ LogicalDPI=96.000000 Scale=1.000000
04.06.2019 21:52:13.263 [00001dcc] ------ DevicePixelRatio=1.000000
04.06.2019 21:52:13.310 [00001dcc] --- Removed 0 log file(s)
04.06.2019 21:52:13.310 [00001dcc] --- ACL changed for C:\WARP000\
04.06.2019 21:52:13.826 [00001dcc] --- LicAppName=Immersive Display PRO
04.06.2019 21:52:13.826 [00001dcc] --- L1
04.06.2019 21:52:14.279 [00001dcc] --- DK1C60
04.06.2019 21:52:15.201 [00001dcc] --- DM110
04.06.2019 21:52:16.232 [00001dcc] --- LD=20190109 SD=20190101
04.06.2019 21:52:16.232 [00001dcc] --- ###[UzNZOU5YME0yNDg4OTBM]###
04.06.2019 21:52:16.904 [00001dcc] --- Displays 1/2 [20] SGD=2560932 SSC=31904
04.06.2019 21:52:16.904 [00001dcc] --- Shared 31904+5121864 5153768
04.06.2019 21:52:16.904 [00001dcc] ### PageSize=4096
04.06.2019 21:52:16.904 [00001dcc] ### MinimumApplicationAddress=00010000
04.06.2019 21:52:16.904 [00001dcc] ### MaximumApplicationAddress=7ffeffff
04.06.2019 21:52:16.904 [00001dcc] ### AllocationGranularity=65536
04.06.2019 21:52:16.904 [00001dcc] ### Res=28
04.06.2019 21:52:16.904 [00001dcc] ### BaseAddress=07d40000
04.06.2019 21:52:16.904 [00001dcc] ### AllocationBase=07d40000
04.06.2019 21:52:16.904 [00001dcc] ### AllocationProtect=00000004
04.06.2019 21:52:16.904 [00001dcc] ### RegionSize=5156864
04.06.2019 21:52:16.904 [00001dcc] ### State=00001000
04.06.2019 21:52:16.904 [00001dcc] ### Protect=00000004
04.06.2019 21:52:16.904 [00001dcc] ### Type=00040000
04.06.2019 21:52:16.904 [00001dcc] --- Config 07d40000 ZERO(0) 31904 + 5121864
04.06.2019 21:52:16.904 [00001dcc] --- Config 07d40000 ZERO(1)
04.06.2019 21:52:16.904 [00001dcc] --- Config 07d40000 ZERO(2)
04.06.2019 21:52:16.904 [00001dcc] --- R [12]->20
04.06.2019 21:52:16.904 [00001dcc] --- MP 3
04.06.2019 21:52:16.904 [00001dcc] --- Config 07d40000
04.06.2019 21:52:16.904 [00001dcc] --- Config logsFolder=C:\WARP000\logs\
04.06.2019 21:52:16.904 [00001dcc] --- Config imagesFolder=C:\WARP000\images\
04.06.2019 21:52:16.904 [00001dcc] --- Config configsFolder=C:\WARP000\config\
04.06.2019 21:52:16.904 [00001dcc] --- Enumerating displays ...
04.06.2019 21:52:16.904 [00001dcc] --- Device N[\\.\DISPLAY1] S[Radeon RX 580 Series] M[Generic PnP Monitor] F[desktop primary ]
04.06.2019 21:52:16.904 [00001dcc] --- Device N[\\.\DISPLAY2] S[Radeon RX 580 Series] M[] F[]
04.06.2019 21:52:16.904 [00001dcc] --- Device N[\\.\DISPLAY3] S[Radeon RX 580 Series] M[] F[]
04.06.2019 21:52:16.904 [00001dcc] --- Device N[\\.\DISPLAY4] S[Radeon RX 580 Series] M[] F[]
04.06.2019 21:52:16.904 [00001dcc] --- Device N[\\.\DISPLAY5] S[Radeon RX 580 Series] M[] F[]
04.06.2019 21:52:16.904 [00001dcc] --- Device N[\\.\DISPLAY6] S[Radeon RX 580 Series] M[] F[]
04.06.2019 21:52:16.904 [00001dcc] --- Device N[\\.\DISPLAY7] S[Radeon RX 580 Series] M[] F[]
04.06.2019 21:52:16.904 [00001dcc] --- Device N[\\.\DISPLAY8] S[Radeon RX 580 Series] M[] F[]
04.06.2019 21:52:16.904 [00001dcc] --- SM_CMONITORS         = 1
04.06.2019 21:52:16.904 [00001dcc] --- SM_SAMEDISPLAYFORMAT = 1
04.06.2019 21:52:16.904 [00001dcc] --- SM_XVIRTUALSCREEN    = 0
04.06.2019 21:52:16.904 [00001dcc] --- SM_YVIRTUALSCREEN    = 0
04.06.2019 21:52:16.904 [00001dcc] --- SM_CXVIRTUALSCREEN   = 1920
04.06.2019 21:52:16.904 [00001dcc] --- SM_CYVIRTUALSCREEN   = 1200
04.06.2019 21:52:16.904 [00001dcc] --- SM_CXCURSOR          = 32
04.06.2019 21:52:16.935 [00001dcc] --- [\\.\DISPLAY1] [Radeon RX 580 Series] [MONITOR\SECA70B\{4d36e96e-e325-11ce-bfc1-08002be10318}\0016] [Generic PnP Monitor]
04.06.2019 21:52:16.935 [00001dcc] --- Enumerated 1 displays
04.06.2019 21:52:16.935 [00001dcc] --- Displays initialized
04.06.2019 21:52:16.935 [00001dcc] --- Displays[0] M[00010001] HDC[0b010bf8] GDC[08010ba2] L=0 T=0 R=1920 B=1200 RECT[0,0 1920x1200] N[\\.\DISPLAY1] M[Generic PnP Monitor] F[1] PROJ[0x0] MAPS[0]
04.06.2019 21:52:16.935 [00001dcc] ---    Grouping G[0] N[0] GD[]
04.06.2019 21:52:16.935 [00001dcc] --- ---
04.06.2019 21:52:16.966 [00001dcc] --- Model:Config file C:\WARP000\config\config.dat does not exist
04.06.2019 21:52:16.966 [00001dcc] --- Model:Config file LCC[1]
04.06.2019 21:52:16.966 [00001dcc] --- Model:Config file CC[2]
04.06.2019 21:52:16.966 [00001dcc] --- Preferences loaded
04.06.2019 21:52:16.966 [00001dcc] ------ startMinimized 0
04.06.2019 21:52:16.966 [00001dcc] ------ showTrayNotifications 0
04.06.2019 21:52:16.966 [00001dcc] ------ autoStartDesktopWarping 1
04.06.2019 21:52:16.966 [00001dcc] ------ autoStartDesktopWarpingDelaySeconds 3
04.06.2019 21:52:16.966 [00001dcc] ------ warpCursor 1
04.06.2019 21:52:16.966 [00001dcc] ------ hideSystemCursor 0
04.06.2019 21:52:16.966 [00001dcc] ------ samplingDesktop 2
04.06.2019 21:52:16.966 [00001dcc] ------ samplingDXGL 2
04.06.2019 21:52:16.966 [00001dcc] ------ useFXAA 0
04.06.2019 21:52:16.966 [00001dcc] ------ useFXAAPresetIndex 0
04.06.2019 21:52:16.966 [00001dcc] ------ updateRateMS 20
04.06.2019 21:52:16.966 [00001dcc] ------ enableVNCControl 0
04.06.2019 21:52:16.966 [00001dcc] ------ vncPort 5900
04.06.2019 21:52:16.966 [00001dcc] ------ vncPassword 1234
04.06.2019 21:52:16.966 [00001dcc] ------ enableTelnet 0
04.06.2019 21:52:16.966 [00001dcc] ------ remoteTelnetPort 6600
04.06.2019 21:52:16.966 [00001dcc] ------ overrideDesktopRotation 0
04.06.2019 21:52:16.966 [00001dcc] ------ forcedDesktopRotation 0
04.06.2019 21:52:16.966 [00001dcc] ------ forcedScissorsRotation 0
04.06.2019 21:52:16.966 [00001dcc] ------ checkForDisplayConfigChange 0
04.06.2019 21:52:16.966 [00001dcc] ------ cropEdges 0
04.06.2019 21:52:16.966 [00001dcc] ------ cropPixels 0
04.06.2019 21:52:16.966 [00001dcc] ------ removeWindowFrame 0
04.06.2019 21:52:16.966 [00001dcc] ------ skipWarpChildWindows 0
04.06.2019 21:52:16.966 [00001dcc] ------ openGLTextureOffset 0
04.06.2019 21:52:16.966 [00001dcc] ------ disable_DX9 0
04.06.2019 21:52:16.966 [00001dcc] ------ disable_DX10 0
04.06.2019 21:52:16.966 [00001dcc] ------ disable_DX11 0
04.06.2019 21:52:16.966 [00001dcc] ------ disable_DX12 0
04.06.2019 21:52:16.966 [00001dcc] ------ disable_OpenGL 0
04.06.2019 21:52:16.966 [00001dcc] ------ disable_Vulkan 1
04.06.2019 21:52:16.966 [00001dcc] ------ forcePreserveBB_DX9 0
04.06.2019 21:52:16.966 [00001dcc] ------ forcePreserveBB_DX10 0
04.06.2019 21:52:16.966 [00001dcc] ------ forcePreserveBB_DX11 0
04.06.2019 21:52:16.966 [00001dcc] ------ forcePreserveBB_DX12 0
04.06.2019 21:52:16.966 [00001dcc] ------ forcePreserveBB_OpenGL 0
04.06.2019 21:52:16.966 [00001dcc] ------ forcePreserveBB_Vulkan 0
04.06.2019 21:52:16.966 [00001dcc] ------ enableDebanding 0
04.06.2019 21:52:16.966 [00001dcc] ------ enableWindowsSessionShutdown 0
04.06.2019 21:52:16.966 [00001dcc] ------ ignoreDWMInFullScreen 1
04.06.2019 21:52:16.966 [00001dcc] --- Excludes loaded 3
04.06.2019 21:52:16.966 [00001dcc] ------ Exclude Path=MQTT_Json_Movie_MOC.exe DX9=1 DX10=1 DX11=1 DX12=1 OGL=1 VULKAN=1 StopDWM7=0
04.06.2019 21:52:16.966 [00001dcc] ------ Exclude Path=chrome.exe DX9=1 DX10=1 DX11=1 DX12=1 OGL=1 VULKAN=1 StopDWM7=0
04.06.2019 21:52:16.966 [00001dcc] ------ Exclude Path=chrome.exe DX9=1 DX10=1 DX11=1 DX12=1 OGL=1 VULKAN=1 StopDWM7=0
04.06.2019 21:52:16.966 [00001dcc] --- Sets configSet=1
04.06.2019 21:52:16.966 [00001dcc] --- Sets configSetFile[1]=C:\WARP000\config\20190509.dat
04.06.2019 21:52:16.966 [00001dcc] --- Sets configSetFile[2]=C:\WARP000\config\config2.dat
04.06.2019 21:52:16.966 [00001dcc] --- Sets configSetFile[3]=C:\WARP000\config\config3.dat
04.06.2019 21:52:16.966 [00001dcc] --- Sets configSetFile[4]=C:\WARP000\config\config4.dat
04.06.2019 21:52:16.966 [00001dcc] --- Sets configSetFile[5]=C:\WARP000\config\config5.dat
04.06.2019 21:52:16.966 [00001dcc] --- Sets configSetFile[6]=C:\WARP000\config\config6.dat
04.06.2019 21:52:16.966 [00001dcc] --- Sets configSetFile[7]=C:\WARP000\config\config7.dat
04.06.2019 21:52:16.966 [00001dcc] --- Sets configSetFile[8]=C:\WARP000\config\config8.dat
04.06.2019 21:52:16.997 [00001dcc] --- Loaded Displays[0] \\.\DISPLAY1 Generic PnP Monitor L=0 T=0 R=3840 B=1200 loadedDisplaysWithPositionAndSize=1
04.06.2019 21:52:16.997 [00001dcc] ??? checkLoadedDisplayConfiguration Loaded Display[0][\\.\DISPLAY1] L=0 T=0 R=3840 B=1200 not in enumerated
04.06.2019 21:52:16.997 [00001dcc] --- Displays loaded
04.06.2019 21:52:16.997 [00001dcc] --- Displays[0] M[00010001] HDC[0b010bf8] GDC[08010ba2] L=0 T=0 R=1920 B=1200 RECT[0,0 1920x1200] N[\\.\DISPLAY1] M[Generic PnP Monitor] F[1] PROJ[0x0] MAPS[0]
04.06.2019 21:52:16.997 [00001dcc] ---    Grouping G[0] N[0] GD[]
04.06.2019 21:52:16.997 [00001dcc] --- Model:Config file C:\WARP000\config\20190509.dat loaded
04.06.2019 21:52:16.997 [00001dcc] --- Model:Config file LCC[3]
04.06.2019 21:52:16.997 [00001dcc] --- Model:Config file CC[4]
04.06.2019 21:52:16.997 [00001dcc] --- Sets manager selectSet[1]->1
04.06.2019 21:52:16.997 [00001dcc] --- Schedules STOP
04.06.2019 21:52:16.997 [00001dcc] --- Schedules STOP
04.06.2019 21:52:17.013 [00001dcc] --- Autoruns 0
04.06.2019 21:52:17.013 [00001dcc] $$$ Immersive Display PRO v3.0.5 (01.01.2019)
04.06.2019 21:52:17.013 [00001dcc] $$$ 6:2 Microsoft Windows 8 Professional (build 9200), 64-bit 7(0) 8(1) 8.1(0) 10(0)
04.06.2019 21:52:17.294 [00001dcc] $$$ P64[00001ee0] [git.exe][C:\Users\own\scoop\shims\git.exe] started
04.06.2019 21:52:17.716 [00001dcc] $$$ P64[00001f08] [git.exe][C:\Users\own\scoop\apps\git\current\cmd\git.exe] started
04.06.2019 21:52:18.169 [00001dcc] $$$ P64[00001f20] [git.exe][C:\Users\own\scoop\apps\git\2.21.0.windows.1\mingw64\bin\git.exe] started
04.06.2019 21:52:18.638 [00001dcc] $$$ P64[00001f34] [git.exe][C:\Users\own\scoop\apps\git\2.21.0.windows.1\mingw64\libexec\git-core\git.exe] started
04.06.2019 21:52:19.075 [00001dcc] $$$ P64[00001f64] [git.exe][C:\Users\own\scoop\apps\git\2.21.0.windows.1\mingw64\libexec\git-core\git.exe] started
04.06.2019 21:52:19.575 [00001dcc] $$$ P64[00001f80] [git-remote-https.exe][C:\Users\own\scoop\apps\git\2.21.0.windows.1\mingw64\libexec\git-core\git-remote-https.exe] started
04.06.2019 21:52:21.653 [00001dcc] $$$ P64[000001f8] [dwm.exe][C:\WINDOWS\system32\dwm.exe] started
04.06.2019 21:52:21.653 [00001dcc] $$$ P64[000015e4] [git.exe][C:\Users\own\scoop\apps\git\2.21.0.windows.1\mingw64\libexec\git-core\git.exe] started
04.06.2019 21:52:21.653 [00001dcc] $$$ P32[00001338] [TeamViewer.exe][C:\Program Files (x86)\TeamViewer\TeamViewer.exe] started
04.06.2019 21:52:22.201 [00001dcc] $$$ P64[00001c88] [git.exe][C:\Users\own\scoop\apps\git\2.21.0.windows.1\mingw64\libexec\git-core\git.exe] started
04.06.2019 21:52:22.826 [00001dcc] $$$ P64[00001fb0] [git.exe][C:\Users\own\scoop\apps\git\2.21.0.windows.1\mingw64\libexec\git-core\git.exe] started
04.06.2019 21:52:23.391 [00001dcc] $$$ P64[000016f8] [git.exe][C:\Users\own\scoop\apps\git\2.21.0.windows.1\mingw64\libexec\git-core\git.exe] started
04.06.2019 21:52:45.713 [00001dcc] $$$ P64[00000258] [MCEControl.exe][C:\Program Files (x86)\Kindel Systems\MCE Controller\MCEControl.exe] started
04.06.2019 21:53:40.121 [00001dcc] !!! onWindowsSessionEnded 0
