04.06.2019 14:06:34.997 [00000414] --- App --- Immersive Display PRO v3.0.5 (01.01.2019)
04.06.2019 14:06:34.997 [00000414] --- OS 6:2 Microsoft Windows 8 Professional (build 9200), 64-bit 7(0) 8(1) 8.1(0) 10(0)
04.06.2019 14:06:34.997 [00000414] --- Process32 C:\Windows\syswow64\MsiExec.exe
04.06.2019 14:06:34.997 [00000414] --- CmdLine [C:\Windows\syswow64\MsiExec.exe -Embedding 7236B8EBFBC5301214F36030B21D613D]
04.06.2019 14:06:34.997 [00000414] --- Enumerating displays ...
04.06.2019 14:06:34.998 [00000414] --- Device N[\\.\DISPLAY1] S[Radeon RX 580 Series] M[Generic PnP Monitor] F[desktop primary ]
04.06.2019 14:06:34.998 [00000414] --- Device N[\\.\DISPLAY2] S[Radeon RX 580 Series] M[] F[]
04.06.2019 14:06:34.999 [00000414] --- Device N[\\.\DISPLAY3] S[Radeon RX 580 Series] M[] F[]
04.06.2019 14:06:35.000 [00000414] --- Device N[\\.\DISPLAY4] S[Radeon RX 580 Series] M[] F[]
04.06.2019 14:06:35.000 [00000414] --- Device N[\\.\DISPLAY5] S[Radeon RX 580 Series] M[] F[]
04.06.2019 14:06:35.001 [00000414] --- Device N[\\.\DISPLAY6] S[Radeon RX 580 Series] M[] F[]
04.06.2019 14:06:35.002 [00000414] --- Device N[\\.\DISPLAY7] S[Radeon RX 580 Series] M[] F[]
04.06.2019 14:06:35.002 [00000414] --- Device N[\\.\DISPLAY8] S[Radeon RX 580 Series] M[] F[]
04.06.2019 14:06:35.002 [00000414] --- SM_CMONITORS         = 1
04.06.2019 14:06:35.002 [00000414] --- SM_SAMEDISPLAYFORMAT = 1
04.06.2019 14:06:35.002 [00000414] --- SM_XVIRTUALSCREEN    = 0
04.06.2019 14:06:35.002 [00000414] --- SM_YVIRTUALSCREEN    = 0
04.06.2019 14:06:35.002 [00000414] --- SM_CXVIRTUALSCREEN   = 3840
04.06.2019 14:06:35.002 [00000414] --- SM_CYVIRTUALSCREEN   = 1200
04.06.2019 14:06:35.002 [00000414] --- SM_CXCURSOR          = 32
04.06.2019 14:06:35.005 [00000414] --- [\\.\DISPLAY1] [Radeon RX 580 Series] [MONITOR\ADVEF2D\{4d36e96e-e325-11ce-bfc1-08002be10318}\0013] [Generic PnP Monitor]
04.06.2019 14:06:35.005 [00000414] --- Enumerated 1 displays
04.06.2019 14:06:35.005 [00000414] --- Displays initialized
04.06.2019 14:06:35.005 [00000414] --- Displays[0] M[00010001] HDC[900111e0] GDC[08011184] L=0 T=0 R=3840 B=1200 RECT[0,0 3840x1200] N[\\.\DISPLAY1] M[Generic PnP Monitor] F[1] PROJ[2x1] MAPS[2]
04.06.2019 14:06:35.005 [00000414] ---    Grouping G[0] N[0] GD[]
04.06.2019 14:06:35.005 [00000414] --- ---
04.06.2019 14:06:35.005 [00000414] --- hookD3D9
04.06.2019 14:06:35.006 [00000414] --- DirectX9 dll=710b0000
04.06.2019 14:06:35.035 [00000414] --- DirectX9 API detected
04.06.2019 14:06:35.035 [00000414] --- DirectX9Ex API detected
04.06.2019 14:06:35.035 [00000414] --- i1: InterfaceProc1
04.06.2019 14:06:35.035 [00000414] --- interfaceFunc1 [\\.\DISPLAY1] totalMaps=2
04.06.2019 14:06:35.035 [00000414] --- DXGI dll=727a0000
04.06.2019 14:06:35.049 [00000414] --- DirectX DXGI API CreateDXGIFactory detected 1
04.06.2019 14:06:35.063 [00000414] --- DirectX DXGI API CreateDXGIFactory1 detected 1
04.06.2019 14:06:35.077 [00000414] --- DirectX DXGI API CreateDXGIFactory2 detected 1
04.06.2019 14:06:35.077 [00000414] --- DirectX DXGI API detected
04.06.2019 14:06:35.078 [00000414] --- DirectX D3D12 API detected hd3d12=72630000
04.06.2019 14:06:35.092 [00000414] --- DirectX D3D12 API detected 1
04.06.2019 14:06:35.092 [00000414] --- hookOpenGL
04.06.2019 14:06:35.204 [00000414] --- OpenGL API detected
04.06.2019 14:06:37.377 [00000414] --- PROCESS DETACH
