04.06.2019 21:23:35.817 [00001438] ??? OSM handle == NULL error=2
04.06.2019 21:23:35.817 [00001438] ^^^ SC trying session1
--- [2]
04.06.2019 21:23:35.817 [00001438] --- App --- Immersive Display PRO v3.0.5 (01.01.2019)
04.06.2019 21:23:35.817 [00001438] --- OS 6:2 Microsoft Windows 8 Professional (build 9200), 64-bit 7(0) 8(1) 8.1(0) 10(0)
04.06.2019 21:23:35.818 [00001438] --- Process64 C:\Program Files\AMD\Performance Profile Client\AUEPLauncher.exe
04.06.2019 21:23:35.818 [00001438] --- CmdLine ["C:\Program Files\AMD\Performance Profile Client\AUEPLauncher.exe"]
04.06.2019 21:23:35.818 [00001438] --- Enumerating displays ...
04.06.2019 21:23:35.818 [00001438] --- SM_CMONITORS         = 1
04.06.2019 21:23:35.818 [00001438] --- SM_SAMEDISPLAYFORMAT = 1
04.06.2019 21:23:35.818 [00001438] --- SM_XVIRTUALSCREEN    = 0
04.06.2019 21:23:35.818 [00001438] --- SM_YVIRTUALSCREEN    = 0
04.06.2019 21:23:35.818 [00001438] --- SM_CXVIRTUALSCREEN   = 1024
04.06.2019 21:23:35.818 [00001438] --- SM_CYVIRTUALSCREEN   = 768
04.06.2019 21:23:35.818 [00001438] --- SM_CXCURSOR          = 32
04.06.2019 21:23:35.818 [00001438] ??? No displays enumerated. Retry later
04.06.2019 21:23:35.818 [00001438] --- hookD3D9
04.06.2019 21:23:35.819 [00001438] --- DirectX9 dll=03460000
04.06.2019 21:23:35.862 [00001438] --- DirectX9 API detected
04.06.2019 21:23:35.862 [00001438] --- DirectX9Ex API detected
04.06.2019 21:23:35.862 [00001438] --- i1: InterfaceProc1
04.06.2019 21:23:35.862 [00001438] --- DXGI dll=1f3f0000
04.06.2019 21:23:35.884 [00001438] --- DirectX DXGI API CreateDXGIFactory detected 1
04.06.2019 21:23:35.905 [00001438] --- DirectX DXGI API CreateDXGIFactory1 detected 1
04.06.2019 21:23:35.928 [00001438] --- DirectX DXGI API CreateDXGIFactory2 detected 1
04.06.2019 21:23:35.928 [00001438] --- DirectX DXGI API detected
04.06.2019 21:23:35.928 [00001438] --- DirectX D3D12 API detected hd3d12=18bc0000
04.06.2019 21:23:35.949 [00001438] --- DirectX D3D12 API detected 1
04.06.2019 21:23:35.949 [00001438] --- hookOpenGL
04.06.2019 21:23:36.100 [00001438] --- OpenGL API detected
04.06.2019 21:24:19.087 [000021e8] --- PROCESS DETACH
