04.06.2019 17:35:21.590 [00001eb4] ??? OSM handle == NULL error=2
04.06.2019 17:35:21.590 [00001eb4] ^^^ SC trying session1
--- [2]
04.06.2019 17:35:21.591 [00001eb4] --- App --- Immersive Display PRO v3.0.5 (01.01.2019)
04.06.2019 17:35:21.591 [00001eb4] --- OS 6:2 Microsoft Windows 8 Professional (build 9200), 64-bit 7(0) 8(1) 8.1(0) 10(0)
04.06.2019 17:35:21.591 [00001eb4] --- Process32 C:\Program Files (x86)\Google\Update\GoogleUpdate.exe
04.06.2019 17:35:21.591 [00001eb4] --- CmdLine ["C:\Program Files (x86)\Google\Update\GoogleUpdate.exe" /ua /installsource scheduler]
04.06.2019 17:35:21.591 [00001eb4] --- Enumerating displays ...
04.06.2019 17:35:21.591 [00001eb4] --- SM_CMONITORS         = 1
04.06.2019 17:35:21.591 [00001eb4] --- SM_SAMEDISPLAYFORMAT = 1
04.06.2019 17:35:21.591 [00001eb4] --- SM_XVIRTUALSCREEN    = 0
04.06.2019 17:35:21.591 [00001eb4] --- SM_YVIRTUALSCREEN    = 0
04.06.2019 17:35:21.591 [00001eb4] --- SM_CXVIRTUALSCREEN   = 1024
04.06.2019 17:35:21.591 [00001eb4] --- SM_CYVIRTUALSCREEN   = 768
04.06.2019 17:35:21.591 [00001eb4] --- SM_CXCURSOR          = 32
04.06.2019 17:35:21.591 [00001eb4] ??? No displays enumerated. Retry later
04.06.2019 17:35:21.591 [00001eb4] --- hookD3D9
04.06.2019 17:35:21.592 [00001eb4] --- DirectX9 dll=71460000
04.06.2019 17:35:21.619 [00001eb4] --- DirectX9 API detected
04.06.2019 17:35:21.619 [00001eb4] --- DirectX9Ex API detected
04.06.2019 17:35:21.619 [00001eb4] --- i1: InterfaceProc1
04.06.2019 17:35:21.620 [00001eb4] --- DXGI dll=724a0000
04.06.2019 17:35:21.633 [00001eb4] --- DirectX DXGI API CreateDXGIFactory detected 1
04.06.2019 17:35:21.647 [00001eb4] --- DirectX DXGI API CreateDXGIFactory1 detected 1
04.06.2019 17:35:21.660 [00001eb4] --- DirectX DXGI API CreateDXGIFactory2 detected 1
04.06.2019 17:35:21.660 [00001eb4] --- DirectX DXGI API detected
04.06.2019 17:35:21.660 [00001eb4] --- DirectX D3D12 API detected hd3d12=72330000
04.06.2019 17:35:21.674 [00001eb4] --- DirectX D3D12 API detected 1
04.06.2019 17:35:21.674 [00001eb4] --- hookOpenGL
04.06.2019 17:35:21.780 [00001eb4] --- OpenGL API detected
04.06.2019 17:35:21.841 [00001eb4] --- PROCESS DETACH
