05.06.2019 09:35:21.590 [0000036c] ??? OSM handle == NULL error=2
05.06.2019 09:35:21.590 [0000036c] ^^^ SC trying session1
--- [2]
05.06.2019 09:35:21.591 [0000036c] --- App --- Immersive Display PRO v3.0.5 (01.01.2019)
05.06.2019 09:35:21.591 [0000036c] --- OS 6:2 Microsoft Windows 8 Professional (build 9200), 64-bit 7(0) 8(1) 8.1(0) 10(0)
05.06.2019 09:35:21.591 [0000036c] --- Process32 C:\Program Files (x86)\Google\Update\GoogleUpdate.exe
05.06.2019 09:35:21.591 [0000036c] --- CmdLine ["C:\Program Files (x86)\Google\Update\GoogleUpdate.exe" /ua /installsource scheduler]
05.06.2019 09:35:21.591 [0000036c] --- Enumerating displays ...
05.06.2019 09:35:21.591 [0000036c] --- SM_CMONITORS         = 1
05.06.2019 09:35:21.591 [0000036c] --- SM_SAMEDISPLAYFORMAT = 1
05.06.2019 09:35:21.591 [0000036c] --- SM_XVIRTUALSCREEN    = 0
05.06.2019 09:35:21.591 [0000036c] --- SM_YVIRTUALSCREEN    = 0
05.06.2019 09:35:21.591 [0000036c] --- SM_CXVIRTUALSCREEN   = 1024
05.06.2019 09:35:21.591 [0000036c] --- SM_CYVIRTUALSCREEN   = 768
05.06.2019 09:35:21.591 [0000036c] --- SM_CXCURSOR          = 32
05.06.2019 09:35:21.591 [0000036c] ??? No displays enumerated. Retry later
05.06.2019 09:35:21.591 [0000036c] --- hookD3D9
05.06.2019 09:35:21.592 [0000036c] --- DirectX9 dll=717f0000
05.06.2019 09:35:21.619 [0000036c] --- DirectX9 API detected
05.06.2019 09:35:21.619 [0000036c] --- DirectX9Ex API detected
05.06.2019 09:35:21.619 [0000036c] --- i1: InterfaceProc1
05.06.2019 09:35:21.619 [0000036c] --- DXGI dll=72790000
05.06.2019 09:35:21.632 [0000036c] --- DirectX DXGI API CreateDXGIFactory detected 1
05.06.2019 09:35:21.645 [0000036c] --- DirectX DXGI API CreateDXGIFactory1 detected 1
05.06.2019 09:35:21.658 [0000036c] --- DirectX DXGI API CreateDXGIFactory2 detected 1
05.06.2019 09:35:21.658 [0000036c] --- DirectX DXGI API detected
05.06.2019 09:35:21.658 [0000036c] --- DirectX D3D12 API detected hd3d12=72590000
05.06.2019 09:35:21.670 [0000036c] --- DirectX D3D12 API detected 1
05.06.2019 09:35:21.670 [0000036c] --- hookOpenGL
05.06.2019 09:35:21.774 [0000036c] --- OpenGL API detected
05.06.2019 09:35:21.835 [0000036c] --- PROCESS DETACH
