04.06.2019 21:27:55.159 [00002948] ??? OSM handle == NULL error=2
04.06.2019 21:27:55.159 [00002948] ^^^ SC trying session1
--- [2]
04.06.2019 21:27:55.159 [00002948] --- App --- Immersive Display PRO v3.0.5 (01.01.2019)
04.06.2019 21:27:55.159 [00002948] --- OS 6:2 Microsoft Windows 8 Professional (build 9200), 64-bit 7(0) 8(1) 8.1(0) 10(0)
04.06.2019 21:27:55.159 [00002948] --- Process32 C:\WINDOWS\sysWOW64\wbem\wmiprvse.exe
04.06.2019 21:27:55.159 [00002948] --- CmdLine [C:\WINDOWS\sysWOW64\wbem\wmiprvse.exe -Embedding]
04.06.2019 21:27:55.159 [00002948] --- Enumerating displays ...
04.06.2019 21:27:55.159 [00002948] --- SM_CMONITORS         = 1
04.06.2019 21:27:55.159 [00002948] --- SM_SAMEDISPLAYFORMAT = 1
04.06.2019 21:27:55.159 [00002948] --- SM_XVIRTUALSCREEN    = 0
04.06.2019 21:27:55.159 [00002948] --- SM_YVIRTUALSCREEN    = 0
04.06.2019 21:27:55.159 [00002948] --- SM_CXVIRTUALSCREEN   = 1024
04.06.2019 21:27:55.159 [00002948] --- SM_CYVIRTUALSCREEN   = 768
04.06.2019 21:27:55.159 [00002948] --- SM_CXCURSOR          = 32
04.06.2019 21:27:55.159 [00002948] ??? No displays enumerated. Retry later
04.06.2019 21:27:55.159 [00002948] --- hookD3D9
04.06.2019 21:27:55.159 [00002948] --- DirectX9 dll=70df0000
04.06.2019 21:27:55.195 [00002948] --- DirectX9 API detected
04.06.2019 21:27:55.195 [00002948] --- DirectX9Ex API detected
04.06.2019 21:27:55.195 [00002948] --- i1: InterfaceProc1
04.06.2019 21:27:55.195 [00002948] --- DXGI dll=71d00000
04.06.2019 21:27:55.230 [00002948] --- DirectX DXGI API CreateDXGIFactory detected 1
04.06.2019 21:27:55.247 [00002948] --- DirectX DXGI API CreateDXGIFactory1 detected 1
04.06.2019 21:27:55.268 [00002948] --- DirectX DXGI API CreateDXGIFactory2 detected 1
04.06.2019 21:27:55.268 [00002948] --- DirectX DXGI API detected
04.06.2019 21:27:55.268 [00002948] --- DirectX D3D12 API detected hd3d12=71b90000
04.06.2019 21:27:55.284 [00002948] --- DirectX D3D12 API detected 1
04.06.2019 21:27:55.284 [00002948] --- hookOpenGL
04.06.2019 21:27:55.456 [00002948] --- OpenGL API detected
