05.06.2019 11:37:27.474 [00001f30] ??? OSM handle == NULL error=2
05.06.2019 11:37:27.474 [00001f30] ^^^ SC trying session1
--- [2]
05.06.2019 11:37:27.483 [00001f30] --- App --- Immersive Display PRO v3.0.5 (01.01.2019)
05.06.2019 11:37:27.483 [00001f30] --- OS 6:2 Microsoft Windows 8 Professional (build 9200), 64-bit 7(0) 8(1) 8.1(0) 10(0)
05.06.2019 11:37:27.483 [00001f30] --- Process64 C:\Program Files (x86)\Google\Update\1.3.34.11\GoogleCrashHandler64.exe
05.06.2019 11:37:27.483 [00001f30] --- CmdLine ["C:\Program Files (x86)\Google\Update\1.3.34.11\GoogleCrashHandler64.exe"]
05.06.2019 11:37:27.483 [00001f30] --- Enumerating displays ...
05.06.2019 11:37:27.484 [00001f30] --- SM_CMONITORS         = 1
05.06.2019 11:37:27.484 [00001f30] --- SM_SAMEDISPLAYFORMAT = 1
05.06.2019 11:37:27.484 [00001f30] --- SM_XVIRTUALSCREEN    = 0
05.06.2019 11:37:27.484 [00001f30] --- SM_YVIRTUALSCREEN    = 0
05.06.2019 11:37:27.484 [00001f30] --- SM_CXVIRTUALSCREEN   = 1024
05.06.2019 11:37:27.484 [00001f30] --- SM_CYVIRTUALSCREEN   = 768
05.06.2019 11:37:27.484 [00001f30] --- SM_CXCURSOR          = 32
05.06.2019 11:37:27.484 [00001f30] ??? No displays enumerated. Retry later
05.06.2019 11:37:27.484 [00001f30] --- hookD3D9
05.06.2019 11:37:27.485 [00001f30] --- DirectX9 dll=5c690000
05.06.2019 11:37:27.525 [00001f30] --- DirectX9 API detected
05.06.2019 11:37:27.525 [00001f30] --- DirectX9Ex API detected
05.06.2019 11:37:27.525 [00001f30] --- i1: InterfaceProc1
05.06.2019 11:37:27.526 [00001f30] --- DXGI dll=8b0e0000
05.06.2019 11:37:27.546 [00001f30] --- DirectX DXGI API CreateDXGIFactory detected 1
05.06.2019 11:37:27.566 [00001f30] --- DirectX DXGI API CreateDXGIFactory1 detected 1
05.06.2019 11:37:27.586 [00001f30] --- DirectX DXGI API CreateDXGIFactory2 detected 1
05.06.2019 11:37:27.599 [00001f30] --- DirectX DXGI API detected
05.06.2019 11:37:27.599 [00001f30] --- DirectX D3D12 API detected hd3d12=842e0000
05.06.2019 11:37:27.620 [00001f30] --- DirectX D3D12 API detected 1
05.06.2019 11:37:27.620 [00001f30] --- hookOpenGL
05.06.2019 11:37:27.765 [00001f30] --- OpenGL API detected
05.06.2019 11:37:27.818 [00001f30] --- PROCESS DETACH
