05.06.2019 10:43:54.842 [00002070] ??? OSM handle == NULL error=2
05.06.2019 10:43:54.842 [00002070] ^^^ SC trying session1
--- [2]
05.06.2019 10:43:54.842 [00002070] --- App --- Immersive Display PRO v3.0.5 (01.01.2019)
05.06.2019 10:43:54.842 [00002070] --- OS 6:2 Microsoft Windows 8 Professional (build 9200), 64-bit 7(0) 8(1) 8.1(0) 10(0)
05.06.2019 10:43:54.842 [00002070] --- Process32 C:\Program Files (x86)\Intel\Intel(R) Management Engine Components\DAL\jhi_service.exe
05.06.2019 10:43:54.842 [00002070] --- CmdLine ["C:\Program Files (x86)\Intel\Intel(R) Management Engine Components\DAL\jhi_service.exe"]
05.06.2019 10:43:54.842 [00002070] --- Enumerating displays ...
05.06.2019 10:43:54.842 [00002070] --- SM_CMONITORS         = 1
05.06.2019 10:43:54.842 [00002070] --- SM_SAMEDISPLAYFORMAT = 1
05.06.2019 10:43:54.842 [00002070] --- SM_XVIRTUALSCREEN    = 0
05.06.2019 10:43:54.842 [00002070] --- SM_YVIRTUALSCREEN    = 0
05.06.2019 10:43:54.842 [00002070] --- SM_CXVIRTUALSCREEN   = 1024
05.06.2019 10:43:54.842 [00002070] --- SM_CYVIRTUALSCREEN   = 768
05.06.2019 10:43:54.842 [00002070] --- SM_CXCURSOR          = 32
05.06.2019 10:43:54.842 [00002070] ??? No displays enumerated. Retry later
05.06.2019 10:43:54.842 [00002070] --- hookD3D9
05.06.2019 10:43:54.842 [00002070] --- DirectX9 dll=711a0000
05.06.2019 10:43:54.889 [00002070] --- DirectX9 API detected
05.06.2019 10:43:54.889 [00002070] --- DirectX9Ex API detected
05.06.2019 10:43:54.889 [00002070] --- i1: InterfaceProc1
05.06.2019 10:43:54.889 [00002070] --- DXGI dll=72140000
05.06.2019 10:43:54.905 [00002070] --- DirectX DXGI API CreateDXGIFactory detected 1
05.06.2019 10:43:54.936 [00002070] --- DirectX DXGI API CreateDXGIFactory1 detected 1
05.06.2019 10:43:54.952 [00002070] --- DirectX DXGI API CreateDXGIFactory2 detected 1
05.06.2019 10:43:54.952 [00002070] --- DirectX DXGI API detected
05.06.2019 10:43:54.952 [00002070] --- DirectX D3D12 API detected hd3d12=71f40000
05.06.2019 10:43:54.967 [00002070] --- DirectX D3D12 API detected 1
05.06.2019 10:43:54.967 [00002070] --- hookOpenGL
05.06.2019 10:43:55.170 [00002070] --- OpenGL API detected
