05.06.2019 11:50:56.321 [00002178] --- App --- Immersive Display PRO v3.0.5 (01.01.2019)
05.06.2019 11:50:56.321 [00002178] --- OS 6:2 Microsoft Windows 8 Professional (build 9200), 64-bit 7(0) 8(1) 8.1(0) 10(0)
05.06.2019 11:50:56.321 [00002178] --- Process64 C:\Program Files (x86)\Google\Chrome\Application\chrome.exe
05.06.2019 11:50:56.321 [00002178] --- CmdLine ["C:\Program Files (x86)\Google\Chrome\Application\chrome.exe" --type=watcher --main-thread-id=8384 --on-initialized-event-handle=812 --parent-handle=816 /prefetch:6]
05.06.2019 11:50:56.321 [00002178] --- Enumerating displays ...
05.06.2019 11:50:56.322 [00002178] --- Device N[\\.\DISPLAY1] S[Radeon RX 580 Series] M[Generic PnP Monitor] F[desktop primary ]
05.06.2019 11:50:56.323 [00002178] --- Device N[\\.\DISPLAY2] S[Radeon RX 580 Series] M[] F[]
05.06.2019 11:50:56.323 [00002178] --- Device N[\\.\DISPLAY3] S[Radeon RX 580 Series] M[] F[]
05.06.2019 11:50:56.324 [00002178] --- Device N[\\.\DISPLAY4] S[Radeon RX 580 Series] M[] F[]
05.06.2019 11:50:56.325 [00002178] --- Device N[\\.\DISPLAY5] S[Radeon RX 580 Series] M[] F[]
05.06.2019 11:50:56.325 [00002178] --- Device N[\\.\DISPLAY6] S[Radeon RX 580 Series] M[] F[]
05.06.2019 11:50:56.326 [00002178] --- Device N[\\.\DISPLAY7] S[Radeon RX 580 Series] M[] F[]
05.06.2019 11:50:56.327 [00002178] --- Device N[\\.\DISPLAY8] S[Radeon RX 580 Series] M[] F[]
05.06.2019 11:50:56.327 [00002178] --- SM_CMONITORS         = 1
05.06.2019 11:50:56.327 [00002178] --- SM_SAMEDISPLAYFORMAT = 1
05.06.2019 11:50:56.327 [00002178] --- SM_XVIRTUALSCREEN    = 0
05.06.2019 11:50:56.327 [00002178] --- SM_YVIRTUALSCREEN    = 0
05.06.2019 11:50:56.327 [00002178] --- SM_CXVIRTUALSCREEN   = 3840
05.06.2019 11:50:56.327 [00002178] --- SM_CYVIRTUALSCREEN   = 1200
05.06.2019 11:50:56.327 [00002178] --- SM_CXCURSOR          = 32
05.06.2019 11:50:56.331 [00002178] --- [\\.\DISPLAY1] [Radeon RX 580 Series] [MONITOR\ADVEF2D\{4d36e96e-e325-11ce-bfc1-08002be10318}\0017] [Generic PnP Monitor]
05.06.2019 11:50:56.332 [00002178] --- Enumerated 1 displays
05.06.2019 11:50:56.332 [00002178] --- Displays initialized
05.06.2019 11:50:56.332 [00002178] --- Displays[0] M[00010001] HDC[23010d7a] GDC[1b010dac] L=0 T=0 R=3840 B=1200 RECT[0,0 3840x1200] N[\\.\DISPLAY1] M[Generic PnP Monitor] F[1] PROJ[2x1] MAPS[2]
05.06.2019 11:50:56.332 [00002178] ---    Grouping G[0] N[0] GD[]
05.06.2019 11:50:56.332 [00002178] --- ---
05.06.2019 11:50:56.332 [00002178] --- i1:Executable chrome.exe is excluded DX9
05.06.2019 11:50:56.332 [00002178] --- DXGI dll=95b60000
05.06.2019 11:50:56.371 [00002178] --- DirectX DXGI API CreateDXGIFactory detected 1
05.06.2019 11:50:56.410 [00002178] --- DirectX DXGI API CreateDXGIFactory1 detected 1
05.06.2019 11:50:56.447 [00002178] --- DirectX DXGI API CreateDXGIFactory2 detected 1
05.06.2019 11:50:56.447 [00002178] --- DirectX DXGI API detected
05.06.2019 11:50:56.448 [00002178] --- DirectX D3D12 API detected hd3d12=8f360000
05.06.2019 11:50:56.481 [00002178] --- DirectX D3D12 API detected 1
05.06.2019 11:50:56.481 [00002178] --- i2: InterfaceProc1
05.06.2019 11:50:56.482 [00002178] --- interfaceFunc1 [\\.\DISPLAY1] totalMaps=2
05.06.2019 11:50:56.482 [00002178] --- i3:Executable chrome.exe is excluded OGL
05.06.2019 11:54:08.648 [00002178] --- PROCESS DETACH
