05.06.2019 10:56:17.774 [000014ac] --- App --- Immersive Display PRO v3.0.5 (01.01.2019)
05.06.2019 10:56:17.774 [000014ac] --- OS 6:2 Microsoft Windows 8 Professional (build 9200), 64-bit 7(0) 8(1) 8.1(0) 10(0)
05.06.2019 10:56:17.774 [000014ac] --- Process64 C:\WINDOWS\system32\dwm.exe
05.06.2019 10:56:17.774 [000014ac] --- CmdLine ["dwm.exe"]
05.06.2019 10:56:17.774 [000014ac] --- Enumerating displays ...
05.06.2019 10:56:17.774 [000014ac] --- Device N[\\.\DISPLAY1] S[Radeon RX 580 Series] M[Generic PnP Monitor] F[desktop primary ]
05.06.2019 10:56:17.774 [000014ac] --- Device N[\\.\DISPLAY2] S[Radeon RX 580 Series] M[] F[]
05.06.2019 10:56:17.790 [000014ac] --- Device N[\\.\DISPLAY3] S[Radeon RX 580 Series] M[] F[]
05.06.2019 10:56:17.790 [000014ac] --- Device N[\\.\DISPLAY4] S[Radeon RX 580 Series] M[] F[]
05.06.2019 10:56:17.790 [000014ac] --- Device N[\\.\DISPLAY5] S[Radeon RX 580 Series] M[] F[]
05.06.2019 10:56:17.790 [000014ac] --- Device N[\\.\DISPLAY6] S[Radeon RX 580 Series] M[] F[]
05.06.2019 10:56:17.790 [000014ac] --- Device N[\\.\DISPLAY7] S[Radeon RX 580 Series] M[] F[]
05.06.2019 10:56:17.790 [000014ac] --- Device N[\\.\DISPLAY8] S[Radeon RX 580 Series] M[] F[]
05.06.2019 10:56:17.790 [000014ac] --- SM_CMONITORS         = 1
05.06.2019 10:56:17.790 [000014ac] --- SM_SAMEDISPLAYFORMAT = 1
05.06.2019 10:56:17.790 [000014ac] --- SM_XVIRTUALSCREEN    = 0
05.06.2019 10:56:17.790 [000014ac] --- SM_YVIRTUALSCREEN    = 0
05.06.2019 10:56:17.790 [000014ac] --- SM_CXVIRTUALSCREEN   = 3840
05.06.2019 10:56:17.790 [000014ac] --- SM_CYVIRTUALSCREEN   = 1200
05.06.2019 10:56:17.790 [000014ac] --- SM_CXCURSOR          = 32
05.06.2019 10:56:17.790 [000014ac] ??? No displays enumerated. Retry later
05.06.2019 10:56:17.790 [000014ac] --- hookD3D9
05.06.2019 10:56:17.790 [000014ac] --- DirectX9 dll=a5ef0000
05.06.2019 10:56:17.837 [000014ac] --- DirectX9 API detected
05.06.2019 10:56:17.837 [000014ac] --- DirectX9Ex API detected
05.06.2019 10:56:17.837 [000014ac] --- i1: InterfaceProc1
05.06.2019 10:56:17.837 [000014ac] --- DXGI dll=d3330000
05.06.2019 10:56:17.853 [000014ac] --- DirectX DXGI API CreateDXGIFactory detected 1
05.06.2019 10:56:17.884 [000014ac] --- DirectX DXGI API CreateDXGIFactory1 detected 1
05.06.2019 10:56:17.899 [000014ac] --- DirectX DXGI API CreateDXGIFactory2 detected 1
05.06.2019 10:56:17.899 [000014ac] --- DirectX DXGI API detected
05.06.2019 10:56:17.915 [000014ac] --- DirectX D3D11 API detected 1
05.06.2019 10:56:17.915 [000014ac] --- DirectX D3D12 API detected hd3d12=cc750000
05.06.2019 10:56:17.946 [000014ac] --- DirectX D3D12 API detected 1
05.06.2019 10:56:17.946 [000014ac] --- hookOpenGL
05.06.2019 10:56:18.103 [000014ac] --- OpenGL API detected
05.06.2019 10:56:18.212 [00000fe0] --- D3D11CreateDevice ADAPTER NULL
05.06.2019 10:56:18.227 [00001364] --- D3D11CreateDevice ADAPTER Description=Radeon RX 580 Series
05.06.2019 10:56:18.227 [00001364] --- Device FeatureLevels[0]=0000a100
05.06.2019 10:56:18.227 [00000fe0] --- Device FeatureLevel -> 0000b000
05.06.2019 10:56:18.227 [00001364] --- D3D11CreateDevice ADAPTER Description=Radeon RX 580 Series
05.06.2019 10:56:18.227 [00001364] --- Device FeatureLevels[0]=0000c100
05.06.2019 10:56:18.227 [00001364] --- Device FeatureLevels[1]=0000c000
05.06.2019 10:56:18.227 [00001364] --- Device FeatureLevels[2]=0000b100
05.06.2019 10:56:18.227 [00001364] --- Device FeatureLevels[3]=0000b000
05.06.2019 10:56:18.227 [00001364] --- Device FeatureLevels[4]=0000a100
05.06.2019 10:56:18.227 [00001364] --- Device FeatureLevels[5]=0000a000
05.06.2019 10:56:18.227 [00001364] --- Device FeatureLevels[6]=00009300
05.06.2019 10:56:18.227 [00001364] --- Device FeatureLevels[7]=00009200
05.06.2019 10:56:18.227 [00001364] --- Device FeatureLevels[8]=00009100
05.06.2019 10:56:18.243 [00001364] --- Device FeatureLevel -> 0000c000
05.06.2019 10:56:18.415 [00001364] --- Win10SC_[01] Created
05.06.2019 10:56:18.415 [00001364] --- [\\.\DISPLAY1] [Radeon RX 580 Series] [MONITOR\ADVEF2D\{4d36e96e-e325-11ce-bfc1-08002be10318}\0017] [Generic PnP Monitor]
05.06.2019 10:56:18.415 [00001364] --- shim Winmm hLib=d2730000
05.06.2019 10:56:18.415 [00001364] --- shim Winmm d2736050, d2735f10, d2731060, d2731040
05.06.2019 10:56:18.424 [00001364] --- WarpContext 0240a040 Output=77cfebc0 DeviceName=\\.\DISPLAY1 DesktopCoordinates(0,0 3840x1200) AttachedToDesktop=1 Rotation=1 (0)
05.06.2019 10:56:18.424 [00001364] --- WarpContext 0240a040 count 1
05.06.2019 10:56:18.424 [00001364] --- GMOC[782446c8] DONE
05.06.2019 10:56:18.424 [00001364] --- WarpContext[0240a040] Monitor=00010001
05.06.2019 10:56:18.424 [00001364] --- D3DXWrapper trying d3dx11_43.dll
05.06.2019 10:56:18.424 [00001364] --- D3DXWrapper d3dx11_43.dll loaded
05.06.2019 10:56:18.424 [00001364] --- WarpContext[0240a040] D3DCompiler_47.DLL loaded directly
05.06.2019 10:56:18.424 [00001364] --- SCISSORS 1
05.06.2019 10:56:18.424 [00001364] --- ANISOTROPIC 4
05.06.2019 10:56:18.701 [00001364] --- WarpContext 0240a040 T(3840x1200) O(3840x1200) enableRotation=0 rotateDegrees=0
05.06.2019 10:56:18.733 [00001364] --- WarpContext[0240a040] CreateAllWarpingResources S=1 R=85 Warping=1
05.06.2019 10:56:18.733 [00001364] --- Cursor warping SSC=d85448e0
05.06.2019 10:56:18.734 [00001364] ### Cursor clear cache CC[0]
05.06.2019 10:56:18.734 [00001364] ### Present[0240a040] S
05.06.2019 10:56:18.735 [00001364] ### Present[0240a040] uSOPSAS
05.06.2019 10:56:18.735 [00001364] ### Present[0240a040] uSNPSAS
05.06.2019 10:56:18.735 [00001364] ### Present[0240a040] CR
05.06.2019 10:56:18.735 [00001364] ### Present[0240a040] OMSRT
05.06.2019 10:56:18.737 [00001364] ### Present[0240a040] uDC
05.06.2019 10:56:18.737 [00001364] ### Present[0240a040] OMSRT
05.06.2019 10:56:18.741 [00001364] ### Present[0240a040] uRBT
05.06.2019 10:56:18.741 [00001364] ### Present[0240a040] OMSRT
05.06.2019 10:56:18.741 [00001364] ### Present[0240a040] uDG
05.06.2019 10:56:18.741 [00001364] ### Present[0240a040] uROPSAS
05.06.2019 10:56:18.741 [00001364] ### Present[0240a040] E
05.06.2019 10:56:53.611 [00001ed4] --- Restarting DWM
05.06.2019 10:56:53.813 [00001ed4] --- Exiting DWM
05.06.2019 10:56:53.866 [00001ed4] --- PROCESS DETACH
