05.06.2019 11:59:23.801 [00002694] --- App --- Immersive Display PRO v3.0.5 (01.01.2019)
05.06.2019 11:59:23.801 [00002694] --- OS 6:2 Microsoft Windows 8 Professional (build 9200), 64-bit 7(0) 8(1) 8.1(0) 10(0)
05.06.2019 11:59:23.801 [00002694] --- Process64 C:\Program Files (x86)\Google\Chrome\Application\chrome.exe
05.06.2019 11:59:23.801 [00002694] --- CmdLine ["C:\Program Files (x86)\Google\Chrome\Application\chrome.exe" ]
05.06.2019 11:59:23.802 [00002694] --- Enumerating displays ...
05.06.2019 11:59:23.802 [00002694] --- Device N[\\.\DISPLAY1] S[Radeon RX 580 Series] M[Generic PnP Monitor] F[desktop primary ]
05.06.2019 11:59:23.803 [00002694] --- Device N[\\.\DISPLAY2] S[Radeon RX 580 Series] M[] F[]
05.06.2019 11:59:23.803 [00002694] --- Device N[\\.\DISPLAY3] S[Radeon RX 580 Series] M[] F[]
05.06.2019 11:59:23.804 [00002694] --- Device N[\\.\DISPLAY4] S[Radeon RX 580 Series] M[] F[]
05.06.2019 11:59:23.805 [00002694] --- Device N[\\.\DISPLAY5] S[Radeon RX 580 Series] M[] F[]
05.06.2019 11:59:23.805 [00002694] --- Device N[\\.\DISPLAY6] S[Radeon RX 580 Series] M[] F[]
05.06.2019 11:59:23.806 [00002694] --- Device N[\\.\DISPLAY7] S[Radeon RX 580 Series] M[] F[]
05.06.2019 11:59:23.806 [00002694] --- Device N[\\.\DISPLAY8] S[Radeon RX 580 Series] M[] F[]
05.06.2019 11:59:23.806 [00002694] --- SM_CMONITORS         = 1
05.06.2019 11:59:23.806 [00002694] --- SM_SAMEDISPLAYFORMAT = 1
05.06.2019 11:59:23.806 [00002694] --- SM_XVIRTUALSCREEN    = 0
05.06.2019 11:59:23.806 [00002694] --- SM_YVIRTUALSCREEN    = 0
05.06.2019 11:59:23.806 [00002694] --- SM_CXVIRTUALSCREEN   = 3840
05.06.2019 11:59:23.806 [00002694] --- SM_CYVIRTUALSCREEN   = 1200
05.06.2019 11:59:23.806 [00002694] --- SM_CXCURSOR          = 32
05.06.2019 11:59:23.809 [00002694] --- [\\.\DISPLAY1] [Radeon RX 580 Series] [MONITOR\ADVEF2D\{4d36e96e-e325-11ce-bfc1-08002be10318}\0017] [Generic PnP Monitor]
05.06.2019 11:59:23.809 [00002694] --- Enumerated 1 displays
05.06.2019 11:59:23.809 [00002694] --- Displays initialized
05.06.2019 11:59:23.809 [00002694] --- Displays[0] M[00010001] HDC[ff010f8b] GDC[ca010dc7] L=0 T=0 R=3840 B=1200 RECT[0,0 3840x1200] N[\\.\DISPLAY1] M[Generic PnP Monitor] F[1] PROJ[2x1] MAPS[2]
05.06.2019 11:59:23.809 [00002694] ---    Grouping G[0] N[0] GD[]
05.06.2019 11:59:23.809 [00002694] --- ---
05.06.2019 11:59:23.809 [00002694] --- i1:Executable chrome.exe is excluded DX9
05.06.2019 11:59:23.810 [00002694] --- DXGI dll=95b60000
05.06.2019 11:59:23.841 [00002694] --- DirectX DXGI API CreateDXGIFactory detected 1
05.06.2019 11:59:23.872 [00002694] --- DirectX DXGI API CreateDXGIFactory1 detected 1
05.06.2019 11:59:23.903 [00002694] --- DirectX DXGI API CreateDXGIFactory2 detected 1
05.06.2019 11:59:23.903 [00002694] --- DirectX DXGI API detected
05.06.2019 11:59:23.903 [00002694] --- DirectX D3D12 API detected hd3d12=8f360000
05.06.2019 11:59:23.934 [00002694] --- DirectX D3D12 API detected 1
05.06.2019 11:59:23.934 [00002694] --- i2: InterfaceProc1
05.06.2019 11:59:23.934 [00002694] --- interfaceFunc1 [\\.\DISPLAY1] totalMaps=2
05.06.2019 11:59:23.934 [00002694] --- i3:Executable chrome.exe is excluded OGL
05.06.2019 12:00:04.548 [00002694] --- PROCESS DETACH
