04.06.2019 20:01:46.255 [00002318] --- App --- Immersive Display PRO v3.0.5 (01.01.2019)
04.06.2019 20:01:46.255 [00002318] --- OS 6:2 Microsoft Windows 8 Professional (build 9200), 64-bit 7(0) 8(1) 8.1(0) 10(0)
04.06.2019 20:01:46.255 [00002318] --- Process64 C:\Program Files (x86)\Google\Chrome\Application\chrome.exe
04.06.2019 20:01:46.255 [00002318] --- CmdLine ["C:\Program Files (x86)\Google\Chrome\Application\chrome.exe" --type=watcher --main-thread-id=5096 --on-initialized-event-handle=808 --parent-handle=812 /prefetch:6]
04.06.2019 20:01:46.255 [00002318] --- Enumerating displays ...
04.06.2019 20:01:46.256 [00002318] --- Device N[\\.\DISPLAY1] S[Radeon RX 580 Series] M[Generic PnP Monitor] F[desktop primary ]
04.06.2019 20:01:46.257 [00002318] --- Device N[\\.\DISPLAY2] S[Radeon RX 580 Series] M[] F[]
04.06.2019 20:01:46.257 [00002318] --- Device N[\\.\DISPLAY3] S[Radeon RX 580 Series] M[] F[]
04.06.2019 20:01:46.258 [00002318] --- Device N[\\.\DISPLAY4] S[Radeon RX 580 Series] M[] F[]
04.06.2019 20:01:46.258 [00002318] --- Device N[\\.\DISPLAY5] S[Radeon RX 580 Series] M[] F[]
04.06.2019 20:01:46.259 [00002318] --- Device N[\\.\DISPLAY6] S[Radeon RX 580 Series] M[] F[]
04.06.2019 20:01:46.259 [00002318] --- Device N[\\.\DISPLAY7] S[Radeon RX 580 Series] M[] F[]
04.06.2019 20:01:46.260 [00002318] --- Device N[\\.\DISPLAY8] S[Radeon RX 580 Series] M[] F[]
04.06.2019 20:01:46.260 [00002318] --- SM_CMONITORS         = 1
04.06.2019 20:01:46.260 [00002318] --- SM_SAMEDISPLAYFORMAT = 1
04.06.2019 20:01:46.260 [00002318] --- SM_XVIRTUALSCREEN    = 0
04.06.2019 20:01:46.260 [00002318] --- SM_YVIRTUALSCREEN    = 0
04.06.2019 20:01:46.260 [00002318] --- SM_CXVIRTUALSCREEN   = 3840
04.06.2019 20:01:46.260 [00002318] --- SM_CYVIRTUALSCREEN   = 1200
04.06.2019 20:01:46.260 [00002318] --- SM_CXCURSOR          = 32
04.06.2019 20:01:46.263 [00002318] --- [\\.\DISPLAY1] [Radeon RX 580 Series] [MONITOR\ADVEF2D\{4d36e96e-e325-11ce-bfc1-08002be10318}\0013] [Generic PnP Monitor]
04.06.2019 20:01:46.264 [00002318] --- Enumerated 1 displays
04.06.2019 20:01:46.264 [00002318] --- Displays initialized
04.06.2019 20:01:46.264 [00002318] --- Displays[0] M[00010001] HDC[ef010bf9] GDC[8e010dce] L=0 T=0 R=3840 B=1200 RECT[0,0 3840x1200] N[\\.\DISPLAY1] M[Generic PnP Monitor] F[1] PROJ[2x1] MAPS[2]
04.06.2019 20:01:46.264 [00002318] ---    Grouping G[0] N[0] GD[]
04.06.2019 20:01:46.264 [00002318] --- ---
04.06.2019 20:01:46.264 [00002318] --- i1:Executable chrome.exe is excluded DX9
04.06.2019 20:01:46.265 [00002318] --- DXGI dll=a1720000
04.06.2019 20:01:46.299 [00002318] --- DirectX DXGI API CreateDXGIFactory detected 1
04.06.2019 20:01:46.335 [00002318] --- DirectX DXGI API CreateDXGIFactory1 detected 1
04.06.2019 20:01:46.374 [00002318] --- DirectX DXGI API CreateDXGIFactory2 detected 1
04.06.2019 20:01:46.374 [00002318] --- DirectX DXGI API detected
04.06.2019 20:01:46.375 [00002318] --- DirectX D3D12 API detected hd3d12=9a880000
04.06.2019 20:01:46.417 [00002318] --- DirectX D3D12 API detected 1
04.06.2019 20:01:46.417 [00002318] --- i2: InterfaceProc1
04.06.2019 20:01:46.417 [00002318] --- interfaceFunc1 [\\.\DISPLAY1] totalMaps=2
04.06.2019 20:01:46.417 [00002318] --- i3:Executable chrome.exe is excluded OGL
04.06.2019 20:08:21.877 [00002318] --- PROCESS DETACH
