04.06.2019 21:20:59.661 [00001e3c] ??? OSM handle == NULL error=2
04.06.2019 21:20:59.661 [00001e3c] ^^^ SC trying session1
--- [2]
04.06.2019 21:20:59.661 [00001e3c] --- App --- Immersive Display PRO v3.0.5 (01.01.2019)
04.06.2019 21:20:59.661 [00001e3c] --- OS 6:2 Microsoft Windows 8 Professional (build 9200), 64-bit 7(0) 8(1) 8.1(0) 10(0)
04.06.2019 21:20:59.661 [00001e3c] --- Process64 C:\Program Files (x86)\Google\Update\1.3.34.11\GoogleCrashHandler64.exe
04.06.2019 21:20:59.661 [00001e3c] --- CmdLine ["C:\Program Files (x86)\Google\Update\1.3.34.11\GoogleCrashHandler64.exe"]
04.06.2019 21:20:59.661 [00001e3c] --- Enumerating displays ...
04.06.2019 21:20:59.662 [00001e3c] --- SM_CMONITORS         = 1
04.06.2019 21:20:59.662 [00001e3c] --- SM_SAMEDISPLAYFORMAT = 1
04.06.2019 21:20:59.662 [00001e3c] --- SM_XVIRTUALSCREEN    = 0
04.06.2019 21:20:59.662 [00001e3c] --- SM_YVIRTUALSCREEN    = 0
04.06.2019 21:20:59.662 [00001e3c] --- SM_CXVIRTUALSCREEN   = 1024
04.06.2019 21:20:59.662 [00001e3c] --- SM_CYVIRTUALSCREEN   = 768
04.06.2019 21:20:59.662 [00001e3c] --- SM_CXCURSOR          = 32
04.06.2019 21:20:59.663 [00001e3c] ??? No displays enumerated. Retry later
04.06.2019 21:20:59.663 [00001e3c] --- hookD3D9
04.06.2019 21:20:59.664 [00001e3c] --- DirectX9 dll=03460000
04.06.2019 21:20:59.709 [00001e3c] --- DirectX9 API detected
04.06.2019 21:20:59.709 [00001e3c] --- DirectX9Ex API detected
04.06.2019 21:20:59.710 [00001e3c] --- i1: InterfaceProc1
04.06.2019 21:20:59.710 [00001e3c] --- DXGI dll=1f3f0000
04.06.2019 21:20:59.733 [00001e3c] --- DirectX DXGI API CreateDXGIFactory detected 1
04.06.2019 21:20:59.756 [00001e3c] --- DirectX DXGI API CreateDXGIFactory1 detected 1
04.06.2019 21:20:59.777 [00001e3c] --- DirectX DXGI API CreateDXGIFactory2 detected 1
04.06.2019 21:20:59.777 [00001e3c] --- DirectX DXGI API detected
04.06.2019 21:20:59.777 [00001e3c] --- DirectX D3D12 API detected hd3d12=18bc0000
04.06.2019 21:20:59.800 [00001e3c] --- DirectX D3D12 API detected 1
04.06.2019 21:20:59.800 [00001e3c] --- hookOpenGL
04.06.2019 21:20:59.964 [00001e3c] --- OpenGL API detected
04.06.2019 21:21:00.016 [00001e3c] --- PROCESS DETACH
