05.06.2019 11:12:21.223 [00001ee0] ??? OSM handle == NULL error=2
05.06.2019 11:12:21.223 [00001ee0] ^^^ SC trying session1
--- [2]
05.06.2019 11:12:21.223 [00001ee0] --- App --- Immersive Display PRO v3.0.5 (01.01.2019)
05.06.2019 11:12:21.223 [00001ee0] --- OS 6:2 Microsoft Windows 8 Professional (build 9200), 64-bit 7(0) 8(1) 8.1(0) 10(0)
05.06.2019 11:12:21.223 [00001ee0] --- Process64 C:\Program Files (x86)\Google\Update\1.3.34.11\GoogleCrashHandler64.exe
05.06.2019 11:12:21.223 [00001ee0] --- CmdLine ["C:\Program Files (x86)\Google\Update\1.3.34.11\GoogleCrashHandler64.exe"]
05.06.2019 11:12:21.224 [00001ee0] --- Enumerating displays ...
05.06.2019 11:12:21.224 [00001ee0] --- SM_CMONITORS         = 1
05.06.2019 11:12:21.224 [00001ee0] --- SM_SAMEDISPLAYFORMAT = 1
05.06.2019 11:12:21.224 [00001ee0] --- SM_XVIRTUALSCREEN    = 0
05.06.2019 11:12:21.224 [00001ee0] --- SM_YVIRTUALSCREEN    = 0
05.06.2019 11:12:21.224 [00001ee0] --- SM_CXVIRTUALSCREEN   = 1024
05.06.2019 11:12:21.224 [00001ee0] --- SM_CYVIRTUALSCREEN   = 768
05.06.2019 11:12:21.224 [00001ee0] --- SM_CXCURSOR          = 32
05.06.2019 11:12:21.224 [00001ee0] ??? No displays enumerated. Retry later
05.06.2019 11:12:21.224 [00001ee0] --- hookD3D9
05.06.2019 11:12:21.226 [00001ee0] --- DirectX9 dll=1c9c0000
05.06.2019 11:12:21.266 [00001ee0] --- DirectX9 API detected
05.06.2019 11:12:21.266 [00001ee0] --- DirectX9Ex API detected
05.06.2019 11:12:21.266 [00001ee0] --- i1: InterfaceProc1
05.06.2019 11:12:21.266 [00001ee0] --- DXGI dll=4b3e0000
05.06.2019 11:12:21.286 [00001ee0] --- DirectX DXGI API CreateDXGIFactory detected 1
05.06.2019 11:12:21.306 [00001ee0] --- DirectX DXGI API CreateDXGIFactory1 detected 1
05.06.2019 11:12:21.327 [00001ee0] --- DirectX DXGI API CreateDXGIFactory2 detected 1
05.06.2019 11:12:21.327 [00001ee0] --- DirectX DXGI API detected
05.06.2019 11:12:21.327 [00001ee0] --- DirectX D3D12 API detected hd3d12=44950000
05.06.2019 11:12:21.372 [00001ee0] --- DirectX D3D12 API detected 1
05.06.2019 11:12:21.372 [00001ee0] --- hookOpenGL
05.06.2019 11:12:21.512 [00001ee0] --- OpenGL API detected
05.06.2019 11:12:21.565 [00001ee0] --- PROCESS DETACH
