04.06.2019 21:19:00.013 [00001ee4] ??? OSM handle == NULL error=2
04.06.2019 21:19:00.013 [00001ee4] ^^^ SC trying session1
04.06.2019 21:19:00.013 [00001ee4] ??? OSM handle == NULL error=2
04.06.2019 21:19:00.013 [00001ee4] ^^^ SC trying session2
04.06.2019 21:19:00.013 [00001ee4] ??? OSM handle == NULL error=3
04.06.2019 21:19:00.014 [00001ee4] --- DXGI dll=72680000
04.06.2019 21:19:00.045 [00001ee4] --- DirectX DXGI API CreateDXGIFactory detected 1
04.06.2019 21:19:00.078 [00001ee4] --- DirectX DXGI API CreateDXGIFactory1 detected 1
04.06.2019 21:19:00.109 [00001ee4] --- DirectX DXGI API CreateDXGIFactory2 detected 1
04.06.2019 21:19:00.109 [00001ee4] --- DirectX DXGI API detected
04.06.2019 21:19:00.110 [00001ee4] --- DirectX D3D12 API detected hd3d12=723f0000
04.06.2019 21:19:00.139 [00001ee4] --- DirectX D3D12 API detected 1
04.06.2019 21:19:00.139 [00001ee4] ??? OSM handle == NULL error=2
04.06.2019 21:19:00.139 [00001ee4] ^^^ SC trying session1
04.06.2019 21:19:00.139 [00001ee4] ??? OSM handle == NULL error=2
04.06.2019 21:19:00.139 [00001ee4] ^^^ SC trying session2
04.06.2019 21:19:00.139 [00001ee4] ??? OSM handle == NULL error=3
04.06.2019 21:19:00.140 [00001ee4] ??? OSM handle == NULL error=2
04.06.2019 21:19:00.140 [00001ee4] ^^^ SC trying session1
04.06.2019 21:19:00.140 [00001ee4] ??? OSM handle == NULL error=2
04.06.2019 21:19:00.140 [00001ee4] ^^^ SC trying session2
04.06.2019 21:19:00.140 [00001ee4] ??? OSM handle == NULL error=3
04.06.2019 21:19:01.044 [00001ee4] ??? OSM handle == NULL error=2
04.06.2019 21:19:01.044 [00001ee4] ^^^ SC trying session1
04.06.2019 21:19:01.044 [00001ee4] ??? OSM handle == NULL error=2
04.06.2019 21:19:01.044 [00001ee4] ^^^ SC trying session2
04.06.2019 21:19:01.044 [00001ee4] ??? OSM handle == NULL error=3
04.06.2019 21:19:01.077 [0000213c] ??? OSM handle == NULL error=2
04.06.2019 21:19:01.077 [0000213c] ^^^ SC trying session1
04.06.2019 21:19:01.077 [0000213c] ??? OSM handle == NULL error=2
04.06.2019 21:19:01.077 [0000213c] ^^^ SC trying session2
04.06.2019 21:19:01.077 [0000213c] ??? OSM handle == NULL error=3
04.06.2019 21:19:01.103 [0000213c] ??? OSM handle == NULL error=2
04.06.2019 21:19:01.103 [0000213c] ^^^ SC trying session1
04.06.2019 21:19:01.103 [0000213c] ??? OSM handle == NULL error=2
04.06.2019 21:19:01.103 [0000213c] ^^^ SC trying session2
04.06.2019 21:19:01.103 [0000213c] ??? OSM handle == NULL error=3
--- [37]
04.06.2019 21:23:09.749 [0000213c] --- App --- Immersive Display PRO v3.0.5 (01.01.2019)
04.06.2019 21:23:09.749 [0000213c] --- OS 6:2 Microsoft Windows 8 Professional (build 9200), 64-bit 7(0) 8(1) 8.1(0) 10(0)
04.06.2019 21:23:09.749 [0000213c] --- Process32 C:\Program Files (x86)\TeamViewer\TeamViewer.exe
04.06.2019 21:23:09.749 [0000213c] --- CmdLine ["C:\Program Files (x86)\TeamViewer\TeamViewer.exe"]
04.06.2019 21:23:09.749 [0000213c] --- Enumerating displays ...
04.06.2019 21:23:09.749 [0000213c] --- SM_CMONITORS         = 1
04.06.2019 21:23:09.749 [0000213c] --- SM_SAMEDISPLAYFORMAT = 1
04.06.2019 21:23:09.749 [0000213c] --- SM_XVIRTUALSCREEN    = 0
04.06.2019 21:23:09.749 [0000213c] --- SM_YVIRTUALSCREEN    = 0
04.06.2019 21:23:09.749 [0000213c] --- SM_CXVIRTUALSCREEN   = 1920
04.06.2019 21:23:09.749 [0000213c] --- SM_CYVIRTUALSCREEN   = 1200
04.06.2019 21:23:09.749 [0000213c] --- SM_CXCURSOR          = 32
04.06.2019 21:23:09.752 [0000213c] --- Enumerated 1 displays
04.06.2019 21:23:09.752 [0000213c] --- Displays initialized
04.06.2019 21:23:09.752 [0000213c] --- Displays[0] M[008804e9] HDC[050106d1] GDC[00000000] L=0 T=0 R=1920 B=1200 RECT[0,0 1920x1200] N[WinDisc] M[] F[1] PROJ[0x0] MAPS[0]
04.06.2019 21:23:09.752 [0000213c] ---    Grouping G[0] N[0] GD[]
04.06.2019 21:23:09.752 [0000213c] --- ---
