04.06.2019 22:04:11.799 [00001828] ??? OSM handle == NULL error=2
04.06.2019 22:04:11.799 [00001828] ^^^ SC trying session1
--- [2]
04.06.2019 22:04:11.799 [00001828] --- App --- Immersive Display PRO v3.0.5 (01.01.2019)
04.06.2019 22:04:11.799 [00001828] --- OS 6:2 Microsoft Windows 8 Professional (build 9200), 64-bit 7(0) 8(1) 8.1(0) 10(0)
04.06.2019 22:04:11.799 [00001828] --- Process64 C:\ProgramData\Microsoft\Windows Defender\platform\4.18.1905.4-0\MpCmdRun.exe
04.06.2019 22:04:11.799 [00001828] --- CmdLine ["C:\ProgramData\Microsoft\Windows Defender\platform\4.18.1905.4-0\MpCmdRun.exe" SignatureUpdate -ScheduleJob -RestrictPrivileges]
04.06.2019 22:04:11.799 [00001828] --- Enumerating displays ...
04.06.2019 22:04:11.799 [00001828] --- SM_CMONITORS         = 1
04.06.2019 22:04:11.799 [00001828] --- SM_SAMEDISPLAYFORMAT = 1
04.06.2019 22:04:11.799 [00001828] --- SM_XVIRTUALSCREEN    = 0
04.06.2019 22:04:11.799 [00001828] --- SM_YVIRTUALSCREEN    = 0
04.06.2019 22:04:11.799 [00001828] --- SM_CXVIRTUALSCREEN   = 1024
04.06.2019 22:04:11.799 [00001828] --- SM_CYVIRTUALSCREEN   = 768
04.06.2019 22:04:11.799 [00001828] --- SM_CXCURSOR          = 32
04.06.2019 22:04:11.799 [00001828] ??? No displays enumerated. Retry later
04.06.2019 22:04:11.799 [00001828] --- hookD3D9
04.06.2019 22:04:11.800 [00001828] --- DirectX9 dll=d6de0000
04.06.2019 22:04:11.836 [00001828] --- DirectX9 API detected
04.06.2019 22:04:11.836 [00001828] --- DirectX9Ex API detected
04.06.2019 22:04:11.836 [00001828] --- i1: InterfaceProc1
04.06.2019 22:04:11.836 [00001828] --- DXGI dll=05830000
04.06.2019 22:04:11.854 [00001828] --- DirectX DXGI API CreateDXGIFactory detected 1
04.06.2019 22:04:11.872 [00001828] --- DirectX DXGI API CreateDXGIFactory1 detected 1
04.06.2019 22:04:11.890 [00001828] --- DirectX DXGI API CreateDXGIFactory2 detected 1
04.06.2019 22:04:11.890 [00001828] --- DirectX DXGI API detected
04.06.2019 22:04:11.891 [00001828] --- DirectX D3D12 API detected hd3d12=ff080000
04.06.2019 22:04:11.908 [00001828] --- DirectX D3D12 API detected 1
04.06.2019 22:04:11.908 [00001828] --- hookOpenGL
04.06.2019 22:04:12.032 [00001828] --- OpenGL API detected
04.06.2019 22:04:12.088 [00001828] --- PROCESS DETACH
