05.06.2019 11:17:31.301 [00001db4] ??? OSM handle == NULL error=2
05.06.2019 11:17:31.301 [00001db4] ^^^ SC trying session1
--- [2]
05.06.2019 11:17:31.309 [00001db4] --- App --- Immersive Display PRO v3.0.5 (01.01.2019)
05.06.2019 11:17:31.309 [00001db4] --- OS 6:2 Microsoft Windows 8 Professional (build 9200), 64-bit 7(0) 8(1) 8.1(0) 10(0)
05.06.2019 11:17:31.309 [00001db4] --- Process64 C:\Program Files (x86)\Google\Update\1.3.34.11\GoogleCrashHandler64.exe
05.06.2019 11:17:31.309 [00001db4] --- CmdLine ["C:\Program Files (x86)\Google\Update\1.3.34.11\GoogleCrashHandler64.exe"]
05.06.2019 11:17:31.309 [00001db4] --- Enumerating displays ...
05.06.2019 11:17:31.309 [00001db4] --- SM_CMONITORS         = 1
05.06.2019 11:17:31.309 [00001db4] --- SM_SAMEDISPLAYFORMAT = 1
05.06.2019 11:17:31.309 [00001db4] --- SM_XVIRTUALSCREEN    = 0
05.06.2019 11:17:31.309 [00001db4] --- SM_YVIRTUALSCREEN    = 0
05.06.2019 11:17:31.310 [00001db4] --- SM_CXVIRTUALSCREEN   = 1024
05.06.2019 11:17:31.310 [00001db4] --- SM_CYVIRTUALSCREEN   = 768
05.06.2019 11:17:31.310 [00001db4] --- SM_CXCURSOR          = 32
05.06.2019 11:17:31.310 [00001db4] ??? No displays enumerated. Retry later
05.06.2019 11:17:31.310 [00001db4] --- hookD3D9
05.06.2019 11:17:31.311 [00001db4] --- DirectX9 dll=feaf0000
05.06.2019 11:17:31.352 [00001db4] --- DirectX9 API detected
05.06.2019 11:17:31.352 [00001db4] --- DirectX9Ex API detected
05.06.2019 11:17:31.352 [00001db4] --- i1: InterfaceProc1
05.06.2019 11:17:31.353 [00001db4] --- DXGI dll=2d520000
05.06.2019 11:17:31.373 [00001db4] --- DirectX DXGI API CreateDXGIFactory detected 1
05.06.2019 11:17:31.394 [00001db4] --- DirectX DXGI API CreateDXGIFactory1 detected 1
05.06.2019 11:17:31.414 [00001db4] --- DirectX DXGI API CreateDXGIFactory2 detected 1
05.06.2019 11:17:31.414 [00001db4] --- DirectX DXGI API detected
05.06.2019 11:17:31.415 [00001db4] --- DirectX D3D12 API detected hd3d12=26cf0000
05.06.2019 11:17:31.436 [00001db4] --- DirectX D3D12 API detected 1
05.06.2019 11:17:31.436 [00001db4] --- hookOpenGL
05.06.2019 11:17:31.580 [00001db4] --- OpenGL API detected
05.06.2019 11:17:31.633 [00001db4] --- PROCESS DETACH
