05.06.2019 11:12:26.160 [00001ab0] --- App --- Immersive Display PRO v3.0.5 (01.01.2019)
05.06.2019 11:12:26.160 [00001ab0] --- OS 6:2 Microsoft Windows 8 Professional (build 9200), 64-bit 7(0) 8(1) 8.1(0) 10(0)
05.06.2019 11:12:26.160 [00001ab0] --- Process64 C:\Program Files\AMD\Performance Profile Client\AUEPUF.exe
05.06.2019 11:12:26.160 [00001ab0] --- CmdLine [AUEPUF.exe]
05.06.2019 11:12:26.160 [00001ab0] --- Enumerating displays ...
05.06.2019 11:12:26.161 [00001ab0] --- Device N[\\.\DISPLAY1] S[Radeon RX 580 Series] M[Generic PnP Monitor] F[desktop primary ]
05.06.2019 11:12:26.161 [00001ab0] --- Device N[\\.\DISPLAY2] S[Radeon RX 580 Series] M[] F[]
05.06.2019 11:12:26.162 [00001ab0] --- Device N[\\.\DISPLAY3] S[Radeon RX 580 Series] M[] F[]
05.06.2019 11:12:26.162 [00001ab0] --- Device N[\\.\DISPLAY4] S[Radeon RX 580 Series] M[] F[]
05.06.2019 11:12:26.163 [00001ab0] --- Device N[\\.\DISPLAY5] S[Radeon RX 580 Series] M[] F[]
05.06.2019 11:12:26.163 [00001ab0] --- Device N[\\.\DISPLAY6] S[Radeon RX 580 Series] M[] F[]
05.06.2019 11:12:26.164 [00001ab0] --- Device N[\\.\DISPLAY7] S[Radeon RX 580 Series] M[] F[]
05.06.2019 11:12:26.164 [00001ab0] --- Device N[\\.\DISPLAY8] S[Radeon RX 580 Series] M[] F[]
05.06.2019 11:12:26.164 [00001ab0] --- SM_CMONITORS         = 1
05.06.2019 11:12:26.164 [00001ab0] --- SM_SAMEDISPLAYFORMAT = 1
05.06.2019 11:12:26.164 [00001ab0] --- SM_XVIRTUALSCREEN    = 0
05.06.2019 11:12:26.164 [00001ab0] --- SM_YVIRTUALSCREEN    = 0
05.06.2019 11:12:26.164 [00001ab0] --- SM_CXVIRTUALSCREEN   = 3840
05.06.2019 11:12:26.164 [00001ab0] --- SM_CYVIRTUALSCREEN   = 1200
05.06.2019 11:12:26.164 [00001ab0] --- SM_CXCURSOR          = 32
05.06.2019 11:12:26.166 [00001ab0] --- [\\.\DISPLAY1] [Radeon RX 580 Series] [MONITOR\ADVEF2D\{4d36e96e-e325-11ce-bfc1-08002be10318}\0017] [Generic PnP Monitor]
05.06.2019 11:12:26.166 [00001ab0] --- Enumerated 1 displays
05.06.2019 11:12:26.166 [00001ab0] --- Displays initialized
05.06.2019 11:12:26.166 [00001ab0] --- Displays[0] M[00010001] HDC[5f010cb3] GDC[60010c79] L=0 T=0 R=3840 B=1200 RECT[0,0 3840x1200] N[\\.\DISPLAY1] M[Generic PnP Monitor] F[1] PROJ[2x1] MAPS[2]
05.06.2019 11:12:26.166 [00001ab0] ---    Grouping G[0] N[0] GD[]
05.06.2019 11:12:26.167 [00001ab0] --- ---
05.06.2019 11:12:26.167 [00001ab0] --- hookD3D9
05.06.2019 11:12:26.167 [00001ab0] --- DirectX9 dll=1c9c0000
05.06.2019 11:12:26.203 [00001ab0] --- DirectX9 API detected
05.06.2019 11:12:26.203 [00001ab0] --- DirectX9Ex API detected
05.06.2019 11:12:26.203 [00001ab0] --- i1: InterfaceProc1
05.06.2019 11:12:26.203 [00001ab0] --- interfaceFunc1 [\\.\DISPLAY1] totalMaps=2
05.06.2019 11:12:26.203 [00001ab0] --- DXGI dll=4b3e0000
05.06.2019 11:12:26.221 [00001ab0] --- DirectX DXGI API CreateDXGIFactory detected 1
05.06.2019 11:12:26.239 [00001ab0] --- DirectX DXGI API CreateDXGIFactory1 detected 1
05.06.2019 11:12:26.256 [00001ab0] --- DirectX DXGI API CreateDXGIFactory2 detected 1
05.06.2019 11:12:26.256 [00001ab0] --- DirectX DXGI API detected
05.06.2019 11:12:26.257 [00001ab0] --- DirectX D3D12 API detected hd3d12=44950000
05.06.2019 11:12:26.274 [00001ab0] --- DirectX D3D12 API detected 1
05.06.2019 11:12:26.274 [00001ab0] --- hookOpenGL
05.06.2019 11:12:26.397 [00001ab0] --- OpenGL API detected
