05.06.2019 11:12:21.203 [000019c4] ??? OSM handle == NULL error=2
05.06.2019 11:12:21.203 [000019c4] ^^^ SC trying session1
--- [2]
05.06.2019 11:12:21.203 [000019c4] --- App --- Immersive Display PRO v3.0.5 (01.01.2019)
05.06.2019 11:12:21.203 [000019c4] --- OS 6:2 Microsoft Windows 8 Professional (build 9200), 64-bit 7(0) 8(1) 8.1(0) 10(0)
05.06.2019 11:12:21.203 [000019c4] --- Process32 C:\Program Files (x86)\Google\Update\1.3.34.11\GoogleCrashHandler.exe
05.06.2019 11:12:21.203 [000019c4] --- CmdLine ["C:\Program Files (x86)\Google\Update\1.3.34.11\GoogleCrashHandler.exe"]
05.06.2019 11:12:21.204 [000019c4] --- Enumerating displays ...
05.06.2019 11:12:21.204 [000019c4] --- SM_CMONITORS         = 1
05.06.2019 11:12:21.204 [000019c4] --- SM_SAMEDISPLAYFORMAT = 1
05.06.2019 11:12:21.204 [000019c4] --- SM_XVIRTUALSCREEN    = 0
05.06.2019 11:12:21.204 [000019c4] --- SM_YVIRTUALSCREEN    = 0
05.06.2019 11:12:21.204 [000019c4] --- SM_CXVIRTUALSCREEN   = 1024
05.06.2019 11:12:21.204 [000019c4] --- SM_CYVIRTUALSCREEN   = 768
05.06.2019 11:12:21.204 [000019c4] --- SM_CXCURSOR          = 32
05.06.2019 11:12:21.204 [000019c4] ??? No displays enumerated. Retry later
05.06.2019 11:12:21.204 [000019c4] --- hookD3D9
05.06.2019 11:12:21.206 [000019c4] --- DirectX9 dll=71870000
05.06.2019 11:12:21.245 [000019c4] --- DirectX9 API detected
05.06.2019 11:12:21.245 [000019c4] --- DirectX9Ex API detected
05.06.2019 11:12:21.245 [000019c4] --- i1: InterfaceProc1
05.06.2019 11:12:21.246 [000019c4] --- DXGI dll=72830000
05.06.2019 11:12:21.266 [000019c4] --- DirectX DXGI API CreateDXGIFactory detected 1
05.06.2019 11:12:21.287 [000019c4] --- DirectX DXGI API CreateDXGIFactory1 detected 1
05.06.2019 11:12:21.307 [000019c4] --- DirectX DXGI API CreateDXGIFactory2 detected 1
05.06.2019 11:12:21.307 [000019c4] --- DirectX DXGI API detected
05.06.2019 11:12:21.308 [000019c4] --- DirectX D3D12 API detected hd3d12=72610000
05.06.2019 11:12:21.328 [000019c4] --- DirectX D3D12 API detected 1
05.06.2019 11:12:21.352 [000019c4] --- hookOpenGL
05.06.2019 11:12:21.513 [000019c4] --- OpenGL API detected
05.06.2019 11:12:21.566 [000019c4] --- PROCESS DETACH
