05.06.2019 08:35:21.996 [00001a58] ??? OSM handle == NULL error=2
05.06.2019 08:35:21.996 [00001a58] ^^^ SC trying session1
--- [2]
05.06.2019 08:35:21.996 [00001a58] --- App --- Immersive Display PRO v3.0.5 (01.01.2019)
05.06.2019 08:35:21.996 [00001a58] --- OS 6:2 Microsoft Windows 8 Professional (build 9200), 64-bit 7(0) 8(1) 8.1(0) 10(0)
05.06.2019 08:35:21.996 [00001a58] --- Process32 C:\Program Files (x86)\Google\Update\GoogleUpdate.exe
05.06.2019 08:35:21.996 [00001a58] --- CmdLine ["C:\Program Files (x86)\Google\Update\GoogleUpdate.exe" /ua /installsource scheduler]
05.06.2019 08:35:21.996 [00001a58] --- Enumerating displays ...
05.06.2019 08:35:21.996 [00001a58] --- SM_CMONITORS         = 1
05.06.2019 08:35:21.996 [00001a58] --- SM_SAMEDISPLAYFORMAT = 1
05.06.2019 08:35:21.996 [00001a58] --- SM_XVIRTUALSCREEN    = 0
05.06.2019 08:35:21.996 [00001a58] --- SM_YVIRTUALSCREEN    = 0
05.06.2019 08:35:21.996 [00001a58] --- SM_CXVIRTUALSCREEN   = 1024
05.06.2019 08:35:21.996 [00001a58] --- SM_CYVIRTUALSCREEN   = 768
05.06.2019 08:35:21.996 [00001a58] --- SM_CXCURSOR          = 32
05.06.2019 08:35:21.996 [00001a58] ??? No displays enumerated. Retry later
05.06.2019 08:35:21.996 [00001a58] --- hookD3D9
05.06.2019 08:35:21.997 [00001a58] --- DirectX9 dll=717f0000
05.06.2019 08:35:22.026 [00001a58] --- DirectX9 API detected
05.06.2019 08:35:22.026 [00001a58] --- DirectX9Ex API detected
05.06.2019 08:35:22.026 [00001a58] --- i1: InterfaceProc1
05.06.2019 08:35:22.026 [00001a58] --- DXGI dll=72790000
05.06.2019 08:35:22.040 [00001a58] --- DirectX DXGI API CreateDXGIFactory detected 1
05.06.2019 08:35:22.055 [00001a58] --- DirectX DXGI API CreateDXGIFactory1 detected 1
05.06.2019 08:35:22.069 [00001a58] --- DirectX DXGI API CreateDXGIFactory2 detected 1
05.06.2019 08:35:22.069 [00001a58] --- DirectX DXGI API detected
05.06.2019 08:35:22.069 [00001a58] --- DirectX D3D12 API detected hd3d12=72590000
05.06.2019 08:35:22.083 [00001a58] --- DirectX D3D12 API detected 1
05.06.2019 08:35:22.083 [00001a58] --- hookOpenGL
05.06.2019 08:35:22.192 [00001a58] --- OpenGL API detected
05.06.2019 08:35:22.252 [00001a58] --- PROCESS DETACH
