04.06.2019 21:16:05.194 [00002d14] --- App --- Immersive Display PRO v3.0.5 (01.01.2019)
04.06.2019 21:16:05.194 [00002d14] --- OS 6:2 Microsoft Windows 8 Professional (build 9200), 64-bit 7(0) 8(1) 8.1(0) 10(0)
04.06.2019 21:16:05.194 [00002d14] --- Process32 C:\Users\own\Downloads\Intel Driver and Support Assistant Installer.exe
04.06.2019 21:16:05.194 [00002d14] --- CmdLine ["C:\Users\own\Downloads\Intel Driver and Support Assistant Installer.exe" ]
04.06.2019 21:16:05.194 [00002d14] --- Enumerating displays ...
04.06.2019 21:16:05.194 [00002d14] --- Device N[\\.\DISPLAY10] S[Radeon RX 580 Series] M[Generic PnP Monitor] F[desktop ]
04.06.2019 21:16:05.194 [00002d14] --- Device N[\\.\DISPLAY11] S[Radeon RX 580 Series] M[Generic PnP Monitor] F[desktop primary ]
04.06.2019 21:16:05.194 [00002d14] --- Device N[\\.\DISPLAY12] S[Radeon RX 580 Series] M[] F[]
04.06.2019 21:16:05.194 [00002d14] --- Device N[\\.\DISPLAY13] S[Radeon RX 580 Series] M[] F[]
04.06.2019 21:16:05.194 [00002d14] --- Device N[\\.\DISPLAY14] S[Radeon RX 580 Series] M[] F[]
04.06.2019 21:16:05.194 [00002d14] --- Device N[\\.\DISPLAY15] S[Radeon RX 580 Series] M[] F[]
04.06.2019 21:16:05.194 [00002d14] --- SM_CMONITORS         = 2
04.06.2019 21:16:05.194 [00002d14] --- SM_SAMEDISPLAYFORMAT = 1
04.06.2019 21:16:05.194 [00002d14] --- SM_XVIRTUALSCREEN    = 0
04.06.2019 21:16:05.194 [00002d14] --- SM_YVIRTUALSCREEN    = 0
04.06.2019 21:16:05.194 [00002d14] --- SM_CXVIRTUALSCREEN   = 3840
04.06.2019 21:16:05.194 [00002d14] --- SM_CYVIRTUALSCREEN   = 1200
04.06.2019 21:16:05.194 [00002d14] --- SM_CXCURSOR          = 32
04.06.2019 21:16:05.210 [00002d14] --- [\\.\DISPLAY10] [Radeon RX 580 Series] [MONITOR\SECA70B\{4d36e96e-e325-11ce-bfc1-08002be10318}\0016] [Generic PnP Monitor]
04.06.2019 21:16:05.210 [00002d14] --- [\\.\DISPLAY11] [Radeon RX 580 Series] [MONITOR\SECA70B\{4d36e96e-e325-11ce-bfc1-08002be10318}\0015] [Generic PnP Monitor]
04.06.2019 21:16:05.210 [00002d14] --- Enumerated 2 displays
04.06.2019 21:16:05.210 [00002d14] --- Displays initialized
04.06.2019 21:16:05.210 [00002d14] --- Displays[0] M[001c09f1] HDC[950113b3] GDC[c20106db] L=1920 T=0 R=3840 B=1200 RECT[1920,0 1920x1200] N[\\.\DISPLAY10] M[Generic PnP Monitor] F[0] PROJ[2x1] MAPS[2]
04.06.2019 21:16:05.210 [00002d14] ---    Grouping G[0] N[0] GD[]
04.06.2019 21:16:05.210 [00002d14] --- Displays[1] M[001205fd] HDC[5c0101aa] GDC[f2010d4a] L=0 T=0 R=1920 B=1200 RECT[0,0 1920x1200] N[\\.\DISPLAY11] M[Generic PnP Monitor] F[1] PROJ[0x0] MAPS[0]
04.06.2019 21:16:05.210 [00002d14] ---    Grouping G[0] N[0] GD[]
04.06.2019 21:16:05.210 [00002d14] --- ---
04.06.2019 21:16:05.210 [00002d14] --- hookD3D9
04.06.2019 21:16:05.210 [00002d14] --- DirectX9 dll=71460000
04.06.2019 21:16:05.257 [00002d14] --- DirectX9 API detected
04.06.2019 21:16:05.257 [00002d14] --- DirectX9Ex API detected
04.06.2019 21:16:05.257 [00002d14] --- i1: InterfaceProc1
04.06.2019 21:16:05.257 [00002d14] --- interfaceFunc1 [\\.\DISPLAY10] totalMaps=2
04.06.2019 21:16:05.257 [00002d14] --- DXGI dll=724a0000
04.06.2019 21:16:05.288 [00002d14] --- DirectX DXGI API CreateDXGIFactory detected 1
04.06.2019 21:16:05.304 [00002d14] --- DirectX DXGI API CreateDXGIFactory1 detected 1
04.06.2019 21:16:05.335 [00002d14] --- DirectX DXGI API CreateDXGIFactory2 detected 1
04.06.2019 21:16:05.335 [00002d14] --- DirectX DXGI API detected
04.06.2019 21:16:05.335 [00002d14] --- DirectX D3D12 API detected hd3d12=72330000
04.06.2019 21:16:05.351 [00002d14] --- DirectX D3D12 API detected 1
04.06.2019 21:16:05.351 [00002d14] --- hookOpenGL
04.06.2019 21:16:05.554 [00002d14] --- OpenGL API detected
04.06.2019 21:16:38.243 [00002d14] --- PROCESS DETACH
