05.06.2019 11:30:25.030 [00001f70] --- App --- Immersive Display PRO v3.0.5 (01.01.2019)
05.06.2019 11:30:25.030 [00001f70] --- OS 6:2 Microsoft Windows 8 Professional (build 9200), 64-bit 7(0) 8(1) 8.1(0) 10(0)
05.06.2019 11:30:25.030 [00001f70] --- Process64 C:\Program Files (x86)\Kindel Systems\MCE Controller\MCEControl.exe
05.06.2019 11:30:25.030 [00001f70] --- CmdLine ["C:\Program Files (x86)\Kindel Systems\MCE Controller\MCEControl.exe" ]
05.06.2019 11:30:25.030 [00001f70] --- Enumerating displays ...
05.06.2019 11:30:25.030 [00001f70] --- Device N[\\.\DISPLAY1] S[Radeon RX 580 Series] M[Generic PnP Monitor] F[desktop primary ]
05.06.2019 11:30:25.030 [00001f70] --- Device N[\\.\DISPLAY2] S[Radeon RX 580 Series] M[] F[]
05.06.2019 11:30:25.030 [00001f70] --- Device N[\\.\DISPLAY3] S[Radeon RX 580 Series] M[] F[]
05.06.2019 11:30:25.030 [00001f70] --- Device N[\\.\DISPLAY4] S[Radeon RX 580 Series] M[] F[]
05.06.2019 11:30:25.030 [00001f70] --- Device N[\\.\DISPLAY5] S[Radeon RX 580 Series] M[] F[]
05.06.2019 11:30:25.030 [00001f70] --- Device N[\\.\DISPLAY6] S[Radeon RX 580 Series] M[] F[]
05.06.2019 11:30:25.045 [00001f70] --- Device N[\\.\DISPLAY7] S[Radeon RX 580 Series] M[] F[]
05.06.2019 11:30:25.045 [00001f70] --- Device N[\\.\DISPLAY8] S[Radeon RX 580 Series] M[] F[]
05.06.2019 11:30:25.045 [00001f70] --- SM_CMONITORS         = 1
05.06.2019 11:30:25.045 [00001f70] --- SM_SAMEDISPLAYFORMAT = 1
05.06.2019 11:30:25.045 [00001f70] --- SM_XVIRTUALSCREEN    = 0
05.06.2019 11:30:25.045 [00001f70] --- SM_YVIRTUALSCREEN    = 0
05.06.2019 11:30:25.045 [00001f70] --- SM_CXVIRTUALSCREEN   = 3840
05.06.2019 11:30:25.045 [00001f70] --- SM_CYVIRTUALSCREEN   = 1200
05.06.2019 11:30:25.045 [00001f70] --- SM_CXCURSOR          = 32
05.06.2019 11:30:25.045 [00001f70] --- [\\.\DISPLAY1] [Radeon RX 580 Series] [MONITOR\ADVEF2D\{4d36e96e-e325-11ce-bfc1-08002be10318}\0017] [Generic PnP Monitor]
05.06.2019 11:30:25.045 [00001f70] --- Enumerated 1 displays
05.06.2019 11:30:25.045 [00001f70] --- Displays initialized
05.06.2019 11:30:25.045 [00001f70] --- Displays[0] M[00010001] HDC[1f010b64] GDC[1f010b56] L=0 T=0 R=3840 B=1200 RECT[0,0 3840x1200] N[\\.\DISPLAY1] M[Generic PnP Monitor] F[1] PROJ[0x0] MAPS[0]
05.06.2019 11:30:25.045 [00001f70] ---    Grouping G[0] N[0] GD[]
05.06.2019 11:30:25.045 [00001f70] --- ---
05.06.2019 11:30:25.045 [00001f70] --- hookD3D9
05.06.2019 11:30:25.045 [00001f70] --- DirectX9 dll=90a20000
05.06.2019 11:30:25.092 [00001f70] --- DirectX9 API detected
05.06.2019 11:30:25.092 [00001f70] --- DirectX9Ex API detected
05.06.2019 11:30:25.092 [00001f70] --- i1: InterfaceProc1
05.06.2019 11:30:25.092 [00001f70] --- DXGI dll=bde70000
05.06.2019 11:30:25.108 [00001f70] --- DirectX DXGI API CreateDXGIFactory detected 1
05.06.2019 11:30:25.139 [00001f70] --- DirectX DXGI API CreateDXGIFactory1 detected 1
05.06.2019 11:30:25.155 [00001f70] --- DirectX DXGI API CreateDXGIFactory2 detected 1
05.06.2019 11:30:25.155 [00001f70] --- DirectX DXGI API detected
05.06.2019 11:30:25.155 [00001f70] --- DirectX D3D12 API detected hd3d12=b7540000
05.06.2019 11:30:25.186 [00001f70] --- DirectX D3D12 API detected 1
05.06.2019 11:30:25.186 [00001f70] --- hookOpenGL
05.06.2019 11:30:25.342 [00001f70] --- OpenGL API detected
