05.06.2019 10:55:26.199 [00001e0c] --- App --- Immersive Display PRO v3.0.5 (01.01.2019)
05.06.2019 10:55:26.199 [00001e0c] --- OS 6:2 Microsoft Windows 8 Professional (build 9200), 64-bit 7(0) 8(1) 8.1(0) 10(0)
05.06.2019 10:55:26.199 [00001e0c] --- Process64 C:\Users\own\scoop\apps\git\current\cmd\git.exe
05.06.2019 10:55:26.199 [00001e0c] --- CmdLine ["C:\Users\own\scoop\apps\git\current\cmd\git.exe"  pull]
05.06.2019 10:55:26.199 [00001e0c] --- Enumerating displays ...
05.06.2019 10:55:26.199 [00001e0c] --- Device N[\\.\DISPLAY1] S[Radeon RX 580 Series] M[Generic PnP Monitor] F[desktop primary ]
05.06.2019 10:55:26.199 [00001e0c] --- Device N[\\.\DISPLAY2] S[Radeon RX 580 Series] M[] F[]
05.06.2019 10:55:26.199 [00001e0c] --- Device N[\\.\DISPLAY3] S[Radeon RX 580 Series] M[] F[]
05.06.2019 10:55:26.199 [00001e0c] --- Device N[\\.\DISPLAY4] S[Radeon RX 580 Series] M[] F[]
05.06.2019 10:55:26.199 [00001e0c] --- Device N[\\.\DISPLAY5] S[Radeon RX 580 Series] M[] F[]
05.06.2019 10:55:26.215 [00001e0c] --- Device N[\\.\DISPLAY6] S[Radeon RX 580 Series] M[] F[]
05.06.2019 10:55:26.215 [00001e0c] --- Device N[\\.\DISPLAY7] S[Radeon RX 580 Series] M[] F[]
05.06.2019 10:55:26.215 [00001e0c] --- Device N[\\.\DISPLAY8] S[Radeon RX 580 Series] M[] F[]
05.06.2019 10:55:26.215 [00001e0c] --- SM_CMONITORS         = 1
05.06.2019 10:55:26.215 [00001e0c] --- SM_SAMEDISPLAYFORMAT = 1
05.06.2019 10:55:26.215 [00001e0c] --- SM_XVIRTUALSCREEN    = 0
05.06.2019 10:55:26.215 [00001e0c] --- SM_YVIRTUALSCREEN    = 0
05.06.2019 10:55:26.215 [00001e0c] --- SM_CXVIRTUALSCREEN   = 1920
05.06.2019 10:55:26.215 [00001e0c] --- SM_CYVIRTUALSCREEN   = 1200
05.06.2019 10:55:26.215 [00001e0c] --- SM_CXCURSOR          = 32
05.06.2019 10:55:26.215 [00001e0c] --- [\\.\DISPLAY1] [Radeon RX 580 Series] [MONITOR\SECA70B\{4d36e96e-e325-11ce-bfc1-08002be10318}\0016] [Generic PnP Monitor]
05.06.2019 10:55:26.215 [00001e0c] --- Enumerated 1 displays
05.06.2019 10:55:26.215 [00001e0c] --- Displays initialized
05.06.2019 10:55:26.215 [00001e0c] --- Displays[0] M[00010001] HDC[19010bcd] GDC[25010c99] L=0 T=0 R=1920 B=1200 RECT[0,0 1920x1200] N[\\.\DISPLAY1] M[Generic PnP Monitor] F[1] PROJ[0x0] MAPS[0]
05.06.2019 10:55:26.215 [00001e0c] ---    Grouping G[0] N[0] GD[]
05.06.2019 10:55:26.215 [00001e0c] --- ---
05.06.2019 10:55:26.215 [00001e0c] --- hookD3D9
05.06.2019 10:55:26.215 [00001e0c] --- DirectX9 dll=a5ef0000
05.06.2019 10:55:26.262 [00001e0c] --- DirectX9 API detected
05.06.2019 10:55:26.262 [00001e0c] --- DirectX9Ex API detected
05.06.2019 10:55:26.262 [00001e0c] --- i1: InterfaceProc1
05.06.2019 10:55:26.262 [00001e0c] --- DXGI dll=d3330000
05.06.2019 10:55:26.277 [00001e0c] --- DirectX DXGI API CreateDXGIFactory detected 1
05.06.2019 10:55:26.308 [00001e0c] --- DirectX DXGI API CreateDXGIFactory1 detected 1
05.06.2019 10:55:26.324 [00001e0c] --- DirectX DXGI API CreateDXGIFactory2 detected 1
05.06.2019 10:55:26.324 [00001e0c] --- DirectX DXGI API detected
05.06.2019 10:55:26.324 [00001e0c] --- DirectX D3D12 API detected hd3d12=cc750000
05.06.2019 10:55:26.340 [00001e0c] --- DirectX D3D12 API detected 1
05.06.2019 10:55:26.340 [00001e0c] --- hookOpenGL
05.06.2019 10:55:26.496 [00001e0c] --- OpenGL API detected
05.06.2019 10:55:33.212 [00001e0c] --- PROCESS DETACH
