04.06.2019 21:43:20.767 [00001b50] --- App --- Immersive Display PRO v3.0.5 (01.01.2019)
04.06.2019 21:43:20.767 [00001b50] --- OS 6:2 Microsoft Windows 8 Professional (build 9200), 64-bit 7(0) 8(1) 8.1(0) 10(0)
04.06.2019 21:43:20.767 [00001b50] --- Process64 C:\Users\own\scoop\apps\git\2.21.0.windows.1\mingw64\libexec\git-core\git.exe
04.06.2019 21:43:20.767 [00001b50] --- CmdLine [git remote-https origin https://github.com/amoujhang/boch-wall.git]
04.06.2019 21:43:20.767 [00001b50] --- Enumerating displays ...
04.06.2019 21:43:20.767 [00001b50] --- Device N[\\.\DISPLAY1] S[Radeon RX 580 Series] M[Generic PnP Monitor] F[desktop primary ]
04.06.2019 21:43:20.767 [00001b50] --- Device N[\\.\DISPLAY2] S[Radeon RX 580 Series] M[] F[]
04.06.2019 21:43:20.767 [00001b50] --- Device N[\\.\DISPLAY3] S[Radeon RX 580 Series] M[] F[]
04.06.2019 21:43:20.767 [00001b50] --- Device N[\\.\DISPLAY4] S[Radeon RX 580 Series] M[] F[]
04.06.2019 21:43:20.767 [00001b50] --- Device N[\\.\DISPLAY5] S[Radeon RX 580 Series] M[] F[]
04.06.2019 21:43:20.767 [00001b50] --- Device N[\\.\DISPLAY6] S[Radeon RX 580 Series] M[] F[]
04.06.2019 21:43:20.767 [00001b50] --- Device N[\\.\DISPLAY7] S[Radeon RX 580 Series] M[] F[]
04.06.2019 21:43:20.767 [00001b50] --- Device N[\\.\DISPLAY8] S[Radeon RX 580 Series] M[] F[]
04.06.2019 21:43:20.767 [00001b50] --- SM_CMONITORS         = 1
04.06.2019 21:43:20.767 [00001b50] --- SM_SAMEDISPLAYFORMAT = 1
04.06.2019 21:43:20.767 [00001b50] --- SM_XVIRTUALSCREEN    = 0
04.06.2019 21:43:20.767 [00001b50] --- SM_YVIRTUALSCREEN    = 0
04.06.2019 21:43:20.767 [00001b50] --- SM_CXVIRTUALSCREEN   = 3840
04.06.2019 21:43:20.767 [00001b50] --- SM_CYVIRTUALSCREEN   = 1200
04.06.2019 21:43:20.767 [00001b50] --- SM_CXCURSOR          = 32
04.06.2019 21:43:21.520 [00001b50] --- [\\.\DISPLAY1] [Radeon RX 580 Series] [MONITOR\ADVEF2D\{4d36e96e-e325-11ce-bfc1-08002be10318}\0017] [Generic PnP Monitor]
04.06.2019 21:43:21.520 [00001b50] --- Enumerated 1 displays
04.06.2019 21:43:21.520 [00001b50] --- Displays initialized
04.06.2019 21:43:21.520 [00001b50] --- Displays[0] M[00010001] HDC[0901098e] GDC[0201059b] L=0 T=0 R=3840 B=1200 RECT[0,0 3840x1200] N[\\.\DISPLAY1] M[Generic PnP Monitor] F[1] PROJ[0x0] MAPS[0]
04.06.2019 21:43:21.520 [00001b50] ---    Grouping G[0] N[0] GD[]
04.06.2019 21:43:21.520 [00001b50] --- ---
04.06.2019 21:43:21.520 [00001b50] --- hookD3D9
04.06.2019 21:43:21.520 [00001b50] --- DirectX9 dll=55e50000
04.06.2019 21:43:21.575 [00001b50] --- DirectX9 API detected
04.06.2019 21:43:21.575 [00001b50] --- DirectX9Ex API detected
04.06.2019 21:43:21.575 [00001b50] --- i1: InterfaceProc1
04.06.2019 21:43:21.575 [00001b50] --- DXGI dll=85810000
04.06.2019 21:43:21.600 [00001b50] --- DirectX DXGI API CreateDXGIFactory detected 1
04.06.2019 21:43:21.620 [00001b50] --- DirectX DXGI API CreateDXGIFactory1 detected 1
04.06.2019 21:43:21.644 [00001b50] --- DirectX DXGI API CreateDXGIFactory2 detected 1
04.06.2019 21:43:21.644 [00001b50] --- DirectX DXGI API detected
04.06.2019 21:43:21.644 [00001b50] --- DirectX D3D12 API detected hd3d12=7ed40000
04.06.2019 21:43:21.670 [00001b50] --- DirectX D3D12 API detected 1
04.06.2019 21:43:21.670 [00001b50] --- hookOpenGL
04.06.2019 21:43:21.833 [00001b50] --- OpenGL API detected
04.06.2019 21:43:24.439 [00001b50] --- PROCESS DETACH
