04.06.2019 21:14:20.006 [00002a74] ??? OSM handle == NULL error=2
04.06.2019 21:14:20.006 [00002a74] ^^^ SC trying session1
--- [2]
04.06.2019 21:14:20.006 [00002a74] --- App --- Immersive Display PRO v3.0.5 (01.01.2019)
04.06.2019 21:14:20.006 [00002a74] --- OS 6:2 Microsoft Windows 8 Professional (build 9200), 64-bit 7(0) 8(1) 8.1(0) 10(0)
04.06.2019 21:14:20.006 [00002a74] --- Process64 C:\AMD\WU-CCC2\ccc2_install\Support64\CCC2App64.exe
04.06.2019 21:14:20.006 [00002a74] --- CmdLine ["C:\AMD\WU-CCC2\ccc2_install\Support64\CCC2App64.exe" -detection]
04.06.2019 21:14:20.006 [00002a74] --- Enumerating displays ...
04.06.2019 21:14:20.006 [00002a74] --- SM_CMONITORS         = 1
04.06.2019 21:14:20.006 [00002a74] --- SM_SAMEDISPLAYFORMAT = 1
04.06.2019 21:14:20.006 [00002a74] --- SM_XVIRTUALSCREEN    = 0
04.06.2019 21:14:20.006 [00002a74] --- SM_YVIRTUALSCREEN    = 0
04.06.2019 21:14:20.006 [00002a74] --- SM_CXVIRTUALSCREEN   = 1024
04.06.2019 21:14:20.006 [00002a74] --- SM_CYVIRTUALSCREEN   = 768
04.06.2019 21:14:20.006 [00002a74] --- SM_CXCURSOR          = 32
04.06.2019 21:14:20.006 [00002a74] ??? No displays enumerated. Retry later
04.06.2019 21:14:20.006 [00002a74] --- hookD3D9
04.06.2019 21:14:20.006 [00002a74] --- DirectX9 dll=72ce0000
04.06.2019 21:14:20.038 [00002a74] --- DirectX9 API detected
04.06.2019 21:14:20.038 [00002a74] --- DirectX9Ex API detected
04.06.2019 21:14:20.038 [00002a74] --- i1: InterfaceProc1
04.06.2019 21:14:20.038 [00002a74] --- DXGI dll=a1720000
04.06.2019 21:14:20.053 [00002a74] --- DirectX DXGI API CreateDXGIFactory detected 1
04.06.2019 21:14:20.069 [00002a74] --- DirectX DXGI API CreateDXGIFactory1 detected 1
04.06.2019 21:14:20.084 [00002a74] --- DirectX DXGI API CreateDXGIFactory2 detected 1
04.06.2019 21:14:20.084 [00002a74] --- DirectX DXGI API detected
04.06.2019 21:14:20.100 [00002a74] --- DirectX D3D12 API detected hd3d12=9a880000
04.06.2019 21:14:20.116 [00002a74] --- DirectX D3D12 API detected 1
04.06.2019 21:14:20.116 [00002a74] --- hookOpenGL
04.06.2019 21:14:20.225 [00002a74] --- OpenGL API detected
04.06.2019 21:14:21.615 [00002a74] --- PROCESS DETACH
