05.06.2019 10:55:22.010 [00001cd4] --- Immersive Display PRO v3.0.5
05.06.2019 10:55:22.010 [00001cd4] --- OS 6:2 Microsoft Windows 8 Professional (build 9200), 64-bit 7(0) 8(1) 8.1(0) 10(0)
05.06.2019 10:55:22.010 [00001cd4] --- SCREEN \\.\DISPLAY1
05.06.2019 10:55:22.010 [00001cd4] ------ LogicalDPI=96.000000 Scale=1.000000
05.06.2019 10:55:22.010 [00001cd4] ------ DevicePixelRatio=1.000000
05.06.2019 10:55:22.057 [00001cd4] --- Removed 0 log file(s)
05.06.2019 10:55:22.057 [00001cd4] --- ACL changed for C:\WARP000\
05.06.2019 10:55:22.431 [00001cd4] --- LicAppName=Immersive Display PRO
05.06.2019 10:55:22.431 [00001cd4] --- L1
05.06.2019 10:55:22.872 [00001cd4] --- EK3C62
05.06.2019 10:55:23.825 [00001cd4] --- DM107
05.06.2019 10:55:24.840 [00001cd4] --- LD=20190109 SD=20190101
05.06.2019 10:55:24.840 [00001cd4] --- ###[UzNZOU5YME0yNDg4OTBM]###
05.06.2019 10:55:25.559 [00001cd4] --- Displays 1/2 [20] SGD=2560932 SSC=31904
05.06.2019 10:55:25.559 [00001cd4] --- Shared 31904+5121864 5153768
05.06.2019 10:55:25.559 [00001cd4] ### PageSize=4096
05.06.2019 10:55:25.559 [00001cd4] ### MinimumApplicationAddress=00010000
05.06.2019 10:55:25.559 [00001cd4] ### MaximumApplicationAddress=7ffeffff
05.06.2019 10:55:25.559 [00001cd4] ### AllocationGranularity=65536
05.06.2019 10:55:25.559 [00001cd4] ### Res=28
05.06.2019 10:55:25.559 [00001cd4] ### BaseAddress=07c30000
05.06.2019 10:55:25.559 [00001cd4] ### AllocationBase=07c30000
05.06.2019 10:55:25.559 [00001cd4] ### AllocationProtect=00000004
05.06.2019 10:55:25.559 [00001cd4] ### RegionSize=5156864
05.06.2019 10:55:25.559 [00001cd4] ### State=00001000
05.06.2019 10:55:25.559 [00001cd4] ### Protect=00000004
05.06.2019 10:55:25.559 [00001cd4] ### Type=00040000
05.06.2019 10:55:25.559 [00001cd4] --- Config 07c30000 ZERO(0) 31904 + 5121864
05.06.2019 10:55:25.559 [00001cd4] --- Config 07c30000 ZERO(1)
05.06.2019 10:55:25.559 [00001cd4] --- Config 07c30000 ZERO(2)
05.06.2019 10:55:25.559 [00001cd4] --- R [12]->26
05.06.2019 10:55:25.559 [00001cd4] --- MP 3
05.06.2019 10:55:25.559 [00001cd4] --- Config 07c30000
05.06.2019 10:55:25.559 [00001cd4] --- Config logsFolder=C:\WARP000\logs\
05.06.2019 10:55:25.559 [00001cd4] --- Config imagesFolder=C:\WARP000\images\
05.06.2019 10:55:25.559 [00001cd4] --- Config configsFolder=C:\WARP000\config\
05.06.2019 10:55:25.559 [00001cd4] --- Enumerating displays ...
05.06.2019 10:55:25.559 [00001cd4] --- Device N[\\.\DISPLAY1] S[Radeon RX 580 Series] M[Generic PnP Monitor] F[desktop primary ]
05.06.2019 10:55:25.559 [00001cd4] --- Device N[\\.\DISPLAY2] S[Radeon RX 580 Series] M[] F[]
05.06.2019 10:55:25.559 [00001cd4] --- Device N[\\.\DISPLAY3] S[Radeon RX 580 Series] M[] F[]
05.06.2019 10:55:25.559 [00001cd4] --- Device N[\\.\DISPLAY4] S[Radeon RX 580 Series] M[] F[]
05.06.2019 10:55:25.559 [00001cd4] --- Device N[\\.\DISPLAY5] S[Radeon RX 580 Series] M[] F[]
05.06.2019 10:55:25.559 [00001cd4] --- Device N[\\.\DISPLAY6] S[Radeon RX 580 Series] M[] F[]
05.06.2019 10:55:25.559 [00001cd4] --- Device N[\\.\DISPLAY7] S[Radeon RX 580 Series] M[] F[]
05.06.2019 10:55:25.559 [00001cd4] --- Device N[\\.\DISPLAY8] S[Radeon RX 580 Series] M[] F[]
05.06.2019 10:55:25.559 [00001cd4] --- SM_CMONITORS         = 1
05.06.2019 10:55:25.559 [00001cd4] --- SM_SAMEDISPLAYFORMAT = 1
05.06.2019 10:55:25.559 [00001cd4] --- SM_XVIRTUALSCREEN    = 0
05.06.2019 10:55:25.559 [00001cd4] --- SM_YVIRTUALSCREEN    = 0
05.06.2019 10:55:25.559 [00001cd4] --- SM_CXVIRTUALSCREEN   = 1920
05.06.2019 10:55:25.559 [00001cd4] --- SM_CYVIRTUALSCREEN   = 1200
05.06.2019 10:55:25.559 [00001cd4] --- SM_CXCURSOR          = 32
05.06.2019 10:55:25.590 [00001cd4] --- [\\.\DISPLAY1] [Radeon RX 580 Series] [MONITOR\SECA70B\{4d36e96e-e325-11ce-bfc1-08002be10318}\0016] [Generic PnP Monitor]
05.06.2019 10:55:25.590 [00001cd4] --- Enumerated 1 displays
05.06.2019 10:55:25.590 [00001cd4] --- Displays initialized
05.06.2019 10:55:25.590 [00001cd4] --- Displays[0] M[00010001] HDC[19010bcd] GDC[5f010b69] L=0 T=0 R=1920 B=1200 RECT[0,0 1920x1200] N[\\.\DISPLAY1] M[Generic PnP Monitor] F[1] PROJ[0x0] MAPS[0]
05.06.2019 10:55:25.590 [00001cd4] ---    Grouping G[0] N[0] GD[]
05.06.2019 10:55:25.590 [00001cd4] --- ---
05.06.2019 10:55:25.621 [00001cd4] --- Model:Config file C:\WARP000\config\config.dat does not exist
05.06.2019 10:55:25.621 [00001cd4] --- Model:Config file LCC[1]
05.06.2019 10:55:25.621 [00001cd4] --- Model:Config file CC[2]
05.06.2019 10:55:25.621 [00001cd4] --- Preferences loaded
05.06.2019 10:55:25.621 [00001cd4] ------ startMinimized 0
05.06.2019 10:55:25.621 [00001cd4] ------ showTrayNotifications 0
05.06.2019 10:55:25.621 [00001cd4] ------ autoStartDesktopWarping 1
05.06.2019 10:55:25.621 [00001cd4] ------ autoStartDesktopWarpingDelaySeconds 3
05.06.2019 10:55:25.621 [00001cd4] ------ warpCursor 1
05.06.2019 10:55:25.621 [00001cd4] ------ hideSystemCursor 0
05.06.2019 10:55:25.621 [00001cd4] ------ samplingDesktop 2
05.06.2019 10:55:25.621 [00001cd4] ------ samplingDXGL 2
05.06.2019 10:55:25.621 [00001cd4] ------ useFXAA 0
05.06.2019 10:55:25.621 [00001cd4] ------ useFXAAPresetIndex 0
05.06.2019 10:55:25.621 [00001cd4] ------ updateRateMS 20
05.06.2019 10:55:25.621 [00001cd4] ------ enableVNCControl 0
05.06.2019 10:55:25.621 [00001cd4] ------ vncPort 5900
05.06.2019 10:55:25.621 [00001cd4] ------ vncPassword 1234
05.06.2019 10:55:25.621 [00001cd4] ------ enableTelnet 0
05.06.2019 10:55:25.621 [00001cd4] ------ remoteTelnetPort 6600
05.06.2019 10:55:25.621 [00001cd4] ------ overrideDesktopRotation 0
05.06.2019 10:55:25.621 [00001cd4] ------ forcedDesktopRotation 0
05.06.2019 10:55:25.621 [00001cd4] ------ forcedScissorsRotation 0
05.06.2019 10:55:25.621 [00001cd4] ------ checkForDisplayConfigChange 0
05.06.2019 10:55:25.621 [00001cd4] ------ cropEdges 0
05.06.2019 10:55:25.621 [00001cd4] ------ cropPixels 0
05.06.2019 10:55:25.621 [00001cd4] ------ removeWindowFrame 0
05.06.2019 10:55:25.621 [00001cd4] ------ skipWarpChildWindows 0
05.06.2019 10:55:25.621 [00001cd4] ------ openGLTextureOffset 0
05.06.2019 10:55:25.621 [00001cd4] ------ disable_DX9 0
05.06.2019 10:55:25.621 [00001cd4] ------ disable_DX10 0
05.06.2019 10:55:25.621 [00001cd4] ------ disable_DX11 0
05.06.2019 10:55:25.621 [00001cd4] ------ disable_DX12 0
05.06.2019 10:55:25.621 [00001cd4] ------ disable_OpenGL 0
05.06.2019 10:55:25.621 [00001cd4] ------ disable_Vulkan 1
05.06.2019 10:55:25.621 [00001cd4] ------ forcePreserveBB_DX9 0
05.06.2019 10:55:25.621 [00001cd4] ------ forcePreserveBB_DX10 0
05.06.2019 10:55:25.621 [00001cd4] ------ forcePreserveBB_DX11 0
05.06.2019 10:55:25.621 [00001cd4] ------ forcePreserveBB_DX12 0
05.06.2019 10:55:25.621 [00001cd4] ------ forcePreserveBB_OpenGL 0
05.06.2019 10:55:25.621 [00001cd4] ------ forcePreserveBB_Vulkan 0
05.06.2019 10:55:25.621 [00001cd4] ------ enableDebanding 0
05.06.2019 10:55:25.621 [00001cd4] ------ enableWindowsSessionShutdown 0
05.06.2019 10:55:25.621 [00001cd4] ------ ignoreDWMInFullScreen 1
05.06.2019 10:55:25.621 [00001cd4] --- Excludes loaded 3
05.06.2019 10:55:25.621 [00001cd4] ------ Exclude Path=MQTT_Json_Movie_MOC.exe DX9=1 DX10=1 DX11=1 DX12=1 OGL=1 VULKAN=1 StopDWM7=0
05.06.2019 10:55:25.621 [00001cd4] ------ Exclude Path=chrome.exe DX9=1 DX10=1 DX11=1 DX12=1 OGL=1 VULKAN=1 StopDWM7=0
05.06.2019 10:55:25.621 [00001cd4] ------ Exclude Path=chrome.exe DX9=1 DX10=1 DX11=1 DX12=1 OGL=1 VULKAN=1 StopDWM7=0
05.06.2019 10:55:25.621 [00001cd4] --- Sets configSet=1
05.06.2019 10:55:25.621 [00001cd4] --- Sets configSetFile[1]=C:\WARP000\config\20190509.dat
05.06.2019 10:55:25.621 [00001cd4] --- Sets configSetFile[2]=C:\WARP000\config\config2.dat
05.06.2019 10:55:25.621 [00001cd4] --- Sets configSetFile[3]=C:\WARP000\config\config3.dat
05.06.2019 10:55:25.621 [00001cd4] --- Sets configSetFile[4]=C:\WARP000\config\config4.dat
05.06.2019 10:55:25.621 [00001cd4] --- Sets configSetFile[5]=C:\WARP000\config\config5.dat
05.06.2019 10:55:25.621 [00001cd4] --- Sets configSetFile[6]=C:\WARP000\config\config6.dat
05.06.2019 10:55:25.621 [00001cd4] --- Sets configSetFile[7]=C:\WARP000\config\config7.dat
05.06.2019 10:55:25.621 [00001cd4] --- Sets configSetFile[8]=C:\WARP000\config\config8.dat
05.06.2019 10:55:25.652 [00001cd4] --- Loaded Displays[0] \\.\DISPLAY1 Generic PnP Monitor L=0 T=0 R=3840 B=1200 loadedDisplaysWithPositionAndSize=1
05.06.2019 10:55:25.652 [00001cd4] ??? checkLoadedDisplayConfiguration Loaded Display[0][\\.\DISPLAY1] L=0 T=0 R=3840 B=1200 not in enumerated
05.06.2019 10:55:25.652 [00001cd4] --- Displays loaded
05.06.2019 10:55:25.652 [00001cd4] --- Displays[0] M[00010001] HDC[19010bcd] GDC[5f010b69] L=0 T=0 R=1920 B=1200 RECT[0,0 1920x1200] N[\\.\DISPLAY1] M[Generic PnP Monitor] F[1] PROJ[0x0] MAPS[0]
05.06.2019 10:55:25.652 [00001cd4] ---    Grouping G[0] N[0] GD[]
05.06.2019 10:55:25.652 [00001cd4] --- Model:Config file C:\WARP000\config\20190509.dat loaded
05.06.2019 10:55:25.652 [00001cd4] --- Model:Config file LCC[3]
05.06.2019 10:55:25.652 [00001cd4] --- Model:Config file CC[4]
05.06.2019 10:55:25.652 [00001cd4] --- Sets manager selectSet[1]->1
05.06.2019 10:55:25.668 [00001cd4] --- Schedules STOP
05.06.2019 10:55:25.668 [00001cd4] --- Schedules STOP
05.06.2019 10:55:25.668 [00001cd4] --- Autoruns 0
05.06.2019 10:55:25.668 [00001cd4] $$$ Immersive Display PRO v3.0.5 (01.01.2019)
05.06.2019 10:55:25.668 [00001cd4] $$$ 6:2 Microsoft Windows 8 Professional (build 9200), 64-bit 7(0) 8(1) 8.1(0) 10(0)
05.06.2019 10:55:25.887 [00001cd4] $$$ P64[00001dd0] [git.exe][C:\Users\own\scoop\shims\git.exe] started
05.06.2019 10:55:26.215 [00001cd4] $$$ P64[00001e08] [git.exe][C:\Users\own\scoop\apps\git\current\cmd\git.exe] started
05.06.2019 10:55:26.668 [00001cd4] $$$ P64[00001e28] [git.exe][C:\Users\own\scoop\apps\git\2.21.0.windows.1\mingw64\bin\git.exe] started
05.06.2019 10:55:28.823 [00001cd4] $$$ P64[00001e5c] [git.exe][C:\Users\own\scoop\apps\git\2.21.0.windows.1\mingw64\libexec\git-core\git.exe] started
05.06.2019 10:55:28.839 [00001cd4] $$$ P64[000001f8] [dwm.exe][C:\WINDOWS\system32\dwm.exe] started
05.06.2019 10:55:28.839 [00001cd4] $$$ P32[00001b6c] [TeamViewer.exe][C:\Program Files (x86)\TeamViewer\TeamViewer.exe] started
05.06.2019 10:55:29.387 [00001cd4] $$$ P64[00001ef0] [git.exe][C:\Users\own\scoop\apps\git\2.21.0.windows.1\mingw64\libexec\git-core\git.exe] started
05.06.2019 10:55:29.907 [00001cd4] $$$ P64[00001f7c] [git-remote-https.exe][C:\Users\own\scoop\apps\git\2.21.0.windows.1\mingw64\libexec\git-core\git-remote-https.exe] started
05.06.2019 10:55:31.009 [00001cd4] $$$ P64[00000fe4] [git.exe][C:\Users\own\scoop\apps\git\2.21.0.windows.1\mingw64\libexec\git-core\git.exe] started
05.06.2019 10:55:31.509 [00001cd4] $$$ P64[00001dfc] [git.exe][C:\Users\own\scoop\apps\git\2.21.0.windows.1\mingw64\libexec\git-core\git.exe] started
05.06.2019 10:55:32.150 [00001cd4] $$$ P64[00001ed0] [git.exe][C:\Users\own\scoop\apps\git\2.21.0.windows.1\mingw64\libexec\git-core\git.exe] started
05.06.2019 10:55:32.712 [00001cd4] $$$ P64[00001f20] [git.exe][C:\Users\own\scoop\apps\git\2.21.0.windows.1\mingw64\libexec\git-core\git.exe] started
05.06.2019 10:55:33.469 [00001cd4] --- Run all autoruns
05.06.2019 10:55:36.374 [00001cd4] --- onToggleDesktopWarp isDWMAvailable=1
05.06.2019 10:55:36.374 [00001cd4] --- onToggleDesktopWarp TOGGLED
05.06.2019 10:55:44.513 [00001cd4] --- instanceMessageReceived Wake up!
05.06.2019 10:55:45.139 [00001cd4] --- instanceMessageReceived Wake up!
05.06.2019 10:55:54.325 [00001cd4] $$$ P64[00001200] [MCEControl.exe][C:\Program Files (x86)\Kindel Systems\MCE Controller\MCEControl.exe] started
05.06.2019 10:56:00.846 [00001cd4] --- instanceMessageReceived Wake up!
