04.06.2019 21:31:17.535 [00001c4c] ??? OSM handle == NULL error=2
04.06.2019 21:31:17.535 [00001c4c] ^^^ SC trying session1
04.06.2019 21:31:17.535 [00001c4c] ??? OSM handle == NULL error=2
04.06.2019 21:31:17.535 [00001c4c] ^^^ SC trying session2
04.06.2019 21:31:17.535 [00001c4c] ??? OSM handle == NULL error=3
04.06.2019 21:31:17.535 [00001c4c] --- DXGI dll=729d0000
04.06.2019 21:31:17.565 [00001c4c] --- DirectX DXGI API CreateDXGIFactory detected 1
04.06.2019 21:31:17.592 [00001c4c] --- DirectX DXGI API CreateDXGIFactory1 detected 1
04.06.2019 21:31:17.618 [00001c4c] --- DirectX DXGI API CreateDXGIFactory2 detected 1
04.06.2019 21:31:17.618 [00001c4c] --- DirectX DXGI API detected
04.06.2019 21:31:17.619 [00001c4c] --- DirectX D3D12 API detected hd3d12=72860000
04.06.2019 21:31:17.644 [00001c4c] --- DirectX D3D12 API detected 1
04.06.2019 21:31:17.644 [00001c4c] ??? OSM handle == NULL error=2
04.06.2019 21:31:17.644 [00001c4c] ^^^ SC trying session1
04.06.2019 21:31:17.644 [00001c4c] ??? OSM handle == NULL error=2
04.06.2019 21:31:17.644 [00001c4c] ^^^ SC trying session2
04.06.2019 21:31:17.644 [00001c4c] ??? OSM handle == NULL error=3
04.06.2019 21:31:17.645 [00001c4c] ??? OSM handle == NULL error=2
04.06.2019 21:31:17.645 [00001c4c] ^^^ SC trying session1
04.06.2019 21:31:17.645 [00001c4c] ??? OSM handle == NULL error=2
04.06.2019 21:31:17.645 [00001c4c] ^^^ SC trying session2
04.06.2019 21:31:17.645 [00001c4c] ??? OSM handle == NULL error=3
04.06.2019 21:31:18.492 [00001c4c] ??? OSM handle == NULL error=2
04.06.2019 21:31:18.492 [00001c4c] ^^^ SC trying session1
04.06.2019 21:31:18.492 [00001c4c] ??? OSM handle == NULL error=2
04.06.2019 21:31:18.492 [00001c4c] ^^^ SC trying session2
04.06.2019 21:31:18.492 [00001c4c] ??? OSM handle == NULL error=3
04.06.2019 21:31:18.542 [0000211c] ??? OSM handle == NULL error=2
04.06.2019 21:31:18.542 [0000211c] ^^^ SC trying session1
04.06.2019 21:31:18.542 [0000211c] ??? OSM handle == NULL error=2
04.06.2019 21:31:18.542 [0000211c] ^^^ SC trying session2
04.06.2019 21:31:18.542 [0000211c] ??? OSM handle == NULL error=3
04.06.2019 21:31:18.558 [0000211c] ??? OSM handle == NULL error=2
04.06.2019 21:31:18.558 [0000211c] ^^^ SC trying session1
04.06.2019 21:31:18.558 [0000211c] ??? OSM handle == NULL error=2
04.06.2019 21:31:18.558 [0000211c] ^^^ SC trying session2
04.06.2019 21:31:18.558 [0000211c] ??? OSM handle == NULL error=3
--- [37]
04.06.2019 21:32:03.333 [0000211c] --- App --- Immersive Display PRO v3.0.5 (01.01.2019)
04.06.2019 21:32:03.333 [0000211c] --- OS 6:2 Microsoft Windows 8 Professional (build 9200), 64-bit 7(0) 8(1) 8.1(0) 10(0)
04.06.2019 21:32:03.333 [0000211c] --- Process32 C:\Program Files (x86)\TeamViewer\TeamViewer.exe
04.06.2019 21:32:03.333 [0000211c] --- CmdLine ["C:\Program Files (x86)\TeamViewer\TeamViewer.exe"]
04.06.2019 21:32:03.333 [0000211c] --- Enumerating displays ...
04.06.2019 21:32:03.333 [0000211c] --- Device N[\\.\DISPLAY1] S[Radeon RX 580 Series] M[Generic PnP Monitor] F[desktop primary ]
04.06.2019 21:32:03.333 [0000211c] --- Device N[\\.\DISPLAY2] S[Radeon RX 580 Series] M[] F[]
04.06.2019 21:32:03.333 [0000211c] --- Device N[\\.\DISPLAY3] S[Radeon RX 580 Series] M[] F[]
04.06.2019 21:32:03.349 [0000211c] --- Device N[\\.\DISPLAY4] S[Radeon RX 580 Series] M[] F[]
04.06.2019 21:32:03.349 [0000211c] --- Device N[\\.\DISPLAY5] S[Radeon RX 580 Series] M[] F[]
04.06.2019 21:32:03.349 [0000211c] --- Device N[\\.\DISPLAY6] S[Radeon RX 580 Series] M[] F[]
04.06.2019 21:32:03.349 [0000211c] --- Device N[\\.\DISPLAY7] S[Radeon RX 580 Series] M[] F[]
04.06.2019 21:32:03.349 [0000211c] --- Device N[\\.\DISPLAY8] S[Radeon RX 580 Series] M[] F[]
04.06.2019 21:32:03.349 [0000211c] --- SM_CMONITORS         = 1
04.06.2019 21:32:03.349 [0000211c] --- SM_SAMEDISPLAYFORMAT = 1
04.06.2019 21:32:03.349 [0000211c] --- SM_XVIRTUALSCREEN    = 0
04.06.2019 21:32:03.349 [0000211c] --- SM_YVIRTUALSCREEN    = 0
04.06.2019 21:32:03.349 [0000211c] --- SM_CXVIRTUALSCREEN   = 3840
04.06.2019 21:32:03.349 [0000211c] --- SM_CYVIRTUALSCREEN   = 1200
04.06.2019 21:32:03.349 [0000211c] --- SM_CXCURSOR          = 32
04.06.2019 21:32:03.349 [0000211c] ??? No displays enumerated. Retry later
