05.06.2019 10:45:53.614 [00002120] ??? OSM handle == NULL error=2
05.06.2019 10:45:53.614 [00002120] ^^^ SC trying session1
--- [2]
05.06.2019 10:45:53.614 [00002120] --- App --- Immersive Display PRO v3.0.5 (01.01.2019)
05.06.2019 10:45:53.614 [00002120] --- OS 6:2 Microsoft Windows 8 Professional (build 9200), 64-bit 7(0) 8(1) 8.1(0) 10(0)
05.06.2019 10:45:53.614 [00002120] --- Process64 C:\Program Files\Intel\SUR\QUEENCREEK\x64\esrv_svc.exe
05.06.2019 10:45:53.614 [00002120] --- CmdLine ["C:\Program Files\Intel\SUR\QUEENCREEK\x64\esrv_svc.exe" "--run_as_user_process" ]
05.06.2019 10:45:53.614 [00002120] --- Enumerating displays ...
05.06.2019 10:45:53.614 [00002120] --- SM_CMONITORS         = 1
05.06.2019 10:45:53.614 [00002120] --- SM_SAMEDISPLAYFORMAT = 1
05.06.2019 10:45:53.614 [00002120] --- SM_XVIRTUALSCREEN    = 0
05.06.2019 10:45:53.614 [00002120] --- SM_YVIRTUALSCREEN    = 0
05.06.2019 10:45:53.614 [00002120] --- SM_CXVIRTUALSCREEN   = 1024
05.06.2019 10:45:53.614 [00002120] --- SM_CYVIRTUALSCREEN   = 768
05.06.2019 10:45:53.614 [00002120] --- SM_CXCURSOR          = 32
05.06.2019 10:45:53.614 [00002120] ??? No displays enumerated. Retry later
05.06.2019 10:45:53.614 [00002120] --- hookD3D9
05.06.2019 10:45:53.614 [00002120] --- DirectX9 dll=328d0000
05.06.2019 10:45:53.661 [00002120] --- DirectX9 API detected
05.06.2019 10:45:53.661 [00002120] --- DirectX9Ex API detected
05.06.2019 10:45:53.661 [00002120] --- i1: InterfaceProc1
05.06.2019 10:45:53.661 [00002120] --- DXGI dll=61320000
05.06.2019 10:45:53.677 [00002120] --- DirectX DXGI API CreateDXGIFactory detected 1
05.06.2019 10:45:53.708 [00002120] --- DirectX DXGI API CreateDXGIFactory1 detected 1
05.06.2019 10:45:53.724 [00002120] --- DirectX DXGI API CreateDXGIFactory2 detected 1
05.06.2019 10:45:53.724 [00002120] --- DirectX DXGI API detected
05.06.2019 10:45:53.724 [00002120] --- DirectX D3D12 API detected hd3d12=5a9e0000
05.06.2019 10:45:53.739 [00002120] --- DirectX D3D12 API detected 1
05.06.2019 10:45:53.739 [00002120] --- hookOpenGL
05.06.2019 10:45:53.880 [00002120] --- OpenGL API detected
05.06.2019 10:45:53.942 [00002120] --- PROCESS DETACH
