04.06.2019 21:54:36.155 [00001a9c] --- App --- Immersive Display PRO v3.0.5 (01.01.2019)
04.06.2019 21:54:36.155 [00001a9c] --- OS 6:2 Microsoft Windows 8 Professional (build 9200), 64-bit 7(0) 8(1) 8.1(0) 10(0)
04.06.2019 21:54:36.155 [00001a9c] --- Process64 C:\Users\own\scoop\apps\git\2.21.0.windows.1\mingw64\libexec\git-core\git.exe
04.06.2019 21:54:36.155 [00001a9c] --- CmdLine [git rev-list --objects --stdin --not --all --quiet]
04.06.2019 21:54:36.155 [00001a9c] --- Enumerating displays ...
04.06.2019 21:54:36.155 [00001a9c] --- Device N[\\.\DISPLAY1] S[Radeon RX 580 Series] M[Generic PnP Monitor] F[desktop primary ]
04.06.2019 21:54:36.155 [00001a9c] --- Device N[\\.\DISPLAY2] S[Radeon RX 580 Series] M[] F[]
04.06.2019 21:54:36.155 [00001a9c] --- Device N[\\.\DISPLAY3] S[Radeon RX 580 Series] M[] F[]
04.06.2019 21:54:36.155 [00001a9c] --- Device N[\\.\DISPLAY4] S[Radeon RX 580 Series] M[] F[]
04.06.2019 21:54:36.155 [00001a9c] --- Device N[\\.\DISPLAY5] S[Radeon RX 580 Series] M[] F[]
04.06.2019 21:54:36.155 [00001a9c] --- Device N[\\.\DISPLAY6] S[Radeon RX 580 Series] M[] F[]
04.06.2019 21:54:36.155 [00001a9c] --- Device N[\\.\DISPLAY7] S[Radeon RX 580 Series] M[] F[]
04.06.2019 21:54:36.155 [00001a9c] --- Device N[\\.\DISPLAY8] S[Radeon RX 580 Series] M[] F[]
04.06.2019 21:54:36.155 [00001a9c] --- SM_CMONITORS         = 1
04.06.2019 21:54:36.155 [00001a9c] --- SM_SAMEDISPLAYFORMAT = 1
04.06.2019 21:54:36.155 [00001a9c] --- SM_XVIRTUALSCREEN    = 0
04.06.2019 21:54:36.155 [00001a9c] --- SM_YVIRTUALSCREEN    = 0
04.06.2019 21:54:36.155 [00001a9c] --- SM_CXVIRTUALSCREEN   = 3840
04.06.2019 21:54:36.155 [00001a9c] --- SM_CYVIRTUALSCREEN   = 1200
04.06.2019 21:54:36.155 [00001a9c] --- SM_CXCURSOR          = 32
04.06.2019 21:54:36.155 [00001a9c] --- [\\.\DISPLAY1] [Radeon RX 580 Series] [MONITOR\ADVEF2D\{4d36e96e-e325-11ce-bfc1-08002be10318}\0017] [Generic PnP Monitor]
04.06.2019 21:54:36.155 [00001a9c] --- Enumerated 1 displays
04.06.2019 21:54:36.155 [00001a9c] --- Displays initialized
04.06.2019 21:54:36.155 [00001a9c] --- Displays[0] M[00010001] HDC[29010c95] GDC[2b01017d] L=0 T=0 R=3840 B=1200 RECT[0,0 3840x1200] N[\\.\DISPLAY1] M[Generic PnP Monitor] F[1] PROJ[2x1] MAPS[2]
04.06.2019 21:54:36.155 [00001a9c] ---    Grouping G[0] N[0] GD[]
04.06.2019 21:54:36.155 [00001a9c] --- ---
04.06.2019 21:54:36.155 [00001a9c] --- hookD3D9
04.06.2019 21:54:36.155 [00001a9c] --- DirectX9 dll=d6de0000
04.06.2019 21:54:36.202 [00001a9c] --- DirectX9 API detected
04.06.2019 21:54:36.202 [00001a9c] --- DirectX9Ex API detected
04.06.2019 21:54:36.202 [00001a9c] --- i1: InterfaceProc1
04.06.2019 21:54:36.202 [00001a9c] --- interfaceFunc1 [\\.\DISPLAY1] totalMaps=2
04.06.2019 21:54:36.202 [00001a9c] --- DXGI dll=05830000
04.06.2019 21:54:36.234 [00001a9c] --- DirectX DXGI API CreateDXGIFactory detected 1
04.06.2019 21:54:36.249 [00001a9c] --- DirectX DXGI API CreateDXGIFactory1 detected 1
04.06.2019 21:54:36.280 [00001a9c] --- DirectX DXGI API CreateDXGIFactory2 detected 1
04.06.2019 21:54:36.280 [00001a9c] --- DirectX DXGI API detected
04.06.2019 21:54:36.280 [00001a9c] --- DirectX D3D12 API detected hd3d12=ff080000
04.06.2019 21:54:36.296 [00001a9c] --- DirectX D3D12 API detected 1
04.06.2019 21:54:36.296 [00001a9c] --- hookOpenGL
04.06.2019 21:54:36.483 [00001a9c] --- OpenGL API detected
04.06.2019 21:54:36.562 [00001a9c] --- PROCESS DETACH
