04.06.2019 15:33:57.366 [00002078] ??? OSM handle == NULL error=2
04.06.2019 15:33:57.366 [00002078] ^^^ SC trying session1
--- [2]
04.06.2019 15:33:57.366 [00002078] --- App --- Immersive Display PRO v3.0.5 (01.01.2019)
04.06.2019 15:33:57.366 [00002078] --- OS 6:2 Microsoft Windows 8 Professional (build 9200), 64-bit 7(0) 8(1) 8.1(0) 10(0)
04.06.2019 15:33:57.366 [00002078] --- Process32 C:\Program Files (x86)\Intel\Intel(R) Management Engine Components\LMS\LMS.exe
04.06.2019 15:33:57.366 [00002078] --- CmdLine ["C:\Program Files (x86)\Intel\Intel(R) Management Engine Components\LMS\LMS.exe"]
04.06.2019 15:33:57.366 [00002078] --- Enumerating displays ...
04.06.2019 15:33:57.366 [00002078] --- SM_CMONITORS         = 1
04.06.2019 15:33:57.366 [00002078] --- SM_SAMEDISPLAYFORMAT = 1
04.06.2019 15:33:57.366 [00002078] --- SM_XVIRTUALSCREEN    = 0
04.06.2019 15:33:57.366 [00002078] --- SM_YVIRTUALSCREEN    = 0
04.06.2019 15:33:57.366 [00002078] --- SM_CXVIRTUALSCREEN   = 1024
04.06.2019 15:33:57.366 [00002078] --- SM_CYVIRTUALSCREEN   = 768
04.06.2019 15:33:57.366 [00002078] --- SM_CXCURSOR          = 32
04.06.2019 15:33:57.366 [00002078] ??? No displays enumerated. Retry later
04.06.2019 15:33:57.366 [00002078] --- hookD3D9
04.06.2019 15:33:57.368 [00002078] --- DirectX9 dll=70630000
04.06.2019 15:33:57.412 [00002078] --- DirectX9 API detected
04.06.2019 15:33:57.412 [00002078] --- DirectX9Ex API detected
04.06.2019 15:33:57.412 [00002078] --- i1: InterfaceProc1
04.06.2019 15:33:57.412 [00002078] --- DXGI dll=71b80000
04.06.2019 15:33:57.433 [00002078] --- DirectX DXGI API CreateDXGIFactory detected 1
04.06.2019 15:33:57.453 [00002078] --- DirectX DXGI API CreateDXGIFactory1 detected 1
04.06.2019 15:33:57.473 [00002078] --- DirectX DXGI API CreateDXGIFactory2 detected 1
04.06.2019 15:33:57.473 [00002078] --- DirectX DXGI API detected
04.06.2019 15:33:57.474 [00002078] --- DirectX D3D12 API detected hd3d12=026b0000
04.06.2019 15:33:57.494 [00002078] --- DirectX D3D12 API detected 1
04.06.2019 15:33:57.494 [00002078] --- hookOpenGL
04.06.2019 15:33:57.650 [00002078] --- OpenGL API detected
04.06.2019 15:38:32.958 [00002078] --- PROCESS DETACH
