04.06.2019 21:26:55.339 [00002514] ??? OSM handle == NULL error=2
04.06.2019 21:26:55.339 [00002514] ^^^ SC trying session1
--- [2]
04.06.2019 21:26:55.339 [00002514] --- App --- Immersive Display PRO v3.0.5 (01.01.2019)
04.06.2019 21:26:55.339 [00002514] --- OS 6:2 Microsoft Windows 8 Professional (build 9200), 64-bit 7(0) 8(1) 8.1(0) 10(0)
04.06.2019 21:26:55.339 [00002514] --- Process32 C:\Program Files (x86)\Intel\Intel(R) Management Engine Components\DAL\jhi_service.exe
04.06.2019 21:26:55.339 [00002514] --- CmdLine ["C:\Program Files (x86)\Intel\Intel(R) Management Engine Components\DAL\jhi_service.exe"]
04.06.2019 21:26:55.339 [00002514] --- Enumerating displays ...
04.06.2019 21:26:55.339 [00002514] --- SM_CMONITORS         = 1
04.06.2019 21:26:55.339 [00002514] --- SM_SAMEDISPLAYFORMAT = 1
04.06.2019 21:26:55.339 [00002514] --- SM_XVIRTUALSCREEN    = 0
04.06.2019 21:26:55.339 [00002514] --- SM_YVIRTUALSCREEN    = 0
04.06.2019 21:26:55.339 [00002514] --- SM_CXVIRTUALSCREEN   = 1024
04.06.2019 21:26:55.339 [00002514] --- SM_CYVIRTUALSCREEN   = 768
04.06.2019 21:26:55.339 [00002514] --- SM_CXCURSOR          = 32
04.06.2019 21:26:55.339 [00002514] ??? No displays enumerated. Retry later
04.06.2019 21:26:55.339 [00002514] --- hookD3D9
04.06.2019 21:26:55.339 [00002514] --- DirectX9 dll=70df0000
04.06.2019 21:26:55.386 [00002514] --- DirectX9 API detected
04.06.2019 21:26:55.386 [00002514] --- DirectX9Ex API detected
04.06.2019 21:26:55.386 [00002514] --- i1: InterfaceProc1
04.06.2019 21:26:55.386 [00002514] --- DXGI dll=71d00000
04.06.2019 21:26:55.402 [00002514] --- DirectX DXGI API CreateDXGIFactory detected 1
04.06.2019 21:26:55.433 [00002514] --- DirectX DXGI API CreateDXGIFactory1 detected 1
04.06.2019 21:26:55.449 [00002514] --- DirectX DXGI API CreateDXGIFactory2 detected 1
04.06.2019 21:26:55.449 [00002514] --- DirectX DXGI API detected
04.06.2019 21:26:55.449 [00002514] --- DirectX D3D12 API detected hd3d12=71b90000
04.06.2019 21:26:55.480 [00002514] --- DirectX D3D12 API detected 1
04.06.2019 21:26:55.480 [00002514] --- hookOpenGL
04.06.2019 21:26:55.652 [00002514] --- OpenGL API detected
