04.06.2019 21:14:22.959 [00002318] ??? OSM handle == NULL error=2
04.06.2019 21:14:22.959 [00002318] ^^^ SC trying session1
--- [2]
04.06.2019 21:14:22.959 [00002318] --- App --- Immersive Display PRO v3.0.5 (01.01.2019)
04.06.2019 21:14:22.959 [00002318] --- OS 6:2 Microsoft Windows 8 Professional (build 9200), 64-bit 7(0) 8(1) 8.1(0) 10(0)
04.06.2019 21:14:22.959 [00002318] --- Process32 C:\AMD\WU-CCC2\ccc2_install\VC13RTx64\vcredist_x64.exe
04.06.2019 21:14:22.959 [00002318] --- CmdLine ["C:\AMD\WU-CCC2\ccc2_install\VC13RTx64\vcredist_x64.exe" /q /norestart]
04.06.2019 21:14:22.959 [00002318] --- Enumerating displays ...
04.06.2019 21:14:22.959 [00002318] --- SM_CMONITORS         = 1
04.06.2019 21:14:22.959 [00002318] --- SM_SAMEDISPLAYFORMAT = 1
04.06.2019 21:14:22.959 [00002318] --- SM_XVIRTUALSCREEN    = 0
04.06.2019 21:14:22.959 [00002318] --- SM_YVIRTUALSCREEN    = 0
04.06.2019 21:14:22.959 [00002318] --- SM_CXVIRTUALSCREEN   = 1024
04.06.2019 21:14:22.959 [00002318] --- SM_CYVIRTUALSCREEN   = 768
04.06.2019 21:14:22.959 [00002318] --- SM_CXCURSOR          = 32
04.06.2019 21:14:22.959 [00002318] ??? No displays enumerated. Retry later
04.06.2019 21:14:22.959 [00002318] --- hookD3D9
04.06.2019 21:14:22.959 [00002318] --- DirectX9 dll=71460000
04.06.2019 21:14:22.990 [00002318] --- DirectX9 API detected
04.06.2019 21:14:22.990 [00002318] --- DirectX9Ex API detected
04.06.2019 21:14:22.990 [00002318] --- i1: InterfaceProc1
04.06.2019 21:14:22.990 [00002318] --- DXGI dll=724a0000
04.06.2019 21:14:23.006 [00002318] --- DirectX DXGI API CreateDXGIFactory detected 1
04.06.2019 21:14:23.021 [00002318] --- DirectX DXGI API CreateDXGIFactory1 detected 1
04.06.2019 21:14:23.037 [00002318] --- DirectX DXGI API CreateDXGIFactory2 detected 1
04.06.2019 21:14:23.037 [00002318] --- DirectX DXGI API detected
04.06.2019 21:14:23.037 [00002318] --- DirectX D3D12 API detected hd3d12=72330000
04.06.2019 21:14:23.053 [00002318] --- DirectX D3D12 API detected 1
04.06.2019 21:14:23.053 [00002318] --- hookOpenGL
04.06.2019 21:14:23.193 [00002318] --- OpenGL API detected
04.06.2019 21:14:23.896 [00002318] --- PROCESS DETACH
