05.06.2019 11:38:27.232 [00001d18] ??? OSM handle == NULL error=2
05.06.2019 11:38:27.232 [00001d18] ^^^ SC trying session1
--- [2]
05.06.2019 11:38:27.233 [00001d18] --- App --- Immersive Display PRO v3.0.5 (01.01.2019)
05.06.2019 11:38:27.233 [00001d18] --- OS 6:2 Microsoft Windows 8 Professional (build 9200), 64-bit 7(0) 8(1) 8.1(0) 10(0)
05.06.2019 11:38:27.233 [00001d18] --- Process32 C:\WINDOWS\sysWOW64\wbem\wmiprvse.exe
05.06.2019 11:38:27.233 [00001d18] --- CmdLine [C:\WINDOWS\sysWOW64\wbem\wmiprvse.exe -Embedding]
05.06.2019 11:38:27.233 [00001d18] --- Enumerating displays ...
05.06.2019 11:38:27.233 [00001d18] --- SM_CMONITORS         = 1
05.06.2019 11:38:27.233 [00001d18] --- SM_SAMEDISPLAYFORMAT = 1
05.06.2019 11:38:27.233 [00001d18] --- SM_XVIRTUALSCREEN    = 0
05.06.2019 11:38:27.233 [00001d18] --- SM_YVIRTUALSCREEN    = 0
05.06.2019 11:38:27.233 [00001d18] --- SM_CXVIRTUALSCREEN   = 1024
05.06.2019 11:38:27.233 [00001d18] --- SM_CYVIRTUALSCREEN   = 768
05.06.2019 11:38:27.233 [00001d18] --- SM_CXCURSOR          = 32
05.06.2019 11:38:27.233 [00001d18] ??? No displays enumerated. Retry later
05.06.2019 11:38:27.233 [00001d18] --- hookD3D9
05.06.2019 11:38:27.234 [00001d18] --- DirectX9 dll=70ba0000
05.06.2019 11:38:27.272 [00001d18] --- DirectX9 API detected
05.06.2019 11:38:27.272 [00001d18] --- DirectX9Ex API detected
05.06.2019 11:38:27.272 [00001d18] --- i1: InterfaceProc1
05.06.2019 11:38:27.272 [00001d18] --- DXGI dll=71bd0000
05.06.2019 11:38:27.291 [00001d18] --- DirectX DXGI API CreateDXGIFactory detected 1
05.06.2019 11:38:27.310 [00001d18] --- DirectX DXGI API CreateDXGIFactory1 detected 1
05.06.2019 11:38:27.329 [00001d18] --- DirectX DXGI API CreateDXGIFactory2 detected 1
05.06.2019 11:38:27.329 [00001d18] --- DirectX DXGI API detected
05.06.2019 11:38:27.330 [00001d18] --- DirectX D3D12 API detected hd3d12=04130000
05.06.2019 11:38:27.349 [00001d18] --- DirectX D3D12 API detected 1
05.06.2019 11:38:27.349 [00001d18] --- hookOpenGL
05.06.2019 11:38:27.499 [00001d18] --- OpenGL API detected
