04.06.2019 21:37:03.224 [00002074] --- App --- Immersive Display PRO v3.0.5 (01.01.2019)
04.06.2019 21:37:03.224 [00002074] --- OS 6:2 Microsoft Windows 8 Professional (build 9200), 64-bit 7(0) 8(1) 8.1(0) 10(0)
04.06.2019 21:37:03.224 [00002074] --- Process64 C:\Users\own\scoop\apps\git\2.21.0.windows.1\mingw64\libexec\git-core\git.exe
04.06.2019 21:37:03.224 [00002074] --- CmdLine [git gc --auto]
04.06.2019 21:37:03.224 [00002074] --- Enumerating displays ...
04.06.2019 21:37:03.225 [00002074] --- Device N[\\.\DISPLAY1] S[Radeon RX 580 Series] M[Generic PnP Monitor] F[desktop primary ]
04.06.2019 21:37:03.226 [00002074] --- Device N[\\.\DISPLAY2] S[Radeon RX 580 Series] M[] F[]
04.06.2019 21:37:03.226 [00002074] --- Device N[\\.\DISPLAY3] S[Radeon RX 580 Series] M[] F[]
04.06.2019 21:37:03.227 [00002074] --- Device N[\\.\DISPLAY4] S[Radeon RX 580 Series] M[] F[]
04.06.2019 21:37:03.227 [00002074] --- Device N[\\.\DISPLAY5] S[Radeon RX 580 Series] M[] F[]
04.06.2019 21:37:03.228 [00002074] --- Device N[\\.\DISPLAY6] S[Radeon RX 580 Series] M[] F[]
04.06.2019 21:37:03.228 [00002074] --- Device N[\\.\DISPLAY7] S[Radeon RX 580 Series] M[] F[]
04.06.2019 21:37:03.229 [00002074] --- Device N[\\.\DISPLAY8] S[Radeon RX 580 Series] M[] F[]
04.06.2019 21:37:03.229 [00002074] --- SM_CMONITORS         = 1
04.06.2019 21:37:03.229 [00002074] --- SM_SAMEDISPLAYFORMAT = 1
04.06.2019 21:37:03.229 [00002074] --- SM_XVIRTUALSCREEN    = 0
04.06.2019 21:37:03.229 [00002074] --- SM_YVIRTUALSCREEN    = 0
04.06.2019 21:37:03.229 [00002074] --- SM_CXVIRTUALSCREEN   = 3840
04.06.2019 21:37:03.229 [00002074] --- SM_CYVIRTUALSCREEN   = 1200
04.06.2019 21:37:03.229 [00002074] --- SM_CXCURSOR          = 32
04.06.2019 21:37:03.232 [00002074] --- [\\.\DISPLAY1] [Radeon RX 580 Series] [MONITOR\ADVEF2D\{4d36e96e-e325-11ce-bfc1-08002be10318}\0017] [Generic PnP Monitor]
04.06.2019 21:37:03.232 [00002074] --- Enumerated 1 displays
04.06.2019 21:37:03.232 [00002074] --- Displays initialized
04.06.2019 21:37:03.232 [00002074] --- Displays[0] M[00010001] HDC[4d010bf3] GDC[2a01068d] L=0 T=0 R=3840 B=1200 RECT[0,0 3840x1200] N[\\.\DISPLAY1] M[Generic PnP Monitor] F[1] PROJ[2x1] MAPS[2]
04.06.2019 21:37:03.232 [00002074] ---    Grouping G[0] N[0] GD[]
04.06.2019 21:37:03.232 [00002074] --- ---
04.06.2019 21:37:03.232 [00002074] --- hookD3D9
04.06.2019 21:37:03.233 [00002074] --- DirectX9 dll=f0480000
04.06.2019 21:37:03.282 [00002074] --- DirectX9 API detected
04.06.2019 21:37:03.282 [00002074] --- DirectX9Ex API detected
04.06.2019 21:37:03.282 [00002074] --- i1: InterfaceProc1
04.06.2019 21:37:03.282 [00002074] --- interfaceFunc1 [\\.\DISPLAY1] totalMaps=2
04.06.2019 21:37:03.283 [00002074] --- DXGI dll=1eea0000
04.06.2019 21:37:03.308 [00002074] --- DirectX DXGI API CreateDXGIFactory detected 1
04.06.2019 21:37:03.333 [00002074] --- DirectX DXGI API CreateDXGIFactory1 detected 1
04.06.2019 21:37:03.358 [00002074] --- DirectX DXGI API CreateDXGIFactory2 detected 1
04.06.2019 21:37:03.358 [00002074] --- DirectX DXGI API detected
04.06.2019 21:37:03.359 [00002074] --- DirectX D3D12 API detected hd3d12=18670000
04.06.2019 21:37:03.387 [00002074] --- DirectX D3D12 API detected 1
04.06.2019 21:37:03.387 [00002074] --- hookOpenGL
04.06.2019 21:37:03.571 [00002074] --- OpenGL API detected
04.06.2019 21:37:03.624 [00002074] --- PROCESS DETACH
