05.06.2019 10:57:06.455 [000020bc] ??? OSM handle == NULL error=2
05.06.2019 10:57:06.455 [000020bc] ^^^ SC trying session1
--- [2]
05.06.2019 10:57:06.455 [000020bc] --- App --- Immersive Display PRO v3.0.5 (01.01.2019)
05.06.2019 10:57:06.455 [000020bc] --- OS 6:2 Microsoft Windows 8 Professional (build 9200), 64-bit 7(0) 8(1) 8.1(0) 10(0)
05.06.2019 10:57:06.455 [000020bc] --- Process32 C:\Program Files (x86)\Intel\Intel(R) Management Engine Components\DAL\jhi_service.exe
05.06.2019 10:57:06.455 [000020bc] --- CmdLine ["C:\Program Files (x86)\Intel\Intel(R) Management Engine Components\DAL\jhi_service.exe"]
05.06.2019 10:57:06.455 [000020bc] --- Enumerating displays ...
05.06.2019 10:57:06.455 [000020bc] --- SM_CMONITORS         = 1
05.06.2019 10:57:06.455 [000020bc] --- SM_SAMEDISPLAYFORMAT = 1
05.06.2019 10:57:06.455 [000020bc] --- SM_XVIRTUALSCREEN    = 0
05.06.2019 10:57:06.455 [000020bc] --- SM_YVIRTUALSCREEN    = 0
05.06.2019 10:57:06.455 [000020bc] --- SM_CXVIRTUALSCREEN   = 1024
05.06.2019 10:57:06.455 [000020bc] --- SM_CYVIRTUALSCREEN   = 768
05.06.2019 10:57:06.455 [000020bc] --- SM_CXCURSOR          = 32
05.06.2019 10:57:06.455 [000020bc] ??? No displays enumerated. Retry later
05.06.2019 10:57:06.455 [000020bc] --- hookD3D9
05.06.2019 10:57:06.455 [000020bc] --- DirectX9 dll=71410000
05.06.2019 10:57:06.502 [000020bc] --- DirectX9 API detected
05.06.2019 10:57:06.502 [000020bc] --- DirectX9Ex API detected
05.06.2019 10:57:06.502 [000020bc] --- i1: InterfaceProc1
05.06.2019 10:57:06.502 [000020bc] --- DXGI dll=72320000
05.06.2019 10:57:06.517 [000020bc] --- DirectX DXGI API CreateDXGIFactory detected 1
05.06.2019 10:57:06.548 [000020bc] --- DirectX DXGI API CreateDXGIFactory1 detected 1
05.06.2019 10:57:06.564 [000020bc] --- DirectX DXGI API CreateDXGIFactory2 detected 1
05.06.2019 10:57:06.564 [000020bc] --- DirectX DXGI API detected
05.06.2019 10:57:06.564 [000020bc] --- DirectX D3D12 API detected hd3d12=721b0000
05.06.2019 10:57:06.580 [000020bc] --- DirectX D3D12 API detected 1
05.06.2019 10:57:06.580 [000020bc] --- hookOpenGL
05.06.2019 10:57:06.767 [000020bc] --- OpenGL API detected
