04.06.2019 14:01:53.333 [00002128] --- App --- Immersive Display PRO v3.0.5 (01.01.2019)
04.06.2019 14:01:53.333 [00002128] --- OS 6:2 Microsoft Windows 8 Professional (build 9200), 64-bit 7(0) 8(1) 8.1(0) 10(0)
04.06.2019 14:01:53.333 [00002128] --- Process64 C:\boch-wall\UnityCrashHandler64.exe
04.06.2019 14:01:53.333 [00002128] --- CmdLine ["C:\boch-wall\UnityCrashHandler64.exe" --attach 8616 2105630134272]
04.06.2019 14:01:53.333 [00002128] --- Enumerating displays ...
04.06.2019 14:01:53.334 [00002128] --- Device N[\\.\DISPLAY1] S[Radeon RX 580 Series] M[Generic PnP Monitor] F[desktop primary ]
04.06.2019 14:01:53.334 [00002128] --- Device N[\\.\DISPLAY2] S[Radeon RX 580 Series] M[] F[]
04.06.2019 14:01:53.335 [00002128] --- Device N[\\.\DISPLAY3] S[Radeon RX 580 Series] M[] F[]
04.06.2019 14:01:53.335 [00002128] --- Device N[\\.\DISPLAY4] S[Radeon RX 580 Series] M[] F[]
04.06.2019 14:01:53.336 [00002128] --- Device N[\\.\DISPLAY5] S[Radeon RX 580 Series] M[] F[]
04.06.2019 14:01:53.336 [00002128] --- Device N[\\.\DISPLAY6] S[Radeon RX 580 Series] M[] F[]
04.06.2019 14:01:53.337 [00002128] --- Device N[\\.\DISPLAY7] S[Radeon RX 580 Series] M[] F[]
04.06.2019 14:01:53.337 [00002128] --- Device N[\\.\DISPLAY8] S[Radeon RX 580 Series] M[] F[]
04.06.2019 14:01:53.337 [00002128] --- SM_CMONITORS         = 1
04.06.2019 14:01:53.337 [00002128] --- SM_SAMEDISPLAYFORMAT = 1
04.06.2019 14:01:53.337 [00002128] --- SM_XVIRTUALSCREEN    = 0
04.06.2019 14:01:53.337 [00002128] --- SM_YVIRTUALSCREEN    = 0
04.06.2019 14:01:53.337 [00002128] --- SM_CXVIRTUALSCREEN   = 3840
04.06.2019 14:01:53.338 [00002128] --- SM_CYVIRTUALSCREEN   = 1200
04.06.2019 14:01:53.338 [00002128] --- SM_CXCURSOR          = 32
04.06.2019 14:01:53.340 [00002128] --- [\\.\DISPLAY1] [Radeon RX 580 Series] [MONITOR\ADVEF2D\{4d36e96e-e325-11ce-bfc1-08002be10318}\0013] [Generic PnP Monitor]
04.06.2019 14:01:53.340 [00002128] --- Enumerated 1 displays
04.06.2019 14:01:53.340 [00002128] --- Displays initialized
04.06.2019 14:01:53.340 [00002128] --- Displays[0] M[00010001] HDC[32010d66] GDC[bb010897] L=0 T=0 R=3840 B=1200 RECT[0,0 3840x1200] N[\\.\DISPLAY1] M[Generic PnP Monitor] F[1] PROJ[2x1] MAPS[2]
04.06.2019 14:01:53.340 [00002128] ---    Grouping G[0] N[0] GD[]
04.06.2019 14:01:53.340 [00002128] --- ---
04.06.2019 14:01:53.340 [00002128] --- hookD3D9
04.06.2019 14:01:53.341 [00002128] --- DirectX9 dll=56cb0000
04.06.2019 14:01:53.389 [00002128] --- DirectX9 API detected
04.06.2019 14:01:53.389 [00002128] --- DirectX9Ex API detected
04.06.2019 14:01:53.389 [00002128] --- i1: InterfaceProc1
04.06.2019 14:01:53.389 [00002128] --- interfaceFunc1 [\\.\DISPLAY1] totalMaps=2
04.06.2019 14:01:53.390 [00002128] --- DXGI dll=7ce30000
04.06.2019 14:01:53.413 [00002128] --- DirectX DXGI API CreateDXGIFactory detected 1
04.06.2019 14:01:53.436 [00002128] --- DirectX DXGI API CreateDXGIFactory1 detected 1
04.06.2019 14:01:53.459 [00002128] --- DirectX DXGI API CreateDXGIFactory2 detected 1
04.06.2019 14:01:53.459 [00002128] --- DirectX DXGI API detected
04.06.2019 14:01:53.460 [00002128] --- DirectX D3D12 API detected hd3d12=75c40000
04.06.2019 14:01:53.482 [00002128] --- DirectX D3D12 API detected 1
04.06.2019 14:01:53.482 [00002128] --- hookOpenGL
04.06.2019 14:01:53.641 [00002128] --- OpenGL API detected
04.06.2019 14:01:53.907 [00002128] --- PROCESS DETACH
