05.06.2019 06:58:12.565 [00001420] --- App --- Immersive Display PRO v3.0.5 (01.01.2019)
05.06.2019 06:58:12.565 [00001420] --- OS 6:2 Microsoft Windows 8 Professional (build 9200), 64-bit 7(0) 8(1) 8.1(0) 10(0)
05.06.2019 06:58:12.565 [00001420] --- Process64 C:\Program Files\Intel\SUR\QUEENCREEK\x64\esrv.exe
05.06.2019 06:58:12.565 [00001420] --- CmdLine ["C:\Program Files\Intel\SUR\QUEENCREEK\x64\esrv.exe" "--start" "--start_options_handle" "1220"]
05.06.2019 06:58:12.565 [00001420] --- Enumerating displays ...
05.06.2019 06:58:12.566 [00001420] --- Device N[\\.\DISPLAY1] S[Radeon RX 580 Series] M[Generic PnP Monitor] F[desktop primary ]
05.06.2019 06:58:12.567 [00001420] --- Device N[\\.\DISPLAY2] S[Radeon RX 580 Series] M[] F[]
05.06.2019 06:58:12.567 [00001420] --- Device N[\\.\DISPLAY3] S[Radeon RX 580 Series] M[] F[]
05.06.2019 06:58:12.568 [00001420] --- Device N[\\.\DISPLAY4] S[Radeon RX 580 Series] M[] F[]
05.06.2019 06:58:12.568 [00001420] --- Device N[\\.\DISPLAY5] S[Radeon RX 580 Series] M[] F[]
05.06.2019 06:58:12.569 [00001420] --- Device N[\\.\DISPLAY6] S[Radeon RX 580 Series] M[] F[]
05.06.2019 06:58:12.569 [00001420] --- Device N[\\.\DISPLAY7] S[Radeon RX 580 Series] M[] F[]
05.06.2019 06:58:12.570 [00001420] --- Device N[\\.\DISPLAY8] S[Radeon RX 580 Series] M[] F[]
05.06.2019 06:58:12.570 [00001420] --- SM_CMONITORS         = 1
05.06.2019 06:58:12.570 [00001420] --- SM_SAMEDISPLAYFORMAT = 1
05.06.2019 06:58:12.570 [00001420] --- SM_XVIRTUALSCREEN    = 0
05.06.2019 06:58:12.570 [00001420] --- SM_YVIRTUALSCREEN    = 0
05.06.2019 06:58:12.570 [00001420] --- SM_CXVIRTUALSCREEN   = 3840
05.06.2019 06:58:12.570 [00001420] --- SM_CYVIRTUALSCREEN   = 1200
05.06.2019 06:58:12.570 [00001420] --- SM_CXCURSOR          = 32
05.06.2019 06:58:12.572 [00001420] --- [\\.\DISPLAY1] [Radeon RX 580 Series] [MONITOR\ADVEF2D\{4d36e96e-e325-11ce-bfc1-08002be10318}\0017] [Generic PnP Monitor]
05.06.2019 06:58:12.573 [00001420] --- Enumerated 1 displays
05.06.2019 06:58:12.573 [00001420] --- Displays initialized
05.06.2019 06:58:12.573 [00001420] --- Displays[0] M[00010001] HDC[780100f3] GDC[92010c6a] L=0 T=0 R=3840 B=1200 RECT[0,0 3840x1200] N[\\.\DISPLAY1] M[Generic PnP Monitor] F[1] PROJ[2x1] MAPS[2]
05.06.2019 06:58:12.573 [00001420] ---    Grouping G[0] N[0] GD[]
05.06.2019 06:58:12.573 [00001420] --- ---
05.06.2019 06:58:12.573 [00001420] --- hookD3D9
05.06.2019 06:58:12.573 [00001420] --- DirectX9 dll=d6de0000
05.06.2019 06:58:12.611 [00001420] --- DirectX9 API detected
05.06.2019 06:58:12.611 [00001420] --- DirectX9Ex API detected
05.06.2019 06:58:12.611 [00001420] --- i1: InterfaceProc1
05.06.2019 06:58:12.611 [00001420] --- interfaceFunc1 [\\.\DISPLAY1] totalMaps=2
05.06.2019 06:58:12.612 [00001420] --- DXGI dll=05830000
05.06.2019 06:58:12.630 [00001420] --- DirectX DXGI API CreateDXGIFactory detected 1
05.06.2019 06:58:12.649 [00001420] --- DirectX DXGI API CreateDXGIFactory1 detected 1
05.06.2019 06:58:12.667 [00001420] --- DirectX DXGI API CreateDXGIFactory2 detected 1
05.06.2019 06:58:12.667 [00001420] --- DirectX DXGI API detected
05.06.2019 06:58:12.668 [00001420] --- DirectX D3D12 API detected hd3d12=ff080000
05.06.2019 06:58:12.686 [00001420] --- DirectX D3D12 API detected 1
05.06.2019 06:58:12.686 [00001420] --- hookOpenGL
05.06.2019 06:58:12.816 [00001420] --- OpenGL API detected
05.06.2019 06:58:12.984 [00001420] --- PROCESS DETACH
