04.06.2019 14:07:18.967 [0000184c] --- App --- Immersive Display PRO v3.0.5 (01.01.2019)
04.06.2019 14:07:18.967 [0000184c] --- OS 6:2 Microsoft Windows 8 Professional (build 9200), 64-bit 7(0) 8(1) 8.1(0) 10(0)
04.06.2019 14:07:18.967 [0000184c] --- Process32 C:\Users\own\AppData\Local\Temp\is-LADPU.tmp\vcredist_x64_2017.exe
04.06.2019 14:07:18.967 [0000184c] --- CmdLine ["C:\Users\own\AppData\Local\Temp\is-LADPU.tmp\vcredist_x64_2017.exe" /install /quiet /norestart -burn.unelevated BurnPipe.{61A357EE-2B4B-48DD-A356-5CBB8BA87EBE} {F8510016-B778-4017-9B57-58D39D5A8B8E} 7936]
04.06.2019 14:07:18.969 [0000184c] --- Enumerating displays ...
04.06.2019 14:07:18.969 [0000184c] --- Device N[\\.\DISPLAY1] S[Radeon RX 580 Series] M[Generic PnP Monitor] F[desktop primary ]
04.06.2019 14:07:18.970 [0000184c] --- Device N[\\.\DISPLAY2] S[Radeon RX 580 Series] M[] F[]
04.06.2019 14:07:18.970 [0000184c] --- Device N[\\.\DISPLAY3] S[Radeon RX 580 Series] M[] F[]
04.06.2019 14:07:18.971 [0000184c] --- Device N[\\.\DISPLAY4] S[Radeon RX 580 Series] M[] F[]
04.06.2019 14:07:18.971 [0000184c] --- Device N[\\.\DISPLAY5] S[Radeon RX 580 Series] M[] F[]
04.06.2019 14:07:18.972 [0000184c] --- Device N[\\.\DISPLAY6] S[Radeon RX 580 Series] M[] F[]
04.06.2019 14:07:18.972 [0000184c] --- Device N[\\.\DISPLAY7] S[Radeon RX 580 Series] M[] F[]
04.06.2019 14:07:18.973 [0000184c] --- Device N[\\.\DISPLAY8] S[Radeon RX 580 Series] M[] F[]
04.06.2019 14:07:18.973 [0000184c] --- SM_CMONITORS         = 1
04.06.2019 14:07:18.973 [0000184c] --- SM_SAMEDISPLAYFORMAT = 1
04.06.2019 14:07:18.973 [0000184c] --- SM_XVIRTUALSCREEN    = 0
04.06.2019 14:07:18.973 [0000184c] --- SM_YVIRTUALSCREEN    = 0
04.06.2019 14:07:18.973 [0000184c] --- SM_CXVIRTUALSCREEN   = 3840
04.06.2019 14:07:18.973 [0000184c] --- SM_CYVIRTUALSCREEN   = 1200
04.06.2019 14:07:18.973 [0000184c] --- SM_CXCURSOR          = 32
04.06.2019 14:07:18.975 [0000184c] --- [\\.\DISPLAY1] [Radeon RX 580 Series] [MONITOR\ADVEF2D\{4d36e96e-e325-11ce-bfc1-08002be10318}\0013] [Generic PnP Monitor]
04.06.2019 14:07:18.975 [0000184c] --- Enumerated 1 displays
04.06.2019 14:07:18.975 [0000184c] --- Displays initialized
04.06.2019 14:07:18.975 [0000184c] --- Displays[0] M[00010001] HDC[dd011203] GDC[ef0106af] L=0 T=0 R=3840 B=1200 RECT[0,0 3840x1200] N[\\.\DISPLAY1] M[Generic PnP Monitor] F[1] PROJ[2x1] MAPS[2]
04.06.2019 14:07:18.975 [0000184c] ---    Grouping G[0] N[0] GD[]
04.06.2019 14:07:18.975 [0000184c] --- ---
04.06.2019 14:07:18.975 [0000184c] --- hookD3D9
04.06.2019 14:07:18.976 [0000184c] --- DirectX9 dll=710b0000
04.06.2019 14:07:19.005 [0000184c] --- DirectX9 API detected
04.06.2019 14:07:19.005 [0000184c] --- DirectX9Ex API detected
04.06.2019 14:07:19.005 [0000184c] --- i1: InterfaceProc1
04.06.2019 14:07:19.005 [0000184c] --- interfaceFunc1 [\\.\DISPLAY1] totalMaps=2
04.06.2019 14:07:19.006 [0000184c] --- DXGI dll=727a0000
04.06.2019 14:07:19.021 [0000184c] --- DirectX DXGI API CreateDXGIFactory detected 1
04.06.2019 14:07:19.035 [0000184c] --- DirectX DXGI API CreateDXGIFactory1 detected 1
04.06.2019 14:07:19.049 [0000184c] --- DirectX DXGI API CreateDXGIFactory2 detected 1
04.06.2019 14:07:19.049 [0000184c] --- DirectX DXGI API detected
04.06.2019 14:07:19.050 [0000184c] --- DirectX D3D12 API detected hd3d12=72630000
04.06.2019 14:07:19.064 [0000184c] --- DirectX D3D12 API detected 1
04.06.2019 14:07:19.064 [0000184c] --- hookOpenGL
04.06.2019 14:07:19.180 [0000184c] --- OpenGL API detected
04.06.2019 14:07:19.605 [0000184c] --- PROCESS DETACH
