05.06.2019 11:15:52.627 [00000b90] --- App --- Immersive Display PRO v3.0.5 (01.01.2019)
05.06.2019 11:15:52.627 [00000b90] --- OS 6:2 Microsoft Windows 8 Professional (build 9200), 64-bit 7(0) 8(1) 8.1(0) 10(0)
05.06.2019 11:15:52.627 [00000b90] --- Process64 C:\WINDOWS\system32\dwm.exe
05.06.2019 11:15:52.627 [00000b90] --- CmdLine ["dwm.exe"]
05.06.2019 11:15:52.627 [00000b90] --- Enumerating displays ...
05.06.2019 11:15:52.643 [00000b90] --- Device N[\\.\DISPLAY1] S[Radeon RX 580 Series] M[Generic PnP Monitor] F[desktop primary ]
05.06.2019 11:15:52.643 [00000b90] --- Device N[\\.\DISPLAY2] S[Radeon RX 580 Series] M[] F[]
05.06.2019 11:15:52.643 [00000b90] --- Device N[\\.\DISPLAY3] S[Radeon RX 580 Series] M[] F[]
05.06.2019 11:15:52.643 [00000b90] --- Device N[\\.\DISPLAY4] S[Radeon RX 580 Series] M[] F[]
05.06.2019 11:15:52.643 [00000b90] --- Device N[\\.\DISPLAY5] S[Radeon RX 580 Series] M[] F[]
05.06.2019 11:15:52.643 [00000b90] --- Device N[\\.\DISPLAY6] S[Radeon RX 580 Series] M[] F[]
05.06.2019 11:15:52.643 [00000b90] --- Device N[\\.\DISPLAY7] S[Radeon RX 580 Series] M[] F[]
05.06.2019 11:15:52.643 [00000b90] --- Device N[\\.\DISPLAY8] S[Radeon RX 580 Series] M[] F[]
05.06.2019 11:15:52.643 [00000b90] --- SM_CMONITORS         = 1
05.06.2019 11:15:52.643 [00000b90] --- SM_SAMEDISPLAYFORMAT = 1
05.06.2019 11:15:52.643 [00000b90] --- SM_XVIRTUALSCREEN    = 0
05.06.2019 11:15:52.643 [00000b90] --- SM_YVIRTUALSCREEN    = 0
05.06.2019 11:15:52.643 [00000b90] --- SM_CXVIRTUALSCREEN   = 3840
05.06.2019 11:15:52.643 [00000b90] --- SM_CYVIRTUALSCREEN   = 1200
05.06.2019 11:15:52.643 [00000b90] --- SM_CXCURSOR          = 32
05.06.2019 11:15:52.643 [00000b90] --- [\\.\DISPLAY1] [Radeon RX 580 Series] [MONITOR\ADVEF2D\{4d36e96e-e325-11ce-bfc1-08002be10318}\0017] [Generic PnP Monitor]
05.06.2019 11:15:52.643 [00000b90] --- Enumerated 1 displays
05.06.2019 11:15:52.643 [00000b90] --- Displays initialized
05.06.2019 11:15:52.643 [00000b90] --- Displays[0] M[00010001] HDC[1b010c8e] GDC[2b0106f8] L=0 T=0 R=3840 B=1200 RECT[0,0 3840x1200] N[\\.\DISPLAY1] M[Generic PnP Monitor] F[1] PROJ[2x1] MAPS[2]
05.06.2019 11:15:52.643 [00000b90] ---    Grouping G[0] N[0] GD[]
05.06.2019 11:15:52.643 [00000b90] --- ---
05.06.2019 11:15:52.643 [00000b90] --- hookD3D9
05.06.2019 11:15:52.643 [00000b90] --- DirectX9 dll=feaf0000
05.06.2019 11:15:52.690 [00000b90] --- DirectX9 API detected
05.06.2019 11:15:52.690 [00000b90] --- DirectX9Ex API detected
05.06.2019 11:15:52.690 [00000b90] --- i1: InterfaceProc1
05.06.2019 11:15:52.690 [00000b90] --- interfaceFunc1 [\\.\DISPLAY1] totalMaps=2
05.06.2019 11:15:52.690 [00000b90] --- DXGI dll=2d520000
05.06.2019 11:15:52.721 [00000b90] --- DirectX DXGI API CreateDXGIFactory detected 1
05.06.2019 11:15:52.737 [00000b90] --- DirectX DXGI API CreateDXGIFactory1 detected 1
05.06.2019 11:15:52.768 [00000b90] --- DirectX DXGI API CreateDXGIFactory2 detected 1
05.06.2019 11:15:52.768 [00000b90] --- DirectX DXGI API detected
05.06.2019 11:15:52.799 [00000b90] --- DirectX D3D11 API detected 1
05.06.2019 11:15:52.799 [00000b90] --- DirectX D3D12 API detected hd3d12=26cf0000
05.06.2019 11:15:52.830 [00000b90] --- DirectX D3D12 API detected 1
05.06.2019 11:15:52.830 [00000b90] --- hookOpenGL
05.06.2019 11:15:53.002 [00000b90] --- OpenGL API detected
05.06.2019 11:15:53.127 [00002130] --- D3D11CreateDevice ADAPTER NULL
05.06.2019 11:15:53.143 [00002138] --- D3D11CreateDevice ADAPTER Description=Radeon RX 580 Series
05.06.2019 11:15:53.143 [00002138] --- Device FeatureLevels[0]=0000a100
05.06.2019 11:15:53.143 [00002130] --- Device FeatureLevel -> 0000b000
05.06.2019 11:15:53.143 [00002138] --- D3D11CreateDevice ADAPTER Description=Radeon RX 580 Series
05.06.2019 11:15:53.143 [00002138] --- Device FeatureLevels[0]=0000c100
05.06.2019 11:15:53.143 [00002138] --- Device FeatureLevels[1]=0000c000
05.06.2019 11:15:53.143 [00002138] --- Device FeatureLevels[2]=0000b100
05.06.2019 11:15:53.143 [00002138] --- Device FeatureLevels[3]=0000b000
05.06.2019 11:15:53.143 [00002138] --- Device FeatureLevels[4]=0000a100
05.06.2019 11:15:53.143 [00002138] --- Device FeatureLevels[5]=0000a000
05.06.2019 11:15:53.143 [00002138] --- Device FeatureLevels[6]=00009300
05.06.2019 11:15:53.143 [00002138] --- Device FeatureLevels[7]=00009200
05.06.2019 11:15:53.143 [00002138] --- Device FeatureLevels[8]=00009100
05.06.2019 11:15:53.158 [00002138] --- Device FeatureLevel -> 0000c000
05.06.2019 11:15:53.330 [00002138] --- Win10SC_[01] Created
05.06.2019 11:15:53.330 [00002138] --- shim Winmm hLib=2c930000
05.06.2019 11:15:53.330 [00002138] --- shim Winmm 2c936050, 2c935f10, 2c931060, 2c931040
05.06.2019 11:15:53.341 [00002138] --- WarpContext 4db75040 Output=42c80f20 DeviceName=\\.\DISPLAY1 DesktopCoordinates(0,0 3840x1200) AttachedToDesktop=1 Rotation=1 (0)
05.06.2019 11:15:53.341 [00002138] --- WarpContext 4db75040 count 1
05.06.2019 11:15:53.341 [00002138] --- GMOC[4bfe81c8] DONE
05.06.2019 11:15:53.341 [00002138] --- WarpContext[4db75040] Monitor=00010001
05.06.2019 11:15:53.341 [00002138] --- D3DXWrapper trying d3dx11_43.dll
05.06.2019 11:15:53.343 [00002138] --- D3DXWrapper d3dx11_43.dll loaded
05.06.2019 11:15:53.343 [00002138] --- WarpContext[4db75040] D3DCompiler_47.DLL loaded directly
05.06.2019 11:15:53.343 [00002138] --- SCISSORS 1
05.06.2019 11:15:53.343 [00002138] --- ANISOTROPIC 4
05.06.2019 11:15:53.626 [00002138] --- WarpContext 4db75040 T(3840x1200) O(3840x1200) enableRotation=0 rotateDegrees=0
05.06.2019 11:15:53.658 [00002138] --- WarpContext[4db75040] CreateAllWarpingResources S=1 R=85 Warping=1
05.06.2019 11:15:53.659 [00002138] --- Cursor warping SSC=30d248e0
05.06.2019 11:15:53.659 [00002138] ### Cursor clear cache CC[0]
05.06.2019 11:15:53.659 [00002138] ### Present[4db75040] S
05.06.2019 11:15:53.660 [00002138] ### Present[4db75040] uSOPSAS
05.06.2019 11:15:53.660 [00002138] ### Present[4db75040] uSNPSAS
05.06.2019 11:15:53.660 [00002138] ### Present[4db75040] CR
05.06.2019 11:15:53.661 [00002138] ### Present[4db75040] OMSRT
05.06.2019 11:15:53.661 [00002138] ### Present[4db75040] uDC
05.06.2019 11:15:53.661 [00002138] ### Present[4db75040] OMSRT
05.06.2019 11:15:53.665 [00002138] ### Present[4db75040] uRBT
05.06.2019 11:15:53.665 [00002138] ### Present[4db75040] OMSRT
05.06.2019 11:15:53.665 [00002138] ### Present[4db75040] uDG
05.06.2019 11:15:53.665 [00002138] ### Present[4db75040] uROPSAS
05.06.2019 11:15:53.665 [00002138] ### Present[4db75040] E
05.06.2019 11:27:00.820 [00002108] --- Restarting DWM
05.06.2019 11:27:01.021 [00002108] --- Exiting DWM
05.06.2019 11:27:01.073 [00002108] --- PROCESS DETACH
