04.06.2019 21:14:26.364 [00001678] ??? OSM handle == NULL error=2
04.06.2019 21:14:26.364 [00001678] ^^^ SC trying session1
--- [2]
04.06.2019 21:14:26.364 [00001678] --- App --- Immersive Display PRO v3.0.5 (01.01.2019)
04.06.2019 21:14:26.364 [00001678] --- OS 6:2 Microsoft Windows 8 Professional (build 9200), 64-bit 7(0) 8(1) 8.1(0) 10(0)
04.06.2019 21:14:26.364 [00001678] --- Process32 C:\Windows\syswow64\MsiExec.exe
04.06.2019 21:14:26.364 [00001678] --- CmdLine [C:\Windows\syswow64\MsiExec.exe -Embedding 179F095D5BAA7D95D310654EC901E967 E Global\MSI0000]
04.06.2019 21:14:26.364 [00001678] --- Enumerating displays ...
04.06.2019 21:14:26.364 [00001678] --- SM_CMONITORS         = 1
04.06.2019 21:14:26.364 [00001678] --- SM_SAMEDISPLAYFORMAT = 1
04.06.2019 21:14:26.364 [00001678] --- SM_XVIRTUALSCREEN    = 0
04.06.2019 21:14:26.364 [00001678] --- SM_YVIRTUALSCREEN    = 0
04.06.2019 21:14:26.364 [00001678] --- SM_CXVIRTUALSCREEN   = 1024
04.06.2019 21:14:26.364 [00001678] --- SM_CYVIRTUALSCREEN   = 768
04.06.2019 21:14:26.364 [00001678] --- SM_CXCURSOR          = 32
04.06.2019 21:14:26.364 [00001678] ??? No displays enumerated. Retry later
04.06.2019 21:14:26.364 [00001678] --- hookD3D9
04.06.2019 21:14:26.364 [00001678] --- DirectX9 dll=71460000
04.06.2019 21:14:26.395 [00001678] --- DirectX9 API detected
04.06.2019 21:14:26.395 [00001678] --- DirectX9Ex API detected
04.06.2019 21:14:26.395 [00001678] --- i1: InterfaceProc1
04.06.2019 21:14:26.395 [00001678] --- DXGI dll=724a0000
04.06.2019 21:14:26.411 [00001678] --- DirectX DXGI API CreateDXGIFactory detected 1
04.06.2019 21:14:26.426 [00001678] --- DirectX DXGI API CreateDXGIFactory1 detected 1
04.06.2019 21:14:26.442 [00001678] --- DirectX DXGI API CreateDXGIFactory2 detected 1
04.06.2019 21:14:26.442 [00001678] --- DirectX DXGI API detected
04.06.2019 21:14:26.442 [00001678] --- DirectX D3D12 API detected hd3d12=72330000
04.06.2019 21:14:26.473 [00001678] --- DirectX D3D12 API detected 1
04.06.2019 21:14:26.473 [00001678] --- hookOpenGL
04.06.2019 21:14:26.598 [00001678] --- OpenGL API detected
04.06.2019 21:14:27.395 [00001678] --- PROCESS DETACH
