05.06.2019 11:50:56.383 [0000229c] --- App --- Immersive Display PRO v3.0.5 (01.01.2019)
05.06.2019 11:50:56.383 [0000229c] --- OS 6:2 Microsoft Windows 8 Professional (build 9200), 64-bit 7(0) 8(1) 8.1(0) 10(0)
05.06.2019 11:50:56.383 [0000229c] --- Process64 C:\Program Files (x86)\Google\Chrome\Application\chrome.exe
05.06.2019 11:50:56.383 [0000229c] --- CmdLine ["C:\Program Files (x86)\Google\Chrome\Application\chrome.exe" --type=utility --field-trial-handle=1840,13492023934465985150,18061937111417694550,131072 --lang=zh-TW --service-sandbox-type=network --service-request-channel-token=9135955311739303193 --mojo-pla?]
05.06.2019 11:50:56.383 [0000229c] --- Enumerating displays ...
05.06.2019 11:50:56.384 [0000229c] --- Device N[\\.\DISPLAY1] S[Radeon RX 580 Series] M[Generic PnP Monitor] F[desktop primary ]
05.06.2019 11:50:56.385 [0000229c] --- Device N[\\.\DISPLAY2] S[Radeon RX 580 Series] M[] F[]
05.06.2019 11:50:56.385 [0000229c] --- Device N[\\.\DISPLAY3] S[Radeon RX 580 Series] M[] F[]
05.06.2019 11:50:56.386 [0000229c] --- Device N[\\.\DISPLAY4] S[Radeon RX 580 Series] M[] F[]
05.06.2019 11:50:56.387 [0000229c] --- Device N[\\.\DISPLAY5] S[Radeon RX 580 Series] M[] F[]
05.06.2019 11:50:56.388 [0000229c] --- Device N[\\.\DISPLAY6] S[Radeon RX 580 Series] M[] F[]
05.06.2019 11:50:56.389 [0000229c] --- Device N[\\.\DISPLAY7] S[Radeon RX 580 Series] M[] F[]
05.06.2019 11:50:56.390 [0000229c] --- Device N[\\.\DISPLAY8] S[Radeon RX 580 Series] M[] F[]
05.06.2019 11:50:56.390 [0000229c] --- SM_CMONITORS         = 1
05.06.2019 11:50:56.390 [0000229c] --- SM_SAMEDISPLAYFORMAT = 1
05.06.2019 11:50:56.390 [0000229c] --- SM_XVIRTUALSCREEN    = 0
05.06.2019 11:50:56.390 [0000229c] --- SM_YVIRTUALSCREEN    = 0
05.06.2019 11:50:56.390 [0000229c] --- SM_CXVIRTUALSCREEN   = 3840
05.06.2019 11:50:56.390 [0000229c] --- SM_CYVIRTUALSCREEN   = 1200
05.06.2019 11:50:56.390 [0000229c] --- SM_CXCURSOR          = 32
05.06.2019 11:50:56.393 [0000229c] --- [\\.\DISPLAY1] [Radeon RX 580 Series] [MONITOR\ADVEF2D\{4d36e96e-e325-11ce-bfc1-08002be10318}\0017] [Generic PnP Monitor]
05.06.2019 11:50:56.394 [0000229c] --- Enumerated 1 displays
05.06.2019 11:50:56.394 [0000229c] --- Displays initialized
05.06.2019 11:50:56.394 [0000229c] --- Displays[0] M[00010001] HDC[23010d7a] GDC[0e010de0] L=0 T=0 R=3840 B=1200 RECT[0,0 3840x1200] N[\\.\DISPLAY1] M[Generic PnP Monitor] F[1] PROJ[2x1] MAPS[2]
05.06.2019 11:50:56.394 [0000229c] ---    Grouping G[0] N[0] GD[]
05.06.2019 11:50:56.394 [0000229c] --- ---
05.06.2019 11:50:56.394 [0000229c] --- i1:Executable chrome.exe is excluded DX9
05.06.2019 11:50:56.395 [0000229c] --- DXGI dll=95b60000
05.06.2019 11:50:56.433 [0000229c] --- DirectX DXGI API CreateDXGIFactory detected 1
05.06.2019 11:50:56.473 [0000229c] --- DirectX DXGI API CreateDXGIFactory1 detected 1
05.06.2019 11:50:56.508 [0000229c] --- DirectX DXGI API CreateDXGIFactory2 detected 1
05.06.2019 11:50:56.508 [0000229c] --- DirectX DXGI API detected
05.06.2019 11:50:56.509 [0000229c] --- DirectX D3D12 API detected hd3d12=8f360000
05.06.2019 11:50:56.538 [0000229c] --- DirectX D3D12 API detected 1
05.06.2019 11:50:56.538 [0000229c] --- i2: InterfaceProc1
05.06.2019 11:50:56.538 [0000229c] --- interfaceFunc1 [\\.\DISPLAY1] totalMaps=2
05.06.2019 11:50:56.538 [0000229c] --- i3:Executable chrome.exe is excluded OGL
05.06.2019 11:54:08.542 [0000229c] --- PROCESS DETACH
