04.06.2019 20:09:27.944 [000026b8] --- App --- Immersive Display PRO v3.0.5 (01.01.2019)
04.06.2019 20:09:27.944 [000026b8] --- OS 6:2 Microsoft Windows 8 Professional (build 9200), 64-bit 7(0) 8(1) 8.1(0) 10(0)
04.06.2019 20:09:27.944 [000026b8] --- Process64 C:\Program Files (x86)\Google\Chrome\Application\chrome.exe
04.06.2019 20:09:27.944 [000026b8] --- CmdLine ["C:\Program Files (x86)\Google\Chrome\Application\chrome.exe" --type=utility --field-trial-handle=1780,5816592158306229570,558264276708382304,131072 --lang=zh-TW --service-sandbox-type=network --service-request-channel-token=5333606656021993952 --mojo-platfo?]
04.06.2019 20:09:27.944 [000026b8] --- Enumerating displays ...
04.06.2019 20:09:27.945 [000026b8] --- Device N[\\.\DISPLAY1] S[Radeon RX 580 Series] M[Generic PnP Monitor] F[desktop primary ]
04.06.2019 20:09:27.946 [000026b8] --- Device N[\\.\DISPLAY2] S[Radeon RX 580 Series] M[] F[]
04.06.2019 20:09:27.947 [000026b8] --- Device N[\\.\DISPLAY3] S[Radeon RX 580 Series] M[] F[]
04.06.2019 20:09:27.948 [000026b8] --- Device N[\\.\DISPLAY4] S[Radeon RX 580 Series] M[] F[]
04.06.2019 20:09:27.948 [000026b8] --- Device N[\\.\DISPLAY5] S[Radeon RX 580 Series] M[] F[]
04.06.2019 20:09:27.949 [000026b8] --- Device N[\\.\DISPLAY6] S[Radeon RX 580 Series] M[] F[]
04.06.2019 20:09:27.950 [000026b8] --- Device N[\\.\DISPLAY7] S[Radeon RX 580 Series] M[] F[]
04.06.2019 20:09:27.950 [000026b8] --- Device N[\\.\DISPLAY8] S[Radeon RX 580 Series] M[] F[]
04.06.2019 20:09:27.950 [000026b8] --- SM_CMONITORS         = 1
04.06.2019 20:09:27.950 [000026b8] --- SM_SAMEDISPLAYFORMAT = 1
04.06.2019 20:09:27.950 [000026b8] --- SM_XVIRTUALSCREEN    = 0
04.06.2019 20:09:27.950 [000026b8] --- SM_YVIRTUALSCREEN    = 0
04.06.2019 20:09:27.950 [000026b8] --- SM_CXVIRTUALSCREEN   = 3840
04.06.2019 20:09:27.950 [000026b8] --- SM_CYVIRTUALSCREEN   = 1200
04.06.2019 20:09:27.950 [000026b8] --- SM_CXCURSOR          = 32
04.06.2019 20:09:27.958 [000026b8] --- [\\.\DISPLAY1] [Radeon RX 580 Series] [MONITOR\ADVEF2D\{4d36e96e-e325-11ce-bfc1-08002be10318}\0013] [Generic PnP Monitor]
04.06.2019 20:09:27.959 [000026b8] --- Enumerated 1 displays
04.06.2019 20:09:27.959 [000026b8] --- Displays initialized
04.06.2019 20:09:27.959 [000026b8] --- Displays[0] M[00010001] HDC[d0011079] GDC[0601105e] L=0 T=0 R=3840 B=1200 RECT[0,0 3840x1200] N[\\.\DISPLAY1] M[Generic PnP Monitor] F[1] PROJ[2x1] MAPS[2]
04.06.2019 20:09:27.959 [000026b8] ---    Grouping G[0] N[0] GD[]
04.06.2019 20:09:27.959 [000026b8] --- ---
04.06.2019 20:09:27.959 [000026b8] --- i1:Executable chrome.exe is excluded DX9
04.06.2019 20:09:27.960 [000026b8] --- DXGI dll=a1720000
04.06.2019 20:09:27.996 [000026b8] --- DirectX DXGI API CreateDXGIFactory detected 1
04.06.2019 20:09:28.028 [000026b8] --- DirectX DXGI API CreateDXGIFactory1 detected 1
04.06.2019 20:09:28.061 [000026b8] --- DirectX DXGI API CreateDXGIFactory2 detected 1
04.06.2019 20:09:28.061 [000026b8] --- DirectX DXGI API detected
04.06.2019 20:09:28.062 [000026b8] --- DirectX D3D12 API detected hd3d12=9a880000
04.06.2019 20:09:28.101 [000026b8] --- DirectX D3D12 API detected 1
04.06.2019 20:09:28.101 [000026b8] --- i2: InterfaceProc1
04.06.2019 20:09:28.101 [000026b8] --- interfaceFunc1 [\\.\DISPLAY1] totalMaps=2
04.06.2019 20:09:28.101 [000026b8] --- i3:Executable chrome.exe is excluded OGL
04.06.2019 20:09:43.330 [000026b8] --- PROCESS DETACH
