04.06.2019 15:33:55.822 [000006e8] ??? OSM handle == NULL error=2
04.06.2019 15:33:55.822 [000006e8] ^^^ SC trying session1
--- [2]
04.06.2019 15:33:55.822 [000006e8] --- App --- Immersive Display PRO v3.0.5 (01.01.2019)
04.06.2019 15:33:55.822 [000006e8] --- OS 6:2 Microsoft Windows 8 Professional (build 9200), 64-bit 7(0) 8(1) 8.1(0) 10(0)
04.06.2019 15:33:55.822 [000006e8] --- Process64 C:\Program Files\AMD\Performance Profile Client\AUEPMaster.exe
04.06.2019 15:33:55.822 [000006e8] --- CmdLine [AUEPMaster.exe]
04.06.2019 15:33:55.822 [000006e8] --- Enumerating displays ...
04.06.2019 15:33:55.823 [000006e8] --- SM_CMONITORS         = 1
04.06.2019 15:33:55.823 [000006e8] --- SM_SAMEDISPLAYFORMAT = 1
04.06.2019 15:33:55.823 [000006e8] --- SM_XVIRTUALSCREEN    = 0
04.06.2019 15:33:55.823 [000006e8] --- SM_YVIRTUALSCREEN    = 0
04.06.2019 15:33:55.823 [000006e8] --- SM_CXVIRTUALSCREEN   = 1024
04.06.2019 15:33:55.823 [000006e8] --- SM_CYVIRTUALSCREEN   = 768
04.06.2019 15:33:55.823 [000006e8] --- SM_CXCURSOR          = 32
04.06.2019 15:33:55.823 [000006e8] ??? No displays enumerated. Retry later
04.06.2019 15:33:55.823 [000006e8] --- hookD3D9
04.06.2019 15:33:55.824 [000006e8] --- DirectX9 dll=04650000
04.06.2019 15:33:55.861 [000006e8] --- DirectX9 API detected
04.06.2019 15:33:55.861 [000006e8] --- DirectX9Ex API detected
04.06.2019 15:33:55.861 [000006e8] --- i1: InterfaceProc1
04.06.2019 15:33:55.861 [000006e8] --- DXGI dll=29740000
04.06.2019 15:33:55.880 [000006e8] --- DirectX DXGI API CreateDXGIFactory detected 1
04.06.2019 15:33:55.899 [000006e8] --- DirectX DXGI API CreateDXGIFactory1 detected 1
04.06.2019 15:33:55.917 [000006e8] --- DirectX DXGI API CreateDXGIFactory2 detected 1
04.06.2019 15:33:55.917 [000006e8] --- DirectX DXGI API detected
04.06.2019 15:33:55.918 [000006e8] --- DirectX D3D12 API detected hd3d12=22dc0000
04.06.2019 15:33:55.937 [000006e8] --- DirectX D3D12 API detected 1
04.06.2019 15:33:55.937 [000006e8] --- hookOpenGL
04.06.2019 15:33:56.067 [000006e8] --- OpenGL API detected
04.06.2019 15:38:32.864 [00001d58] --- PROCESS DETACH
