05.06.2019 11:44:54.445 [000021c0] ??? OSM handle == NULL error=2
05.06.2019 11:44:54.445 [000021c0] ^^^ SC trying session1
--- [2]
05.06.2019 11:44:54.445 [000021c0] --- App --- Immersive Display PRO v3.0.5 (01.01.2019)
05.06.2019 11:44:54.445 [000021c0] --- OS 6:2 Microsoft Windows 8 Professional (build 9200), 64-bit 7(0) 8(1) 8.1(0) 10(0)
05.06.2019 11:44:54.445 [000021c0] --- Process64 C:\Program Files\Intel\SUR\QUEENCREEK\x64\esrv_svc.exe
05.06.2019 11:44:54.445 [000021c0] --- CmdLine ["C:\Program Files\Intel\SUR\QUEENCREEK\x64\esrv_svc.exe" "--run_as_user_process" ]
05.06.2019 11:44:54.446 [000021c0] --- Enumerating displays ...
05.06.2019 11:44:54.446 [000021c0] --- SM_CMONITORS         = 1
05.06.2019 11:44:54.446 [000021c0] --- SM_SAMEDISPLAYFORMAT = 1
05.06.2019 11:44:54.446 [000021c0] --- SM_XVIRTUALSCREEN    = 0
05.06.2019 11:44:54.446 [000021c0] --- SM_YVIRTUALSCREEN    = 0
05.06.2019 11:44:54.446 [000021c0] --- SM_CXVIRTUALSCREEN   = 1024
05.06.2019 11:44:54.446 [000021c0] --- SM_CYVIRTUALSCREEN   = 768
05.06.2019 11:44:54.446 [000021c0] --- SM_CXCURSOR          = 32
05.06.2019 11:44:54.446 [000021c0] ??? No displays enumerated. Retry later
05.06.2019 11:44:54.446 [000021c0] --- hookD3D9
05.06.2019 11:44:54.446 [000021c0] --- DirectX9 dll=670a0000
05.06.2019 11:44:54.483 [000021c0] --- DirectX9 API detected
05.06.2019 11:44:54.483 [000021c0] --- DirectX9Ex API detected
05.06.2019 11:44:54.483 [000021c0] --- i1: InterfaceProc1
05.06.2019 11:44:54.484 [000021c0] --- DXGI dll=95b60000
05.06.2019 11:44:54.502 [000021c0] --- DirectX DXGI API CreateDXGIFactory detected 1
05.06.2019 11:44:54.521 [000021c0] --- DirectX DXGI API CreateDXGIFactory1 detected 1
05.06.2019 11:44:54.539 [000021c0] --- DirectX DXGI API CreateDXGIFactory2 detected 1
05.06.2019 11:44:54.539 [000021c0] --- DirectX DXGI API detected
05.06.2019 11:44:54.539 [000021c0] --- DirectX D3D12 API detected hd3d12=8f360000
05.06.2019 11:44:54.557 [000021c0] --- DirectX D3D12 API detected 1
05.06.2019 11:44:54.557 [000021c0] --- hookOpenGL
05.06.2019 11:44:54.682 [000021c0] --- OpenGL API detected
05.06.2019 11:44:54.736 [000021c0] --- PROCESS DETACH
