04.06.2019 21:14:09.324 [000019c8] ??? OSM handle == NULL error=2
04.06.2019 21:14:09.324 [000019c8] ^^^ SC trying session1
--- [2]
04.06.2019 21:14:09.325 [000019c8] --- App --- Immersive Display PRO v3.0.5 (01.01.2019)
04.06.2019 21:14:09.325 [000019c8] --- OS 6:2 Microsoft Windows 8 Professional (build 9200), 64-bit 7(0) 8(1) 8.1(0) 10(0)
04.06.2019 21:14:09.325 [000019c8] --- Process32 C:\PROGRA~1\AMD\CCC2\Install\CCC2_Install.exe
04.06.2019 21:14:09.325 [000019c8] --- CmdLine ["C:\PROGRA~1\AMD\CCC2\Install\CCC2_Install.exe" /S]
04.06.2019 21:14:09.325 [000019c8] --- Enumerating displays ...
04.06.2019 21:14:09.325 [000019c8] --- SM_CMONITORS         = 1
04.06.2019 21:14:09.325 [000019c8] --- SM_SAMEDISPLAYFORMAT = 1
04.06.2019 21:14:09.325 [000019c8] --- SM_XVIRTUALSCREEN    = 0
04.06.2019 21:14:09.325 [000019c8] --- SM_YVIRTUALSCREEN    = 0
04.06.2019 21:14:09.325 [000019c8] --- SM_CXVIRTUALSCREEN   = 1024
04.06.2019 21:14:09.325 [000019c8] --- SM_CYVIRTUALSCREEN   = 768
04.06.2019 21:14:09.325 [000019c8] --- SM_CXCURSOR          = 32
04.06.2019 21:14:09.325 [000019c8] ??? No displays enumerated. Retry later
04.06.2019 21:14:09.325 [000019c8] --- hookD3D9
04.06.2019 21:14:09.326 [000019c8] --- DirectX9 dll=71460000
04.06.2019 21:14:09.359 [000019c8] --- DirectX9 API detected
04.06.2019 21:14:09.359 [000019c8] --- DirectX9Ex API detected
04.06.2019 21:14:09.359 [000019c8] --- i1: InterfaceProc1
04.06.2019 21:14:09.360 [000019c8] --- DXGI dll=724a0000
04.06.2019 21:14:09.376 [000019c8] --- DirectX DXGI API CreateDXGIFactory detected 1
04.06.2019 21:14:09.393 [000019c8] --- DirectX DXGI API CreateDXGIFactory1 detected 1
04.06.2019 21:14:09.409 [000019c8] --- DirectX DXGI API CreateDXGIFactory2 detected 1
04.06.2019 21:14:09.409 [000019c8] --- DirectX DXGI API detected
04.06.2019 21:14:09.410 [000019c8] --- DirectX D3D12 API detected hd3d12=72330000
04.06.2019 21:14:09.426 [000019c8] --- DirectX D3D12 API detected 1
04.06.2019 21:14:09.426 [000019c8] --- hookOpenGL
04.06.2019 21:14:09.564 [000019c8] --- OpenGL API detected
04.06.2019 21:14:29.674 [000019c8] --- PROCESS DETACH
