05.06.2019 11:56:28.739 [00002bac] --- App --- Immersive Display PRO v3.0.5 (01.01.2019)
05.06.2019 11:56:28.739 [00002bac] --- OS 6:2 Microsoft Windows 8 Professional (build 9200), 64-bit 7(0) 8(1) 8.1(0) 10(0)
05.06.2019 11:56:28.739 [00002bac] --- Process64 C:\Users\own\scoop\shims\git.exe
05.06.2019 11:56:28.739 [00002bac] --- CmdLine [git  add Flyput_Live\Flyput_Boch_Live_Data\localSetting.xml]
05.06.2019 11:56:28.739 [00002bac] --- Enumerating displays ...
05.06.2019 11:56:28.740 [00002bac] --- Device N[\\.\DISPLAY1] S[Radeon RX 580 Series] M[Generic PnP Monitor] F[desktop primary ]
05.06.2019 11:56:28.741 [00002bac] --- Device N[\\.\DISPLAY2] S[Radeon RX 580 Series] M[] F[]
05.06.2019 11:56:28.741 [00002bac] --- Device N[\\.\DISPLAY3] S[Radeon RX 580 Series] M[] F[]
05.06.2019 11:56:28.742 [00002bac] --- Device N[\\.\DISPLAY4] S[Radeon RX 580 Series] M[] F[]
05.06.2019 11:56:28.742 [00002bac] --- Device N[\\.\DISPLAY5] S[Radeon RX 580 Series] M[] F[]
05.06.2019 11:56:28.743 [00002bac] --- Device N[\\.\DISPLAY6] S[Radeon RX 580 Series] M[] F[]
05.06.2019 11:56:28.743 [00002bac] --- Device N[\\.\DISPLAY7] S[Radeon RX 580 Series] M[] F[]
05.06.2019 11:56:28.744 [00002bac] --- Device N[\\.\DISPLAY8] S[Radeon RX 580 Series] M[] F[]
05.06.2019 11:56:28.744 [00002bac] --- SM_CMONITORS         = 1
05.06.2019 11:56:28.744 [00002bac] --- SM_SAMEDISPLAYFORMAT = 1
05.06.2019 11:56:28.744 [00002bac] --- SM_XVIRTUALSCREEN    = 0
05.06.2019 11:56:28.744 [00002bac] --- SM_YVIRTUALSCREEN    = 0
05.06.2019 11:56:28.744 [00002bac] --- SM_CXVIRTUALSCREEN   = 3840
05.06.2019 11:56:28.744 [00002bac] --- SM_CYVIRTUALSCREEN   = 1200
05.06.2019 11:56:28.744 [00002bac] --- SM_CXCURSOR          = 32
05.06.2019 11:56:28.747 [00002bac] --- [\\.\DISPLAY1] [Radeon RX 580 Series] [MONITOR\ADVEF2D\{4d36e96e-e325-11ce-bfc1-08002be10318}\0017] [Generic PnP Monitor]
05.06.2019 11:56:28.747 [00002bac] --- Enumerated 1 displays
05.06.2019 11:56:28.747 [00002bac] --- Displays initialized
05.06.2019 11:56:28.747 [00002bac] --- Displays[0] M[00010001] HDC[89010fb7] GDC[48011234] L=0 T=0 R=3840 B=1200 RECT[0,0 3840x1200] N[\\.\DISPLAY1] M[Generic PnP Monitor] F[1] PROJ[2x1] MAPS[2]
05.06.2019 11:56:28.747 [00002bac] ---    Grouping G[0] N[0] GD[]
05.06.2019 11:56:28.747 [00002bac] --- ---
05.06.2019 11:56:28.747 [00002bac] --- hookD3D9
05.06.2019 11:56:28.748 [00002bac] --- DirectX9 dll=670a0000
05.06.2019 11:56:28.808 [00002bac] --- DirectX9 API detected
05.06.2019 11:56:28.808 [00002bac] --- DirectX9Ex API detected
05.06.2019 11:56:28.808 [00002bac] --- i1: InterfaceProc1
05.06.2019 11:56:28.808 [00002bac] --- interfaceFunc1 [\\.\DISPLAY1] totalMaps=2
05.06.2019 11:56:28.809 [00002bac] --- DXGI dll=95b60000
05.06.2019 11:56:28.836 [00002bac] --- DirectX DXGI API CreateDXGIFactory detected 1
05.06.2019 11:56:28.864 [00002bac] --- DirectX DXGI API CreateDXGIFactory1 detected 1
05.06.2019 11:56:28.892 [00002bac] --- DirectX DXGI API CreateDXGIFactory2 detected 1
05.06.2019 11:56:28.892 [00002bac] --- DirectX DXGI API detected
05.06.2019 11:56:28.892 [00002bac] --- DirectX D3D12 API detected hd3d12=8f360000
05.06.2019 11:56:28.920 [00002bac] --- DirectX D3D12 API detected 1
05.06.2019 11:56:28.920 [00002bac] --- hookOpenGL
05.06.2019 11:56:29.137 [00002bac] --- OpenGL API detected
05.06.2019 11:56:30.302 [00002bac] --- PROCESS DETACH
