04.06.2019 21:35:27.235 [00002130] ??? OSM handle == NULL error=2
04.06.2019 21:35:27.235 [00002130] ^^^ SC trying session1
--- [2]
04.06.2019 21:35:27.235 [00002130] --- App --- Immersive Display PRO v3.0.5 (01.01.2019)
04.06.2019 21:35:27.235 [00002130] --- OS 6:2 Microsoft Windows 8 Professional (build 9200), 64-bit 7(0) 8(1) 8.1(0) 10(0)
04.06.2019 21:35:27.235 [00002130] --- Process32 C:\Program Files (x86)\Intel\Intel(R) Management Engine Components\DAL\jhi_service.exe
04.06.2019 21:35:27.235 [00002130] --- CmdLine ["C:\Program Files (x86)\Intel\Intel(R) Management Engine Components\DAL\jhi_service.exe"]
04.06.2019 21:35:27.235 [00002130] --- Enumerating displays ...
04.06.2019 21:35:27.235 [00002130] --- SM_CMONITORS         = 1
04.06.2019 21:35:27.235 [00002130] --- SM_SAMEDISPLAYFORMAT = 1
04.06.2019 21:35:27.235 [00002130] --- SM_XVIRTUALSCREEN    = 0
04.06.2019 21:35:27.235 [00002130] --- SM_YVIRTUALSCREEN    = 0
04.06.2019 21:35:27.235 [00002130] --- SM_CXVIRTUALSCREEN   = 1024
04.06.2019 21:35:27.235 [00002130] --- SM_CYVIRTUALSCREEN   = 768
04.06.2019 21:35:27.235 [00002130] --- SM_CXCURSOR          = 32
04.06.2019 21:35:27.235 [00002130] ??? No displays enumerated. Retry later
04.06.2019 21:35:27.235 [00002130] --- hookD3D9
04.06.2019 21:35:27.235 [00002130] --- DirectX9 dll=716e0000
04.06.2019 21:35:27.282 [00002130] --- DirectX9 API detected
04.06.2019 21:35:27.282 [00002130] --- DirectX9Ex API detected
04.06.2019 21:35:27.282 [00002130] --- i1: InterfaceProc1
04.06.2019 21:35:27.282 [00002130] --- DXGI dll=725f0000
04.06.2019 21:35:27.298 [00002130] --- DirectX DXGI API CreateDXGIFactory detected 1
04.06.2019 21:35:27.329 [00002130] --- DirectX DXGI API CreateDXGIFactory1 detected 1
04.06.2019 21:35:27.345 [00002130] --- DirectX DXGI API CreateDXGIFactory2 detected 1
04.06.2019 21:35:27.345 [00002130] --- DirectX DXGI API detected
04.06.2019 21:35:27.345 [00002130] --- DirectX D3D12 API detected hd3d12=72480000
04.06.2019 21:35:27.360 [00002130] --- DirectX D3D12 API detected 1
04.06.2019 21:35:27.360 [00002130] --- hookOpenGL
04.06.2019 21:35:27.548 [00002130] --- OpenGL API detected
