04.06.2019 21:14:29.143 [000006f0] ??? OSM handle == NULL error=2
04.06.2019 21:14:29.143 [000006f0] ^^^ SC trying session1
--- [2]
04.06.2019 21:14:29.143 [000006f0] --- App --- Immersive Display PRO v3.0.5 (01.01.2019)
04.06.2019 21:14:29.143 [000006f0] --- OS 6:2 Microsoft Windows 8 Professional (build 9200), 64-bit 7(0) 8(1) 8.1(0) 10(0)
04.06.2019 21:14:29.143 [000006f0] --- Process64 C:\Program Files\AMD\CNext\CNext\installShell64.exe
04.06.2019 21:14:29.143 [000006f0] --- CmdLine ["C:\Program Files\AMD\CNext\CNext\installShell64.exe" -COMREG REG "C:\Program Files\AMD\\CNext\CNext\atiacm64.dll"]
04.06.2019 21:14:29.143 [000006f0] --- Enumerating displays ...
04.06.2019 21:14:29.143 [000006f0] --- SM_CMONITORS         = 1
04.06.2019 21:14:29.143 [000006f0] --- SM_SAMEDISPLAYFORMAT = 1
04.06.2019 21:14:29.143 [000006f0] --- SM_XVIRTUALSCREEN    = 0
04.06.2019 21:14:29.143 [000006f0] --- SM_YVIRTUALSCREEN    = 0
04.06.2019 21:14:29.143 [000006f0] --- SM_CXVIRTUALSCREEN   = 1024
04.06.2019 21:14:29.143 [000006f0] --- SM_CYVIRTUALSCREEN   = 768
04.06.2019 21:14:29.143 [000006f0] --- SM_CXCURSOR          = 32
04.06.2019 21:14:29.143 [000006f0] ??? No displays enumerated. Retry later
04.06.2019 21:14:29.143 [000006f0] --- hookD3D9
04.06.2019 21:14:29.143 [000006f0] --- DirectX9 dll=72ce0000
04.06.2019 21:14:29.174 [000006f0] --- DirectX9 API detected
04.06.2019 21:14:29.174 [000006f0] --- DirectX9Ex API detected
04.06.2019 21:14:29.174 [000006f0] --- i1: InterfaceProc1
04.06.2019 21:14:29.174 [000006f0] --- DXGI dll=a1720000
04.06.2019 21:14:29.190 [000006f0] --- DirectX DXGI API CreateDXGIFactory detected 1
04.06.2019 21:14:29.206 [000006f0] --- DirectX DXGI API CreateDXGIFactory1 detected 1
04.06.2019 21:14:29.237 [000006f0] --- DirectX DXGI API CreateDXGIFactory2 detected 1
04.06.2019 21:14:29.237 [000006f0] --- DirectX DXGI API detected
04.06.2019 21:14:29.237 [000006f0] --- DirectX D3D12 API detected hd3d12=9a880000
04.06.2019 21:14:29.252 [000006f0] --- DirectX D3D12 API detected 1
04.06.2019 21:14:29.252 [000006f0] --- hookOpenGL
04.06.2019 21:14:29.362 [000006f0] --- OpenGL API detected
04.06.2019 21:14:29.455 [000006f0] --- PROCESS DETACH
