05.06.2019 11:13:49.868 [00001db8] --- Immersive Display PRO v3.0.5
05.06.2019 11:13:49.868 [00001db8] --- OS 6:2 Microsoft Windows 8 Professional (build 9200), 64-bit 7(0) 8(1) 8.1(0) 10(0)
05.06.2019 11:13:49.868 [00001db8] --- SCREEN \\.\DISPLAY1
05.06.2019 11:13:49.868 [00001db8] ------ LogicalDPI=96.000000 Scale=1.000000
05.06.2019 11:13:49.868 [00001db8] ------ DevicePixelRatio=1.000000
05.06.2019 11:13:49.931 [00001db8] --- Removed 0 log file(s)
05.06.2019 11:13:49.931 [00001db8] --- ACL changed for C:\WARP000\
05.06.2019 11:13:50.415 [00001db8] --- LicAppName=Immersive Display PRO
05.06.2019 11:13:50.415 [00001db8] --- L1
05.06.2019 11:13:50.868 [00001db8] --- DK3C55
05.06.2019 11:13:51.790 [00001db8] --- DM110
05.06.2019 11:13:52.805 [00001db8] --- LD=20190109 SD=20190101
05.06.2019 11:13:52.805 [00001db8] --- ###[UzNZOU5YME0yNDg4OTBM]###
05.06.2019 11:13:53.524 [00001db8] --- Displays 1/2 [20] SGD=2560932 SSC=31904
05.06.2019 11:13:53.524 [00001db8] --- Shared 31904+5121864 5153768
05.06.2019 11:13:53.524 [00001db8] ### PageSize=4096
05.06.2019 11:13:53.524 [00001db8] ### MinimumApplicationAddress=00010000
05.06.2019 11:13:53.524 [00001db8] ### MaximumApplicationAddress=7ffeffff
05.06.2019 11:13:53.524 [00001db8] ### AllocationGranularity=65536
05.06.2019 11:13:53.524 [00001db8] ### Res=28
05.06.2019 11:13:53.524 [00001db8] ### BaseAddress=07ba0000
05.06.2019 11:13:53.524 [00001db8] ### AllocationBase=07ba0000
05.06.2019 11:13:53.524 [00001db8] ### AllocationProtect=00000004
05.06.2019 11:13:53.524 [00001db8] ### RegionSize=5156864
05.06.2019 11:13:53.524 [00001db8] ### State=00001000
05.06.2019 11:13:53.524 [00001db8] ### Protect=00000004
05.06.2019 11:13:53.524 [00001db8] ### Type=00040000
05.06.2019 11:13:53.524 [00001db8] --- Config 07ba0000 ZERO(0) 31904 + 5121864
05.06.2019 11:13:53.524 [00001db8] --- Config 07ba0000 ZERO(1)
05.06.2019 11:13:53.524 [00001db8] --- Config 07ba0000 ZERO(2)
05.06.2019 11:13:53.524 [00001db8] --- R [12]->45
05.06.2019 11:13:53.524 [00001db8] --- MP 3
05.06.2019 11:13:53.524 [00001db8] --- Config 07ba0000
05.06.2019 11:13:53.524 [00001db8] --- Config logsFolder=C:\WARP000\logs\
05.06.2019 11:13:53.524 [00001db8] --- Config imagesFolder=C:\WARP000\images\
05.06.2019 11:13:53.524 [00001db8] --- Config configsFolder=C:\WARP000\config\
05.06.2019 11:13:53.524 [00001db8] --- Enumerating displays ...
05.06.2019 11:13:53.524 [00001db8] --- Device N[\\.\DISPLAY1] S[Radeon RX 580 Series] M[Generic PnP Monitor] F[desktop primary ]
05.06.2019 11:13:53.524 [00001db8] --- Device N[\\.\DISPLAY2] S[Radeon RX 580 Series] M[] F[]
05.06.2019 11:13:53.524 [00001db8] --- Device N[\\.\DISPLAY3] S[Radeon RX 580 Series] M[] F[]
05.06.2019 11:13:53.524 [00001db8] --- Device N[\\.\DISPLAY4] S[Radeon RX 580 Series] M[] F[]
05.06.2019 11:13:53.524 [00001db8] --- Device N[\\.\DISPLAY5] S[Radeon RX 580 Series] M[] F[]
05.06.2019 11:13:53.524 [00001db8] --- Device N[\\.\DISPLAY6] S[Radeon RX 580 Series] M[] F[]
05.06.2019 11:13:53.524 [00001db8] --- Device N[\\.\DISPLAY7] S[Radeon RX 580 Series] M[] F[]
05.06.2019 11:13:53.524 [00001db8] --- Device N[\\.\DISPLAY8] S[Radeon RX 580 Series] M[] F[]
05.06.2019 11:13:53.524 [00001db8] --- SM_CMONITORS         = 1
05.06.2019 11:13:53.524 [00001db8] --- SM_SAMEDISPLAYFORMAT = 1
05.06.2019 11:13:53.524 [00001db8] --- SM_XVIRTUALSCREEN    = 0
05.06.2019 11:13:53.524 [00001db8] --- SM_YVIRTUALSCREEN    = 0
05.06.2019 11:13:53.524 [00001db8] --- SM_CXVIRTUALSCREEN   = 3840
05.06.2019 11:13:53.524 [00001db8] --- SM_CYVIRTUALSCREEN   = 1200
05.06.2019 11:13:53.524 [00001db8] --- SM_CXCURSOR          = 32
05.06.2019 11:13:53.555 [00001db8] --- [\\.\DISPLAY1] [Radeon RX 580 Series] [MONITOR\ADVEF2D\{4d36e96e-e325-11ce-bfc1-08002be10318}\0017] [Generic PnP Monitor]
05.06.2019 11:13:53.555 [00001db8] --- Enumerated 1 displays
05.06.2019 11:13:53.555 [00001db8] --- Displays initialized
05.06.2019 11:13:53.555 [00001db8] --- Displays[0] M[00010001] HDC[39010bf4] GDC[13010bda] L=0 T=0 R=3840 B=1200 RECT[0,0 3840x1200] N[\\.\DISPLAY1] M[Generic PnP Monitor] F[1] PROJ[0x0] MAPS[0]
05.06.2019 11:13:53.555 [00001db8] ---    Grouping G[0] N[0] GD[]
05.06.2019 11:13:53.555 [00001db8] --- ---
05.06.2019 11:13:53.570 [00001db8] --- Model:Config file C:\WARP000\config\config.dat does not exist
05.06.2019 11:13:53.570 [00001db8] --- Model:Config file LCC[1]
05.06.2019 11:13:53.570 [00001db8] --- Model:Config file CC[2]
05.06.2019 11:13:53.570 [00001db8] --- Preferences loaded
05.06.2019 11:13:53.570 [00001db8] ------ startMinimized 0
05.06.2019 11:13:53.570 [00001db8] ------ showTrayNotifications 0
05.06.2019 11:13:53.570 [00001db8] ------ autoStartDesktopWarping 1
05.06.2019 11:13:53.570 [00001db8] ------ autoStartDesktopWarpingDelaySeconds 3
05.06.2019 11:13:53.570 [00001db8] ------ warpCursor 1
05.06.2019 11:13:53.570 [00001db8] ------ hideSystemCursor 0
05.06.2019 11:13:53.570 [00001db8] ------ samplingDesktop 2
05.06.2019 11:13:53.570 [00001db8] ------ samplingDXGL 2
05.06.2019 11:13:53.570 [00001db8] ------ useFXAA 0
05.06.2019 11:13:53.570 [00001db8] ------ useFXAAPresetIndex 0
05.06.2019 11:13:53.570 [00001db8] ------ updateRateMS 20
05.06.2019 11:13:53.570 [00001db8] ------ enableVNCControl 0
05.06.2019 11:13:53.570 [00001db8] ------ vncPort 5900
05.06.2019 11:13:53.570 [00001db8] ------ vncPassword 1234
05.06.2019 11:13:53.570 [00001db8] ------ enableTelnet 0
05.06.2019 11:13:53.570 [00001db8] ------ remoteTelnetPort 6600
05.06.2019 11:13:53.570 [00001db8] ------ overrideDesktopRotation 0
05.06.2019 11:13:53.570 [00001db8] ------ forcedDesktopRotation 0
05.06.2019 11:13:53.570 [00001db8] ------ forcedScissorsRotation 0
05.06.2019 11:13:53.570 [00001db8] ------ checkForDisplayConfigChange 0
05.06.2019 11:13:53.570 [00001db8] ------ cropEdges 0
05.06.2019 11:13:53.570 [00001db8] ------ cropPixels 0
05.06.2019 11:13:53.570 [00001db8] ------ removeWindowFrame 0
05.06.2019 11:13:53.570 [00001db8] ------ skipWarpChildWindows 0
05.06.2019 11:13:53.570 [00001db8] ------ openGLTextureOffset 0
05.06.2019 11:13:53.570 [00001db8] ------ disable_DX9 0
05.06.2019 11:13:53.570 [00001db8] ------ disable_DX10 0
05.06.2019 11:13:53.570 [00001db8] ------ disable_DX11 0
05.06.2019 11:13:53.570 [00001db8] ------ disable_DX12 0
05.06.2019 11:13:53.570 [00001db8] ------ disable_OpenGL 0
05.06.2019 11:13:53.570 [00001db8] ------ disable_Vulkan 1
05.06.2019 11:13:53.570 [00001db8] ------ forcePreserveBB_DX9 0
05.06.2019 11:13:53.570 [00001db8] ------ forcePreserveBB_DX10 0
05.06.2019 11:13:53.570 [00001db8] ------ forcePreserveBB_DX11 0
05.06.2019 11:13:53.570 [00001db8] ------ forcePreserveBB_DX12 0
05.06.2019 11:13:53.570 [00001db8] ------ forcePreserveBB_OpenGL 0
05.06.2019 11:13:53.570 [00001db8] ------ forcePreserveBB_Vulkan 0
05.06.2019 11:13:53.570 [00001db8] ------ enableDebanding 0
05.06.2019 11:13:53.570 [00001db8] ------ enableWindowsSessionShutdown 0
05.06.2019 11:13:53.570 [00001db8] ------ ignoreDWMInFullScreen 1
05.06.2019 11:13:53.586 [00001db8] --- Excludes loaded 3
05.06.2019 11:13:53.586 [00001db8] ------ Exclude Path=MQTT_Json_Movie_MOC.exe DX9=1 DX10=1 DX11=1 DX12=1 OGL=1 VULKAN=1 StopDWM7=0
05.06.2019 11:13:53.586 [00001db8] ------ Exclude Path=chrome.exe DX9=1 DX10=1 DX11=1 DX12=1 OGL=1 VULKAN=1 StopDWM7=0
05.06.2019 11:13:53.586 [00001db8] ------ Exclude Path=chrome.exe DX9=1 DX10=1 DX11=1 DX12=1 OGL=1 VULKAN=1 StopDWM7=0
05.06.2019 11:13:53.586 [00001db8] --- Sets configSet=1
05.06.2019 11:13:53.586 [00001db8] --- Sets configSetFile[1]=C:\WARP000\config\20190509.dat
05.06.2019 11:13:53.586 [00001db8] --- Sets configSetFile[2]=C:\WARP000\config\config2.dat
05.06.2019 11:13:53.586 [00001db8] --- Sets configSetFile[3]=C:\WARP000\config\config3.dat
05.06.2019 11:13:53.586 [00001db8] --- Sets configSetFile[4]=C:\WARP000\config\config4.dat
05.06.2019 11:13:53.586 [00001db8] --- Sets configSetFile[5]=C:\WARP000\config\config5.dat
05.06.2019 11:13:53.586 [00001db8] --- Sets configSetFile[6]=C:\WARP000\config\config6.dat
05.06.2019 11:13:53.586 [00001db8] --- Sets configSetFile[7]=C:\WARP000\config\config7.dat
05.06.2019 11:13:53.586 [00001db8] --- Sets configSetFile[8]=C:\WARP000\config\config8.dat
05.06.2019 11:13:53.602 [00001db8] --- Loaded Displays[0] \\.\DISPLAY1 Generic PnP Monitor L=0 T=0 R=3840 B=1200 loadedDisplaysWithPositionAndSize=1
05.06.2019 11:13:53.633 [00001db8] --- Displays loaded
05.06.2019 11:13:53.633 [00001db8] --- Displays[0] M[00010001] HDC[39010bf4] GDC[13010bda] L=0 T=0 R=3840 B=1200 RECT[0,0 3840x1200] N[\\.\DISPLAY1] M[Generic PnP Monitor] F[1] PROJ[2x1] MAPS[2]
05.06.2019 11:13:53.633 [00001db8] ---    Grouping G[0] N[0] GD[]
05.06.2019 11:13:53.633 [00001db8] --- Model:Config file C:\WARP000\config\20190509.dat loaded
05.06.2019 11:13:53.633 [00001db8] --- Model:Config file LCC[3]
05.06.2019 11:13:53.633 [00001db8] --- Model:Config file CC[4]
05.06.2019 11:13:53.633 [00001db8] --- Sets manager selectSet[1]->1
05.06.2019 11:13:53.649 [00001db8] --- Schedules STOP
05.06.2019 11:13:53.649 [00001db8] --- Schedules STOP
05.06.2019 11:13:53.649 [00001db8] --- Autoruns 0
05.06.2019 11:13:53.664 [00001db8] $$$ Immersive Display PRO v3.0.5 (01.01.2019)
05.06.2019 11:13:53.664 [00001db8] $$$ 6:2 Microsoft Windows 8 Professional (build 9200), 64-bit 7(0) 8(1) 8.1(0) 10(0)
05.06.2019 11:13:53.897 [00001db8] $$$ P64[00001ec0] [git.exe][C:\Users\own\scoop\shims\git.exe] started
05.06.2019 11:13:53.995 [00001db8] --- Run all autoruns
05.06.2019 11:13:54.292 [00001db8] $$$ P64[00001ef4] [git.exe][C:\Users\own\scoop\apps\git\current\cmd\git.exe] started
05.06.2019 11:13:54.854 [00001db8] $$$ P64[00001f18] [git.exe][C:\Users\own\scoop\apps\git\2.21.0.windows.1\mingw64\bin\git.exe] started
05.06.2019 11:13:55.338 [00001db8] $$$ P64[00001f2c] [git.exe][C:\Users\own\scoop\apps\git\2.21.0.windows.1\mingw64\libexec\git-core\git.exe] started
05.06.2019 11:13:55.775 [00001db8] $$$ P64[00001f58] [git.exe][C:\Users\own\scoop\apps\git\2.21.0.windows.1\mingw64\libexec\git-core\git.exe] started
05.06.2019 11:13:56.291 [00001db8] $$$ P64[00001f6c] [git-remote-https.exe][C:\Users\own\scoop\apps\git\2.21.0.windows.1\mingw64\libexec\git-core\git-remote-https.exe] started
05.06.2019 11:13:56.884 [00001db8] --- onToggleDesktopWarp isDWMAvailable=1
05.06.2019 11:13:56.884 [00001db8] --- onToggleDesktopWarp TOGGLED
05.06.2019 11:13:56.884 [00001db8] $$$ incremented dwmRestartCount=1
05.06.2019 11:13:57.586 [00001db8] $$$ P32[000010f8] [TeamViewer.exe][C:\Program Files (x86)\TeamViewer\TeamViewer.exe] started
05.06.2019 11:13:57.664 [00001db8] $$$ P64[00001850] [git.exe][C:\Users\own\scoop\apps\git\2.21.0.windows.1\mingw64\libexec\git-core\git.exe] started
05.06.2019 11:13:57.695 [00001db8] $$$ P64[00000bd0] [dwm.exe][C:\WINDOWS\system32\dwm.exe] started
05.06.2019 11:13:58.195 [00001db8] $$$ P64[00002080] [git.exe][C:\Users\own\scoop\apps\git\2.21.0.windows.1\mingw64\libexec\git-core\git.exe] started
05.06.2019 11:13:58.841 [00001db8] $$$ P64[000020c4] [git.exe][C:\Users\own\scoop\apps\git\2.21.0.windows.1\mingw64\libexec\git-core\git.exe] started
05.06.2019 11:13:59.419 [00001db8] $$$ P64[00002190] [git.exe][C:\Users\own\scoop\apps\git\2.21.0.windows.1\mingw64\libexec\git-core\git.exe] started
05.06.2019 11:14:12.423 [00001db8] --- instanceMessageReceived Wake up!
05.06.2019 11:14:22.247 [00001db8] $$$ P64[000022a4] [MCEControl.exe][C:\Program Files (x86)\Kindel Systems\MCE Controller\MCEControl.exe] started
05.06.2019 11:14:57.893 [00001db8] !!! onWindowsSessionEnded 0
