05.06.2019 11:15:50.442 [00001f3c] --- App --- Immersive Display PRO v3.0.5 (01.01.2019)
05.06.2019 11:15:50.442 [00001f3c] --- OS 6:2 Microsoft Windows 8 Professional (build 9200), 64-bit 7(0) 8(1) 8.1(0) 10(0)
05.06.2019 11:15:50.442 [00001f3c] --- Process64 C:\Users\own\scoop\apps\git\2.21.0.windows.1\mingw64\libexec\git-core\git.exe
05.06.2019 11:15:50.442 [00001f3c] --- CmdLine [git remote-https origin https://github.com/amoujhang/boch-wall.git]
05.06.2019 11:15:50.442 [00001f3c] --- Enumerating displays ...
05.06.2019 11:15:50.442 [00001f3c] --- Device N[\\.\DISPLAY1] S[Radeon RX 580 Series] M[Generic PnP Monitor] F[desktop primary ]
05.06.2019 11:15:50.442 [00001f3c] --- Device N[\\.\DISPLAY2] S[Radeon RX 580 Series] M[] F[]
05.06.2019 11:15:50.442 [00001f3c] --- Device N[\\.\DISPLAY3] S[Radeon RX 580 Series] M[] F[]
05.06.2019 11:15:50.442 [00001f3c] --- Device N[\\.\DISPLAY4] S[Radeon RX 580 Series] M[] F[]
05.06.2019 11:15:50.442 [00001f3c] --- Device N[\\.\DISPLAY5] S[Radeon RX 580 Series] M[] F[]
05.06.2019 11:15:50.457 [00001f3c] --- Device N[\\.\DISPLAY6] S[Radeon RX 580 Series] M[] F[]
05.06.2019 11:15:50.457 [00001f3c] --- Device N[\\.\DISPLAY7] S[Radeon RX 580 Series] M[] F[]
05.06.2019 11:15:50.457 [00001f3c] --- Device N[\\.\DISPLAY8] S[Radeon RX 580 Series] M[] F[]
05.06.2019 11:15:50.457 [00001f3c] --- SM_CMONITORS         = 1
05.06.2019 11:15:50.457 [00001f3c] --- SM_SAMEDISPLAYFORMAT = 1
05.06.2019 11:15:50.457 [00001f3c] --- SM_XVIRTUALSCREEN    = 0
05.06.2019 11:15:50.457 [00001f3c] --- SM_YVIRTUALSCREEN    = 0
05.06.2019 11:15:50.457 [00001f3c] --- SM_CXVIRTUALSCREEN   = 3840
05.06.2019 11:15:50.457 [00001f3c] --- SM_CYVIRTUALSCREEN   = 1200
05.06.2019 11:15:50.457 [00001f3c] --- SM_CXCURSOR          = 32
05.06.2019 11:15:50.457 [00001f3c] --- [\\.\DISPLAY1] [Radeon RX 580 Series] [MONITOR\ADVEF2D\{4d36e96e-e325-11ce-bfc1-08002be10318}\0017] [Generic PnP Monitor]
05.06.2019 11:15:50.457 [00001f3c] --- Enumerated 1 displays
05.06.2019 11:15:50.457 [00001f3c] --- Displays initialized
05.06.2019 11:15:50.457 [00001f3c] --- Displays[0] M[00010001] HDC[35010bf9] GDC[5d010966] L=0 T=0 R=3840 B=1200 RECT[0,0 3840x1200] N[\\.\DISPLAY1] M[Generic PnP Monitor] F[1] PROJ[2x1] MAPS[2]
05.06.2019 11:15:50.457 [00001f3c] ---    Grouping G[0] N[0] GD[]
05.06.2019 11:15:50.457 [00001f3c] --- ---
05.06.2019 11:15:50.457 [00001f3c] --- hookD3D9
05.06.2019 11:15:50.457 [00001f3c] --- DirectX9 dll=feaf0000
05.06.2019 11:15:50.504 [00001f3c] --- DirectX9 API detected
05.06.2019 11:15:50.504 [00001f3c] --- DirectX9Ex API detected
05.06.2019 11:15:50.504 [00001f3c] --- i1: InterfaceProc1
05.06.2019 11:15:50.504 [00001f3c] --- interfaceFunc1 [\\.\DISPLAY1] totalMaps=2
05.06.2019 11:15:50.504 [00001f3c] --- DXGI dll=2d520000
05.06.2019 11:15:50.520 [00001f3c] --- DirectX DXGI API CreateDXGIFactory detected 1
05.06.2019 11:15:50.551 [00001f3c] --- DirectX DXGI API CreateDXGIFactory1 detected 1
05.06.2019 11:15:50.567 [00001f3c] --- DirectX DXGI API CreateDXGIFactory2 detected 1
05.06.2019 11:15:50.567 [00001f3c] --- DirectX DXGI API detected
05.06.2019 11:15:50.567 [00001f3c] --- DirectX D3D12 API detected hd3d12=26cf0000
05.06.2019 11:15:50.582 [00001f3c] --- DirectX D3D12 API detected 1
05.06.2019 11:15:50.598 [00001f3c] --- hookOpenGL
05.06.2019 11:15:50.754 [00001f3c] --- OpenGL API detected
05.06.2019 11:15:53.602 [00001f3c] --- PROCESS DETACH
