04.06.2019 15:39:54.629 [000018a8] --- App --- Immersive Display PRO v3.0.5 (01.01.2019)
04.06.2019 15:39:54.629 [000018a8] --- OS 6:2 Microsoft Windows 8 Professional (build 9200), 64-bit 7(0) 8(1) 8.1(0) 10(0)
04.06.2019 15:39:54.629 [000018a8] --- Process64 C:\Program Files (x86)\Kindel Systems\MCE Controller\MCEControl.exe
04.06.2019 15:39:54.629 [000018a8] --- CmdLine ["C:\Program Files (x86)\Kindel Systems\MCE Controller\MCEControl.exe" ]
04.06.2019 15:39:54.629 [000018a8] --- Enumerating displays ...
04.06.2019 15:39:54.630 [000018a8] --- Device N[\\.\DISPLAY1] S[Radeon RX 580 Series] M[Generic PnP Monitor] F[desktop primary ]
04.06.2019 15:39:54.631 [000018a8] --- Device N[\\.\DISPLAY2] S[Radeon RX 580 Series] M[] F[]
04.06.2019 15:39:54.631 [000018a8] --- Device N[\\.\DISPLAY3] S[Radeon RX 580 Series] M[] F[]
04.06.2019 15:39:54.632 [000018a8] --- Device N[\\.\DISPLAY4] S[Radeon RX 580 Series] M[] F[]
04.06.2019 15:39:54.632 [000018a8] --- Device N[\\.\DISPLAY5] S[Radeon RX 580 Series] M[] F[]
04.06.2019 15:39:54.633 [000018a8] --- Device N[\\.\DISPLAY6] S[Radeon RX 580 Series] M[] F[]
04.06.2019 15:39:54.633 [000018a8] --- Device N[\\.\DISPLAY7] S[Radeon RX 580 Series] M[] F[]
04.06.2019 15:39:54.634 [000018a8] --- Device N[\\.\DISPLAY8] S[Radeon RX 580 Series] M[] F[]
04.06.2019 15:39:54.634 [000018a8] --- SM_CMONITORS         = 1
04.06.2019 15:39:54.634 [000018a8] --- SM_SAMEDISPLAYFORMAT = 1
04.06.2019 15:39:54.634 [000018a8] --- SM_XVIRTUALSCREEN    = 0
04.06.2019 15:39:54.634 [000018a8] --- SM_YVIRTUALSCREEN    = 0
04.06.2019 15:39:54.634 [000018a8] --- SM_CXVIRTUALSCREEN   = 3840
04.06.2019 15:39:54.634 [000018a8] --- SM_CYVIRTUALSCREEN   = 1200
04.06.2019 15:39:54.634 [000018a8] --- SM_CXCURSOR          = 32
04.06.2019 15:39:54.636 [000018a8] --- [\\.\DISPLAY1] [Radeon RX 580 Series] [MONITOR\ADVEF2D\{4d36e96e-e325-11ce-bfc1-08002be10318}\0013] [Generic PnP Monitor]
04.06.2019 15:39:54.637 [000018a8] --- Enumerated 1 displays
04.06.2019 15:39:54.637 [000018a8] --- Displays initialized
04.06.2019 15:39:54.637 [000018a8] --- Displays[0] M[00010001] HDC[40010890] GDC[4b010b22] L=0 T=0 R=3840 B=1200 RECT[0,0 3840x1200] N[\\.\DISPLAY1] M[Generic PnP Monitor] F[1] PROJ[2x1] MAPS[2]
04.06.2019 15:39:54.637 [000018a8] ---    Grouping G[0] N[0] GD[]
04.06.2019 15:39:54.637 [000018a8] --- ---
04.06.2019 15:39:54.637 [000018a8] --- hookD3D9
04.06.2019 15:39:54.638 [000018a8] --- DirectX9 dll=72ce0000
04.06.2019 15:39:54.685 [000018a8] --- DirectX9 API detected
04.06.2019 15:39:54.685 [000018a8] --- DirectX9Ex API detected
04.06.2019 15:39:54.685 [000018a8] --- i1: InterfaceProc1
04.06.2019 15:39:54.685 [000018a8] --- interfaceFunc1 [\\.\DISPLAY1] totalMaps=2
04.06.2019 15:39:54.685 [000018a8] --- DXGI dll=a1720000
04.06.2019 15:39:54.709 [000018a8] --- DirectX DXGI API CreateDXGIFactory detected 1
04.06.2019 15:39:54.732 [000018a8] --- DirectX DXGI API CreateDXGIFactory1 detected 1
04.06.2019 15:39:54.756 [000018a8] --- DirectX DXGI API CreateDXGIFactory2 detected 1
04.06.2019 15:39:54.756 [000018a8] --- DirectX DXGI API detected
04.06.2019 15:39:54.756 [000018a8] --- DirectX D3D12 API detected hd3d12=9a880000
04.06.2019 15:39:54.780 [000018a8] --- DirectX D3D12 API detected 1
04.06.2019 15:39:54.780 [000018a8] --- hookOpenGL
04.06.2019 15:39:54.945 [000018a8] --- OpenGL API detected
