04.06.2019 21:40:12.457 [00000200] ??? OSM handle == NULL error=2
04.06.2019 21:40:12.457 [00000200] ^^^ SC trying session1
--- [2]
04.06.2019 21:40:12.457 [00000200] --- App --- Immersive Display PRO v3.0.5 (01.01.2019)
04.06.2019 21:40:12.457 [00000200] --- OS 6:2 Microsoft Windows 8 Professional (build 9200), 64-bit 7(0) 8(1) 8.1(0) 10(0)
04.06.2019 21:40:12.457 [00000200] --- Process64 C:\Program Files\AMD\Performance Profile Client\AUEPMaster.exe
04.06.2019 21:40:12.457 [00000200] --- CmdLine [AUEPMaster.exe]
04.06.2019 21:40:12.457 [00000200] --- Enumerating displays ...
04.06.2019 21:40:12.457 [00000200] --- SM_CMONITORS         = 1
04.06.2019 21:40:12.457 [00000200] --- SM_SAMEDISPLAYFORMAT = 1
04.06.2019 21:40:12.457 [00000200] --- SM_XVIRTUALSCREEN    = 0
04.06.2019 21:40:12.457 [00000200] --- SM_YVIRTUALSCREEN    = 0
04.06.2019 21:40:12.457 [00000200] --- SM_CXVIRTUALSCREEN   = 1024
04.06.2019 21:40:12.457 [00000200] --- SM_CYVIRTUALSCREEN   = 768
04.06.2019 21:40:12.457 [00000200] --- SM_CXCURSOR          = 32
04.06.2019 21:40:12.457 [00000200] ??? No displays enumerated. Retry later
04.06.2019 21:40:12.458 [00000200] --- hookD3D9
04.06.2019 21:40:12.458 [00000200] --- DirectX9 dll=f7500000
04.06.2019 21:40:12.490 [00000200] --- DirectX9 API detected
04.06.2019 21:40:12.490 [00000200] --- DirectX9Ex API detected
04.06.2019 21:40:12.490 [00000200] --- i1: InterfaceProc1
04.06.2019 21:40:12.491 [00000200] --- DXGI dll=25e60000
04.06.2019 21:40:12.506 [00000200] --- DirectX DXGI API CreateDXGIFactory detected 1
04.06.2019 21:40:12.522 [00000200] --- DirectX DXGI API CreateDXGIFactory1 detected 1
04.06.2019 21:40:12.538 [00000200] --- DirectX DXGI API CreateDXGIFactory2 detected 1
04.06.2019 21:40:12.538 [00000200] --- DirectX DXGI API detected
04.06.2019 21:40:12.538 [00000200] --- DirectX D3D12 API detected hd3d12=1f560000
04.06.2019 21:40:12.554 [00000200] --- DirectX D3D12 API detected 1
04.06.2019 21:40:12.554 [00000200] --- hookOpenGL
04.06.2019 21:40:12.666 [00000200] --- OpenGL API detected
04.06.2019 21:40:39.892 [0000117c] --- PROCESS DETACH
