05.06.2019 11:29:58.340 [00001fb0] --- App --- Immersive Display PRO v3.0.5 (01.01.2019)
05.06.2019 11:29:58.340 [00001fb0] --- OS 6:2 Microsoft Windows 8 Professional (build 9200), 64-bit 7(0) 8(1) 8.1(0) 10(0)
05.06.2019 11:29:58.340 [00001fb0] --- Process64 C:\Users\own\scoop\apps\git\2.21.0.windows.1\mingw64\libexec\git-core\git.exe
05.06.2019 11:29:58.340 [00001fb0] --- CmdLine [git remote-https origin https://github.com/amoujhang/boch-wall.git]
05.06.2019 11:29:58.340 [00001fb0] --- Enumerating displays ...
05.06.2019 11:29:58.340 [00001fb0] --- Device N[\\.\DISPLAY1] S[Radeon RX 580 Series] M[Generic PnP Monitor] F[desktop primary ]
05.06.2019 11:29:58.340 [00001fb0] --- Device N[\\.\DISPLAY2] S[Radeon RX 580 Series] M[] F[]
05.06.2019 11:29:58.340 [00001fb0] --- Device N[\\.\DISPLAY3] S[Radeon RX 580 Series] M[] F[]
05.06.2019 11:29:58.356 [00001fb0] --- Device N[\\.\DISPLAY4] S[Radeon RX 580 Series] M[] F[]
05.06.2019 11:29:58.371 [00001fb0] --- Device N[\\.\DISPLAY5] S[Radeon RX 580 Series] M[] F[]
05.06.2019 11:29:58.371 [00001fb0] --- Device N[\\.\DISPLAY6] S[Radeon RX 580 Series] M[] F[]
05.06.2019 11:29:58.371 [00001fb0] --- Device N[\\.\DISPLAY7] S[Radeon RX 580 Series] M[] F[]
05.06.2019 11:29:59.855 [00001fb0] --- Device N[\\.\DISPLAY8] S[Radeon RX 580 Series] M[] F[]
05.06.2019 11:29:59.855 [00001fb0] --- SM_CMONITORS         = 1
05.06.2019 11:29:59.855 [00001fb0] --- SM_SAMEDISPLAYFORMAT = 1
05.06.2019 11:29:59.855 [00001fb0] --- SM_XVIRTUALSCREEN    = 0
05.06.2019 11:29:59.855 [00001fb0] --- SM_YVIRTUALSCREEN    = 0
05.06.2019 11:29:59.855 [00001fb0] --- SM_CXVIRTUALSCREEN   = 3840
05.06.2019 11:29:59.855 [00001fb0] --- SM_CYVIRTUALSCREEN   = 1200
05.06.2019 11:29:59.855 [00001fb0] --- SM_CXCURSOR          = 32
05.06.2019 11:29:59.855 [00001fb0] --- [\\.\DISPLAY1] [Radeon RX 580 Series] [MONITOR\ADVEF2D\{4d36e96e-e325-11ce-bfc1-08002be10318}\0017] [Generic PnP Monitor]
05.06.2019 11:29:59.871 [00001fb0] --- Enumerated 1 displays
05.06.2019 11:29:59.871 [00001fb0] --- Displays initialized
05.06.2019 11:29:59.871 [00001fb0] --- Displays[0] M[00010001] HDC[4d010b1f] GDC[020105ac] L=0 T=0 R=3840 B=1200 RECT[0,0 3840x1200] N[\\.\DISPLAY1] M[Generic PnP Monitor] F[1] PROJ[0x0] MAPS[0]
05.06.2019 11:29:59.871 [00001fb0] ---    Grouping G[0] N[0] GD[]
05.06.2019 11:29:59.871 [00001fb0] --- ---
05.06.2019 11:29:59.871 [00001fb0] --- hookD3D9
05.06.2019 11:29:59.871 [00001fb0] --- DirectX9 dll=90a20000
05.06.2019 11:29:59.918 [00001fb0] --- DirectX9 API detected
05.06.2019 11:29:59.918 [00001fb0] --- DirectX9Ex API detected
05.06.2019 11:29:59.918 [00001fb0] --- i1: InterfaceProc1
05.06.2019 11:29:59.918 [00001fb0] --- DXGI dll=bde70000
05.06.2019 11:29:59.949 [00001fb0] --- DirectX DXGI API CreateDXGIFactory detected 1
05.06.2019 11:29:59.980 [00001fb0] --- DirectX DXGI API CreateDXGIFactory1 detected 1
05.06.2019 11:29:59.996 [00001fb0] --- DirectX DXGI API CreateDXGIFactory2 detected 1
05.06.2019 11:29:59.996 [00001fb0] --- DirectX DXGI API detected
05.06.2019 11:29:59.996 [00001fb0] --- DirectX D3D12 API detected hd3d12=b7540000
05.06.2019 11:30:00.045 [00001fb0] --- DirectX D3D12 API detected 1
05.06.2019 11:30:00.045 [00001fb0] --- hookOpenGL
05.06.2019 11:30:00.207 [00001fb0] --- OpenGL API detected
05.06.2019 11:30:02.490 [00001fb0] --- PROCESS DETACH
