05.06.2019 11:51:11.349 [000027dc] --- App --- Immersive Display PRO v3.0.5 (01.01.2019)
05.06.2019 11:51:11.349 [000027dc] --- OS 6:2 Microsoft Windows 8 Professional (build 9200), 64-bit 7(0) 8(1) 8.1(0) 10(0)
05.06.2019 11:51:11.349 [000027dc] --- Process64 C:\Program Files (x86)\Google\Chrome\Application\chrome.exe
05.06.2019 11:51:11.349 [000027dc] --- CmdLine ["C:\Program Files (x86)\Google\Chrome\Application\chrome.exe" --type=gpu-process --field-trial-handle=1840,13492023934465985150,18061937111417694550,131072 --disable-gpu-sandbox --use-gl=disabled --gpu-preferences=KAAAAAAAAADgAAAgAQAAAAAAAAAAAGAAAAAAABAAAAAI?]
05.06.2019 11:51:11.349 [000027dc] --- Enumerating displays ...
05.06.2019 11:51:11.350 [000027dc] --- Device N[\\.\DISPLAY1] S[Radeon RX 580 Series] M[Generic PnP Monitor] F[desktop primary ]
05.06.2019 11:51:11.350 [000027dc] --- Device N[\\.\DISPLAY2] S[Radeon RX 580 Series] M[] F[]
05.06.2019 11:51:11.351 [000027dc] --- Device N[\\.\DISPLAY3] S[Radeon RX 580 Series] M[] F[]
05.06.2019 11:51:11.351 [000027dc] --- Device N[\\.\DISPLAY4] S[Radeon RX 580 Series] M[] F[]
05.06.2019 11:51:11.352 [000027dc] --- Device N[\\.\DISPLAY5] S[Radeon RX 580 Series] M[] F[]
05.06.2019 11:51:11.352 [000027dc] --- Device N[\\.\DISPLAY6] S[Radeon RX 580 Series] M[] F[]
05.06.2019 11:51:11.353 [000027dc] --- Device N[\\.\DISPLAY7] S[Radeon RX 580 Series] M[] F[]
05.06.2019 11:51:11.353 [000027dc] --- Device N[\\.\DISPLAY8] S[Radeon RX 580 Series] M[] F[]
05.06.2019 11:51:11.353 [000027dc] --- SM_CMONITORS         = 1
05.06.2019 11:51:11.353 [000027dc] --- SM_SAMEDISPLAYFORMAT = 1
05.06.2019 11:51:11.353 [000027dc] --- SM_XVIRTUALSCREEN    = 0
05.06.2019 11:51:11.353 [000027dc] --- SM_YVIRTUALSCREEN    = 0
05.06.2019 11:51:11.353 [000027dc] --- SM_CXVIRTUALSCREEN   = 3840
05.06.2019 11:51:11.354 [000027dc] --- SM_CYVIRTUALSCREEN   = 1200
05.06.2019 11:51:11.354 [000027dc] --- SM_CXCURSOR          = 32
05.06.2019 11:51:11.356 [000027dc] --- [\\.\DISPLAY1] [Radeon RX 580 Series] [MONITOR\ADVEF2D\{4d36e96e-e325-11ce-bfc1-08002be10318}\0017] [Generic PnP Monitor]
05.06.2019 11:51:11.356 [000027dc] --- Enumerated 1 displays
05.06.2019 11:51:11.356 [000027dc] --- Displays initialized
05.06.2019 11:51:11.357 [000027dc] --- Displays[0] M[00010001] HDC[23010d7a] GDC[19010e0b] L=0 T=0 R=3840 B=1200 RECT[0,0 3840x1200] N[\\.\DISPLAY1] M[Generic PnP Monitor] F[1] PROJ[2x1] MAPS[2]
05.06.2019 11:51:11.357 [000027dc] ---    Grouping G[0] N[0] GD[]
05.06.2019 11:51:11.357 [000027dc] --- ---
05.06.2019 11:51:11.357 [000027dc] --- i1:Executable chrome.exe is excluded DX9
05.06.2019 11:51:11.357 [000027dc] --- DXGI dll=95b60000
05.06.2019 11:51:11.388 [000027dc] --- DirectX DXGI API CreateDXGIFactory detected 1
05.06.2019 11:51:11.418 [000027dc] --- DirectX DXGI API CreateDXGIFactory1 detected 1
05.06.2019 11:51:11.448 [000027dc] --- DirectX DXGI API CreateDXGIFactory2 detected 1
05.06.2019 11:51:11.448 [000027dc] --- DirectX DXGI API detected
05.06.2019 11:51:11.448 [000027dc] --- DirectX D3D12 API detected hd3d12=8f360000
05.06.2019 11:51:11.477 [000027dc] --- DirectX D3D12 API detected 1
05.06.2019 11:51:11.477 [000027dc] --- i2: InterfaceProc1
05.06.2019 11:51:11.477 [000027dc] --- interfaceFunc1 [\\.\DISPLAY1] totalMaps=2
05.06.2019 11:51:11.478 [000027dc] --- i3:Executable chrome.exe is excluded OGL
05.06.2019 11:51:11.502 [000027dc] --- MyD3D12CreateDevice isID3D12Device(1) isID3D12Device1(0)
05.06.2019 11:51:11.503 [000027dc] --- CDXGIF Executable chrome.exe exclusion DX10(1), DX11(1), DX12(1)
05.06.2019 11:51:11.503 [000027dc] --- CDXGIF Executable chrome.exe is excluded DX10, DX11 or DX12
05.06.2019 11:51:11.532 [000027dc] --- MyD3D12CreateDevice isID3D12Device(1) isID3D12Device1(0)
05.06.2019 11:51:11.532 [000027dc] --- CDXGIF Executable chrome.exe exclusion DX10(1), DX11(1), DX12(1)
05.06.2019 11:51:11.532 [000027dc] --- CDXGIF Executable chrome.exe is excluded DX10, DX11 or DX12
05.06.2019 11:51:11.606 [000027dc] --- PROCESS DETACH
