04.06.2019 21:43:25.111 [00001058] --- App --- Immersive Display PRO v3.0.5 (01.01.2019)
04.06.2019 21:43:25.111 [00001058] --- OS 6:2 Microsoft Windows 8 Professional (build 9200), 64-bit 7(0) 8(1) 8.1(0) 10(0)
04.06.2019 21:43:25.111 [00001058] --- Process64 C:\Users\own\scoop\apps\git\2.21.0.windows.1\mingw64\libexec\git-core\git.exe
04.06.2019 21:43:25.111 [00001058] --- CmdLine [git merge FETCH_HEAD]
04.06.2019 21:43:25.111 [00001058] --- Enumerating displays ...
04.06.2019 21:43:25.111 [00001058] --- Device N[\\.\DISPLAY1] S[Radeon RX 580 Series] M[Generic PnP Monitor] F[desktop primary ]
04.06.2019 21:43:25.111 [00001058] --- Device N[\\.\DISPLAY2] S[Radeon RX 580 Series] M[] F[]
04.06.2019 21:43:25.111 [00001058] --- Device N[\\.\DISPLAY3] S[Radeon RX 580 Series] M[] F[]
04.06.2019 21:43:25.111 [00001058] --- Device N[\\.\DISPLAY4] S[Radeon RX 580 Series] M[] F[]
04.06.2019 21:43:25.111 [00001058] --- Device N[\\.\DISPLAY5] S[Radeon RX 580 Series] M[] F[]
04.06.2019 21:43:25.127 [00001058] --- Device N[\\.\DISPLAY6] S[Radeon RX 580 Series] M[] F[]
04.06.2019 21:43:25.127 [00001058] --- Device N[\\.\DISPLAY7] S[Radeon RX 580 Series] M[] F[]
04.06.2019 21:43:25.127 [00001058] --- Device N[\\.\DISPLAY8] S[Radeon RX 580 Series] M[] F[]
04.06.2019 21:43:25.127 [00001058] --- SM_CMONITORS         = 1
04.06.2019 21:43:25.127 [00001058] --- SM_SAMEDISPLAYFORMAT = 1
04.06.2019 21:43:25.127 [00001058] --- SM_XVIRTUALSCREEN    = 0
04.06.2019 21:43:25.127 [00001058] --- SM_YVIRTUALSCREEN    = 0
04.06.2019 21:43:25.127 [00001058] --- SM_CXVIRTUALSCREEN   = 3840
04.06.2019 21:43:25.127 [00001058] --- SM_CYVIRTUALSCREEN   = 1200
04.06.2019 21:43:25.127 [00001058] --- SM_CXCURSOR          = 32
04.06.2019 21:43:25.127 [00001058] --- [\\.\DISPLAY1] [Radeon RX 580 Series] [MONITOR\ADVEF2D\{4d36e96e-e325-11ce-bfc1-08002be10318}\0017] [Generic PnP Monitor]
04.06.2019 21:43:25.127 [00001058] --- Enumerated 1 displays
04.06.2019 21:43:25.127 [00001058] --- Displays initialized
04.06.2019 21:43:25.127 [00001058] --- Displays[0] M[00010001] HDC[25010039] GDC[0401059b] L=0 T=0 R=3840 B=1200 RECT[0,0 3840x1200] N[\\.\DISPLAY1] M[Generic PnP Monitor] F[1] PROJ[0x0] MAPS[0]
04.06.2019 21:43:25.127 [00001058] ---    Grouping G[0] N[0] GD[]
04.06.2019 21:43:25.127 [00001058] --- ---
04.06.2019 21:43:25.127 [00001058] --- hookD3D9
04.06.2019 21:43:25.127 [00001058] --- DirectX9 dll=55e50000
04.06.2019 21:43:25.174 [00001058] --- DirectX9 API detected
04.06.2019 21:43:25.174 [00001058] --- DirectX9Ex API detected
04.06.2019 21:43:25.174 [00001058] --- i1: InterfaceProc1
04.06.2019 21:43:25.174 [00001058] --- DXGI dll=85810000
04.06.2019 21:43:25.189 [00001058] --- DirectX DXGI API CreateDXGIFactory detected 1
04.06.2019 21:43:25.221 [00001058] --- DirectX DXGI API CreateDXGIFactory1 detected 1
04.06.2019 21:43:25.236 [00001058] --- DirectX DXGI API CreateDXGIFactory2 detected 1
04.06.2019 21:43:25.236 [00001058] --- DirectX DXGI API detected
04.06.2019 21:43:25.236 [00001058] --- DirectX D3D12 API detected hd3d12=7ed40000
04.06.2019 21:43:25.267 [00001058] --- DirectX D3D12 API detected 1
04.06.2019 21:43:25.267 [00001058] --- hookOpenGL
04.06.2019 21:43:25.439 [00001058] --- OpenGL API detected
04.06.2019 21:43:25.502 [00001058] --- PROCESS DETACH
