05.06.2019 11:25:28.137 [00001cdc] ??? OSM handle == NULL error=2
05.06.2019 11:25:28.137 [00001cdc] ^^^ SC trying session1
--- [2]
05.06.2019 11:25:28.137 [00001cdc] --- App --- Immersive Display PRO v3.0.5 (01.01.2019)
05.06.2019 11:25:28.137 [00001cdc] --- OS 6:2 Microsoft Windows 8 Professional (build 9200), 64-bit 7(0) 8(1) 8.1(0) 10(0)
05.06.2019 11:25:28.137 [00001cdc] --- Process32 C:\Program Files\Intel\SUR\QUEENCREEK\Updater\bin\IntelSoftwareAssetManagerService.exe
05.06.2019 11:25:28.137 [00001cdc] --- CmdLine ["C:\Program Files\Intel\SUR\QUEENCREEK\Updater\bin\IntelSoftwareAssetManagerService.exe"]
05.06.2019 11:25:28.137 [00001cdc] --- Enumerating displays ...
05.06.2019 11:25:28.137 [00001cdc] --- SM_CMONITORS         = 1
05.06.2019 11:25:28.137 [00001cdc] --- SM_SAMEDISPLAYFORMAT = 1
05.06.2019 11:25:28.137 [00001cdc] --- SM_XVIRTUALSCREEN    = 0
05.06.2019 11:25:28.137 [00001cdc] --- SM_YVIRTUALSCREEN    = 0
05.06.2019 11:25:28.137 [00001cdc] --- SM_CXVIRTUALSCREEN   = 1024
05.06.2019 11:25:28.137 [00001cdc] --- SM_CYVIRTUALSCREEN   = 768
05.06.2019 11:25:28.137 [00001cdc] --- SM_CXCURSOR          = 32
05.06.2019 11:25:28.137 [00001cdc] ??? No displays enumerated. Retry later
05.06.2019 11:25:28.137 [00001cdc] --- hookD3D9
05.06.2019 11:25:28.139 [00001cdc] --- DirectX9 dll=01ba0000
05.06.2019 11:25:28.175 [00001cdc] --- DirectX9 API detected
05.06.2019 11:25:28.176 [00001cdc] --- DirectX9Ex API detected
05.06.2019 11:25:28.176 [00001cdc] --- i1: InterfaceProc1
05.06.2019 11:25:28.176 [00001cdc] --- DXGI dll=72b20000
05.06.2019 11:25:28.194 [00001cdc] --- DirectX DXGI API CreateDXGIFactory detected 1
05.06.2019 11:25:28.212 [00001cdc] --- DirectX DXGI API CreateDXGIFactory1 detected 1
05.06.2019 11:25:28.230 [00001cdc] --- DirectX DXGI API CreateDXGIFactory2 detected 1
05.06.2019 11:25:28.230 [00001cdc] --- DirectX DXGI API detected
05.06.2019 11:25:28.231 [00001cdc] --- DirectX D3D12 API detected hd3d12=729b0000
05.06.2019 11:25:28.249 [00001cdc] --- DirectX D3D12 API detected 1
05.06.2019 11:25:28.249 [00001cdc] --- hookOpenGL
05.06.2019 11:25:28.394 [00001cdc] --- OpenGL API detected
05.06.2019 11:25:58.989 [00001cdc] --- PROCESS DETACH
