04.06.2019 20:08:37.506 [000024bc] --- App --- Immersive Display PRO v3.0.5 (01.01.2019)
04.06.2019 20:08:37.506 [000024bc] --- OS 6:2 Microsoft Windows 8 Professional (build 9200), 64-bit 7(0) 8(1) 8.1(0) 10(0)
04.06.2019 20:08:37.506 [000024bc] --- Process64 C:\Program Files (x86)\Google\Chrome\Application\chrome.exe
04.06.2019 20:08:37.506 [000024bc] --- CmdLine ["C:\Program Files (x86)\Google\Chrome\Application\chrome.exe" --type=gpu-process --field-trial-handle=1888,17292593721427187183,8290306166100049472,131072 --disable-gpu-sandbox --use-gl=disabled --gpu-preferences=KAAAAAAAAADgAAAgAQAAAAAAAAAAAGAAAAAAABAAAAAIA?]
04.06.2019 20:08:37.506 [000024bc] --- Enumerating displays ...
04.06.2019 20:08:37.507 [000024bc] --- Device N[\\.\DISPLAY1] S[Radeon RX 580 Series] M[Generic PnP Monitor] F[desktop primary ]
04.06.2019 20:08:37.507 [000024bc] --- Device N[\\.\DISPLAY2] S[Radeon RX 580 Series] M[] F[]
04.06.2019 20:08:37.508 [000024bc] --- Device N[\\.\DISPLAY3] S[Radeon RX 580 Series] M[] F[]
04.06.2019 20:08:37.508 [000024bc] --- Device N[\\.\DISPLAY4] S[Radeon RX 580 Series] M[] F[]
04.06.2019 20:08:37.509 [000024bc] --- Device N[\\.\DISPLAY5] S[Radeon RX 580 Series] M[] F[]
04.06.2019 20:08:37.509 [000024bc] --- Device N[\\.\DISPLAY6] S[Radeon RX 580 Series] M[] F[]
04.06.2019 20:08:37.510 [000024bc] --- Device N[\\.\DISPLAY7] S[Radeon RX 580 Series] M[] F[]
04.06.2019 20:08:37.511 [000024bc] --- Device N[\\.\DISPLAY8] S[Radeon RX 580 Series] M[] F[]
04.06.2019 20:08:37.511 [000024bc] --- SM_CMONITORS         = 1
04.06.2019 20:08:37.511 [000024bc] --- SM_SAMEDISPLAYFORMAT = 1
04.06.2019 20:08:37.511 [000024bc] --- SM_XVIRTUALSCREEN    = 0
04.06.2019 20:08:37.511 [000024bc] --- SM_YVIRTUALSCREEN    = 0
04.06.2019 20:08:37.511 [000024bc] --- SM_CXVIRTUALSCREEN   = 3840
04.06.2019 20:08:37.511 [000024bc] --- SM_CYVIRTUALSCREEN   = 1200
04.06.2019 20:08:37.511 [000024bc] --- SM_CXCURSOR          = 32
04.06.2019 20:08:37.513 [000024bc] --- [\\.\DISPLAY1] [Radeon RX 580 Series] [MONITOR\ADVEF2D\{4d36e96e-e325-11ce-bfc1-08002be10318}\0013] [Generic PnP Monitor]
04.06.2019 20:08:37.514 [000024bc] --- Enumerated 1 displays
04.06.2019 20:08:37.514 [000024bc] --- Displays initialized
04.06.2019 20:08:37.514 [000024bc] --- Displays[0] M[00010001] HDC[060110a0] GDC[320108c3] L=0 T=0 R=3840 B=1200 RECT[0,0 3840x1200] N[\\.\DISPLAY1] M[Generic PnP Monitor] F[1] PROJ[2x1] MAPS[2]
04.06.2019 20:08:37.514 [000024bc] ---    Grouping G[0] N[0] GD[]
04.06.2019 20:08:37.514 [000024bc] --- ---
04.06.2019 20:08:37.514 [000024bc] --- i1:Executable chrome.exe is excluded DX9
04.06.2019 20:08:37.514 [000024bc] --- DXGI dll=a1720000
04.06.2019 20:08:37.543 [000024bc] --- DirectX DXGI API CreateDXGIFactory detected 1
04.06.2019 20:08:37.571 [000024bc] --- DirectX DXGI API CreateDXGIFactory1 detected 1
04.06.2019 20:08:37.599 [000024bc] --- DirectX DXGI API CreateDXGIFactory2 detected 1
04.06.2019 20:08:37.599 [000024bc] --- DirectX DXGI API detected
04.06.2019 20:08:37.600 [000024bc] --- DirectX D3D12 API detected hd3d12=9a880000
04.06.2019 20:08:37.628 [000024bc] --- DirectX D3D12 API detected 1
04.06.2019 20:08:37.628 [000024bc] --- i2: InterfaceProc1
04.06.2019 20:08:37.628 [000024bc] --- interfaceFunc1 [\\.\DISPLAY1] totalMaps=2
04.06.2019 20:08:37.628 [000024bc] --- i3:Executable chrome.exe is excluded OGL
04.06.2019 20:08:37.657 [000024bc] --- MyD3D12CreateDevice isID3D12Device(1) isID3D12Device1(0)
04.06.2019 20:08:37.657 [000024bc] --- CDXGIF Executable chrome.exe exclusion DX10(1), DX11(1), DX12(1)
04.06.2019 20:08:37.657 [000024bc] --- CDXGIF Executable chrome.exe is excluded DX10, DX11 or DX12
04.06.2019 20:08:37.665 [000024bc] --- MyD3D12CreateDevice isID3D12Device(1) isID3D12Device1(0)
04.06.2019 20:08:37.665 [000024bc] --- CDXGIF Executable chrome.exe exclusion DX10(1), DX11(1), DX12(1)
04.06.2019 20:08:37.665 [000024bc] --- CDXGIF Executable chrome.exe is excluded DX10, DX11 or DX12
04.06.2019 20:08:37.698 [000024bc] --- PROCESS DETACH
