04.06.2019 21:56:13.653 [00001b14] ??? OSM handle == NULL error=2
04.06.2019 21:56:13.653 [00001b14] ^^^ SC trying session1
--- [2]
04.06.2019 21:56:13.654 [00001b14] --- App --- Immersive Display PRO v3.0.5 (01.01.2019)
04.06.2019 21:56:13.654 [00001b14] --- OS 6:2 Microsoft Windows 8 Professional (build 9200), 64-bit 7(0) 8(1) 8.1(0) 10(0)
04.06.2019 21:56:13.654 [00001b14] --- Process32 C:\Program Files (x86)\Google\Update\GoogleUpdate.exe
04.06.2019 21:56:13.654 [00001b14] --- CmdLine ["C:\Program Files (x86)\Google\Update\GoogleUpdate.exe" /svc]
04.06.2019 21:56:13.654 [00001b14] --- Enumerating displays ...
04.06.2019 21:56:13.654 [00001b14] --- SM_CMONITORS         = 1
04.06.2019 21:56:13.654 [00001b14] --- SM_SAMEDISPLAYFORMAT = 1
04.06.2019 21:56:13.654 [00001b14] --- SM_XVIRTUALSCREEN    = 0
04.06.2019 21:56:13.654 [00001b14] --- SM_YVIRTUALSCREEN    = 0
04.06.2019 21:56:13.654 [00001b14] --- SM_CXVIRTUALSCREEN   = 1024
04.06.2019 21:56:13.654 [00001b14] --- SM_CYVIRTUALSCREEN   = 768
04.06.2019 21:56:13.654 [00001b14] --- SM_CXCURSOR          = 32
04.06.2019 21:56:13.654 [00001b14] ??? No displays enumerated. Retry later
04.06.2019 21:56:13.654 [00001b14] --- hookD3D9
04.06.2019 21:56:13.655 [00001b14] --- DirectX9 dll=717f0000
04.06.2019 21:56:13.692 [00001b14] --- DirectX9 API detected
04.06.2019 21:56:13.692 [00001b14] --- DirectX9Ex API detected
04.06.2019 21:56:13.692 [00001b14] --- i1: InterfaceProc1
04.06.2019 21:56:13.692 [00001b14] --- DXGI dll=72790000
04.06.2019 21:56:13.710 [00001b14] --- DirectX DXGI API CreateDXGIFactory detected 1
04.06.2019 21:56:13.729 [00001b14] --- DirectX DXGI API CreateDXGIFactory1 detected 1
04.06.2019 21:56:13.747 [00001b14] --- DirectX DXGI API CreateDXGIFactory2 detected 1
04.06.2019 21:56:13.747 [00001b14] --- DirectX DXGI API detected
04.06.2019 21:56:13.748 [00001b14] --- DirectX D3D12 API detected hd3d12=72590000
04.06.2019 21:56:13.766 [00001b14] --- DirectX D3D12 API detected 1
04.06.2019 21:56:13.766 [00001b14] --- hookOpenGL
04.06.2019 21:56:13.908 [00001b14] --- OpenGL API detected
04.06.2019 21:56:13.992 [00001b14] --- PROCESS DETACH
