05.06.2019 11:42:55.782 [00002090] ??? OSM handle == NULL error=2
05.06.2019 11:42:55.782 [00002090] ^^^ SC trying session1
--- [2]
05.06.2019 11:42:55.782 [00002090] --- App --- Immersive Display PRO v3.0.5 (01.01.2019)
05.06.2019 11:42:55.783 [00002090] --- OS 6:2 Microsoft Windows 8 Professional (build 9200), 64-bit 7(0) 8(1) 8.1(0) 10(0)
05.06.2019 11:42:55.783 [00002090] --- Process32 C:\Program Files (x86)\Google\Update\1.3.34.11\GoogleCrashHandler.exe
05.06.2019 11:42:55.783 [00002090] --- CmdLine ["C:\Program Files (x86)\Google\Update\1.3.34.11\GoogleCrashHandler.exe"]
05.06.2019 11:42:55.783 [00002090] --- Enumerating displays ...
05.06.2019 11:42:55.783 [00002090] --- SM_CMONITORS         = 1
05.06.2019 11:42:55.783 [00002090] --- SM_SAMEDISPLAYFORMAT = 1
05.06.2019 11:42:55.783 [00002090] --- SM_XVIRTUALSCREEN    = 0
05.06.2019 11:42:55.783 [00002090] --- SM_YVIRTUALSCREEN    = 0
05.06.2019 11:42:55.783 [00002090] --- SM_CXVIRTUALSCREEN   = 1024
05.06.2019 11:42:55.783 [00002090] --- SM_CYVIRTUALSCREEN   = 768
05.06.2019 11:42:55.783 [00002090] --- SM_CXCURSOR          = 32
05.06.2019 11:42:55.783 [00002090] ??? No displays enumerated. Retry later
05.06.2019 11:42:55.783 [00002090] --- hookD3D9
05.06.2019 11:42:55.785 [00002090] --- DirectX9 dll=70fc0000
05.06.2019 11:42:55.823 [00002090] --- DirectX9 API detected
05.06.2019 11:42:55.823 [00002090] --- DirectX9Ex API detected
05.06.2019 11:42:55.823 [00002090] --- i1: InterfaceProc1
05.06.2019 11:42:55.824 [00002090] --- DXGI dll=71f60000
05.06.2019 11:42:55.844 [00002090] --- DirectX DXGI API CreateDXGIFactory detected 1
05.06.2019 11:42:55.865 [00002090] --- DirectX DXGI API CreateDXGIFactory1 detected 1
05.06.2019 11:42:55.885 [00002090] --- DirectX DXGI API CreateDXGIFactory2 detected 1
05.06.2019 11:42:55.885 [00002090] --- DirectX DXGI API detected
05.06.2019 11:42:55.886 [00002090] --- DirectX D3D12 API detected hd3d12=71d60000
05.06.2019 11:42:55.906 [00002090] --- DirectX D3D12 API detected 1
05.06.2019 11:42:55.907 [00002090] --- hookOpenGL
05.06.2019 11:42:56.073 [00002090] --- OpenGL API detected
05.06.2019 11:42:56.126 [00002090] --- PROCESS DETACH
