04.06.2019 20:16:50.653 [000012fc] --- App --- Immersive Display PRO v3.0.5 (01.01.2019)
04.06.2019 20:16:50.654 [000012fc] --- OS 6:2 Microsoft Windows 8 Professional (build 9200), 64-bit 7(0) 8(1) 8.1(0) 10(0)
04.06.2019 20:16:50.654 [000012fc] --- Process64 C:\boch-wall\UnityCrashHandler64.exe
04.06.2019 20:16:50.654 [000012fc] --- CmdLine ["C:\boch-wall\UnityCrashHandler64.exe" --attach 9888 2151308005376]
04.06.2019 20:16:50.654 [000012fc] --- Enumerating displays ...
04.06.2019 20:16:50.654 [000012fc] --- Device N[\\.\DISPLAY1] S[Radeon RX 580 Series] M[Generic PnP Monitor] F[desktop primary ]
04.06.2019 20:16:50.655 [000012fc] --- Device N[\\.\DISPLAY2] S[Radeon RX 580 Series] M[] F[]
04.06.2019 20:16:50.656 [000012fc] --- Device N[\\.\DISPLAY3] S[Radeon RX 580 Series] M[] F[]
04.06.2019 20:16:50.656 [000012fc] --- Device N[\\.\DISPLAY4] S[Radeon RX 580 Series] M[] F[]
04.06.2019 20:16:50.657 [000012fc] --- Device N[\\.\DISPLAY5] S[Radeon RX 580 Series] M[] F[]
04.06.2019 20:16:50.657 [000012fc] --- Device N[\\.\DISPLAY6] S[Radeon RX 580 Series] M[] F[]
04.06.2019 20:16:50.658 [000012fc] --- Device N[\\.\DISPLAY7] S[Radeon RX 580 Series] M[] F[]
04.06.2019 20:16:50.658 [000012fc] --- Device N[\\.\DISPLAY8] S[Radeon RX 580 Series] M[] F[]
04.06.2019 20:16:50.658 [000012fc] --- SM_CMONITORS         = 1
04.06.2019 20:16:50.658 [000012fc] --- SM_SAMEDISPLAYFORMAT = 1
04.06.2019 20:16:50.658 [000012fc] --- SM_XVIRTUALSCREEN    = 0
04.06.2019 20:16:50.658 [000012fc] --- SM_YVIRTUALSCREEN    = 0
04.06.2019 20:16:50.658 [000012fc] --- SM_CXVIRTUALSCREEN   = 3840
04.06.2019 20:16:50.658 [000012fc] --- SM_CYVIRTUALSCREEN   = 1200
04.06.2019 20:16:50.658 [000012fc] --- SM_CXCURSOR          = 32
04.06.2019 20:16:50.661 [000012fc] --- [\\.\DISPLAY1] [Radeon RX 580 Series] [MONITOR\ADVEF2D\{4d36e96e-e325-11ce-bfc1-08002be10318}\0013] [Generic PnP Monitor]
04.06.2019 20:16:50.661 [000012fc] --- Enumerated 1 displays
04.06.2019 20:16:50.661 [000012fc] --- Displays initialized
04.06.2019 20:16:50.661 [000012fc] --- Displays[0] M[00010001] HDC[23011489] GDC[7001129c] L=0 T=0 R=3840 B=1200 RECT[0,0 3840x1200] N[\\.\DISPLAY1] M[Generic PnP Monitor] F[1] PROJ[2x1] MAPS[2]
04.06.2019 20:16:50.661 [000012fc] ---    Grouping G[0] N[0] GD[]
04.06.2019 20:16:50.661 [000012fc] --- ---
04.06.2019 20:16:50.661 [000012fc] --- hookD3D9
04.06.2019 20:16:50.662 [000012fc] --- DirectX9 dll=72ce0000
04.06.2019 20:16:50.712 [000012fc] --- DirectX9 API detected
04.06.2019 20:16:50.712 [000012fc] --- DirectX9Ex API detected
04.06.2019 20:16:50.712 [000012fc] --- i1: InterfaceProc1
04.06.2019 20:16:50.712 [000012fc] --- interfaceFunc1 [\\.\DISPLAY1] totalMaps=2
04.06.2019 20:16:50.713 [000012fc] --- DXGI dll=a1720000
04.06.2019 20:16:50.746 [000012fc] --- DirectX DXGI API CreateDXGIFactory detected 1
04.06.2019 20:16:50.774 [000012fc] --- DirectX DXGI API CreateDXGIFactory1 detected 1
04.06.2019 20:16:50.796 [000012fc] --- DirectX DXGI API CreateDXGIFactory2 detected 1
04.06.2019 20:16:50.796 [000012fc] --- DirectX DXGI API detected
04.06.2019 20:16:50.797 [000012fc] --- DirectX D3D12 API detected hd3d12=9a880000
04.06.2019 20:16:50.821 [000012fc] --- DirectX D3D12 API detected 1
04.06.2019 20:16:50.821 [000012fc] --- hookOpenGL
04.06.2019 20:16:51.008 [000012fc] --- OpenGL API detected
04.06.2019 20:16:51.379 [000012fc] --- PROCESS DETACH
