04.06.2019 21:26:53.966 [00001e98] ??? OSM handle == NULL error=2
04.06.2019 21:26:53.966 [00001e98] ^^^ SC trying session1
--- [2]
04.06.2019 21:26:53.966 [00001e98] --- App --- Immersive Display PRO v3.0.5 (01.01.2019)
04.06.2019 21:26:53.966 [00001e98] --- OS 6:2 Microsoft Windows 8 Professional (build 9200), 64-bit 7(0) 8(1) 8.1(0) 10(0)
04.06.2019 21:26:53.966 [00001e98] --- Process64 C:\Program Files\Intel\SUR\QUEENCREEK\x64\esrv_svc.exe
04.06.2019 21:26:53.966 [00001e98] --- CmdLine ["C:\Program Files\Intel\SUR\QUEENCREEK\x64\esrv_svc.exe" "--AUTO_START" "--start" "--start_options_registry_key" "HKEY_LOCAL_MACHINE\SYSTEM\CurrentControlSet\services\ESRV_SVC_QUEENCREEK\_start"]
04.06.2019 21:26:53.966 [00001e98] --- Enumerating displays ...
04.06.2019 21:26:53.966 [00001e98] --- SM_CMONITORS         = 1
04.06.2019 21:26:53.966 [00001e98] --- SM_SAMEDISPLAYFORMAT = 1
04.06.2019 21:26:53.966 [00001e98] --- SM_XVIRTUALSCREEN    = 0
04.06.2019 21:26:53.966 [00001e98] --- SM_YVIRTUALSCREEN    = 0
04.06.2019 21:26:53.966 [00001e98] --- SM_CXVIRTUALSCREEN   = 1024
04.06.2019 21:26:53.966 [00001e98] --- SM_CYVIRTUALSCREEN   = 768
04.06.2019 21:26:53.966 [00001e98] --- SM_CXCURSOR          = 32
04.06.2019 21:26:53.966 [00001e98] ??? No displays enumerated. Retry later
04.06.2019 21:26:53.966 [00001e98] --- hookD3D9
04.06.2019 21:26:53.966 [00001e98] --- DirectX9 dll=68590000
04.06.2019 21:26:54.013 [00001e98] --- DirectX9 API detected
04.06.2019 21:26:54.013 [00001e98] --- DirectX9Ex API detected
04.06.2019 21:26:54.013 [00001e98] --- i1: InterfaceProc1
04.06.2019 21:26:54.013 [00001e98] --- DXGI dll=7a520000
04.06.2019 21:26:54.029 [00001e98] --- DirectX DXGI API CreateDXGIFactory detected 1
04.06.2019 21:26:54.044 [00001e98] --- DirectX DXGI API CreateDXGIFactory1 detected 1
04.06.2019 21:26:54.060 [00001e98] --- DirectX DXGI API CreateDXGIFactory2 detected 1
04.06.2019 21:26:54.060 [00001e98] --- DirectX DXGI API detected
04.06.2019 21:26:54.060 [00001e98] --- DirectX D3D12 API detected hd3d12=73c90000
04.06.2019 21:26:54.076 [00001e98] --- DirectX D3D12 API detected 1
04.06.2019 21:26:54.076 [00001e98] --- hookOpenGL
04.06.2019 21:26:54.201 [00001e98] --- OpenGL API detected
04.06.2019 21:28:45.328 [00001e98] --- PROCESS DETACH
