05.06.2019 11:34:37.349 [00001d00] ??? OSM handle == NULL error=2
05.06.2019 11:34:37.349 [00001d00] ^^^ SC trying session1
--- [2]
05.06.2019 11:34:37.349 [00001d00] --- App --- Immersive Display PRO v3.0.5 (01.01.2019)
05.06.2019 11:34:37.349 [00001d00] --- OS 6:2 Microsoft Windows 8 Professional (build 9200), 64-bit 7(0) 8(1) 8.1(0) 10(0)
05.06.2019 11:34:37.349 [00001d00] --- Process32 C:\Program Files\Intel\SUR\QUEENCREEK\Updater\bin\IntelSoftwareAssetManagerService.exe
05.06.2019 11:34:37.349 [00001d00] --- CmdLine ["C:\Program Files\Intel\SUR\QUEENCREEK\Updater\bin\IntelSoftwareAssetManagerService.exe"]
05.06.2019 11:34:37.349 [00001d00] --- Enumerating displays ...
05.06.2019 11:34:37.349 [00001d00] --- SM_CMONITORS         = 1
05.06.2019 11:34:37.349 [00001d00] --- SM_SAMEDISPLAYFORMAT = 1
05.06.2019 11:34:37.349 [00001d00] --- SM_XVIRTUALSCREEN    = 0
05.06.2019 11:34:37.349 [00001d00] --- SM_YVIRTUALSCREEN    = 0
05.06.2019 11:34:37.349 [00001d00] --- SM_CXVIRTUALSCREEN   = 1024
05.06.2019 11:34:37.349 [00001d00] --- SM_CYVIRTUALSCREEN   = 768
05.06.2019 11:34:37.349 [00001d00] --- SM_CXCURSOR          = 32
05.06.2019 11:34:37.349 [00001d00] ??? No displays enumerated. Retry later
05.06.2019 11:34:37.349 [00001d00] --- hookD3D9
05.06.2019 11:34:37.349 [00001d00] --- DirectX9 dll=01c50000
05.06.2019 11:34:37.380 [00001d00] --- DirectX9 API detected
05.06.2019 11:34:37.380 [00001d00] --- DirectX9Ex API detected
05.06.2019 11:34:37.380 [00001d00] --- i1: InterfaceProc1
05.06.2019 11:34:37.380 [00001d00] --- DXGI dll=72830000
05.06.2019 11:34:37.411 [00001d00] --- DirectX DXGI API CreateDXGIFactory detected 1
05.06.2019 11:34:37.427 [00001d00] --- DirectX DXGI API CreateDXGIFactory1 detected 1
05.06.2019 11:34:37.442 [00001d00] --- DirectX DXGI API CreateDXGIFactory2 detected 1
05.06.2019 11:34:37.442 [00001d00] --- DirectX DXGI API detected
05.06.2019 11:34:37.442 [00001d00] --- DirectX D3D12 API detected hd3d12=72610000
05.06.2019 11:34:37.458 [00001d00] --- DirectX D3D12 API detected 1
05.06.2019 11:34:37.458 [00001d00] --- hookOpenGL
05.06.2019 11:34:37.614 [00001d00] --- OpenGL API detected
05.06.2019 11:34:53.642 [00001d00] --- PROCESS DETACH
