04.06.2019 21:36:40.357 [000010e4] ??? OSM handle == NULL error=2
04.06.2019 21:36:40.357 [000010e4] ^^^ SC trying session1
04.06.2019 21:36:40.357 [000010e4] ??? OSM handle == NULL error=2
04.06.2019 21:36:40.357 [000010e4] ^^^ SC trying session2
04.06.2019 21:36:40.357 [000010e4] ??? OSM handle == NULL error=3
04.06.2019 21:36:40.357 [000010e4] --- DXGI dll=727c0000
04.06.2019 21:36:40.372 [000010e4] --- DirectX DXGI API CreateDXGIFactory detected 1
04.06.2019 21:36:40.403 [000010e4] --- DirectX DXGI API CreateDXGIFactory1 detected 1
04.06.2019 21:36:40.419 [000010e4] --- DirectX DXGI API CreateDXGIFactory2 detected 1
04.06.2019 21:36:40.419 [000010e4] --- DirectX DXGI API detected
04.06.2019 21:36:40.419 [000010e4] --- DirectX D3D12 API detected hd3d12=725a0000
04.06.2019 21:36:40.450 [000010e4] --- DirectX D3D12 API detected 1
04.06.2019 21:36:40.450 [000010e4] ??? OSM handle == NULL error=2
04.06.2019 21:36:40.450 [000010e4] ^^^ SC trying session1
04.06.2019 21:36:40.450 [000010e4] ??? OSM handle == NULL error=2
04.06.2019 21:36:40.450 [000010e4] ^^^ SC trying session2
04.06.2019 21:36:40.450 [000010e4] ??? OSM handle == NULL error=3
04.06.2019 21:36:40.450 [000010e4] ??? OSM handle == NULL error=2
04.06.2019 21:36:40.450 [000010e4] ^^^ SC trying session1
04.06.2019 21:36:40.450 [000010e4] ??? OSM handle == NULL error=2
04.06.2019 21:36:40.450 [000010e4] ^^^ SC trying session2
04.06.2019 21:36:40.450 [000010e4] ??? OSM handle == NULL error=3
04.06.2019 21:36:41.309 [000010e4] ??? OSM handle == NULL error=2
04.06.2019 21:36:41.309 [000010e4] ^^^ SC trying session1
04.06.2019 21:36:41.309 [000010e4] ??? OSM handle == NULL error=2
04.06.2019 21:36:41.309 [000010e4] ^^^ SC trying session2
04.06.2019 21:36:41.309 [000010e4] ??? OSM handle == NULL error=3
04.06.2019 21:36:41.341 [000019c4] ??? OSM handle == NULL error=2
04.06.2019 21:36:41.341 [000019c4] ^^^ SC trying session1
04.06.2019 21:36:41.341 [000019c4] ??? OSM handle == NULL error=2
04.06.2019 21:36:41.341 [000019c4] ^^^ SC trying session2
04.06.2019 21:36:41.341 [000019c4] ??? OSM handle == NULL error=3
04.06.2019 21:36:41.356 [000019c4] ??? OSM handle == NULL error=2
04.06.2019 21:36:41.356 [000019c4] ^^^ SC trying session1
04.06.2019 21:36:41.356 [000019c4] ??? OSM handle == NULL error=2
04.06.2019 21:36:41.356 [000019c4] ^^^ SC trying session2
04.06.2019 21:36:41.356 [000019c4] ??? OSM handle == NULL error=3
--- [37]
04.06.2019 21:37:01.981 [000019c4] --- App --- Immersive Display PRO v3.0.5 (01.01.2019)
04.06.2019 21:37:01.981 [000019c4] --- OS 6:2 Microsoft Windows 8 Professional (build 9200), 64-bit 7(0) 8(1) 8.1(0) 10(0)
04.06.2019 21:37:01.981 [000019c4] --- Process32 C:\Program Files (x86)\TeamViewer\TeamViewer.exe
04.06.2019 21:37:01.981 [000019c4] --- CmdLine ["C:\Program Files (x86)\TeamViewer\TeamViewer.exe"]
04.06.2019 21:37:01.981 [000019c4] --- Enumerating displays ...
04.06.2019 21:37:01.981 [000019c4] --- Device N[\\.\DISPLAY1] S[Radeon RX 580 Series] M[Generic PnP Monitor] F[desktop primary ]
04.06.2019 21:37:01.981 [000019c4] --- Device N[\\.\DISPLAY2] S[Radeon RX 580 Series] M[] F[]
04.06.2019 21:37:01.981 [000019c4] --- Device N[\\.\DISPLAY3] S[Radeon RX 580 Series] M[] F[]
04.06.2019 21:37:01.981 [000019c4] --- Device N[\\.\DISPLAY4] S[Radeon RX 580 Series] M[] F[]
04.06.2019 21:37:01.981 [000019c4] --- Device N[\\.\DISPLAY5] S[Radeon RX 580 Series] M[] F[]
04.06.2019 21:37:01.981 [000019c4] --- Device N[\\.\DISPLAY6] S[Radeon RX 580 Series] M[] F[]
04.06.2019 21:37:01.981 [000019c4] --- Device N[\\.\DISPLAY7] S[Radeon RX 580 Series] M[] F[]
04.06.2019 21:37:01.981 [000019c4] --- Device N[\\.\DISPLAY8] S[Radeon RX 580 Series] M[] F[]
04.06.2019 21:37:01.981 [000019c4] --- SM_CMONITORS         = 1
04.06.2019 21:37:01.981 [000019c4] --- SM_SAMEDISPLAYFORMAT = 1
04.06.2019 21:37:01.981 [000019c4] --- SM_XVIRTUALSCREEN    = 0
04.06.2019 21:37:01.981 [000019c4] --- SM_YVIRTUALSCREEN    = 0
04.06.2019 21:37:01.981 [000019c4] --- SM_CXVIRTUALSCREEN   = 3840
04.06.2019 21:37:01.981 [000019c4] --- SM_CYVIRTUALSCREEN   = 1200
04.06.2019 21:37:01.981 [000019c4] --- SM_CXCURSOR          = 32
04.06.2019 21:37:01.996 [000019c4] --- [\\.\DISPLAY1] [Radeon RX 580 Series] [MONITOR\ADVEF2D\{4d36e96e-e325-11ce-bfc1-08002be10318}\0017] [Generic PnP Monitor]
04.06.2019 21:37:01.996 [000019c4] --- Enumerated 1 displays
04.06.2019 21:37:01.996 [000019c4] --- Displays initialized
04.06.2019 21:37:01.996 [000019c4] --- Displays[0] M[00010001] HDC[13010cac] GDC[06010ca8] L=0 T=0 R=3840 B=1200 RECT[0,0 3840x1200] N[\\.\DISPLAY1] M[Generic PnP Monitor] F[1] PROJ[2x1] MAPS[2]
04.06.2019 21:37:01.996 [000019c4] ---    Grouping G[0] N[0] GD[]
04.06.2019 21:37:01.996 [000019c4] --- ---
