04.06.2019 21:14:21.787 [00002918] ??? OSM handle == NULL error=2
04.06.2019 21:14:21.787 [00002918] ^^^ SC trying session1
--- [2]
04.06.2019 21:14:21.787 [00002918] --- App --- Immersive Display PRO v3.0.5 (01.01.2019)
04.06.2019 21:14:21.787 [00002918] --- OS 6:2 Microsoft Windows 8 Professional (build 9200), 64-bit 7(0) 8(1) 8.1(0) 10(0)
04.06.2019 21:14:21.787 [00002918] --- Process32 C:\AMD\WU-CCC2\ccc2_install\VC13RTx86\vcredist_x86.exe
04.06.2019 21:14:21.787 [00002918] --- CmdLine ["C:\AMD\WU-CCC2\ccc2_install\VC13RTx86\vcredist_x86.exe" /q /norestart]
04.06.2019 21:14:21.787 [00002918] --- Enumerating displays ...
04.06.2019 21:14:21.787 [00002918] --- SM_CMONITORS         = 1
04.06.2019 21:14:21.787 [00002918] --- SM_SAMEDISPLAYFORMAT = 1
04.06.2019 21:14:21.787 [00002918] --- SM_XVIRTUALSCREEN    = 0
04.06.2019 21:14:21.787 [00002918] --- SM_YVIRTUALSCREEN    = 0
04.06.2019 21:14:21.787 [00002918] --- SM_CXVIRTUALSCREEN   = 1024
04.06.2019 21:14:21.787 [00002918] --- SM_CYVIRTUALSCREEN   = 768
04.06.2019 21:14:21.787 [00002918] --- SM_CXCURSOR          = 32
04.06.2019 21:14:21.787 [00002918] ??? No displays enumerated. Retry later
04.06.2019 21:14:21.787 [00002918] --- hookD3D9
04.06.2019 21:14:21.787 [00002918] --- DirectX9 dll=71460000
04.06.2019 21:14:21.818 [00002918] --- DirectX9 API detected
04.06.2019 21:14:21.818 [00002918] --- DirectX9Ex API detected
04.06.2019 21:14:21.818 [00002918] --- i1: InterfaceProc1
04.06.2019 21:14:21.818 [00002918] --- DXGI dll=724a0000
04.06.2019 21:14:21.834 [00002918] --- DirectX DXGI API CreateDXGIFactory detected 1
04.06.2019 21:14:21.850 [00002918] --- DirectX DXGI API CreateDXGIFactory1 detected 1
04.06.2019 21:14:21.865 [00002918] --- DirectX DXGI API CreateDXGIFactory2 detected 1
04.06.2019 21:14:21.865 [00002918] --- DirectX DXGI API detected
04.06.2019 21:14:21.865 [00002918] --- DirectX D3D12 API detected hd3d12=72330000
04.06.2019 21:14:21.881 [00002918] --- DirectX D3D12 API detected 1
04.06.2019 21:14:21.881 [00002918] --- hookOpenGL
04.06.2019 21:14:22.022 [00002918] --- OpenGL API detected
04.06.2019 21:14:22.803 [00002918] --- PROCESS DETACH
