04.06.2019 21:38:36.339 [00001d6c] --- App --- Immersive Display PRO v3.0.5 (01.01.2019)
04.06.2019 21:38:36.339 [00001d6c] --- OS 6:2 Microsoft Windows 8 Professional (build 9200), 64-bit 7(0) 8(1) 8.1(0) 10(0)
04.06.2019 21:38:36.339 [00001d6c] --- Process64 C:\WINDOWS\system32\dwm.exe
04.06.2019 21:38:36.339 [00001d6c] --- CmdLine ["dwm.exe"]
04.06.2019 21:38:36.339 [00001d6c] --- Enumerating displays ...
04.06.2019 21:38:36.339 [00001d6c] --- Device N[\\.\DISPLAY1] S[Radeon RX 580 Series] M[Generic PnP Monitor] F[desktop primary ]
04.06.2019 21:38:36.355 [00001d6c] --- Device N[\\.\DISPLAY2] S[Radeon RX 580 Series] M[] F[]
04.06.2019 21:38:36.355 [00001d6c] --- Device N[\\.\DISPLAY3] S[Radeon RX 580 Series] M[] F[]
04.06.2019 21:38:36.355 [00001d6c] --- Device N[\\.\DISPLAY4] S[Radeon RX 580 Series] M[] F[]
04.06.2019 21:38:36.355 [00001d6c] --- Device N[\\.\DISPLAY5] S[Radeon RX 580 Series] M[] F[]
04.06.2019 21:38:36.355 [00001d6c] --- Device N[\\.\DISPLAY6] S[Radeon RX 580 Series] M[] F[]
04.06.2019 21:38:36.355 [00001d6c] --- Device N[\\.\DISPLAY7] S[Radeon RX 580 Series] M[] F[]
04.06.2019 21:38:36.355 [00001d6c] --- Device N[\\.\DISPLAY8] S[Radeon RX 580 Series] M[] F[]
04.06.2019 21:38:36.355 [00001d6c] --- SM_CMONITORS         = 1
04.06.2019 21:38:36.355 [00001d6c] --- SM_SAMEDISPLAYFORMAT = 1
04.06.2019 21:38:36.355 [00001d6c] --- SM_XVIRTUALSCREEN    = 0
04.06.2019 21:38:36.355 [00001d6c] --- SM_YVIRTUALSCREEN    = 0
04.06.2019 21:38:36.355 [00001d6c] --- SM_CXVIRTUALSCREEN   = 3840
04.06.2019 21:38:36.355 [00001d6c] --- SM_CYVIRTUALSCREEN   = 1200
04.06.2019 21:38:36.355 [00001d6c] --- SM_CXCURSOR          = 32
04.06.2019 21:38:36.355 [00001d6c] ??? No displays enumerated. Retry later
04.06.2019 21:38:36.355 [00001d6c] --- hookD3D9
04.06.2019 21:38:36.355 [00001d6c] --- DirectX9 dll=f7500000
04.06.2019 21:38:36.402 [00001d6c] --- DirectX9 API detected
04.06.2019 21:38:36.402 [00001d6c] --- DirectX9Ex API detected
04.06.2019 21:38:36.402 [00001d6c] --- i1: InterfaceProc1
04.06.2019 21:38:36.402 [00001d6c] --- DXGI dll=25e60000
04.06.2019 21:38:36.433 [00001d6c] --- DirectX DXGI API CreateDXGIFactory detected 1
04.06.2019 21:38:36.449 [00001d6c] --- DirectX DXGI API CreateDXGIFactory1 detected 1
04.06.2019 21:38:36.480 [00001d6c] --- DirectX DXGI API CreateDXGIFactory2 detected 1
04.06.2019 21:38:36.480 [00001d6c] --- DirectX DXGI API detected
04.06.2019 21:38:36.496 [00001d6c] --- DirectX D3D11 API detected 1
04.06.2019 21:38:36.496 [00001d6c] --- DirectX D3D12 API detected hd3d12=1f560000
04.06.2019 21:38:36.527 [00001d6c] --- DirectX D3D12 API detected 1
04.06.2019 21:38:36.527 [00001d6c] --- hookOpenGL
04.06.2019 21:38:36.683 [00001d6c] --- OpenGL API detected
04.06.2019 21:38:36.808 [00001e00] --- D3D11CreateDevice ADAPTER NULL
04.06.2019 21:38:36.824 [00001e58] --- D3D11CreateDevice ADAPTER Description=Radeon RX 580 Series
04.06.2019 21:38:36.824 [00001e58] --- Device FeatureLevels[0]=0000a100
04.06.2019 21:38:36.824 [00001e00] --- Device FeatureLevel -> 0000b000
04.06.2019 21:38:36.824 [00001e58] --- D3D11CreateDevice ADAPTER Description=Radeon RX 580 Series
04.06.2019 21:38:36.824 [00001e58] --- Device FeatureLevels[0]=0000c100
04.06.2019 21:38:36.824 [00001e58] --- Device FeatureLevels[1]=0000c000
04.06.2019 21:38:36.824 [00001e58] --- Device FeatureLevels[2]=0000b100
04.06.2019 21:38:36.824 [00001e58] --- Device FeatureLevels[3]=0000b000
04.06.2019 21:38:36.824 [00001e58] --- Device FeatureLevels[4]=0000a100
04.06.2019 21:38:36.824 [00001e58] --- Device FeatureLevels[5]=0000a000
04.06.2019 21:38:36.824 [00001e58] --- Device FeatureLevels[6]=00009300
04.06.2019 21:38:36.824 [00001e58] --- Device FeatureLevels[7]=00009200
04.06.2019 21:38:36.824 [00001e58] --- Device FeatureLevels[8]=00009100
04.06.2019 21:38:36.824 [00001e58] --- Device FeatureLevel -> 0000c000
04.06.2019 21:38:37.011 [00001e58] --- Win10SC_[01] Created
04.06.2019 21:38:37.027 [00001e58] --- [\\.\DISPLAY1] [Radeon RX 580 Series] [MONITOR\ADVEF2D\{4d36e96e-e325-11ce-bfc1-08002be10318}\0017] [Generic PnP Monitor]
04.06.2019 21:38:37.027 [00001e58] --- shim Winmm hLib=25270000
04.06.2019 21:38:37.027 [00001e58] --- shim Winmm 25276050, 25275f10, 25271060, 25271040
04.06.2019 21:38:37.028 [00001e58] --- WarpContext 437da040 Output=3748dfa0 DeviceName=\\.\DISPLAY1 DesktopCoordinates(0,0 3840x1200) AttachedToDesktop=1 Rotation=1 (0)
04.06.2019 21:38:37.028 [00001e58] --- WarpContext 437da040 count 1
04.06.2019 21:38:37.028 [00001e58] --- GMOC[40104828] DONE
04.06.2019 21:38:37.028 [00001e58] --- WarpContext[437da040] Monitor=00010001
04.06.2019 21:38:37.028 [00001e58] --- D3DXWrapper trying d3dx11_43.dll
04.06.2019 21:38:37.030 [00001e58] --- D3DXWrapper d3dx11_43.dll loaded
04.06.2019 21:38:37.030 [00001e58] --- WarpContext[437da040] D3DCompiler_47.DLL loaded directly
04.06.2019 21:38:37.031 [00001e58] --- SCISSORS 1
04.06.2019 21:38:37.031 [00001e58] --- ANISOTROPIC 4
04.06.2019 21:38:37.313 [00001e58] --- WarpContext 437da040 T(3840x1200) O(3840x1200) enableRotation=0 rotateDegrees=0
04.06.2019 21:38:37.345 [00001e58] --- WarpContext[437da040] CreateAllWarpingResources S=1 R=85 Warping=1
04.06.2019 21:38:37.345 [00001e58] --- Cursor warping SSC=296048e0
04.06.2019 21:38:37.345 [00001e58] ### Cursor clear cache CC[0]
04.06.2019 21:38:37.345 [00001e58] ### Present[437da040] S
04.06.2019 21:38:37.346 [00001e58] ### Present[437da040] uSOPSAS
04.06.2019 21:38:37.346 [00001e58] ### Present[437da040] uSNPSAS
04.06.2019 21:38:37.346 [00001e58] ### Present[437da040] CR
04.06.2019 21:38:37.346 [00001e58] ### Present[437da040] OMSRT
04.06.2019 21:38:37.348 [00001e58] ### Present[437da040] uDC
04.06.2019 21:38:37.348 [00001e58] ### Present[437da040] OMSRT
04.06.2019 21:38:37.352 [00001e58] ### Present[437da040] uRBT
04.06.2019 21:38:37.352 [00001e58] ### Present[437da040] OMSRT
04.06.2019 21:38:37.352 [00001e58] ### Present[437da040] uDG
04.06.2019 21:38:37.352 [00001e58] ### Present[437da040] uROPSAS
04.06.2019 21:38:37.352 [00001e58] ### Present[437da040] E
04.06.2019 21:40:31.843 [00001e58] --- GMOC[40104828] DONE
