05.06.2019 11:56:50.303 [00002578] --- App --- Immersive Display PRO v3.0.5 (01.01.2019)
05.06.2019 11:56:50.303 [00002578] --- OS 6:2 Microsoft Windows 8 Professional (build 9200), 64-bit 7(0) 8(1) 8.1(0) 10(0)
05.06.2019 11:56:50.303 [00002578] --- Process64 C:\Users\own\scoop\shims\git.exe
05.06.2019 11:56:50.303 [00002578] --- CmdLine [git  commit -m "add localsetting"]
05.06.2019 11:56:50.303 [00002578] --- Enumerating displays ...
05.06.2019 11:56:50.303 [00002578] --- Device N[\\.\DISPLAY1] S[Radeon RX 580 Series] M[Generic PnP Monitor] F[desktop primary ]
05.06.2019 11:56:50.304 [00002578] --- Device N[\\.\DISPLAY2] S[Radeon RX 580 Series] M[] F[]
05.06.2019 11:56:50.305 [00002578] --- Device N[\\.\DISPLAY3] S[Radeon RX 580 Series] M[] F[]
05.06.2019 11:56:50.305 [00002578] --- Device N[\\.\DISPLAY4] S[Radeon RX 580 Series] M[] F[]
05.06.2019 11:56:50.306 [00002578] --- Device N[\\.\DISPLAY5] S[Radeon RX 580 Series] M[] F[]
05.06.2019 11:56:50.306 [00002578] --- Device N[\\.\DISPLAY6] S[Radeon RX 580 Series] M[] F[]
05.06.2019 11:56:50.307 [00002578] --- Device N[\\.\DISPLAY7] S[Radeon RX 580 Series] M[] F[]
05.06.2019 11:56:50.307 [00002578] --- Device N[\\.\DISPLAY8] S[Radeon RX 580 Series] M[] F[]
05.06.2019 11:56:50.307 [00002578] --- SM_CMONITORS         = 1
05.06.2019 11:56:50.307 [00002578] --- SM_SAMEDISPLAYFORMAT = 1
05.06.2019 11:56:50.307 [00002578] --- SM_XVIRTUALSCREEN    = 0
05.06.2019 11:56:50.307 [00002578] --- SM_YVIRTUALSCREEN    = 0
05.06.2019 11:56:50.307 [00002578] --- SM_CXVIRTUALSCREEN   = 3840
05.06.2019 11:56:50.307 [00002578] --- SM_CYVIRTUALSCREEN   = 1200
05.06.2019 11:56:50.307 [00002578] --- SM_CXCURSOR          = 32
05.06.2019 11:56:50.310 [00002578] --- [\\.\DISPLAY1] [Radeon RX 580 Series] [MONITOR\ADVEF2D\{4d36e96e-e325-11ce-bfc1-08002be10318}\0017] [Generic PnP Monitor]
05.06.2019 11:56:50.311 [00002578] --- Enumerated 1 displays
05.06.2019 11:56:50.311 [00002578] --- Displays initialized
05.06.2019 11:56:50.311 [00002578] --- Displays[0] M[00010001] HDC[89010fb7] GDC[91010f51] L=0 T=0 R=3840 B=1200 RECT[0,0 3840x1200] N[\\.\DISPLAY1] M[Generic PnP Monitor] F[1] PROJ[2x1] MAPS[2]
05.06.2019 11:56:50.311 [00002578] ---    Grouping G[0] N[0] GD[]
05.06.2019 11:56:50.311 [00002578] --- ---
05.06.2019 11:56:50.311 [00002578] --- hookD3D9
05.06.2019 11:56:50.312 [00002578] --- DirectX9 dll=670a0000
05.06.2019 11:56:50.367 [00002578] --- DirectX9 API detected
05.06.2019 11:56:50.367 [00002578] --- DirectX9Ex API detected
05.06.2019 11:56:50.367 [00002578] --- i1: InterfaceProc1
05.06.2019 11:56:50.367 [00002578] --- interfaceFunc1 [\\.\DISPLAY1] totalMaps=2
05.06.2019 11:56:50.367 [00002578] --- DXGI dll=95b60000
05.06.2019 11:56:50.395 [00002578] --- DirectX DXGI API CreateDXGIFactory detected 1
05.06.2019 11:56:50.422 [00002578] --- DirectX DXGI API CreateDXGIFactory1 detected 1
05.06.2019 11:56:50.450 [00002578] --- DirectX DXGI API CreateDXGIFactory2 detected 1
05.06.2019 11:56:50.450 [00002578] --- DirectX DXGI API detected
05.06.2019 11:56:50.451 [00002578] --- DirectX D3D12 API detected hd3d12=8f360000
05.06.2019 11:56:50.479 [00002578] --- DirectX D3D12 API detected 1
05.06.2019 11:56:50.479 [00002578] --- hookOpenGL
05.06.2019 11:56:50.733 [00002578] --- OpenGL API detected
05.06.2019 11:56:52.007 [00002578] --- PROCESS DETACH
