04.06.2019 16:35:21.590 [000020cc] ??? OSM handle == NULL error=2
04.06.2019 16:35:21.590 [000020cc] ^^^ SC trying session1
--- [2]
04.06.2019 16:35:21.591 [000020cc] --- App --- Immersive Display PRO v3.0.5 (01.01.2019)
04.06.2019 16:35:21.591 [000020cc] --- OS 6:2 Microsoft Windows 8 Professional (build 9200), 64-bit 7(0) 8(1) 8.1(0) 10(0)
04.06.2019 16:35:21.591 [000020cc] --- Process32 C:\Program Files (x86)\Google\Update\GoogleUpdate.exe
04.06.2019 16:35:21.591 [000020cc] --- CmdLine ["C:\Program Files (x86)\Google\Update\GoogleUpdate.exe" /ua /installsource scheduler]
04.06.2019 16:35:21.591 [000020cc] --- Enumerating displays ...
04.06.2019 16:35:21.591 [000020cc] --- SM_CMONITORS         = 1
04.06.2019 16:35:21.591 [000020cc] --- SM_SAMEDISPLAYFORMAT = 1
04.06.2019 16:35:21.591 [000020cc] --- SM_XVIRTUALSCREEN    = 0
04.06.2019 16:35:21.591 [000020cc] --- SM_YVIRTUALSCREEN    = 0
04.06.2019 16:35:21.591 [000020cc] --- SM_CXVIRTUALSCREEN   = 1024
04.06.2019 16:35:21.591 [000020cc] --- SM_CYVIRTUALSCREEN   = 768
04.06.2019 16:35:21.591 [000020cc] --- SM_CXCURSOR          = 32
04.06.2019 16:35:21.591 [000020cc] ??? No displays enumerated. Retry later
04.06.2019 16:35:21.591 [000020cc] --- hookD3D9
04.06.2019 16:35:21.592 [000020cc] --- DirectX9 dll=71460000
04.06.2019 16:35:21.619 [000020cc] --- DirectX9 API detected
04.06.2019 16:35:21.619 [000020cc] --- DirectX9Ex API detected
04.06.2019 16:35:21.619 [000020cc] --- i1: InterfaceProc1
04.06.2019 16:35:21.619 [000020cc] --- DXGI dll=724a0000
04.06.2019 16:35:21.632 [000020cc] --- DirectX DXGI API CreateDXGIFactory detected 1
04.06.2019 16:35:21.645 [000020cc] --- DirectX DXGI API CreateDXGIFactory1 detected 1
04.06.2019 16:35:21.658 [000020cc] --- DirectX DXGI API CreateDXGIFactory2 detected 1
04.06.2019 16:35:21.658 [000020cc] --- DirectX DXGI API detected
04.06.2019 16:35:21.659 [000020cc] --- DirectX D3D12 API detected hd3d12=72330000
04.06.2019 16:35:21.672 [000020cc] --- DirectX D3D12 API detected 1
04.06.2019 16:35:21.672 [000020cc] --- hookOpenGL
04.06.2019 16:35:21.775 [000020cc] --- OpenGL API detected
04.06.2019 16:35:21.836 [000020cc] --- PROCESS DETACH
