05.06.2019 11:12:18.940 [000002d4] ??? OSM handle == NULL error=2
05.06.2019 11:12:18.940 [000002d4] ^^^ SC trying session1
--- [2]
05.06.2019 11:12:18.941 [000002d4] --- App --- Immersive Display PRO v3.0.5 (01.01.2019)
05.06.2019 11:12:18.941 [000002d4] --- OS 6:2 Microsoft Windows 8 Professional (build 9200), 64-bit 7(0) 8(1) 8.1(0) 10(0)
05.06.2019 11:12:18.941 [000002d4] --- Process64 C:\Program Files\AMD\Performance Profile Client\AUEPLauncher.exe
05.06.2019 11:12:18.941 [000002d4] --- CmdLine ["C:\Program Files\AMD\Performance Profile Client\AUEPLauncher.exe"]
05.06.2019 11:12:18.941 [000002d4] --- Enumerating displays ...
05.06.2019 11:12:18.941 [000002d4] --- SM_CMONITORS         = 1
05.06.2019 11:12:18.941 [000002d4] --- SM_SAMEDISPLAYFORMAT = 1
05.06.2019 11:12:18.941 [000002d4] --- SM_XVIRTUALSCREEN    = 0
05.06.2019 11:12:18.941 [000002d4] --- SM_YVIRTUALSCREEN    = 0
05.06.2019 11:12:18.941 [000002d4] --- SM_CXVIRTUALSCREEN   = 1024
05.06.2019 11:12:18.941 [000002d4] --- SM_CYVIRTUALSCREEN   = 768
05.06.2019 11:12:18.941 [000002d4] --- SM_CXCURSOR          = 32
05.06.2019 11:12:18.941 [000002d4] ??? No displays enumerated. Retry later
05.06.2019 11:12:18.941 [000002d4] --- hookD3D9
05.06.2019 11:12:18.942 [000002d4] --- DirectX9 dll=1c9c0000
05.06.2019 11:12:18.973 [000002d4] --- DirectX9 API detected
05.06.2019 11:12:18.973 [000002d4] --- DirectX9Ex API detected
05.06.2019 11:12:18.974 [000002d4] --- i1: InterfaceProc1
05.06.2019 11:12:18.974 [000002d4] --- DXGI dll=4b3e0000
05.06.2019 11:12:18.989 [000002d4] --- DirectX DXGI API CreateDXGIFactory detected 1
05.06.2019 11:12:19.005 [000002d4] --- DirectX DXGI API CreateDXGIFactory1 detected 1
05.06.2019 11:12:19.020 [000002d4] --- DirectX DXGI API CreateDXGIFactory2 detected 1
05.06.2019 11:12:19.020 [000002d4] --- DirectX DXGI API detected
05.06.2019 11:12:19.021 [000002d4] --- DirectX D3D12 API detected hd3d12=44950000
05.06.2019 11:12:19.036 [000002d4] --- DirectX D3D12 API detected 1
05.06.2019 11:12:19.036 [000002d4] --- hookOpenGL
05.06.2019 11:12:19.144 [000002d4] --- OpenGL API detected
05.06.2019 11:13:02.772 [00000734] --- PROCESS DETACH
