04.06.2019 20:08:22.475 [00002558] --- App --- Immersive Display PRO v3.0.5 (01.01.2019)
04.06.2019 20:08:22.475 [00002558] --- OS 6:2 Microsoft Windows 8 Professional (build 9200), 64-bit 7(0) 8(1) 8.1(0) 10(0)
04.06.2019 20:08:22.475 [00002558] --- Process64 C:\Program Files (x86)\Google\Chrome\Application\chrome.exe
04.06.2019 20:08:22.475 [00002558] --- CmdLine ["C:\Program Files (x86)\Google\Chrome\Application\chrome.exe" --type=watcher --main-thread-id=7592 --on-initialized-event-handle=796 --parent-handle=800 /prefetch:6]
04.06.2019 20:08:22.475 [00002558] --- Enumerating displays ...
04.06.2019 20:08:22.476 [00002558] --- Device N[\\.\DISPLAY1] S[Radeon RX 580 Series] M[Generic PnP Monitor] F[desktop primary ]
04.06.2019 20:08:22.476 [00002558] --- Device N[\\.\DISPLAY2] S[Radeon RX 580 Series] M[] F[]
04.06.2019 20:08:22.477 [00002558] --- Device N[\\.\DISPLAY3] S[Radeon RX 580 Series] M[] F[]
04.06.2019 20:08:22.477 [00002558] --- Device N[\\.\DISPLAY4] S[Radeon RX 580 Series] M[] F[]
04.06.2019 20:08:22.478 [00002558] --- Device N[\\.\DISPLAY5] S[Radeon RX 580 Series] M[] F[]
04.06.2019 20:08:22.478 [00002558] --- Device N[\\.\DISPLAY6] S[Radeon RX 580 Series] M[] F[]
04.06.2019 20:08:22.479 [00002558] --- Device N[\\.\DISPLAY7] S[Radeon RX 580 Series] M[] F[]
04.06.2019 20:08:22.479 [00002558] --- Device N[\\.\DISPLAY8] S[Radeon RX 580 Series] M[] F[]
04.06.2019 20:08:22.480 [00002558] --- SM_CMONITORS         = 1
04.06.2019 20:08:22.480 [00002558] --- SM_SAMEDISPLAYFORMAT = 1
04.06.2019 20:08:22.480 [00002558] --- SM_XVIRTUALSCREEN    = 0
04.06.2019 20:08:22.480 [00002558] --- SM_YVIRTUALSCREEN    = 0
04.06.2019 20:08:22.480 [00002558] --- SM_CXVIRTUALSCREEN   = 3840
04.06.2019 20:08:22.480 [00002558] --- SM_CYVIRTUALSCREEN   = 1200
04.06.2019 20:08:22.480 [00002558] --- SM_CXCURSOR          = 32
04.06.2019 20:08:22.482 [00002558] --- [\\.\DISPLAY1] [Radeon RX 580 Series] [MONITOR\ADVEF2D\{4d36e96e-e325-11ce-bfc1-08002be10318}\0013] [Generic PnP Monitor]
04.06.2019 20:08:22.483 [00002558] --- Enumerated 1 displays
04.06.2019 20:08:22.483 [00002558] --- Displays initialized
04.06.2019 20:08:22.483 [00002558] --- Displays[0] M[00010001] HDC[060110a0] GDC[41010c3c] L=0 T=0 R=3840 B=1200 RECT[0,0 3840x1200] N[\\.\DISPLAY1] M[Generic PnP Monitor] F[1] PROJ[2x1] MAPS[2]
04.06.2019 20:08:22.483 [00002558] ---    Grouping G[0] N[0] GD[]
04.06.2019 20:08:22.483 [00002558] --- ---
04.06.2019 20:08:22.483 [00002558] --- i1:Executable chrome.exe is excluded DX9
04.06.2019 20:08:22.484 [00002558] --- DXGI dll=a1720000
04.06.2019 20:08:22.514 [00002558] --- DirectX DXGI API CreateDXGIFactory detected 1
04.06.2019 20:08:22.548 [00002558] --- DirectX DXGI API CreateDXGIFactory1 detected 1
04.06.2019 20:08:22.583 [00002558] --- DirectX DXGI API CreateDXGIFactory2 detected 1
04.06.2019 20:08:22.583 [00002558] --- DirectX DXGI API detected
04.06.2019 20:08:22.584 [00002558] --- DirectX D3D12 API detected hd3d12=9a880000
04.06.2019 20:08:22.621 [00002558] --- DirectX D3D12 API detected 1
04.06.2019 20:08:22.621 [00002558] --- i2: InterfaceProc1
04.06.2019 20:08:22.621 [00002558] --- interfaceFunc1 [\\.\DISPLAY1] totalMaps=2
04.06.2019 20:08:22.621 [00002558] --- i3:Executable chrome.exe is excluded OGL
04.06.2019 20:09:19.165 [00002558] --- PROCESS DETACH
