04.06.2019 14:07:34.036 [00001f54] --- App --- Immersive Display PRO v3.0.5 (01.01.2019)
04.06.2019 14:07:34.036 [00001f54] --- OS 6:2 Microsoft Windows 8 Professional (build 9200), 64-bit 7(0) 8(1) 8.1(0) 10(0)
04.06.2019 14:07:34.036 [00001f54] --- Process64 C:\Program Files\FARO\SCENE LT\SCENE LT.exe
04.06.2019 14:07:34.036 [00001f54] --- CmdLine ["C:\Program Files\FARO\SCENE LT\SCENE LT.exe" -RegDocTypes]
04.06.2019 14:07:34.036 [00001f54] --- Enumerating displays ...
04.06.2019 14:07:34.037 [00001f54] --- Device N[\\.\DISPLAY1] S[Radeon RX 580 Series] M[Generic PnP Monitor] F[desktop primary ]
04.06.2019 14:07:34.038 [00001f54] --- Device N[\\.\DISPLAY2] S[Radeon RX 580 Series] M[] F[]
04.06.2019 14:07:34.039 [00001f54] --- Device N[\\.\DISPLAY3] S[Radeon RX 580 Series] M[] F[]
04.06.2019 14:07:34.039 [00001f54] --- Device N[\\.\DISPLAY4] S[Radeon RX 580 Series] M[] F[]
04.06.2019 14:07:34.040 [00001f54] --- Device N[\\.\DISPLAY5] S[Radeon RX 580 Series] M[] F[]
04.06.2019 14:07:34.040 [00001f54] --- Device N[\\.\DISPLAY6] S[Radeon RX 580 Series] M[] F[]
04.06.2019 14:07:34.041 [00001f54] --- Device N[\\.\DISPLAY7] S[Radeon RX 580 Series] M[] F[]
04.06.2019 14:07:34.041 [00001f54] --- Device N[\\.\DISPLAY8] S[Radeon RX 580 Series] M[] F[]
04.06.2019 14:07:34.041 [00001f54] --- SM_CMONITORS         = 1
04.06.2019 14:07:34.041 [00001f54] --- SM_SAMEDISPLAYFORMAT = 1
04.06.2019 14:07:34.041 [00001f54] --- SM_XVIRTUALSCREEN    = 0
04.06.2019 14:07:34.041 [00001f54] --- SM_YVIRTUALSCREEN    = 0
04.06.2019 14:07:34.041 [00001f54] --- SM_CXVIRTUALSCREEN   = 3840
04.06.2019 14:07:34.041 [00001f54] --- SM_CYVIRTUALSCREEN   = 1200
04.06.2019 14:07:34.041 [00001f54] --- SM_CXCURSOR          = 32
04.06.2019 14:07:34.043 [00001f54] --- [\\.\DISPLAY1] [Radeon RX 580 Series] [MONITOR\ADVEF2D\{4d36e96e-e325-11ce-bfc1-08002be10318}\0013] [Generic PnP Monitor]
04.06.2019 14:07:34.043 [00001f54] --- Enumerated 1 displays
04.06.2019 14:07:34.043 [00001f54] --- Displays initialized
04.06.2019 14:07:34.043 [00001f54] --- Displays[0] M[00010001] HDC[dd011203] GDC[ca0111c0] L=0 T=0 R=3840 B=1200 RECT[0,0 3840x1200] N[\\.\DISPLAY1] M[Generic PnP Monitor] F[1] PROJ[2x1] MAPS[2]
04.06.2019 14:07:34.043 [00001f54] ---    Grouping G[0] N[0] GD[]
04.06.2019 14:07:34.043 [00001f54] --- ---
04.06.2019 14:07:34.043 [00001f54] --- hookD3D9
04.06.2019 14:07:34.044 [00001f54] --- DirectX9 dll=56cb0000
04.06.2019 14:07:34.072 [00001f54] --- DirectX9 API detected
04.06.2019 14:07:34.072 [00001f54] --- DirectX9Ex API detected
04.06.2019 14:07:34.072 [00001f54] --- i1: InterfaceProc1
04.06.2019 14:07:34.072 [00001f54] --- interfaceFunc1 [\\.\DISPLAY1] totalMaps=2
04.06.2019 14:07:34.073 [00001f54] --- DXGI dll=7ce30000
04.06.2019 14:07:34.086 [00001f54] --- DirectX DXGI API CreateDXGIFactory detected 1
04.06.2019 14:07:34.100 [00001f54] --- DirectX DXGI API CreateDXGIFactory1 detected 1
04.06.2019 14:07:34.114 [00001f54] --- DirectX DXGI API CreateDXGIFactory2 detected 1
04.06.2019 14:07:34.114 [00001f54] --- DirectX DXGI API detected
04.06.2019 14:07:34.115 [00001f54] --- DirectX D3D12 API detected hd3d12=75c40000
04.06.2019 14:07:34.129 [00001f54] --- DirectX D3D12 API detected 1
04.06.2019 14:07:34.129 [00001f54] --- hookOpenGL
04.06.2019 14:07:34.225 [00001f54] --- OpenGL API detected
04.06.2019 14:07:34.420 [00001f54] --- PROCESS DETACH
