05.06.2019 11:37:25.051 [000020fc] ??? OSM handle == NULL error=2
05.06.2019 11:37:25.051 [000020fc] ^^^ SC trying session1
--- [2]
05.06.2019 11:37:25.051 [000020fc] --- App --- Immersive Display PRO v3.0.5 (01.01.2019)
05.06.2019 11:37:25.051 [000020fc] --- OS 6:2 Microsoft Windows 8 Professional (build 9200), 64-bit 7(0) 8(1) 8.1(0) 10(0)
05.06.2019 11:37:25.051 [000020fc] --- Process64 C:\Program Files\AMD\Performance Profile Client\AUEPLauncher.exe
05.06.2019 11:37:25.051 [000020fc] --- CmdLine ["C:\Program Files\AMD\Performance Profile Client\AUEPLauncher.exe"]
05.06.2019 11:37:25.051 [000020fc] --- Enumerating displays ...
05.06.2019 11:37:25.051 [000020fc] --- SM_CMONITORS         = 1
05.06.2019 11:37:25.051 [000020fc] --- SM_SAMEDISPLAYFORMAT = 1
05.06.2019 11:37:25.051 [000020fc] --- SM_XVIRTUALSCREEN    = 0
05.06.2019 11:37:25.051 [000020fc] --- SM_YVIRTUALSCREEN    = 0
05.06.2019 11:37:25.051 [000020fc] --- SM_CXVIRTUALSCREEN   = 1024
05.06.2019 11:37:25.051 [000020fc] --- SM_CYVIRTUALSCREEN   = 768
05.06.2019 11:37:25.051 [000020fc] --- SM_CXCURSOR          = 32
05.06.2019 11:37:25.051 [000020fc] ??? No displays enumerated. Retry later
05.06.2019 11:37:25.051 [000020fc] --- hookD3D9
05.06.2019 11:37:25.052 [000020fc] --- DirectX9 dll=5c690000
05.06.2019 11:37:25.083 [000020fc] --- DirectX9 API detected
05.06.2019 11:37:25.083 [000020fc] --- DirectX9Ex API detected
05.06.2019 11:37:25.083 [000020fc] --- i1: InterfaceProc1
05.06.2019 11:37:25.083 [000020fc] --- DXGI dll=8b0e0000
05.06.2019 11:37:25.099 [000020fc] --- DirectX DXGI API CreateDXGIFactory detected 1
05.06.2019 11:37:25.114 [000020fc] --- DirectX DXGI API CreateDXGIFactory1 detected 1
05.06.2019 11:37:25.128 [000020fc] --- DirectX DXGI API CreateDXGIFactory2 detected 1
05.06.2019 11:37:25.128 [000020fc] --- DirectX DXGI API detected
05.06.2019 11:37:25.129 [000020fc] --- DirectX D3D12 API detected hd3d12=842e0000
05.06.2019 11:37:25.144 [000020fc] --- DirectX D3D12 API detected 1
05.06.2019 11:37:25.144 [000020fc] --- hookOpenGL
05.06.2019 11:37:25.251 [000020fc] --- OpenGL API detected
05.06.2019 11:39:02.277 [000020c0] --- PROCESS DETACH
