05.06.2019 08:35:22.200 [00001644] ??? OSM handle == NULL error=2
05.06.2019 08:35:22.200 [00001644] ^^^ SC trying session1
--- [2]
05.06.2019 08:35:22.200 [00001644] --- App --- Immersive Display PRO v3.0.5 (01.01.2019)
05.06.2019 08:35:22.200 [00001644] --- OS 6:2 Microsoft Windows 8 Professional (build 9200), 64-bit 7(0) 8(1) 8.1(0) 10(0)
05.06.2019 08:35:22.200 [00001644] --- Process32 C:\Program Files (x86)\Google\Update\1.3.34.11\GoogleCrashHandler.exe
05.06.2019 08:35:22.200 [00001644] --- CmdLine ["C:\Program Files (x86)\Google\Update\1.3.34.11\GoogleCrashHandler.exe"]
05.06.2019 08:35:22.200 [00001644] --- Enumerating displays ...
05.06.2019 08:35:22.201 [00001644] --- SM_CMONITORS         = 1
05.06.2019 08:35:22.201 [00001644] --- SM_SAMEDISPLAYFORMAT = 1
05.06.2019 08:35:22.201 [00001644] --- SM_XVIRTUALSCREEN    = 0
05.06.2019 08:35:22.201 [00001644] --- SM_YVIRTUALSCREEN    = 0
05.06.2019 08:35:22.201 [00001644] --- SM_CXVIRTUALSCREEN   = 1024
05.06.2019 08:35:22.201 [00001644] --- SM_CYVIRTUALSCREEN   = 768
05.06.2019 08:35:22.201 [00001644] --- SM_CXCURSOR          = 32
05.06.2019 08:35:22.201 [00001644] ??? No displays enumerated. Retry later
05.06.2019 08:35:22.201 [00001644] --- hookD3D9
05.06.2019 08:35:22.202 [00001644] --- DirectX9 dll=717f0000
05.06.2019 08:35:22.231 [00001644] --- DirectX9 API detected
05.06.2019 08:35:22.231 [00001644] --- DirectX9Ex API detected
05.06.2019 08:35:22.232 [00001644] --- i1: InterfaceProc1
05.06.2019 08:35:22.232 [00001644] --- DXGI dll=72790000
05.06.2019 08:35:22.247 [00001644] --- DirectX DXGI API CreateDXGIFactory detected 1
05.06.2019 08:35:22.262 [00001644] --- DirectX DXGI API CreateDXGIFactory1 detected 1
05.06.2019 08:35:22.278 [00001644] --- DirectX DXGI API CreateDXGIFactory2 detected 1
05.06.2019 08:35:22.278 [00001644] --- DirectX DXGI API detected
05.06.2019 08:35:22.278 [00001644] --- DirectX D3D12 API detected hd3d12=72590000
05.06.2019 08:35:22.293 [00001644] --- DirectX D3D12 API detected 1
05.06.2019 08:35:22.293 [00001644] --- hookOpenGL
05.06.2019 08:35:22.413 [00001644] --- OpenGL API detected
05.06.2019 08:35:22.466 [00001644] --- PROCESS DETACH
