04.06.2019 21:36:58.593 [00001ee0] --- App --- Immersive Display PRO v3.0.5 (01.01.2019)
04.06.2019 21:36:58.593 [00001ee0] --- OS 6:2 Microsoft Windows 8 Professional (build 9200), 64-bit 7(0) 8(1) 8.1(0) 10(0)
04.06.2019 21:36:58.593 [00001ee0] --- Process64 C:\Users\own\scoop\apps\git\current\cmd\git.exe
04.06.2019 21:36:58.593 [00001ee0] --- CmdLine ["C:\Users\own\scoop\apps\git\current\cmd\git.exe"  pull]
04.06.2019 21:36:58.593 [00001ee0] --- Enumerating displays ...
04.06.2019 21:36:58.593 [00001ee0] --- Device N[\\.\DISPLAY1] S[Radeon RX 580 Series] M[Generic PnP Monitor] F[desktop primary ]
04.06.2019 21:36:58.593 [00001ee0] --- Device N[\\.\DISPLAY2] S[Radeon RX 580 Series] M[] F[]
04.06.2019 21:36:58.593 [00001ee0] --- Device N[\\.\DISPLAY3] S[Radeon RX 580 Series] M[] F[]
04.06.2019 21:36:58.593 [00001ee0] --- Device N[\\.\DISPLAY4] S[Radeon RX 580 Series] M[] F[]
04.06.2019 21:36:58.593 [00001ee0] --- Device N[\\.\DISPLAY5] S[Radeon RX 580 Series] M[] F[]
04.06.2019 21:36:58.609 [00001ee0] --- Device N[\\.\DISPLAY6] S[Radeon RX 580 Series] M[] F[]
04.06.2019 21:36:58.609 [00001ee0] --- Device N[\\.\DISPLAY7] S[Radeon RX 580 Series] M[] F[]
04.06.2019 21:36:58.609 [00001ee0] --- Device N[\\.\DISPLAY8] S[Radeon RX 580 Series] M[] F[]
04.06.2019 21:36:58.609 [00001ee0] --- SM_CMONITORS         = 1
04.06.2019 21:36:58.609 [00001ee0] --- SM_SAMEDISPLAYFORMAT = 1
04.06.2019 21:36:58.609 [00001ee0] --- SM_XVIRTUALSCREEN    = 0
04.06.2019 21:36:58.609 [00001ee0] --- SM_YVIRTUALSCREEN    = 0
04.06.2019 21:36:58.609 [00001ee0] --- SM_CXVIRTUALSCREEN   = 3840
04.06.2019 21:36:58.609 [00001ee0] --- SM_CYVIRTUALSCREEN   = 1200
04.06.2019 21:36:58.609 [00001ee0] --- SM_CXCURSOR          = 32
04.06.2019 21:36:58.609 [00001ee0] --- [\\.\DISPLAY1] [Radeon RX 580 Series] [MONITOR\ADVEF2D\{4d36e96e-e325-11ce-bfc1-08002be10318}\0017] [Generic PnP Monitor]
04.06.2019 21:36:58.609 [00001ee0] --- Enumerated 1 displays
04.06.2019 21:36:58.609 [00001ee0] --- Displays initialized
04.06.2019 21:36:58.609 [00001ee0] --- Displays[0] M[00010001] HDC[12010be8] GDC[69010c86] L=0 T=0 R=3840 B=1200 RECT[0,0 3840x1200] N[\\.\DISPLAY1] M[Generic PnP Monitor] F[1] PROJ[2x1] MAPS[2]
04.06.2019 21:36:58.609 [00001ee0] ---    Grouping G[0] N[0] GD[]
04.06.2019 21:36:58.609 [00001ee0] --- ---
04.06.2019 21:36:58.609 [00001ee0] --- hookD3D9
04.06.2019 21:36:58.609 [00001ee0] --- DirectX9 dll=f0480000
04.06.2019 21:36:58.656 [00001ee0] --- DirectX9 API detected
04.06.2019 21:36:58.656 [00001ee0] --- DirectX9Ex API detected
04.06.2019 21:36:58.656 [00001ee0] --- i1: InterfaceProc1
04.06.2019 21:36:58.656 [00001ee0] --- interfaceFunc1 [\\.\DISPLAY1] totalMaps=2
04.06.2019 21:36:58.656 [00001ee0] --- DXGI dll=1eea0000
04.06.2019 21:36:58.671 [00001ee0] --- DirectX DXGI API CreateDXGIFactory detected 1
04.06.2019 21:36:58.687 [00001ee0] --- DirectX DXGI API CreateDXGIFactory1 detected 1
04.06.2019 21:36:58.718 [00001ee0] --- DirectX DXGI API CreateDXGIFactory2 detected 1
04.06.2019 21:36:58.718 [00001ee0] --- DirectX DXGI API detected
04.06.2019 21:36:58.718 [00001ee0] --- DirectX D3D12 API detected hd3d12=18670000
04.06.2019 21:36:58.739 [00001ee0] --- DirectX D3D12 API detected 1
04.06.2019 21:36:58.739 [00001ee0] --- hookOpenGL
04.06.2019 21:36:58.889 [00001ee0] --- OpenGL API detected
04.06.2019 21:37:04.280 [00001ee0] --- PROCESS DETACH
