04.06.2019 21:23:57.887 [00001538] ??? OSM handle == NULL error=2
04.06.2019 21:23:57.887 [00001538] ^^^ SC trying session1
--- [2]
04.06.2019 21:23:57.887 [00001538] --- App --- Immersive Display PRO v3.0.5 (01.01.2019)
04.06.2019 21:23:57.887 [00001538] --- OS 6:2 Microsoft Windows 8 Professional (build 9200), 64-bit 7(0) 8(1) 8.1(0) 10(0)
04.06.2019 21:23:57.887 [00001538] --- Process32 C:\Program Files\Intel\SUR\QUEENCREEK\Updater\bin\IntelSoftwareAssetManagerService.exe
04.06.2019 21:23:57.887 [00001538] --- CmdLine ["C:\Program Files\Intel\SUR\QUEENCREEK\Updater\bin\IntelSoftwareAssetManagerService.exe"]
04.06.2019 21:23:57.887 [00001538] --- Enumerating displays ...
04.06.2019 21:23:57.887 [00001538] --- SM_CMONITORS         = 1
04.06.2019 21:23:57.887 [00001538] --- SM_SAMEDISPLAYFORMAT = 1
04.06.2019 21:23:57.887 [00001538] --- SM_XVIRTUALSCREEN    = 0
04.06.2019 21:23:57.887 [00001538] --- SM_YVIRTUALSCREEN    = 0
04.06.2019 21:23:57.887 [00001538] --- SM_CXVIRTUALSCREEN   = 1024
04.06.2019 21:23:57.887 [00001538] --- SM_CYVIRTUALSCREEN   = 768
04.06.2019 21:23:57.887 [00001538] --- SM_CXCURSOR          = 32
04.06.2019 21:23:57.887 [00001538] ??? No displays enumerated. Retry later
04.06.2019 21:23:57.887 [00001538] --- hookD3D9
04.06.2019 21:23:57.889 [00001538] --- DirectX9 dll=01ef0000
04.06.2019 21:23:57.934 [00001538] --- DirectX9 API detected
04.06.2019 21:23:57.934 [00001538] --- DirectX9Ex API detected
04.06.2019 21:23:57.934 [00001538] --- i1: InterfaceProc1
04.06.2019 21:23:57.934 [00001538] --- DXGI dll=72680000
04.06.2019 21:23:57.956 [00001538] --- DirectX DXGI API CreateDXGIFactory detected 1
04.06.2019 21:23:57.979 [00001538] --- DirectX DXGI API CreateDXGIFactory1 detected 1
04.06.2019 21:23:57.997 [00001538] --- DirectX DXGI API CreateDXGIFactory2 detected 1
04.06.2019 21:23:57.997 [00001538] --- DirectX DXGI API detected
04.06.2019 21:23:57.997 [00001538] --- DirectX D3D12 API detected hd3d12=723f0000
04.06.2019 21:23:58.024 [00001538] --- DirectX D3D12 API detected 1
04.06.2019 21:23:58.024 [00001538] --- hookOpenGL
04.06.2019 21:23:58.202 [00001538] --- OpenGL API detected
04.06.2019 21:24:19.212 [00001538] --- PROCESS DETACH
