04.06.2019 21:19:56.421 [000025f4] --- App --- Immersive Display PRO v3.0.5 (01.01.2019)
04.06.2019 21:19:56.421 [000025f4] --- OS 6:2 Microsoft Windows 8 Professional (build 9200), 64-bit 7(0) 8(1) 8.1(0) 10(0)
04.06.2019 21:19:56.421 [000025f4] --- Process64 C:\Program Files (x86)\Google\Chrome\Application\chrome.exe
04.06.2019 21:19:56.421 [000025f4] --- CmdLine ["C:\Program Files (x86)\Google\Chrome\Application\chrome.exe" --type=utility --field-trial-handle=1892,9206108063655296078,15835716343482413424,131072 --lang=zh-TW --no-sandbox --service-request-channel-token=10614085691648404583 --mojo-platform-channel-hand?]
04.06.2019 21:19:56.421 [000025f4] --- Enumerating displays ...
04.06.2019 21:19:56.421 [000025f4] --- Device N[\\.\DISPLAY1] S[Radeon RX 580 Series] M[Generic PnP Monitor] F[desktop ]
04.06.2019 21:19:56.421 [000025f4] --- Device N[\\.\DISPLAY2] S[Radeon RX 580 Series] M[Generic PnP Monitor] F[desktop primary ]
04.06.2019 21:19:56.421 [000025f4] --- Device N[\\.\DISPLAY3] S[Radeon RX 580 Series] M[] F[]
04.06.2019 21:19:56.421 [000025f4] --- Device N[\\.\DISPLAY4] S[Radeon RX 580 Series] M[] F[]
04.06.2019 21:19:56.421 [000025f4] --- Device N[\\.\DISPLAY5] S[Radeon RX 580 Series] M[] F[]
04.06.2019 21:19:56.421 [000025f4] --- Device N[\\.\DISPLAY6] S[Radeon RX 580 Series] M[] F[]
04.06.2019 21:19:56.421 [000025f4] --- SM_CMONITORS         = 2
04.06.2019 21:19:56.421 [000025f4] --- SM_SAMEDISPLAYFORMAT = 1
04.06.2019 21:19:56.421 [000025f4] --- SM_XVIRTUALSCREEN    = 0
04.06.2019 21:19:56.421 [000025f4] --- SM_YVIRTUALSCREEN    = 0
04.06.2019 21:19:56.421 [000025f4] --- SM_CXVIRTUALSCREEN   = 3840
04.06.2019 21:19:56.421 [000025f4] --- SM_CYVIRTUALSCREEN   = 1200
04.06.2019 21:19:56.421 [000025f4] --- SM_CXCURSOR          = 32
04.06.2019 21:19:56.439 [000025f4] --- [\\.\DISPLAY1] [Radeon RX 580 Series] [MONITOR\SECA70B\{4d36e96e-e325-11ce-bfc1-08002be10318}\0016] [Generic PnP Monitor]
04.06.2019 21:19:56.440 [000025f4] --- [\\.\DISPLAY2] [Radeon RX 580 Series] [MONITOR\SECA70B\{4d36e96e-e325-11ce-bfc1-08002be10318}\0015] [Generic PnP Monitor]
04.06.2019 21:19:56.440 [000025f4] --- Enumerated 2 displays
04.06.2019 21:19:56.440 [000025f4] --- Displays initialized
04.06.2019 21:19:56.440 [000025f4] --- Displays[0] M[00010003] HDC[1b010d5e] GDC[e9010605] L=1920 T=0 R=3840 B=1200 RECT[1920,0 1920x1200] N[\\.\DISPLAY1] M[Generic PnP Monitor] F[0] PROJ[0x0] MAPS[0]
04.06.2019 21:19:56.440 [000025f4] ---    Grouping G[0] N[0] GD[]
04.06.2019 21:19:56.440 [000025f4] --- Displays[1] M[00010001] HDC[d9010ca7] GDC[4f010852] L=0 T=0 R=1920 B=1200 RECT[0,0 1920x1200] N[\\.\DISPLAY2] M[Generic PnP Monitor] F[1] PROJ[0x0] MAPS[0]
04.06.2019 21:19:56.440 [000025f4] ---    Grouping G[0] N[0] GD[]
04.06.2019 21:19:56.440 [000025f4] --- ---
04.06.2019 21:19:56.440 [000025f4] --- i1:Executable chrome.exe is excluded DX9
04.06.2019 21:19:56.441 [000025f4] --- DXGI dll=1f3f0000
04.06.2019 21:19:56.468 [000025f4] --- DirectX DXGI API CreateDXGIFactory detected 1
04.06.2019 21:19:56.481 [000025f4] --- DirectX DXGI API CreateDXGIFactory1 detected 1
04.06.2019 21:19:56.521 [000025f4] --- DirectX DXGI API CreateDXGIFactory2 detected 1
04.06.2019 21:19:56.521 [000025f4] --- DirectX DXGI API detected
04.06.2019 21:19:56.522 [000025f4] --- DirectX D3D12 API detected hd3d12=18bc0000
04.06.2019 21:19:56.548 [000025f4] --- DirectX D3D12 API detected 1
04.06.2019 21:19:56.548 [000025f4] --- i2: InterfaceProc1
04.06.2019 21:19:56.548 [000025f4] --- i3:Executable chrome.exe is excluded OGL
04.06.2019 21:19:56.580 [000025f4] --- PROCESS DETACH
