04.06.2019 15:39:03.274 [000010a4] ??? OSM handle == NULL error=2
04.06.2019 15:39:03.274 [000010a4] ^^^ SC trying session1
04.06.2019 15:39:03.274 [000010a4] ??? OSM handle == NULL error=2
04.06.2019 15:39:03.274 [000010a4] ^^^ SC trying session2
04.06.2019 15:39:03.274 [000010a4] ??? OSM handle == NULL error=3
04.06.2019 15:39:03.274 [000010a4] --- DXGI dll=724a0000
04.06.2019 15:39:03.289 [000010a4] --- DirectX DXGI API CreateDXGIFactory detected 1
04.06.2019 15:39:03.305 [000010a4] --- DirectX DXGI API CreateDXGIFactory1 detected 1
04.06.2019 15:39:03.321 [000010a4] --- DirectX DXGI API CreateDXGIFactory2 detected 1
04.06.2019 15:39:03.321 [000010a4] --- DirectX DXGI API detected
04.06.2019 15:39:03.321 [000010a4] --- DirectX D3D12 API detected hd3d12=72330000
04.06.2019 15:39:03.336 [000010a4] --- DirectX D3D12 API detected 1
04.06.2019 15:39:03.336 [000010a4] ??? OSM handle == NULL error=2
04.06.2019 15:39:03.336 [000010a4] ^^^ SC trying session1
04.06.2019 15:39:03.336 [000010a4] ??? OSM handle == NULL error=2
04.06.2019 15:39:03.336 [000010a4] ^^^ SC trying session2
04.06.2019 15:39:03.336 [000010a4] ??? OSM handle == NULL error=3
04.06.2019 15:39:03.336 [000010a4] ??? OSM handle == NULL error=2
04.06.2019 15:39:03.336 [000010a4] ^^^ SC trying session1
04.06.2019 15:39:03.336 [000010a4] ??? OSM handle == NULL error=2
04.06.2019 15:39:03.336 [000010a4] ^^^ SC trying session2
04.06.2019 15:39:03.336 [000010a4] ??? OSM handle == NULL error=3
04.06.2019 15:39:04.711 [000010a4] ??? OSM handle == NULL error=2
04.06.2019 15:39:04.711 [000010a4] ^^^ SC trying session1
04.06.2019 15:39:04.711 [000010a4] ??? OSM handle == NULL error=2
04.06.2019 15:39:04.711 [000010a4] ^^^ SC trying session2
04.06.2019 15:39:04.711 [000010a4] ??? OSM handle == NULL error=3
04.06.2019 15:39:04.758 [00001b0c] ??? OSM handle == NULL error=2
04.06.2019 15:39:04.758 [00001b0c] ^^^ SC trying session1
04.06.2019 15:39:04.758 [00001b0c] ??? OSM handle == NULL error=2
04.06.2019 15:39:04.758 [00001b0c] ^^^ SC trying session2
04.06.2019 15:39:04.758 [00001b0c] ??? OSM handle == NULL error=3
04.06.2019 15:39:04.773 [00001b0c] ??? OSM handle == NULL error=2
04.06.2019 15:39:04.773 [00001b0c] ^^^ SC trying session1
04.06.2019 15:39:04.773 [00001b0c] ??? OSM handle == NULL error=2
04.06.2019 15:39:04.773 [00001b0c] ^^^ SC trying session2
04.06.2019 15:39:04.773 [00001b0c] ??? OSM handle == NULL error=3
--- [37]
04.06.2019 15:39:52.417 [00001b0c] --- App --- Immersive Display PRO v3.0.5 (01.01.2019)
04.06.2019 15:39:52.417 [00001b0c] --- OS 6:2 Microsoft Windows 8 Professional (build 9200), 64-bit 7(0) 8(1) 8.1(0) 10(0)
04.06.2019 15:39:52.417 [00001b0c] --- Process32 C:\Program Files (x86)\TeamViewer\TeamViewer.exe
04.06.2019 15:39:52.417 [00001b0c] --- CmdLine ["C:\Program Files (x86)\TeamViewer\TeamViewer.exe"]
04.06.2019 15:39:52.417 [00001b0c] --- Enumerating displays ...
04.06.2019 15:39:52.422 [00001b0c] --- Device N[\\.\DISPLAY1] S[Radeon RX 580 Series] M[Generic PnP Monitor] F[desktop primary ]
04.06.2019 15:39:52.422 [00001b0c] --- Device N[\\.\DISPLAY2] S[Radeon RX 580 Series] M[] F[]
04.06.2019 15:39:52.422 [00001b0c] --- Device N[\\.\DISPLAY3] S[Radeon RX 580 Series] M[] F[]
04.06.2019 15:39:52.422 [00001b0c] --- Device N[\\.\DISPLAY4] S[Radeon RX 580 Series] M[] F[]
04.06.2019 15:39:52.422 [00001b0c] --- Device N[\\.\DISPLAY5] S[Radeon RX 580 Series] M[] F[]
04.06.2019 15:39:52.422 [00001b0c] --- Device N[\\.\DISPLAY6] S[Radeon RX 580 Series] M[] F[]
04.06.2019 15:39:52.422 [00001b0c] --- Device N[\\.\DISPLAY7] S[Radeon RX 580 Series] M[] F[]
04.06.2019 15:39:52.422 [00001b0c] --- Device N[\\.\DISPLAY8] S[Radeon RX 580 Series] M[] F[]
04.06.2019 15:39:52.422 [00001b0c] --- SM_CMONITORS         = 1
04.06.2019 15:39:52.422 [00001b0c] --- SM_SAMEDISPLAYFORMAT = 1
04.06.2019 15:39:52.422 [00001b0c] --- SM_XVIRTUALSCREEN    = 0
04.06.2019 15:39:52.422 [00001b0c] --- SM_YVIRTUALSCREEN    = 0
04.06.2019 15:39:52.422 [00001b0c] --- SM_CXVIRTUALSCREEN   = 3840
04.06.2019 15:39:52.422 [00001b0c] --- SM_CYVIRTUALSCREEN   = 1200
04.06.2019 15:39:52.422 [00001b0c] --- SM_CXCURSOR          = 32
04.06.2019 15:39:52.427 [00001b0c] ??? No displays enumerated. Retry later
