05.06.2019 12:00:52.022 [00002728] --- App --- Immersive Display PRO v3.0.5 (01.01.2019)
05.06.2019 12:00:52.022 [00002728] --- OS 6:2 Microsoft Windows 8 Professional (build 9200), 64-bit 7(0) 8(1) 8.1(0) 10(0)
05.06.2019 12:00:52.022 [00002728] --- Process64 C:\Users\own\scoop\apps\git\2.21.0.windows.1\usr\bin\sh.exe
05.06.2019 12:00:52.022 [00002728] --- CmdLine [sh -c "git credential-manager get" "git credential-manager get"]
05.06.2019 12:00:52.022 [00002728] --- Enumerating displays ...
05.06.2019 12:00:52.022 [00002728] --- Device N[\\.\DISPLAY1] S[Radeon RX 580 Series] M[Generic PnP Monitor] F[desktop primary ]
05.06.2019 12:00:52.023 [00002728] --- Device N[\\.\DISPLAY2] S[Radeon RX 580 Series] M[] F[]
05.06.2019 12:00:52.024 [00002728] --- Device N[\\.\DISPLAY3] S[Radeon RX 580 Series] M[] F[]
05.06.2019 12:00:52.024 [00002728] --- Device N[\\.\DISPLAY4] S[Radeon RX 580 Series] M[] F[]
05.06.2019 12:00:52.025 [00002728] --- Device N[\\.\DISPLAY5] S[Radeon RX 580 Series] M[] F[]
05.06.2019 12:00:52.025 [00002728] --- Device N[\\.\DISPLAY6] S[Radeon RX 580 Series] M[] F[]
05.06.2019 12:00:52.026 [00002728] --- Device N[\\.\DISPLAY7] S[Radeon RX 580 Series] M[] F[]
05.06.2019 12:00:52.026 [00002728] --- Device N[\\.\DISPLAY8] S[Radeon RX 580 Series] M[] F[]
05.06.2019 12:00:52.026 [00002728] --- SM_CMONITORS         = 1
05.06.2019 12:00:52.026 [00002728] --- SM_SAMEDISPLAYFORMAT = 1
05.06.2019 12:00:52.026 [00002728] --- SM_XVIRTUALSCREEN    = 0
05.06.2019 12:00:52.026 [00002728] --- SM_YVIRTUALSCREEN    = 0
05.06.2019 12:00:52.026 [00002728] --- SM_CXVIRTUALSCREEN   = 3840
05.06.2019 12:00:52.026 [00002728] --- SM_CYVIRTUALSCREEN   = 1200
05.06.2019 12:00:52.026 [00002728] --- SM_CXCURSOR          = 32
05.06.2019 12:00:52.029 [00002728] --- [\\.\DISPLAY1] [Radeon RX 580 Series] [MONITOR\ADVEF2D\{4d36e96e-e325-11ce-bfc1-08002be10318}\0017] [Generic PnP Monitor]
05.06.2019 12:00:52.029 [00002728] --- Enumerated 1 displays
05.06.2019 12:00:52.029 [00002728] --- Displays initialized
05.06.2019 12:00:52.029 [00002728] --- Displays[0] M[00010001] HDC[e4011458] GDC[e9011253] L=0 T=0 R=3840 B=1200 RECT[0,0 3840x1200] N[\\.\DISPLAY1] M[Generic PnP Monitor] F[1] PROJ[2x1] MAPS[2]
05.06.2019 12:00:52.029 [00002728] ---    Grouping G[0] N[0] GD[]
05.06.2019 12:00:52.029 [00002728] --- ---
05.06.2019 12:00:52.029 [00002728] --- hookD3D9
05.06.2019 12:00:52.030 [00002728] --- DirectX9 dll=670a0000
05.06.2019 12:00:52.084 [00002728] --- DirectX9 API detected
05.06.2019 12:00:52.084 [00002728] --- DirectX9Ex API detected
05.06.2019 12:00:52.084 [00002728] --- i1: InterfaceProc1
05.06.2019 12:00:52.084 [00002728] --- interfaceFunc1 [\\.\DISPLAY1] totalMaps=2
05.06.2019 12:00:52.084 [00002728] --- DXGI dll=95b60000
05.06.2019 12:00:52.111 [00002728] --- DirectX DXGI API CreateDXGIFactory detected 1
05.06.2019 12:00:52.138 [00002728] --- DirectX DXGI API CreateDXGIFactory1 detected 1
05.06.2019 12:00:52.165 [00002728] --- DirectX DXGI API CreateDXGIFactory2 detected 1
05.06.2019 12:00:52.165 [00002728] --- DirectX DXGI API detected
05.06.2019 12:00:52.165 [00002728] --- DirectX D3D12 API detected hd3d12=8f360000
05.06.2019 12:00:52.192 [00002728] --- DirectX D3D12 API detected 1
05.06.2019 12:00:52.192 [00002728] --- hookOpenGL
05.06.2019 12:00:52.380 [00002728] --- OpenGL API detected
