04.06.2019 21:04:38.814 [00001c80] --- App --- Immersive Display PRO v3.0.5 (01.01.2019)
04.06.2019 21:04:38.814 [00001c80] --- OS 6:2 Microsoft Windows 8 Professional (build 9200), 64-bit 7(0) 8(1) 8.1(0) 10(0)
04.06.2019 21:04:38.814 [00001c80] --- Process64 C:\Program Files (x86)\Google\Chrome\Application\chrome.exe
04.06.2019 21:04:38.814 [00001c80] --- CmdLine ["C:\Program Files (x86)\Google\Chrome\Application\chrome.exe" --type=watcher --main-thread-id=8948 --on-initialized-event-handle=796 --parent-handle=800 /prefetch:6]
04.06.2019 21:04:38.814 [00001c80] --- Enumerating displays ...
04.06.2019 21:04:38.816 [00001c80] --- Device N[\\.\DISPLAY1] S[Radeon RX 580 Series] M[Generic PnP Monitor] F[desktop primary ]
04.06.2019 21:04:38.816 [00001c80] --- Device N[\\.\DISPLAY2] S[Radeon RX 580 Series] M[] F[]
04.06.2019 21:04:38.817 [00001c80] --- Device N[\\.\DISPLAY3] S[Radeon RX 580 Series] M[] F[]
04.06.2019 21:04:38.818 [00001c80] --- Device N[\\.\DISPLAY4] S[Radeon RX 580 Series] M[] F[]
04.06.2019 21:04:38.818 [00001c80] --- Device N[\\.\DISPLAY5] S[Radeon RX 580 Series] M[] F[]
04.06.2019 21:04:38.819 [00001c80] --- Device N[\\.\DISPLAY6] S[Radeon RX 580 Series] M[] F[]
04.06.2019 21:04:38.820 [00001c80] --- Device N[\\.\DISPLAY7] S[Radeon RX 580 Series] M[] F[]
04.06.2019 21:04:38.821 [00001c80] --- Device N[\\.\DISPLAY8] S[Radeon RX 580 Series] M[] F[]
04.06.2019 21:04:38.821 [00001c80] --- SM_CMONITORS         = 1
04.06.2019 21:04:38.821 [00001c80] --- SM_SAMEDISPLAYFORMAT = 1
04.06.2019 21:04:38.821 [00001c80] --- SM_XVIRTUALSCREEN    = 0
04.06.2019 21:04:38.821 [00001c80] --- SM_YVIRTUALSCREEN    = 0
04.06.2019 21:04:38.821 [00001c80] --- SM_CXVIRTUALSCREEN   = 3840
04.06.2019 21:04:38.821 [00001c80] --- SM_CYVIRTUALSCREEN   = 1200
04.06.2019 21:04:38.821 [00001c80] --- SM_CXCURSOR          = 32
04.06.2019 21:04:38.824 [00001c80] --- [\\.\DISPLAY1] [Radeon RX 580 Series] [MONITOR\ADVEF2D\{4d36e96e-e325-11ce-bfc1-08002be10318}\0013] [Generic PnP Monitor]
04.06.2019 21:04:38.825 [00001c80] --- Enumerated 1 displays
04.06.2019 21:04:38.825 [00001c80] --- Displays initialized
04.06.2019 21:04:38.825 [00001c80] --- Displays[0] M[00010001] HDC[8401123f] GDC[ef010d12] L=0 T=0 R=3840 B=1200 RECT[0,0 3840x1200] N[\\.\DISPLAY1] M[Generic PnP Monitor] F[1] PROJ[2x1] MAPS[2]
04.06.2019 21:04:38.825 [00001c80] ---    Grouping G[0] N[0] GD[]
04.06.2019 21:04:38.825 [00001c80] --- ---
04.06.2019 21:04:38.825 [00001c80] --- i1:Executable chrome.exe is excluded DX9
04.06.2019 21:04:38.825 [00001c80] --- DXGI dll=a1720000
04.06.2019 21:04:38.852 [00001c80] --- DirectX DXGI API CreateDXGIFactory detected 1
04.06.2019 21:04:38.882 [00001c80] --- DirectX DXGI API CreateDXGIFactory1 detected 1
04.06.2019 21:04:38.913 [00001c80] --- DirectX DXGI API CreateDXGIFactory2 detected 1
04.06.2019 21:04:38.913 [00001c80] --- DirectX DXGI API detected
04.06.2019 21:04:38.914 [00001c80] --- DirectX D3D12 API detected hd3d12=9a880000
04.06.2019 21:04:38.944 [00001c80] --- DirectX D3D12 API detected 1
04.06.2019 21:04:38.944 [00001c80] --- i2: InterfaceProc1
04.06.2019 21:04:38.944 [00001c80] --- interfaceFunc1 [\\.\DISPLAY1] totalMaps=2
04.06.2019 21:04:38.944 [00001c80] --- i3:Executable chrome.exe is excluded OGL
04.06.2019 21:18:24.544 [00001c80] --- PROCESS DETACH
