04.06.2019 19:21:07.041 [00002e84] --- App --- Immersive Display PRO v3.0.5 (01.01.2019)
04.06.2019 19:21:07.041 [00002e84] --- OS 6:2 Microsoft Windows 8 Professional (build 9200), 64-bit 7(0) 8(1) 8.1(0) 10(0)
04.06.2019 19:21:07.041 [00002e84] --- Process64 C:\Program Files (x86)\Google\Chrome\Application\chrome.exe
04.06.2019 19:21:07.041 [00002e84] --- CmdLine ["C:\Program Files (x86)\Google\Chrome\Application\chrome.exe" http://192.168.2.100:8080/boch/public.html --kiosk --incognito ]
04.06.2019 19:21:07.041 [00002e84] --- Enumerating displays ...
04.06.2019 19:21:07.042 [00002e84] --- Device N[\\.\DISPLAY1] S[Radeon RX 580 Series] M[Generic PnP Monitor] F[desktop primary ]
04.06.2019 19:21:07.042 [00002e84] --- Device N[\\.\DISPLAY2] S[Radeon RX 580 Series] M[] F[]
04.06.2019 19:21:07.043 [00002e84] --- Device N[\\.\DISPLAY3] S[Radeon RX 580 Series] M[] F[]
04.06.2019 19:21:07.043 [00002e84] --- Device N[\\.\DISPLAY4] S[Radeon RX 580 Series] M[] F[]
04.06.2019 19:21:07.044 [00002e84] --- Device N[\\.\DISPLAY5] S[Radeon RX 580 Series] M[] F[]
04.06.2019 19:21:07.044 [00002e84] --- Device N[\\.\DISPLAY6] S[Radeon RX 580 Series] M[] F[]
04.06.2019 19:21:07.045 [00002e84] --- Device N[\\.\DISPLAY7] S[Radeon RX 580 Series] M[] F[]
04.06.2019 19:21:07.045 [00002e84] --- Device N[\\.\DISPLAY8] S[Radeon RX 580 Series] M[] F[]
04.06.2019 19:21:07.046 [00002e84] --- SM_CMONITORS         = 1
04.06.2019 19:21:07.046 [00002e84] --- SM_SAMEDISPLAYFORMAT = 1
04.06.2019 19:21:07.046 [00002e84] --- SM_XVIRTUALSCREEN    = 0
04.06.2019 19:21:07.046 [00002e84] --- SM_YVIRTUALSCREEN    = 0
04.06.2019 19:21:07.046 [00002e84] --- SM_CXVIRTUALSCREEN   = 3840
04.06.2019 19:21:07.046 [00002e84] --- SM_CYVIRTUALSCREEN   = 1200
04.06.2019 19:21:07.046 [00002e84] --- SM_CXCURSOR          = 32
04.06.2019 19:21:07.048 [00002e84] --- [\\.\DISPLAY1] [Radeon RX 580 Series] [MONITOR\ADVEF2D\{4d36e96e-e325-11ce-bfc1-08002be10318}\0013] [Generic PnP Monitor]
04.06.2019 19:21:07.049 [00002e84] --- Enumerated 1 displays
04.06.2019 19:21:07.049 [00002e84] --- Displays initialized
04.06.2019 19:21:07.049 [00002e84] --- Displays[0] M[00010001] HDC[2c010f5f] GDC[ce010eca] L=0 T=0 R=3840 B=1200 RECT[0,0 3840x1200] N[\\.\DISPLAY1] M[Generic PnP Monitor] F[1] PROJ[2x1] MAPS[2]
04.06.2019 19:21:07.049 [00002e84] ---    Grouping G[0] N[0] GD[]
04.06.2019 19:21:07.049 [00002e84] --- ---
04.06.2019 19:21:07.049 [00002e84] --- i1:Executable chrome.exe is excluded DX9
04.06.2019 19:21:07.050 [00002e84] --- DXGI dll=a1720000
04.06.2019 19:21:07.069 [00002e84] --- DirectX DXGI API CreateDXGIFactory detected 1
04.06.2019 19:21:07.088 [00002e84] --- DirectX DXGI API CreateDXGIFactory1 detected 1
04.06.2019 19:21:07.109 [00002e84] --- DirectX DXGI API CreateDXGIFactory2 detected 1
04.06.2019 19:21:07.109 [00002e84] --- DirectX DXGI API detected
04.06.2019 19:21:07.110 [00002e84] --- DirectX D3D12 API detected hd3d12=9a880000
04.06.2019 19:21:07.130 [00002e84] --- DirectX D3D12 API detected 1
04.06.2019 19:21:07.130 [00002e84] --- i2: InterfaceProc1
04.06.2019 19:21:07.130 [00002e84] --- interfaceFunc1 [\\.\DISPLAY1] totalMaps=2
04.06.2019 19:21:07.131 [00002e84] --- i3:Executable chrome.exe is excluded OGL
04.06.2019 19:25:01.490 [00002e84] --- PROCESS DETACH
