04.06.2019 20:16:37.972 [00000778] --- App --- Immersive Display PRO v3.0.5 (01.01.2019)
04.06.2019 20:16:37.972 [00000778] --- OS 6:2 Microsoft Windows 8 Professional (build 9200), 64-bit 7(0) 8(1) 8.1(0) 10(0)
04.06.2019 20:16:37.972 [00000778] --- Process64 C:\Program Files (x86)\Google\Chrome\Application\chrome.exe
04.06.2019 20:16:37.972 [00000778] --- CmdLine ["C:\Program Files (x86)\Google\Chrome\Application\chrome.exe" --type=utility --field-trial-handle=1876,10930999579548697871,8508527302175309744,131072 --lang=zh-TW --service-sandbox-type=network --service-request-channel-token=8224243383574896098 --mojo-plat?]
04.06.2019 20:16:37.972 [00000778] --- Enumerating displays ...
04.06.2019 20:16:37.974 [00000778] --- Device N[\\.\DISPLAY1] S[Radeon RX 580 Series] M[Generic PnP Monitor] F[desktop primary ]
04.06.2019 20:16:37.975 [00000778] --- Device N[\\.\DISPLAY2] S[Radeon RX 580 Series] M[] F[]
04.06.2019 20:16:37.976 [00000778] --- Device N[\\.\DISPLAY3] S[Radeon RX 580 Series] M[] F[]
04.06.2019 20:16:37.977 [00000778] --- Device N[\\.\DISPLAY4] S[Radeon RX 580 Series] M[] F[]
04.06.2019 20:16:37.978 [00000778] --- Device N[\\.\DISPLAY5] S[Radeon RX 580 Series] M[] F[]
04.06.2019 20:16:37.979 [00000778] --- Device N[\\.\DISPLAY6] S[Radeon RX 580 Series] M[] F[]
04.06.2019 20:16:37.980 [00000778] --- Device N[\\.\DISPLAY7] S[Radeon RX 580 Series] M[] F[]
04.06.2019 20:16:37.981 [00000778] --- Device N[\\.\DISPLAY8] S[Radeon RX 580 Series] M[] F[]
04.06.2019 20:16:37.981 [00000778] --- SM_CMONITORS         = 1
04.06.2019 20:16:37.981 [00000778] --- SM_SAMEDISPLAYFORMAT = 1
04.06.2019 20:16:37.981 [00000778] --- SM_XVIRTUALSCREEN    = 0
04.06.2019 20:16:37.981 [00000778] --- SM_YVIRTUALSCREEN    = 0
04.06.2019 20:16:37.981 [00000778] --- SM_CXVIRTUALSCREEN   = 3840
04.06.2019 20:16:37.981 [00000778] --- SM_CYVIRTUALSCREEN   = 1200
04.06.2019 20:16:37.981 [00000778] --- SM_CXCURSOR          = 32
04.06.2019 20:16:37.997 [00000778] --- [\\.\DISPLAY1] [Radeon RX 580 Series] [MONITOR\ADVEF2D\{4d36e96e-e325-11ce-bfc1-08002be10318}\0013] [Generic PnP Monitor]
04.06.2019 20:16:37.999 [00000778] --- Enumerated 1 displays
04.06.2019 20:16:37.999 [00000778] --- Displays initialized
04.06.2019 20:16:37.999 [00000778] --- Displays[0] M[00010001] HDC[23011489] GDC[dc010c46] L=0 T=0 R=3840 B=1200 RECT[0,0 3840x1200] N[\\.\DISPLAY1] M[Generic PnP Monitor] F[1] PROJ[2x1] MAPS[2]
04.06.2019 20:16:37.999 [00000778] ---    Grouping G[0] N[0] GD[]
04.06.2019 20:16:37.999 [00000778] --- ---
04.06.2019 20:16:37.999 [00000778] --- i1:Executable chrome.exe is excluded DX9
04.06.2019 20:16:38.000 [00000778] --- DXGI dll=a1720000
04.06.2019 20:16:38.037 [00000778] --- DirectX DXGI API CreateDXGIFactory detected 1
04.06.2019 20:16:38.071 [00000778] --- DirectX DXGI API CreateDXGIFactory1 detected 1
04.06.2019 20:16:38.106 [00000778] --- DirectX DXGI API CreateDXGIFactory2 detected 1
04.06.2019 20:16:38.106 [00000778] --- DirectX DXGI API detected
04.06.2019 20:16:38.107 [00000778] --- DirectX D3D12 API detected hd3d12=9a880000
04.06.2019 20:16:38.152 [00000778] --- DirectX D3D12 API detected 1
04.06.2019 20:16:38.152 [00000778] --- i2: InterfaceProc1
04.06.2019 20:16:38.152 [00000778] --- interfaceFunc1 [\\.\DISPLAY1] totalMaps=2
04.06.2019 20:16:38.152 [00000778] --- i3:Executable chrome.exe is excluded OGL
