04.06.2019 21:26:54.808 [000024cc] ??? OSM handle == NULL error=2
04.06.2019 21:26:54.808 [000024cc] ^^^ SC trying session1
--- [2]
04.06.2019 21:26:54.808 [000024cc] --- App --- Immersive Display PRO v3.0.5 (01.01.2019)
04.06.2019 21:26:54.808 [000024cc] --- OS 6:2 Microsoft Windows 8 Professional (build 9200), 64-bit 7(0) 8(1) 8.1(0) 10(0)
04.06.2019 21:26:54.808 [000024cc] --- Process32 C:\Program Files (x86)\Google\Update\GoogleUpdate.exe
04.06.2019 21:26:54.808 [000024cc] --- CmdLine ["C:\Program Files (x86)\Google\Update\GoogleUpdate.exe" /svc]
04.06.2019 21:26:54.808 [000024cc] --- Enumerating displays ...
04.06.2019 21:26:54.808 [000024cc] --- SM_CMONITORS         = 1
04.06.2019 21:26:54.808 [000024cc] --- SM_SAMEDISPLAYFORMAT = 1
04.06.2019 21:26:54.808 [000024cc] --- SM_XVIRTUALSCREEN    = 0
04.06.2019 21:26:54.808 [000024cc] --- SM_YVIRTUALSCREEN    = 0
04.06.2019 21:26:54.808 [000024cc] --- SM_CXVIRTUALSCREEN   = 1024
04.06.2019 21:26:54.808 [000024cc] --- SM_CYVIRTUALSCREEN   = 768
04.06.2019 21:26:54.808 [000024cc] --- SM_CXCURSOR          = 32
04.06.2019 21:26:54.808 [000024cc] ??? No displays enumerated. Retry later
04.06.2019 21:26:54.808 [000024cc] --- hookD3D9
04.06.2019 21:26:54.808 [000024cc] --- DirectX9 dll=70df0000
04.06.2019 21:26:54.855 [000024cc] --- DirectX9 API detected
04.06.2019 21:26:54.855 [000024cc] --- DirectX9Ex API detected
04.06.2019 21:26:54.855 [000024cc] --- i1: InterfaceProc1
04.06.2019 21:26:54.855 [000024cc] --- DXGI dll=71d00000
04.06.2019 21:26:54.871 [000024cc] --- DirectX DXGI API CreateDXGIFactory detected 1
04.06.2019 21:26:54.886 [000024cc] --- DirectX DXGI API CreateDXGIFactory1 detected 1
04.06.2019 21:26:54.918 [000024cc] --- DirectX DXGI API CreateDXGIFactory2 detected 1
04.06.2019 21:26:54.918 [000024cc] --- DirectX DXGI API detected
04.06.2019 21:26:54.918 [000024cc] --- DirectX D3D12 API detected hd3d12=71b90000
04.06.2019 21:26:54.933 [000024cc] --- DirectX D3D12 API detected 1
04.06.2019 21:26:54.933 [000024cc] --- hookOpenGL
04.06.2019 21:26:55.089 [000024cc] --- OpenGL API detected
04.06.2019 21:26:55.199 [000024cc] --- PROCESS DETACH
