04.06.2019 13:53:50.630 [00002080] ??? OSM handle == NULL error=2
04.06.2019 13:53:50.630 [00002080] ^^^ SC trying session1
--- [2]
04.06.2019 13:53:50.631 [00002080] --- App --- Immersive Display PRO v3.0.5 (01.01.2019)
04.06.2019 13:53:50.631 [00002080] --- OS 6:2 Microsoft Windows 8 Professional (build 9200), 64-bit 7(0) 8(1) 8.1(0) 10(0)
04.06.2019 13:53:50.631 [00002080] --- Process64 C:\ProgramData\Microsoft\Windows Defender\platform\4.18.1904.1-0\MpCmdRun.exe
04.06.2019 13:53:50.631 [00002080] --- CmdLine ["C:\ProgramData\Microsoft\Windows Defender\platform\4.18.1904.1-0\MpCmdRun.exe" SignatureUpdate -ScheduleJob -RestrictPrivileges -Reinvoke]
04.06.2019 13:53:50.631 [00002080] --- Enumerating displays ...
04.06.2019 13:53:50.631 [00002080] --- SM_CMONITORS         = 1
04.06.2019 13:53:50.631 [00002080] --- SM_SAMEDISPLAYFORMAT = 1
04.06.2019 13:53:50.631 [00002080] --- SM_XVIRTUALSCREEN    = 0
04.06.2019 13:53:50.631 [00002080] --- SM_YVIRTUALSCREEN    = 0
04.06.2019 13:53:50.631 [00002080] --- SM_CXVIRTUALSCREEN   = 1024
04.06.2019 13:53:50.631 [00002080] --- SM_CYVIRTUALSCREEN   = 768
04.06.2019 13:53:50.631 [00002080] --- SM_CXCURSOR          = 32
04.06.2019 13:53:50.631 [00002080] ??? No displays enumerated. Retry later
04.06.2019 13:53:50.631 [00002080] --- hookD3D9
04.06.2019 13:53:50.632 [00002080] --- DirectX9 dll=56cb0000
04.06.2019 13:53:50.680 [00002080] --- DirectX9 API detected
04.06.2019 13:53:50.680 [00002080] --- DirectX9Ex API detected
04.06.2019 13:53:50.680 [00002080] --- i1: InterfaceProc1
04.06.2019 13:53:50.680 [00002080] --- DXGI dll=7ce30000
04.06.2019 13:53:50.704 [00002080] --- DirectX DXGI API CreateDXGIFactory detected 1
04.06.2019 13:53:50.728 [00002080] --- DirectX DXGI API CreateDXGIFactory1 detected 1
04.06.2019 13:53:50.752 [00002080] --- DirectX DXGI API CreateDXGIFactory2 detected 1
04.06.2019 13:53:50.752 [00002080] --- DirectX DXGI API detected
04.06.2019 13:53:50.753 [00002080] --- DirectX D3D12 API detected hd3d12=75c40000
04.06.2019 13:53:50.776 [00002080] --- DirectX D3D12 API detected 1
04.06.2019 13:53:50.776 [00002080] --- hookOpenGL
04.06.2019 13:53:50.945 [00002080] --- OpenGL API detected
04.06.2019 14:03:37.507 [00002080] --- PROCESS DETACH
