05.06.2019 10:43:28.526 [0000072c] --- App --- Immersive Display PRO v3.0.5 (01.01.2019)
05.06.2019 10:43:28.526 [0000072c] --- OS 6:2 Microsoft Windows 8 Professional (build 9200), 64-bit 7(0) 8(1) 8.1(0) 10(0)
05.06.2019 10:43:28.526 [0000072c] --- Process64 C:\WINDOWS\system32\dwm.exe
05.06.2019 10:43:28.526 [0000072c] --- CmdLine ["dwm.exe"]
05.06.2019 10:43:28.526 [0000072c] --- Enumerating displays ...
05.06.2019 10:43:28.526 [0000072c] --- Device N[\\.\DISPLAY1] S[Radeon RX 580 Series] M[Generic PnP Monitor] F[desktop primary ]
05.06.2019 10:43:28.526 [0000072c] --- Device N[\\.\DISPLAY2] S[Radeon RX 580 Series] M[] F[]
05.06.2019 10:43:28.542 [0000072c] --- Device N[\\.\DISPLAY3] S[Radeon RX 580 Series] M[] F[]
05.06.2019 10:43:28.542 [0000072c] --- Device N[\\.\DISPLAY4] S[Radeon RX 580 Series] M[] F[]
05.06.2019 10:43:28.542 [0000072c] --- Device N[\\.\DISPLAY5] S[Radeon RX 580 Series] M[] F[]
05.06.2019 10:43:28.542 [0000072c] --- Device N[\\.\DISPLAY6] S[Radeon RX 580 Series] M[] F[]
05.06.2019 10:43:28.542 [0000072c] --- Device N[\\.\DISPLAY7] S[Radeon RX 580 Series] M[] F[]
05.06.2019 10:43:28.542 [0000072c] --- Device N[\\.\DISPLAY8] S[Radeon RX 580 Series] M[] F[]
05.06.2019 10:43:28.542 [0000072c] --- SM_CMONITORS         = 1
05.06.2019 10:43:28.542 [0000072c] --- SM_SAMEDISPLAYFORMAT = 1
05.06.2019 10:43:28.542 [0000072c] --- SM_XVIRTUALSCREEN    = 0
05.06.2019 10:43:28.542 [0000072c] --- SM_YVIRTUALSCREEN    = 0
05.06.2019 10:43:28.542 [0000072c] --- SM_CXVIRTUALSCREEN   = 3840
05.06.2019 10:43:28.542 [0000072c] --- SM_CYVIRTUALSCREEN   = 1200
05.06.2019 10:43:28.542 [0000072c] --- SM_CXCURSOR          = 32
05.06.2019 10:43:28.542 [0000072c] ??? No displays enumerated. Retry later
05.06.2019 10:43:28.542 [0000072c] --- hookD3D9
05.06.2019 10:43:28.542 [0000072c] --- DirectX9 dll=328d0000
05.06.2019 10:43:28.589 [0000072c] --- DirectX9 API detected
05.06.2019 10:43:28.589 [0000072c] --- DirectX9Ex API detected
05.06.2019 10:43:28.589 [0000072c] --- i1: InterfaceProc1
05.06.2019 10:43:28.589 [0000072c] --- DXGI dll=61320000
05.06.2019 10:43:28.604 [0000072c] --- DirectX DXGI API CreateDXGIFactory detected 1
05.06.2019 10:43:28.635 [0000072c] --- DirectX DXGI API CreateDXGIFactory1 detected 1
05.06.2019 10:43:28.651 [0000072c] --- DirectX DXGI API CreateDXGIFactory2 detected 1
05.06.2019 10:43:28.651 [0000072c] --- DirectX DXGI API detected
05.06.2019 10:43:28.667 [0000072c] --- DirectX D3D11 API detected 1
05.06.2019 10:43:28.667 [0000072c] --- DirectX D3D12 API detected hd3d12=5a9e0000
05.06.2019 10:43:28.698 [0000072c] --- DirectX D3D12 API detected 1
05.06.2019 10:43:28.698 [0000072c] --- hookOpenGL
05.06.2019 10:43:28.854 [0000072c] --- OpenGL API detected
05.06.2019 10:43:28.963 [00001a98] --- D3D11CreateDevice ADAPTER NULL
05.06.2019 10:43:28.979 [00000200] --- D3D11CreateDevice ADAPTER Description=Radeon RX 580 Series
05.06.2019 10:43:28.979 [00000200] --- Device FeatureLevels[0]=0000a100
05.06.2019 10:43:28.979 [00001a98] --- Device FeatureLevel -> 0000b000
05.06.2019 10:43:28.979 [00000200] --- D3D11CreateDevice ADAPTER Description=Radeon RX 580 Series
05.06.2019 10:43:28.979 [00000200] --- Device FeatureLevels[0]=0000c100
05.06.2019 10:43:28.979 [00000200] --- Device FeatureLevels[1]=0000c000
05.06.2019 10:43:28.979 [00000200] --- Device FeatureLevels[2]=0000b100
05.06.2019 10:43:28.979 [00000200] --- Device FeatureLevels[3]=0000b000
05.06.2019 10:43:28.979 [00000200] --- Device FeatureLevels[4]=0000a100
05.06.2019 10:43:28.979 [00000200] --- Device FeatureLevels[5]=0000a000
05.06.2019 10:43:28.979 [00000200] --- Device FeatureLevels[6]=00009300
05.06.2019 10:43:28.979 [00000200] --- Device FeatureLevels[7]=00009200
05.06.2019 10:43:28.979 [00000200] --- Device FeatureLevels[8]=00009100
05.06.2019 10:43:28.979 [00000200] --- Device FeatureLevel -> 0000c000
05.06.2019 10:43:29.167 [00000200] --- Win10SC_[01] Created
05.06.2019 10:43:29.167 [00000200] --- [\\.\DISPLAY1] [Radeon RX 580 Series] [MONITOR\ADVEF2D\{4d36e96e-e325-11ce-bfc1-08002be10318}\0017] [Generic PnP Monitor]
05.06.2019 10:43:29.167 [00000200] --- shim Winmm hLib=60730000
05.06.2019 10:43:29.167 [00000200] --- shim Winmm 60736050, 60735f10, 60731060, 60731040
05.06.2019 10:43:29.174 [00000200] --- WarpContext 2ed9c040 Output=22aaff80 DeviceName=\\.\DISPLAY1 DesktopCoordinates(0,0 3840x1200) AttachedToDesktop=1 Rotation=1 (0)
05.06.2019 10:43:29.174 [00000200] --- WarpContext 2ed9c040 count 1
05.06.2019 10:43:29.174 [00000200] --- GMOC[2315bf08] DONE
05.06.2019 10:43:29.174 [00000200] --- WarpContext[2ed9c040] Monitor=00010001
05.06.2019 10:43:29.174 [00000200] --- D3DXWrapper trying d3dx11_43.dll
05.06.2019 10:43:29.174 [00000200] --- D3DXWrapper d3dx11_43.dll loaded
05.06.2019 10:43:29.174 [00000200] --- WarpContext[2ed9c040] D3DCompiler_47.DLL loaded directly
05.06.2019 10:43:29.174 [00000200] --- SCISSORS 1
05.06.2019 10:43:29.174 [00000200] --- ANISOTROPIC 4
05.06.2019 10:43:29.453 [00000200] --- WarpContext 2ed9c040 T(3840x1200) O(3840x1200) enableRotation=0 rotateDegrees=0
05.06.2019 10:43:29.475 [00000200] --- WarpContext[2ed9c040] CreateAllWarpingResources S=1 R=85 Warping=1
05.06.2019 10:43:29.475 [00000200] --- Cursor warping SSC=644448e0
05.06.2019 10:43:29.475 [00000200] ### Cursor clear cache CC[0]
05.06.2019 10:43:29.475 [00000200] ### Present[2ed9c040] S
05.06.2019 10:43:29.475 [00000200] ### Present[2ed9c040] uSOPSAS
05.06.2019 10:43:29.475 [00000200] ### Present[2ed9c040] uSNPSAS
05.06.2019 10:43:29.475 [00000200] ### Present[2ed9c040] CR
05.06.2019 10:43:29.475 [00000200] ### Present[2ed9c040] OMSRT
05.06.2019 10:43:29.477 [00000200] ### Present[2ed9c040] uDC
05.06.2019 10:43:29.477 [00000200] ### Present[2ed9c040] OMSRT
05.06.2019 10:43:29.481 [00000200] ### Present[2ed9c040] uRBT
05.06.2019 10:43:29.481 [00000200] ### Present[2ed9c040] OMSRT
05.06.2019 10:43:29.481 [00000200] ### Present[2ed9c040] uDG
05.06.2019 10:43:29.481 [00000200] ### Present[2ed9c040] uROPSAS
05.06.2019 10:43:29.481 [00000200] ### Present[2ed9c040] E
05.06.2019 10:43:32.281 [00001e00] --- Restarting DWM
05.06.2019 10:43:32.483 [00001e00] --- Exiting DWM
05.06.2019 10:43:32.535 [00001e00] --- PROCESS DETACH
