04.06.2019 21:13:25.441 [000026e4] --- App --- Immersive Display PRO v3.0.5 (01.01.2019)
04.06.2019 21:13:25.441 [000026e4] --- OS 6:2 Microsoft Windows 8 Professional (build 9200), 64-bit 7(0) 8(1) 8.1(0) 10(0)
04.06.2019 21:13:25.441 [000026e4] --- Process64 C:\Program Files\AMD\CIM\BIN64\RadeonInstaller.exe
04.06.2019 21:13:25.441 [000026e4] --- CmdLine ["C:\Program Files\AMD\CIM\BIN64\RadeonInstaller.exe" /EXPRESS_UNINSTALL /IGNORE_UPGRADE /ON_REBOOT_MESSAGE:NO]
04.06.2019 21:13:25.441 [000026e4] --- Enumerating displays ...
04.06.2019 21:13:25.442 [000026e4] --- Device N[\\.\DISPLAY1] S[Radeon RX 580 Series] M[Generic PnP Monitor] F[desktop primary ]
04.06.2019 21:13:25.443 [000026e4] --- Device N[\\.\DISPLAY2] S[Radeon RX 580 Series] M[] F[]
04.06.2019 21:13:25.443 [000026e4] --- Device N[\\.\DISPLAY3] S[Radeon RX 580 Series] M[] F[]
04.06.2019 21:13:25.443 [000026e4] --- Device N[\\.\DISPLAY4] S[Radeon RX 580 Series] M[] F[]
04.06.2019 21:13:25.444 [000026e4] --- Device N[\\.\DISPLAY5] S[Radeon RX 580 Series] M[] F[]
04.06.2019 21:13:25.444 [000026e4] --- Device N[\\.\DISPLAY6] S[Radeon RX 580 Series] M[] F[]
04.06.2019 21:13:25.445 [000026e4] --- Device N[\\.\DISPLAY7] S[Radeon RX 580 Series] M[] F[]
04.06.2019 21:13:25.445 [000026e4] --- Device N[\\.\DISPLAY8] S[Radeon RX 580 Series] M[] F[]
04.06.2019 21:13:25.445 [000026e4] --- SM_CMONITORS         = 1
04.06.2019 21:13:25.445 [000026e4] --- SM_SAMEDISPLAYFORMAT = 1
04.06.2019 21:13:25.445 [000026e4] --- SM_XVIRTUALSCREEN    = 0
04.06.2019 21:13:25.445 [000026e4] --- SM_YVIRTUALSCREEN    = 0
04.06.2019 21:13:25.445 [000026e4] --- SM_CXVIRTUALSCREEN   = 3840
04.06.2019 21:13:25.445 [000026e4] --- SM_CYVIRTUALSCREEN   = 1200
04.06.2019 21:13:25.445 [000026e4] --- SM_CXCURSOR          = 32
04.06.2019 21:13:25.447 [000026e4] --- [\\.\DISPLAY1] [Radeon RX 580 Series] [MONITOR\ADVEF2D\{4d36e96e-e325-11ce-bfc1-08002be10318}\0013] [Generic PnP Monitor]
04.06.2019 21:13:25.448 [000026e4] --- Enumerated 1 displays
04.06.2019 21:13:25.448 [000026e4] --- Displays initialized
04.06.2019 21:13:25.448 [000026e4] --- Displays[0] M[00010001] HDC[dd0111d6] GDC[0d010d40] L=0 T=0 R=3840 B=1200 RECT[0,0 3840x1200] N[\\.\DISPLAY1] M[Generic PnP Monitor] F[1] PROJ[2x1] MAPS[2]
04.06.2019 21:13:25.448 [000026e4] ---    Grouping G[0] N[0] GD[]
04.06.2019 21:13:25.448 [000026e4] --- ---
04.06.2019 21:13:25.448 [000026e4] --- hookD3D9
04.06.2019 21:13:25.448 [000026e4] --- DirectX9 dll=72ce0000
04.06.2019 21:13:25.478 [000026e4] --- DirectX9 API detected
04.06.2019 21:13:25.478 [000026e4] --- DirectX9Ex API detected
04.06.2019 21:13:25.478 [000026e4] --- i1: InterfaceProc1
04.06.2019 21:13:25.478 [000026e4] --- interfaceFunc1 [\\.\DISPLAY1] totalMaps=2
04.06.2019 21:13:25.478 [000026e4] --- DXGI dll=a1720000
04.06.2019 21:13:25.493 [000026e4] --- DirectX DXGI API CreateDXGIFactory detected 1
04.06.2019 21:13:25.508 [000026e4] --- DirectX DXGI API CreateDXGIFactory1 detected 1
04.06.2019 21:13:25.523 [000026e4] --- DirectX DXGI API CreateDXGIFactory2 detected 1
04.06.2019 21:13:25.523 [000026e4] --- DirectX DXGI API detected
04.06.2019 21:13:25.524 [000026e4] --- DirectX D3D12 API detected hd3d12=9a880000
04.06.2019 21:13:25.538 [000026e4] --- DirectX D3D12 API detected 1
04.06.2019 21:13:25.538 [000026e4] --- hookOpenGL
04.06.2019 21:13:25.641 [000026e4] --- OpenGL API detected
04.06.2019 21:13:34.254 [000026e4] --- Direct3DCreate9 00000020 -> 07bc2c80
04.06.2019 21:13:34.308 [000026e4] --- Direct3DCreate9 00000020 -> 0d9dae40
04.06.2019 21:14:32.614 [000026e4] --- Direct3DCreate9 00000020 -> 0dd55300
04.06.2019 21:14:33.655 [000026e4] --- Direct3DCreate9 00000020 -> 0dd55300
04.06.2019 21:14:38.684 [000026e4] --- Direct3DCreate9 00000020 -> 0dd55300
04.06.2019 21:14:41.698 [000026e4] --- Direct3DCreate9 00000020 -> 0dd55300
04.06.2019 21:14:42.913 [000026e4] --- Direct3DCreate9 00000020 -> 0d4f62a0
04.06.2019 21:14:42.991 [000026e4] --- PROCESS DETACH
