04.06.2019 21:40:14.451 [00002138] ??? OSM handle == NULL error=2
04.06.2019 21:40:14.451 [00002138] ^^^ SC trying session1
--- [2]
04.06.2019 21:40:14.451 [00002138] --- App --- Immersive Display PRO v3.0.5 (01.01.2019)
04.06.2019 21:40:14.451 [00002138] --- OS 6:2 Microsoft Windows 8 Professional (build 9200), 64-bit 7(0) 8(1) 8.1(0) 10(0)
04.06.2019 21:40:14.451 [00002138] --- Process32 C:\Program Files (x86)\Google\Update\1.3.34.11\GoogleCrashHandler.exe
04.06.2019 21:40:14.451 [00002138] --- CmdLine ["C:\Program Files (x86)\Google\Update\1.3.34.11\GoogleCrashHandler.exe"]
04.06.2019 21:40:14.452 [00002138] --- Enumerating displays ...
04.06.2019 21:40:14.452 [00002138] --- SM_CMONITORS         = 1
04.06.2019 21:40:14.452 [00002138] --- SM_SAMEDISPLAYFORMAT = 1
04.06.2019 21:40:14.452 [00002138] --- SM_XVIRTUALSCREEN    = 0
04.06.2019 21:40:14.452 [00002138] --- SM_YVIRTUALSCREEN    = 0
04.06.2019 21:40:14.452 [00002138] --- SM_CXVIRTUALSCREEN   = 1024
04.06.2019 21:40:14.452 [00002138] --- SM_CYVIRTUALSCREEN   = 768
04.06.2019 21:40:14.452 [00002138] --- SM_CXCURSOR          = 32
04.06.2019 21:40:14.453 [00002138] ??? No displays enumerated. Retry later
04.06.2019 21:40:14.453 [00002138] --- hookD3D9
04.06.2019 21:40:14.454 [00002138] --- DirectX9 dll=71b10000
04.06.2019 21:40:14.493 [00002138] --- DirectX9 API detected
04.06.2019 21:40:14.494 [00002138] --- DirectX9Ex API detected
04.06.2019 21:40:14.494 [00002138] --- i1: InterfaceProc1
04.06.2019 21:40:14.494 [00002138] --- DXGI dll=72ad0000
04.06.2019 21:40:14.515 [00002138] --- DirectX DXGI API CreateDXGIFactory detected 1
04.06.2019 21:40:14.536 [00002138] --- DirectX DXGI API CreateDXGIFactory1 detected 1
04.06.2019 21:40:14.557 [00002138] --- DirectX DXGI API CreateDXGIFactory2 detected 1
04.06.2019 21:40:14.557 [00002138] --- DirectX DXGI API detected
04.06.2019 21:40:14.558 [00002138] --- DirectX D3D12 API detected hd3d12=728b0000
04.06.2019 21:40:14.579 [00002138] --- DirectX D3D12 API detected 1
04.06.2019 21:40:14.579 [00002138] --- hookOpenGL
04.06.2019 21:40:14.748 [00002138] --- OpenGL API detected
04.06.2019 21:40:14.801 [00002138] --- PROCESS DETACH
