04.06.2019 21:34:25.804 [00000854] --- App --- Immersive Display PRO v3.0.5 (01.01.2019)
04.06.2019 21:34:25.804 [00000854] --- OS 6:2 Microsoft Windows 8 Professional (build 9200), 64-bit 7(0) 8(1) 8.1(0) 10(0)
04.06.2019 21:34:25.804 [00000854] --- Process64 C:\WINDOWS\system32\dwm.exe
04.06.2019 21:34:25.804 [00000854] --- CmdLine ["dwm.exe"]
04.06.2019 21:34:25.804 [00000854] --- Enumerating displays ...
04.06.2019 21:34:25.805 [00000854] --- Device N[\\.\DISPLAY1] S[Radeon RX 580 Series] M[Generic PnP Monitor] F[desktop primary ]
04.06.2019 21:34:25.805 [00000854] --- Device N[\\.\DISPLAY2] S[Radeon RX 580 Series] M[] F[]
04.06.2019 21:34:25.806 [00000854] --- Device N[\\.\DISPLAY3] S[Radeon RX 580 Series] M[] F[]
04.06.2019 21:34:25.806 [00000854] --- Device N[\\.\DISPLAY4] S[Radeon RX 580 Series] M[] F[]
04.06.2019 21:34:25.807 [00000854] --- Device N[\\.\DISPLAY5] S[Radeon RX 580 Series] M[] F[]
04.06.2019 21:34:25.807 [00000854] --- Device N[\\.\DISPLAY6] S[Radeon RX 580 Series] M[] F[]
04.06.2019 21:34:25.808 [00000854] --- Device N[\\.\DISPLAY7] S[Radeon RX 580 Series] M[] F[]
04.06.2019 21:34:25.808 [00000854] --- Device N[\\.\DISPLAY8] S[Radeon RX 580 Series] M[] F[]
04.06.2019 21:34:25.808 [00000854] --- SM_CMONITORS         = 1
04.06.2019 21:34:25.808 [00000854] --- SM_SAMEDISPLAYFORMAT = 1
04.06.2019 21:34:25.808 [00000854] --- SM_XVIRTUALSCREEN    = 0
04.06.2019 21:34:25.808 [00000854] --- SM_YVIRTUALSCREEN    = 0
04.06.2019 21:34:25.808 [00000854] --- SM_CXVIRTUALSCREEN   = 3840
04.06.2019 21:34:25.808 [00000854] --- SM_CYVIRTUALSCREEN   = 1200
04.06.2019 21:34:25.808 [00000854] --- SM_CXCURSOR          = 32
04.06.2019 21:34:25.809 [00000854] ??? No displays enumerated. Retry later
04.06.2019 21:34:25.809 [00000854] --- hookD3D9
04.06.2019 21:34:25.810 [00000854] --- DirectX9 dll=eb9d0000
04.06.2019 21:34:25.857 [00000854] --- DirectX9 API detected
04.06.2019 21:34:25.857 [00000854] --- DirectX9Ex API detected
04.06.2019 21:34:25.857 [00000854] --- i1: InterfaceProc1
04.06.2019 21:34:25.857 [00000854] --- DXGI dll=15960000
04.06.2019 21:34:25.881 [00000854] --- DirectX DXGI API CreateDXGIFactory detected 1
04.06.2019 21:34:25.897 [00000854] --- DirectX DXGI API CreateDXGIFactory1 detected 1
04.06.2019 21:34:25.912 [00000854] --- DirectX DXGI API CreateDXGIFactory2 detected 1
04.06.2019 21:34:25.912 [00000854] --- DirectX DXGI API detected
04.06.2019 21:34:25.943 [00000854] --- DirectX D3D11 API detected 1
04.06.2019 21:34:25.943 [00000854] --- DirectX D3D12 API detected hd3d12=0f0c0000
04.06.2019 21:34:25.959 [00000854] --- DirectX D3D12 API detected 1
04.06.2019 21:34:25.975 [00000854] --- hookOpenGL
04.06.2019 21:34:26.131 [00000854] --- OpenGL API detected
04.06.2019 21:34:26.240 [00000898] --- D3D11CreateDevice ADAPTER NULL
04.06.2019 21:34:26.256 [00000860] --- D3D11CreateDevice ADAPTER Description=Radeon RX 580 Series
04.06.2019 21:34:26.256 [00000860] --- Device FeatureLevels[0]=0000a100
04.06.2019 21:34:26.256 [00000898] --- Device FeatureLevel -> 0000b000
04.06.2019 21:34:26.256 [00000860] --- D3D11CreateDevice ADAPTER Description=Radeon RX 580 Series
04.06.2019 21:34:26.256 [00000860] --- Device FeatureLevels[0]=0000c100
04.06.2019 21:34:26.256 [00000860] --- Device FeatureLevels[1]=0000c000
04.06.2019 21:34:26.256 [00000860] --- Device FeatureLevels[2]=0000b100
04.06.2019 21:34:26.256 [00000860] --- Device FeatureLevels[3]=0000b000
04.06.2019 21:34:26.256 [00000860] --- Device FeatureLevels[4]=0000a100
04.06.2019 21:34:26.256 [00000860] --- Device FeatureLevels[5]=0000a000
04.06.2019 21:34:26.256 [00000860] --- Device FeatureLevels[6]=00009300
04.06.2019 21:34:26.256 [00000860] --- Device FeatureLevels[7]=00009200
04.06.2019 21:34:26.256 [00000860] --- Device FeatureLevels[8]=00009100
04.06.2019 21:34:26.272 [00000860] --- Device FeatureLevel -> 0000c000
04.06.2019 21:35:28.906 [00000894] --- Restarting DWM
04.06.2019 21:35:29.109 [00000894] --- Exiting DWM
04.06.2019 21:35:29.172 [00000894] --- PROCESS DETACH
