05.06.2019 11:57:10.755 [00002684] --- App --- Immersive Display PRO v3.0.5 (01.01.2019)
05.06.2019 11:57:10.756 [00002684] --- OS 6:2 Microsoft Windows 8 Professional (build 9200), 64-bit 7(0) 8(1) 8.1(0) 10(0)
05.06.2019 11:57:10.756 [00002684] --- Process64 C:\Users\own\scoop\apps\git\2.21.0.windows.1\mingw64\bin\git.exe
05.06.2019 11:57:10.756 [00002684] --- CmdLine [git.exe  config --global user.email "amoujhang@13techart.com"]
05.06.2019 11:57:10.756 [00002684] --- Enumerating displays ...
05.06.2019 11:57:10.756 [00002684] --- Device N[\\.\DISPLAY1] S[Radeon RX 580 Series] M[Generic PnP Monitor] F[desktop primary ]
05.06.2019 11:57:10.757 [00002684] --- Device N[\\.\DISPLAY2] S[Radeon RX 580 Series] M[] F[]
05.06.2019 11:57:10.758 [00002684] --- Device N[\\.\DISPLAY3] S[Radeon RX 580 Series] M[] F[]
05.06.2019 11:57:10.758 [00002684] --- Device N[\\.\DISPLAY4] S[Radeon RX 580 Series] M[] F[]
05.06.2019 11:57:10.759 [00002684] --- Device N[\\.\DISPLAY5] S[Radeon RX 580 Series] M[] F[]
05.06.2019 11:57:10.759 [00002684] --- Device N[\\.\DISPLAY6] S[Radeon RX 580 Series] M[] F[]
05.06.2019 11:57:10.760 [00002684] --- Device N[\\.\DISPLAY7] S[Radeon RX 580 Series] M[] F[]
05.06.2019 11:57:10.761 [00002684] --- Device N[\\.\DISPLAY8] S[Radeon RX 580 Series] M[] F[]
05.06.2019 11:57:10.761 [00002684] --- SM_CMONITORS         = 1
05.06.2019 11:57:10.761 [00002684] --- SM_SAMEDISPLAYFORMAT = 1
05.06.2019 11:57:10.761 [00002684] --- SM_XVIRTUALSCREEN    = 0
05.06.2019 11:57:10.761 [00002684] --- SM_YVIRTUALSCREEN    = 0
05.06.2019 11:57:10.761 [00002684] --- SM_CXVIRTUALSCREEN   = 3840
05.06.2019 11:57:10.761 [00002684] --- SM_CYVIRTUALSCREEN   = 1200
05.06.2019 11:57:10.761 [00002684] --- SM_CXCURSOR          = 32
05.06.2019 11:57:10.763 [00002684] --- [\\.\DISPLAY1] [Radeon RX 580 Series] [MONITOR\ADVEF2D\{4d36e96e-e325-11ce-bfc1-08002be10318}\0017] [Generic PnP Monitor]
05.06.2019 11:57:10.764 [00002684] --- Enumerated 1 displays
05.06.2019 11:57:10.764 [00002684] --- Displays initialized
05.06.2019 11:57:10.764 [00002684] --- Displays[0] M[00010001] HDC[89010fb7] GDC[58010e6e] L=0 T=0 R=3840 B=1200 RECT[0,0 3840x1200] N[\\.\DISPLAY1] M[Generic PnP Monitor] F[1] PROJ[2x1] MAPS[2]
05.06.2019 11:57:10.764 [00002684] ---    Grouping G[0] N[0] GD[]
05.06.2019 11:57:10.764 [00002684] --- ---
05.06.2019 11:57:10.764 [00002684] --- hookD3D9
05.06.2019 11:57:10.765 [00002684] --- DirectX9 dll=670a0000
05.06.2019 11:57:10.822 [00002684] --- DirectX9 API detected
05.06.2019 11:57:10.822 [00002684] --- DirectX9Ex API detected
05.06.2019 11:57:10.822 [00002684] --- i1: InterfaceProc1
05.06.2019 11:57:10.822 [00002684] --- interfaceFunc1 [\\.\DISPLAY1] totalMaps=2
05.06.2019 11:57:10.823 [00002684] --- DXGI dll=95b60000
05.06.2019 11:57:10.852 [00002684] --- DirectX DXGI API CreateDXGIFactory detected 1
05.06.2019 11:57:10.880 [00002684] --- DirectX DXGI API CreateDXGIFactory1 detected 1
05.06.2019 11:57:10.909 [00002684] --- DirectX DXGI API CreateDXGIFactory2 detected 1
05.06.2019 11:57:10.909 [00002684] --- DirectX DXGI API detected
05.06.2019 11:57:10.910 [00002684] --- DirectX D3D12 API detected hd3d12=8f360000
05.06.2019 11:57:10.939 [00002684] --- DirectX D3D12 API detected 1
05.06.2019 11:57:10.939 [00002684] --- hookOpenGL
05.06.2019 11:57:11.142 [00002684] --- OpenGL API detected
05.06.2019 11:57:11.195 [00002684] --- PROCESS DETACH
