04.06.2019 21:21:39.810 [000017e4] --- App --- Immersive Display PRO v3.0.5 (01.01.2019)
04.06.2019 21:21:39.810 [000017e4] --- OS 6:2 Microsoft Windows 8 Professional (build 9200), 64-bit 7(0) 8(1) 8.1(0) 10(0)
04.06.2019 21:21:39.810 [000017e4] --- Process32 C:\Users\own\Downloads\win10-64bit-radeon-software-adrenalin-2019-edition-19.5.2-june3.exe
04.06.2019 21:21:39.810 [000017e4] --- CmdLine ["C:\Users\own\Downloads\win10-64bit-radeon-software-adrenalin-2019-edition-19.5.2-june3.exe" ]
04.06.2019 21:21:39.810 [000017e4] --- Enumerating displays ...
04.06.2019 21:21:39.811 [000017e4] --- Device N[\\.\DISPLAY1] S[Radeon RX 580 Series] M[Generic PnP Monitor] F[desktop ]
04.06.2019 21:21:39.812 [000017e4] --- Device N[\\.\DISPLAY2] S[Radeon RX 580 Series] M[Generic PnP Monitor] F[desktop primary ]
04.06.2019 21:21:39.813 [000017e4] --- Device N[\\.\DISPLAY3] S[Radeon RX 580 Series] M[] F[]
04.06.2019 21:21:39.814 [000017e4] --- Device N[\\.\DISPLAY4] S[Radeon RX 580 Series] M[] F[]
04.06.2019 21:21:39.815 [000017e4] --- Device N[\\.\DISPLAY5] S[Radeon RX 580 Series] M[] F[]
04.06.2019 21:21:39.816 [000017e4] --- Device N[\\.\DISPLAY6] S[Radeon RX 580 Series] M[] F[]
04.06.2019 21:21:39.816 [000017e4] --- SM_CMONITORS         = 2
04.06.2019 21:21:39.816 [000017e4] --- SM_SAMEDISPLAYFORMAT = 1
04.06.2019 21:21:39.816 [000017e4] --- SM_XVIRTUALSCREEN    = 0
04.06.2019 21:21:39.816 [000017e4] --- SM_YVIRTUALSCREEN    = 0
04.06.2019 21:21:39.816 [000017e4] --- SM_CXVIRTUALSCREEN   = 3840
04.06.2019 21:21:39.816 [000017e4] --- SM_CYVIRTUALSCREEN   = 1200
04.06.2019 21:21:39.816 [000017e4] --- SM_CXCURSOR          = 32
04.06.2019 21:21:39.820 [000017e4] --- [\\.\DISPLAY1] [Radeon RX 580 Series] [MONITOR\SECA70B\{4d36e96e-e325-11ce-bfc1-08002be10318}\0016] [Generic PnP Monitor]
04.06.2019 21:21:39.821 [000017e4] --- [\\.\DISPLAY2] [Radeon RX 580 Series] [MONITOR\SECA70B\{4d36e96e-e325-11ce-bfc1-08002be10318}\0015] [Generic PnP Monitor]
04.06.2019 21:21:39.821 [000017e4] --- Enumerated 2 displays
04.06.2019 21:21:39.821 [000017e4] --- Displays initialized
04.06.2019 21:21:39.821 [000017e4] --- Displays[0] M[00010003] HDC[1b010d5e] GDC[90010da8] L=1920 T=0 R=3840 B=1200 RECT[1920,0 1920x1200] N[\\.\DISPLAY1] M[Generic PnP Monitor] F[0] PROJ[0x0] MAPS[0]
04.06.2019 21:21:39.821 [000017e4] ---    Grouping G[0] N[0] GD[]
04.06.2019 21:21:39.821 [000017e4] --- Displays[1] M[00010001] HDC[d9010ca7] GDC[9b01061d] L=0 T=0 R=1920 B=1200 RECT[0,0 1920x1200] N[\\.\DISPLAY2] M[Generic PnP Monitor] F[1] PROJ[0x0] MAPS[0]
04.06.2019 21:21:39.821 [000017e4] ---    Grouping G[0] N[0] GD[]
04.06.2019 21:21:39.821 [000017e4] --- ---
04.06.2019 21:21:39.821 [000017e4] --- hookD3D9
04.06.2019 21:21:39.823 [000017e4] --- DirectX9 dll=03db0000
04.06.2019 21:21:39.857 [000017e4] --- DirectX9 API detected
04.06.2019 21:21:39.857 [000017e4] --- DirectX9Ex API detected
04.06.2019 21:21:39.857 [000017e4] --- i1: InterfaceProc1
04.06.2019 21:21:39.857 [000017e4] --- DXGI dll=72680000
04.06.2019 21:21:39.890 [000017e4] --- DirectX DXGI API CreateDXGIFactory detected 1
04.06.2019 21:21:39.912 [000017e4] --- DirectX DXGI API CreateDXGIFactory1 detected 1
04.06.2019 21:21:39.935 [000017e4] --- DirectX DXGI API CreateDXGIFactory2 detected 1
04.06.2019 21:21:39.935 [000017e4] --- DirectX DXGI API detected
04.06.2019 21:21:39.935 [000017e4] --- DirectX D3D12 API detected hd3d12=723f0000
04.06.2019 21:21:39.958 [000017e4] --- DirectX D3D12 API detected 1
04.06.2019 21:21:39.958 [000017e4] --- hookOpenGL
04.06.2019 21:21:40.117 [000017e4] --- OpenGL API detected
04.06.2019 21:22:25.486 [000017e4] --- PROCESS DETACH
