05.06.2019 11:12:20.935 [00001f28] ??? OSM handle == NULL error=2
05.06.2019 11:12:20.935 [00001f28] ^^^ SC trying session1
--- [2]
05.06.2019 11:12:20.935 [00001f28] --- App --- Immersive Display PRO v3.0.5 (01.01.2019)
05.06.2019 11:12:20.935 [00001f28] --- OS 6:2 Microsoft Windows 8 Professional (build 9200), 64-bit 7(0) 8(1) 8.1(0) 10(0)
05.06.2019 11:12:20.935 [00001f28] --- Process32 C:\Program Files (x86)\Intel\Intel(R) Management Engine Components\DAL\jhi_service.exe
05.06.2019 11:12:20.935 [00001f28] --- CmdLine ["C:\Program Files (x86)\Intel\Intel(R) Management Engine Components\DAL\jhi_service.exe"]
05.06.2019 11:12:20.935 [00001f28] --- Enumerating displays ...
05.06.2019 11:12:20.935 [00001f28] --- SM_CMONITORS         = 1
05.06.2019 11:12:20.935 [00001f28] --- SM_SAMEDISPLAYFORMAT = 1
05.06.2019 11:12:20.936 [00001f28] --- SM_XVIRTUALSCREEN    = 0
05.06.2019 11:12:20.936 [00001f28] --- SM_YVIRTUALSCREEN    = 0
05.06.2019 11:12:20.936 [00001f28] --- SM_CXVIRTUALSCREEN   = 1024
05.06.2019 11:12:20.936 [00001f28] --- SM_CYVIRTUALSCREEN   = 768
05.06.2019 11:12:20.936 [00001f28] --- SM_CXCURSOR          = 32
05.06.2019 11:12:20.936 [00001f28] ??? No displays enumerated. Retry later
05.06.2019 11:12:20.936 [00001f28] --- hookD3D9
05.06.2019 11:12:20.937 [00001f28] --- DirectX9 dll=71870000
05.06.2019 11:12:20.975 [00001f28] --- DirectX9 API detected
05.06.2019 11:12:20.975 [00001f28] --- DirectX9Ex API detected
05.06.2019 11:12:20.975 [00001f28] --- i1: InterfaceProc1
05.06.2019 11:12:20.975 [00001f28] --- DXGI dll=72830000
05.06.2019 11:12:20.994 [00001f28] --- DirectX DXGI API CreateDXGIFactory detected 1
05.06.2019 11:12:21.014 [00001f28] --- DirectX DXGI API CreateDXGIFactory1 detected 1
05.06.2019 11:12:21.033 [00001f28] --- DirectX DXGI API CreateDXGIFactory2 detected 1
05.06.2019 11:12:21.033 [00001f28] --- DirectX DXGI API detected
05.06.2019 11:12:21.033 [00001f28] --- DirectX D3D12 API detected hd3d12=72610000
05.06.2019 11:12:21.053 [00001f28] --- DirectX D3D12 API detected 1
05.06.2019 11:12:21.053 [00001f28] --- hookOpenGL
05.06.2019 11:12:21.205 [00001f28] --- OpenGL API detected
