05.06.2019 10:46:06.126 [00001044] --- App --- Immersive Display PRO v3.0.5 (01.01.2019)
05.06.2019 10:46:06.126 [00001044] --- OS 6:2 Microsoft Windows 8 Professional (build 9200), 64-bit 7(0) 8(1) 8.1(0) 10(0)
05.06.2019 10:46:06.126 [00001044] --- Process64 C:\WINDOWS\system32\dwm.exe
05.06.2019 10:46:06.126 [00001044] --- CmdLine ["dwm.exe"]
05.06.2019 10:46:06.126 [00001044] --- Enumerating displays ...
05.06.2019 10:46:06.126 [00001044] --- Device N[\\.\DISPLAY1] S[Radeon RX 580 Series] M[Generic PnP Monitor] F[desktop primary ]
05.06.2019 10:46:06.142 [00001044] --- Device N[\\.\DISPLAY2] S[Radeon RX 580 Series] M[] F[]
05.06.2019 10:46:06.142 [00001044] --- Device N[\\.\DISPLAY3] S[Radeon RX 580 Series] M[] F[]
05.06.2019 10:46:06.142 [00001044] --- Device N[\\.\DISPLAY4] S[Radeon RX 580 Series] M[] F[]
05.06.2019 10:46:06.142 [00001044] --- Device N[\\.\DISPLAY5] S[Radeon RX 580 Series] M[] F[]
05.06.2019 10:46:06.142 [00001044] --- Device N[\\.\DISPLAY6] S[Radeon RX 580 Series] M[] F[]
05.06.2019 10:46:06.142 [00001044] --- Device N[\\.\DISPLAY7] S[Radeon RX 580 Series] M[] F[]
05.06.2019 10:46:06.142 [00001044] --- Device N[\\.\DISPLAY8] S[Radeon RX 580 Series] M[] F[]
05.06.2019 10:46:06.142 [00001044] --- SM_CMONITORS         = 1
05.06.2019 10:46:06.142 [00001044] --- SM_SAMEDISPLAYFORMAT = 1
05.06.2019 10:46:06.142 [00001044] --- SM_XVIRTUALSCREEN    = 0
05.06.2019 10:46:06.142 [00001044] --- SM_YVIRTUALSCREEN    = 0
05.06.2019 10:46:06.142 [00001044] --- SM_CXVIRTUALSCREEN   = 3840
05.06.2019 10:46:06.142 [00001044] --- SM_CYVIRTUALSCREEN   = 1200
05.06.2019 10:46:06.142 [00001044] --- SM_CXCURSOR          = 32
05.06.2019 10:46:06.142 [00001044] ??? No displays enumerated. Retry later
05.06.2019 10:46:06.142 [00001044] --- hookD3D9
05.06.2019 10:46:06.142 [00001044] --- DirectX9 dll=328d0000
05.06.2019 10:46:06.189 [00001044] --- DirectX9 API detected
05.06.2019 10:46:06.189 [00001044] --- DirectX9Ex API detected
05.06.2019 10:46:06.189 [00001044] --- i1: InterfaceProc1
05.06.2019 10:46:06.189 [00001044] --- DXGI dll=61320000
05.06.2019 10:46:06.220 [00001044] --- DirectX DXGI API CreateDXGIFactory detected 1
05.06.2019 10:46:06.251 [00001044] --- DirectX DXGI API CreateDXGIFactory1 detected 1
05.06.2019 10:46:06.267 [00001044] --- DirectX DXGI API CreateDXGIFactory2 detected 1
05.06.2019 10:46:06.267 [00001044] --- DirectX DXGI API detected
05.06.2019 10:46:06.298 [00001044] --- DirectX D3D11 API detected 1
05.06.2019 10:46:06.298 [00001044] --- DirectX D3D12 API detected hd3d12=5a9e0000
05.06.2019 10:46:06.329 [00001044] --- DirectX D3D12 API detected 1
05.06.2019 10:46:06.329 [00001044] --- hookOpenGL
05.06.2019 10:46:06.517 [00001044] --- OpenGL API detected
05.06.2019 10:46:06.642 [000014c4] --- D3D11CreateDevice ADAPTER NULL
05.06.2019 10:46:06.658 [0000238c] --- D3D11CreateDevice ADAPTER Description=Radeon RX 580 Series
05.06.2019 10:46:06.658 [0000238c] --- Device FeatureLevels[0]=0000a100
05.06.2019 10:46:06.658 [000014c4] --- Device FeatureLevel -> 0000b000
05.06.2019 10:46:06.658 [0000238c] --- D3D11CreateDevice ADAPTER Description=Radeon RX 580 Series
05.06.2019 10:46:06.658 [0000238c] --- Device FeatureLevels[0]=0000c100
05.06.2019 10:46:06.658 [0000238c] --- Device FeatureLevels[1]=0000c000
05.06.2019 10:46:06.658 [0000238c] --- Device FeatureLevels[2]=0000b100
05.06.2019 10:46:06.658 [0000238c] --- Device FeatureLevels[3]=0000b000
05.06.2019 10:46:06.658 [0000238c] --- Device FeatureLevels[4]=0000a100
05.06.2019 10:46:06.658 [0000238c] --- Device FeatureLevels[5]=0000a000
05.06.2019 10:46:06.658 [0000238c] --- Device FeatureLevels[6]=00009300
05.06.2019 10:46:06.658 [0000238c] --- Device FeatureLevels[7]=00009200
05.06.2019 10:46:06.658 [0000238c] --- Device FeatureLevels[8]=00009100
05.06.2019 10:46:06.658 [0000238c] --- Device FeatureLevel -> 0000c000
05.06.2019 10:46:06.830 [0000238c] --- Win10SC_[01] Created
05.06.2019 10:46:06.845 [0000238c] --- [\\.\DISPLAY1] [Radeon RX 580 Series] [MONITOR\ADVEF2D\{4d36e96e-e325-11ce-bfc1-08002be10318}\0017] [Generic PnP Monitor]
05.06.2019 10:46:06.845 [0000238c] --- shim Winmm hLib=60730000
05.06.2019 10:46:06.845 [0000238c] --- shim Winmm 60736050, 60735f10, 60731060, 60731040
05.06.2019 10:46:06.847 [0000238c] --- WarpContext 8833a040 Output=fd673f10 DeviceName=\\.\DISPLAY1 DesktopCoordinates(0,0 3840x1200) AttachedToDesktop=1 Rotation=1 (0)
05.06.2019 10:46:06.847 [0000238c] --- WarpContext 8833a040 count 1
05.06.2019 10:46:06.847 [0000238c] --- GMOC[fde05948] DONE
05.06.2019 10:46:06.847 [0000238c] --- WarpContext[8833a040] Monitor=00010001
05.06.2019 10:46:06.847 [0000238c] --- D3DXWrapper trying d3dx11_43.dll
05.06.2019 10:46:06.847 [0000238c] --- D3DXWrapper d3dx11_43.dll loaded
05.06.2019 10:46:06.848 [0000238c] --- WarpContext[8833a040] D3DCompiler_47.DLL loaded directly
05.06.2019 10:46:06.848 [0000238c] --- SCISSORS 1
05.06.2019 10:46:06.848 [0000238c] --- ANISOTROPIC 4
05.06.2019 10:46:07.128 [0000238c] --- WarpContext 8833a040 T(3840x1200) O(3840x1200) enableRotation=0 rotateDegrees=0
05.06.2019 10:46:07.150 [0000238c] --- WarpContext[8833a040] CreateAllWarpingResources S=1 R=85 Warping=1
05.06.2019 10:46:07.150 [0000238c] --- Cursor warping SSC=644448e0
05.06.2019 10:46:07.151 [0000238c] ### Cursor clear cache CC[0]
05.06.2019 10:46:07.151 [0000238c] ### Present[8833a040] S
05.06.2019 10:46:07.151 [0000238c] ### Present[8833a040] uSOPSAS
05.06.2019 10:46:07.151 [0000238c] ### Present[8833a040] uSNPSAS
05.06.2019 10:46:07.151 [0000238c] ### Present[8833a040] CR
05.06.2019 10:46:07.151 [0000238c] ### Present[8833a040] OMSRT
05.06.2019 10:46:07.153 [0000238c] ### Present[8833a040] uDC
05.06.2019 10:46:07.153 [0000238c] ### Present[8833a040] OMSRT
05.06.2019 10:46:07.156 [0000238c] ### Present[8833a040] uRBT
05.06.2019 10:46:07.156 [0000238c] ### Present[8833a040] OMSRT
05.06.2019 10:46:07.156 [0000238c] ### Present[8833a040] uDG
05.06.2019 10:46:07.156 [0000238c] ### Present[8833a040] uROPSAS
05.06.2019 10:46:07.156 [0000238c] ### Present[8833a040] E
05.06.2019 10:46:11.715 [0000238c] --- BaseDWMWarpContext[8833a040] CC changed LCC 6 != CC 8
05.06.2019 10:46:11.715 [0000238c] --- DestroyWarp
05.06.2019 10:46:11.715 [0000238c] --- WarpContext[8833a040] ReleaseAllWarpingResources R=-85
05.06.2019 10:46:11.715 [0000238c] --- WarpContext[8833a040] Monitor=00010001
05.06.2019 10:46:11.715 [0000238c] --- WarpContext[8833a040] D3DCompiler_47.DLL loaded directly
05.06.2019 10:46:11.715 [0000238c] --- SCISSORS 1
05.06.2019 10:46:11.715 [0000238c] --- ANISOTROPIC 4
05.06.2019 10:46:11.983 [0000238c] --- WarpContext 8833a040 T(3840x1200) O(3840x1200) enableRotation=0 rotateDegrees=0
05.06.2019 10:46:11.988 [0000238c] --- WarpContext[8833a040] CreateAllWarpingResources S=1 R=85 Warping=1
05.06.2019 10:46:11.988 [0000238c] ### Cursor clear cache CC[3]
05.06.2019 10:46:11.988 [0000238c] ### Present[8833a040] S
05.06.2019 10:46:11.988 [0000238c] ### Present[8833a040] uSOPSAS
05.06.2019 10:46:11.988 [0000238c] ### Present[8833a040] uSNPSAS
05.06.2019 10:46:11.988 [0000238c] ### Present[8833a040] CR
05.06.2019 10:46:11.988 [0000238c] ### Present[8833a040] OMSRT
05.06.2019 10:46:11.989 [0000238c] ### Present[8833a040] uDC
05.06.2019 10:46:11.989 [0000238c] ### Present[8833a040] OMSRT
05.06.2019 10:46:11.990 [0000238c] ### Present[8833a040] uRBT
05.06.2019 10:46:11.990 [0000238c] ### Present[8833a040] OMSRT
05.06.2019 10:46:11.990 [0000238c] ### Present[8833a040] uDG
05.06.2019 10:46:11.990 [0000238c] ### Present[8833a040] uROPSAS
05.06.2019 10:46:11.990 [0000238c] ### Present[8833a040] E
05.06.2019 10:46:15.335 [0000238c] --- BaseDWMWarpContext[8833a040] CC changed LCC 8 != CC 10
05.06.2019 10:46:15.335 [0000238c] --- DestroyWarp
05.06.2019 10:46:15.335 [0000238c] --- WarpContext[8833a040] ReleaseAllWarpingResources R=-85
05.06.2019 10:46:15.335 [0000238c] --- WarpContext[8833a040] Monitor=00010001
05.06.2019 10:46:15.335 [0000238c] --- WarpContext[8833a040] D3DCompiler_47.DLL loaded directly
05.06.2019 10:46:15.335 [0000238c] --- SCISSORS 1
05.06.2019 10:46:15.335 [0000238c] --- ANISOTROPIC 4
05.06.2019 10:46:15.603 [0000238c] --- WarpContext 8833a040 T(3840x1200) O(3840x1200) enableRotation=0 rotateDegrees=0
05.06.2019 10:46:15.608 [0000238c] --- WarpContext[8833a040] CreateAllWarpingResources S=1 R=85 Warping=1
05.06.2019 10:46:15.608 [0000238c] ### Cursor clear cache CC[2]
05.06.2019 10:46:15.608 [0000238c] ### Present[8833a040] S
05.06.2019 10:46:15.608 [0000238c] ### Present[8833a040] uSOPSAS
05.06.2019 10:46:15.608 [0000238c] ### Present[8833a040] uSNPSAS
05.06.2019 10:46:15.608 [0000238c] ### Present[8833a040] CR
05.06.2019 10:46:15.608 [0000238c] ### Present[8833a040] OMSRT
05.06.2019 10:46:15.609 [0000238c] ### Present[8833a040] uDC
05.06.2019 10:46:15.609 [0000238c] ### Present[8833a040] OMSRT
05.06.2019 10:46:15.610 [0000238c] ### Present[8833a040] uRBT
05.06.2019 10:46:15.610 [0000238c] ### Present[8833a040] OMSRT
05.06.2019 10:46:15.610 [0000238c] ### Present[8833a040] uDG
05.06.2019 10:46:15.610 [0000238c] ### Present[8833a040] uROPSAS
05.06.2019 10:46:15.610 [0000238c] ### Present[8833a040] E
05.06.2019 10:46:16.786 [0000238c] --- BaseDWMWarpContext[8833a040] CC changed LCC 10 != CC 12
05.06.2019 10:46:16.786 [0000238c] --- DestroyWarp
05.06.2019 10:46:16.786 [0000238c] --- WarpContext[8833a040] ReleaseAllWarpingResources R=-85
05.06.2019 10:46:16.786 [0000238c] --- WarpContext[8833a040] Monitor=00010001
05.06.2019 10:46:16.786 [0000238c] --- WarpContext[8833a040] D3DCompiler_47.DLL loaded directly
05.06.2019 10:46:16.786 [0000238c] --- SCISSORS 1
05.06.2019 10:46:16.786 [0000238c] --- ANISOTROPIC 4
05.06.2019 10:46:17.054 [0000238c] --- WarpContext 8833a040 T(3840x1200) O(3840x1200) enableRotation=0 rotateDegrees=0
05.06.2019 10:46:17.059 [0000238c] --- WarpContext[8833a040] CreateAllWarpingResources S=1 R=85 Warping=1
05.06.2019 10:46:17.059 [0000238c] ### Cursor clear cache CC[1]
05.06.2019 10:46:17.059 [0000238c] ### Present[8833a040] S
05.06.2019 10:46:17.059 [0000238c] ### Present[8833a040] uSOPSAS
05.06.2019 10:46:17.059 [0000238c] ### Present[8833a040] uSNPSAS
05.06.2019 10:46:17.059 [0000238c] ### Present[8833a040] CR
05.06.2019 10:46:17.059 [0000238c] ### Present[8833a040] OMSRT
05.06.2019 10:46:17.059 [0000238c] ### Present[8833a040] uDC
05.06.2019 10:46:17.060 [0000238c] ### Present[8833a040] OMSRT
05.06.2019 10:46:17.060 [0000238c] ### Present[8833a040] uRBT
05.06.2019 10:46:17.060 [0000238c] ### Present[8833a040] OMSRT
05.06.2019 10:46:17.060 [0000238c] ### Present[8833a040] uDG
05.06.2019 10:46:17.060 [0000238c] ### Present[8833a040] uROPSAS
05.06.2019 10:46:17.060 [0000238c] ### Present[8833a040] E
05.06.2019 10:46:18.336 [0000238c] --- BaseDWMWarpContext[8833a040] CC changed LCC 12 != CC 14
05.06.2019 10:46:18.336 [0000238c] --- DestroyWarp
05.06.2019 10:46:18.337 [0000238c] --- WarpContext[8833a040] ReleaseAllWarpingResources R=-85
05.06.2019 10:46:18.337 [0000238c] --- WarpContext[8833a040] Monitor=00010001
05.06.2019 10:46:18.337 [0000238c] --- WarpContext[8833a040] D3DCompiler_47.DLL loaded directly
05.06.2019 10:46:18.337 [0000238c] --- SCISSORS 1
05.06.2019 10:46:18.337 [0000238c] --- ANISOTROPIC 4
05.06.2019 10:46:18.606 [0000238c] --- WarpContext 8833a040 T(3840x1200) O(3840x1200) enableRotation=0 rotateDegrees=0
05.06.2019 10:46:18.609 [0000238c] --- WarpContext[8833a040] CreateAllWarpingResources S=1 R=85 Warping=1
05.06.2019 10:46:18.609 [0000238c] ### Cursor clear cache CC[1]
05.06.2019 10:46:18.609 [0000238c] ### Present[8833a040] S
05.06.2019 10:46:18.609 [0000238c] ### Present[8833a040] uSOPSAS
05.06.2019 10:46:18.609 [0000238c] ### Present[8833a040] uSNPSAS
05.06.2019 10:46:18.609 [0000238c] ### Present[8833a040] CR
05.06.2019 10:46:18.609 [0000238c] ### Present[8833a040] OMSRT
05.06.2019 10:46:18.610 [0000238c] ### Present[8833a040] uDC
05.06.2019 10:46:18.610 [0000238c] ### Present[8833a040] OMSRT
05.06.2019 10:46:18.611 [0000238c] ### Present[8833a040] uRBT
05.06.2019 10:46:18.611 [0000238c] ### Present[8833a040] OMSRT
05.06.2019 10:46:18.611 [0000238c] ### Present[8833a040] uDG
05.06.2019 10:46:18.611 [0000238c] ### Present[8833a040] uROPSAS
05.06.2019 10:46:18.611 [0000238c] ### Present[8833a040] E
05.06.2019 10:46:20.923 [0000238c] --- BaseDWMWarpContext[8833a040] CC changed LCC 14 != CC 16
05.06.2019 10:46:20.923 [0000238c] --- DestroyWarp
05.06.2019 10:46:20.923 [0000238c] --- WarpContext[8833a040] ReleaseAllWarpingResources R=-85
05.06.2019 10:46:20.923 [0000238c] --- WarpContext[8833a040] Monitor=00010001
05.06.2019 10:46:20.923 [0000238c] --- WarpContext[8833a040] D3DCompiler_47.DLL loaded directly
05.06.2019 10:46:20.923 [0000238c] --- SCISSORS 1
05.06.2019 10:46:20.923 [0000238c] --- ANISOTROPIC 4
05.06.2019 10:46:21.191 [0000238c] --- WarpContext 8833a040 T(3840x1200) O(3840x1200) enableRotation=0 rotateDegrees=0
05.06.2019 10:46:21.196 [0000238c] --- WarpContext[8833a040] CreateAllWarpingResources S=1 R=85 Warping=1
05.06.2019 10:46:21.196 [0000238c] ### Cursor clear cache CC[1]
05.06.2019 10:46:21.196 [0000238c] ### Present[8833a040] S
05.06.2019 10:46:21.196 [0000238c] ### Present[8833a040] uSOPSAS
05.06.2019 10:46:21.196 [0000238c] ### Present[8833a040] uSNPSAS
05.06.2019 10:46:21.196 [0000238c] ### Present[8833a040] CR
05.06.2019 10:46:21.196 [0000238c] ### Present[8833a040] OMSRT
05.06.2019 10:46:21.197 [0000238c] ### Present[8833a040] uDC
05.06.2019 10:46:21.197 [0000238c] ### Present[8833a040] OMSRT
05.06.2019 10:46:21.198 [0000238c] ### Present[8833a040] uRBT
05.06.2019 10:46:21.198 [0000238c] ### Present[8833a040] OMSRT
05.06.2019 10:46:21.198 [0000238c] ### Present[8833a040] uDG
05.06.2019 10:46:21.198 [0000238c] ### Present[8833a040] uROPSAS
05.06.2019 10:46:21.198 [0000238c] ### Present[8833a040] E
05.06.2019 10:46:22.724 [0000238c] --- BaseDWMWarpContext[8833a040] CC changed LCC 16 != CC 18
05.06.2019 10:46:22.724 [0000238c] --- DestroyWarp
05.06.2019 10:46:22.725 [0000238c] --- WarpContext[8833a040] ReleaseAllWarpingResources R=-85
05.06.2019 10:46:22.725 [0000238c] --- WarpContext[8833a040] Monitor=00010001
05.06.2019 10:46:22.725 [0000238c] --- WarpContext[8833a040] D3DCompiler_47.DLL loaded directly
05.06.2019 10:46:22.725 [0000238c] --- SCISSORS 1
05.06.2019 10:46:22.725 [0000238c] --- ANISOTROPIC 4
05.06.2019 10:46:22.993 [0000238c] --- WarpContext 8833a040 T(3840x1200) O(3840x1200) enableRotation=0 rotateDegrees=0
05.06.2019 10:46:22.999 [0000238c] --- WarpContext[8833a040] CreateAllWarpingResources S=1 R=85 Warping=1
05.06.2019 10:46:22.999 [0000238c] ### Cursor clear cache CC[1]
05.06.2019 10:46:22.999 [0000238c] ### Present[8833a040] S
05.06.2019 10:46:22.999 [0000238c] ### Present[8833a040] uSOPSAS
05.06.2019 10:46:22.999 [0000238c] ### Present[8833a040] uSNPSAS
05.06.2019 10:46:22.999 [0000238c] ### Present[8833a040] CR
05.06.2019 10:46:22.999 [0000238c] ### Present[8833a040] OMSRT
05.06.2019 10:46:23.000 [0000238c] ### Present[8833a040] uDC
05.06.2019 10:46:23.000 [0000238c] ### Present[8833a040] OMSRT
05.06.2019 10:46:23.000 [0000238c] ### Present[8833a040] uRBT
05.06.2019 10:46:23.000 [0000238c] ### Present[8833a040] OMSRT
05.06.2019 10:46:23.000 [0000238c] ### Present[8833a040] uDG
05.06.2019 10:46:23.000 [0000238c] ### Present[8833a040] uROPSAS
05.06.2019 10:46:23.000 [0000238c] ### Present[8833a040] E
05.06.2019 10:46:24.459 [0000238c] --- BaseDWMWarpContext[8833a040] CC changed LCC 18 != CC 20
05.06.2019 10:46:24.459 [0000238c] --- DestroyWarp
05.06.2019 10:46:24.459 [0000238c] --- WarpContext[8833a040] ReleaseAllWarpingResources R=-85
05.06.2019 10:46:24.459 [0000238c] --- WarpContext[8833a040] Monitor=00010001
05.06.2019 10:46:24.459 [0000238c] --- WarpContext[8833a040] D3DCompiler_47.DLL loaded directly
05.06.2019 10:46:24.459 [0000238c] --- SCISSORS 1
05.06.2019 10:46:24.459 [0000238c] --- ANISOTROPIC 4
05.06.2019 10:46:24.728 [0000238c] --- WarpContext 8833a040 T(3840x1200) O(3840x1200) enableRotation=0 rotateDegrees=0
05.06.2019 10:46:24.732 [0000238c] --- WarpContext[8833a040] CreateAllWarpingResources S=1 R=85 Warping=1
05.06.2019 10:46:24.732 [0000238c] ### Cursor clear cache CC[1]
05.06.2019 10:46:24.732 [0000238c] ### Present[8833a040] S
05.06.2019 10:46:24.732 [0000238c] ### Present[8833a040] uSOPSAS
05.06.2019 10:46:24.732 [0000238c] ### Present[8833a040] uSNPSAS
05.06.2019 10:46:24.732 [0000238c] ### Present[8833a040] CR
05.06.2019 10:46:24.732 [0000238c] ### Present[8833a040] OMSRT
05.06.2019 10:46:24.733 [0000238c] ### Present[8833a040] uDC
05.06.2019 10:46:24.733 [0000238c] ### Present[8833a040] OMSRT
05.06.2019 10:46:24.734 [0000238c] ### Present[8833a040] uRBT
05.06.2019 10:46:24.734 [0000238c] ### Present[8833a040] OMSRT
05.06.2019 10:46:24.734 [0000238c] ### Present[8833a040] uDG
05.06.2019 10:46:24.734 [0000238c] ### Present[8833a040] uROPSAS
05.06.2019 10:46:24.734 [0000238c] ### Present[8833a040] E
05.06.2019 10:46:26.428 [0000238c] --- BaseDWMWarpContext[8833a040] CC changed LCC 20 != CC 22
05.06.2019 10:46:26.428 [0000238c] --- DestroyWarp
05.06.2019 10:46:26.428 [0000238c] --- WarpContext[8833a040] ReleaseAllWarpingResources R=-85
05.06.2019 10:46:26.428 [0000238c] --- WarpContext[8833a040] Monitor=00010001
05.06.2019 10:46:26.428 [0000238c] --- WarpContext[8833a040] D3DCompiler_47.DLL loaded directly
05.06.2019 10:46:26.428 [0000238c] --- SCISSORS 1
05.06.2019 10:46:26.428 [0000238c] --- ANISOTROPIC 4
05.06.2019 10:46:26.695 [0000238c] --- WarpContext 8833a040 T(3840x1200) O(3840x1200) enableRotation=0 rotateDegrees=0
05.06.2019 10:46:26.700 [0000238c] --- WarpContext[8833a040] CreateAllWarpingResources S=1 R=85 Warping=1
05.06.2019 10:46:26.700 [0000238c] ### Cursor clear cache CC[1]
05.06.2019 10:46:26.701 [0000238c] ### Present[8833a040] S
05.06.2019 10:46:26.701 [0000238c] ### Present[8833a040] uSOPSAS
05.06.2019 10:46:26.701 [0000238c] ### Present[8833a040] uSNPSAS
05.06.2019 10:46:26.701 [0000238c] ### Present[8833a040] CR
05.06.2019 10:46:26.701 [0000238c] ### Present[8833a040] OMSRT
05.06.2019 10:46:26.701 [0000238c] ### Present[8833a040] uDC
05.06.2019 10:46:26.701 [0000238c] ### Present[8833a040] OMSRT
05.06.2019 10:46:26.702 [0000238c] ### Present[8833a040] uRBT
05.06.2019 10:46:26.702 [0000238c] ### Present[8833a040] OMSRT
05.06.2019 10:46:26.702 [0000238c] ### Present[8833a040] uDG
05.06.2019 10:46:26.702 [0000238c] ### Present[8833a040] uROPSAS
05.06.2019 10:46:26.702 [0000238c] ### Present[8833a040] E
