05.06.2019 10:59:04.759 [000021ac] ??? OSM handle == NULL error=2
05.06.2019 10:59:04.759 [000021ac] ^^^ SC trying session1
--- [2]
05.06.2019 10:59:04.759 [000021ac] --- App --- Immersive Display PRO v3.0.5 (01.01.2019)
05.06.2019 10:59:04.759 [000021ac] --- OS 6:2 Microsoft Windows 8 Professional (build 9200), 64-bit 7(0) 8(1) 8.1(0) 10(0)
05.06.2019 10:59:04.759 [000021ac] --- Process64 C:\Program Files\Intel\SUR\QUEENCREEK\x64\task.exe
05.06.2019 10:59:04.759 [000021ac] --- CmdLine ["C:\Program Files\Intel\SUR\QUEENCREEK\x64\task.exe"  ]
05.06.2019 10:59:04.759 [000021ac] --- Enumerating displays ...
05.06.2019 10:59:04.759 [000021ac] --- SM_CMONITORS         = 1
05.06.2019 10:59:04.759 [000021ac] --- SM_SAMEDISPLAYFORMAT = 1
05.06.2019 10:59:04.759 [000021ac] --- SM_XVIRTUALSCREEN    = 0
05.06.2019 10:59:04.759 [000021ac] --- SM_YVIRTUALSCREEN    = 0
05.06.2019 10:59:04.759 [000021ac] --- SM_CXVIRTUALSCREEN   = 1024
05.06.2019 10:59:04.759 [000021ac] --- SM_CYVIRTUALSCREEN   = 768
05.06.2019 10:59:04.759 [000021ac] --- SM_CXCURSOR          = 32
05.06.2019 10:59:04.759 [000021ac] ??? No displays enumerated. Retry later
05.06.2019 10:59:04.759 [000021ac] --- hookD3D9
05.06.2019 10:59:04.759 [000021ac] --- DirectX9 dll=a5ef0000
05.06.2019 10:59:04.806 [000021ac] --- DirectX9 API detected
05.06.2019 10:59:04.806 [000021ac] --- DirectX9Ex API detected
05.06.2019 10:59:04.806 [000021ac] --- i1: InterfaceProc1
05.06.2019 10:59:04.806 [000021ac] --- DXGI dll=d3330000
05.06.2019 10:59:04.821 [000021ac] --- DirectX DXGI API CreateDXGIFactory detected 1
05.06.2019 10:59:04.837 [000021ac] --- DirectX DXGI API CreateDXGIFactory1 detected 1
05.06.2019 10:59:04.852 [000021ac] --- DirectX DXGI API CreateDXGIFactory2 detected 1
05.06.2019 10:59:04.852 [000021ac] --- DirectX DXGI API detected
05.06.2019 10:59:04.852 [000021ac] --- DirectX D3D12 API detected hd3d12=cc750000
05.06.2019 10:59:04.884 [000021ac] --- DirectX D3D12 API detected 1
05.06.2019 10:59:04.884 [000021ac] --- hookOpenGL
05.06.2019 10:59:05.009 [000021ac] --- OpenGL API detected
05.06.2019 10:59:05.118 [000021ac] --- PROCESS DETACH
