04.06.2019 13:46:49.086 [0000221c] ??? OSM handle == NULL error=2
04.06.2019 13:46:49.086 [0000221c] ^^^ SC trying session1
--- [2]
04.06.2019 13:46:49.086 [0000221c] --- App --- Immersive Display PRO v3.0.5 (01.01.2019)
04.06.2019 13:46:49.086 [0000221c] --- OS 6:2 Microsoft Windows 8 Professional (build 9200), 64-bit 7(0) 8(1) 8.1(0) 10(0)
04.06.2019 13:46:49.086 [0000221c] --- Process32 C:\Program Files (x86)\Google\Update\GoogleUpdate.exe
04.06.2019 13:46:49.086 [0000221c] --- CmdLine ["C:\Program Files (x86)\Google\Update\GoogleUpdate.exe" /ua /installsource core]
04.06.2019 13:46:49.086 [0000221c] --- Enumerating displays ...
04.06.2019 13:46:49.086 [0000221c] --- SM_CMONITORS         = 1
04.06.2019 13:46:49.086 [0000221c] --- SM_SAMEDISPLAYFORMAT = 1
04.06.2019 13:46:49.087 [0000221c] --- SM_XVIRTUALSCREEN    = 0
04.06.2019 13:46:49.087 [0000221c] --- SM_YVIRTUALSCREEN    = 0
04.06.2019 13:46:49.087 [0000221c] --- SM_CXVIRTUALSCREEN   = 1024
04.06.2019 13:46:49.087 [0000221c] --- SM_CYVIRTUALSCREEN   = 768
04.06.2019 13:46:49.087 [0000221c] --- SM_CXCURSOR          = 32
04.06.2019 13:46:49.087 [0000221c] ??? No displays enumerated. Retry later
04.06.2019 13:46:49.087 [0000221c] --- hookD3D9
04.06.2019 13:46:49.088 [0000221c] --- DirectX9 dll=710b0000
04.06.2019 13:46:49.138 [0000221c] --- DirectX9 API detected
04.06.2019 13:46:49.138 [0000221c] --- DirectX9Ex API detected
04.06.2019 13:46:49.138 [0000221c] --- i1: InterfaceProc1
04.06.2019 13:46:49.139 [0000221c] --- DXGI dll=727a0000
04.06.2019 13:46:49.162 [0000221c] --- DirectX DXGI API CreateDXGIFactory detected 1
04.06.2019 13:46:49.186 [0000221c] --- DirectX DXGI API CreateDXGIFactory1 detected 1
04.06.2019 13:46:49.209 [0000221c] --- DirectX DXGI API CreateDXGIFactory2 detected 1
04.06.2019 13:46:49.209 [0000221c] --- DirectX DXGI API detected
04.06.2019 13:46:49.210 [0000221c] --- DirectX D3D12 API detected hd3d12=72630000
04.06.2019 13:46:49.232 [0000221c] --- DirectX D3D12 API detected 1
04.06.2019 13:46:49.232 [0000221c] --- hookOpenGL
04.06.2019 13:46:49.420 [0000221c] --- OpenGL API detected
04.06.2019 13:46:49.482 [0000221c] --- PROCESS DETACH
