04.06.2019 21:16:35.050 [000032dc] --- App --- Immersive Display PRO v3.0.5 (01.01.2019)
04.06.2019 21:16:35.050 [000032dc] --- OS 6:2 Microsoft Windows 8 Professional (build 9200), 64-bit 7(0) 8(1) 8.1(0) 10(0)
04.06.2019 21:16:35.050 [000032dc] --- Process64 C:\Program Files\Intel\SUR\QUEENCREEK\x64\esrv_svc.exe
04.06.2019 21:16:35.050 [000032dc] --- CmdLine ["C:\Program Files\Intel\SUR\QUEENCREEK\x64\esrv_svc.exe"  --install --install_options_registry_key HKEY_LOCAL_MACHINE\SYSTEM\CurrentControlSet\Services\ESRV_SVC_QUEENCREEK\install ]
04.06.2019 21:16:35.050 [000032dc] --- Enumerating displays ...
04.06.2019 21:16:35.050 [000032dc] --- Device N[\\.\DISPLAY10] S[Radeon RX 580 Series] M[Generic PnP Monitor] F[desktop ]
04.06.2019 21:16:35.050 [000032dc] --- Device N[\\.\DISPLAY11] S[Radeon RX 580 Series] M[Generic PnP Monitor] F[desktop primary ]
04.06.2019 21:16:35.050 [000032dc] --- Device N[\\.\DISPLAY12] S[Radeon RX 580 Series] M[] F[]
04.06.2019 21:16:35.050 [000032dc] --- Device N[\\.\DISPLAY13] S[Radeon RX 580 Series] M[] F[]
04.06.2019 21:16:35.066 [000032dc] --- Device N[\\.\DISPLAY14] S[Radeon RX 580 Series] M[] F[]
04.06.2019 21:16:35.066 [000032dc] --- Device N[\\.\DISPLAY15] S[Radeon RX 580 Series] M[] F[]
04.06.2019 21:16:35.066 [000032dc] --- SM_CMONITORS         = 2
04.06.2019 21:16:35.066 [000032dc] --- SM_SAMEDISPLAYFORMAT = 1
04.06.2019 21:16:35.066 [000032dc] --- SM_XVIRTUALSCREEN    = 0
04.06.2019 21:16:35.066 [000032dc] --- SM_YVIRTUALSCREEN    = 0
04.06.2019 21:16:35.066 [000032dc] --- SM_CXVIRTUALSCREEN   = 3840
04.06.2019 21:16:35.066 [000032dc] --- SM_CYVIRTUALSCREEN   = 1200
04.06.2019 21:16:35.066 [000032dc] --- SM_CXCURSOR          = 32
04.06.2019 21:16:35.066 [000032dc] --- [\\.\DISPLAY10] [Radeon RX 580 Series] [MONITOR\SECA70B\{4d36e96e-e325-11ce-bfc1-08002be10318}\0016] [Generic PnP Monitor]
04.06.2019 21:16:35.066 [000032dc] --- [\\.\DISPLAY11] [Radeon RX 580 Series] [MONITOR\SECA70B\{4d36e96e-e325-11ce-bfc1-08002be10318}\0015] [Generic PnP Monitor]
04.06.2019 21:16:35.066 [000032dc] --- Enumerated 2 displays
04.06.2019 21:16:35.066 [000032dc] --- Displays initialized
04.06.2019 21:16:35.066 [000032dc] --- Displays[0] M[001c09f1] HDC[7e010ec4] GDC[18011284] L=1920 T=0 R=3840 B=1200 RECT[1920,0 1920x1200] N[\\.\DISPLAY10] M[Generic PnP Monitor] F[0] PROJ[2x1] MAPS[2]
04.06.2019 21:16:35.066 [000032dc] ---    Grouping G[0] N[0] GD[]
04.06.2019 21:16:35.066 [000032dc] --- Displays[1] M[001205fd] HDC[e3010d45] GDC[44010110] L=0 T=0 R=1920 B=1200 RECT[0,0 1920x1200] N[\\.\DISPLAY11] M[Generic PnP Monitor] F[1] PROJ[0x0] MAPS[0]
04.06.2019 21:16:35.066 [000032dc] ---    Grouping G[0] N[0] GD[]
04.06.2019 21:16:35.066 [000032dc] --- ---
04.06.2019 21:16:35.066 [000032dc] --- hookD3D9
04.06.2019 21:16:35.066 [000032dc] --- DirectX9 dll=72ce0000
04.06.2019 21:16:35.097 [000032dc] --- DirectX9 API detected
04.06.2019 21:16:35.097 [000032dc] --- DirectX9Ex API detected
04.06.2019 21:16:35.097 [000032dc] --- i1: InterfaceProc1
04.06.2019 21:16:35.097 [000032dc] --- interfaceFunc1 [\\.\DISPLAY10] totalMaps=2
04.06.2019 21:16:35.097 [000032dc] --- DXGI dll=a1720000
04.06.2019 21:16:35.112 [000032dc] --- DirectX DXGI API CreateDXGIFactory detected 1
04.06.2019 21:16:35.128 [000032dc] --- DirectX DXGI API CreateDXGIFactory1 detected 1
04.06.2019 21:16:35.144 [000032dc] --- DirectX DXGI API CreateDXGIFactory2 detected 1
04.06.2019 21:16:35.144 [000032dc] --- DirectX DXGI API detected
04.06.2019 21:16:35.144 [000032dc] --- DirectX D3D12 API detected hd3d12=9a880000
04.06.2019 21:16:35.159 [000032dc] --- DirectX D3D12 API detected 1
04.06.2019 21:16:35.159 [000032dc] --- hookOpenGL
04.06.2019 21:16:35.284 [000032dc] --- OpenGL API detected
04.06.2019 21:16:35.347 [000032dc] --- PROCESS DETACH
