04.06.2019 21:38:37.333 [00001fcc] --- App --- Immersive Display PRO v3.0.5 (01.01.2019)
04.06.2019 21:38:37.333 [00001fcc] --- OS 6:2 Microsoft Windows 8 Professional (build 9200), 64-bit 7(0) 8(1) 8.1(0) 10(0)
04.06.2019 21:38:37.333 [00001fcc] --- Process64 C:\Users\own\scoop\apps\git\2.21.0.windows.1\mingw64\libexec\git-core\git.exe
04.06.2019 21:38:37.333 [00001fcc] --- CmdLine [git gc --auto]
04.06.2019 21:38:37.333 [00001fcc] --- Enumerating displays ...
04.06.2019 21:38:37.333 [00001fcc] --- Device N[\\.\DISPLAY1] S[Radeon RX 580 Series] M[Generic PnP Monitor] F[desktop primary ]
04.06.2019 21:38:37.334 [00001fcc] --- Device N[\\.\DISPLAY2] S[Radeon RX 580 Series] M[] F[]
04.06.2019 21:38:37.335 [00001fcc] --- Device N[\\.\DISPLAY3] S[Radeon RX 580 Series] M[] F[]
04.06.2019 21:38:37.335 [00001fcc] --- Device N[\\.\DISPLAY4] S[Radeon RX 580 Series] M[] F[]
04.06.2019 21:38:37.336 [00001fcc] --- Device N[\\.\DISPLAY5] S[Radeon RX 580 Series] M[] F[]
04.06.2019 21:38:37.336 [00001fcc] --- Device N[\\.\DISPLAY6] S[Radeon RX 580 Series] M[] F[]
04.06.2019 21:38:37.337 [00001fcc] --- Device N[\\.\DISPLAY7] S[Radeon RX 580 Series] M[] F[]
04.06.2019 21:38:37.337 [00001fcc] --- Device N[\\.\DISPLAY8] S[Radeon RX 580 Series] M[] F[]
04.06.2019 21:38:37.337 [00001fcc] --- SM_CMONITORS         = 1
04.06.2019 21:38:37.337 [00001fcc] --- SM_SAMEDISPLAYFORMAT = 1
04.06.2019 21:38:37.337 [00001fcc] --- SM_XVIRTUALSCREEN    = 0
04.06.2019 21:38:37.337 [00001fcc] --- SM_YVIRTUALSCREEN    = 0
04.06.2019 21:38:37.337 [00001fcc] --- SM_CXVIRTUALSCREEN   = 3840
04.06.2019 21:38:37.337 [00001fcc] --- SM_CYVIRTUALSCREEN   = 1200
04.06.2019 21:38:37.337 [00001fcc] --- SM_CXCURSOR          = 32
04.06.2019 21:38:37.340 [00001fcc] --- [\\.\DISPLAY1] [Radeon RX 580 Series] [MONITOR\ADVEF2D\{4d36e96e-e325-11ce-bfc1-08002be10318}\0017] [Generic PnP Monitor]
04.06.2019 21:38:37.341 [00001fcc] --- Enumerated 1 displays
04.06.2019 21:38:37.341 [00001fcc] --- Displays initialized
04.06.2019 21:38:37.341 [00001fcc] --- Displays[0] M[00010001] HDC[380106f7] GDC[12010cb0] L=0 T=0 R=3840 B=1200 RECT[0,0 3840x1200] N[\\.\DISPLAY1] M[Generic PnP Monitor] F[1] PROJ[2x1] MAPS[2]
04.06.2019 21:38:37.341 [00001fcc] ---    Grouping G[0] N[0] GD[]
04.06.2019 21:38:37.341 [00001fcc] --- ---
04.06.2019 21:38:37.341 [00001fcc] --- hookD3D9
04.06.2019 21:38:37.342 [00001fcc] --- DirectX9 dll=f7500000
04.06.2019 21:38:37.391 [00001fcc] --- DirectX9 API detected
04.06.2019 21:38:37.391 [00001fcc] --- DirectX9Ex API detected
04.06.2019 21:38:37.391 [00001fcc] --- i1: InterfaceProc1
04.06.2019 21:38:37.391 [00001fcc] --- interfaceFunc1 [\\.\DISPLAY1] totalMaps=2
04.06.2019 21:38:37.392 [00001fcc] --- DXGI dll=25e60000
04.06.2019 21:38:37.416 [00001fcc] --- DirectX DXGI API CreateDXGIFactory detected 1
04.06.2019 21:38:37.440 [00001fcc] --- DirectX DXGI API CreateDXGIFactory1 detected 1
04.06.2019 21:38:37.463 [00001fcc] --- DirectX DXGI API CreateDXGIFactory2 detected 1
04.06.2019 21:38:37.463 [00001fcc] --- DirectX DXGI API detected
04.06.2019 21:38:37.464 [00001fcc] --- DirectX D3D12 API detected hd3d12=1f560000
04.06.2019 21:38:37.488 [00001fcc] --- DirectX D3D12 API detected 1
04.06.2019 21:38:37.488 [00001fcc] --- hookOpenGL
04.06.2019 21:38:37.660 [00001fcc] --- OpenGL API detected
04.06.2019 21:38:37.714 [00001fcc] --- PROCESS DETACH
