05.06.2019 11:43:53.700 [000022c0] ??? OSM handle == NULL error=2
05.06.2019 11:43:53.700 [000022c0] ^^^ SC trying session1
--- [2]
05.06.2019 11:43:53.700 [000022c0] --- App --- Immersive Display PRO v3.0.5 (01.01.2019)
05.06.2019 11:43:53.700 [000022c0] --- OS 6:2 Microsoft Windows 8 Professional (build 9200), 64-bit 7(0) 8(1) 8.1(0) 10(0)
05.06.2019 11:43:53.700 [000022c0] --- Process32 C:\Program Files\Intel\SUR\QUEENCREEK\Updater\bin\IntelSoftwareAssetManagerService.exe
05.06.2019 11:43:53.700 [000022c0] --- CmdLine ["C:\Program Files\Intel\SUR\QUEENCREEK\Updater\bin\IntelSoftwareAssetManagerService.exe"]
05.06.2019 11:43:53.700 [000022c0] --- Enumerating displays ...
05.06.2019 11:43:53.700 [000022c0] --- SM_CMONITORS         = 1
05.06.2019 11:43:53.700 [000022c0] --- SM_SAMEDISPLAYFORMAT = 1
05.06.2019 11:43:53.700 [000022c0] --- SM_XVIRTUALSCREEN    = 0
05.06.2019 11:43:53.700 [000022c0] --- SM_YVIRTUALSCREEN    = 0
05.06.2019 11:43:53.700 [000022c0] --- SM_CXVIRTUALSCREEN   = 1024
05.06.2019 11:43:53.700 [000022c0] --- SM_CYVIRTUALSCREEN   = 768
05.06.2019 11:43:53.700 [000022c0] --- SM_CXCURSOR          = 32
05.06.2019 11:43:53.700 [000022c0] ??? No displays enumerated. Retry later
05.06.2019 11:43:53.700 [000022c0] --- hookD3D9
05.06.2019 11:43:53.701 [000022c0] --- DirectX9 dll=70fc0000
05.06.2019 11:43:53.739 [000022c0] --- DirectX9 API detected
05.06.2019 11:43:53.739 [000022c0] --- DirectX9Ex API detected
05.06.2019 11:43:53.739 [000022c0] --- i1: InterfaceProc1
05.06.2019 11:43:53.740 [000022c0] --- DXGI dll=71f60000
05.06.2019 11:43:53.758 [000022c0] --- DirectX DXGI API CreateDXGIFactory detected 1
05.06.2019 11:43:53.776 [000022c0] --- DirectX DXGI API CreateDXGIFactory1 detected 1
05.06.2019 11:43:53.795 [000022c0] --- DirectX DXGI API CreateDXGIFactory2 detected 1
05.06.2019 11:43:53.795 [000022c0] --- DirectX DXGI API detected
05.06.2019 11:43:53.795 [000022c0] --- DirectX D3D12 API detected hd3d12=71d60000
05.06.2019 11:43:53.814 [000022c0] --- DirectX D3D12 API detected 1
05.06.2019 11:43:53.814 [000022c0] --- hookOpenGL
05.06.2019 11:43:53.963 [000022c0] --- OpenGL API detected
05.06.2019 11:44:25.193 [000022c0] --- PROCESS DETACH
