05.06.2019 11:31:36.496 [00001d4c] ??? OSM handle == NULL error=2
05.06.2019 11:31:36.496 [00001d4c] ^^^ SC trying session1
--- [2]
05.06.2019 11:31:36.496 [00001d4c] --- App --- Immersive Display PRO v3.0.5 (01.01.2019)
05.06.2019 11:31:36.496 [00001d4c] --- OS 6:2 Microsoft Windows 8 Professional (build 9200), 64-bit 7(0) 8(1) 8.1(0) 10(0)
05.06.2019 11:31:36.496 [00001d4c] --- Process64 C:\Program Files\Intel\SUR\QUEENCREEK\x64\esrv_svc.exe
05.06.2019 11:31:36.496 [00001d4c] --- CmdLine ["C:\Program Files\Intel\SUR\QUEENCREEK\x64\esrv_svc.exe" "--AUTO_START" "--start" "--start_options_registry_key" "HKEY_LOCAL_MACHINE\SYSTEM\CurrentControlSet\services\ESRV_SVC_QUEENCREEK\_start"]
05.06.2019 11:31:36.496 [00001d4c] --- Enumerating displays ...
05.06.2019 11:31:36.496 [00001d4c] --- SM_CMONITORS         = 1
05.06.2019 11:31:36.496 [00001d4c] --- SM_SAMEDISPLAYFORMAT = 1
05.06.2019 11:31:36.496 [00001d4c] --- SM_XVIRTUALSCREEN    = 0
05.06.2019 11:31:36.496 [00001d4c] --- SM_YVIRTUALSCREEN    = 0
05.06.2019 11:31:36.496 [00001d4c] --- SM_CXVIRTUALSCREEN   = 1024
05.06.2019 11:31:36.496 [00001d4c] --- SM_CYVIRTUALSCREEN   = 768
05.06.2019 11:31:36.496 [00001d4c] --- SM_CXCURSOR          = 32
05.06.2019 11:31:36.496 [00001d4c] ??? No displays enumerated. Retry later
05.06.2019 11:31:36.496 [00001d4c] --- hookD3D9
05.06.2019 11:31:36.496 [00001d4c] --- DirectX9 dll=90a20000
05.06.2019 11:31:36.527 [00001d4c] --- DirectX9 API detected
05.06.2019 11:31:36.527 [00001d4c] --- DirectX9Ex API detected
05.06.2019 11:31:36.527 [00001d4c] --- i1: InterfaceProc1
05.06.2019 11:31:36.527 [00001d4c] --- DXGI dll=bde70000
05.06.2019 11:31:36.543 [00001d4c] --- DirectX DXGI API CreateDXGIFactory detected 1
05.06.2019 11:31:36.558 [00001d4c] --- DirectX DXGI API CreateDXGIFactory1 detected 1
05.06.2019 11:31:36.574 [00001d4c] --- DirectX DXGI API CreateDXGIFactory2 detected 1
05.06.2019 11:31:36.574 [00001d4c] --- DirectX DXGI API detected
05.06.2019 11:31:36.574 [00001d4c] --- DirectX D3D12 API detected hd3d12=b7540000
05.06.2019 11:31:36.590 [00001d4c] --- DirectX D3D12 API detected 1
05.06.2019 11:31:36.590 [00001d4c] --- hookOpenGL
05.06.2019 11:31:36.715 [00001d4c] --- OpenGL API detected
05.06.2019 11:34:52.891 [00001d4c] --- PROCESS DETACH
