05.06.2019 11:37:25.473 [00001eb0] ??? OSM handle == NULL error=2
05.06.2019 11:37:25.473 [00001eb0] ^^^ SC trying session1
--- [2]
05.06.2019 11:37:25.473 [00001eb0] --- App --- Immersive Display PRO v3.0.5 (01.01.2019)
05.06.2019 11:37:25.473 [00001eb0] --- OS 6:2 Microsoft Windows 8 Professional (build 9200), 64-bit 7(0) 8(1) 8.1(0) 10(0)
05.06.2019 11:37:25.473 [00001eb0] --- Process64 C:\Program Files\AMD\Performance Profile Client\AUEPMaster.exe
05.06.2019 11:37:25.473 [00001eb0] --- CmdLine [AUEPMaster.exe]
05.06.2019 11:37:25.473 [00001eb0] --- Enumerating displays ...
05.06.2019 11:37:25.473 [00001eb0] --- SM_CMONITORS         = 1
05.06.2019 11:37:25.473 [00001eb0] --- SM_SAMEDISPLAYFORMAT = 1
05.06.2019 11:37:25.473 [00001eb0] --- SM_XVIRTUALSCREEN    = 0
05.06.2019 11:37:25.473 [00001eb0] --- SM_YVIRTUALSCREEN    = 0
05.06.2019 11:37:25.473 [00001eb0] --- SM_CXVIRTUALSCREEN   = 1024
05.06.2019 11:37:25.473 [00001eb0] --- SM_CYVIRTUALSCREEN   = 768
05.06.2019 11:37:25.473 [00001eb0] --- SM_CXCURSOR          = 32
05.06.2019 11:37:25.473 [00001eb0] ??? No displays enumerated. Retry later
05.06.2019 11:37:25.473 [00001eb0] --- hookD3D9
05.06.2019 11:37:25.474 [00001eb0] --- DirectX9 dll=5c690000
05.06.2019 11:37:25.504 [00001eb0] --- DirectX9 API detected
05.06.2019 11:37:25.504 [00001eb0] --- DirectX9Ex API detected
05.06.2019 11:37:25.504 [00001eb0] --- i1: InterfaceProc1
05.06.2019 11:37:25.505 [00001eb0] --- DXGI dll=8b0e0000
05.06.2019 11:37:25.520 [00001eb0] --- DirectX DXGI API CreateDXGIFactory detected 1
05.06.2019 11:37:25.536 [00001eb0] --- DirectX DXGI API CreateDXGIFactory1 detected 1
05.06.2019 11:37:25.551 [00001eb0] --- DirectX DXGI API CreateDXGIFactory2 detected 1
05.06.2019 11:37:25.551 [00001eb0] --- DirectX DXGI API detected
05.06.2019 11:37:25.552 [00001eb0] --- DirectX D3D12 API detected hd3d12=842e0000
05.06.2019 11:37:25.567 [00001eb0] --- DirectX D3D12 API detected 1
05.06.2019 11:37:25.567 [00001eb0] --- hookOpenGL
05.06.2019 11:37:25.676 [00001eb0] --- OpenGL API detected
05.06.2019 11:39:02.220 [00001878] --- PROCESS DETACH
