04.06.2019 14:06:34.232 [00000518] --- App --- Immersive Display PRO v3.0.5 (01.01.2019)
04.06.2019 14:06:34.232 [00000518] --- OS 6:2 Microsoft Windows 8 Professional (build 9200), 64-bit 7(0) 8(1) 8.1(0) 10(0)
04.06.2019 14:06:34.232 [00000518] --- Process32 C:\WINDOWS\SysWOW64\msiexec.exe
04.06.2019 14:06:34.232 [00000518] --- CmdLine [msiexec /i vcredist.msi /qn]
04.06.2019 14:06:34.232 [00000518] --- Enumerating displays ...
04.06.2019 14:06:34.233 [00000518] --- Device N[\\.\DISPLAY1] S[Radeon RX 580 Series] M[Generic PnP Monitor] F[desktop primary ]
04.06.2019 14:06:34.234 [00000518] --- Device N[\\.\DISPLAY2] S[Radeon RX 580 Series] M[] F[]
04.06.2019 14:06:34.234 [00000518] --- Device N[\\.\DISPLAY3] S[Radeon RX 580 Series] M[] F[]
04.06.2019 14:06:34.235 [00000518] --- Device N[\\.\DISPLAY4] S[Radeon RX 580 Series] M[] F[]
04.06.2019 14:06:34.235 [00000518] --- Device N[\\.\DISPLAY5] S[Radeon RX 580 Series] M[] F[]
04.06.2019 14:06:34.236 [00000518] --- Device N[\\.\DISPLAY6] S[Radeon RX 580 Series] M[] F[]
04.06.2019 14:06:34.236 [00000518] --- Device N[\\.\DISPLAY7] S[Radeon RX 580 Series] M[] F[]
04.06.2019 14:06:34.237 [00000518] --- Device N[\\.\DISPLAY8] S[Radeon RX 580 Series] M[] F[]
04.06.2019 14:06:34.237 [00000518] --- SM_CMONITORS         = 1
04.06.2019 14:06:34.237 [00000518] --- SM_SAMEDISPLAYFORMAT = 1
04.06.2019 14:06:34.237 [00000518] --- SM_XVIRTUALSCREEN    = 0
04.06.2019 14:06:34.237 [00000518] --- SM_YVIRTUALSCREEN    = 0
04.06.2019 14:06:34.237 [00000518] --- SM_CXVIRTUALSCREEN   = 3840
04.06.2019 14:06:34.237 [00000518] --- SM_CYVIRTUALSCREEN   = 1200
04.06.2019 14:06:34.237 [00000518] --- SM_CXCURSOR          = 32
04.06.2019 14:06:34.239 [00000518] --- [\\.\DISPLAY1] [Radeon RX 580 Series] [MONITOR\ADVEF2D\{4d36e96e-e325-11ce-bfc1-08002be10318}\0013] [Generic PnP Monitor]
04.06.2019 14:06:34.239 [00000518] --- Enumerated 1 displays
04.06.2019 14:06:34.239 [00000518] --- Displays initialized
04.06.2019 14:06:34.239 [00000518] --- Displays[0] M[00010001] HDC[900111e0] GDC[5a010e33] L=0 T=0 R=3840 B=1200 RECT[0,0 3840x1200] N[\\.\DISPLAY1] M[Generic PnP Monitor] F[1] PROJ[2x1] MAPS[2]
04.06.2019 14:06:34.239 [00000518] ---    Grouping G[0] N[0] GD[]
04.06.2019 14:06:34.239 [00000518] --- ---
04.06.2019 14:06:34.239 [00000518] --- hookD3D9
04.06.2019 14:06:34.240 [00000518] --- DirectX9 dll=710b0000
04.06.2019 14:06:34.268 [00000518] --- DirectX9 API detected
04.06.2019 14:06:34.268 [00000518] --- DirectX9Ex API detected
04.06.2019 14:06:34.268 [00000518] --- i1: InterfaceProc1
04.06.2019 14:06:34.268 [00000518] --- interfaceFunc1 [\\.\DISPLAY1] totalMaps=2
04.06.2019 14:06:34.269 [00000518] --- DXGI dll=727a0000
04.06.2019 14:06:34.283 [00000518] --- DirectX DXGI API CreateDXGIFactory detected 1
04.06.2019 14:06:34.296 [00000518] --- DirectX DXGI API CreateDXGIFactory1 detected 1
04.06.2019 14:06:34.310 [00000518] --- DirectX DXGI API CreateDXGIFactory2 detected 1
04.06.2019 14:06:34.310 [00000518] --- DirectX DXGI API detected
04.06.2019 14:06:34.311 [00000518] --- DirectX D3D12 API detected hd3d12=72630000
04.06.2019 14:06:34.324 [00000518] --- DirectX D3D12 API detected 1
04.06.2019 14:06:34.324 [00000518] --- hookOpenGL
04.06.2019 14:06:34.435 [00000518] --- OpenGL API detected
04.06.2019 14:06:37.379 [00000518] --- PROCESS DETACH
