04.06.2019 15:20:39.305 [000010a0] --- App --- Immersive Display PRO v3.0.5 (01.01.2019)
04.06.2019 15:20:39.305 [000010a0] --- OS 6:2 Microsoft Windows 8 Professional (build 9200), 64-bit 7(0) 8(1) 8.1(0) 10(0)
04.06.2019 15:20:39.305 [000010a0] --- Process64 C:\WINDOWS\system32\dwm.exe
04.06.2019 15:20:39.305 [000010a0] --- CmdLine ["dwm.exe"]
04.06.2019 15:20:39.305 [000010a0] --- Enumerating displays ...
04.06.2019 15:20:39.305 [000010a0] --- Device N[\\.\DISPLAY1] S[Radeon RX 580 Series] M[Generic PnP Monitor] F[desktop primary ]
04.06.2019 15:20:39.306 [000010a0] --- Device N[\\.\DISPLAY2] S[Radeon RX 580 Series] M[] F[]
04.06.2019 15:20:39.306 [000010a0] --- Device N[\\.\DISPLAY3] S[Radeon RX 580 Series] M[] F[]
04.06.2019 15:20:39.307 [000010a0] --- Device N[\\.\DISPLAY4] S[Radeon RX 580 Series] M[] F[]
04.06.2019 15:20:39.307 [000010a0] --- Device N[\\.\DISPLAY5] S[Radeon RX 580 Series] M[] F[]
04.06.2019 15:20:39.308 [000010a0] --- Device N[\\.\DISPLAY6] S[Radeon RX 580 Series] M[] F[]
04.06.2019 15:20:39.308 [000010a0] --- Device N[\\.\DISPLAY7] S[Radeon RX 580 Series] M[] F[]
04.06.2019 15:20:39.309 [000010a0] --- Device N[\\.\DISPLAY8] S[Radeon RX 580 Series] M[] F[]
04.06.2019 15:20:39.309 [000010a0] --- SM_CMONITORS         = 1
04.06.2019 15:20:39.309 [000010a0] --- SM_SAMEDISPLAYFORMAT = 1
04.06.2019 15:20:39.309 [000010a0] --- SM_XVIRTUALSCREEN    = 0
04.06.2019 15:20:39.309 [000010a0] --- SM_YVIRTUALSCREEN    = 0
04.06.2019 15:20:39.309 [000010a0] --- SM_CXVIRTUALSCREEN   = 3840
04.06.2019 15:20:39.309 [000010a0] --- SM_CYVIRTUALSCREEN   = 1200
04.06.2019 15:20:39.309 [000010a0] --- SM_CXCURSOR          = 32
04.06.2019 15:20:39.310 [000010a0] ??? No displays enumerated. Retry later
04.06.2019 15:20:39.310 [000010a0] --- hookD3D9
04.06.2019 15:20:39.311 [000010a0] --- DirectX9 dll=56cb0000
04.06.2019 15:20:39.346 [000010a0] --- DirectX9 API detected
04.06.2019 15:20:39.346 [000010a0] --- DirectX9Ex API detected
04.06.2019 15:20:39.346 [000010a0] --- i1: InterfaceProc1
04.06.2019 15:20:39.346 [000010a0] --- DXGI dll=7ce30000
04.06.2019 15:20:39.354 [000010a0] --- DirectX DXGI API CreateDXGIFactory detected 1
04.06.2019 15:20:39.370 [000010a0] --- DirectX DXGI API CreateDXGIFactory1 detected 1
04.06.2019 15:20:39.386 [000010a0] --- DirectX DXGI API CreateDXGIFactory2 detected 1
04.06.2019 15:20:39.386 [000010a0] --- DirectX DXGI API detected
04.06.2019 15:20:39.401 [000010a0] --- DirectX D3D11 API detected 1
04.06.2019 15:20:39.401 [000010a0] --- DirectX D3D12 API detected hd3d12=75c40000
04.06.2019 15:20:39.433 [000010a0] --- DirectX D3D12 API detected 1
04.06.2019 15:20:39.433 [000010a0] --- hookOpenGL
04.06.2019 15:20:39.542 [000010a0] --- OpenGL API detected
04.06.2019 15:20:39.636 [00002378] --- D3D11CreateDevice ADAPTER NULL
04.06.2019 15:20:39.651 [00000e20] --- D3D11CreateDevice ADAPTER Description=Microsoft Basic Render Driver
04.06.2019 15:20:39.651 [00000e20] --- Device FeatureLevels[0]=0000a100
04.06.2019 15:20:39.651 [00002378] --- Device FeatureLevel -> 0000b000
04.06.2019 15:20:39.651 [00000e20] --- D3D11CreateDevice ADAPTER Description=Microsoft Basic Render Driver
04.06.2019 15:20:39.651 [00000e20] --- Device FeatureLevels[0]=0000c100
04.06.2019 15:20:39.651 [00000e20] --- Device FeatureLevels[1]=0000c000
04.06.2019 15:20:39.651 [00000e20] --- Device FeatureLevels[2]=0000b100
04.06.2019 15:20:39.651 [00000e20] --- Device FeatureLevels[3]=0000b000
04.06.2019 15:20:39.651 [00000e20] --- Device FeatureLevels[4]=0000a100
04.06.2019 15:20:39.651 [00000e20] --- Device FeatureLevels[5]=0000a000
04.06.2019 15:20:39.651 [00000e20] --- Device FeatureLevels[6]=00009300
04.06.2019 15:20:39.651 [00000e20] --- Device FeatureLevels[7]=00009200
04.06.2019 15:20:39.651 [00000e20] --- Device FeatureLevels[8]=00009100
04.06.2019 15:20:39.651 [00000e20] --- Device FeatureLevel -> 0000c100
04.06.2019 15:20:39.682 [00000e20] --- D3D11CreateDevice ADAPTER Description=Radeon RX 580 Series
04.06.2019 15:20:39.682 [00000e20] --- Device FeatureLevels[0]=0000a100
04.06.2019 15:20:39.682 [00000e20] --- D3D11CreateDevice ADAPTER Description=Radeon RX 580 Series
04.06.2019 15:20:39.682 [00000e20] --- Device FeatureLevels[0]=0000c100
04.06.2019 15:20:39.682 [00000e20] --- Device FeatureLevels[1]=0000c000
04.06.2019 15:20:39.682 [00000e20] --- Device FeatureLevels[2]=0000b100
04.06.2019 15:20:39.682 [00000e20] --- Device FeatureLevels[3]=0000b000
04.06.2019 15:20:39.682 [00000e20] --- Device FeatureLevels[4]=0000a100
04.06.2019 15:20:39.682 [00000e20] --- Device FeatureLevels[5]=0000a000
04.06.2019 15:20:39.682 [00000e20] --- Device FeatureLevels[6]=00009300
04.06.2019 15:20:39.682 [00000e20] --- Device FeatureLevels[7]=00009200
04.06.2019 15:20:39.682 [00000e20] --- Device FeatureLevels[8]=00009100
04.06.2019 15:20:39.682 [00000e20] --- Device FeatureLevel -> 0000c000
04.06.2019 15:22:52.204 [00001c54] --- Restarting DWM
04.06.2019 15:22:52.406 [00001c54] --- Exiting DWM
04.06.2019 15:22:52.469 [00001c54] --- PROCESS DETACH
