05.06.2019 10:57:05.924 [00002048] ??? OSM handle == NULL error=2
05.06.2019 10:57:05.924 [00002048] ^^^ SC trying session1
--- [2]
05.06.2019 10:57:05.924 [00002048] --- App --- Immersive Display PRO v3.0.5 (01.01.2019)
05.06.2019 10:57:05.924 [00002048] --- OS 6:2 Microsoft Windows 8 Professional (build 9200), 64-bit 7(0) 8(1) 8.1(0) 10(0)
05.06.2019 10:57:05.924 [00002048] --- Process32 C:\Program Files (x86)\Google\Update\GoogleUpdate.exe
05.06.2019 10:57:05.924 [00002048] --- CmdLine ["C:\Program Files (x86)\Google\Update\GoogleUpdate.exe" /svc]
05.06.2019 10:57:05.924 [00002048] --- Enumerating displays ...
05.06.2019 10:57:05.924 [00002048] --- SM_CMONITORS         = 1
05.06.2019 10:57:05.924 [00002048] --- SM_SAMEDISPLAYFORMAT = 1
05.06.2019 10:57:05.924 [00002048] --- SM_XVIRTUALSCREEN    = 0
05.06.2019 10:57:05.924 [00002048] --- SM_YVIRTUALSCREEN    = 0
05.06.2019 10:57:05.924 [00002048] --- SM_CXVIRTUALSCREEN   = 1024
05.06.2019 10:57:05.924 [00002048] --- SM_CYVIRTUALSCREEN   = 768
05.06.2019 10:57:05.924 [00002048] --- SM_CXCURSOR          = 32
05.06.2019 10:57:05.924 [00002048] ??? No displays enumerated. Retry later
05.06.2019 10:57:05.924 [00002048] --- hookD3D9
05.06.2019 10:57:05.924 [00002048] --- DirectX9 dll=71410000
05.06.2019 10:57:05.970 [00002048] --- DirectX9 API detected
05.06.2019 10:57:05.970 [00002048] --- DirectX9Ex API detected
05.06.2019 10:57:05.970 [00002048] --- i1: InterfaceProc1
05.06.2019 10:57:05.970 [00002048] --- DXGI dll=72320000
05.06.2019 10:57:05.986 [00002048] --- DirectX DXGI API CreateDXGIFactory detected 1
05.06.2019 10:57:06.017 [00002048] --- DirectX DXGI API CreateDXGIFactory1 detected 1
05.06.2019 10:57:06.033 [00002048] --- DirectX DXGI API CreateDXGIFactory2 detected 1
05.06.2019 10:57:06.033 [00002048] --- DirectX DXGI API detected
05.06.2019 10:57:06.033 [00002048] --- DirectX D3D12 API detected hd3d12=721b0000
05.06.2019 10:57:06.049 [00002048] --- DirectX D3D12 API detected 1
05.06.2019 10:57:06.049 [00002048] --- hookOpenGL
05.06.2019 10:57:06.205 [00002048] --- OpenGL API detected
05.06.2019 10:57:06.314 [00002048] --- PROCESS DETACH
