04.06.2019 14:05:23.442 [00001494] --- App --- Immersive Display PRO v3.0.5 (01.01.2019)
04.06.2019 14:05:23.442 [00001494] --- OS 6:2 Microsoft Windows 8 Professional (build 9200), 64-bit 7(0) 8(1) 8.1(0) 10(0)
04.06.2019 14:05:23.442 [00001494] --- Process64 C:\Program Files\Common Files\microsoft shared\ink\TabTip.exe
04.06.2019 14:05:23.442 [00001494] --- CmdLine [/QuitInfo:00000000000001FC;00000000000001F8;  ]
04.06.2019 14:05:23.442 [00001494] --- Enumerating displays ...
04.06.2019 14:05:23.443 [00001494] --- Device N[\\.\DISPLAY1] S[Radeon RX 580 Series] M[Generic PnP Monitor] F[desktop primary ]
04.06.2019 14:05:23.444 [00001494] --- Device N[\\.\DISPLAY2] S[Radeon RX 580 Series] M[] F[]
04.06.2019 14:05:23.444 [00001494] --- Device N[\\.\DISPLAY3] S[Radeon RX 580 Series] M[] F[]
04.06.2019 14:05:23.444 [00001494] --- Device N[\\.\DISPLAY4] S[Radeon RX 580 Series] M[] F[]
04.06.2019 14:05:23.445 [00001494] --- Device N[\\.\DISPLAY5] S[Radeon RX 580 Series] M[] F[]
04.06.2019 14:05:23.445 [00001494] --- Device N[\\.\DISPLAY6] S[Radeon RX 580 Series] M[] F[]
04.06.2019 14:05:23.446 [00001494] --- Device N[\\.\DISPLAY7] S[Radeon RX 580 Series] M[] F[]
04.06.2019 14:05:23.446 [00001494] --- Device N[\\.\DISPLAY8] S[Radeon RX 580 Series] M[] F[]
04.06.2019 14:05:23.446 [00001494] --- SM_CMONITORS         = 1
04.06.2019 14:05:23.446 [00001494] --- SM_SAMEDISPLAYFORMAT = 1
04.06.2019 14:05:23.446 [00001494] --- SM_XVIRTUALSCREEN    = 0
04.06.2019 14:05:23.446 [00001494] --- SM_YVIRTUALSCREEN    = 0
04.06.2019 14:05:23.446 [00001494] --- SM_CXVIRTUALSCREEN   = 3840
04.06.2019 14:05:23.446 [00001494] --- SM_CYVIRTUALSCREEN   = 1200
04.06.2019 14:05:23.446 [00001494] --- SM_CXCURSOR          = 32
04.06.2019 14:05:23.447 [00001494] ??? No displays enumerated. Retry later
04.06.2019 14:05:23.447 [00001494] --- hookD3D9
04.06.2019 14:05:23.448 [00001494] --- DirectX9 dll=56cb0000
04.06.2019 14:05:23.475 [00001494] --- DirectX9 API detected
04.06.2019 14:05:23.475 [00001494] --- DirectX9Ex API detected
04.06.2019 14:05:23.475 [00001494] --- i1: InterfaceProc1
04.06.2019 14:05:23.476 [00001494] --- DXGI dll=7ce30000
04.06.2019 14:05:23.488 [00001494] --- DirectX DXGI API CreateDXGIFactory detected 1
04.06.2019 14:05:23.501 [00001494] --- DirectX DXGI API CreateDXGIFactory1 detected 1
04.06.2019 14:05:23.515 [00001494] --- DirectX DXGI API CreateDXGIFactory2 detected 1
04.06.2019 14:05:23.515 [00001494] --- DirectX DXGI API detected
04.06.2019 14:05:23.515 [00001494] --- DirectX D3D12 API detected hd3d12=75c40000
04.06.2019 14:05:23.529 [00001494] --- DirectX D3D12 API detected 1
04.06.2019 14:05:23.529 [00001494] --- hookOpenGL
04.06.2019 14:05:23.625 [00001494] --- OpenGL API detected
04.06.2019 14:05:23.695 [00001494] --- PROCESS DETACH
