05.06.2019 11:42:56.030 [000020e4] ??? OSM handle == NULL error=2
05.06.2019 11:42:56.030 [000020e4] ^^^ SC trying session1
--- [2]
05.06.2019 11:42:56.031 [000020e4] --- App --- Immersive Display PRO v3.0.5 (01.01.2019)
05.06.2019 11:42:56.031 [000020e4] --- OS 6:2 Microsoft Windows 8 Professional (build 9200), 64-bit 7(0) 8(1) 8.1(0) 10(0)
05.06.2019 11:42:56.031 [000020e4] --- Process32 C:\Program Files (x86)\Intel\Intel(R) Management Engine Components\LMS\LMS.exe
05.06.2019 11:42:56.031 [000020e4] --- CmdLine ["C:\Program Files (x86)\Intel\Intel(R) Management Engine Components\LMS\LMS.exe"]
05.06.2019 11:42:56.031 [000020e4] --- Enumerating displays ...
05.06.2019 11:42:56.031 [000020e4] --- SM_CMONITORS         = 1
05.06.2019 11:42:56.031 [000020e4] --- SM_SAMEDISPLAYFORMAT = 1
05.06.2019 11:42:56.031 [000020e4] --- SM_XVIRTUALSCREEN    = 0
05.06.2019 11:42:56.031 [000020e4] --- SM_YVIRTUALSCREEN    = 0
05.06.2019 11:42:56.031 [000020e4] --- SM_CXVIRTUALSCREEN   = 1024
05.06.2019 11:42:56.031 [000020e4] --- SM_CYVIRTUALSCREEN   = 768
05.06.2019 11:42:56.031 [000020e4] --- SM_CXCURSOR          = 32
05.06.2019 11:42:56.031 [000020e4] ??? No displays enumerated. Retry later
05.06.2019 11:42:56.031 [000020e4] --- hookD3D9
05.06.2019 11:42:56.032 [000020e4] --- DirectX9 dll=70fc0000
05.06.2019 11:42:56.077 [000020e4] --- DirectX9 API detected
05.06.2019 11:42:56.077 [000020e4] --- DirectX9Ex API detected
05.06.2019 11:42:56.077 [000020e4] --- i1: InterfaceProc1
05.06.2019 11:42:56.077 [000020e4] --- DXGI dll=71f60000
05.06.2019 11:42:56.097 [000020e4] --- DirectX DXGI API CreateDXGIFactory detected 1
05.06.2019 11:42:56.115 [000020e4] --- DirectX DXGI API CreateDXGIFactory1 detected 1
05.06.2019 11:42:56.133 [000020e4] --- DirectX DXGI API CreateDXGIFactory2 detected 1
05.06.2019 11:42:56.133 [000020e4] --- DirectX DXGI API detected
05.06.2019 11:42:56.133 [000020e4] --- DirectX D3D12 API detected hd3d12=71d60000
05.06.2019 11:42:56.152 [000020e4] --- DirectX D3D12 API detected 1
05.06.2019 11:42:56.152 [000020e4] --- hookOpenGL
05.06.2019 11:42:56.296 [000020e4] --- OpenGL API detected
