04.06.2019 21:13:52.732 [00000a08] --- App --- Immersive Display PRO v3.0.5 (01.01.2019)
04.06.2019 21:13:52.732 [00000a08] --- OS 6:2 Microsoft Windows 8 Professional (build 9200), 64-bit 7(0) 8(1) 8.1(0) 10(0)
04.06.2019 21:13:52.732 [00000a08] --- Process32 C:\WINDOWS\SysWOW64\regsvr32.exe
04.06.2019 21:13:52.732 [00000a08] --- CmdLine [ /u /s "C:\Program Files\Common Files\ATI Technologies\Multimedia\amf-mft-mjpeg-decoder32.dll"]
04.06.2019 21:13:52.732 [00000a08] --- Enumerating displays ...
04.06.2019 21:13:52.733 [00000a08] --- Device N[\\.\DISPLAY1] S[Radeon RX 580 Series] M[Generic PnP Monitor] F[desktop primary ]
04.06.2019 21:13:52.733 [00000a08] --- Device N[\\.\DISPLAY2] S[Radeon RX 580 Series] M[] F[]
04.06.2019 21:13:52.734 [00000a08] --- Device N[\\.\DISPLAY3] S[Radeon RX 580 Series] M[] F[]
04.06.2019 21:13:52.734 [00000a08] --- Device N[\\.\DISPLAY4] S[Radeon RX 580 Series] M[] F[]
04.06.2019 21:13:52.735 [00000a08] --- Device N[\\.\DISPLAY5] S[Radeon RX 580 Series] M[] F[]
04.06.2019 21:13:52.735 [00000a08] --- Device N[\\.\DISPLAY6] S[Radeon RX 580 Series] M[] F[]
04.06.2019 21:13:52.735 [00000a08] --- Device N[\\.\DISPLAY7] S[Radeon RX 580 Series] M[] F[]
04.06.2019 21:13:52.736 [00000a08] --- Device N[\\.\DISPLAY8] S[Radeon RX 580 Series] M[] F[]
04.06.2019 21:13:52.736 [00000a08] --- SM_CMONITORS         = 1
04.06.2019 21:13:52.736 [00000a08] --- SM_SAMEDISPLAYFORMAT = 1
04.06.2019 21:13:52.736 [00000a08] --- SM_XVIRTUALSCREEN    = 0
04.06.2019 21:13:52.736 [00000a08] --- SM_YVIRTUALSCREEN    = 0
04.06.2019 21:13:52.736 [00000a08] --- SM_CXVIRTUALSCREEN   = 3840
04.06.2019 21:13:52.736 [00000a08] --- SM_CYVIRTUALSCREEN   = 1200
04.06.2019 21:13:52.736 [00000a08] --- SM_CXCURSOR          = 32
04.06.2019 21:13:52.738 [00000a08] --- [\\.\DISPLAY1] [Radeon RX 580 Series] [MONITOR\ADVEF2D\{4d36e96e-e325-11ce-bfc1-08002be10318}\0013] [Generic PnP Monitor]
04.06.2019 21:13:52.738 [00000a08] --- Enumerated 1 displays
04.06.2019 21:13:52.738 [00000a08] --- Displays initialized
04.06.2019 21:13:52.738 [00000a08] --- Displays[0] M[00010001] HDC[10010fe7] GDC[ef01018c] L=0 T=0 R=3840 B=1200 RECT[0,0 3840x1200] N[\\.\DISPLAY1] M[Generic PnP Monitor] F[1] PROJ[2x1] MAPS[2]
04.06.2019 21:13:52.738 [00000a08] ---    Grouping G[0] N[0] GD[]
04.06.2019 21:13:52.738 [00000a08] --- ---
04.06.2019 21:13:52.738 [00000a08] --- hookD3D9
04.06.2019 21:13:52.740 [00000a08] --- DirectX9 dll=71460000
04.06.2019 21:13:52.775 [00000a08] --- DirectX9 API detected
04.06.2019 21:13:52.775 [00000a08] --- DirectX9Ex API detected
04.06.2019 21:13:52.775 [00000a08] --- i1: InterfaceProc1
04.06.2019 21:13:52.775 [00000a08] --- interfaceFunc1 [\\.\DISPLAY1] totalMaps=2
04.06.2019 21:13:52.775 [00000a08] --- DXGI dll=724a0000
04.06.2019 21:13:52.793 [00000a08] --- DirectX DXGI API CreateDXGIFactory detected 1
04.06.2019 21:13:52.810 [00000a08] --- DirectX DXGI API CreateDXGIFactory1 detected 1
04.06.2019 21:13:52.827 [00000a08] --- DirectX DXGI API CreateDXGIFactory2 detected 1
04.06.2019 21:13:52.827 [00000a08] --- DirectX DXGI API detected
04.06.2019 21:13:52.828 [00000a08] --- DirectX D3D12 API detected hd3d12=72330000
04.06.2019 21:13:52.845 [00000a08] --- DirectX D3D12 API detected 1
04.06.2019 21:13:52.845 [00000a08] --- hookOpenGL
04.06.2019 21:13:52.979 [00000a08] --- OpenGL API detected
04.06.2019 21:13:53.036 [00000a08] --- PROCESS DETACH
