04.06.2019 14:06:37.623 [0000071c] --- App --- Immersive Display PRO v3.0.5 (01.01.2019)
04.06.2019 14:06:37.623 [0000071c] --- OS 6:2 Microsoft Windows 8 Professional (build 9200), 64-bit 7(0) 8(1) 8.1(0) 10(0)
04.06.2019 14:06:37.623 [0000071c] --- Process32 C:\Users\own\AppData\Local\Temp\is-LADPU.tmp\vcredist_x64_90.exe
04.06.2019 14:06:37.623 [0000071c] --- CmdLine ["C:\Users\own\AppData\Local\Temp\is-LADPU.tmp\vcredist_x64_90.exe" /q]
04.06.2019 14:06:37.623 [0000071c] --- Enumerating displays ...
04.06.2019 14:06:37.623 [0000071c] --- Device N[\\.\DISPLAY1] S[Radeon RX 580 Series] M[Generic PnP Monitor] F[desktop primary ]
04.06.2019 14:06:37.624 [0000071c] --- Device N[\\.\DISPLAY2] S[Radeon RX 580 Series] M[] F[]
04.06.2019 14:06:37.624 [0000071c] --- Device N[\\.\DISPLAY3] S[Radeon RX 580 Series] M[] F[]
04.06.2019 14:06:37.625 [0000071c] --- Device N[\\.\DISPLAY4] S[Radeon RX 580 Series] M[] F[]
04.06.2019 14:06:37.625 [0000071c] --- Device N[\\.\DISPLAY5] S[Radeon RX 580 Series] M[] F[]
04.06.2019 14:06:37.626 [0000071c] --- Device N[\\.\DISPLAY6] S[Radeon RX 580 Series] M[] F[]
04.06.2019 14:06:37.626 [0000071c] --- Device N[\\.\DISPLAY7] S[Radeon RX 580 Series] M[] F[]
04.06.2019 14:06:37.627 [0000071c] --- Device N[\\.\DISPLAY8] S[Radeon RX 580 Series] M[] F[]
04.06.2019 14:06:37.627 [0000071c] --- SM_CMONITORS         = 1
04.06.2019 14:06:37.627 [0000071c] --- SM_SAMEDISPLAYFORMAT = 1
04.06.2019 14:06:37.627 [0000071c] --- SM_XVIRTUALSCREEN    = 0
04.06.2019 14:06:37.627 [0000071c] --- SM_YVIRTUALSCREEN    = 0
04.06.2019 14:06:37.627 [0000071c] --- SM_CXVIRTUALSCREEN   = 3840
04.06.2019 14:06:37.627 [0000071c] --- SM_CYVIRTUALSCREEN   = 1200
04.06.2019 14:06:37.627 [0000071c] --- SM_CXCURSOR          = 32
04.06.2019 14:06:37.629 [0000071c] --- [\\.\DISPLAY1] [Radeon RX 580 Series] [MONITOR\ADVEF2D\{4d36e96e-e325-11ce-bfc1-08002be10318}\0013] [Generic PnP Monitor]
04.06.2019 14:06:37.629 [0000071c] --- Enumerated 1 displays
04.06.2019 14:06:37.629 [0000071c] --- Displays initialized
04.06.2019 14:06:37.629 [0000071c] --- Displays[0] M[00010001] HDC[900111e0] GDC[c60111e6] L=0 T=0 R=3840 B=1200 RECT[0,0 3840x1200] N[\\.\DISPLAY1] M[Generic PnP Monitor] F[1] PROJ[2x1] MAPS[2]
04.06.2019 14:06:37.629 [0000071c] ---    Grouping G[0] N[0] GD[]
04.06.2019 14:06:37.629 [0000071c] --- ---
04.06.2019 14:06:37.629 [0000071c] --- hookD3D9
04.06.2019 14:06:37.631 [0000071c] --- DirectX9 dll=710b0000
04.06.2019 14:06:37.659 [0000071c] --- DirectX9 API detected
04.06.2019 14:06:37.659 [0000071c] --- DirectX9Ex API detected
04.06.2019 14:06:37.659 [0000071c] --- i1: InterfaceProc1
04.06.2019 14:06:37.659 [0000071c] --- interfaceFunc1 [\\.\DISPLAY1] totalMaps=2
04.06.2019 14:06:37.659 [0000071c] --- DXGI dll=727a0000
04.06.2019 14:06:37.673 [0000071c] --- DirectX DXGI API CreateDXGIFactory detected 1
04.06.2019 14:06:37.687 [0000071c] --- DirectX DXGI API CreateDXGIFactory1 detected 1
04.06.2019 14:06:37.701 [0000071c] --- DirectX DXGI API CreateDXGIFactory2 detected 1
04.06.2019 14:06:37.701 [0000071c] --- DirectX DXGI API detected
04.06.2019 14:06:37.702 [0000071c] --- DirectX D3D12 API detected hd3d12=72630000
04.06.2019 14:06:37.716 [0000071c] --- DirectX D3D12 API detected 1
04.06.2019 14:06:37.716 [0000071c] --- hookOpenGL
04.06.2019 14:06:37.830 [0000071c] --- OpenGL API detected
04.06.2019 14:06:46.854 [0000071c] --- PROCESS DETACH
