04.06.2019 19:15:12.279 [00001844] --- App --- Immersive Display PRO v3.0.5 (01.01.2019)
04.06.2019 19:15:12.279 [00001844] --- OS 6:2 Microsoft Windows 8 Professional (build 9200), 64-bit 7(0) 8(1) 8.1(0) 10(0)
04.06.2019 19:15:12.279 [00001844] --- Process64 C:\boch-wall\UnityCrashHandler64.exe
04.06.2019 19:15:12.279 [00001844] --- CmdLine ["C:\boch-wall\UnityCrashHandler64.exe" "3304" "1761672171520" ]
04.06.2019 19:15:12.279 [00001844] --- Enumerating displays ...
04.06.2019 19:15:12.280 [00001844] --- Device N[\\.\DISPLAY1] S[Radeon RX 580 Series] M[Generic PnP Monitor] F[desktop primary ]
04.06.2019 19:15:12.280 [00001844] --- Device N[\\.\DISPLAY2] S[Radeon RX 580 Series] M[] F[]
04.06.2019 19:15:12.281 [00001844] --- Device N[\\.\DISPLAY3] S[Radeon RX 580 Series] M[] F[]
04.06.2019 19:15:12.282 [00001844] --- Device N[\\.\DISPLAY4] S[Radeon RX 580 Series] M[] F[]
04.06.2019 19:15:12.282 [00001844] --- Device N[\\.\DISPLAY5] S[Radeon RX 580 Series] M[] F[]
04.06.2019 19:15:12.283 [00001844] --- Device N[\\.\DISPLAY6] S[Radeon RX 580 Series] M[] F[]
04.06.2019 19:15:12.283 [00001844] --- Device N[\\.\DISPLAY7] S[Radeon RX 580 Series] M[] F[]
04.06.2019 19:15:12.284 [00001844] --- Device N[\\.\DISPLAY8] S[Radeon RX 580 Series] M[] F[]
04.06.2019 19:15:12.284 [00001844] --- SM_CMONITORS         = 1
04.06.2019 19:15:12.284 [00001844] --- SM_SAMEDISPLAYFORMAT = 1
04.06.2019 19:15:12.284 [00001844] --- SM_XVIRTUALSCREEN    = 0
04.06.2019 19:15:12.284 [00001844] --- SM_YVIRTUALSCREEN    = 0
04.06.2019 19:15:12.284 [00001844] --- SM_CXVIRTUALSCREEN   = 3840
04.06.2019 19:15:12.284 [00001844] --- SM_CYVIRTUALSCREEN   = 1200
04.06.2019 19:15:12.284 [00001844] --- SM_CXCURSOR          = 32
04.06.2019 19:15:12.287 [00001844] --- [\\.\DISPLAY1] [Radeon RX 580 Series] [MONITOR\ADVEF2D\{4d36e96e-e325-11ce-bfc1-08002be10318}\0013] [Generic PnP Monitor]
04.06.2019 19:15:12.287 [00001844] --- Enumerated 1 displays
04.06.2019 19:15:12.287 [00001844] --- Displays initialized
04.06.2019 19:15:12.287 [00001844] --- Displays[0] M[00010001] HDC[9d010d10] GDC[9d010bb4] L=0 T=0 R=3840 B=1200 RECT[0,0 3840x1200] N[\\.\DISPLAY1] M[Generic PnP Monitor] F[1] PROJ[2x1] MAPS[2]
04.06.2019 19:15:12.287 [00001844] ---    Grouping G[0] N[0] GD[]
04.06.2019 19:15:12.287 [00001844] --- ---
04.06.2019 19:15:12.287 [00001844] --- hookD3D9
04.06.2019 19:15:12.288 [00001844] --- DirectX9 dll=72ce0000
04.06.2019 19:15:12.326 [00001844] --- DirectX9 API detected
04.06.2019 19:15:12.326 [00001844] --- DirectX9Ex API detected
04.06.2019 19:15:12.326 [00001844] --- i1: InterfaceProc1
04.06.2019 19:15:12.326 [00001844] --- interfaceFunc1 [\\.\DISPLAY1] totalMaps=2
04.06.2019 19:15:12.327 [00001844] --- DXGI dll=a1720000
04.06.2019 19:15:12.346 [00001844] --- DirectX DXGI API CreateDXGIFactory detected 1
04.06.2019 19:15:12.366 [00001844] --- DirectX DXGI API CreateDXGIFactory1 detected 1
04.06.2019 19:15:12.392 [00001844] --- DirectX DXGI API CreateDXGIFactory2 detected 1
04.06.2019 19:15:12.392 [00001844] --- DirectX DXGI API detected
04.06.2019 19:15:12.392 [00001844] --- DirectX D3D12 API detected hd3d12=9a880000
04.06.2019 19:15:12.415 [00001844] --- DirectX D3D12 API detected 1
04.06.2019 19:15:12.415 [00001844] --- hookOpenGL
04.06.2019 19:15:12.553 [00001844] --- OpenGL API detected
04.06.2019 19:15:12.605 [00001844] --- PROCESS DETACH
