05.06.2019 12:00:25.349 [00002234] --- App --- Immersive Display PRO v3.0.5 (01.01.2019)
05.06.2019 12:00:25.349 [00002234] --- OS 6:2 Microsoft Windows 8 Professional (build 9200), 64-bit 7(0) 8(1) 8.1(0) 10(0)
05.06.2019 12:00:25.349 [00002234] --- Process64 C:\Users\own\scoop\shims\git.exe
05.06.2019 12:00:25.349 [00002234] --- CmdLine [git  add tampermonkey-backup-chrome-2019-06-05T03-59-42.124Z.zip]
05.06.2019 12:00:25.349 [00002234] --- Enumerating displays ...
05.06.2019 12:00:25.350 [00002234] --- Device N[\\.\DISPLAY1] S[Radeon RX 580 Series] M[Generic PnP Monitor] F[desktop primary ]
05.06.2019 12:00:25.351 [00002234] --- Device N[\\.\DISPLAY2] S[Radeon RX 580 Series] M[] F[]
05.06.2019 12:00:25.351 [00002234] --- Device N[\\.\DISPLAY3] S[Radeon RX 580 Series] M[] F[]
05.06.2019 12:00:25.352 [00002234] --- Device N[\\.\DISPLAY4] S[Radeon RX 580 Series] M[] F[]
05.06.2019 12:00:25.352 [00002234] --- Device N[\\.\DISPLAY5] S[Radeon RX 580 Series] M[] F[]
05.06.2019 12:00:25.353 [00002234] --- Device N[\\.\DISPLAY6] S[Radeon RX 580 Series] M[] F[]
05.06.2019 12:00:25.353 [00002234] --- Device N[\\.\DISPLAY7] S[Radeon RX 580 Series] M[] F[]
05.06.2019 12:00:25.354 [00002234] --- Device N[\\.\DISPLAY8] S[Radeon RX 580 Series] M[] F[]
05.06.2019 12:00:25.354 [00002234] --- SM_CMONITORS         = 1
05.06.2019 12:00:25.354 [00002234] --- SM_SAMEDISPLAYFORMAT = 1
05.06.2019 12:00:25.354 [00002234] --- SM_XVIRTUALSCREEN    = 0
05.06.2019 12:00:25.354 [00002234] --- SM_YVIRTUALSCREEN    = 0
05.06.2019 12:00:25.354 [00002234] --- SM_CXVIRTUALSCREEN   = 3840
05.06.2019 12:00:25.354 [00002234] --- SM_CYVIRTUALSCREEN   = 1200
05.06.2019 12:00:25.354 [00002234] --- SM_CXCURSOR          = 32
05.06.2019 12:00:25.357 [00002234] --- [\\.\DISPLAY1] [Radeon RX 580 Series] [MONITOR\ADVEF2D\{4d36e96e-e325-11ce-bfc1-08002be10318}\0017] [Generic PnP Monitor]
05.06.2019 12:00:25.357 [00002234] --- Enumerated 1 displays
05.06.2019 12:00:25.357 [00002234] --- Displays initialized
05.06.2019 12:00:25.357 [00002234] --- Displays[0] M[00010001] HDC[e4011458] GDC[9e010e79] L=0 T=0 R=3840 B=1200 RECT[0,0 3840x1200] N[\\.\DISPLAY1] M[Generic PnP Monitor] F[1] PROJ[2x1] MAPS[2]
05.06.2019 12:00:25.357 [00002234] ---    Grouping G[0] N[0] GD[]
05.06.2019 12:00:25.357 [00002234] --- ---
05.06.2019 12:00:25.357 [00002234] --- hookD3D9
05.06.2019 12:00:25.358 [00002234] --- DirectX9 dll=670a0000
05.06.2019 12:00:25.417 [00002234] --- DirectX9 API detected
05.06.2019 12:00:25.417 [00002234] --- DirectX9Ex API detected
05.06.2019 12:00:25.417 [00002234] --- i1: InterfaceProc1
05.06.2019 12:00:25.417 [00002234] --- interfaceFunc1 [\\.\DISPLAY1] totalMaps=2
05.06.2019 12:00:25.418 [00002234] --- DXGI dll=95b60000
05.06.2019 12:00:25.447 [00002234] --- DirectX DXGI API CreateDXGIFactory detected 1
05.06.2019 12:00:25.476 [00002234] --- DirectX DXGI API CreateDXGIFactory1 detected 1
05.06.2019 12:00:25.505 [00002234] --- DirectX DXGI API CreateDXGIFactory2 detected 1
05.06.2019 12:00:25.505 [00002234] --- DirectX DXGI API detected
05.06.2019 12:00:25.506 [00002234] --- DirectX D3D12 API detected hd3d12=8f360000
05.06.2019 12:00:25.535 [00002234] --- DirectX D3D12 API detected 1
05.06.2019 12:00:25.535 [00002234] --- hookOpenGL
05.06.2019 12:00:25.744 [00002234] --- OpenGL API detected
05.06.2019 12:00:26.982 [00002234] --- PROCESS DETACH
