05.06.2019 11:57:24.130 [0000046c] --- App --- Immersive Display PRO v3.0.5 (01.01.2019)
05.06.2019 11:57:24.130 [0000046c] --- OS 6:2 Microsoft Windows 8 Professional (build 9200), 64-bit 7(0) 8(1) 8.1(0) 10(0)
05.06.2019 11:57:24.130 [0000046c] --- Process64 C:\Users\own\scoop\apps\git\current\cmd\git.exe
05.06.2019 11:57:24.130 [0000046c] --- CmdLine ["C:\Users\own\scoop\apps\git\current\cmd\git.exe"  commit -m "add localsetting"]
05.06.2019 11:57:24.130 [0000046c] --- Enumerating displays ...
05.06.2019 11:57:24.131 [0000046c] --- Device N[\\.\DISPLAY1] S[Radeon RX 580 Series] M[Generic PnP Monitor] F[desktop primary ]
05.06.2019 11:57:24.132 [0000046c] --- Device N[\\.\DISPLAY2] S[Radeon RX 580 Series] M[] F[]
05.06.2019 11:57:24.132 [0000046c] --- Device N[\\.\DISPLAY3] S[Radeon RX 580 Series] M[] F[]
05.06.2019 11:57:24.133 [0000046c] --- Device N[\\.\DISPLAY4] S[Radeon RX 580 Series] M[] F[]
05.06.2019 11:57:24.133 [0000046c] --- Device N[\\.\DISPLAY5] S[Radeon RX 580 Series] M[] F[]
05.06.2019 11:57:24.134 [0000046c] --- Device N[\\.\DISPLAY6] S[Radeon RX 580 Series] M[] F[]
05.06.2019 11:57:24.134 [0000046c] --- Device N[\\.\DISPLAY7] S[Radeon RX 580 Series] M[] F[]
05.06.2019 11:57:24.135 [0000046c] --- Device N[\\.\DISPLAY8] S[Radeon RX 580 Series] M[] F[]
05.06.2019 11:57:24.135 [0000046c] --- SM_CMONITORS         = 1
05.06.2019 11:57:24.135 [0000046c] --- SM_SAMEDISPLAYFORMAT = 1
05.06.2019 11:57:24.135 [0000046c] --- SM_XVIRTUALSCREEN    = 0
05.06.2019 11:57:24.135 [0000046c] --- SM_YVIRTUALSCREEN    = 0
05.06.2019 11:57:24.135 [0000046c] --- SM_CXVIRTUALSCREEN   = 3840
05.06.2019 11:57:24.135 [0000046c] --- SM_CYVIRTUALSCREEN   = 1200
05.06.2019 11:57:24.135 [0000046c] --- SM_CXCURSOR          = 32
05.06.2019 11:57:24.138 [0000046c] --- [\\.\DISPLAY1] [Radeon RX 580 Series] [MONITOR\ADVEF2D\{4d36e96e-e325-11ce-bfc1-08002be10318}\0017] [Generic PnP Monitor]
05.06.2019 11:57:24.138 [0000046c] --- Enumerated 1 displays
05.06.2019 11:57:24.138 [0000046c] --- Displays initialized
05.06.2019 11:57:24.138 [0000046c] --- Displays[0] M[00010001] HDC[f9010f12] GDC[7501121f] L=0 T=0 R=3840 B=1200 RECT[0,0 3840x1200] N[\\.\DISPLAY1] M[Generic PnP Monitor] F[1] PROJ[2x1] MAPS[2]
05.06.2019 11:57:24.138 [0000046c] ---    Grouping G[0] N[0] GD[]
05.06.2019 11:57:24.138 [0000046c] --- ---
05.06.2019 11:57:24.138 [0000046c] --- hookD3D9
05.06.2019 11:57:24.139 [0000046c] --- DirectX9 dll=670a0000
05.06.2019 11:57:24.197 [0000046c] --- DirectX9 API detected
05.06.2019 11:57:24.198 [0000046c] --- DirectX9Ex API detected
05.06.2019 11:57:24.198 [0000046c] --- i1: InterfaceProc1
05.06.2019 11:57:24.198 [0000046c] --- interfaceFunc1 [\\.\DISPLAY1] totalMaps=2
05.06.2019 11:57:24.198 [0000046c] --- DXGI dll=95b60000
05.06.2019 11:57:24.229 [0000046c] --- DirectX DXGI API CreateDXGIFactory detected 1
05.06.2019 11:57:24.258 [0000046c] --- DirectX DXGI API CreateDXGIFactory1 detected 1
05.06.2019 11:57:24.287 [0000046c] --- DirectX DXGI API CreateDXGIFactory2 detected 1
05.06.2019 11:57:24.287 [0000046c] --- DirectX DXGI API detected
05.06.2019 11:57:24.288 [0000046c] --- DirectX D3D12 API detected hd3d12=8f360000
05.06.2019 11:57:24.328 [0000046c] --- DirectX D3D12 API detected 1
05.06.2019 11:57:24.328 [0000046c] --- hookOpenGL
05.06.2019 11:57:24.573 [0000046c] --- OpenGL API detected
05.06.2019 11:57:25.829 [0000046c] --- PROCESS DETACH
