05.06.2019 11:33:36.774 [000020c8] ??? OSM handle == NULL error=2
05.06.2019 11:33:36.774 [000020c8] ^^^ SC trying session1
--- [2]
05.06.2019 11:33:36.774 [000020c8] --- App --- Immersive Display PRO v3.0.5 (01.01.2019)
05.06.2019 11:33:36.774 [000020c8] --- OS 6:2 Microsoft Windows 8 Professional (build 9200), 64-bit 7(0) 8(1) 8.1(0) 10(0)
05.06.2019 11:33:36.774 [000020c8] --- Process64 C:\Program Files\Intel\SUR\QUEENCREEK\x64\task.exe
05.06.2019 11:33:36.774 [000020c8] --- CmdLine ["C:\Program Files\Intel\SUR\QUEENCREEK\x64\task.exe"  ]
05.06.2019 11:33:36.774 [000020c8] --- Enumerating displays ...
05.06.2019 11:33:36.774 [000020c8] --- SM_CMONITORS         = 1
05.06.2019 11:33:36.774 [000020c8] --- SM_SAMEDISPLAYFORMAT = 1
05.06.2019 11:33:36.774 [000020c8] --- SM_XVIRTUALSCREEN    = 0
05.06.2019 11:33:36.774 [000020c8] --- SM_YVIRTUALSCREEN    = 0
05.06.2019 11:33:36.774 [000020c8] --- SM_CXVIRTUALSCREEN   = 1024
05.06.2019 11:33:36.774 [000020c8] --- SM_CYVIRTUALSCREEN   = 768
05.06.2019 11:33:36.774 [000020c8] --- SM_CXCURSOR          = 32
05.06.2019 11:33:36.774 [000020c8] ??? No displays enumerated. Retry later
05.06.2019 11:33:36.774 [000020c8] --- hookD3D9
05.06.2019 11:33:36.774 [000020c8] --- DirectX9 dll=90a20000
05.06.2019 11:33:36.821 [000020c8] --- DirectX9 API detected
05.06.2019 11:33:36.821 [000020c8] --- DirectX9Ex API detected
05.06.2019 11:33:36.821 [000020c8] --- i1: InterfaceProc1
05.06.2019 11:33:36.821 [000020c8] --- DXGI dll=bde70000
05.06.2019 11:33:36.836 [000020c8] --- DirectX DXGI API CreateDXGIFactory detected 1
05.06.2019 11:33:36.852 [000020c8] --- DirectX DXGI API CreateDXGIFactory1 detected 1
05.06.2019 11:33:36.868 [000020c8] --- DirectX DXGI API CreateDXGIFactory2 detected 1
05.06.2019 11:33:36.868 [000020c8] --- DirectX DXGI API detected
05.06.2019 11:33:36.868 [000020c8] --- DirectX D3D12 API detected hd3d12=b7540000
05.06.2019 11:33:36.883 [000020c8] --- DirectX D3D12 API detected 1
05.06.2019 11:33:36.883 [000020c8] --- hookOpenGL
05.06.2019 11:33:37.008 [000020c8] --- OpenGL API detected
05.06.2019 11:33:37.102 [000020c8] --- PROCESS DETACH
