04.06.2019 13:45:51.993 [000016b4] ??? OSM handle == NULL error=2
04.06.2019 13:45:51.993 [000016b4] ^^^ SC trying session1
--- [2]
04.06.2019 13:45:51.993 [000016b4] --- App --- Immersive Display PRO v3.0.5 (01.01.2019)
04.06.2019 13:45:51.993 [000016b4] --- OS 6:2 Microsoft Windows 8 Professional (build 9200), 64-bit 7(0) 8(1) 8.1(0) 10(0)
04.06.2019 13:45:51.993 [000016b4] --- Process64 C:\Program Files\AMD\Performance Profile Client\AUEPMaster.exe
04.06.2019 13:45:51.993 [000016b4] --- CmdLine [AUEPMaster.exe]
04.06.2019 13:45:51.993 [000016b4] --- Enumerating displays ...
04.06.2019 13:45:51.993 [000016b4] --- SM_CMONITORS         = 1
04.06.2019 13:45:51.993 [000016b4] --- SM_SAMEDISPLAYFORMAT = 1
04.06.2019 13:45:51.993 [000016b4] --- SM_XVIRTUALSCREEN    = 0
04.06.2019 13:45:51.993 [000016b4] --- SM_YVIRTUALSCREEN    = 0
04.06.2019 13:45:51.993 [000016b4] --- SM_CXVIRTUALSCREEN   = 1024
04.06.2019 13:45:51.993 [000016b4] --- SM_CYVIRTUALSCREEN   = 768
04.06.2019 13:45:51.993 [000016b4] --- SM_CXCURSOR          = 32
04.06.2019 13:45:51.993 [000016b4] ??? No displays enumerated. Retry later
04.06.2019 13:45:51.993 [000016b4] --- hookD3D9
04.06.2019 13:45:51.994 [000016b4] --- DirectX9 dll=56cb0000
04.06.2019 13:45:52.030 [000016b4] --- DirectX9 API detected
04.06.2019 13:45:52.030 [000016b4] --- DirectX9Ex API detected
04.06.2019 13:45:52.030 [000016b4] --- i1: InterfaceProc1
04.06.2019 13:45:52.030 [000016b4] --- DXGI dll=7ce30000
04.06.2019 13:45:52.048 [000016b4] --- DirectX DXGI API CreateDXGIFactory detected 1
04.06.2019 13:45:52.066 [000016b4] --- DirectX DXGI API CreateDXGIFactory1 detected 1
04.06.2019 13:45:52.084 [000016b4] --- DirectX DXGI API CreateDXGIFactory2 detected 1
04.06.2019 13:45:52.084 [000016b4] --- DirectX DXGI API detected
04.06.2019 13:45:52.085 [000016b4] --- DirectX D3D12 API detected hd3d12=75c40000
04.06.2019 13:45:52.102 [000016b4] --- DirectX D3D12 API detected 1
04.06.2019 13:45:52.102 [000016b4] --- hookOpenGL
04.06.2019 13:45:52.234 [000016b4] --- OpenGL API detected
