04.06.2019 21:22:57.410 [00002660] ??? OSM handle == NULL error=2
04.06.2019 21:22:57.410 [00002660] ^^^ SC trying session1
--- [2]
04.06.2019 21:22:57.410 [00002660] --- App --- Immersive Display PRO v3.0.5 (01.01.2019)
04.06.2019 21:22:57.410 [00002660] --- OS 6:2 Microsoft Windows 8 Professional (build 9200), 64-bit 7(0) 8(1) 8.1(0) 10(0)
04.06.2019 21:22:57.410 [00002660] --- Process64 C:\Program Files\Intel\SUR\QUEENCREEK\x64\task.exe
04.06.2019 21:22:57.410 [00002660] --- CmdLine ["C:\Program Files\Intel\SUR\QUEENCREEK\x64\task.exe"  ]
04.06.2019 21:22:57.410 [00002660] --- Enumerating displays ...
04.06.2019 21:22:57.414 [00002660] --- SM_CMONITORS         = 1
04.06.2019 21:22:57.414 [00002660] --- SM_SAMEDISPLAYFORMAT = 1
04.06.2019 21:22:57.414 [00002660] --- SM_XVIRTUALSCREEN    = 0
04.06.2019 21:22:57.414 [00002660] --- SM_YVIRTUALSCREEN    = 0
04.06.2019 21:22:57.414 [00002660] --- SM_CXVIRTUALSCREEN   = 1024
04.06.2019 21:22:57.414 [00002660] --- SM_CYVIRTUALSCREEN   = 768
04.06.2019 21:22:57.414 [00002660] --- SM_CXCURSOR          = 32
04.06.2019 21:22:57.414 [00002660] ??? No displays enumerated. Retry later
04.06.2019 21:22:57.414 [00002660] --- hookD3D9
04.06.2019 21:22:57.414 [00002660] --- DirectX9 dll=03460000
04.06.2019 21:22:57.456 [00002660] --- DirectX9 API detected
04.06.2019 21:22:57.456 [00002660] --- DirectX9Ex API detected
04.06.2019 21:22:57.456 [00002660] --- i1: InterfaceProc1
04.06.2019 21:22:57.457 [00002660] --- DXGI dll=1f3f0000
04.06.2019 21:22:57.477 [00002660] --- DirectX DXGI API CreateDXGIFactory detected 1
04.06.2019 21:22:57.498 [00002660] --- DirectX DXGI API CreateDXGIFactory1 detected 1
04.06.2019 21:22:57.518 [00002660] --- DirectX DXGI API CreateDXGIFactory2 detected 1
04.06.2019 21:22:57.518 [00002660] --- DirectX DXGI API detected
04.06.2019 21:22:57.519 [00002660] --- DirectX D3D12 API detected hd3d12=18bc0000
04.06.2019 21:22:57.539 [00002660] --- DirectX D3D12 API detected 1
04.06.2019 21:22:57.539 [00002660] --- hookOpenGL
04.06.2019 21:22:57.682 [00002660] --- OpenGL API detected
04.06.2019 21:22:57.761 [00002660] --- PROCESS DETACH
