04.06.2019 19:24:40.341 [000013c0] --- App --- Immersive Display PRO v3.0.5 (01.01.2019)
04.06.2019 19:24:40.341 [000013c0] --- OS 6:2 Microsoft Windows 8 Professional (build 9200), 64-bit 7(0) 8(1) 8.1(0) 10(0)
04.06.2019 19:24:40.341 [000013c0] --- Process32 c:\program files (x86)\teamviewer\TeamViewer_Desktop.exe
04.06.2019 19:24:40.341 [000013c0] --- CmdLine ["c:\program files (x86)\teamviewer\TeamViewer_Desktop.exe" --IPCport 5939]
04.06.2019 19:24:40.341 [000013c0] --- Enumerating displays ...
04.06.2019 19:24:40.342 [000013c0] --- Device N[\\.\DISPLAY1] S[Radeon RX 580 Series] M[Generic PnP Monitor] F[desktop primary ]
04.06.2019 19:24:40.342 [000013c0] --- Device N[\\.\DISPLAY2] S[Radeon RX 580 Series] M[] F[]
04.06.2019 19:24:40.343 [000013c0] --- Device N[\\.\DISPLAY3] S[Radeon RX 580 Series] M[] F[]
04.06.2019 19:24:40.343 [000013c0] --- Device N[\\.\DISPLAY4] S[Radeon RX 580 Series] M[] F[]
04.06.2019 19:24:40.344 [000013c0] --- Device N[\\.\DISPLAY5] S[Radeon RX 580 Series] M[] F[]
04.06.2019 19:24:40.344 [000013c0] --- Device N[\\.\DISPLAY6] S[Radeon RX 580 Series] M[] F[]
04.06.2019 19:24:40.344 [000013c0] --- Device N[\\.\DISPLAY7] S[Radeon RX 580 Series] M[] F[]
04.06.2019 19:24:40.345 [000013c0] --- Device N[\\.\DISPLAY8] S[Radeon RX 580 Series] M[] F[]
04.06.2019 19:24:40.345 [000013c0] --- SM_CMONITORS         = 1
04.06.2019 19:24:40.345 [000013c0] --- SM_SAMEDISPLAYFORMAT = 1
04.06.2019 19:24:40.345 [000013c0] --- SM_XVIRTUALSCREEN    = 0
04.06.2019 19:24:40.345 [000013c0] --- SM_YVIRTUALSCREEN    = 0
04.06.2019 19:24:40.345 [000013c0] --- SM_CXVIRTUALSCREEN   = 3840
04.06.2019 19:24:40.345 [000013c0] --- SM_CYVIRTUALSCREEN   = 1200
04.06.2019 19:24:40.345 [000013c0] --- SM_CXCURSOR          = 32
04.06.2019 19:24:40.347 [000013c0] --- [\\.\DISPLAY1] [Radeon RX 580 Series] [MONITOR\ADVEF2D\{4d36e96e-e325-11ce-bfc1-08002be10318}\0013] [Generic PnP Monitor]
04.06.2019 19:24:40.348 [000013c0] --- Enumerated 1 displays
04.06.2019 19:24:40.348 [000013c0] --- Displays initialized
04.06.2019 19:24:40.348 [000013c0] --- Displays[0] M[00010001] HDC[3f0106a0] GDC[a8010ce0] L=0 T=0 R=3840 B=1200 RECT[0,0 3840x1200] N[\\.\DISPLAY1] M[Generic PnP Monitor] F[1] PROJ[2x1] MAPS[2]
04.06.2019 19:24:40.348 [000013c0] ---    Grouping G[0] N[0] GD[]
04.06.2019 19:24:40.348 [000013c0] --- ---
04.06.2019 19:24:40.348 [000013c0] --- hookD3D9
04.06.2019 19:24:40.349 [000013c0] --- DirectX9 dll=71460000
04.06.2019 19:24:40.378 [000013c0] --- DirectX9 API detected
04.06.2019 19:24:40.378 [000013c0] --- DirectX9Ex API detected
04.06.2019 19:24:40.378 [000013c0] --- i1: InterfaceProc1
04.06.2019 19:24:40.378 [000013c0] --- interfaceFunc1 [\\.\DISPLAY1] totalMaps=2
04.06.2019 19:24:40.379 [000013c0] --- DXGI dll=724a0000
04.06.2019 19:24:40.393 [000013c0] --- DirectX DXGI API CreateDXGIFactory detected 1
04.06.2019 19:24:40.408 [000013c0] --- DirectX DXGI API CreateDXGIFactory1 detected 1
04.06.2019 19:24:40.422 [000013c0] --- DirectX DXGI API CreateDXGIFactory2 detected 1
04.06.2019 19:24:40.422 [000013c0] --- DirectX DXGI API detected
04.06.2019 19:24:40.423 [000013c0] --- DirectX D3D12 API detected hd3d12=72330000
04.06.2019 19:24:40.437 [000013c0] --- DirectX D3D12 API detected 1
04.06.2019 19:24:40.437 [000013c0] --- hookOpenGL
04.06.2019 19:24:40.556 [000013c0] --- OpenGL API detected
04.06.2019 20:23:09.696 [000013c0] --- PROCESS DETACH
