04.06.2019 21:56:12.986 [00002188] ??? OSM handle == NULL error=2
04.06.2019 21:56:12.986 [00002188] ^^^ SC trying session1
--- [2]
04.06.2019 21:56:12.987 [00002188] --- App --- Immersive Display PRO v3.0.5 (01.01.2019)
04.06.2019 21:56:12.987 [00002188] --- OS 6:2 Microsoft Windows 8 Professional (build 9200), 64-bit 7(0) 8(1) 8.1(0) 10(0)
04.06.2019 21:56:12.987 [00002188] --- Process64 C:\Program Files\Intel\SUR\QUEENCREEK\x64\esrv_svc.exe
04.06.2019 21:56:12.987 [00002188] --- CmdLine ["C:\Program Files\Intel\SUR\QUEENCREEK\x64\esrv_svc.exe" "--AUTO_START" "--start" "--start_options_registry_key" "HKEY_LOCAL_MACHINE\SYSTEM\CurrentControlSet\services\ESRV_SVC_QUEENCREEK\_start"]
04.06.2019 21:56:12.987 [00002188] --- Enumerating displays ...
04.06.2019 21:56:12.987 [00002188] --- SM_CMONITORS         = 1
04.06.2019 21:56:12.987 [00002188] --- SM_SAMEDISPLAYFORMAT = 1
04.06.2019 21:56:12.987 [00002188] --- SM_XVIRTUALSCREEN    = 0
04.06.2019 21:56:12.987 [00002188] --- SM_YVIRTUALSCREEN    = 0
04.06.2019 21:56:12.987 [00002188] --- SM_CXVIRTUALSCREEN   = 1024
04.06.2019 21:56:12.987 [00002188] --- SM_CYVIRTUALSCREEN   = 768
04.06.2019 21:56:12.987 [00002188] --- SM_CXCURSOR          = 32
04.06.2019 21:56:12.987 [00002188] ??? No displays enumerated. Retry later
04.06.2019 21:56:12.987 [00002188] --- hookD3D9
04.06.2019 21:56:12.988 [00002188] --- DirectX9 dll=d6de0000
04.06.2019 21:56:13.019 [00002188] --- DirectX9 API detected
04.06.2019 21:56:13.019 [00002188] --- DirectX9Ex API detected
04.06.2019 21:56:13.019 [00002188] --- i1: InterfaceProc1
04.06.2019 21:56:13.019 [00002188] --- DXGI dll=05830000
04.06.2019 21:56:13.035 [00002188] --- DirectX DXGI API CreateDXGIFactory detected 1
04.06.2019 21:56:13.051 [00002188] --- DirectX DXGI API CreateDXGIFactory1 detected 1
04.06.2019 21:56:13.066 [00002188] --- DirectX DXGI API CreateDXGIFactory2 detected 1
04.06.2019 21:56:13.066 [00002188] --- DirectX DXGI API detected
04.06.2019 21:56:13.067 [00002188] --- DirectX D3D12 API detected hd3d12=ff080000
04.06.2019 21:56:13.082 [00002188] --- DirectX D3D12 API detected 1
04.06.2019 21:56:13.082 [00002188] --- hookOpenGL
04.06.2019 21:56:13.191 [00002188] --- OpenGL API detected
05.06.2019 10:41:24.800 [00002188] --- PROCESS DETACH
