04.06.2019 15:49:03.771 [00001b78] ??? OSM handle == NULL error=2
04.06.2019 15:49:03.771 [00001b78] ^^^ SC trying session1
--- [2]
04.06.2019 15:49:03.771 [00001b78] --- App --- Immersive Display PRO v3.0.5 (01.01.2019)
04.06.2019 15:49:03.772 [00001b78] --- OS 6:2 Microsoft Windows 8 Professional (build 9200), 64-bit 7(0) 8(1) 8.1(0) 10(0)
04.06.2019 15:49:03.772 [00001b78] --- Process64 C:\ProgramData\Microsoft\Windows Defender\platform\4.18.1905.4-0\MpCmdRun.exe
04.06.2019 15:49:03.772 [00001b78] --- CmdLine ["C:\ProgramData\Microsoft\Windows Defender\platform\4.18.1905.4-0\MpCmdRun.exe" SignatureUpdate -ScheduleJob -RestrictPrivileges -Reinvoke]
04.06.2019 15:49:03.772 [00001b78] --- Enumerating displays ...
04.06.2019 15:49:03.772 [00001b78] --- SM_CMONITORS         = 1
04.06.2019 15:49:03.772 [00001b78] --- SM_SAMEDISPLAYFORMAT = 1
04.06.2019 15:49:03.772 [00001b78] --- SM_XVIRTUALSCREEN    = 0
04.06.2019 15:49:03.772 [00001b78] --- SM_YVIRTUALSCREEN    = 0
04.06.2019 15:49:03.772 [00001b78] --- SM_CXVIRTUALSCREEN   = 1024
04.06.2019 15:49:03.772 [00001b78] --- SM_CYVIRTUALSCREEN   = 768
04.06.2019 15:49:03.772 [00001b78] --- SM_CXCURSOR          = 32
04.06.2019 15:49:03.772 [00001b78] ??? No displays enumerated. Retry later
04.06.2019 15:49:03.772 [00001b78] --- hookD3D9
04.06.2019 15:49:03.773 [00001b78] --- DirectX9 dll=72ce0000
04.06.2019 15:49:03.828 [00001b78] --- DirectX9 API detected
04.06.2019 15:49:03.828 [00001b78] --- DirectX9Ex API detected
04.06.2019 15:49:03.828 [00001b78] --- i1: InterfaceProc1
04.06.2019 15:49:03.829 [00001b78] --- DXGI dll=a1720000
04.06.2019 15:49:03.857 [00001b78] --- DirectX DXGI API CreateDXGIFactory detected 1
04.06.2019 15:49:03.884 [00001b78] --- DirectX DXGI API CreateDXGIFactory1 detected 1
04.06.2019 15:49:03.913 [00001b78] --- DirectX DXGI API CreateDXGIFactory2 detected 1
04.06.2019 15:49:03.913 [00001b78] --- DirectX DXGI API detected
04.06.2019 15:49:03.914 [00001b78] --- DirectX D3D12 API detected hd3d12=9a880000
04.06.2019 15:49:03.942 [00001b78] --- DirectX D3D12 API detected 1
04.06.2019 15:49:03.942 [00001b78] --- hookOpenGL
04.06.2019 15:49:04.136 [00001b78] --- OpenGL API detected
04.06.2019 15:56:01.380 [00001b78] --- PROCESS DETACH
