05.06.2019 10:43:55.420 [000020b0] ??? OSM handle == NULL error=2
05.06.2019 10:43:55.420 [000020b0] ^^^ SC trying session1
--- [2]
05.06.2019 10:43:55.420 [000020b0] --- App --- Immersive Display PRO v3.0.5 (01.01.2019)
05.06.2019 10:43:55.420 [000020b0] --- OS 6:2 Microsoft Windows 8 Professional (build 9200), 64-bit 7(0) 8(1) 8.1(0) 10(0)
05.06.2019 10:43:55.420 [000020b0] --- Process32 C:\Program Files (x86)\Intel\Intel(R) Management Engine Components\LMS\LMS.exe
05.06.2019 10:43:55.420 [000020b0] --- CmdLine ["C:\Program Files (x86)\Intel\Intel(R) Management Engine Components\LMS\LMS.exe"]
05.06.2019 10:43:55.420 [000020b0] --- Enumerating displays ...
05.06.2019 10:43:55.420 [000020b0] --- SM_CMONITORS         = 1
05.06.2019 10:43:55.420 [000020b0] --- SM_SAMEDISPLAYFORMAT = 1
05.06.2019 10:43:55.420 [000020b0] --- SM_XVIRTUALSCREEN    = 0
05.06.2019 10:43:55.420 [000020b0] --- SM_YVIRTUALSCREEN    = 0
05.06.2019 10:43:55.420 [000020b0] --- SM_CXVIRTUALSCREEN   = 1024
05.06.2019 10:43:55.420 [000020b0] --- SM_CYVIRTUALSCREEN   = 768
05.06.2019 10:43:55.420 [000020b0] --- SM_CXCURSOR          = 32
05.06.2019 10:43:55.420 [000020b0] ??? No displays enumerated. Retry later
05.06.2019 10:43:55.420 [000020b0] --- hookD3D9
05.06.2019 10:43:55.420 [000020b0] --- DirectX9 dll=711a0000
05.06.2019 10:43:55.467 [000020b0] --- DirectX9 API detected
05.06.2019 10:43:55.467 [000020b0] --- DirectX9Ex API detected
05.06.2019 10:43:55.467 [000020b0] --- i1: InterfaceProc1
05.06.2019 10:43:55.467 [000020b0] --- DXGI dll=72140000
05.06.2019 10:43:55.483 [000020b0] --- DirectX DXGI API CreateDXGIFactory detected 1
05.06.2019 10:43:55.498 [000020b0] --- DirectX DXGI API CreateDXGIFactory1 detected 1
05.06.2019 10:43:55.530 [000020b0] --- DirectX DXGI API CreateDXGIFactory2 detected 1
05.06.2019 10:43:55.530 [000020b0] --- DirectX DXGI API detected
05.06.2019 10:43:55.530 [000020b0] --- DirectX D3D12 API detected hd3d12=71f40000
05.06.2019 10:43:55.545 [000020b0] --- DirectX D3D12 API detected 1
05.06.2019 10:43:55.545 [000020b0] --- hookOpenGL
05.06.2019 10:43:55.701 [000020b0] --- OpenGL API detected
