04.06.2019 15:06:36.896 [000001ec] --- App --- Immersive Display PRO v3.0.5 (01.01.2019)
04.06.2019 15:06:36.896 [000001ec] --- OS 6:2 Microsoft Windows 8 Professional (build 9200), 64-bit 7(0) 8(1) 8.1(0) 10(0)
04.06.2019 15:06:36.896 [000001ec] --- Process64 C:\Program Files\FARO\SCENE LT\SCENE LT.exe
04.06.2019 15:06:36.896 [000001ec] --- CmdLine ["C:\Program Files\FARO\SCENE LT\SCENE LT.exe" ]
04.06.2019 15:06:36.896 [000001ec] --- Enumerating displays ...
04.06.2019 15:06:36.896 [000001ec] --- Device N[\\.\DISPLAY1] S[Radeon RX 580 Series] M[Generic PnP Monitor] F[desktop primary ]
04.06.2019 15:06:36.897 [000001ec] --- Device N[\\.\DISPLAY2] S[Radeon RX 580 Series] M[] F[]
04.06.2019 15:06:36.898 [000001ec] --- Device N[\\.\DISPLAY3] S[Radeon RX 580 Series] M[] F[]
04.06.2019 15:06:36.898 [000001ec] --- Device N[\\.\DISPLAY4] S[Radeon RX 580 Series] M[] F[]
04.06.2019 15:06:36.899 [000001ec] --- Device N[\\.\DISPLAY5] S[Radeon RX 580 Series] M[] F[]
04.06.2019 15:06:36.899 [000001ec] --- Device N[\\.\DISPLAY6] S[Radeon RX 580 Series] M[] F[]
04.06.2019 15:06:36.900 [000001ec] --- Device N[\\.\DISPLAY7] S[Radeon RX 580 Series] M[] F[]
04.06.2019 15:06:36.900 [000001ec] --- Device N[\\.\DISPLAY8] S[Radeon RX 580 Series] M[] F[]
04.06.2019 15:06:36.900 [000001ec] --- SM_CMONITORS         = 1
04.06.2019 15:06:36.900 [000001ec] --- SM_SAMEDISPLAYFORMAT = 1
04.06.2019 15:06:36.900 [000001ec] --- SM_XVIRTUALSCREEN    = 0
04.06.2019 15:06:36.900 [000001ec] --- SM_YVIRTUALSCREEN    = 0
04.06.2019 15:06:36.900 [000001ec] --- SM_CXVIRTUALSCREEN   = 3840
04.06.2019 15:06:36.900 [000001ec] --- SM_CYVIRTUALSCREEN   = 1200
04.06.2019 15:06:36.900 [000001ec] --- SM_CXCURSOR          = 32
04.06.2019 15:06:36.903 [000001ec] --- [\\.\DISPLAY1] [Radeon RX 580 Series] [MONITOR\ADVEF2D\{4d36e96e-e325-11ce-bfc1-08002be10318}\0013] [Generic PnP Monitor]
04.06.2019 15:06:36.903 [000001ec] --- Enumerated 1 displays
04.06.2019 15:06:36.903 [000001ec] --- Displays initialized
04.06.2019 15:06:36.903 [000001ec] --- Displays[0] M[00010001] HDC[3b011371] GDC[5f0106fd] L=0 T=0 R=3840 B=1200 RECT[0,0 3840x1200] N[\\.\DISPLAY1] M[Generic PnP Monitor] F[1] PROJ[2x1] MAPS[2]
04.06.2019 15:06:36.903 [000001ec] ---    Grouping G[0] N[0] GD[]
04.06.2019 15:06:36.903 [000001ec] --- ---
04.06.2019 15:06:36.903 [000001ec] --- hookD3D9
04.06.2019 15:06:36.904 [000001ec] --- DirectX9 dll=56cb0000
04.06.2019 15:06:36.941 [000001ec] --- DirectX9 API detected
04.06.2019 15:06:36.941 [000001ec] --- DirectX9Ex API detected
04.06.2019 15:06:36.941 [000001ec] --- i1: InterfaceProc1
04.06.2019 15:06:36.941 [000001ec] --- interfaceFunc1 [\\.\DISPLAY1] totalMaps=2
04.06.2019 15:06:36.942 [000001ec] --- DXGI dll=7ce30000
04.06.2019 15:06:36.960 [000001ec] --- DirectX DXGI API CreateDXGIFactory detected 1
04.06.2019 15:06:36.979 [000001ec] --- DirectX DXGI API CreateDXGIFactory1 detected 1
04.06.2019 15:06:36.997 [000001ec] --- DirectX DXGI API CreateDXGIFactory2 detected 1
04.06.2019 15:06:36.997 [000001ec] --- DirectX DXGI API detected
04.06.2019 15:06:36.998 [000001ec] --- DirectX D3D12 API detected hd3d12=75c40000
04.06.2019 15:06:37.016 [000001ec] --- DirectX D3D12 API detected 1
04.06.2019 15:06:37.016 [000001ec] --- hookOpenGL
04.06.2019 15:06:37.145 [000001ec] --- OpenGL API detected
04.06.2019 15:06:37.849 [000001ec] --- wglCreateLayerContext hdc=dd010931 iLayerPlane=0 hglrc=00010000
04.06.2019 15:06:37.850 [000001ec] --- WWW H[000906cc] C[dummyGLContext] W[extension initializer] T[000001ec] M[00010001] R[119,26 320x240] CR[0,0 300x197]
04.06.2019 15:06:37.850 [000001ec] --- OpenGLWarpContext[1c678040] HDC=dd010931 GLRC=00010000 HWND=000906cc isFullscreen=0
04.06.2019 15:06:37.857 [000001ec] --- wglDeleteContext 00010000
04.06.2019 15:06:37.857 [000001ec] --- ~BaseWarpContext[1c678040]
04.06.2019 15:08:02.087 [00002298] --- wglCreateLayerContext hdc=68010d9e iLayerPlane=0 hglrc=00020000
04.06.2019 15:08:02.087 [00002298] --- WWW H[002b0572] C[Afx:0000000140000000:2b] W[] T[000001ec] M[00010001] R[382,297 3002x773] CR[0,0 3002x773]
04.06.2019 15:08:02.087 [00002298] --- PPP H[00230458] C[Afx:ControlBar:40000000:8:10003:10] W[???????...] T[000001ec] M[00010001] R[382,297 3002x773] CR[0,0 3002x773]
04.06.2019 15:08:02.087 [00002298] --- PPP H[000f0674] C[Afx:0000000140000000:8:0000000000000000:0000000000000010:0000000000710953] W[???????...] T[000001ec] M[00010001] R[382,297 3002x773] CR[0,0 3002x773]
04.06.2019 15:08:02.087 [00002298] --- PPP H[0005077e] C[MDIClient] W[] T[000001ec] M[00010001] R[379,275 3008x798] CR[0,0 3008x798]
04.06.2019 15:08:02.087 [00002298] --- PPP H[000a06c0] C[Afx:0000000140000000:8:0000000000010003:0000000000000000:0000000000210687] W[DefaultProject* - SCENE LT 2019.0.1.1653] T[000001ec] M[00010001] R[117,140 3278x960] CR[0,0 3262x921]
04.06.2019 15:08:02.087 [00002298] --- OpenGLWarpContext[1e7dc040] HDC=68010d9e GLRC=00020000 HWND=002b0572 isFullscreen=0
04.06.2019 15:08:02.697 [00002298] --- UPP[1e7dc040] CHANGE Projector configuration for display(0) 0x0 -> 2x1 
04.06.2019 15:08:02.697 [00002298] --- UPP[1e7dc040] CHANGE WindowsWarping 1
04.06.2019 15:08:02.697 [00002298] --- UPP[1e7dc040] CHANGE DesktopWarping 1
04.06.2019 15:08:02.697 [00002298] --- UPP[1e7dc040] CHANGE HWND[002b0572] Window rect changed 0,0 0x0 -> 382,297 3002x773
04.06.2019 15:08:02.697 [00002298] --- UPP[1e7dc040] CHANGE HWND[002b0572] Client rect changed 0,0 0x0 -> 0,0 3002x773
04.06.2019 15:08:02.697 [00002298] --- UPP[1e7dc040] CHANGE HWND[002b0572] Monitor changed 00000000 -> 00010001 
04.06.2019 15:08:02.697 [00002298] --- UPP[00000000] RECREATE
04.06.2019 15:08:02.697 [00002298] --- UPP[1e7dc040] SKIP (DWMRunning(1) or NOT WindowWarping(1))
04.06.2019 15:10:20.498 [00002298] --- wglDeleteContext 00020000
04.06.2019 15:10:20.498 [00002298] --- ~BaseWarpContext[1e7dc040]
04.06.2019 15:10:22.467 [000001ec] --- PROCESS DETACH
