05.06.2019 11:56:29.755 [000022dc] --- App --- Immersive Display PRO v3.0.5 (01.01.2019)
05.06.2019 11:56:29.755 [000022dc] --- OS 6:2 Microsoft Windows 8 Professional (build 9200), 64-bit 7(0) 8(1) 8.1(0) 10(0)
05.06.2019 11:56:29.755 [000022dc] --- Process64 C:\Users\own\scoop\apps\git\2.21.0.windows.1\mingw64\bin\git.exe
05.06.2019 11:56:29.755 [000022dc] --- CmdLine [git.exe  add Flyput_Live\Flyput_Boch_Live_Data\localSetting.xml]
05.06.2019 11:56:29.755 [000022dc] --- Enumerating displays ...
05.06.2019 11:56:29.756 [000022dc] --- Device N[\\.\DISPLAY1] S[Radeon RX 580 Series] M[Generic PnP Monitor] F[desktop primary ]
05.06.2019 11:56:29.757 [000022dc] --- Device N[\\.\DISPLAY2] S[Radeon RX 580 Series] M[] F[]
05.06.2019 11:56:29.757 [000022dc] --- Device N[\\.\DISPLAY3] S[Radeon RX 580 Series] M[] F[]
05.06.2019 11:56:29.758 [000022dc] --- Device N[\\.\DISPLAY4] S[Radeon RX 580 Series] M[] F[]
05.06.2019 11:56:29.758 [000022dc] --- Device N[\\.\DISPLAY5] S[Radeon RX 580 Series] M[] F[]
05.06.2019 11:56:29.759 [000022dc] --- Device N[\\.\DISPLAY6] S[Radeon RX 580 Series] M[] F[]
05.06.2019 11:56:29.759 [000022dc] --- Device N[\\.\DISPLAY7] S[Radeon RX 580 Series] M[] F[]
05.06.2019 11:56:29.760 [000022dc] --- Device N[\\.\DISPLAY8] S[Radeon RX 580 Series] M[] F[]
05.06.2019 11:56:29.760 [000022dc] --- SM_CMONITORS         = 1
05.06.2019 11:56:29.760 [000022dc] --- SM_SAMEDISPLAYFORMAT = 1
05.06.2019 11:56:29.760 [000022dc] --- SM_XVIRTUALSCREEN    = 0
05.06.2019 11:56:29.760 [000022dc] --- SM_YVIRTUALSCREEN    = 0
05.06.2019 11:56:29.760 [000022dc] --- SM_CXVIRTUALSCREEN   = 3840
05.06.2019 11:56:29.760 [000022dc] --- SM_CYVIRTUALSCREEN   = 1200
05.06.2019 11:56:29.760 [000022dc] --- SM_CXCURSOR          = 32
05.06.2019 11:56:29.763 [000022dc] --- [\\.\DISPLAY1] [Radeon RX 580 Series] [MONITOR\ADVEF2D\{4d36e96e-e325-11ce-bfc1-08002be10318}\0017] [Generic PnP Monitor]
05.06.2019 11:56:29.763 [000022dc] --- Enumerated 1 displays
05.06.2019 11:56:29.763 [000022dc] --- Displays initialized
05.06.2019 11:56:29.763 [000022dc] --- Displays[0] M[00010001] HDC[89010fb7] GDC[b9010e68] L=0 T=0 R=3840 B=1200 RECT[0,0 3840x1200] N[\\.\DISPLAY1] M[Generic PnP Monitor] F[1] PROJ[2x1] MAPS[2]
05.06.2019 11:56:29.763 [000022dc] ---    Grouping G[0] N[0] GD[]
05.06.2019 11:56:29.763 [000022dc] --- ---
05.06.2019 11:56:29.763 [000022dc] --- hookD3D9
05.06.2019 11:56:29.764 [000022dc] --- DirectX9 dll=670a0000
05.06.2019 11:56:29.820 [000022dc] --- DirectX9 API detected
05.06.2019 11:56:29.820 [000022dc] --- DirectX9Ex API detected
05.06.2019 11:56:29.820 [000022dc] --- i1: InterfaceProc1
05.06.2019 11:56:29.820 [000022dc] --- interfaceFunc1 [\\.\DISPLAY1] totalMaps=2
05.06.2019 11:56:29.820 [000022dc] --- DXGI dll=95b60000
05.06.2019 11:56:29.848 [000022dc] --- DirectX DXGI API CreateDXGIFactory detected 1
05.06.2019 11:56:29.876 [000022dc] --- DirectX DXGI API CreateDXGIFactory1 detected 1
05.06.2019 11:56:29.904 [000022dc] --- DirectX DXGI API CreateDXGIFactory2 detected 1
05.06.2019 11:56:29.904 [000022dc] --- DirectX DXGI API detected
05.06.2019 11:56:29.905 [000022dc] --- DirectX D3D12 API detected hd3d12=8f360000
05.06.2019 11:56:29.933 [000022dc] --- DirectX D3D12 API detected 1
05.06.2019 11:56:29.933 [000022dc] --- hookOpenGL
05.06.2019 11:56:30.129 [000022dc] --- OpenGL API detected
05.06.2019 11:56:30.187 [000022dc] --- PROCESS DETACH
